2025-09-15 00:08:16,685 - INFO - Epoch 0, Train loss: 1.6170538663864136
2025-09-15 00:08:18,423 - INFO - mIoU: 0.1244; OA: 0.2771; AA: 0.3099; F1: 0.2089; Kappa: 0.0869;
2025-09-15 00:08:18,424 - INFO - spatial_LccAccuracy: 0.0; spatial_PA: 0.5; spatial_UA: 0.6464; spatial_F1: 0.5638
2025-09-15 00:08:18,424 - INFO - temporal_CdAccuracy: 0.0; temporal_PA: 0.6194; temporal_UA: 0.5172; temporal_F1: 0.5637
2025-09-15 00:08:18,424 - INFO - Confusion Matrix
 [20072.	34834.	37471.	 9169.	18488.]
 [ 6867.	33925.	25382.	 7335.	15213.]
 [  109.	 1679.	 1421.	  658.	  313.]
 [  288.	  845.	  471.	  355.	  313.]
 [ 2096.	 3643.	 2430.	  263.	 8560.]
2025-09-15 00:08:18,486 - INFO - Epoch 0 saved.
2025-09-15 00:08:18,486 - INFO - model saved 1 times, last saved epoch: 0.

2025-09-15 00:08:20,840 - INFO - Epoch 1, Train loss: 1.4088506698608398
2025-09-15 00:08:22,757 - INFO - mIoU: 0.1769; OA: 0.5515; AA: 0.2709; F1: 0.2576; Kappa: 0.2251;
2025-09-15 00:08:22,757 - INFO - spatial_LccAccuracy: 0.0509; spatial_PA: 0.5006; spatial_UA: 0.8965; spatial_F1: 0.6425
2025-09-15 00:08:22,758 - INFO - temporal_CdAccuracy: 0.0005; temporal_PA: 0.5451; temporal_UA: 0.512; temporal_F1: 0.5281
2025-09-15 00:08:22,758 - INFO - Confusion Matrix
 [53792.	64406.	  385.	    4.	 1447.]
 [13761.	73407.	  621.	  351.	  582.]
 [  939.	 2973.	  156.	   82.	   30.]
 [  970.	 1230.	   66.	    1.	    5.]
 [ 8888.	 7355.	   39.	   10.	  700.]
2025-09-15 00:08:22,834 - INFO - Epoch 1 saved.
2025-09-15 00:08:22,834 - INFO - model saved 2 times, last saved epoch: 1.

2025-09-15 00:08:25,607 - INFO - Epoch 2, Train loss: 0.7791512608528137
2025-09-15 00:08:27,577 - INFO - mIoU: 0.3506; OA: 0.801; AA: 0.4108; F1: 0.7223; Kappa: 0.6333;
2025-09-15 00:08:27,577 - INFO - spatial_LccAccuracy: 0.2561; spatial_PA: 0.482; spatial_UA: 0.4247; spatial_F1: 0.4515
2025-09-15 00:08:27,577 - INFO - temporal_CdAccuracy: 0.0475; temporal_PA: 0.5836; temporal_UA: 0.5532; temporal_F1: 0.568
2025-09-15 00:08:27,578 - INFO - Confusion Matrix
 [110525.	  9489.	    17.	     0.	     3.]
 [ 19206.	 69516.	     0.	     0.	     0.]
 [  1494.	  2686.	     0.	     0.	     0.]
 [  1899.	   373.	     0.	     0.	     0.]
 [  9796.	  1249.	     5.	     0.	  5942.]
2025-09-15 00:08:27,660 - INFO - Epoch 2 saved.
2025-09-15 00:08:27,661 - INFO - model saved 3 times, last saved epoch: 2.

2025-09-15 00:08:30,480 - INFO - Epoch 3, Train loss: 0.47089818120002747
2025-09-15 00:08:32,039 - INFO - mIoU: 0.5001; OA: 0.8944; AA: 0.5383; F1: 0.6823; Kappa: 0.812;
2025-09-15 00:08:32,039 - INFO - spatial_LccAccuracy: 0.4703; spatial_PA: 0.7514; spatial_UA: 0.7699; spatial_F1: 0.7606
2025-09-15 00:08:32,039 - INFO - temporal_CdAccuracy: 0.255; temporal_PA: 0.6245; temporal_UA: 0.6328; temporal_F1: 0.6287
2025-09-15 00:08:32,039 - INFO - Confusion Matrix
 [114928.	  5106.	     0.	     0.	     0.]
 [ 10407.	 78315.	     0.	     0.	     0.]
 [  1124.	  3047.	     6.	     0.	     3.]
 [  1923.	   349.	     0.	     0.	     0.]
 [  1967.	   583.	     0.	     0.	 14442.]
2025-09-15 00:08:32,102 - INFO - Epoch 3 saved.
2025-09-15 00:08:32,103 - INFO - model saved 4 times, last saved epoch: 3.

2025-09-15 00:08:34,872 - INFO - Epoch 4, Train loss: 0.30073443055152893
2025-09-15 00:08:36,987 - INFO - mIoU: 0.5763; OA: 0.9179; AA: 0.6086; F1: 0.6428; Kappa: 0.8554;
2025-09-15 00:08:36,988 - INFO - spatial_LccAccuracy: 0.5713; spatial_PA: 0.9027; spatial_UA: 0.8362; spatial_F1: 0.8682
2025-09-15 00:08:36,988 - INFO - temporal_CdAccuracy: 0.3946; temporal_PA: 0.6606; temporal_UA: 0.6899; temporal_F1: 0.6749
2025-09-15 00:08:36,988 - INFO - Confusion Matrix
 [114968.	  5065.	     0.	     1.	     0.]
 [  6971.	 81749.	     1.	     0.	     1.]
 [   600.	  2431.	  1066.	    22.	    61.]
 [  1352.	   908.	     0.	    12.	     0.]
 [  1195.	   447.	     0.	     0.	 15350.]
2025-09-15 00:08:37,057 - INFO - Epoch 4 saved.
2025-09-15 00:08:37,057 - INFO - model saved 5 times, last saved epoch: 4.

2025-09-15 00:08:39,773 - INFO - Epoch 5, Train loss: 0.2197374552488327
2025-09-15 00:08:41,508 - INFO - mIoU: 0.6804; OA: 0.9331; AA: 0.71; F1: 0.7584; Kappa: 0.8835;
2025-09-15 00:08:41,508 - INFO - spatial_LccAccuracy: 0.6152; spatial_PA: 0.9343; spatial_UA: 0.8842; spatial_F1: 0.9086
2025-09-15 00:08:41,508 - INFO - temporal_CdAccuracy: 0.4496; temporal_PA: 0.7219; temporal_UA: 0.7484; temporal_F1: 0.7349
2025-09-15 00:08:41,508 - INFO - Confusion Matrix
 [112790.	  7216.	    11.	    12.	     5.]
 [  3176.	 85497.	    29.	     3.	    17.]
 [    28.	  1546.	  2585.	     9.	    12.]
 [   784.	  1227.	     0.	   261.	     0.]
 [   976.	   492.	     1.	     0.	 15523.]
2025-09-15 00:08:41,594 - INFO - Epoch 5 saved.
2025-09-15 00:08:41,595 - INFO - model saved 6 times, last saved epoch: 5.

2025-09-15 00:08:44,446 - INFO - Epoch 6, Train loss: 0.17124705016613007
2025-09-15 00:08:46,076 - INFO - mIoU: 0.7834; OA: 0.9489; AA: 0.8137; F1: 0.8651; Kappa: 0.9112;
2025-09-15 00:08:46,076 - INFO - spatial_LccAccuracy: 0.6747; spatial_PA: 0.93; spatial_UA: 0.8822; spatial_F1: 0.9055
2025-09-15 00:08:46,076 - INFO - temporal_CdAccuracy: 0.5106; temporal_PA: 0.7805; temporal_UA: 0.7906; temporal_F1: 0.7855
2025-09-15 00:08:46,077 - INFO - Confusion Matrix
 [115952.	  4006.	    25.	    18.	    33.]
 [  4145.	 84302.	   127.	    47.	   101.]
 [    50.	   940.	  3175.	     9.	     6.]
 [   724.	   502.	     1.	  1045.	     0.]
 [   772.	   365.	     3.	     0.	 15852.]
2025-09-15 00:08:46,155 - INFO - Epoch 6 saved.
2025-09-15 00:08:46,156 - INFO - model saved 7 times, last saved epoch: 6.

2025-09-15 00:08:48,859 - INFO - Epoch 7, Train loss: 0.1398310512304306
2025-09-15 00:08:50,933 - INFO - mIoU: 0.8222; OA: 0.9537; AA: 0.8567; F1: 0.8956; Kappa: 0.9201;
2025-09-15 00:08:50,933 - INFO - spatial_LccAccuracy: 0.722; spatial_PA: 0.9383; spatial_UA: 0.9047; spatial_F1: 0.9212
2025-09-15 00:08:50,933 - INFO - temporal_CdAccuracy: 0.5599; temporal_PA: 0.7998; temporal_UA: 0.8182; temporal_F1: 0.8089
2025-09-15 00:08:50,934 - INFO - Confusion Matrix
 [114822.	  5047.	    23.	    38.	   104.]
 [  2578.	 85762.	   125.	    97.	   160.]
 [     7.	   817.	  3353.	     2.	     1.]
 [   448.	   441.	     1.	  1382.	     0.]
 [   463.	   389.	     4.	     0.	 16136.]
2025-09-15 00:08:51,000 - INFO - Epoch 7 saved.
2025-09-15 00:08:51,001 - INFO - model saved 8 times, last saved epoch: 7.

2025-09-15 00:08:53,756 - INFO - Epoch 8, Train loss: 0.11737962812185287
2025-09-15 00:08:55,718 - INFO - mIoU: 0.8586; OA: 0.9617; AA: 0.8944; F1: 0.9204; Kappa: 0.9338;
2025-09-15 00:08:55,719 - INFO - spatial_LccAccuracy: 0.7667; spatial_PA: 0.9383; spatial_UA: 0.9177; spatial_F1: 0.9279
2025-09-15 00:08:55,719 - INFO - temporal_CdAccuracy: 0.624; temporal_PA: 0.8459; temporal_UA: 0.8548; temporal_F1: 0.8503
2025-09-15 00:08:55,719 - INFO - Confusion Matrix
 [116742.	  3183.	     8.	    55.	    46.]
 [  3195.	 85077.	   186.	   124.	   140.]
 [    26.	   561.	  3592.	     1.	     0.]
 [   383.	   238.	     3.	  1648.	     0.]
 [   380.	   364.	     5.	     0.	 16243.]
2025-09-15 00:08:55,794 - INFO - Epoch 8 saved.
2025-09-15 00:08:55,795 - INFO - model saved 9 times, last saved epoch: 8.

2025-09-15 00:08:58,370 - INFO - Epoch 9, Train loss: 0.10269177705049515
2025-09-15 00:09:00,263 - INFO - mIoU: 0.8764; OA: 0.9653; AA: 0.9228; F1: 0.932; Kappa: 0.9402;
2025-09-15 00:09:00,263 - INFO - spatial_LccAccuracy: 0.7987; spatial_PA: 0.9493; spatial_UA: 0.9587; spatial_F1: 0.954
2025-09-15 00:09:00,263 - INFO - temporal_CdAccuracy: 0.6465; temporal_PA: 0.8775; temporal_UA: 0.8671; temporal_F1: 0.8722
2025-09-15 00:09:00,264 - INFO - Confusion Matrix
 [117301.	  2544.	     8.	   110.	    71.]
 [  3193.	 84890.	   189.	   228.	   222.]
 [    25.	   511.	  3641.	     3.	     0.]
 [   206.	   150.	     0.	  1916.	     0.]
 [   330.	   256.	     2.	     0.	 16404.]
2025-09-15 00:09:00,326 - INFO - Epoch 9 saved.
2025-09-15 00:09:00,327 - INFO - model saved 10 times, last saved epoch: 9.

2025-09-15 00:09:03,008 - INFO - Epoch 10, Train loss: 0.08965334296226501
2025-09-15 00:09:04,772 - INFO - mIoU: 0.8861; OA: 0.9661; AA: 0.9246; F1: 0.938; Kappa: 0.9416;
2025-09-15 00:09:04,772 - INFO - spatial_LccAccuracy: 0.8041; spatial_PA: 0.9641; spatial_UA: 0.9586; spatial_F1: 0.9613
2025-09-15 00:09:04,772 - INFO - temporal_CdAccuracy: 0.6514; temporal_PA: 0.8744; temporal_UA: 0.8671; temporal_F1: 0.8707
2025-09-15 00:09:04,772 - INFO - Confusion Matrix
 [115831.	  4128.	     3.	    44.	    28.]
 [  1705.	 86544.	   157.	   196.	   120.]
 [    20.	   503.	  3656.	     1.	     0.]
 [   239.	   116.	     0.	  1917.	     0.]
 [   267.	   344.	     1.	     0.	 16380.]
2025-09-15 00:09:04,835 - INFO - Epoch 10 saved.
2025-09-15 00:09:04,836 - INFO - model saved 11 times, last saved epoch: 10.

2025-09-15 00:09:07,361 - INFO - Epoch 11, Train loss: 0.08041554689407349
2025-09-15 00:09:09,101 - INFO - mIoU: 0.8889; OA: 0.9655; AA: 0.9314; F1: 0.9398; Kappa: 0.9403;
2025-09-15 00:09:09,101 - INFO - spatial_LccAccuracy: 0.8233; spatial_PA: 0.9326; spatial_UA: 0.9723; spatial_F1: 0.952
2025-09-15 00:09:09,101 - INFO - temporal_CdAccuracy: 0.6452; temporal_PA: 0.8843; temporal_UA: 0.8682; temporal_F1: 0.8762
2025-09-15 00:09:09,101 - INFO - Confusion Matrix
 [118562.	  1371.	     1.	    88.	    12.]
 [  4713.	 83412.	   174.	   206.	   217.]
 [    28.	   505.	  3647.	     0.	     0.]
 [   125.	   143.	     0.	  2004.	     0.]
 [   215.	   218.	     0.	     0.	 16559.]
2025-09-15 00:09:09,163 - INFO - Epoch 11 saved.
2025-09-15 00:09:09,164 - INFO - model saved 12 times, last saved epoch: 11.

2025-09-15 00:09:11,675 - INFO - Epoch 12, Train loss: 0.07362910360097885
2025-09-15 00:09:13,454 - INFO - mIoU: 0.9014; OA: 0.9696; AA: 0.9365; F1: 0.9472; Kappa: 0.9475;
2025-09-15 00:09:13,454 - INFO - spatial_LccAccuracy: 0.8351; spatial_PA: 0.9463; spatial_UA: 0.9786; spatial_F1: 0.9622
2025-09-15 00:09:13,455 - INFO - temporal_CdAccuracy: 0.668; temporal_PA: 0.9038; temporal_UA: 0.8839; temporal_F1: 0.8938
2025-09-15 00:09:13,456 - INFO - Confusion Matrix
 [118107.	  1871.	     0.	    56.	     0.]
 [  3355.	 84989.	    94.	   197.	    87.]
 [    21.	   564.	  3595.	     0.	     0.]
 [    94.	    94.	     0.	  2084.	     0.]
 [   289.	   332.	     0.	     0.	 16371.]
2025-09-15 00:09:13,536 - INFO - Epoch 12 saved.
2025-09-15 00:09:13,536 - INFO - model saved 13 times, last saved epoch: 12.

2025-09-15 00:09:16,088 - INFO - Epoch 13, Train loss: 0.06595022976398468
2025-09-15 00:09:18,018 - INFO - mIoU: 0.9135; OA: 0.974; AA: 0.9541; F1: 0.954; Kappa: 0.9552;
2025-09-15 00:09:18,018 - INFO - spatial_LccAccuracy: 0.8618; spatial_PA: 0.9706; spatial_UA: 0.9827; spatial_F1: 0.9766
2025-09-15 00:09:18,018 - INFO - temporal_CdAccuracy: 0.6956; temporal_PA: 0.9151; temporal_UA: 0.9067; temporal_F1: 0.9109
2025-09-15 00:09:18,018 - INFO - Confusion Matrix
 [117762.	  2200.	     3.	    65.	     4.]
 [  2295.	 85855.	   170.	   218.	   184.]
 [    22.	   438.	  3719.	     1.	     0.]
 [    68.	    41.	     1.	  2162.	     0.]
 [    98.	   234.	     1.	     0.	 16659.]
2025-09-15 00:09:18,090 - INFO - Epoch 13 saved.
2025-09-15 00:09:18,090 - INFO - model saved 14 times, last saved epoch: 13.

2025-09-15 00:09:20,926 - INFO - Epoch 14, Train loss: 0.059514787048101425
2025-09-15 00:09:22,612 - INFO - mIoU: 0.9144; OA: 0.9728; AA: 0.9545; F1: 0.9545; Kappa: 0.9531;
2025-09-15 00:09:22,612 - INFO - spatial_LccAccuracy: 0.8589; spatial_PA: 0.9653; spatial_UA: 0.9849; spatial_F1: 0.975
2025-09-15 00:09:22,612 - INFO - temporal_CdAccuracy: 0.6793; temporal_PA: 0.9106; temporal_UA: 0.8924; temporal_F1: 0.9014
2025-09-15 00:09:22,613 - INFO - Confusion Matrix
 [118482.	  1492.	    12.	    41.	     7.]
 [  3323.	 84755.	   276.	   166.	   202.]
 [    20.	   364.	  3796.	     0.	     0.]
 [    38.	    94.	     8.	  2132.	     0.]
 [    48.	   225.	     1.	     0.	 16718.]
2025-09-15 00:09:23,371 - INFO - Epoch 14 saved.
2025-09-15 00:09:23,372 - INFO - model saved 15 times, last saved epoch: 14.

2025-09-15 00:09:26,161 - INFO - Epoch 15, Train loss: 0.054376281797885895
2025-09-15 00:09:27,936 - INFO - mIoU: 0.9231; OA: 0.9732; AA: 0.9494; F1: 0.9595; Kappa: 0.9539;
2025-09-15 00:09:27,936 - INFO - spatial_LccAccuracy: 0.8623; spatial_PA: 0.9818; spatial_UA: 0.9836; spatial_F1: 0.9827
2025-09-15 00:09:27,936 - INFO - temporal_CdAccuracy: 0.6855; temporal_PA: 0.9161; temporal_UA: 0.8958; temporal_F1: 0.9058
2025-09-15 00:09:27,937 - INFO - Confusion Matrix
 [116973.	  3044.	     1.	    12.	     4.]
 [  1825.	 86470.	   176.	    58.	   193.]
 [    21.	   415.	  3744.	     0.	     0.]
 [    95.	    84.	     4.	  2089.	     0.]
 [    83.	   206.	     1.	     0.	 16702.]
2025-09-15 00:09:28,024 - INFO - Epoch 15 saved.
2025-09-15 00:09:28,025 - INFO - model saved 16 times, last saved epoch: 15.

2025-09-15 00:09:30,796 - INFO - Epoch 16, Train loss: 0.05036529153585434
2025-09-15 00:09:32,264 - INFO - mIoU: 0.9262; OA: 0.9755; AA: 0.9549; F1: 0.9611; Kappa: 0.9577;
2025-09-15 00:09:32,264 - INFO - spatial_LccAccuracy: 0.8767; spatial_PA: 0.9697; spatial_UA: 0.9861; spatial_F1: 0.9778
2025-09-15 00:09:32,264 - INFO - temporal_CdAccuracy: 0.7008; temporal_PA: 0.9223; temporal_UA: 0.9046; temporal_F1: 0.9134
2025-09-15 00:09:32,265 - INFO - Confusion Matrix
 [118500.	  1513.	     0.	    21.	     0.]
 [  2845.	 85477.	   105.	   144.	   151.]
 [    32.	   483.	  3664.	     1.	     0.]
 [    54.	    22.	     0.	  2196.	     0.]
 [   111.	   212.	     0.	     0.	 16669.]
2025-09-15 00:09:32,329 - INFO - Epoch 16 saved.
2025-09-15 00:09:32,330 - INFO - model saved 17 times, last saved epoch: 16.

2025-09-15 00:09:34,714 - INFO - Epoch 17, Train loss: 0.04903125762939453
2025-09-15 00:09:36,462 - INFO - mIoU: 0.9173; OA: 0.9685; AA: 0.9406; F1: 0.9563; Kappa: 0.9459;
2025-09-15 00:09:36,462 - INFO - spatial_LccAccuracy: 0.8447; spatial_PA: 0.9838; spatial_UA: 0.9802; spatial_F1: 0.982
2025-09-15 00:09:36,462 - INFO - temporal_CdAccuracy: 0.6767; temporal_PA: 0.9006; temporal_UA: 0.8865; temporal_F1: 0.8935
2025-09-15 00:09:36,463 - INFO - Confusion Matrix
 [114691.	  5299.	    11.	    31.	     2.]
 [   706.	 87810.	    81.	    20.	   105.]
 [     8.	   528.	  3644.	     0.	     0.]
 [    46.	   173.	     0.	  2053.	     0.]
 [    48.	   254.	     0.	     0.	 16690.]
2025-09-15 00:09:36,463 - INFO - model saved 17 times, last saved epoch: 16.

2025-09-15 00:09:39,278 - INFO - Epoch 18, Train loss: 0.044158533215522766
2025-09-15 00:09:40,919 - INFO - mIoU: 0.9298; OA: 0.974; AA: 0.9525; F1: 0.9632; Kappa: 0.9553;
2025-09-15 00:09:40,919 - INFO - spatial_LccAccuracy: 0.8718; spatial_PA: 0.9758; spatial_UA: 0.9895; spatial_F1: 0.9826
2025-09-15 00:09:40,919 - INFO - temporal_CdAccuracy: 0.692; temporal_PA: 0.9122; temporal_UA: 0.9009; temporal_F1: 0.9065
2025-09-15 00:09:40,920 - INFO - Confusion Matrix
 [116428.	  3555.	    12.	    38.	     1.]
 [  1238.	 87279.	   134.	    18.	    53.]
 [     6.	   457.	  3717.	     0.	     0.]
 [    14.	   116.	     0.	  2142.	     0.]
 [    39.	   352.	     1.	     0.	 16600.]
2025-09-15 00:09:40,991 - INFO - Epoch 18 saved.
2025-09-15 00:09:40,992 - INFO - model saved 18 times, last saved epoch: 18.

2025-09-15 00:09:43,470 - INFO - Epoch 19, Train loss: 0.03791569918394089
2025-09-15 00:09:45,309 - INFO - mIoU: 0.9338; OA: 0.9758; AA: 0.9684; F1: 0.9653; Kappa: 0.9583;
2025-09-15 00:09:45,309 - INFO - spatial_LccAccuracy: 0.8866; spatial_PA: 0.9817; spatial_UA: 0.9875; spatial_F1: 0.9846
2025-09-15 00:09:45,309 - INFO - temporal_CdAccuracy: 0.7034; temporal_PA: 0.9303; temporal_UA: 0.9002; temporal_F1: 0.915
2025-09-15 00:09:45,309 - INFO - Confusion Matrix
 [118544.	  1465.	     6.	    13.	     6.]
 [  2954.	 85119.	   331.	   100.	   218.]
 [    18.	   278.	  3884.	     0.	     0.]
 [    43.	    11.	     0.	  2218.	     0.]
 [    35.	   143.	     0.	     0.	 16814.]
2025-09-15 00:09:45,390 - INFO - Epoch 19 saved.
2025-09-15 00:09:45,390 - INFO - model saved 19 times, last saved epoch: 19.

2025-09-15 00:09:48,001 - INFO - Epoch 20, Train loss: 0.03613946959376335
2025-09-15 00:09:49,891 - INFO - mIoU: 0.928; OA: 0.9726; AA: 0.9557; F1: 0.9622; Kappa: 0.9527;
2025-09-15 00:09:49,892 - INFO - spatial_LccAccuracy: 0.8718; spatial_PA: 0.974; spatial_UA: 0.9849; spatial_F1: 0.9794
2025-09-15 00:09:49,892 - INFO - temporal_CdAccuracy: 0.691; temporal_PA: 0.916; temporal_UA: 0.8953; temporal_F1: 0.9056
2025-09-15 00:09:49,893 - INFO - Confusion Matrix
 [119320.	   697.	     1.	    14.	     2.]
 [  4271.	 84111.	   166.	   107.	    67.]
 [    36.	   419.	  3725.	     0.	     0.]
 [    43.	    12.	     0.	  2217.	     0.]
 [   301.	   216.	     0.	     0.	 16475.]
2025-09-15 00:09:49,894 - INFO - model saved 19 times, last saved epoch: 19.

2025-09-15 00:09:52,622 - INFO - Epoch 21, Train loss: 0.03458461910486221
2025-09-15 00:09:54,664 - INFO - mIoU: 0.9398; OA: 0.9773; AA: 0.9621; F1: 0.9686; Kappa: 0.9608;
2025-09-15 00:09:54,664 - INFO - spatial_LccAccuracy: 0.8855; spatial_PA: 0.9729; spatial_UA: 0.9852; spatial_F1: 0.979
2025-09-15 00:09:54,664 - INFO - temporal_CdAccuracy: 0.7227; temporal_PA: 0.9262; temporal_UA: 0.9191; temporal_F1: 0.9226
2025-09-15 00:09:54,665 - INFO - Confusion Matrix
 [118889.	  1133.	     2.	    10.	     0.]
 [  3069.	 85309.	   210.	    33.	   101.]
 [    26.	   330.	  3824.	     0.	     0.]
 [    54.	    38.	     0.	  2180.	     0.]
 [    33.	   234.	     0.	     0.	 16725.]
2025-09-15 00:09:54,753 - INFO - Epoch 21 saved.
2025-09-15 00:09:54,754 - INFO - model saved 20 times, last saved epoch: 21.

2025-09-15 00:09:57,397 - INFO - Epoch 22, Train loss: 0.031411509960889816
2025-09-15 00:09:59,116 - INFO - mIoU: 0.9437; OA: 0.9786; AA: 0.9644; F1: 0.9706; Kappa: 0.9632;
2025-09-15 00:09:59,116 - INFO - spatial_LccAccuracy: 0.8974; spatial_PA: 0.9839; spatial_UA: 0.9917; spatial_F1: 0.9878
2025-09-15 00:09:59,116 - INFO - temporal_CdAccuracy: 0.7269; temporal_PA: 0.9383; temporal_UA: 0.9237; temporal_F1: 0.9309
2025-09-15 00:09:59,117 - INFO - Confusion Matrix
 [117206.	  2803.	     3.	    21.	     1.]
 [  1121.	 87308.	   162.	    17.	   114.]
 [    10.	   381.	  3789.	     0.	     0.]
 [    14.	    53.	     0.	  2205.	     0.]
 [    25.	   237.	     0.	     0.	 16730.]
2025-09-15 00:09:59,178 - INFO - Epoch 22 saved.
2025-09-15 00:09:59,179 - INFO - model saved 21 times, last saved epoch: 22.

2025-09-15 00:10:01,526 - INFO - Epoch 23, Train loss: 0.028269832953810692
2025-09-15 00:10:03,220 - INFO - mIoU: 0.9411; OA: 0.9774; AA: 0.9645; F1: 0.9693; Kappa: 0.9611;
2025-09-15 00:10:03,220 - INFO - spatial_LccAccuracy: 0.8915; spatial_PA: 0.9764; spatial_UA: 0.9921; spatial_F1: 0.9842
2025-09-15 00:10:03,220 - INFO - temporal_CdAccuracy: 0.723; temporal_PA: 0.9296; temporal_UA: 0.9199; temporal_F1: 0.9247
2025-09-15 00:10:03,221 - INFO - Confusion Matrix
 [118839.	  1179.	     3.	    13.	     0.]
 [  2957.	 85452.	   168.	    65.	    80.]
 [    15.	   374.	  3791.	     0.	     0.]
 [    10.	    29.	     0.	  2233.	     0.]
 [    46.	   299.	     0.	     0.	 16647.]
2025-09-15 00:10:03,222 - INFO - model saved 21 times, last saved epoch: 22.

2025-09-15 00:10:05,773 - INFO - Epoch 24, Train loss: 0.027083320543169975
2025-09-15 00:10:07,412 - INFO - mIoU: 0.9485; OA: 0.9799; AA: 0.9719; F1: 0.9732; Kappa: 0.9654;
2025-09-15 00:10:07,412 - INFO - spatial_LccAccuracy: 0.9067; spatial_PA: 0.9858; spatial_UA: 0.9922; spatial_F1: 0.9889
2025-09-15 00:10:07,412 - INFO - temporal_CdAccuracy: 0.73; temporal_PA: 0.9451; temporal_UA: 0.9243; temporal_F1: 0.9346
2025-09-15 00:10:07,412 - INFO - Confusion Matrix
 [117640.	  2373.	     7.	    11.	     3.]
 [  1318.	 87043.	   232.	    33.	    96.]
 [     9.	   285.	  3886.	     0.	     0.]
 [    21.	    15.	     0.	  2236.	     0.]
 [    34.	   229.	     1.	     0.	 16728.]
2025-09-15 00:10:07,479 - INFO - Epoch 24 saved.
2025-09-15 00:10:07,480 - INFO - model saved 22 times, last saved epoch: 24.

2025-09-15 00:10:10,016 - INFO - Epoch 25, Train loss: 0.02540428750216961
2025-09-15 00:10:11,434 - INFO - mIoU: 0.9355; OA: 0.9758; AA: 0.9678; F1: 0.9663; Kappa: 0.9583;
2025-09-15 00:10:11,434 - INFO - spatial_LccAccuracy: 0.8765; spatial_PA: 0.9746; spatial_UA: 0.972; spatial_F1: 0.9733
2025-09-15 00:10:11,434 - INFO - temporal_CdAccuracy: 0.6948; temporal_PA: 0.9294; temporal_UA: 0.9053; temporal_F1: 0.9172
2025-09-15 00:10:11,434 - INFO - Confusion Matrix
 [118757.	  1264.	     2.	    10.	     1.]
 [  3195.	 84872.	   316.	    78.	   261.]
 [    21.	   247.	  3912.	     0.	     0.]
 [    78.	     0.	     0.	  2194.	     0.]
 [    44.	   104.	     0.	     0.	 16844.]
2025-09-15 00:10:11,435 - INFO - model saved 22 times, last saved epoch: 24.

2025-09-15 00:10:13,799 - INFO - Epoch 26, Train loss: 0.023387910798192024
2025-09-15 00:10:15,419 - INFO - mIoU: 0.9301; OA: 0.9771; AA: 0.9489; F1: 0.9633; Kappa: 0.9605;
2025-09-15 00:10:15,419 - INFO - spatial_LccAccuracy: 0.8979; spatial_PA: 0.9828; spatial_UA: 0.9896; spatial_F1: 0.9862
2025-09-15 00:10:15,419 - INFO - temporal_CdAccuracy: 0.7189; temporal_PA: 0.9291; temporal_UA: 0.92; temporal_F1: 0.9246
2025-09-15 00:10:15,420 - INFO - Confusion Matrix
 [118919.	  1109.	     0.	     6.	     0.]
 [  2751.	 85808.	    52.	    81.	    30.]
 [    47.	   540.	  3593.	     0.	     0.]
 [    84.	     0.	     0.	  2188.	     0.]
 [   259.	   348.	     0.	     0.	 16385.]
2025-09-15 00:10:15,421 - INFO - model saved 22 times, last saved epoch: 24.

2025-09-15 00:10:17,939 - INFO - Epoch 27, Train loss: 0.02277832105755806
2025-09-15 00:10:19,399 - INFO - mIoU: 0.9432; OA: 0.9785; AA: 0.958; F1: 0.9704; Kappa: 0.9629;
2025-09-15 00:10:19,399 - INFO - spatial_LccAccuracy: 0.9075; spatial_PA: 0.9898; spatial_UA: 0.9921; spatial_F1: 0.9909
2025-09-15 00:10:19,400 - INFO - temporal_CdAccuracy: 0.7349; temporal_PA: 0.9415; temporal_UA: 0.9298; temporal_F1: 0.9356
2025-09-15 00:10:19,400 - INFO - Confusion Matrix
 [117598.	  2431.	     0.	     5.	     0.]
 [  1302.	 87305.	    87.	    11.	    17.]
 [    28.	   426.	  3726.	     0.	     0.]
 [    44.	    20.	     0.	  2208.	     0.]
 [   175.	   455.	     0.	     0.	 16362.]
2025-09-15 00:10:19,401 - INFO - model saved 22 times, last saved epoch: 24.

2025-09-15 00:10:22,076 - INFO - Epoch 28, Train loss: 0.02336261235177517
2025-09-15 00:10:23,776 - INFO - mIoU: 0.9337; OA: 0.9722; AA: 0.9538; F1: 0.9654; Kappa: 0.9522;
2025-09-15 00:10:23,776 - INFO - spatial_LccAccuracy: 0.8773; spatial_PA: 0.985; spatial_UA: 0.989; spatial_F1: 0.987
2025-09-15 00:10:23,776 - INFO - temporal_CdAccuracy: 0.7072; temporal_PA: 0.9141; temporal_UA: 0.9008; temporal_F1: 0.9074
2025-09-15 00:10:23,777 - INFO - Confusion Matrix
 [115485.	  4515.	     2.	    32.	     0.]
 [   634.	 87973.	    78.	    13.	    24.]
 [    10.	   470.	  3700.	     0.	     0.]
 [    13.	    66.	     0.	  2193.	     0.]
 [   185.	   408.	     0.	     0.	 16399.]
2025-09-15 00:10:23,778 - INFO - model saved 22 times, last saved epoch: 24.

2025-09-15 00:10:26,797 - INFO - Epoch 29, Train loss: 0.019630881026387215
2025-09-15 00:10:28,474 - INFO - mIoU: 0.9465; OA: 0.9787; AA: 0.9644; F1: 0.9722; Kappa: 0.9632;
2025-09-15 00:10:28,475 - INFO - spatial_LccAccuracy: 0.9072; spatial_PA: 0.9756; spatial_UA: 0.9889; spatial_F1: 0.9822
2025-09-15 00:10:28,475 - INFO - temporal_CdAccuracy: 0.7276; temporal_PA: 0.9431; temporal_UA: 0.9254; temporal_F1: 0.9342
2025-09-15 00:10:28,476 - INFO - Confusion Matrix
 [118983.	  1032.	     2.	    17.	     0.]
 [  2873.	 85617.	   109.	    27.	    96.]
 [    33.	   384.	  3763.	     0.	     0.]
 [    17.	    16.	     0.	  2239.	     0.]
 [   145.	   192.	     0.	     0.	 16655.]
2025-09-15 00:10:28,477 - INFO - model saved 22 times, last saved epoch: 24.

2025-09-15 00:10:31,284 - INFO - Epoch 30, Train loss: 0.019361795857548714
2025-09-15 00:10:32,945 - INFO - mIoU: 0.9447; OA: 0.9807; AA: 0.9717; F1: 0.9713; Kappa: 0.9667;
2025-09-15 00:10:32,945 - INFO - spatial_LccAccuracy: 0.9072; spatial_PA: 0.989; spatial_UA: 0.9936; spatial_F1: 0.9913
2025-09-15 00:10:32,945 - INFO - temporal_CdAccuracy: 0.7305; temporal_PA: 0.9507; temporal_UA: 0.926; temporal_F1: 0.9382
2025-09-15 00:10:32,946 - INFO - Confusion Matrix
 [118293.	  1719.	     2.	    20.	     0.]
 [  1753.	 86562.	   140.	   119.	   148.]
 [    15.	   334.	  3830.	     0.	     1.]
 [    12.	     1.	     0.	  2259.	     0.]
 [    51.	   175.	     0.	     0.	 16766.]
2025-09-15 00:10:32,946 - INFO - model saved 22 times, last saved epoch: 24.

2025-09-15 00:10:35,846 - INFO - Epoch 31, Train loss: 0.01945078931748867
2025-09-15 00:10:37,673 - INFO - mIoU: 0.95; OA: 0.9812; AA: 0.977; F1: 0.9739; Kappa: 0.9676;
2025-09-15 00:10:37,674 - INFO - spatial_LccAccuracy: 0.9145; spatial_PA: 0.9847; spatial_UA: 0.9925; spatial_F1: 0.9886
2025-09-15 00:10:37,674 - INFO - temporal_CdAccuracy: 0.7339; temporal_PA: 0.947; temporal_UA: 0.9334; temporal_F1: 0.9402
2025-09-15 00:10:37,675 - INFO - Confusion Matrix
 [118514.	  1488.	    12.	    15.	     5.]
 [  1845.	 86254.	   319.	    18.	   286.]
 [     7.	   233.	  3940.	     0.	     0.]
 [    10.	    10.	     0.	  2250.	     2.]
 [     8.	   114.	     0.	     0.	 16870.]
2025-09-15 00:10:37,753 - INFO - Epoch 31 saved.
2025-09-15 00:10:37,754 - INFO - model saved 23 times, last saved epoch: 31.

2025-09-15 00:10:40,633 - INFO - Epoch 32, Train loss: 0.016456948593258858
2025-09-15 00:10:42,535 - INFO - mIoU: 0.9409; OA: 0.9797; AA: 0.9729; F1: 0.9692; Kappa: 0.9649;
2025-09-15 00:10:42,535 - INFO - spatial_LccAccuracy: 0.9072; spatial_PA: 0.9815; spatial_UA: 0.9893; spatial_F1: 0.9854
2025-09-15 00:10:42,535 - INFO - temporal_CdAccuracy: 0.7375; temporal_PA: 0.9432; temporal_UA: 0.9395; temporal_F1: 0.9414
2025-09-15 00:10:42,536 - INFO - Confusion Matrix
 [119113.	   898.	     6.	    17.	     0.]
 [  2636.	 85597.	   324.	   104.	    61.]
 [    11.	   244.	  3925.	     0.	     0.]
 [    18.	     0.	     0.	  2254.	     0.]
 [   165.	   238.	     0.	     0.	 16589.]
2025-09-15 00:10:42,536 - INFO - model saved 23 times, last saved epoch: 31.

2025-09-15 00:10:45,281 - INFO - Epoch 33, Train loss: 0.015628309920430183
2025-09-15 00:10:47,114 - INFO - mIoU: 0.9469; OA: 0.977; AA: 0.9651; F1: 0.9723; Kappa: 0.9604;
2025-09-15 00:10:47,115 - INFO - spatial_LccAccuracy: 0.8943; spatial_PA: 0.9884; spatial_UA: 0.9888; spatial_F1: 0.9886
2025-09-15 00:10:47,115 - INFO - temporal_CdAccuracy: 0.7269; temporal_PA: 0.9403; temporal_UA: 0.921; temporal_F1: 0.9306
2025-09-15 00:10:47,115 - INFO - Confusion Matrix
 [116537.	  3474.	     1.	    22.	     0.]
 [   933.	 87599.	    75.	    19.	    96.]
 [     6.	   455.	  3719.	     0.	     0.]
 [     7.	    10.	     0.	  2255.	     0.]
 [    39.	   211.	     0.	     0.	 16742.]
2025-09-15 00:10:47,116 - INFO - model saved 23 times, last saved epoch: 31.

2025-09-15 00:10:49,648 - INFO - Epoch 34, Train loss: 0.015304192900657654
2025-09-15 00:10:51,512 - INFO - mIoU: 0.9507; OA: 0.9803; AA: 0.971; F1: 0.9744; Kappa: 0.9661;
2025-09-15 00:10:51,512 - INFO - spatial_LccAccuracy: 0.9168; spatial_PA: 0.9728; spatial_UA: 0.9893; spatial_F1: 0.981
2025-09-15 00:10:51,513 - INFO - temporal_CdAccuracy: 0.7297; temporal_PA: 0.9514; temporal_UA: 0.9256; temporal_F1: 0.9383
2025-09-15 00:10:51,513 - INFO - Confusion Matrix
 [118883.	  1141.	     1.	     9.	     0.]
 [  2471.	 85841.	   146.	    37.	   227.]
 [    18.	   323.	  3839.	     0.	     0.]
 [    25.	     2.	     0.	  2245.	     0.]
 [    40.	   124.	     0.	     0.	 16828.]
2025-09-15 00:10:51,590 - INFO - Epoch 34 saved.
2025-09-15 00:10:51,590 - INFO - model saved 24 times, last saved epoch: 34.

2025-09-15 00:10:54,332 - INFO - Epoch 35, Train loss: 0.01632734015583992
2025-09-15 00:10:56,098 - INFO - mIoU: 0.9498; OA: 0.9816; AA: 0.9674; F1: 0.9739; Kappa: 0.9683;
2025-09-15 00:10:56,098 - INFO - spatial_LccAccuracy: 0.9129; spatial_PA: 0.983; spatial_UA: 0.9926; spatial_F1: 0.9878
2025-09-15 00:10:56,098 - INFO - temporal_CdAccuracy: 0.7457; temporal_PA: 0.9478; temporal_UA: 0.9415; temporal_F1: 0.9447
2025-09-15 00:10:56,098 - INFO - Confusion Matrix
 [118328.	  1695.	     3.	     8.	     0.]
 [  1633.	 86785.	   184.	     0.	   120.]
 [    10.	   344.	  3826.	     0.	     0.]
 [    12.	    57.	     0.	  2203.	     0.]
 [    36.	   170.	     0.	     0.	 16786.]
2025-09-15 00:10:56,099 - INFO - model saved 24 times, last saved epoch: 34.

2025-09-15 00:10:58,554 - INFO - Epoch 36, Train loss: 0.012283934280276299
2025-09-15 00:11:00,340 - INFO - mIoU: 0.9508; OA: 0.9815; AA: 0.9762; F1: 0.9744; Kappa: 0.9682;
2025-09-15 00:11:00,340 - INFO - spatial_LccAccuracy: 0.9178; spatial_PA: 0.9806; spatial_UA: 0.9926; spatial_F1: 0.9866
2025-09-15 00:11:00,340 - INFO - temporal_CdAccuracy: 0.7359; temporal_PA: 0.9538; temporal_UA: 0.9321; temporal_F1: 0.9429
2025-09-15 00:11:00,341 - INFO - Confusion Matrix
 [118371.	  1619.	    15.	    19.	    10.]
 [  1725.	 86555.	   296.	    22.	   124.]
 [     5.	   240.	  3935.	     0.	     0.]
 [    10.	    15.	     0.	  2246.	     1.]
 [    20.	   164.	     0.	     0.	 16808.]
2025-09-15 00:11:00,408 - INFO - Epoch 36 saved.
2025-09-15 00:11:00,409 - INFO - model saved 25 times, last saved epoch: 36.

2025-09-15 00:11:02,560 - INFO - Epoch 37, Train loss: 0.012258874252438545
2025-09-15 00:11:04,294 - INFO - mIoU: 0.9525; OA: 0.9815; AA: 0.9721; F1: 0.9754; Kappa: 0.9681;
2025-09-15 00:11:04,294 - INFO - spatial_LccAccuracy: 0.9163; spatial_PA: 0.9886; spatial_UA: 0.9941; spatial_F1: 0.9913
2025-09-15 00:11:04,294 - INFO - temporal_CdAccuracy: 0.7463; temporal_PA: 0.9504; temporal_UA: 0.9396; temporal_F1: 0.945
2025-09-15 00:11:04,296 - INFO - Confusion Matrix
 [118017.	  2002.	     2.	    13.	     0.]
 [  1390.	 87073.	   146.	    41.	    72.]
 [    15.	   326.	  3839.	     0.	     0.]
 [    11.	     3.	     0.	  2258.	     0.]
 [    74.	   203.	     0.	     0.	 16715.]
2025-09-15 00:11:04,415 - INFO - Epoch 37 saved.
2025-09-15 00:11:04,416 - INFO - model saved 26 times, last saved epoch: 37.

2025-09-15 00:11:07,375 - INFO - Epoch 38, Train loss: 0.013703599572181702
2025-09-15 00:11:09,369 - INFO - mIoU: 0.9395; OA: 0.9816; AA: 0.9506; F1: 0.9679; Kappa: 0.9682;
2025-09-15 00:11:09,369 - INFO - spatial_LccAccuracy: 0.9103; spatial_PA: 0.9844; spatial_UA: 0.9936; spatial_F1: 0.9889
2025-09-15 00:11:09,369 - INFO - temporal_CdAccuracy: 0.7408; temporal_PA: 0.9517; temporal_UA: 0.937; temporal_F1: 0.9443
2025-09-15 00:11:09,369 - INFO - Confusion Matrix
 [118744.	  1281.	     0.	     9.	     0.]
 [  1825.	 86752.	    25.	     1.	   119.]
 [    21.	   679.	  3480.	     0.	     0.]
 [     9.	    64.	     0.	  2199.	     0.]
 [    48.	   196.	     0.	     0.	 16748.]
2025-09-15 00:11:09,370 - INFO - model saved 26 times, last saved epoch: 37.

2025-09-15 00:11:11,952 - INFO - Epoch 39, Train loss: 0.010808251798152924
2025-09-15 00:11:13,562 - INFO - mIoU: 0.945; OA: 0.9799; AA: 0.9644; F1: 0.9714; Kappa: 0.9653;
2025-09-15 00:11:13,562 - INFO - spatial_LccAccuracy: 0.9065; spatial_PA: 0.9879; spatial_UA: 0.9916; spatial_F1: 0.9897
2025-09-15 00:11:13,562 - INFO - temporal_CdAccuracy: 0.7429; temporal_PA: 0.9461; temporal_UA: 0.9343; temporal_F1: 0.9402
2025-09-15 00:11:13,563 - INFO - Confusion Matrix
 [117461.	  2520.	    15.	    35.	     3.]
 [  1084.	 87474.	    80.	    34.	    50.]
 [     2.	   449.	  3729.	     0.	     0.]
 [    10.	    19.	     0.	  2243.	     0.]
 [    46.	   327.	     0.	     0.	 16619.]
2025-09-15 00:11:13,563 - INFO - model saved 26 times, last saved epoch: 37.

2025-09-15 00:11:16,013 - INFO - Epoch 40, Train loss: 0.00928013026714325
2025-09-15 00:11:17,932 - INFO - mIoU: 0.9514; OA: 0.9822; AA: 0.9668; F1: 0.9748; Kappa: 0.9693;
2025-09-15 00:11:17,932 - INFO - spatial_LccAccuracy: 0.9204; spatial_PA: 0.986; spatial_UA: 0.9865; spatial_F1: 0.9862
2025-09-15 00:11:17,932 - INFO - temporal_CdAccuracy: 0.7496; temporal_PA: 0.9483; temporal_UA: 0.9429; temporal_F1: 0.9456
2025-09-15 00:11:17,933 - INFO - Confusion Matrix
 [118737.	  1245.	     2.	     5.	    45.]
 [  1891.	 86481.	   101.	     3.	   246.]
 [     9.	   388.	  3783.	     0.	     0.]
 [    40.	    20.	     0.	  2210.	     2.]
 [    16.	   117.	     0.	     0.	 16859.]
2025-09-15 00:11:17,933 - INFO - model saved 26 times, last saved epoch: 37.

2025-09-15 00:11:20,535 - INFO - Epoch 41, Train loss: 0.01025685016065836
2025-09-15 00:11:22,474 - INFO - mIoU: 0.922; OA: 0.9784; AA: 0.9337; F1: 0.9582; Kappa: 0.9627;
2025-09-15 00:11:22,474 - INFO - spatial_LccAccuracy: 0.8956; spatial_PA: 0.9895; spatial_UA: 0.9886; spatial_F1: 0.989
2025-09-15 00:11:22,474 - INFO - temporal_CdAccuracy: 0.7359; temporal_PA: 0.9396; temporal_UA: 0.9324; temporal_F1: 0.936
2025-09-15 00:11:22,474 - INFO - Confusion Matrix
 [117587.	  2445.	     0.	     2.	     0.]
 [  1197.	 87411.	    18.	     0.	    96.]
 [    19.	   784.	  3377.	     0.	     0.]
 [    73.	   130.	     0.	  2069.	     0.]
 [    60.	   192.	     0.	     0.	 16740.]
2025-09-15 00:11:22,475 - INFO - model saved 26 times, last saved epoch: 37.

2025-09-15 00:11:24,966 - INFO - Epoch 42, Train loss: 0.008952644653618336
2025-09-15 00:11:27,074 - INFO - mIoU: 0.954; OA: 0.9821; AA: 0.9737; F1: 0.9761; Kappa: 0.9691;
2025-09-15 00:11:27,074 - INFO - spatial_LccAccuracy: 0.9214; spatial_PA: 0.9848; spatial_UA: 0.9931; spatial_F1: 0.9889
2025-09-15 00:11:27,074 - INFO - temporal_CdAccuracy: 0.7419; temporal_PA: 0.9573; temporal_UA: 0.9342; temporal_F1: 0.9456
2025-09-15 00:11:27,075 - INFO - Confusion Matrix
 [118639.	  1384.	     3.	     8.	     0.]
 [  1883.	 86423.	   213.	     7.	   196.]
 [     6.	   292.	  3882.	     0.	     0.]
 [    15.	    18.	     0.	  2239.	     0.]
 [    42.	    94.	     0.	     0.	 16856.]
2025-09-15 00:11:27,155 - INFO - Epoch 42 saved.
2025-09-15 00:11:27,156 - INFO - model saved 27 times, last saved epoch: 42.

2025-09-15 00:11:29,619 - INFO - Epoch 43, Train loss: 0.007382654119282961
2025-09-15 00:11:31,545 - INFO - mIoU: 0.9561; OA: 0.983; AA: 0.9707; F1: 0.9772; Kappa: 0.9706;
2025-09-15 00:11:31,545 - INFO - spatial_LccAccuracy: 0.9256; spatial_PA: 0.9872; spatial_UA: 0.9931; spatial_F1: 0.9901
2025-09-15 00:11:31,545 - INFO - temporal_CdAccuracy: 0.7548; temporal_PA: 0.9496; temporal_UA: 0.9482; temporal_F1: 0.9489
2025-09-15 00:11:31,546 - INFO - Confusion Matrix
 [118908.	  1117.	     3.	     6.	     0.]
 [  1954.	 86582.	   132.	     9.	    45.]
 [    12.	   338.	  3830.	     0.	     0.]
 [    16.	     9.	     0.	  2247.	     0.]
 [    54.	   259.	     0.	     0.	 16679.]
2025-09-15 00:11:31,614 - INFO - Epoch 43 saved.
2025-09-15 00:11:31,614 - INFO - model saved 28 times, last saved epoch: 43.

2025-09-15 00:11:34,394 - INFO - Epoch 44, Train loss: 0.0084917563945055
2025-09-15 00:11:36,156 - INFO - mIoU: 0.9466; OA: 0.982; AA: 0.9572; F1: 0.9718; Kappa: 0.9689;
2025-09-15 00:11:36,156 - INFO - spatial_LccAccuracy: 0.9173; spatial_PA: 0.9887; spatial_UA: 0.9924; spatial_F1: 0.9905
2025-09-15 00:11:36,156 - INFO - temporal_CdAccuracy: 0.7468; temporal_PA: 0.9514; temporal_UA: 0.9425; temporal_F1: 0.9469
2025-09-15 00:11:36,157 - INFO - Confusion Matrix
 [118643.	  1384.	     1.	     5.	     1.]
 [  1741.	 86863.	    33.	     1.	    84.]
 [     6.	   599.	  3575.	     0.	     0.]
 [    22.	    24.	     0.	  2226.	     0.]
 [    67.	   214.	     0.	     0.	 16711.]
2025-09-15 00:11:36,157 - INFO - model saved 28 times, last saved epoch: 43.

2025-09-15 00:11:38,522 - INFO - Epoch 45, Train loss: 0.0069330837577581406
2025-09-15 00:11:40,453 - INFO - mIoU: 0.9527; OA: 0.9819; AA: 0.9754; F1: 0.9755; Kappa: 0.9689;
2025-09-15 00:11:40,453 - INFO - spatial_LccAccuracy: 0.915; spatial_PA: 0.9856; spatial_UA: 0.9939; spatial_F1: 0.9897
2025-09-15 00:11:40,454 - INFO - temporal_CdAccuracy: 0.7437; temporal_PA: 0.9541; temporal_UA: 0.9332; temporal_F1: 0.9435
2025-09-15 00:11:40,454 - INFO - Confusion Matrix
 [117936.	  2029.	    16.	    15.	    38.]
 [  1238.	 87041.	   231.	    10.	   202.]
 [     2.	   262.	  3916.	     0.	     0.]
 [     7.	    28.	     0.	  2235.	     2.]
 [     7.	   116.	     0.	     0.	 16869.]
2025-09-15 00:11:40,455 - INFO - model saved 28 times, last saved epoch: 43.

2025-09-15 00:11:43,049 - INFO - Epoch 46, Train loss: 0.006568301003426313
2025-09-15 00:11:44,998 - INFO - mIoU: 0.9556; OA: 0.9825; AA: 0.9746; F1: 0.9769; Kappa: 0.9699;
2025-09-15 00:11:44,999 - INFO - spatial_LccAccuracy: 0.9225; spatial_PA: 0.9898; spatial_UA: 0.9921; spatial_F1: 0.9909
2025-09-15 00:11:44,999 - INFO - temporal_CdAccuracy: 0.7488; temporal_PA: 0.9549; temporal_UA: 0.9413; temporal_F1: 0.9481
2025-09-15 00:11:44,999 - INFO - Confusion Matrix
 [118274.	  1744.	     8.	     8.	     0.]
 [  1461.	 86924.	   185.	    16.	   136.]
 [     4.	   315.	  3861.	     0.	     0.]
 [    11.	     2.	     0.	  2259.	     0.]
 [    21.	   153.	     0.	     0.	 16818.]
2025-09-15 00:11:45,000 - INFO - model saved 28 times, last saved epoch: 43.

2025-09-15 00:11:47,627 - INFO - Epoch 47, Train loss: 0.006510677747428417
2025-09-15 00:11:49,152 - INFO - mIoU: 0.9421; OA: 0.9809; AA: 0.9764; F1: 0.9698; Kappa: 0.9672;
2025-09-15 00:11:49,153 - INFO - spatial_LccAccuracy: 0.9034; spatial_PA: 0.9892; spatial_UA: 0.9942; spatial_F1: 0.9917
2025-09-15 00:11:49,153 - INFO - temporal_CdAccuracy: 0.7362; temporal_PA: 0.9524; temporal_UA: 0.9335; temporal_F1: 0.9429
2025-09-15 00:11:49,154 - INFO - Confusion Matrix
 [118029.	  1947.	     2.	    16.	    40.]
 [  1409.	 86713.	   282.	   136.	   182.]
 [     5.	   267.	  3908.	     0.	     0.]
 [    12.	     0.	     0.	  2259.	     1.]
 [     6.	   130.	     0.	     0.	 16856.]
2025-09-15 00:11:49,155 - INFO - model saved 28 times, last saved epoch: 43.

2025-09-15 00:11:51,872 - INFO - Epoch 48, Train loss: 0.006172413006424904
2025-09-15 00:11:53,611 - INFO - mIoU: 0.9543; OA: 0.9817; AA: 0.9748; F1: 0.9763; Kappa: 0.9685;
2025-09-15 00:11:53,611 - INFO - spatial_LccAccuracy: 0.915; spatial_PA: 0.976; spatial_UA: 0.9901; spatial_F1: 0.983
2025-09-15 00:11:53,611 - INFO - temporal_CdAccuracy: 0.7393; temporal_PA: 0.9545; temporal_UA: 0.9345; temporal_F1: 0.9444
2025-09-15 00:11:53,611 - INFO - Confusion Matrix
 [119193.	   831.	     2.	     8.	     0.]
 [  2517.	 85796.	   190.	    31.	   188.]
 [     7.	   267.	  3906.	     0.	     0.]
 [    18.	     4.	     0.	  2250.	     0.]
 [    69.	   112.	     0.	     0.	 16811.]
2025-09-15 00:11:53,612 - INFO - model saved 28 times, last saved epoch: 43.

2025-09-15 00:11:56,019 - INFO - Epoch 49, Train loss: 0.006973722949624062
2025-09-15 00:11:57,746 - INFO - mIoU: 0.9563; OA: 0.9832; AA: 0.9733; F1: 0.9774; Kappa: 0.971;
2025-09-15 00:11:57,747 - INFO - spatial_LccAccuracy: 0.9264; spatial_PA: 0.9864; spatial_UA: 0.9923; spatial_F1: 0.9893
2025-09-15 00:11:57,747 - INFO - temporal_CdAccuracy: 0.7499; temporal_PA: 0.9572; temporal_UA: 0.9433; temporal_F1: 0.9502
2025-09-15 00:11:57,747 - INFO - Confusion Matrix
 [118203.	  1804.	     6.	    15.	     6.]
 [  1256.	 87208.	   157.	     5.	    96.]
 [     6.	   292.	  3882.	     0.	     0.]
 [     9.	    27.	     0.	  2235.	     1.]
 [    14.	   213.	     0.	     0.	 16765.]
2025-09-15 00:11:57,827 - INFO - Epoch 49 saved.
2025-09-15 00:11:57,828 - INFO - model saved 29 times, last saved epoch: 49.

2025-09-15 00:12:00,416 - INFO - Epoch 50, Train loss: 0.005058764945715666
2025-09-15 00:12:02,036 - INFO - mIoU: 0.9547; OA: 0.9825; AA: 0.9703; F1: 0.9765; Kappa: 0.9699;
2025-09-15 00:12:02,036 - INFO - spatial_LccAccuracy: 0.9209; spatial_PA: 0.9842; spatial_UA: 0.9929; spatial_F1: 0.9886
2025-09-15 00:12:02,036 - INFO - temporal_CdAccuracy: 0.746; temporal_PA: 0.9599; temporal_UA: 0.9369; temporal_F1: 0.9482
2025-09-15 00:12:02,037 - INFO - Confusion Matrix
 [118807.	  1217.	     3.	     7.	     0.]
 [  1916.	 86517.	   121.	    10.	   158.]
 [     3.	   362.	  3815.	     0.	     0.]
 [     8.	    21.	     0.	  2243.	     0.]
 [    83.	   144.	     0.	     0.	 16765.]
2025-09-15 00:12:02,037 - INFO - model saved 29 times, last saved epoch: 49.

2025-09-15 00:12:04,725 - INFO - Epoch 51, Train loss: 0.00519223278388381
2025-09-15 00:12:06,611 - INFO - mIoU: 0.9558; OA: 0.9831; AA: 0.9704; F1: 0.9771; Kappa: 0.9708;
2025-09-15 00:12:06,611 - INFO - spatial_LccAccuracy: 0.9264; spatial_PA: 0.9862; spatial_UA: 0.9917; spatial_F1: 0.989
2025-09-15 00:12:06,611 - INFO - temporal_CdAccuracy: 0.7499; temporal_PA: 0.9567; temporal_UA: 0.9437; temporal_F1: 0.9502
2025-09-15 00:12:06,611 - INFO - Confusion Matrix
 [118682.	  1343.	     1.	     8.	     0.]
 [  1716.	 86728.	   107.	     5.	   166.]
 [     6.	   375.	  3799.	     0.	     0.]
 [    24.	     6.	     0.	  2242.	     0.]
 [    43.	   129.	     0.	     0.	 16820.]
2025-09-15 00:12:06,612 - INFO - model saved 29 times, last saved epoch: 49.

2025-09-15 00:12:09,459 - INFO - Epoch 52, Train loss: 0.0051036374643445015
2025-09-15 00:12:11,141 - INFO - mIoU: 0.9547; OA: 0.9831; AA: 0.9749; F1: 0.9766; Kappa: 0.9709;
2025-09-15 00:12:11,141 - INFO - spatial_LccAccuracy: 0.9256; spatial_PA: 0.9873; spatial_UA: 0.9937; spatial_F1: 0.9905
2025-09-15 00:12:11,141 - INFO - temporal_CdAccuracy: 0.7468; temporal_PA: 0.958; temporal_UA: 0.9424; temporal_F1: 0.9502
2025-09-15 00:12:11,141 - INFO - Confusion Matrix
 [119029.	   995.	     4.	     6.	     0.]
 [  2030.	 86373.	   191.	    43.	    85.]
 [     9.	   264.	  3907.	     0.	     0.]
 [    17.	     4.	     0.	  2251.	     0.]
 [    52.	   224.	     0.	     0.	 16716.]
2025-09-15 00:12:11,142 - INFO - model saved 29 times, last saved epoch: 49.

2025-09-15 00:12:13,774 - INFO - Epoch 53, Train loss: 0.004671040922403336
2025-09-15 00:12:15,711 - INFO - mIoU: 0.9567; OA: 0.9832; AA: 0.9722; F1: 0.9776; Kappa: 0.9711;
2025-09-15 00:12:15,711 - INFO - spatial_LccAccuracy: 0.9238; spatial_PA: 0.9883; spatial_UA: 0.9928; spatial_F1: 0.9905
2025-09-15 00:12:15,711 - INFO - temporal_CdAccuracy: 0.7504; temporal_PA: 0.9608; temporal_UA: 0.9406; temporal_F1: 0.9506
2025-09-15 00:12:15,712 - INFO - Confusion Matrix
 [118489.	  1532.	     4.	     8.	     1.]
 [  1510.	 86956.	   135.	     7.	   114.]
 [     6.	   321.	  3853.	     0.	     0.]
 [    18.	    15.	     0.	  2239.	     0.]
 [    29.	   196.	     0.	     0.	 16767.]
2025-09-15 00:12:15,787 - INFO - Epoch 53 saved.
2025-09-15 00:12:15,787 - INFO - model saved 30 times, last saved epoch: 53.

2025-09-15 00:12:18,390 - INFO - Epoch 54, Train loss: 0.004190255422145128
2025-09-15 00:12:20,339 - INFO - mIoU: 0.9539; OA: 0.9827; AA: 0.9688; F1: 0.9761; Kappa: 0.9703;
2025-09-15 00:12:20,340 - INFO - spatial_LccAccuracy: 0.9196; spatial_PA: 0.987; spatial_UA: 0.9902; spatial_F1: 0.9886
2025-09-15 00:12:20,340 - INFO - temporal_CdAccuracy: 0.745; temporal_PA: 0.9585; temporal_UA: 0.9382; temporal_F1: 0.9483
2025-09-15 00:12:20,340 - INFO - Confusion Matrix
 [118275.	  1754.	     3.	     2.	     0.]
 [  1351.	 87135.	   130.	     7.	    99.]
 [     6.	   351.	  3823.	     0.	     0.]
 [    38.	    14.	     0.	  2220.	     0.]
 [    46.	   208.	     0.	     0.	 16738.]
2025-09-15 00:12:20,340 - INFO - model saved 30 times, last saved epoch: 53.

2025-09-15 00:12:23,261 - INFO - Epoch 55, Train loss: 0.005799825768917799
2025-09-15 00:12:25,079 - INFO - mIoU: 0.9564; OA: 0.982; AA: 0.9725; F1: 0.9774; Kappa: 0.9691;
2025-09-15 00:12:25,079 - INFO - spatial_LccAccuracy: 0.9111; spatial_PA: 0.9867; spatial_UA: 0.9936; spatial_F1: 0.9901
2025-09-15 00:12:25,079 - INFO - temporal_CdAccuracy: 0.7424; temporal_PA: 0.9568; temporal_UA: 0.933; temporal_F1: 0.9448
2025-09-15 00:12:25,080 - INFO - Confusion Matrix
 [118043.	  1972.	     7.	     6.	     6.]
 [  1376.	 87097.	   148.	     2.	    99.]
 [     7.	   316.	  3857.	     0.	     0.]
 [     7.	    23.	     0.	  2242.	     0.]
 [    10.	   194.	     0.	     0.	 16788.]
2025-09-15 00:12:25,080 - INFO - model saved 30 times, last saved epoch: 53.

2025-09-15 00:12:27,677 - INFO - Epoch 56, Train loss: 0.004499336238950491
2025-09-15 00:12:29,026 - INFO - mIoU: 0.9562; OA: 0.9835; AA: 0.972; F1: 0.9772; Kappa: 0.9715;
2025-09-15 00:12:29,026 - INFO - spatial_LccAccuracy: 0.9227; spatial_PA: 0.9794; spatial_UA: 0.9947; spatial_F1: 0.987
2025-09-15 00:12:29,027 - INFO - temporal_CdAccuracy: 0.7514; temporal_PA: 0.9595; temporal_UA: 0.9448; temporal_F1: 0.9521
2025-09-15 00:12:29,027 - INFO - Confusion Matrix
 [118958.	  1058.	     7.	    10.	     1.]
 [  1924.	 86539.	   160.	     2.	    97.]
 [     8.	   329.	  3843.	     0.	     0.]
 [    10.	    20.	     0.	  2242.	     0.]
 [    29.	   181.	     0.	     0.	 16782.]
2025-09-15 00:12:29,027 - INFO - model saved 30 times, last saved epoch: 53.

2025-09-15 00:12:31,738 - INFO - Epoch 57, Train loss: 0.004308728035539389
2025-09-15 00:12:33,450 - INFO - mIoU: 0.9583; OA: 0.9839; AA: 0.973; F1: 0.9784; Kappa: 0.9722;
2025-09-15 00:12:33,450 - INFO - spatial_LccAccuracy: 0.9271; spatial_PA: 0.9855; spatial_UA: 0.9932; spatial_F1: 0.9893
2025-09-15 00:12:33,450 - INFO - temporal_CdAccuracy: 0.7566; temporal_PA: 0.9579; temporal_UA: 0.9479; temporal_F1: 0.9529
2025-09-15 00:12:33,451 - INFO - Confusion Matrix
 [118622.	  1403.	     2.	     7.	     0.]
 [  1498.	 86989.	   127.	     8.	   100.]
 [     9.	   328.	  3843.	     0.	     0.]
 [    10.	    10.	     0.	  2252.	     0.]
 [    23.	   216.	     0.	     0.	 16753.]
2025-09-15 00:12:33,514 - INFO - Epoch 57 saved.
2025-09-15 00:12:33,515 - INFO - model saved 31 times, last saved epoch: 57.

2025-09-15 00:12:36,078 - INFO - Epoch 58, Train loss: 0.0036233484279364347
2025-09-15 00:12:38,200 - INFO - mIoU: 0.9532; OA: 0.9824; AA: 0.968; F1: 0.9757; Kappa: 0.9698;
2025-09-15 00:12:38,201 - INFO - spatial_LccAccuracy: 0.9191; spatial_PA: 0.9886; spatial_UA: 0.9941; spatial_F1: 0.9913
2025-09-15 00:12:38,201 - INFO - temporal_CdAccuracy: 0.7463; temporal_PA: 0.9518; temporal_UA: 0.9454; temporal_F1: 0.9486
2025-09-15 00:12:38,201 - INFO - Confusion Matrix
 [118210.	  1808.	     2.	     8.	     6.]
 [  1368.	 87139.	   125.	     1.	    89.]
 [     5.	   367.	  3808.	     0.	     0.]
 [    25.	    29.	     0.	  2218.	     0.]
 [    28.	   215.	     0.	     0.	 16749.]
2025-09-15 00:12:38,202 - INFO - model saved 31 times, last saved epoch: 57.

2025-09-15 00:12:40,982 - INFO - Epoch 59, Train loss: 0.0037534513976424932
2025-09-15 00:12:42,525 - INFO - mIoU: 0.953; OA: 0.9833; AA: 0.9779; F1: 0.9756; Kappa: 0.9713;
2025-09-15 00:12:42,525 - INFO - spatial_LccAccuracy: 0.9233; spatial_PA: 0.9845; spatial_UA: 0.9918; spatial_F1: 0.9882
2025-09-15 00:12:42,525 - INFO - temporal_CdAccuracy: 0.7473; temporal_PA: 0.9594; temporal_UA: 0.9417; temporal_F1: 0.9505
2025-09-15 00:12:42,526 - INFO - Confusion Matrix
 [118710.	  1303.	     4.	    11.	     6.]
 [  1643.	 86590.	   279.	    43.	   167.]
 [     4.	   232.	  3944.	     0.	     0.]
 [    18.	     5.	     0.	  2249.	     0.]
 [    17.	   136.	     0.	     0.	 16839.]
2025-09-15 00:12:42,526 - INFO - model saved 31 times, last saved epoch: 57.

2025-09-15 00:12:45,209 - INFO - Epoch 60, Train loss: 0.003576569026336074
2025-09-15 00:12:46,832 - INFO - mIoU: 0.9553; OA: 0.9827; AA: 0.9736; F1: 0.9768; Kappa: 0.9702;
2025-09-15 00:12:46,832 - INFO - spatial_LccAccuracy: 0.9176; spatial_PA: 0.9886; spatial_UA: 0.9941; spatial_F1: 0.9913
2025-09-15 00:12:46,832 - INFO - temporal_CdAccuracy: 0.7463; temporal_PA: 0.9578; temporal_UA: 0.9389; temporal_F1: 0.9483
2025-09-15 00:12:46,832 - INFO - Confusion Matrix
 [118046.	  1972.	     3.	    12.	     1.]
 [  1188.	 87203.	   166.	    12.	   153.]
 [     8.	   318.	  3854.	     0.	     0.]
 [    15.	     9.	     0.	  2248.	     0.]
 [    44.	   125.	     0.	     0.	 16823.]
2025-09-15 00:12:46,832 - INFO - model saved 31 times, last saved epoch: 57.

2025-09-15 00:12:49,450 - INFO - Epoch 61, Train loss: 0.003225362626835704
2025-09-15 00:12:51,055 - INFO - mIoU: 0.9574; OA: 0.9831; AA: 0.9748; F1: 0.978; Kappa: 0.9709;
2025-09-15 00:12:51,056 - INFO - spatial_LccAccuracy: 0.9256; spatial_PA: 0.983; spatial_UA: 0.9926; spatial_F1: 0.9878
2025-09-15 00:12:51,056 - INFO - temporal_CdAccuracy: 0.7494; temporal_PA: 0.956; temporal_UA: 0.9418; temporal_F1: 0.9488
2025-09-15 00:12:51,057 - INFO - Confusion Matrix
 [119127.	   900.	     1.	     6.	     0.]
 [  2180.	 86229.	   166.	    19.	   128.]
 [     9.	   284.	  3887.	     0.	     0.]
 [    16.	     2.	     0.	  2254.	     0.]
 [    73.	   138.	     0.	     0.	 16781.]
2025-09-15 00:12:51,058 - INFO - model saved 31 times, last saved epoch: 57.

2025-09-15 00:12:53,853 - INFO - Epoch 62, Train loss: 0.002636880846694112
2025-09-15 00:12:55,340 - INFO - mIoU: 0.9564; OA: 0.9827; AA: 0.9729; F1: 0.9774; Kappa: 0.9702;
2025-09-15 00:12:55,340 - INFO - spatial_LccAccuracy: 0.9199; spatial_PA: 0.9901; spatial_UA: 0.9933; spatial_F1: 0.9917
2025-09-15 00:12:55,340 - INFO - temporal_CdAccuracy: 0.7509; temporal_PA: 0.9565; temporal_UA: 0.9392; temporal_F1: 0.9478
2025-09-15 00:12:55,340 - INFO - Confusion Matrix
 [118134.	  1887.	     4.	     8.	     1.]
 [  1240.	 87248.	   160.	     7.	    67.]
 [     4.	   307.	  3869.	     0.	     0.]
 [    16.	     9.	     0.	  2247.	     0.]
 [    30.	   273.	     0.	     0.	 16689.]
2025-09-15 00:12:55,341 - INFO - model saved 31 times, last saved epoch: 57.

