2025-10-19 03:43:39,071 - INFO - Epoch 0, Train loss: 2.122273859381676
2025-10-19 03:43:39,954 - INFO - mIoU: 0.0672; OA: 0.1566; AA: 0.2009; F1: 0.1213; Kappa: 0.0074;
2025-10-19 03:43:39,954 - INFO - spatial_LccAccuracy: 0.0; spatial_PA: 0.5; spatial_UA: 0.6447; spatial_F1: 0.5632
2025-10-19 03:43:39,954 - INFO - temporal_CdAccuracy: 0.0; temporal_PA: 0.63; temporal_UA: 0.5162; temporal_F1: 0.5675
2025-10-19 03:43:39,955 - INFO - Confusion Matrix
 [13918.	 5899.	12944.	32866.	13986.]
 [10325.	 7379.	11358.	18812.	11866.]
 [  406.	  556.	  541.	  915.	  290.]
 [  447.	  208.	  205.	  512.	  141.]
 [ 3154.	  670.	 2432.	 3235.	 1915.]
2025-10-19 03:43:40,020 - INFO - Epoch 0 saved.
2025-10-19 03:43:40,021 - INFO - model saved 1 times, last saved epoch: 0.

2025-10-19 03:43:43,087 - INFO - Epoch 1, Train loss: 2.0631657876074314
2025-10-19 03:43:44,028 - INFO - mIoU: 0.1332; OA: 0.3815; AA: 0.2269; F1: 0.2091; Kappa: 0.0834;
2025-10-19 03:43:44,028 - INFO - spatial_LccAccuracy: 0.0112; spatial_PA: 0.5128; spatial_UA: 0.5986; spatial_F1: 0.5524
2025-10-19 03:43:44,028 - INFO - temporal_CdAccuracy: 0.0108; temporal_PA: 0.6026; temporal_UA: 0.5198; temporal_F1: 0.5581
2025-10-19 03:43:44,029 - INFO - Confusion Matrix
 [39985.	13156.	 7826.	13336.	 5310.]
 [22721.	17650.	 6760.	 7974.	 4635.]
 [  787.	  946.	  241.	  602.	  132.]
 [  833.	  294.	   91.	  242.	   53.]
 [ 6282.	 1125.	 2100.	  897.	 1002.]
2025-10-19 03:43:44,092 - INFO - Epoch 1 saved.
2025-10-19 03:43:44,093 - INFO - model saved 2 times, last saved epoch: 1.

2025-10-19 03:43:47,138 - INFO - Epoch 2, Train loss: 1.8757945410907269
2025-10-19 03:43:47,941 - INFO - mIoU: 0.1672; OA: 0.5609; AA: 0.2457; F1: 0.2385; Kappa: 0.1781;
2025-10-19 03:43:47,941 - INFO - spatial_LccAccuracy: 0.0368; spatial_PA: 0.6513; spatial_UA: 0.679; spatial_F1: 0.6649
2025-10-19 03:43:47,942 - INFO - temporal_CdAccuracy: 0.0887; temporal_PA: 0.5787; temporal_UA: 0.5169; temporal_F1: 0.5461
2025-10-19 03:43:47,943 - INFO - Confusion Matrix
 [60177.	18335.	  437.	  496.	  168.]
 [31946.	26574.	  734.	  402.	   84.]
 [ 1090.	 1492.	   34.	   54.	   38.]
 [ 1269.	  202.	   35.	    6.	    1.]
 [10394.	  693.	  136.	   53.	  130.]
2025-10-19 03:43:48,009 - INFO - Epoch 2 saved.
2025-10-19 03:43:48,009 - INFO - model saved 3 times, last saved epoch: 2.

2025-10-19 03:43:51,056 - INFO - Epoch 3, Train loss: 1.51429835408926
2025-10-19 03:43:51,899 - INFO - mIoU: 0.249; OA: 0.7029; AA: 0.3231; F1: 0.4089; Kappa: 0.4424;
2025-10-19 03:43:51,899 - INFO - spatial_LccAccuracy: 0.1707; spatial_PA: 0.5623; spatial_UA: 0.5735; spatial_F1: 0.5679
2025-10-19 03:43:51,899 - INFO - temporal_CdAccuracy: 0.0716; temporal_PA: 0.548; temporal_UA: 0.5227; temporal_F1: 0.535
2025-10-19 03:43:51,900 - INFO - Confusion Matrix
 [69072.	10519.	    9.	    9.	    4.]
 [20963.	38744.	    6.	   27.	    0.]
 [  602.	 2097.	    0.	    9.	    0.]
 [ 1340.	  167.	    5.	    1.	    0.]
 [ 9882.	  376.	   24.	    1.	 1123.]
2025-10-19 03:43:51,991 - INFO - Epoch 3 saved.
2025-10-19 03:43:51,992 - INFO - model saved 4 times, last saved epoch: 3.

2025-10-19 03:43:55,025 - INFO - Epoch 4, Train loss: 1.2575282596051693
2025-10-19 03:43:55,858 - INFO - mIoU: 0.4588; OA: 0.8597; AA: 0.5066; F1: 0.8664; Kappa: 0.7496;
2025-10-19 03:43:55,858 - INFO - spatial_LccAccuracy: 0.3686; spatial_PA: 0.5897; spatial_UA: 0.6543; spatial_F1: 0.6203
2025-10-19 03:43:55,858 - INFO - temporal_CdAccuracy: 0.1301; temporal_PA: 0.5849; temporal_UA: 0.5662; temporal_F1: 0.5754
2025-10-19 03:43:55,859 - INFO - Confusion Matrix
 [73644.	 5967.	    0.	    0.	    2.]
 [ 8753.	50987.	    0.	    0.	    0.]
 [  301.	 2407.	    0.	    0.	    0.]
 [ 1388.	  125.	    0.	    0.	    0.]
 [ 2451.	  347.	    1.	    0.	 8607.]
2025-10-19 03:43:55,933 - INFO - Epoch 4 saved.
2025-10-19 03:43:55,934 - INFO - model saved 5 times, last saved epoch: 4.

2025-10-19 03:43:58,917 - INFO - Epoch 5, Train loss: 0.9432792376726866
2025-10-19 03:43:59,777 - INFO - mIoU: 0.5032; OA: 0.8973; AA: 0.5421; F1: 0.6843; Kappa: 0.8188;
2025-10-19 03:43:59,777 - INFO - spatial_LccAccuracy: 0.5017; spatial_PA: 0.7451; spatial_UA: 0.7684; spatial_F1: 0.7566
2025-10-19 03:43:59,777 - INFO - temporal_CdAccuracy: 0.2884; temporal_PA: 0.6287; temporal_UA: 0.6337; temporal_F1: 0.6312
2025-10-19 03:43:59,778 - INFO - Confusion Matrix
 [74399.	 5214.	    0.	    0.	    0.]
 [ 4844.	54895.	    1.	    0.	    0.]
 [  121.	 2585.	    2.	    0.	    0.]
 [  919.	  594.	    0.	    0.	    0.]
 [ 1275.	  352.	    2.	   12.	 9765.]
2025-10-19 03:43:59,881 - INFO - Epoch 5 saved.
2025-10-19 03:43:59,882 - INFO - model saved 6 times, last saved epoch: 5.

2025-10-19 03:44:03,101 - INFO - Epoch 6, Train loss: 0.8102653097361326
2025-10-19 03:44:03,981 - INFO - mIoU: 0.527; OA: 0.9113; AA: 0.5613; F1: 0.5759; Kappa: 0.8438;
2025-10-19 03:44:03,981 - INFO - spatial_LccAccuracy: 0.5234; spatial_PA: 0.76; spatial_UA: 0.776; spatial_F1: 0.7679
2025-10-19 03:44:03,981 - INFO - temporal_CdAccuracy: 0.3709; temporal_PA: 0.6748; temporal_UA: 0.693; temporal_F1: 0.6838
2025-10-19 03:44:03,982 - INFO - Confusion Matrix
 [75683.	 3929.	    1.	    0.	    0.]
 [ 4257.	55471.	   12.	    0.	    0.]
 [   81.	 2481.	  143.	    3.	    0.]
 [  678.	  829.	    0.	    6.	    0.]
 [  979.	  309.	    6.	  182.	 9930.]
2025-10-19 03:44:04,043 - INFO - Epoch 6 saved.
2025-10-19 03:44:04,044 - INFO - model saved 7 times, last saved epoch: 6.

2025-10-19 03:44:07,020 - INFO - Epoch 7, Train loss: 0.7131600242108107
2025-10-19 03:44:07,864 - INFO - mIoU: 0.5998; OA: 0.9251; AA: 0.6298; F1: 0.674; Kappa: 0.8682;
2025-10-19 03:44:07,864 - INFO - spatial_LccAccuracy: 0.597; spatial_PA: 0.8887; spatial_UA: 0.8478; spatial_F1: 0.8678
2025-10-19 03:44:07,864 - INFO - temporal_CdAccuracy: 0.4557; temporal_PA: 0.7012; temporal_UA: 0.7264; temporal_F1: 0.7136
2025-10-19 03:44:07,865 - INFO - Confusion Matrix
 [77024.	 2588.	    1.	    0.	    0.]
 [ 4502.	55211.	   23.	    4.	    0.]
 [   79.	 1761.	  867.	    1.	    0.]
 [  695.	  753.	    0.	   65.	    0.]
 [  911.	  268.	    4.	   23.	10200.]
2025-10-19 03:44:07,940 - INFO - Epoch 7 saved.
2025-10-19 03:44:07,940 - INFO - model saved 8 times, last saved epoch: 7.

2025-10-19 03:44:10,979 - INFO - Epoch 8, Train loss: 0.6321769040077925
2025-10-19 03:44:11,882 - INFO - mIoU: 0.6999; OA: 0.9352; AA: 0.7278; F1: 0.7887; Kappa: 0.8865;
2025-10-19 03:44:11,882 - INFO - spatial_LccAccuracy: 0.621; spatial_PA: 0.9152; spatial_UA: 0.8555; spatial_F1: 0.8844
2025-10-19 03:44:11,883 - INFO - temporal_CdAccuracy: 0.4746; temporal_PA: 0.7285; temporal_UA: 0.7547; temporal_F1: 0.7414
2025-10-19 03:44:11,883 - INFO - Confusion Matrix
 [77349.	 2262.	    0.	    2.	    0.]
 [ 4361.	55318.	   42.	   19.	    0.]
 [   64.	  964.	 1678.	    2.	    0.]
 [  731.	  444.	    0.	  338.	    0.]
 [  924.	  231.	    4.	    0.	10247.]
2025-10-19 03:44:11,950 - INFO - Epoch 8 saved.
2025-10-19 03:44:11,951 - INFO - model saved 9 times, last saved epoch: 8.

2025-10-19 03:44:14,980 - INFO - Epoch 9, Train loss: 0.599748545140028
2025-10-19 03:44:15,806 - INFO - mIoU: 0.7552; OA: 0.9462; AA: 0.7807; F1: 0.8397; Kappa: 0.9063;
2025-10-19 03:44:15,806 - INFO - spatial_LccAccuracy: 0.6616; spatial_PA: 0.9316; spatial_UA: 0.896; spatial_F1: 0.9135
2025-10-19 03:44:15,806 - INFO - temporal_CdAccuracy: 0.5451; temporal_PA: 0.7851; temporal_UA: 0.8031; temporal_F1: 0.794
2025-10-19 03:44:15,807 - INFO - Confusion Matrix
 [77108.	 2498.	    3.	    3.	    1.]
 [ 2980.	56694.	   41.	   23.	    2.]
 [   16.	  721.	 1971.	    0.	    0.]
 [  483.	  497.	    0.	  533.	    0.]
 [  743.	  328.	    3.	    0.	10332.]
2025-10-19 03:44:15,870 - INFO - Epoch 9 saved.
2025-10-19 03:44:15,871 - INFO - model saved 10 times, last saved epoch: 9.

2025-10-19 03:44:18,985 - INFO - Epoch 10, Train loss: 0.5693442037329077
2025-10-19 03:44:19,884 - INFO - mIoU: 0.8016; OA: 0.9509; AA: 0.8282; F1: 0.8812; Kappa: 0.9149;
2025-10-19 03:44:19,884 - INFO - spatial_LccAccuracy: 0.6787; spatial_PA: 0.9413; spatial_UA: 0.9013; spatial_F1: 0.9209
2025-10-19 03:44:19,884 - INFO - temporal_CdAccuracy: 0.573; temporal_PA: 0.8147; temporal_UA: 0.8243; temporal_F1: 0.8195
2025-10-19 03:44:19,885 - INFO - Confusion Matrix
 [76670.	 2933.	    3.	    7.	    0.]
 [ 2183.	57465.	   45.	   44.	    3.]
 [   17.	  609.	 2082.	    0.	    0.]
 [  454.	  241.	    0.	  818.	    0.]
 [  758.	  304.	    2.	    0.	10342.]
2025-10-19 03:44:19,949 - INFO - Epoch 10 saved.
2025-10-19 03:44:19,949 - INFO - model saved 11 times, last saved epoch: 10.

2025-10-19 03:44:23,069 - INFO - Epoch 11, Train loss: 0.5450319658964873
2025-10-19 03:44:23,985 - INFO - mIoU: 0.8317; OA: 0.9571; AA: 0.8605; F1: 0.9017; Kappa: 0.9255;
2025-10-19 03:44:23,985 - INFO - spatial_LccAccuracy: 0.7278; spatial_PA: 0.9461; spatial_UA: 0.9102; spatial_F1: 0.9278
2025-10-19 03:44:23,985 - INFO - temporal_CdAccuracy: 0.6109; temporal_PA: 0.8344; temporal_UA: 0.845; temporal_F1: 0.8397
2025-10-19 03:44:23,986 - INFO - Confusion Matrix
 [77752.	 1839.	    2.	    9.	   11.]
 [ 2688.	56891.	   69.	   84.	    8.]
 [   18.	  400.	 2290.	    0.	    0.]
 [  451.	  139.	    0.	  923.	    0.]
 [  655.	  283.	    0.	    0.	10468.]
2025-10-19 03:44:24,050 - INFO - Epoch 11 saved.
2025-10-19 03:44:24,050 - INFO - model saved 12 times, last saved epoch: 11.

2025-10-19 03:44:27,075 - INFO - Epoch 12, Train loss: 0.5210042512044311
2025-10-19 03:44:28,013 - INFO - mIoU: 0.8556; OA: 0.961; AA: 0.8872; F1: 0.9181; Kappa: 0.9326;
2025-10-19 03:44:28,014 - INFO - spatial_LccAccuracy: 0.748; spatial_PA: 0.9603; spatial_UA: 0.966; spatial_F1: 0.9631
2025-10-19 03:44:28,014 - INFO - temporal_CdAccuracy: 0.633; temporal_PA: 0.8621; temporal_UA: 0.8516; temporal_F1: 0.8568
2025-10-19 03:44:28,015 - INFO - Confusion Matrix
 [77003.	 2569.	    8.	   19.	   14.]
 [ 1671.	57885.	   78.	   90.	   16.]
 [    9.	  337.	 2362.	    0.	    0.]
 [  198.	  262.	    0.	 1052.	    1.]
 [  441.	  332.	    0.	    2.	10631.]
2025-10-19 03:44:28,084 - INFO - Epoch 12 saved.
2025-10-19 03:44:28,084 - INFO - model saved 13 times, last saved epoch: 12.

2025-10-19 03:44:31,030 - INFO - Epoch 13, Train loss: 0.5106756236404181
2025-10-19 03:44:31,865 - INFO - mIoU: 0.8617; OA: 0.9631; AA: 0.891; F1: 0.9221; Kappa: 0.9362;
2025-10-19 03:44:31,865 - INFO - spatial_LccAccuracy: 0.765; spatial_PA: 0.9604; spatial_UA: 0.9573; spatial_F1: 0.9588
2025-10-19 03:44:31,866 - INFO - temporal_CdAccuracy: 0.64; temporal_PA: 0.8712; temporal_UA: 0.8643; temporal_F1: 0.8678
2025-10-19 03:44:31,867 - INFO - Confusion Matrix
 [77731.	 1861.	    3.	   13.	    5.]
 [ 2084.	57477.	   68.	   96.	   15.]
 [   13.	  317.	 2378.	    0.	    0.]
 [  269.	  172.	    0.	 1072.	    0.]
 [  487.	  312.	    0.	    0.	10607.]
2025-10-19 03:44:31,947 - INFO - Epoch 13 saved.
2025-10-19 03:44:31,948 - INFO - model saved 14 times, last saved epoch: 13.

2025-10-19 03:44:34,867 - INFO - Epoch 14, Train loss: 0.497663464397192
2025-10-19 03:44:35,712 - INFO - mIoU: 0.8761; OA: 0.966; AA: 0.9053; F1: 0.9312; Kappa: 0.9414;
2025-10-19 03:44:35,712 - INFO - spatial_LccAccuracy: 0.7727; spatial_PA: 0.9672; spatial_UA: 0.9789; spatial_F1: 0.973
2025-10-19 03:44:35,712 - INFO - temporal_CdAccuracy: 0.6523; temporal_PA: 0.8821; temporal_UA: 0.867; temporal_F1: 0.8745
2025-10-19 03:44:35,713 - INFO - Confusion Matrix
 [77340.	 2246.	    3.	   17.	    7.]
 [ 1490.	58072.	   67.	   88.	   23.]
 [   12.	  289.	 2407.	    0.	    0.]
 [  158.	  218.	    0.	 1136.	    1.]
 [  328.	  314.	    0.	    3.	10761.]
2025-10-19 03:44:35,784 - INFO - Epoch 14 saved.
2025-10-19 03:44:35,784 - INFO - model saved 15 times, last saved epoch: 14.

2025-10-19 03:44:38,927 - INFO - Epoch 15, Train loss: 0.4873114896938205
2025-10-19 03:44:39,930 - INFO - mIoU: 0.8859; OA: 0.968; AA: 0.9169; F1: 0.9373; Kappa: 0.9447;
2025-10-19 03:44:39,930 - INFO - spatial_LccAccuracy: 0.7863; spatial_PA: 0.9709; spatial_UA: 0.9834; spatial_F1: 0.9771
2025-10-19 03:44:39,930 - INFO - temporal_CdAccuracy: 0.6527; temporal_PA: 0.8885; temporal_UA: 0.8678; temporal_F1: 0.8781
2025-10-19 03:44:39,931 - INFO - Confusion Matrix
 [77454.	 2115.	    3.	   30.	   11.]
 [ 1453.	58092.	   72.	   95.	   28.]
 [   12.	  263.	 2433.	    0.	    0.]
 [  105.	  211.	    0.	 1196.	    1.]
 [  294.	  272.	    0.	    1.	10839.]
2025-10-19 03:44:40,002 - INFO - Epoch 15 saved.
2025-10-19 03:44:40,003 - INFO - model saved 16 times, last saved epoch: 15.

2025-10-19 03:44:42,946 - INFO - Epoch 16, Train loss: 0.4788296319544315
2025-10-19 03:44:43,800 - INFO - mIoU: 0.8906; OA: 0.9695; AA: 0.9164; F1: 0.94; Kappa: 0.9473;
2025-10-19 03:44:43,800 - INFO - spatial_LccAccuracy: 0.7952; spatial_PA: 0.9768; spatial_UA: 0.98; spatial_F1: 0.9784
2025-10-19 03:44:43,800 - INFO - temporal_CdAccuracy: 0.6636; temporal_PA: 0.8968; temporal_UA: 0.8786; temporal_F1: 0.8876
2025-10-19 03:44:43,800 - INFO - Confusion Matrix
 [77525.	 2062.	    4.	    9.	   13.]
 [ 1370.	58195.	   78.	   62.	   35.]
 [   13.	  233.	 2462.	    0.	    0.]
 [  176.	  172.	    0.	 1164.	    1.]
 [  257.	  248.	    0.	    0.	10901.]
2025-10-19 03:44:43,860 - INFO - Epoch 16 saved.
2025-10-19 03:44:43,860 - INFO - model saved 17 times, last saved epoch: 16.

2025-10-19 03:44:46,818 - INFO - Epoch 17, Train loss: 0.47311297338455915
2025-10-19 03:44:47,736 - INFO - mIoU: 0.9061; OA: 0.9718; AA: 0.9367; F1: 0.9495; Kappa: 0.9514;
2025-10-19 03:44:47,737 - INFO - spatial_LccAccuracy: 0.8242; spatial_PA: 0.9683; spatial_UA: 0.9801; spatial_F1: 0.9742
2025-10-19 03:44:47,737 - INFO - temporal_CdAccuracy: 0.6698; temporal_PA: 0.9033; temporal_UA: 0.8844; temporal_F1: 0.8938
2025-10-19 03:44:47,738 - INFO - Confusion Matrix
 [78433.	 1161.	    2.	   11.	    6.]
 [ 2141.	57352.	   87.	  109.	   51.]
 [   17.	  207.	 2484.	    0.	    0.]
 [  144.	   76.	    3.	 1289.	    1.]
 [  156.	  195.	    0.	    1.	11054.]
2025-10-19 03:44:47,824 - INFO - Epoch 17 saved.
2025-10-19 03:44:47,825 - INFO - model saved 18 times, last saved epoch: 17.

2025-10-19 03:44:50,937 - INFO - Epoch 18, Train loss: 0.4653448523953557
2025-10-19 03:44:51,747 - INFO - mIoU: 0.9157; OA: 0.9733; AA: 0.9419; F1: 0.9553; Kappa: 0.9539;
2025-10-19 03:44:51,747 - INFO - spatial_LccAccuracy: 0.8471; spatial_PA: 0.9693; spatial_UA: 0.9839; spatial_F1: 0.9765
2025-10-19 03:44:51,748 - INFO - temporal_CdAccuracy: 0.693; temporal_PA: 0.9091; temporal_UA: 0.8979; temporal_F1: 0.9035
2025-10-19 03:44:51,749 - INFO - Confusion Matrix
 [78631.	  966.	    1.	   12.	    3.]
 [ 2200.	57337.	   68.	   80.	   55.]
 [   16.	  227.	 2465.	    0.	    0.]
 [   76.	  103.	    1.	 1333.	    0.]
 [  145.	  187.	    0.	    0.	11074.]
2025-10-19 03:44:51,810 - INFO - Epoch 18 saved.
2025-10-19 03:44:51,811 - INFO - model saved 19 times, last saved epoch: 18.

2025-10-19 03:44:54,813 - INFO - Epoch 19, Train loss: 0.46139286570250987
2025-10-19 03:44:55,709 - INFO - mIoU: 0.9228; OA: 0.9746; AA: 0.9467; F1: 0.9593; Kappa: 0.9563;
2025-10-19 03:44:55,709 - INFO - spatial_LccAccuracy: 0.8571; spatial_PA: 0.9725; spatial_UA: 0.983; spatial_F1: 0.9777
2025-10-19 03:44:55,709 - INFO - temporal_CdAccuracy: 0.7; temporal_PA: 0.9144; temporal_UA: 0.9047; temporal_F1: 0.9095
2025-10-19 03:44:55,710 - INFO - Confusion Matrix
 [78590.	 1009.	    0.	   10.	    4.]
 [ 2027.	57524.	   65.	   65.	   59.]
 [   19.	  226.	 2463.	    0.	    0.]
 [   94.	   58.	    0.	 1361.	    0.]
 [  138.	  155.	    0.	    0.	11113.]
2025-10-19 03:44:55,774 - INFO - Epoch 19 saved.
2025-10-19 03:44:55,775 - INFO - model saved 20 times, last saved epoch: 19.

2025-10-19 03:44:58,736 - INFO - Epoch 20, Train loss: 0.45592668242752554
2025-10-19 03:44:59,628 - INFO - mIoU: 0.9309; OA: 0.9767; AA: 0.9513; F1: 0.9639; Kappa: 0.9598;
2025-10-19 03:44:59,628 - INFO - spatial_LccAccuracy: 0.8746; spatial_PA: 0.9787; spatial_UA: 0.9874; spatial_F1: 0.983
2025-10-19 03:44:59,628 - INFO - temporal_CdAccuracy: 0.7131; temporal_PA: 0.9179; temporal_UA: 0.9107; temporal_F1: 0.9143
2025-10-19 03:44:59,629 - INFO - Confusion Matrix
 [78162.	 1432.	    2.	   15.	    2.]
 [ 1377.	58219.	   75.	   21.	   48.]
 [   11.	  215.	 2482.	    0.	    0.]
 [   41.	   91.	    7.	 1374.	    0.]
 [  107.	  174.	    0.	    0.	11125.]
2025-10-19 03:44:59,691 - INFO - Epoch 20 saved.
2025-10-19 03:44:59,692 - INFO - model saved 21 times, last saved epoch: 20.

2025-10-19 03:45:02,813 - INFO - Epoch 21, Train loss: 0.44991760794073343
2025-10-19 03:45:03,765 - INFO - mIoU: 0.9379; OA: 0.9778; AA: 0.9562; F1: 0.9677; Kappa: 0.9617;
2025-10-19 03:45:03,765 - INFO - spatial_LccAccuracy: 0.8804; spatial_PA: 0.9765; spatial_UA: 0.9885; spatial_F1: 0.9824
2025-10-19 03:45:03,765 - INFO - temporal_CdAccuracy: 0.7209; temporal_PA: 0.9248; temporal_UA: 0.9188; temporal_F1: 0.9218
2025-10-19 03:45:03,766 - INFO - Confusion Matrix
 [78313.	 1285.	    2.	   11.	    2.]
 [ 1398.	58213.	   64.	   21.	   44.]
 [   12.	  215.	 2481.	    0.	    0.]
 [   40.	   63.	    0.	 1410.	    0.]
 [  107.	  178.	    0.	    0.	11121.]
2025-10-19 03:45:03,831 - INFO - Epoch 21 saved.
2025-10-19 03:45:03,832 - INFO - model saved 22 times, last saved epoch: 21.

2025-10-19 03:45:06,938 - INFO - Epoch 22, Train loss: 0.4466853654012084
2025-10-19 03:45:07,781 - INFO - mIoU: 0.9402; OA: 0.9783; AA: 0.9554; F1: 0.9689; Kappa: 0.9626;
2025-10-19 03:45:07,782 - INFO - spatial_LccAccuracy: 0.8873; spatial_PA: 0.9858; spatial_UA: 0.9885; spatial_F1: 0.9872
2025-10-19 03:45:07,782 - INFO - temporal_CdAccuracy: 0.7236; temporal_PA: 0.9278; temporal_UA: 0.9211; temporal_F1: 0.9244
2025-10-19 03:45:07,783 - INFO - Confusion Matrix
 [78168.	 1436.	    0.	    8.	    1.]
 [ 1180.	58466.	   42.	   12.	   40.]
 [   13.	  237.	 2458.	    0.	    0.]
 [   41.	   57.	    0.	 1415.	    0.]
 [  100.	  199.	    0.	    0.	11107.]
2025-10-19 03:45:07,850 - INFO - Epoch 22 saved.
2025-10-19 03:45:07,851 - INFO - model saved 23 times, last saved epoch: 22.

2025-10-19 03:45:10,837 - INFO - Epoch 23, Train loss: 0.44377304445952176
2025-10-19 03:45:11,706 - INFO - mIoU: 0.9418; OA: 0.9766; AA: 0.9609; F1: 0.9699; Kappa: 0.9598;
2025-10-19 03:45:11,706 - INFO - spatial_LccAccuracy: 0.8885; spatial_PA: 0.9851; spatial_UA: 0.9858; spatial_F1: 0.9854
2025-10-19 03:45:11,707 - INFO - temporal_CdAccuracy: 0.7255; temporal_PA: 0.9175; temporal_UA: 0.9215; temporal_F1: 0.9195
2025-10-19 03:45:11,708 - INFO - Confusion Matrix
 [77511.	 2083.	    3.	   16.	    0.]
 [  807.	58838.	   59.	   17.	   19.]
 [    9.	  206.	 2493.	    0.	    0.]
 [   22.	   44.	    2.	 1445.	    0.]
 [   76.	  265.	    0.	    0.	11065.]
2025-10-19 03:45:11,777 - INFO - Epoch 23 saved.
2025-10-19 03:45:11,777 - INFO - model saved 24 times, last saved epoch: 23.

2025-10-19 03:45:14,600 - INFO - Epoch 24, Train loss: 0.43909343983978033
2025-10-19 03:45:15,442 - INFO - mIoU: 0.9482; OA: 0.9796; AA: 0.9664; F1: 0.9733; Kappa: 0.9648;
2025-10-19 03:45:15,442 - INFO - spatial_LccAccuracy: 0.8978; spatial_PA: 0.9861; spatial_UA: 0.9894; spatial_F1: 0.9877
2025-10-19 03:45:15,442 - INFO - temporal_CdAccuracy: 0.7274; temporal_PA: 0.9312; temporal_UA: 0.9249; temporal_F1: 0.9281
2025-10-19 03:45:15,443 - INFO - Confusion Matrix
 [78271.	 1331.	    2.	    9.	    0.]
 [ 1185.	58425.	   66.	   26.	   38.]
 [   13.	  171.	 2524.	    0.	    0.]
 [   34.	   23.	    0.	 1456.	    0.]
 [   93.	  177.	    0.	    0.	11136.]
2025-10-19 03:45:15,647 - INFO - Epoch 24 saved.
2025-10-19 03:45:15,648 - INFO - model saved 25 times, last saved epoch: 24.

2025-10-19 03:45:18,686 - INFO - Epoch 25, Train loss: 0.4357641160488129
2025-10-19 03:45:19,538 - INFO - mIoU: 0.9508; OA: 0.9802; AA: 0.9679; F1: 0.9746; Kappa: 0.9659;
2025-10-19 03:45:19,538 - INFO - spatial_LccAccuracy: 0.899; spatial_PA: 0.9834; spatial_UA: 0.9921; spatial_F1: 0.9877
2025-10-19 03:45:19,539 - INFO - temporal_CdAccuracy: 0.7302; temporal_PA: 0.9335; temporal_UA: 0.9288; temporal_F1: 0.9312
2025-10-19 03:45:19,539 - INFO - Confusion Matrix
 [78435.	 1168.	    2.	    8.	    0.]
 [ 1296.	58319.	   63.	   22.	   40.]
 [   12.	  180.	 2516.	    0.	    0.]
 [   27.	   20.	    0.	 1466.	    0.]
 [   76.	  151.	    0.	    0.	11179.]
2025-10-19 03:45:19,603 - INFO - Epoch 25 saved.
2025-10-19 03:45:19,604 - INFO - model saved 26 times, last saved epoch: 25.

2025-10-19 03:45:22,718 - INFO - Epoch 26, Train loss: 0.43285163305699825
2025-10-19 03:45:23,596 - INFO - mIoU: 0.9478; OA: 0.9799; AA: 0.9631; F1: 0.973; Kappa: 0.9653;
2025-10-19 03:45:23,596 - INFO - spatial_LccAccuracy: 0.9005; spatial_PA: 0.9863; spatial_UA: 0.9903; spatial_F1: 0.9883
2025-10-19 03:45:23,596 - INFO - temporal_CdAccuracy: 0.7352; temporal_PA: 0.928; temporal_UA: 0.9314; temporal_F1: 0.9297
2025-10-19 03:45:23,596 - INFO - Confusion Matrix
 [78145.	 1462.	    1.	    5.	    0.]
 [  987.	58663.	   48.	   18.	   24.]
 [   11.	  201.	 2496.	    0.	    0.]
 [   31.	   35.	    0.	 1447.	    0.]
 [  104.	  194.	    0.	    0.	11108.]
2025-10-19 03:45:23,597 - INFO - model saved 26 times, last saved epoch: 25.

2025-10-19 03:45:26,673 - INFO - Epoch 27, Train loss: 0.4317162748426199
2025-10-19 03:45:27,482 - INFO - mIoU: 0.9544; OA: 0.9812; AA: 0.9704; F1: 0.9765; Kappa: 0.9677;
2025-10-19 03:45:27,483 - INFO - spatial_LccAccuracy: 0.9036; spatial_PA: 0.9813; spatial_UA: 0.9907; spatial_F1: 0.986
2025-10-19 03:45:27,483 - INFO - temporal_CdAccuracy: 0.7329; temporal_PA: 0.9386; temporal_UA: 0.9311; temporal_F1: 0.9348
2025-10-19 03:45:27,484 - INFO - Confusion Matrix
 [78633.	  973.	    2.	    5.	    0.]
 [ 1372.	58243.	   64.	   19.	   42.]
 [   10.	  169.	 2529.	    0.	    0.]
 [   26.	   13.	    0.	 1474.	    0.]
 [   71.	  144.	    0.	    0.	11191.]
2025-10-19 03:45:27,550 - INFO - Epoch 27 saved.
2025-10-19 03:45:27,550 - INFO - model saved 27 times, last saved epoch: 27.

2025-10-19 03:45:30,405 - INFO - Epoch 28, Train loss: 0.4269892243668437
2025-10-19 03:45:31,289 - INFO - mIoU: 0.954; OA: 0.9811; AA: 0.9719; F1: 0.9763; Kappa: 0.9675;
2025-10-19 03:45:31,290 - INFO - spatial_LccAccuracy: 0.9055; spatial_PA: 0.9847; spatial_UA: 0.9907; spatial_F1: 0.9877
2025-10-19 03:45:31,290 - INFO - temporal_CdAccuracy: 0.7344; temporal_PA: 0.9334; temporal_UA: 0.9295; temporal_F1: 0.9314
2025-10-19 03:45:31,291 - INFO - Confusion Matrix
 [78226.	 1376.	    3.	    8.	    0.]
 [  978.	58632.	   94.	   15.	   21.]
 [    7.	  136.	 2565.	    0.	    0.]
 [   25.	   20.	    0.	 1468.	    0.]
 [   64.	  185.	    0.	    0.	11157.]
2025-10-19 03:45:31,292 - INFO - model saved 27 times, last saved epoch: 27.

2025-10-19 03:45:34,303 - INFO - Epoch 29, Train loss: 0.42644360940903425
2025-10-19 03:45:35,187 - INFO - mIoU: 0.9502; OA: 0.9807; AA: 0.9632; F1: 0.9743; Kappa: 0.9668;
2025-10-19 03:45:35,187 - INFO - spatial_LccAccuracy: 0.9079; spatial_PA: 0.9822; spatial_UA: 0.9909; spatial_F1: 0.9865
2025-10-19 03:45:35,187 - INFO - temporal_CdAccuracy: 0.7379; temporal_PA: 0.9348; temporal_UA: 0.9356; temporal_F1: 0.9352
2025-10-19 03:45:35,188 - INFO - Confusion Matrix
 [78823.	  783.	    0.	    7.	    0.]
 [ 1583.	58087.	   38.	   10.	   22.]
 [   13.	  221.	 2474.	    0.	    0.]
 [   21.	   36.	    0.	 1456.	    0.]
 [   77.	  177.	    0.	    0.	11152.]
2025-10-19 03:45:35,189 - INFO - model saved 27 times, last saved epoch: 27.

2025-10-19 03:45:38,419 - INFO - Epoch 30, Train loss: 0.42324381675571204
2025-10-19 03:45:39,303 - INFO - mIoU: 0.9543; OA: 0.9793; AA: 0.9742; F1: 0.9765; Kappa: 0.9643;
2025-10-19 03:45:39,304 - INFO - spatial_LccAccuracy: 0.9051; spatial_PA: 0.9701; spatial_UA: 0.9903; spatial_F1: 0.9801
2025-10-19 03:45:39,304 - INFO - temporal_CdAccuracy: 0.7348; temporal_PA: 0.9388; temporal_UA: 0.9288; temporal_F1: 0.9338
2025-10-19 03:45:39,305 - INFO - Confusion Matrix
 [78890.	  714.	    1.	    8.	    0.]
 [ 1961.	57570.	  105.	   18.	   86.]
 [   11.	  134.	 2563.	    0.	    0.]
 [   16.	   10.	    0.	 1487.	    0.]
 [   37.	  108.	    0.	    0.	11261.]
2025-10-19 03:45:39,306 - INFO - model saved 27 times, last saved epoch: 27.

2025-10-19 03:45:42,436 - INFO - Epoch 31, Train loss: 0.4214541742578149
2025-10-19 03:45:43,340 - INFO - mIoU: 0.9538; OA: 0.9804; AA: 0.972; F1: 0.9762; Kappa: 0.9662;
2025-10-19 03:45:43,340 - INFO - spatial_LccAccuracy: 0.9071; spatial_PA: 0.9844; spatial_UA: 0.9864; spatial_F1: 0.9854
2025-10-19 03:45:43,340 - INFO - temporal_CdAccuracy: 0.7294; temporal_PA: 0.9349; temporal_UA: 0.9333; temporal_F1: 0.9341
2025-10-19 03:45:43,341 - INFO - Confusion Matrix
 [78839.	  769.	    0.	    5.	    0.]
 [ 1715.	57879.	   70.	   34.	   42.]
 [   20.	  136.	 2552.	    0.	    0.]
 [   30.	    5.	    0.	 1478.	    0.]
 [   71.	  141.	    0.	    0.	11194.]
2025-10-19 03:45:43,342 - INFO - model saved 27 times, last saved epoch: 27.

2025-10-19 03:45:46,438 - INFO - Epoch 32, Train loss: 0.418874603882432
2025-10-19 03:45:47,333 - INFO - mIoU: 0.9594; OA: 0.9826; AA: 0.9753; F1: 0.9792; Kappa: 0.97;
2025-10-19 03:45:47,334 - INFO - spatial_LccAccuracy: 0.9175; spatial_PA: 0.9864; spatial_UA: 0.9938; spatial_F1: 0.9901
2025-10-19 03:45:47,334 - INFO - temporal_CdAccuracy: 0.741; temporal_PA: 0.9389; temporal_UA: 0.9382; temporal_F1: 0.9385
2025-10-19 03:45:47,335 - INFO - Confusion Matrix
 [78552.	 1050.	    1.	   10.	    0.]
 [ 1142.	58490.	   71.	   16.	   21.]
 [    6.	  139.	 2563.	    0.	    0.]
 [   14.	   10.	    0.	 1489.	    0.]
 [   49.	  175.	    0.	    0.	11182.]
2025-10-19 03:45:47,408 - INFO - Epoch 32 saved.
2025-10-19 03:45:47,409 - INFO - model saved 28 times, last saved epoch: 32.

2025-10-19 03:45:50,420 - INFO - Epoch 33, Train loss: 0.4173003787174821
2025-10-19 03:45:51,290 - INFO - mIoU: 0.9583; OA: 0.9826; AA: 0.9771; F1: 0.9786; Kappa: 0.97;
2025-10-19 03:45:51,290 - INFO - spatial_LccAccuracy: 0.9168; spatial_PA: 0.985; spatial_UA: 0.9917; spatial_F1: 0.9883
2025-10-19 03:45:51,290 - INFO - temporal_CdAccuracy: 0.7387; temporal_PA: 0.9445; temporal_UA: 0.9339; temporal_F1: 0.9392
2025-10-19 03:45:51,291 - INFO - Confusion Matrix
 [78571.	 1032.	    4.	    6.	    0.]
 [ 1131.	58439.	  115.	   17.	   38.]
 [    7.	  115.	 2586.	    0.	    0.]
 [   19.	    6.	    0.	 1488.	    0.]
 [   63.	  145.	    0.	    0.	11198.]
2025-10-19 03:45:51,292 - INFO - model saved 28 times, last saved epoch: 32.

2025-10-19 03:45:54,312 - INFO - Epoch 34, Train loss: 0.415446162968874
2025-10-19 03:45:55,161 - INFO - mIoU: 0.9588; OA: 0.982; AA: 0.9733; F1: 0.9789; Kappa: 0.9689;
2025-10-19 03:45:55,161 - INFO - spatial_LccAccuracy: 0.916; spatial_PA: 0.9831; spatial_UA: 0.9912; spatial_F1: 0.9871
2025-10-19 03:45:55,162 - INFO - temporal_CdAccuracy: 0.7398; temporal_PA: 0.9409; temporal_UA: 0.9361; temporal_F1: 0.9385
2025-10-19 03:45:55,162 - INFO - Confusion Matrix
 [78874.	  733.	    1.	    5.	    0.]
 [ 1519.	58116.	   62.	   13.	   30.]
 [    9.	  144.	 2555.	    0.	    0.]
 [   19.	    9.	    0.	 1485.	    0.]
 [   88.	  165.	    0.	    0.	11153.]
2025-10-19 03:45:55,163 - INFO - model saved 28 times, last saved epoch: 32.

2025-10-19 03:45:58,270 - INFO - Epoch 35, Train loss: 0.4142101021483541
2025-10-19 03:45:59,152 - INFO - mIoU: 0.9586; OA: 0.9821; AA: 0.9752; F1: 0.9787; Kappa: 0.9692;
2025-10-19 03:45:59,152 - INFO - spatial_LccAccuracy: 0.9168; spatial_PA: 0.9914; spatial_UA: 0.9934; spatial_F1: 0.9924
2025-10-19 03:45:59,152 - INFO - temporal_CdAccuracy: 0.7391; temporal_PA: 0.9399; temporal_UA: 0.9321; temporal_F1: 0.936
2025-10-19 03:45:59,153 - INFO - Confusion Matrix
 [78313.	 1289.	    5.	    6.	    0.]
 [  958.	58665.	   60.	   25.	   32.]
 [    5.	  153.	 2550.	    0.	    0.]
 [   12.	    5.	    0.	 1496.	    0.]
 [   61.	  167.	    0.	    0.	11178.]
2025-10-19 03:45:59,154 - INFO - model saved 28 times, last saved epoch: 32.

2025-10-19 03:46:02,185 - INFO - Epoch 36, Train loss: 0.41365317031741144
2025-10-19 03:46:03,025 - INFO - mIoU: 0.9622; OA: 0.9833; AA: 0.9766; F1: 0.9806; Kappa: 0.9713;
2025-10-19 03:46:03,026 - INFO - spatial_LccAccuracy: 0.9206; spatial_PA: 0.9857; spatial_UA: 0.9945; spatial_F1: 0.9901
2025-10-19 03:46:03,026 - INFO - temporal_CdAccuracy: 0.7464; temporal_PA: 0.9407; temporal_UA: 0.9414; temporal_F1: 0.9411
2025-10-19 03:46:03,027 - INFO - Confusion Matrix
 [78698.	  908.	    3.	    4.	    0.]
 [ 1218.	58404.	   73.	    9.	   36.]
 [    9.	  138.	 2561.	    0.	    0.]
 [   17.	    5.	    0.	 1491.	    0.]
 [   32.	  131.	    0.	    0.	11243.]
2025-10-19 03:46:03,090 - INFO - Epoch 36 saved.
2025-10-19 03:46:03,091 - INFO - model saved 29 times, last saved epoch: 36.

2025-10-19 03:46:06,073 - INFO - Epoch 37, Train loss: 0.4110415749251842
2025-10-19 03:46:06,950 - INFO - mIoU: 0.9588; OA: 0.9823; AA: 0.9739; F1: 0.9789; Kappa: 0.9694;
2025-10-19 03:46:06,950 - INFO - spatial_LccAccuracy: 0.921; spatial_PA: 0.9864; spatial_UA: 0.9938; spatial_F1: 0.9901
2025-10-19 03:46:06,950 - INFO - temporal_CdAccuracy: 0.7441; temporal_PA: 0.9434; temporal_UA: 0.9404; temporal_F1: 0.9419
2025-10-19 03:46:06,951 - INFO - Confusion Matrix
 [78905.	  703.	    1.	    4.	    0.]
 [ 1519.	58099.	   67.	   17.	   38.]
 [    9.	  137.	 2562.	    0.	    0.]
 [   25.	    6.	    0.	 1482.	    0.]
 [   74.	  150.	    0.	    0.	11182.]
2025-10-19 03:46:06,952 - INFO - model saved 29 times, last saved epoch: 36.

2025-10-19 03:46:10,045 - INFO - Epoch 38, Train loss: 0.41145340595394375
2025-10-19 03:46:10,902 - INFO - mIoU: 0.9619; OA: 0.9819; AA: 0.9782; F1: 0.9805; Kappa: 0.9688;
2025-10-19 03:46:10,902 - INFO - spatial_LccAccuracy: 0.9195; spatial_PA: 0.9836; spatial_UA: 0.993; spatial_F1: 0.9883
2025-10-19 03:46:10,902 - INFO - temporal_CdAccuracy: 0.7367; temporal_PA: 0.9444; temporal_UA: 0.9358; temporal_F1: 0.9401
2025-10-19 03:46:10,903 - INFO - Confusion Matrix
 [79031.	  578.	    0.	    4.	    0.]
 [ 1810.	57764.	   78.	   17.	   71.]
 [   13.	  120.	 2575.	    0.	    0.]
 [   14.	    3.	    0.	 1496.	    0.]
 [   10.	   86.	    0.	    0.	11310.]
2025-10-19 03:46:10,904 - INFO - model saved 29 times, last saved epoch: 36.

2025-10-19 03:46:14,032 - INFO - Epoch 39, Train loss: 0.4097872955724597
2025-10-19 03:46:14,883 - INFO - mIoU: 0.9614; OA: 0.9822; AA: 0.9775; F1: 0.9802; Kappa: 0.9693;
2025-10-19 03:46:14,884 - INFO - spatial_LccAccuracy: 0.9144; spatial_PA: 0.9811; spatial_UA: 0.9932; spatial_F1: 0.9871
2025-10-19 03:46:14,884 - INFO - temporal_CdAccuracy: 0.7367; temporal_PA: 0.9463; temporal_UA: 0.935; temporal_F1: 0.9406
2025-10-19 03:46:14,885 - INFO - Confusion Matrix
 [78925.	  678.	    1.	    9.	    0.]
 [ 1658.	57945.	   75.	   15.	   47.]
 [    8.	  135.	 2565.	    0.	    0.]
 [   12.	    3.	    0.	 1498.	    0.]
 [   16.	  109.	    0.	    0.	11281.]
2025-10-19 03:46:14,886 - INFO - model saved 29 times, last saved epoch: 36.

2025-10-19 03:46:17,858 - INFO - Epoch 40, Train loss: 0.4090291058644652
2025-10-19 03:46:18,689 - INFO - mIoU: 0.9586; OA: 0.9826; AA: 0.9714; F1: 0.9788; Kappa: 0.97;
2025-10-19 03:46:18,689 - INFO - spatial_LccAccuracy: 0.9191; spatial_PA: 0.9882; spatial_UA: 0.9943; spatial_F1: 0.9912
2025-10-19 03:46:18,689 - INFO - temporal_CdAccuracy: 0.7464; temporal_PA: 0.941; temporal_UA: 0.9391; temporal_F1: 0.94
2025-10-19 03:46:18,689 - INFO - Confusion Matrix
 [78483.	 1125.	    1.	    4.	    0.]
 [  988.	58688.	   44.	   11.	    9.]
 [    5.	  172.	 2531.	    0.	    0.]
 [   14.	   14.	    0.	 1485.	    0.]
 [   68.	  244.	    0.	    0.	11094.]
2025-10-19 03:46:18,690 - INFO - model saved 29 times, last saved epoch: 36.

2025-10-19 03:46:21,762 - INFO - Epoch 41, Train loss: 0.4075287012383342
2025-10-19 03:46:22,564 - INFO - mIoU: 0.9619; OA: 0.9829; AA: 0.9786; F1: 0.9805; Kappa: 0.9705;
2025-10-19 03:46:22,564 - INFO - spatial_LccAccuracy: 0.9164; spatial_PA: 0.9846; spatial_UA: 0.9933; spatial_F1: 0.9889
2025-10-19 03:46:22,564 - INFO - temporal_CdAccuracy: 0.7383; temporal_PA: 0.949; temporal_UA: 0.9377; temporal_F1: 0.9433
2025-10-19 03:46:22,565 - INFO - Confusion Matrix
 [78945.	  663.	    1.	    4.	    0.]
 [ 1562.	58003.	   79.	   21.	   75.]
 [   11.	  118.	 2579.	    0.	    0.]
 [   17.	    3.	    0.	 1493.	    0.]
 [   12.	   87.	    0.	    0.	11307.]
2025-10-19 03:46:22,565 - INFO - model saved 29 times, last saved epoch: 36.

2025-10-19 03:46:25,637 - INFO - Epoch 42, Train loss: 0.40704010594636203
2025-10-19 03:46:26,581 - INFO - mIoU: 0.96; OA: 0.9825; AA: 0.9768; F1: 0.9795; Kappa: 0.9699;
2025-10-19 03:46:26,581 - INFO - spatial_LccAccuracy: 0.9175; spatial_PA: 0.9864; spatial_UA: 0.9938; spatial_F1: 0.9901
2025-10-19 03:46:26,581 - INFO - temporal_CdAccuracy: 0.7418; temporal_PA: 0.9439; temporal_UA: 0.9341; temporal_F1: 0.939
2025-10-19 03:46:26,582 - INFO - Confusion Matrix
 [78936.	  671.	    0.	    6.	    0.]
 [ 1549.	58025.	   91.	   15.	   60.]
 [   13.	  120.	 2575.	    0.	    0.]
 [   20.	    4.	    0.	 1489.	    0.]
 [   48.	  108.	    0.	    0.	11250.]
2025-10-19 03:46:26,582 - INFO - model saved 29 times, last saved epoch: 36.

2025-10-19 03:46:29,553 - INFO - Epoch 43, Train loss: 0.40612139403820036
2025-10-19 03:46:30,399 - INFO - mIoU: 0.9632; OA: 0.983; AA: 0.9786; F1: 0.9811; Kappa: 0.9707;
2025-10-19 03:46:30,399 - INFO - spatial_LccAccuracy: 0.9222; spatial_PA: 0.9848; spatial_UA: 0.9942; spatial_F1: 0.9895
2025-10-19 03:46:30,399 - INFO - temporal_CdAccuracy: 0.7429; temporal_PA: 0.9467; temporal_UA: 0.9385; temporal_F1: 0.9426
2025-10-19 03:46:30,400 - INFO - Confusion Matrix
 [78972.	  635.	    2.	    4.	    0.]
 [ 1550.	58061.	   90.	   10.	   29.]
 [    9.	  108.	 2591.	    0.	    0.]
 [   14.	    4.	    0.	 1495.	    0.]
 [   30.	  151.	    0.	    0.	11225.]
2025-10-19 03:46:30,467 - INFO - Epoch 43 saved.
2025-10-19 03:46:30,468 - INFO - model saved 30 times, last saved epoch: 43.

2025-10-19 03:46:33,399 - INFO - Epoch 44, Train loss: 0.40673730000853536
2025-10-19 03:46:34,230 - INFO - mIoU: 0.9619; OA: 0.9825; AA: 0.9776; F1: 0.9805; Kappa: 0.9698;
2025-10-19 03:46:34,231 - INFO - spatial_LccAccuracy: 0.921; spatial_PA: 0.9871; spatial_UA: 0.9931; spatial_F1: 0.9901
2025-10-19 03:46:34,231 - INFO - temporal_CdAccuracy: 0.7387; temporal_PA: 0.9475; temporal_UA: 0.9368; temporal_F1: 0.9421
2025-10-19 03:46:34,232 - INFO - Confusion Matrix
 [79095.	  514.	    0.	    4.	    0.]
 [ 1769.	57811.	   73.	   17.	   70.]
 [    8.	  123.	 2577.	    0.	    0.]
 [   19.	    3.	    0.	 1491.	    0.]
 [   35.	   82.	    0.	    0.	11289.]
2025-10-19 03:46:34,233 - INFO - model saved 30 times, last saved epoch: 43.

2025-10-19 03:46:37,232 - INFO - Epoch 45, Train loss: 0.40498918797820804
2025-10-19 03:46:38,054 - INFO - mIoU: 0.9613; OA: 0.9829; AA: 0.9746; F1: 0.9802; Kappa: 0.9706;
2025-10-19 03:46:38,054 - INFO - spatial_LccAccuracy: 0.9237; spatial_PA: 0.9901; spatial_UA: 0.9948; spatial_F1: 0.9924
2025-10-19 03:46:38,055 - INFO - temporal_CdAccuracy: 0.7518; temporal_PA: 0.9481; temporal_UA: 0.9476; temporal_F1: 0.9479
2025-10-19 03:46:38,055 - INFO - Confusion Matrix
 [78852.	  754.	    3.	    4.	    0.]
 [ 1348.	58305.	   46.	   15.	   26.]
 [    6.	  154.	 2548.	    0.	    0.]
 [   13.	    3.	    0.	 1497.	    0.]
 [  105.	  166.	    0.	    0.	11135.]
2025-10-19 03:46:38,057 - INFO - model saved 30 times, last saved epoch: 43.

2025-10-19 03:46:40,984 - INFO - Epoch 46, Train loss: 0.4036540795117617
2025-10-19 03:46:41,805 - INFO - mIoU: 0.9627; OA: 0.9834; AA: 0.9753; F1: 0.9808; Kappa: 0.9714;
2025-10-19 03:46:41,805 - INFO - spatial_LccAccuracy: 0.9233; spatial_PA: 0.9894; spatial_UA: 0.9954; spatial_F1: 0.9924
2025-10-19 03:46:41,805 - INFO - temporal_CdAccuracy: 0.7522; temporal_PA: 0.9466; temporal_UA: 0.9475; temporal_F1: 0.947
2025-10-19 03:46:41,806 - INFO - Confusion Matrix
 [78854.	  753.	    2.	    4.	    0.]
 [ 1365.	58290.	   59.	    6.	   20.]
 [    5.	  162.	 2541.	    0.	    0.]
 [   10.	    9.	    0.	 1494.	    0.]
 [   33.	  141.	    0.	    0.	11232.]
2025-10-19 03:46:41,807 - INFO - model saved 30 times, last saved epoch: 43.

2025-10-19 03:46:44,936 - INFO - Epoch 47, Train loss: 0.40427967477589843
2025-10-19 03:46:45,739 - INFO - mIoU: 0.9643; OA: 0.9842; AA: 0.9768; F1: 0.9817; Kappa: 0.9729;
2025-10-19 03:46:45,740 - INFO - spatial_LccAccuracy: 0.9253; spatial_PA: 0.9912; spatial_UA: 0.9959; spatial_F1: 0.9936
2025-10-19 03:46:45,740 - INFO - temporal_CdAccuracy: 0.7499; temporal_PA: 0.9506; temporal_UA: 0.945; temporal_F1: 0.9478
2025-10-19 03:46:45,741 - INFO - Confusion Matrix
 [78416.	 1188.	    5.	    4.	    0.]
 [  832.	58826.	   49.	    7.	   26.]
 [    3.	  158.	 2547.	    0.	    0.]
 [   16.	    4.	    0.	 1493.	    0.]
 [   19.	  132.	    0.	    0.	11255.]
2025-10-19 03:46:45,812 - INFO - Epoch 47 saved.
2025-10-19 03:46:45,813 - INFO - model saved 31 times, last saved epoch: 47.

2025-10-19 03:46:48,891 - INFO - Epoch 48, Train loss: 0.4020161911845207
2025-10-19 03:46:49,732 - INFO - mIoU: 0.963; OA: 0.983; AA: 0.9752; F1: 0.981; Kappa: 0.9708;
2025-10-19 03:46:49,732 - INFO - spatial_LccAccuracy: 0.9218; spatial_PA: 0.9892; spatial_UA: 0.9945; spatial_F1: 0.9918
2025-10-19 03:46:49,732 - INFO - temporal_CdAccuracy: 0.7464; temporal_PA: 0.9361; temporal_UA: 0.9438; temporal_F1: 0.94
2025-10-19 03:46:49,733 - INFO - Confusion Matrix
 [78198.	 1406.	    5.	    4.	    0.]
 [  741.	58938.	   52.	    0.	    9.]
 [    6.	  148.	 2554.	    0.	    0.]
 [   10.	   13.	    0.	 1490.	    0.]
 [   22.	  215.	    0.	    0.	11169.]
2025-10-19 03:46:49,734 - INFO - model saved 31 times, last saved epoch: 47.

2025-10-19 03:46:52,850 - INFO - Epoch 49, Train loss: 0.4032081965357065
2025-10-19 03:46:53,724 - INFO - mIoU: 0.9637; OA: 0.9838; AA: 0.9785; F1: 0.9814; Kappa: 0.9722;
2025-10-19 03:46:53,725 - INFO - spatial_LccAccuracy: 0.9187; spatial_PA: 0.9871; spatial_UA: 0.9931; spatial_F1: 0.9901
2025-10-19 03:46:53,725 - INFO - temporal_CdAccuracy: 0.7456; temporal_PA: 0.9505; temporal_UA: 0.9419; temporal_F1: 0.9462
2025-10-19 03:46:53,726 - INFO - Confusion Matrix
 [78821.	  784.	    4.	    4.	    0.]
 [ 1253.	58354.	   68.	   15.	   50.]
 [    5.	  111.	 2592.	    0.	    0.]
 [   23.	    0.	    0.	 1490.	    0.]
 [   60.	  127.	    0.	    0.	11219.]
2025-10-19 03:46:53,727 - INFO - model saved 31 times, last saved epoch: 47.

2025-10-19 03:46:56,573 - INFO - Epoch 50, Train loss: 0.4012693135067821
2025-10-19 03:46:57,391 - INFO - mIoU: 0.9649; OA: 0.9843; AA: 0.9774; F1: 0.982; Kappa: 0.973;
2025-10-19 03:46:57,391 - INFO - spatial_LccAccuracy: 0.9241; spatial_PA: 0.9857; spatial_UA: 0.9945; spatial_F1: 0.9901
2025-10-19 03:46:57,391 - INFO - temporal_CdAccuracy: 0.7499; temporal_PA: 0.9476; temporal_UA: 0.9429; temporal_F1: 0.9453
2025-10-19 03:46:57,392 - INFO - Confusion Matrix
 [78876.	  730.	    3.	    4.	    0.]
 [ 1257.	58370.	   62.	    2.	   49.]
 [    6.	  148.	 2554.	    0.	    0.]
 [   12.	    4.	    0.	 1497.	    0.]
 [   36.	  117.	    0.	    0.	11253.]
2025-10-19 03:46:57,455 - INFO - Epoch 50 saved.
2025-10-19 03:46:57,455 - INFO - model saved 32 times, last saved epoch: 50.

2025-10-19 03:47:00,437 - INFO - Epoch 51, Train loss: 0.40194183196872474
2025-10-19 03:47:01,284 - INFO - mIoU: 0.9641; OA: 0.9839; AA: 0.9813; F1: 0.9816; Kappa: 0.9723;
2025-10-19 03:47:01,285 - INFO - spatial_LccAccuracy: 0.9222; spatial_PA: 0.9848; spatial_UA: 0.9942; spatial_F1: 0.9895
2025-10-19 03:47:01,285 - INFO - temporal_CdAccuracy: 0.7449; temporal_PA: 0.9559; temporal_UA: 0.94; temporal_F1: 0.9479
2025-10-19 03:47:01,285 - INFO - Confusion Matrix
 [78890.	  715.	    4.	    4.	    0.]
 [ 1322.	58256.	  120.	   10.	   32.]
 [    7.	   90.	 2611.	    0.	    0.]
 [   12.	    0.	    0.	 1501.	    0.]
 [   27.	  152.	    0.	    0.	11227.]
2025-10-19 03:47:01,286 - INFO - model saved 32 times, last saved epoch: 50.

2025-10-19 03:47:04,486 - INFO - Epoch 52, Train loss: 0.4022159846499562
2025-10-19 03:47:05,325 - INFO - mIoU: 0.967; OA: 0.9847; AA: 0.9791; F1: 0.9831; Kappa: 0.9736;
2025-10-19 03:47:05,325 - INFO - spatial_LccAccuracy: 0.9257; spatial_PA: 0.9901; spatial_UA: 0.9948; spatial_F1: 0.9924
2025-10-19 03:47:05,325 - INFO - temporal_CdAccuracy: 0.7491; temporal_PA: 0.9492; temporal_UA: 0.9412; temporal_F1: 0.9452
2025-10-19 03:47:05,326 - INFO - Confusion Matrix
 [78565.	 1039.	    6.	    3.	    0.]
 [  902.	58759.	   59.	    2.	   18.]
 [    5.	  123.	 2580.	    0.	    0.]
 [   12.	    3.	    0.	 1498.	    0.]
 [   34.	  169.	    0.	    0.	11203.]
2025-10-19 03:47:05,390 - INFO - Epoch 52 saved.
2025-10-19 03:47:05,390 - INFO - model saved 33 times, last saved epoch: 52.

2025-10-19 03:47:08,422 - INFO - Epoch 53, Train loss: 0.4007577016949654
2025-10-19 03:47:09,252 - INFO - mIoU: 0.9635; OA: 0.9839; AA: 0.9802; F1: 0.9813; Kappa: 0.9724;
2025-10-19 03:47:09,252 - INFO - spatial_LccAccuracy: 0.9218; spatial_PA: 0.9917; spatial_UA: 0.9943; spatial_F1: 0.993
2025-10-19 03:47:09,252 - INFO - temporal_CdAccuracy: 0.7526; temporal_PA: 0.9454; temporal_UA: 0.9446; temporal_F1: 0.945
2025-10-19 03:47:09,253 - INFO - Confusion Matrix
 [78534.	 1069.	    6.	    4.	    0.]
 [  981.	58613.	   82.	   21.	   43.]
 [    5.	  103.	 2600.	    0.	    0.]
 [   20.	    0.	    0.	 1493.	    0.]
 [   12.	  142.	    0.	    0.	11252.]
2025-10-19 03:47:09,254 - INFO - model saved 33 times, last saved epoch: 52.

2025-10-19 03:47:12,437 - INFO - Epoch 54, Train loss: 0.4007342865690589
2025-10-19 03:47:13,324 - INFO - mIoU: 0.9672; OA: 0.9849; AA: 0.9803; F1: 0.9832; Kappa: 0.9741;
2025-10-19 03:47:13,324 - INFO - spatial_LccAccuracy: 0.9292; spatial_PA: 0.9903; spatial_UA: 0.9957; spatial_F1: 0.993
2025-10-19 03:47:13,324 - INFO - temporal_CdAccuracy: 0.7518; temporal_PA: 0.952; temporal_UA: 0.9467; temporal_F1: 0.9494
2025-10-19 03:47:13,325 - INFO - Confusion Matrix
 [78761.	  844.	    4.	    4.	    0.]
 [ 1059.	58582.	   66.	    8.	   25.]
 [    6.	  111.	 2591.	    0.	    0.]
 [   12.	    0.	    0.	 1501.	    0.]
 [   41.	  156.	    0.	    0.	11209.]
2025-10-19 03:47:13,387 - INFO - Epoch 54 saved.
2025-10-19 03:47:13,388 - INFO - model saved 34 times, last saved epoch: 54.

2025-10-19 03:47:16,291 - INFO - Epoch 55, Train loss: 0.39966748338192704
2025-10-19 03:47:17,169 - INFO - mIoU: 0.9679; OA: 0.9852; AA: 0.9808; F1: 0.9835; Kappa: 0.9745;
2025-10-19 03:47:17,169 - INFO - spatial_LccAccuracy: 0.9292; spatial_PA: 0.9873; spatial_UA: 0.994; spatial_F1: 0.9907
2025-10-19 03:47:17,169 - INFO - temporal_CdAccuracy: 0.7507; temporal_PA: 0.953; temporal_UA: 0.9458; temporal_F1: 0.9494
2025-10-19 03:47:17,170 - INFO - Confusion Matrix
 [78498.	 1103.	    5.	    7.	    0.]
 [  820.	58808.	   64.	    1.	   47.]
 [    3.	  130.	 2575.	    0.	    0.]
 [   10.	    2.	    0.	 1501.	    0.]
 [    1.	  105.	    0.	    0.	11300.]
2025-10-19 03:47:17,254 - INFO - Epoch 55 saved.
2025-10-19 03:47:17,254 - INFO - model saved 35 times, last saved epoch: 55.

2025-10-19 03:47:20,144 - INFO - Epoch 56, Train loss: 0.3995454408228397
2025-10-19 03:47:21,087 - INFO - mIoU: 0.9675; OA: 0.9848; AA: 0.9816; F1: 0.9834; Kappa: 0.9739;
2025-10-19 03:47:21,087 - INFO - spatial_LccAccuracy: 0.9276; spatial_PA: 0.9882; spatial_UA: 0.9943; spatial_F1: 0.9912
2025-10-19 03:47:21,087 - INFO - temporal_CdAccuracy: 0.7491; temporal_PA: 0.9512; temporal_UA: 0.9448; temporal_F1: 0.948
2025-10-19 03:47:21,088 - INFO - Confusion Matrix
 [78373.	 1233.	    3.	    4.	    0.]
 [  736.	58898.	   74.	   10.	   22.]
 [    6.	  108.	 2594.	    0.	    0.]
 [   12.	    0.	    0.	 1501.	    0.]
 [    7.	  135.	    0.	    0.	11264.]
2025-10-19 03:47:21,089 - INFO - model saved 35 times, last saved epoch: 55.

2025-10-19 03:47:24,212 - INFO - Epoch 57, Train loss: 0.40016943123191595
2025-10-19 03:47:25,038 - INFO - mIoU: 0.9641; OA: 0.9805; AA: 0.9774; F1: 0.9816; Kappa: 0.9666;
2025-10-19 03:47:25,038 - INFO - spatial_LccAccuracy: 0.9117; spatial_PA: 0.9923; spatial_UA: 0.9903; spatial_F1: 0.9913
2025-10-19 03:47:25,038 - INFO - temporal_CdAccuracy: 0.7298; temporal_PA: 0.9385; temporal_UA: 0.9276; temporal_F1: 0.933
2025-10-19 03:47:25,038 - INFO - Confusion Matrix
 [77519.	 2085.	    5.	    4.	    0.]
 [  556.	59116.	   40.	    3.	   25.]
 [    7.	  142.	 2559.	    0.	    0.]
 [   14.	    0.	    0.	 1499.	    0.]
 [    0.	  135.	    0.	    0.	11271.]
2025-10-19 03:47:25,039 - INFO - model saved 35 times, last saved epoch: 55.

2025-10-19 03:47:28,184 - INFO - Epoch 58, Train loss: 0.39946515019983053
2025-10-19 03:47:28,993 - INFO - mIoU: 0.9656; OA: 0.9841; AA: 0.9784; F1: 0.9824; Kappa: 0.9727;
2025-10-19 03:47:28,993 - INFO - spatial_LccAccuracy: 0.9249; spatial_PA: 0.988; spatial_UA: 0.9933; spatial_F1: 0.9907
2025-10-19 03:47:28,993 - INFO - temporal_CdAccuracy: 0.7526; temporal_PA: 0.9433; temporal_UA: 0.9479; temporal_F1: 0.9456
2025-10-19 03:47:28,994 - INFO - Confusion Matrix
 [78398.	 1209.	    4.	    2.	    0.]
 [  783.	58871.	   69.	    3.	   14.]
 [    8.	  120.	 2580.	    0.	    0.]
 [   15.	    0.	    0.	 1498.	    0.]
 [   39.	  198.	    0.	    0.	11169.]
2025-10-19 03:47:28,995 - INFO - model saved 35 times, last saved epoch: 55.

2025-10-19 03:47:32,044 - INFO - Epoch 59, Train loss: 0.39867201149463655
2025-10-19 03:47:32,879 - INFO - mIoU: 0.9619; OA: 0.9843; AA: 0.9818; F1: 0.9805; Kappa: 0.9731;
2025-10-19 03:47:32,879 - INFO - spatial_LccAccuracy: 0.9261; spatial_PA: 0.9866; spatial_UA: 0.9947; spatial_F1: 0.9907
2025-10-19 03:47:32,880 - INFO - temporal_CdAccuracy: 0.7487; temporal_PA: 0.9527; temporal_UA: 0.9419; temporal_F1: 0.9473
2025-10-19 03:47:32,881 - INFO - Confusion Matrix
 [78849.	  755.	    6.	    3.	    0.]
 [ 1191.	58348.	  134.	   24.	   43.]
 [    6.	   83.	 2619.	    0.	    0.]
 [   16.	    0.	    0.	 1497.	    0.]
 [   24.	  142.	    0.	    0.	11240.]
2025-10-19 03:47:32,882 - INFO - model saved 35 times, last saved epoch: 55.

2025-10-19 03:47:35,913 - INFO - Epoch 60, Train loss: 0.39995445758104325
2025-10-19 03:47:36,793 - INFO - mIoU: 0.9645; OA: 0.9832; AA: 0.979; F1: 0.9818; Kappa: 0.9711;
2025-10-19 03:47:36,793 - INFO - spatial_LccAccuracy: 0.9164; spatial_PA: 0.9876; spatial_UA: 0.995; spatial_F1: 0.9912
2025-10-19 03:47:36,793 - INFO - temporal_CdAccuracy: 0.7414; temporal_PA: 0.9489; temporal_UA: 0.9356; temporal_F1: 0.9422
2025-10-19 03:47:36,794 - INFO - Confusion Matrix
 [79062.	  542.	    1.	    8.	    0.]
 [ 1661.	57953.	   52.	   17.	   57.]
 [   10.	  133.	 2565.	    0.	    0.]
 [    9.	    0.	    0.	 1504.	    0.]
 [    3.	  105.	    0.	    0.	11298.]
2025-10-19 03:47:36,795 - INFO - model saved 35 times, last saved epoch: 55.

2025-10-19 03:47:39,772 - INFO - Epoch 61, Train loss: 0.4000191014260054
2025-10-19 03:47:40,612 - INFO - mIoU: 0.9667; OA: 0.9849; AA: 0.9794; F1: 0.983; Kappa: 0.974;
2025-10-19 03:47:40,612 - INFO - spatial_LccAccuracy: 0.928; spatial_PA: 0.991; spatial_UA: 0.995; spatial_F1: 0.993
2025-10-19 03:47:40,612 - INFO - temporal_CdAccuracy: 0.7534; temporal_PA: 0.9488; temporal_UA: 0.9452; temporal_F1: 0.947
2025-10-19 03:47:40,613 - INFO - Confusion Matrix
 [78479.	 1125.	    6.	    3.	    0.]
 [  796.	58856.	   58.	    7.	   23.]
 [    5.	  127.	 2576.	    0.	    0.]
 [   15.	    0.	    0.	 1498.	    0.]
 [   24.	  152.	    0.	    0.	11230.]
2025-10-19 03:47:40,614 - INFO - model saved 35 times, last saved epoch: 55.

2025-10-19 03:47:43,551 - INFO - Epoch 62, Train loss: 0.3987682806327939
2025-10-19 03:47:44,482 - INFO - mIoU: 0.9699; OA: 0.9852; AA: 0.9808; F1: 0.9846; Kappa: 0.9746;
2025-10-19 03:47:44,483 - INFO - spatial_LccAccuracy: 0.9292; spatial_PA: 0.9866; spatial_UA: 0.9947; spatial_F1: 0.9907
2025-10-19 03:47:44,483 - INFO - temporal_CdAccuracy: 0.7453; temporal_PA: 0.9549; temporal_UA: 0.9436; temporal_F1: 0.9492
2025-10-19 03:47:44,484 - INFO - Confusion Matrix
 [78608.	  995.	    7.	    3.	    0.]
 [  919.	58759.	   48.	    0.	   14.]
 [    4.	  119.	 2585.	    0.	    0.]
 [   10.	    0.	    0.	 1503.	    0.]
 [    9.	  164.	    0.	    0.	11233.]
2025-10-19 03:47:44,547 - INFO - Epoch 62 saved.
2025-10-19 03:47:44,547 - INFO - model saved 36 times, last saved epoch: 62.

2025-10-19 03:47:47,383 - INFO - Epoch 63, Train loss: 0.39867298528552053
2025-10-19 03:47:48,281 - INFO - mIoU: 0.9664; OA: 0.9845; AA: 0.9795; F1: 0.9828; Kappa: 0.9733;
2025-10-19 03:47:48,281 - INFO - spatial_LccAccuracy: 0.9218; spatial_PA: 0.9873; spatial_UA: 0.994; spatial_F1: 0.9907
2025-10-19 03:47:48,281 - INFO - temporal_CdAccuracy: 0.748; temporal_PA: 0.951; temporal_UA: 0.9428; temporal_F1: 0.9469
2025-10-19 03:47:48,282 - INFO - Confusion Matrix
 [78813.	  793.	    1.	    6.	    0.]
 [ 1205.	58432.	   59.	    9.	   35.]
 [    8.	  131.	 2569.	    0.	    0.]
 [    9.	    0.	    0.	 1504.	    0.]
 [   21.	  128.	    0.	    0.	11257.]
2025-10-19 03:47:48,283 - INFO - model saved 36 times, last saved epoch: 62.

2025-10-19 03:47:51,457 - INFO - Epoch 64, Train loss: 0.3978420581668615
2025-10-19 03:47:52,386 - INFO - mIoU: 0.9659; OA: 0.9851; AA: 0.9837; F1: 0.9825; Kappa: 0.9744;
2025-10-19 03:47:52,387 - INFO - spatial_LccAccuracy: 0.9319; spatial_PA: 0.9882; spatial_UA: 0.9943; spatial_F1: 0.9912
2025-10-19 03:47:52,387 - INFO - temporal_CdAccuracy: 0.7534; temporal_PA: 0.9588; temporal_UA: 0.9475; temporal_F1: 0.9531
2025-10-19 03:47:52,388 - INFO - Confusion Matrix
 [78575.	 1030.	    5.	    3.	    0.]
 [  882.	58654.	  135.	    5.	   64.]
 [    3.	   87.	 2618.	    0.	    0.]
 [   15.	    0.	    0.	 1498.	    0.]
 [    0.	   83.	    0.	    0.	11323.]
2025-10-19 03:47:52,389 - INFO - model saved 36 times, last saved epoch: 62.

2025-10-19 03:47:55,387 - INFO - Epoch 65, Train loss: 0.39709969349205493
2025-10-19 03:47:56,309 - INFO - mIoU: 0.9679; OA: 0.9846; AA: 0.9801; F1: 0.9836; Kappa: 0.9735;
2025-10-19 03:47:56,310 - INFO - spatial_LccAccuracy: 0.9222; spatial_PA: 0.9894; spatial_UA: 0.9954; spatial_F1: 0.9924
2025-10-19 03:47:56,310 - INFO - temporal_CdAccuracy: 0.7553; temporal_PA: 0.9449; temporal_UA: 0.9509; temporal_F1: 0.9479
2025-10-19 03:47:56,311 - INFO - Confusion Matrix
 [78580.	 1024.	    4.	    5.	    0.]
 [  976.	58685.	   61.	    1.	   17.]
 [    6.	  125.	 2577.	    0.	    0.]
 [   11.	    0.	    0.	 1502.	    0.]
 [    3.	  150.	    0.	    0.	11253.]
2025-10-19 03:47:56,312 - INFO - model saved 36 times, last saved epoch: 62.

2025-10-19 03:47:59,444 - INFO - Epoch 66, Train loss: 0.3971403118222952
2025-10-19 03:48:00,262 - INFO - mIoU: 0.968; OA: 0.9855; AA: 0.9817; F1: 0.9836; Kappa: 0.9751;
2025-10-19 03:48:00,262 - INFO - spatial_LccAccuracy: 0.9257; spatial_PA: 0.9864; spatial_UA: 0.9938; spatial_F1: 0.9901
2025-10-19 03:48:00,262 - INFO - temporal_CdAccuracy: 0.7518; temporal_PA: 0.9526; temporal_UA: 0.9509; temporal_F1: 0.9518
2025-10-19 03:48:00,263 - INFO - Confusion Matrix
 [78660.	  934.	    4.	   15.	    0.]
 [  946.	58689.	   62.	    3.	   40.]
 [    3.	  128.	 2577.	    0.	    0.]
 [    7.	    0.	    0.	 1506.	    0.]
 [    0.	  104.	    0.	    0.	11302.]
2025-10-19 03:48:00,264 - INFO - model saved 36 times, last saved epoch: 62.

2025-10-19 03:48:03,343 - INFO - Epoch 67, Train loss: 0.3997538758441806
2025-10-19 03:48:04,138 - INFO - mIoU: 0.9655; OA: 0.984; AA: 0.9787; F1: 0.9823; Kappa: 0.9725;
2025-10-19 03:48:04,138 - INFO - spatial_LccAccuracy: 0.9187; spatial_PA: 0.9912; spatial_UA: 0.9925; spatial_F1: 0.9918
2025-10-19 03:48:04,138 - INFO - temporal_CdAccuracy: 0.7429; temporal_PA: 0.9564; temporal_UA: 0.9417; temporal_F1: 0.949
2025-10-19 03:48:04,139 - INFO - Confusion Matrix
 [78266.	 1338.	    6.	    3.	    0.]
 [  713.	58930.	   66.	    3.	   28.]
 [    3.	  137.	 2568.	    0.	    0.]
 [   13.	    1.	    0.	 1499.	    0.]
 [   39.	  131.	    0.	    0.	11236.]
2025-10-19 03:48:04,140 - INFO - model saved 36 times, last saved epoch: 62.

2025-10-19 03:48:07,218 - INFO - Epoch 68, Train loss: 0.3968734037131071
2025-10-19 03:48:08,091 - INFO - mIoU: 0.9657; OA: 0.9852; AA: 0.9822; F1: 0.9824; Kappa: 0.9746;
2025-10-19 03:48:08,092 - INFO - spatial_LccAccuracy: 0.9241; spatial_PA: 0.991; spatial_UA: 0.995; spatial_F1: 0.993
2025-10-19 03:48:08,092 - INFO - temporal_CdAccuracy: 0.7542; temporal_PA: 0.9515; temporal_UA: 0.9441; temporal_F1: 0.9478
2025-10-19 03:48:08,093 - INFO - Confusion Matrix
 [78619.	  963.	    6.	   25.	    0.]
 [  935.	58695.	   76.	    8.	   26.]
 [    8.	  108.	 2592.	    0.	    0.]
 [    8.	    0.	    0.	 1505.	    0.]
 [    4.	  121.	    0.	    0.	11281.]
2025-10-19 03:48:08,093 - INFO - model saved 36 times, last saved epoch: 62.

2025-10-19 03:48:11,289 - INFO - Epoch 69, Train loss: 0.3972877822816372
2025-10-19 03:48:12,139 - INFO - mIoU: 0.9641; OA: 0.9851; AA: 0.9835; F1: 0.9815; Kappa: 0.9744;
2025-10-19 03:48:12,139 - INFO - spatial_LccAccuracy: 0.9241; spatial_PA: 0.991; spatial_UA: 0.995; spatial_F1: 0.993
2025-10-19 03:48:12,140 - INFO - temporal_CdAccuracy: 0.7495; temporal_PA: 0.9538; temporal_UA: 0.945; temporal_F1: 0.9493
2025-10-19 03:48:12,141 - INFO - Confusion Matrix
 [78665.	  939.	    6.	    3.	    0.]
 [  932.	58614.	  155.	   12.	   27.]
 [    4.	   86.	 2618.	    0.	    0.]
 [   11.	    0.	    0.	 1502.	    0.]
 [    6.	  125.	    0.	    0.	11275.]
2025-10-19 03:48:12,141 - INFO - model saved 36 times, last saved epoch: 62.

2025-10-19 03:48:15,315 - INFO - Epoch 70, Train loss: 0.39777559973299503
2025-10-19 03:48:16,199 - INFO - mIoU: 0.9684; OA: 0.9851; AA: 0.9827; F1: 0.9838; Kappa: 0.9743;
2025-10-19 03:48:16,199 - INFO - spatial_LccAccuracy: 0.9195; spatial_PA: 0.9882; spatial_UA: 0.9943; spatial_F1: 0.9912
2025-10-19 03:48:16,199 - INFO - temporal_CdAccuracy: 0.7507; temporal_PA: 0.9529; temporal_UA: 0.9414; temporal_F1: 0.9471
2025-10-19 03:48:16,200 - INFO - Confusion Matrix
 [78524.	 1079.	    5.	    5.	    0.]
 [  869.	58750.	   86.	    4.	   31.]
 [    3.	  105.	 2600.	    0.	    0.]
 [    9.	    0.	    0.	 1504.	    0.]
 [    1.	  119.	    0.	    0.	11286.]
2025-10-19 03:48:16,201 - INFO - model saved 36 times, last saved epoch: 62.

2025-10-19 03:48:19,334 - INFO - Epoch 71, Train loss: 0.39807123113423587
2025-10-19 03:48:20,221 - INFO - mIoU: 0.9663; OA: 0.9847; AA: 0.9814; F1: 0.9828; Kappa: 0.9736;
2025-10-19 03:48:20,221 - INFO - spatial_LccAccuracy: 0.9179; spatial_PA: 0.9841; spatial_UA: 0.9949; spatial_F1: 0.9895
2025-10-19 03:48:20,221 - INFO - temporal_CdAccuracy: 0.7468; temporal_PA: 0.9573; temporal_UA: 0.9391; temporal_F1: 0.9481
2025-10-19 03:48:20,223 - INFO - Confusion Matrix
 [78831.	  756.	    2.	   24.	    0.]
 [ 1245.	58382.	   69.	    1.	   43.]
 [    5.	  118.	 2585.	    0.	    0.]
 [    9.	    0.	    0.	 1504.	    0.]
 [    9.	   96.	    0.	    0.	11301.]
2025-10-19 03:48:20,223 - INFO - model saved 36 times, last saved epoch: 62.

2025-10-19 03:48:23,182 - INFO - Epoch 72, Train loss: 0.3961773499846458
2025-10-19 03:48:23,988 - INFO - mIoU: 0.9675; OA: 0.9852; AA: 0.98; F1: 0.9834; Kappa: 0.9745;
2025-10-19 03:48:23,989 - INFO - spatial_LccAccuracy: 0.9295; spatial_PA: 0.9905; spatial_UA: 0.9932; spatial_F1: 0.9918
2025-10-19 03:48:23,989 - INFO - temporal_CdAccuracy: 0.7538; temporal_PA: 0.9543; temporal_UA: 0.9493; temporal_F1: 0.9518
2025-10-19 03:48:23,990 - INFO - Confusion Matrix
 [78658.	  948.	    4.	    3.	    0.]
 [  957.	58670.	   60.	    5.	   48.]
 [    5.	  128.	 2575.	    0.	    0.]
 [   15.	    0.	    0.	 1498.	    0.]
 [    4.	  120.	    0.	    0.	11282.]
2025-10-19 03:48:23,991 - INFO - model saved 36 times, last saved epoch: 62.

2025-10-19 03:48:27,117 - INFO - Epoch 73, Train loss: 0.3984909627586603
2025-10-19 03:48:27,918 - INFO - mIoU: 0.9683; OA: 0.9853; AA: 0.9798; F1: 0.9838; Kappa: 0.9747;
2025-10-19 03:48:27,918 - INFO - spatial_LccAccuracy: 0.9268; spatial_PA: 0.9873; spatial_UA: 0.994; spatial_F1: 0.9907
2025-10-19 03:48:27,918 - INFO - temporal_CdAccuracy: 0.748; temporal_PA: 0.954; temporal_UA: 0.9462; temporal_F1: 0.9501
2025-10-19 03:48:27,919 - INFO - Confusion Matrix
 [78650.	  956.	    3.	    4.	    0.]
 [  898.	58757.	   57.	    0.	   28.]
 [    6.	  131.	 2571.	    0.	    0.]
 [    9.	    0.	    0.	 1504.	    0.]
 [   48.	  136.	    0.	    0.	11222.]
2025-10-19 03:48:27,919 - INFO - model saved 36 times, last saved epoch: 62.

2025-10-19 03:48:31,003 - INFO - Epoch 74, Train loss: 0.39676672481000425
2025-10-19 03:48:31,846 - INFO - mIoU: 0.971; OA: 0.986; AA: 0.9835; F1: 0.9852; Kappa: 0.9759;
2025-10-19 03:48:31,847 - INFO - spatial_LccAccuracy: 0.9326; spatial_PA: 0.9885; spatial_UA: 0.9952; spatial_F1: 0.9918
2025-10-19 03:48:31,847 - INFO - temporal_CdAccuracy: 0.7538; temporal_PA: 0.9566; temporal_UA: 0.9495; temporal_F1: 0.953
2025-10-19 03:48:31,848 - INFO - Confusion Matrix
 [78809.	  796.	    5.	    3.	    0.]
 [ 1046.	58580.	   77.	    0.	   37.]
 [    6.	  105.	 2597.	    0.	    0.]
 [    6.	    0.	    0.	 1507.	    0.]
 [    1.	   92.	    0.	    0.	11313.]
2025-10-19 03:48:31,924 - INFO - Epoch 74 saved.
2025-10-19 03:48:31,925 - INFO - model saved 37 times, last saved epoch: 74.

2025-10-19 03:48:34,932 - INFO - Epoch 75, Train loss: 0.3958846786990762
2025-10-19 03:48:35,838 - INFO - mIoU: 0.9718; OA: 0.9861; AA: 0.9834; F1: 0.9856; Kappa: 0.9761;
2025-10-19 03:48:35,839 - INFO - spatial_LccAccuracy: 0.9284; spatial_PA: 0.9894; spatial_UA: 0.9954; spatial_F1: 0.9924
2025-10-19 03:48:35,839 - INFO - temporal_CdAccuracy: 0.7515; temporal_PA: 0.9578; temporal_UA: 0.9467; temporal_F1: 0.9522
2025-10-19 03:48:35,840 - INFO - Confusion Matrix
 [78701.	  906.	    3.	    3.	    0.]
 [  924.	58697.	   61.	    0.	   58.]
 [    7.	  110.	 2591.	    0.	    0.]
 [    6.	    0.	    0.	 1507.	    0.]
 [    0.	   77.	    0.	    0.	11329.]
2025-10-19 03:48:35,908 - INFO - Epoch 75 saved.
2025-10-19 03:48:35,909 - INFO - model saved 38 times, last saved epoch: 75.

2025-10-19 03:48:38,924 - INFO - Epoch 76, Train loss: 0.39813458565622567
2025-10-19 03:48:39,809 - INFO - mIoU: 0.9678; OA: 0.9852; AA: 0.9783; F1: 0.9836; Kappa: 0.9745;
2025-10-19 03:48:39,810 - INFO - spatial_LccAccuracy: 0.9292; spatial_PA: 0.9836; spatial_UA: 0.993; spatial_F1: 0.9883
2025-10-19 03:48:39,810 - INFO - temporal_CdAccuracy: 0.758; temporal_PA: 0.9518; temporal_UA: 0.9505; temporal_F1: 0.9512
2025-10-19 03:48:39,811 - INFO - Confusion Matrix
 [78715.	  889.	    6.	    3.	    0.]
 [  999.	58687.	   46.	    0.	    8.]
 [    4.	  133.	 2571.	    0.	    0.]
 [   10.	    9.	    0.	 1494.	    0.]
 [    6.	  179.	    0.	    0.	11221.]
2025-10-19 03:48:39,812 - INFO - model saved 38 times, last saved epoch: 75.

2025-10-19 03:48:42,815 - INFO - Epoch 77, Train loss: 0.3966373633593321
2025-10-19 03:48:43,685 - INFO - mIoU: 0.9678; OA: 0.9854; AA: 0.9797; F1: 0.9835; Kappa: 0.9749;
2025-10-19 03:48:43,685 - INFO - spatial_LccAccuracy: 0.9237; spatial_PA: 0.9839; spatial_UA: 0.994; spatial_F1: 0.9889
2025-10-19 03:48:43,685 - INFO - temporal_CdAccuracy: 0.7518; temporal_PA: 0.9553; temporal_UA: 0.9477; temporal_F1: 0.9515
2025-10-19 03:48:43,686 - INFO - Confusion Matrix
 [78662.	  947.	    1.	    3.	    0.]
 [  933.	58708.	   70.	    0.	   29.]
 [    8.	  120.	 2580.	    0.	    0.]
 [   10.	   11.	    0.	 1492.	    0.]
 [   16.	  110.	    0.	    0.	11280.]
2025-10-19 03:48:43,687 - INFO - model saved 38 times, last saved epoch: 75.

2025-10-19 03:48:46,751 - INFO - Epoch 78, Train loss: 0.3976242057979107
2025-10-19 03:48:47,631 - INFO - mIoU: 0.9694; OA: 0.9856; AA: 0.9836; F1: 0.9844; Kappa: 0.9752;
2025-10-19 03:48:47,632 - INFO - spatial_LccAccuracy: 0.9292; spatial_PA: 0.9937; spatial_UA: 0.9958; spatial_F1: 0.9948
2025-10-19 03:48:47,632 - INFO - temporal_CdAccuracy: 0.753; temporal_PA: 0.9526; temporal_UA: 0.9479; temporal_F1: 0.9502
2025-10-19 03:48:47,633 - INFO - Confusion Matrix
 [78517.	 1086.	    8.	    2.	    0.]
 [  779.	58849.	   94.	    3.	   15.]
 [    4.	   89.	 2615.	    0.	    0.]
 [    9.	    0.	    0.	 1504.	    0.]
 [    0.	  150.	    0.	    0.	11256.]
2025-10-19 03:48:47,634 - INFO - model saved 38 times, last saved epoch: 75.

2025-10-19 03:48:50,685 - INFO - Epoch 79, Train loss: 0.3962261425331235
2025-10-19 03:48:51,563 - INFO - mIoU: 0.9688; OA: 0.9857; AA: 0.9834; F1: 0.984; Kappa: 0.9754;
2025-10-19 03:48:51,563 - INFO - spatial_LccAccuracy: 0.9353; spatial_PA: 0.9914; spatial_UA: 0.9934; spatial_F1: 0.9924
2025-10-19 03:48:51,563 - INFO - temporal_CdAccuracy: 0.7542; temporal_PA: 0.9566; temporal_UA: 0.9491; temporal_F1: 0.9528
2025-10-19 03:48:51,564 - INFO - Confusion Matrix
 [78680.	  924.	    6.	    3.	    0.]
 [  927.	58677.	   97.	    5.	   34.]
 [    4.	   91.	 2613.	    0.	    0.]
 [   12.	    0.	    0.	 1501.	    0.]
 [   10.	  108.	    0.	    0.	11288.]
2025-10-19 03:48:51,565 - INFO - model saved 38 times, last saved epoch: 75.

2025-10-19 03:48:54,728 - INFO - Epoch 80, Train loss: 0.396318120136857
2025-10-19 03:48:55,580 - INFO - mIoU: 0.9696; OA: 0.9857; AA: 0.9813; F1: 0.9844; Kappa: 0.9754;
2025-10-19 03:48:55,580 - INFO - spatial_LccAccuracy: 0.9276; spatial_PA: 0.9906; spatial_UA: 0.9966; spatial_F1: 0.9936
2025-10-19 03:48:55,580 - INFO - temporal_CdAccuracy: 0.758; temporal_PA: 0.9563; temporal_UA: 0.9505; temporal_F1: 0.9534
2025-10-19 03:48:55,581 - INFO - Confusion Matrix
 [78795.	  813.	    2.	    3.	    0.]
 [ 1036.	58579.	   61.	    0.	   64.]
 [    9.	  127.	 2572.	    0.	    0.]
 [    9.	    0.	    0.	 1504.	    0.]
 [    0.	   88.	    0.	    0.	11318.]
2025-10-19 03:48:55,582 - INFO - model saved 38 times, last saved epoch: 75.

2025-10-19 03:48:58,760 - INFO - Epoch 81, Train loss: 0.3962303712964058
2025-10-19 03:48:59,622 - INFO - mIoU: 0.97; OA: 0.9857; AA: 0.9851; F1: 0.9847; Kappa: 0.9755;
2025-10-19 03:48:59,622 - INFO - spatial_LccAccuracy: 0.9295; spatial_PA: 0.9848; spatial_UA: 0.9942; spatial_F1: 0.9895
2025-10-19 03:48:59,622 - INFO - temporal_CdAccuracy: 0.7557; temporal_PA: 0.9557; temporal_UA: 0.947; temporal_F1: 0.9514
2025-10-19 03:48:59,623 - INFO - Confusion Matrix
 [78851.	  753.	    6.	    3.	    0.]
 [ 1107.	58462.	   94.	    7.	   70.]
 [    3.	   84.	 2621.	    0.	    0.]
 [    7.	    0.	    0.	 1506.	    0.]
 [    0.	   76.	    0.	    0.	11330.]
2025-10-19 03:48:59,624 - INFO - model saved 38 times, last saved epoch: 75.

2025-10-19 03:49:02,657 - INFO - Epoch 82, Train loss: 0.39610178731381895
2025-10-19 03:49:03,577 - INFO - mIoU: 0.9694; OA: 0.9856; AA: 0.9848; F1: 0.9843; Kappa: 0.9753;
2025-10-19 03:49:03,577 - INFO - spatial_LccAccuracy: 0.9206; spatial_PA: 0.983; spatial_UA: 0.9937; spatial_F1: 0.9883
2025-10-19 03:49:03,578 - INFO - temporal_CdAccuracy: 0.7545; temporal_PA: 0.9531; temporal_UA: 0.9442; temporal_F1: 0.9486
2025-10-19 03:49:03,578 - INFO - Confusion Matrix
 [78777.	  826.	    7.	    3.	    0.]
 [ 1028.	58565.	  115.	    2.	   30.]
 [    8.	   77.	 2623.	    0.	    0.]
 [    6.	    0.	    0.	 1507.	    0.]
 [    9.	  113.	    0.	    0.	11284.]
2025-10-19 03:49:03,579 - INFO - model saved 38 times, last saved epoch: 75.

2025-10-19 03:49:06,699 - INFO - Epoch 83, Train loss: 0.39661454539746044
2025-10-19 03:49:07,583 - INFO - mIoU: 0.9627; OA: 0.9834; AA: 0.9747; F1: 0.9809; Kappa: 0.9714;
2025-10-19 03:49:07,584 - INFO - spatial_LccAccuracy: 0.9179; spatial_PA: 0.9836; spatial_UA: 0.9896; spatial_F1: 0.9866
2025-10-19 03:49:07,584 - INFO - temporal_CdAccuracy: 0.7445; temporal_PA: 0.9537; temporal_UA: 0.9402; temporal_F1: 0.9469
2025-10-19 03:49:07,585 - INFO - Confusion Matrix
 [79060.	  549.	    3.	    1.	    0.]
 [ 1569.	58078.	   67.	    0.	   26.]
 [   15.	  100.	 2593.	    0.	    0.]
 [   49.	    0.	    0.	 1464.	    0.]
 [   95.	   96.	    0.	    0.	11215.]
2025-10-19 03:49:07,586 - INFO - model saved 38 times, last saved epoch: 75.

2025-10-19 03:49:10,528 - INFO - Epoch 84, Train loss: 0.39625099003314973
2025-10-19 03:49:11,375 - INFO - mIoU: 0.9637; OA: 0.983; AA: 0.9824; F1: 0.9814; Kappa: 0.9708;
2025-10-19 03:49:11,376 - INFO - spatial_LccAccuracy: 0.9156; spatial_PA: 0.9857; spatial_UA: 0.991; spatial_F1: 0.9883
2025-10-19 03:49:11,376 - INFO - temporal_CdAccuracy: 0.7367; temporal_PA: 0.9527; temporal_UA: 0.9332; temporal_F1: 0.9428
2025-10-19 03:49:11,377 - INFO - Confusion Matrix
 [79020.	  582.	    6.	    5.	    0.]
 [ 1634.	57870.	  118.	   11.	  107.]
 [    9.	   78.	 2621.	    0.	    0.]
 [   17.	    0.	    0.	 1496.	    0.]
 [    1.	   64.	    0.	    0.	11341.]
2025-10-19 03:49:11,378 - INFO - model saved 38 times, last saved epoch: 75.

2025-10-19 03:49:14,501 - INFO - Epoch 85, Train loss: 0.3955846609547734
2025-10-19 03:49:15,301 - INFO - mIoU: 0.9656; OA: 0.9853; AA: 0.9812; F1: 0.9823; Kappa: 0.9747;
2025-10-19 03:49:15,302 - INFO - spatial_LccAccuracy: 0.9237; spatial_PA: 0.9887; spatial_UA: 0.9927; spatial_F1: 0.9907
2025-10-19 03:49:15,302 - INFO - temporal_CdAccuracy: 0.7491; temporal_PA: 0.9584; temporal_UA: 0.9433; temporal_F1: 0.9508
2025-10-19 03:49:15,303 - INFO - Confusion Matrix
 [78763.	  838.	    5.	    7.	    0.]
 [ 1016.	58580.	  114.	    1.	   29.]
 [    7.	  107.	 2594.	    0.	    0.]
 [   14.	    0.	    0.	 1499.	    0.]
 [    5.	  136.	    0.	    0.	11265.]
2025-10-19 03:49:15,304 - INFO - model saved 38 times, last saved epoch: 75.

2025-10-19 03:49:18,438 - INFO - Epoch 86, Train loss: 0.3939403833821416
2025-10-19 03:49:19,235 - INFO - mIoU: 0.9676; OA: 0.986; AA: 0.9795; F1: 0.9834; Kappa: 0.976;
2025-10-19 03:49:19,235 - INFO - spatial_LccAccuracy: 0.9361; spatial_PA: 0.9928; spatial_UA: 0.9955; spatial_F1: 0.9942
2025-10-19 03:49:19,235 - INFO - temporal_CdAccuracy: 0.7638; temporal_PA: 0.9527; temporal_UA: 0.9543; temporal_F1: 0.9535
2025-10-19 03:49:19,236 - INFO - Confusion Matrix
 [78556.	 1050.	    5.	    2.	    0.]
 [  662.	58955.	   62.	    0.	   61.]
 [    8.	  141.	 2559.	    0.	    0.]
 [   10.	    0.	    0.	 1503.	    0.]
 [   16.	  147.	    0.	    0.	11243.]
2025-10-19 03:49:19,237 - INFO - model saved 38 times, last saved epoch: 75.

2025-10-19 03:49:22,284 - INFO - Epoch 87, Train loss: 0.3950726678594947
2025-10-19 03:49:23,123 - INFO - mIoU: 0.969; OA: 0.9861; AA: 0.9813; F1: 0.9841; Kappa: 0.976;
2025-10-19 03:49:23,123 - INFO - spatial_LccAccuracy: 0.9311; spatial_PA: 0.9922; spatial_UA: 0.9962; spatial_F1: 0.9942
2025-10-19 03:49:23,123 - INFO - temporal_CdAccuracy: 0.7588; temporal_PA: 0.9534; temporal_UA: 0.9522; temporal_F1: 0.9528
2025-10-19 03:49:23,124 - INFO - Confusion Matrix
 [78827.	  780.	    4.	    2.	    0.]
 [  967.	58675.	   82.	    0.	   16.]
 [    9.	   89.	 2610.	    0.	    0.]
 [   17.	    3.	    0.	 1493.	    0.]
 [   19.	  169.	    0.	    0.	11218.]
2025-10-19 03:49:23,125 - INFO - model saved 38 times, last saved epoch: 75.

2025-10-19 03:49:26,266 - INFO - Epoch 88, Train loss: 0.39374873246997594
2025-10-19 03:49:27,174 - INFO - mIoU: 0.9634; OA: 0.9852; AA: 0.9823; F1: 0.9812; Kappa: 0.9746;
2025-10-19 03:49:27,174 - INFO - spatial_LccAccuracy: 0.9222; spatial_PA: 0.9933; spatial_UA: 0.9939; spatial_F1: 0.9936
2025-10-19 03:49:27,174 - INFO - temporal_CdAccuracy: 0.7456; temporal_PA: 0.9574; temporal_UA: 0.9432; temporal_F1: 0.9502
2025-10-19 03:49:27,175 - INFO - Confusion Matrix
 [78701.	  907.	    4.	    1.	    0.]
 [  929.	58602.	  160.	    8.	   41.]
 [    9.	   72.	 2627.	    0.	    0.]
 [   25.	    0.	    0.	 1488.	    0.]
 [   10.	  123.	    0.	    0.	11273.]
2025-10-19 03:49:27,176 - INFO - model saved 38 times, last saved epoch: 75.

2025-10-19 03:49:30,214 - INFO - Epoch 89, Train loss: 0.3943239511922002
2025-10-19 03:49:31,077 - INFO - mIoU: 0.9718; OA: 0.9864; AA: 0.9833; F1: 0.9856; Kappa: 0.9765;
2025-10-19 03:49:31,078 - INFO - spatial_LccAccuracy: 0.935; spatial_PA: 0.9839; spatial_UA: 0.994; spatial_F1: 0.9889
2025-10-19 03:49:31,078 - INFO - temporal_CdAccuracy: 0.7557; temporal_PA: 0.9603; temporal_UA: 0.95; temporal_F1: 0.9551
2025-10-19 03:49:31,078 - INFO - Confusion Matrix
 [78886.	  719.	    6.	    2.	    0.]
 [ 1059.	58581.	   66.	    0.	   34.]
 [    9.	   99.	 2600.	    0.	    0.]
 [    8.	    0.	    0.	 1505.	    0.]
 [    7.	  106.	    0.	    0.	11293.]
2025-10-19 03:49:31,141 - INFO - Epoch 89 saved.
2025-10-19 03:49:31,142 - INFO - model saved 39 times, last saved epoch: 89.

2025-10-19 03:49:34,290 - INFO - Epoch 90, Train loss: 0.39346312955021856
2025-10-19 03:49:35,164 - INFO - mIoU: 0.9681; OA: 0.9851; AA: 0.9804; F1: 0.9837; Kappa: 0.9744;
2025-10-19 03:49:35,165 - INFO - spatial_LccAccuracy: 0.9253; spatial_PA: 0.9919; spatial_UA: 0.9953; spatial_F1: 0.9936
2025-10-19 03:49:35,165 - INFO - temporal_CdAccuracy: 0.7545; temporal_PA: 0.952; temporal_UA: 0.9456; temporal_F1: 0.9488
2025-10-19 03:49:35,166 - INFO - Confusion Matrix
 [78431.	 1176.	    4.	    2.	    0.]
 [  735.	58912.	   71.	    0.	   22.]
 [    6.	  119.	 2583.	    0.	    0.]
 [   14.	    0.	    0.	 1499.	    0.]
 [    5.	  152.	    0.	    0.	11249.]
2025-10-19 03:49:35,167 - INFO - model saved 39 times, last saved epoch: 89.

2025-10-19 03:49:38,241 - INFO - Epoch 91, Train loss: 0.39432305060327055
2025-10-19 03:49:39,097 - INFO - mIoU: 0.9711; OA: 0.9862; AA: 0.9828; F1: 0.9852; Kappa: 0.9762;
2025-10-19 03:49:39,098 - INFO - spatial_LccAccuracy: 0.9288; spatial_PA: 0.9855; spatial_UA: 0.9935; spatial_F1: 0.9895
2025-10-19 03:49:39,098 - INFO - temporal_CdAccuracy: 0.7526; temporal_PA: 0.9591; temporal_UA: 0.9474; temporal_F1: 0.9532
2025-10-19 03:49:39,099 - INFO - Confusion Matrix
 [78713.	  890.	    7.	    3.	    0.]
 [  908.	58722.	   51.	    4.	   55.]
 [    4.	  115.	 2589.	    0.	    0.]
 [    8.	    0.	    0.	 1505.	    0.]
 [    0.	   97.	    0.	    0.	11309.]
2025-10-19 03:49:39,100 - INFO - model saved 39 times, last saved epoch: 89.

2025-10-19 03:49:42,167 - INFO - Epoch 92, Train loss: 0.3946689788252115
2025-10-19 03:49:42,992 - INFO - mIoU: 0.9668; OA: 0.9853; AA: 0.9813; F1: 0.9829; Kappa: 0.9747;
2025-10-19 03:49:42,992 - INFO - spatial_LccAccuracy: 0.9257; spatial_PA: 0.9894; spatial_UA: 0.9954; spatial_F1: 0.9924
2025-10-19 03:49:42,992 - INFO - temporal_CdAccuracy: 0.7495; temporal_PA: 0.9563; temporal_UA: 0.9435; temporal_F1: 0.9498
2025-10-19 03:49:42,993 - INFO - Confusion Matrix
 [78873.	  736.	    2.	    2.	    0.]
 [ 1108.	58486.	  109.	    1.	   36.]
 [   15.	   98.	 2595.	    0.	    0.]
 [   12.	    0.	    0.	 1501.	    0.]
 [   17.	  138.	    0.	    0.	11251.]
2025-10-19 03:49:42,994 - INFO - model saved 39 times, last saved epoch: 89.

2025-10-19 03:49:46,063 - INFO - Epoch 93, Train loss: 0.3942087560892105
2025-10-19 03:49:46,923 - INFO - mIoU: 0.9684; OA: 0.9852; AA: 0.9825; F1: 0.9838; Kappa: 0.9746;
2025-10-19 03:49:46,923 - INFO - spatial_LccAccuracy: 0.9245; spatial_PA: 0.988; spatial_UA: 0.9933; spatial_F1: 0.9907
2025-10-19 03:49:46,923 - INFO - temporal_CdAccuracy: 0.7484; temporal_PA: 0.9538; temporal_UA: 0.9461; temporal_F1: 0.9499
2025-10-19 03:49:46,924 - INFO - Confusion Matrix
 [78660.	  942.	    6.	    5.	    0.]
 [  948.	58676.	   87.	    3.	   26.]
 [    9.	   90.	 2609.	    0.	    0.]
 [   11.	    0.	    0.	 1502.	    0.]
 [    1.	  158.	    0.	    0.	11247.]
2025-10-19 03:49:46,925 - INFO - model saved 39 times, last saved epoch: 89.

2025-10-19 03:49:50,003 - INFO - Epoch 94, Train loss: 0.39411742202937605
2025-10-19 03:49:50,790 - INFO - mIoU: 0.9648; OA: 0.9859; AA: 0.985; F1: 0.9819; Kappa: 0.9758;
2025-10-19 03:49:50,790 - INFO - spatial_LccAccuracy: 0.9295; spatial_PA: 0.9903; spatial_UA: 0.9957; spatial_F1: 0.993
2025-10-19 03:49:50,791 - INFO - temporal_CdAccuracy: 0.7507; temporal_PA: 0.9587; temporal_UA: 0.9452; temporal_F1: 0.9519
2025-10-19 03:49:50,791 - INFO - Confusion Matrix
 [78809.	  770.	    6.	   28.	    0.]
 [  965.	58592.	  141.	    3.	   39.]
 [    5.	   72.	 2631.	    0.	    0.]
 [    6.	    0.	    0.	 1507.	    0.]
 [    5.	  144.	    0.	    0.	11257.]
2025-10-19 03:49:50,792 - INFO - model saved 39 times, last saved epoch: 89.

2025-10-19 03:49:53,788 - INFO - Epoch 95, Train loss: 0.3930015696212649
2025-10-19 03:49:54,662 - INFO - mIoU: 0.9691; OA: 0.9863; AA: 0.9836; F1: 0.9842; Kappa: 0.9764;
2025-10-19 03:49:54,662 - INFO - spatial_LccAccuracy: 0.9299; spatial_PA: 0.9892; spatial_UA: 0.9945; spatial_F1: 0.9918
2025-10-19 03:49:54,662 - INFO - temporal_CdAccuracy: 0.7592; temporal_PA: 0.9562; temporal_UA: 0.9518; temporal_F1: 0.954
2025-10-19 03:49:54,663 - INFO - Confusion Matrix
 [78856.	  747.	    6.	    4.	    0.]
 [  992.	58588.	   97.	    3.	   60.]
 [    6.	  101.	 2601.	    0.	    0.]
 [    7.	    0.	    0.	 1506.	    0.]
 [    1.	  101.	    0.	    0.	11304.]
2025-10-19 03:49:54,664 - INFO - model saved 39 times, last saved epoch: 89.

2025-10-19 03:49:57,682 - INFO - Epoch 96, Train loss: 0.3930042518302798
2025-10-19 03:49:58,539 - INFO - mIoU: 0.9714; OA: 0.9863; AA: 0.9812; F1: 0.9854; Kappa: 0.9765;
2025-10-19 03:49:58,539 - INFO - spatial_LccAccuracy: 0.9307; spatial_PA: 0.9892; spatial_UA: 0.9945; spatial_F1: 0.9918
2025-10-19 03:49:58,540 - INFO - temporal_CdAccuracy: 0.7511; temporal_PA: 0.9599; temporal_UA: 0.9464; temporal_F1: 0.9531
2025-10-19 03:49:58,540 - INFO - Confusion Matrix
 [78683.	  924.	    4.	    2.	    0.]
 [  863.	58808.	   41.	    0.	   28.]
 [    8.	  125.	 2575.	    0.	    0.]
 [   12.	    0.	    0.	 1501.	    0.]
 [    0.	  111.	    0.	    0.	11295.]
2025-10-19 03:49:58,541 - INFO - model saved 39 times, last saved epoch: 89.

2025-10-19 03:50:01,659 - INFO - Epoch 97, Train loss: 0.39346626698970794
2025-10-19 03:50:02,581 - INFO - mIoU: 0.97; OA: 0.9866; AA: 0.9825; F1: 0.9846; Kappa: 0.977;
2025-10-19 03:50:02,581 - INFO - spatial_LccAccuracy: 0.935; spatial_PA: 0.9928; spatial_UA: 0.9955; spatial_F1: 0.9942
2025-10-19 03:50:02,581 - INFO - temporal_CdAccuracy: 0.7573; temporal_PA: 0.96; temporal_UA: 0.9506; temporal_F1: 0.9553
2025-10-19 03:50:02,582 - INFO - Confusion Matrix
 [78825.	  780.	    6.	    2.	    0.]
 [  939.	58703.	   75.	    6.	   17.]
 [   11.	  101.	 2596.	    0.	    0.]
 [   12.	    0.	    0.	 1501.	    0.]
 [    1.	  125.	    0.	    0.	11280.]
2025-10-19 03:50:02,583 - INFO - model saved 39 times, last saved epoch: 89.

2025-10-19 03:50:05,621 - INFO - Epoch 98, Train loss: 0.3930106803774834
2025-10-19 03:50:06,501 - INFO - mIoU: 0.9681; OA: 0.9857; AA: 0.9832; F1: 0.9836; Kappa: 0.9754;
2025-10-19 03:50:06,501 - INFO - spatial_LccAccuracy: 0.9284; spatial_PA: 0.983; spatial_UA: 0.9937; spatial_F1: 0.9883
2025-10-19 03:50:06,501 - INFO - temporal_CdAccuracy: 0.748; temporal_PA: 0.9578; temporal_UA: 0.945; temporal_F1: 0.9514
2025-10-19 03:50:06,502 - INFO - Confusion Matrix
 [78689.	  916.	    6.	    2.	    0.]
 [  916.	58678.	  104.	    6.	   36.]
 [    5.	   97.	 2606.	    0.	    0.]
 [   10.	    0.	    0.	 1503.	    0.]
 [   19.	  101.	    0.	    0.	11286.]
2025-10-19 03:50:06,503 - INFO - model saved 39 times, last saved epoch: 89.

2025-10-19 03:50:09,425 - INFO - Epoch 99, Train loss: 0.39363538287580013
2025-10-19 03:50:10,281 - INFO - mIoU: 0.969; OA: 0.9857; AA: 0.9822; F1: 0.9841; Kappa: 0.9754;
2025-10-19 03:50:10,281 - INFO - spatial_LccAccuracy: 0.928; spatial_PA: 0.9882; spatial_UA: 0.9943; spatial_F1: 0.9912
2025-10-19 03:50:10,281 - INFO - temporal_CdAccuracy: 0.7507; temporal_PA: 0.9574; temporal_UA: 0.9442; temporal_F1: 0.9507
2025-10-19 03:50:10,282 - INFO - Confusion Matrix
 [78989.	  616.	    7.	    1.	    0.]
 [ 1244.	58368.	   84.	    3.	   41.]
 [   12.	   91.	 2605.	    0.	    0.]
 [   17.	    0.	    0.	 1496.	    0.]
 [    6.	   95.	    0.	    0.	11305.]
2025-10-19 03:50:10,283 - INFO - model saved 39 times, last saved epoch: 89.

2025-10-19 03:50:13,312 - INFO - Epoch 100, Train loss: 0.3927362458780408
2025-10-19 03:50:14,128 - INFO - mIoU: 0.972; OA: 0.9867; AA: 0.9833; F1: 0.9857; Kappa: 0.9771;
2025-10-19 03:50:14,128 - INFO - spatial_LccAccuracy: 0.9303; spatial_PA: 0.9878; spatial_UA: 0.9959; spatial_F1: 0.9918
2025-10-19 03:50:14,128 - INFO - temporal_CdAccuracy: 0.7515; temporal_PA: 0.9643; temporal_UA: 0.9442; temporal_F1: 0.9542
2025-10-19 03:50:14,129 - INFO - Confusion Matrix
 [78809.	  796.	    6.	    2.	    0.]
 [  925.	58698.	   60.	    0.	   57.]
 [    7.	  104.	 2597.	    0.	    0.]
 [   10.	    0.	    0.	 1503.	    0.]
 [    1.	   93.	    0.	    0.	11312.]
2025-10-19 03:50:14,192 - INFO - Epoch 100 saved.
2025-10-19 03:50:14,192 - INFO - model saved 40 times, last saved epoch: 100.

2025-10-19 03:50:17,244 - INFO - Epoch 101, Train loss: 0.3924711667001247
2025-10-19 03:50:18,101 - INFO - mIoU: 0.9683; OA: 0.9863; AA: 0.9831; F1: 0.9837; Kappa: 0.9764;
2025-10-19 03:50:18,101 - INFO - spatial_LccAccuracy: 0.9346; spatial_PA: 0.9919; spatial_UA: 0.9953; spatial_F1: 0.9936
2025-10-19 03:50:18,101 - INFO - temporal_CdAccuracy: 0.7565; temporal_PA: 0.9596; temporal_UA: 0.949; temporal_F1: 0.9543
2025-10-19 03:50:18,102 - INFO - Confusion Matrix
 [78878.	  725.	    5.	    5.	    0.]
 [  998.	58592.	  105.	    3.	   42.]
 [   10.	   93.	 2605.	    0.	    0.]
 [   10.	    0.	    0.	 1503.	    0.]
 [    8.	  122.	    0.	    0.	11276.]
2025-10-19 03:50:18,103 - INFO - model saved 40 times, last saved epoch: 100.

2025-10-19 03:50:21,215 - INFO - Epoch 102, Train loss: 0.39266294091939924
2025-10-19 03:50:22,040 - INFO - mIoU: 0.9689; OA: 0.9861; AA: 0.9816; F1: 0.9841; Kappa: 0.9761;
2025-10-19 03:50:22,040 - INFO - spatial_LccAccuracy: 0.9326; spatial_PA: 0.9933; spatial_UA: 0.9939; spatial_F1: 0.9936
2025-10-19 03:50:22,040 - INFO - temporal_CdAccuracy: 0.7542; temporal_PA: 0.959; temporal_UA: 0.9478; temporal_F1: 0.9534
2025-10-19 03:50:22,041 - INFO - Confusion Matrix
 [78497.	 1108.	    6.	    2.	    0.]
 [  669.	58989.	   48.	   18.	   16.]
 [    3.	  112.	 2593.	    0.	    0.]
 [   13.	    0.	    0.	 1500.	    0.]
 [    0.	  162.	    0.	    0.	11244.]
2025-10-19 03:50:22,042 - INFO - model saved 40 times, last saved epoch: 100.

2025-10-19 03:50:25,113 - INFO - Epoch 103, Train loss: 0.3935663869604468
2025-10-19 03:50:25,964 - INFO - mIoU: 0.968; OA: 0.9855; AA: 0.9826; F1: 0.9836; Kappa: 0.975;
2025-10-19 03:50:25,965 - INFO - spatial_LccAccuracy: 0.928; spatial_PA: 0.9903; spatial_UA: 0.9957; spatial_F1: 0.993
2025-10-19 03:50:25,965 - INFO - temporal_CdAccuracy: 0.7549; temporal_PA: 0.9591; temporal_UA: 0.9476; temporal_F1: 0.9533
2025-10-19 03:50:25,965 - INFO - Confusion Matrix
 [78603.	  999.	    6.	    5.	    0.]
 [  869.	58741.	   94.	    3.	   33.]
 [    7.	  104.	 2597.	    0.	    0.]
 [    9.	    0.	    0.	 1504.	    0.]
 [    1.	  123.	    0.	    0.	11282.]
2025-10-19 03:50:25,967 - INFO - model saved 40 times, last saved epoch: 100.

2025-10-19 03:50:28,889 - INFO - Epoch 104, Train loss: 0.3917970385402441
2025-10-19 03:50:29,736 - INFO - mIoU: 0.9716; OA: 0.9866; AA: 0.9818; F1: 0.9855; Kappa: 0.977;
2025-10-19 03:50:29,736 - INFO - spatial_LccAccuracy: 0.9334; spatial_PA: 0.9876; spatial_UA: 0.995; spatial_F1: 0.9912
2025-10-19 03:50:29,736 - INFO - temporal_CdAccuracy: 0.7549; temporal_PA: 0.9587; temporal_UA: 0.9503; temporal_F1: 0.9545
2025-10-19 03:50:29,737 - INFO - Confusion Matrix
 [78860.	  746.	    5.	    2.	    0.]
 [  987.	58672.	   43.	    3.	   35.]
 [    9.	  117.	 2582.	    0.	    0.]
 [   11.	    0.	    0.	 1502.	    0.]
 [    2.	  109.	    0.	    0.	11295.]
2025-10-19 03:50:29,738 - INFO - model saved 40 times, last saved epoch: 100.

2025-10-19 03:50:32,756 - INFO - Epoch 105, Train loss: 0.392501306720078
2025-10-19 03:50:33,570 - INFO - mIoU: 0.9666; OA: 0.9851; AA: 0.9849; F1: 0.9829; Kappa: 0.9744;
2025-10-19 03:50:33,570 - INFO - spatial_LccAccuracy: 0.9261; spatial_PA: 0.9868; spatial_UA: 0.9922; spatial_F1: 0.9895
2025-10-19 03:50:33,570 - INFO - temporal_CdAccuracy: 0.7433; temporal_PA: 0.9586; temporal_UA: 0.9414; temporal_F1: 0.95
2025-10-19 03:50:33,571 - INFO - Confusion Matrix
 [78933.	  666.	    5.	    9.	    0.]
 [ 1228.	58276.	  136.	    1.	   99.]
 [   13.	   71.	 2624.	    0.	    0.]
 [    7.	    0.	    0.	 1506.	    0.]
 [    3.	   73.	    0.	    0.	11330.]
2025-10-19 03:50:33,572 - INFO - model saved 40 times, last saved epoch: 100.

2025-10-19 03:50:36,472 - INFO - Epoch 106, Train loss: 0.39231553506106137
2025-10-19 03:50:37,332 - INFO - mIoU: 0.9687; OA: 0.986; AA: 0.983; F1: 0.984; Kappa: 0.976;
2025-10-19 03:50:37,332 - INFO - spatial_LccAccuracy: 0.9284; spatial_PA: 0.9876; spatial_UA: 0.995; spatial_F1: 0.9912
2025-10-19 03:50:37,333 - INFO - temporal_CdAccuracy: 0.7542; temporal_PA: 0.9602; temporal_UA: 0.9459; temporal_F1: 0.953
2025-10-19 03:50:37,333 - INFO - Confusion Matrix
 [78701.	  891.	    7.	   14.	    0.]
 [  867.	58715.	   69.	    0.	   89.]
 [    5.	  102.	 2601.	    0.	    0.]
 [    9.	    2.	    0.	 1502.	    0.]
 [    0.	  109.	    0.	    0.	11297.]
2025-10-19 03:50:37,334 - INFO - model saved 40 times, last saved epoch: 100.

2025-10-19 03:50:40,524 - INFO - Epoch 107, Train loss: 0.39232565779238937
2025-10-19 03:50:41,372 - INFO - mIoU: 0.9682; OA: 0.9854; AA: 0.9805; F1: 0.9837; Kappa: 0.9749;
2025-10-19 03:50:41,372 - INFO - spatial_LccAccuracy: 0.9249; spatial_PA: 0.9931; spatial_UA: 0.9964; spatial_F1: 0.9948
2025-10-19 03:50:41,372 - INFO - temporal_CdAccuracy: 0.758; temporal_PA: 0.9526; temporal_UA: 0.9503; temporal_F1: 0.9515
2025-10-19 03:50:41,373 - INFO - Confusion Matrix
 [78342.	 1252.	    5.	   14.	    0.]
 [  576.	59102.	   47.	    0.	   15.]
 [    3.	  126.	 2579.	    0.	    0.]
 [    6.	    0.	    0.	 1507.	    0.]
 [    3.	  219.	    0.	    0.	11184.]
2025-10-19 03:50:41,374 - INFO - model saved 40 times, last saved epoch: 100.

