2025-10-19 02:30:26,458 - INFO - Epoch 0, Train loss: 1.9993527869383494
2025-10-19 02:30:27,296 - INFO - mIoU: 0.1159; OA: 0.3726; AA: 0.1902; F1: 0.1814; Kappa: 0.0182;
2025-10-19 02:30:27,297 - INFO - spatial_LccAccuracy: 0.0153; spatial_PA: 0.5639; spatial_UA: 0.6433; spatial_F1: 0.601
2025-10-19 02:30:27,297 - INFO - temporal_CdAccuracy: 0.0407; temporal_PA: 0.5556; temporal_UA: 0.5158; temporal_F1: 0.5349
2025-10-19 02:30:27,298 - INFO - Confusion Matrix
 [45333.	14155.	 9805.	 2586.	 6670.]
 [28014.	10453.	 5777.	 2809.	10995.]
 [ 1798.	  550.	  179.	   94.	  175.]
 [  873.	  267.	  144.	   57.	   77.]
 [ 8229.	 1760.	  955.	  483.	 1122.]
2025-10-19 02:30:27,360 - INFO - Epoch 0 saved.
2025-10-19 02:30:27,362 - INFO - model saved 1 times, last saved epoch: 0.

2025-10-19 02:30:29,721 - INFO - Epoch 1, Train loss: 1.950147960583369
2025-10-19 02:30:30,548 - INFO - mIoU: 0.1414; OA: 0.4975; AA: 0.2199; F1: 0.2086; Kappa: 0.0868;
2025-10-19 02:30:30,548 - INFO - spatial_LccAccuracy: 0.0356; spatial_PA: 0.5748; spatial_UA: 0.5724; spatial_F1: 0.5736
2025-10-19 02:30:30,548 - INFO - temporal_CdAccuracy: 0.0767; temporal_PA: 0.5287; temporal_UA: 0.5124; temporal_F1: 0.5204
2025-10-19 02:30:30,549 - INFO - Confusion Matrix
 [62724.	10804.	 2953.	  353.	 1715.]
 [37832.	12928.	 2196.	  896.	 4196.]
 [ 2089.	  512.	   74.	   35.	   86.]
 [ 1109.	  177.	   95.	   10.	   27.]
 [11130.	  627.	  182.	   51.	  559.]
2025-10-19 02:30:30,610 - INFO - Epoch 1 saved.
2025-10-19 02:30:30,611 - INFO - model saved 2 times, last saved epoch: 1.

2025-10-19 02:30:32,869 - INFO - Epoch 2, Train loss: 1.7411327401796977
2025-10-19 02:30:33,825 - INFO - mIoU: 0.168; OA: 0.574; AA: 0.2479; F1: 0.2949; Kappa: 0.1927;
2025-10-19 02:30:33,825 - INFO - spatial_LccAccuracy: 0.0137; spatial_PA: 0.6054; spatial_UA: 0.6511; spatial_F1: 0.6274
2025-10-19 02:30:33,825 - INFO - temporal_CdAccuracy: 0.0689; temporal_PA: 0.5903; temporal_UA: 0.5235; temporal_F1: 0.5549
2025-10-19 02:30:33,826 - INFO - Confusion Matrix
 [62975.	15495.	   39.	    0.	   40.]
 [32214.	25009.	  171.	   90.	  564.]
 [ 2063.	  665.	   10.	    2.	   56.]
 [ 1209.	  135.	   54.	    0.	   20.]
 [11838.	  669.	    1.	    1.	   40.]
2025-10-19 02:30:33,901 - INFO - Epoch 2 saved.
2025-10-19 02:30:33,902 - INFO - model saved 3 times, last saved epoch: 2.

2025-10-19 02:30:36,193 - INFO - Epoch 3, Train loss: 1.3856206595897675
2025-10-19 02:30:37,029 - INFO - mIoU: 0.2289; OA: 0.6935; AA: 0.3038; F1: 0.4857; Kappa: 0.4207;
2025-10-19 02:30:37,030 - INFO - spatial_LccAccuracy: 0.0395; spatial_PA: 0.5977; spatial_UA: 0.5773; spatial_F1: 0.5873
2025-10-19 02:30:37,030 - INFO - temporal_CdAccuracy: 0.1045; temporal_PA: 0.5699; temporal_UA: 0.5311; temporal_F1: 0.5498
2025-10-19 02:30:37,031 - INFO - Confusion Matrix
 [70083.	 8463.	    1.	    0.	    2.]
 [21454.	36235.	   12.	    3.	  344.]
 [ 1810.	  934.	    0.	    0.	   52.]
 [ 1390.	   23.	    2.	    0.	    3.]
 [12209.	  309.	    0.	    0.	   31.]
2025-10-19 02:30:37,113 - INFO - Epoch 3 saved.
2025-10-19 02:30:37,114 - INFO - model saved 4 times, last saved epoch: 3.

2025-10-19 02:30:39,366 - INFO - Epoch 4, Train loss: 1.1976024051507315
2025-10-19 02:30:40,160 - INFO - mIoU: 0.2841; OA: 0.7682; AA: 0.3519; F1: 0.4326; Kappa: 0.5706;
2025-10-19 02:30:40,160 - INFO - spatial_LccAccuracy: 0.0755; spatial_PA: 0.6259; spatial_UA: 0.5989; spatial_F1: 0.6121
2025-10-19 02:30:40,160 - INFO - temporal_CdAccuracy: 0.1178; temporal_PA: 0.5797; temporal_UA: 0.5515; temporal_F1: 0.5652
2025-10-19 02:30:40,161 - INFO - Confusion Matrix
 [70249.	 8300.	    0.	    0.	    0.]
 [11191.	46841.	    0.	    1.	   15.]
 [ 1176.	 1605.	    1.	    0.	   14.]
 [ 1394.	   24.	    0.	    0.	    0.]
 [11471.	  353.	    0.	    1.	  724.]
2025-10-19 02:30:40,224 - INFO - Epoch 4 saved.
2025-10-19 02:30:40,225 - INFO - model saved 5 times, last saved epoch: 4.

2025-10-19 02:30:42,444 - INFO - Epoch 5, Train loss: 1.0533602878451347
2025-10-19 02:30:43,256 - INFO - mIoU: 0.4042; OA: 0.8494; AA: 0.4554; F1: 0.795; Kappa: 0.7287;
2025-10-19 02:30:43,257 - INFO - spatial_LccAccuracy: 0.2782; spatial_PA: 0.634; spatial_UA: 0.6234; spatial_F1: 0.6287
2025-10-19 02:30:43,257 - INFO - temporal_CdAccuracy: 0.1741; temporal_PA: 0.6088; temporal_UA: 0.5895; temporal_F1: 0.599
2025-10-19 02:30:43,258 - INFO - Confusion Matrix
 [73687.	 4862.	    0.	    0.	    0.]
 [ 7297.	50751.	    0.	    0.	    0.]
 [  653.	 2143.	    0.	    0.	    0.]
 [ 1166.	  252.	    0.	    0.	    0.]
 [ 6364.	  355.	    0.	    0.	 5830.]
2025-10-19 02:30:43,321 - INFO - Epoch 5 saved.
2025-10-19 02:30:43,322 - INFO - model saved 6 times, last saved epoch: 5.

2025-10-19 02:30:45,744 - INFO - Epoch 6, Train loss: 0.8968646287918091
2025-10-19 02:30:46,539 - INFO - mIoU: 0.5009; OA: 0.9012; AA: 0.5387; F1: 0.6841; Kappa: 0.8265;
2025-10-19 02:30:46,539 - INFO - spatial_LccAccuracy: 0.4382; spatial_PA: 0.7215; spatial_UA: 0.7256; spatial_F1: 0.7236
2025-10-19 02:30:46,539 - INFO - temporal_CdAccuracy: 0.3032; temporal_PA: 0.6622; temporal_UA: 0.6653; temporal_F1: 0.6638
2025-10-19 02:30:46,539 - INFO - Confusion Matrix
 [74745.	 3800.	    0.	    0.	    4.]
 [ 4903.	53145.	    0.	    0.	    0.]
 [  357.	 2425.	   14.	    0.	    0.]
 [  692.	  726.	    0.	    0.	    0.]
 [ 1883.	  360.	    0.	    0.	10306.]
2025-10-19 02:30:46,601 - INFO - Epoch 6 saved.
2025-10-19 02:30:46,602 - INFO - model saved 7 times, last saved epoch: 6.

2025-10-19 02:30:48,969 - INFO - Epoch 7, Train loss: 0.7828482275207838
2025-10-19 02:30:49,866 - INFO - mIoU: 0.5319; OA: 0.9159; AA: 0.5654; F1: 0.7222; Kappa: 0.8528;
2025-10-19 02:30:49,866 - INFO - spatial_LccAccuracy: 0.5129; spatial_PA: 0.7692; spatial_UA: 0.7702; spatial_F1: 0.7697
2025-10-19 02:30:49,866 - INFO - temporal_CdAccuracy: 0.3834; temporal_PA: 0.6896; temporal_UA: 0.7089; temporal_F1: 0.6992
2025-10-19 02:30:49,867 - INFO - Confusion Matrix
 [75666.	 2834.	    0.	    0.	   49.]
 [ 4572.	53476.	    0.	    0.	    0.]
 [  392.	 2256.	  147.	    1.	    0.]
 [  673.	  740.	    5.	    0.	    0.]
 [ 1057.	  324.	    0.	    0.	11168.]
2025-10-19 02:30:49,955 - INFO - Epoch 7 saved.
2025-10-19 02:30:49,956 - INFO - model saved 8 times, last saved epoch: 7.

2025-10-19 02:30:52,209 - INFO - Epoch 8, Train loss: 0.6908749163150787
2025-10-19 02:30:53,113 - INFO - mIoU: 0.5769; OA: 0.9276; AA: 0.6073; F1: 0.64; Kappa: 0.874;
2025-10-19 02:30:53,113 - INFO - spatial_LccAccuracy: 0.6107; spatial_PA: 0.8893; spatial_UA: 0.8529; spatial_F1: 0.8707
2025-10-19 02:30:53,114 - INFO - temporal_CdAccuracy: 0.4941; temporal_PA: 0.7303; temporal_UA: 0.7606; temporal_F1: 0.7451
2025-10-19 02:30:53,114 - INFO - Confusion Matrix
 [75734.	 2756.	    0.	    0.	   59.]
 [ 3485.	54553.	    8.	    0.	    2.]
 [  239.	 1985.	  565.	    6.	    1.]
 [  603.	  764.	   17.	   34.	    0.]
 [  853.	  321.	    0.	    0.	11375.]
2025-10-19 02:30:53,197 - INFO - Epoch 8 saved.
2025-10-19 02:30:53,197 - INFO - model saved 9 times, last saved epoch: 8.

2025-10-19 02:30:55,525 - INFO - Epoch 9, Train loss: 0.618495962023735
2025-10-19 02:30:56,308 - INFO - mIoU: 0.6394; OA: 0.9365; AA: 0.6686; F1: 0.7198; Kappa: 0.89;
2025-10-19 02:30:56,308 - INFO - spatial_LccAccuracy: 0.6397; spatial_PA: 0.9207; spatial_UA: 0.8767; spatial_F1: 0.8982
2025-10-19 02:30:56,308 - INFO - temporal_CdAccuracy: 0.5172; temporal_PA: 0.7549; temporal_UA: 0.773; temporal_F1: 0.7638
2025-10-19 02:30:56,309 - INFO - Confusion Matrix
 [75681.	 2794.	    2.	    1.	   71.]
 [ 2821.	55209.	   15.	    2.	    1.]
 [  102.	 1522.	 1150.	   21.	    1.]
 [  594.	  622.	   51.	  151.	    0.]
 [  754.	  368.	    0.	    0.	11427.]
2025-10-19 02:30:56,371 - INFO - Epoch 9 saved.
2025-10-19 02:30:56,371 - INFO - model saved 10 times, last saved epoch: 9.

2025-10-19 02:30:58,578 - INFO - Epoch 10, Train loss: 0.5894262651602428
2025-10-19 02:30:59,445 - INFO - mIoU: 0.7036; OA: 0.9452; AA: 0.7348; F1: 0.7909; Kappa: 0.9055;
2025-10-19 02:30:59,446 - INFO - spatial_LccAccuracy: 0.6753; spatial_PA: 0.9302; spatial_UA: 0.8911; spatial_F1: 0.9102
2025-10-19 02:30:59,446 - INFO - temporal_CdAccuracy: 0.5399; temporal_PA: 0.7879; temporal_UA: 0.7926; temporal_F1: 0.7903
2025-10-19 02:30:59,447 - INFO - Confusion Matrix
 [75752.	 2704.	    6.	    7.	   80.]
 [ 2267.	55718.	   35.	   26.	    2.]
 [   26.	 1099.	 1648.	   22.	    1.]
 [  429.	  542.	   99.	  348.	    0.]
 [  681.	  381.	    3.	    0.	11484.]
2025-10-19 02:30:59,511 - INFO - Epoch 10 saved.
2025-10-19 02:30:59,512 - INFO - model saved 11 times, last saved epoch: 10.

2025-10-19 02:31:01,703 - INFO - Epoch 11, Train loss: 0.5642370658616225
2025-10-19 02:31:02,590 - INFO - mIoU: 0.7543; OA: 0.9512; AA: 0.7848; F1: 0.8398; Kappa: 0.9161;
2025-10-19 02:31:02,590 - INFO - spatial_LccAccuracy: 0.6944; spatial_PA: 0.934; spatial_UA: 0.8971; spatial_F1: 0.9152
2025-10-19 02:31:02,590 - INFO - temporal_CdAccuracy: 0.552; temporal_PA: 0.8148; temporal_UA: 0.8075; temporal_F1: 0.8112
2025-10-19 02:31:02,590 - INFO - Confusion Matrix
 [75789.	 2642.	   15.	    6.	   97.]
 [ 1941.	56026.	   50.	   26.	    5.]
 [   18.	  839.	 1937.	    1.	    1.]
 [  368.	  428.	   86.	  536.	    0.]
 [  606.	  354.	    0.	    1.	11588.]
2025-10-19 02:31:02,666 - INFO - Epoch 11 saved.
2025-10-19 02:31:02,667 - INFO - model saved 12 times, last saved epoch: 11.

2025-10-19 02:31:05,049 - INFO - Epoch 12, Train loss: 0.5442435450851917
2025-10-19 02:31:05,851 - INFO - mIoU: 0.8122; OA: 0.9567; AA: 0.8435; F1: 0.8893; Kappa: 0.9256;
2025-10-19 02:31:05,851 - INFO - spatial_LccAccuracy: 0.7175; spatial_PA: 0.9357; spatial_UA: 0.9017; spatial_F1: 0.9184
2025-10-19 02:31:05,852 - INFO - temporal_CdAccuracy: 0.5763; temporal_PA: 0.8477; temporal_UA: 0.83; temporal_F1: 0.8388
2025-10-19 02:31:05,852 - INFO - Confusion Matrix
 [76771.	 1658.	   14.	    9.	   97.]
 [ 2603.	55300.	   75.	   58.	   12.]
 [   21.	  710.	 2065.	    0.	    0.]
 [  346.	  149.	   50.	  873.	    0.]
 [  546.	  289.	    0.	    0.	11714.]
2025-10-19 02:31:05,915 - INFO - Epoch 12 saved.
2025-10-19 02:31:05,916 - INFO - model saved 13 times, last saved epoch: 12.

2025-10-19 02:31:08,298 - INFO - Epoch 13, Train loss: 0.5223929146925609
2025-10-19 02:31:09,100 - INFO - mIoU: 0.8337; OA: 0.9599; AA: 0.8676; F1: 0.9042; Kappa: 0.9314;
2025-10-19 02:31:09,100 - INFO - spatial_LccAccuracy: 0.7242; spatial_PA: 0.9508; spatial_UA: 0.9137; spatial_F1: 0.9319
2025-10-19 02:31:09,100 - INFO - temporal_CdAccuracy: 0.5915; temporal_PA: 0.8548; temporal_UA: 0.8374; temporal_F1: 0.846
2025-10-19 02:31:09,101 - INFO - Confusion Matrix
 [76257.	 2172.	   14.	    5.	  101.]
 [ 1905.	55938.	  104.	   74.	   27.]
 [   17.	  578.	 2201.	    0.	    0.]
 [  334.	   88.	   45.	  951.	    0.]
 [  392.	  290.	    0.	    0.	11867.]
2025-10-19 02:31:09,175 - INFO - Epoch 13 saved.
2025-10-19 02:31:09,176 - INFO - model saved 14 times, last saved epoch: 13.

2025-10-19 02:31:11,513 - INFO - Epoch 14, Train loss: 0.506368846197923
2025-10-19 02:31:12,318 - INFO - mIoU: 0.8459; OA: 0.9632; AA: 0.8764; F1: 0.9123; Kappa: 0.9371;
2025-10-19 02:31:12,318 - INFO - spatial_LccAccuracy: 0.7563; spatial_PA: 0.9557; spatial_UA: 0.9539; spatial_F1: 0.9548
2025-10-19 02:31:12,319 - INFO - temporal_CdAccuracy: 0.642; temporal_PA: 0.8747; temporal_UA: 0.8555; temporal_F1: 0.865
2025-10-19 02:31:12,319 - INFO - Confusion Matrix
 [76063.	 2354.	   13.	   15.	  104.]
 [ 1361.	56534.	   66.	   63.	   24.]
 [    8.	  610.	 2178.	    0.	    0.]
 [  164.	  220.	   28.	 1006.	    0.]
 [  324.	  287.	    0.	    0.	11938.]
2025-10-19 02:31:12,392 - INFO - Epoch 14 saved.
2025-10-19 02:31:12,393 - INFO - model saved 15 times, last saved epoch: 14.

2025-10-19 02:31:14,652 - INFO - Epoch 15, Train loss: 0.49341151242454845
2025-10-19 02:31:15,584 - INFO - mIoU: 0.8655; OA: 0.9664; AA: 0.8999; F1: 0.9249; Kappa: 0.9425;
2025-10-19 02:31:15,584 - INFO - spatial_LccAccuracy: 0.7766; spatial_PA: 0.9589; spatial_UA: 0.9565; spatial_F1: 0.9577
2025-10-19 02:31:15,584 - INFO - temporal_CdAccuracy: 0.6498; temporal_PA: 0.8811; temporal_UA: 0.8631; temporal_F1: 0.872
2025-10-19 02:31:15,585 - INFO - Confusion Matrix
 [76506.	 1917.	   11.	   12.	  103.]
 [ 1597.	56227.	   79.	  105.	   40.]
 [   10.	  472.	 2314.	    0.	    0.]
 [  201.	   96.	   32.	 1089.	    0.]
 [  221.	  263.	    0.	    0.	12065.]
2025-10-19 02:31:15,753 - INFO - Epoch 15 saved.
2025-10-19 02:31:15,753 - INFO - model saved 16 times, last saved epoch: 15.

2025-10-19 02:31:18,064 - INFO - Epoch 16, Train loss: 0.4811541167398294
2025-10-19 02:31:18,905 - INFO - mIoU: 0.8776; OA: 0.9683; AA: 0.9119; F1: 0.9325; Kappa: 0.9458;
2025-10-19 02:31:18,905 - INFO - spatial_LccAccuracy: 0.8028; spatial_PA: 0.9627; spatial_UA: 0.9639; spatial_F1: 0.9633
2025-10-19 02:31:18,906 - INFO - temporal_CdAccuracy: 0.6694; temporal_PA: 0.8928; temporal_UA: 0.8788; temporal_F1: 0.8858
2025-10-19 02:31:18,906 - INFO - Confusion Matrix
 [77105.	 1329.	    2.	    9.	  104.]
 [ 2041.	55748.	   79.	  117.	   63.]
 [   12.	  429.	 2355.	    0.	    0.]
 [  178.	   69.	   26.	 1144.	    1.]
 [  185.	  213.	    0.	    0.	12151.]
2025-10-19 02:31:18,970 - INFO - Epoch 16 saved.
2025-10-19 02:31:18,970 - INFO - model saved 17 times, last saved epoch: 16.

2025-10-19 02:31:21,289 - INFO - Epoch 17, Train loss: 0.4760728438695272
2025-10-19 02:31:22,166 - INFO - mIoU: 0.8893; OA: 0.9705; AA: 0.9292; F1: 0.9396; Kappa: 0.9497;
2025-10-19 02:31:22,166 - INFO - spatial_LccAccuracy: 0.8192; spatial_PA: 0.9631; spatial_UA: 0.9711; spatial_F1: 0.9671
2025-10-19 02:31:22,166 - INFO - temporal_CdAccuracy: 0.6808; temporal_PA: 0.8969; temporal_UA: 0.884; temporal_F1: 0.8904
2025-10-19 02:31:22,167 - INFO - Confusion Matrix
 [77017.	 1407.	    5.	   11.	  109.]
 [ 1786.	55931.	  116.	  138.	   77.]
 [   10.	  331.	 2455.	    0.	    0.]
 [  145.	   28.	   39.	 1204.	    2.]
 [  122.	  195.	    0.	    0.	12232.]
2025-10-19 02:31:22,255 - INFO - Epoch 17 saved.
2025-10-19 02:31:22,256 - INFO - model saved 18 times, last saved epoch: 17.

2025-10-19 02:31:24,560 - INFO - Epoch 18, Train loss: 0.46889300147692364
2025-10-19 02:31:25,379 - INFO - mIoU: 0.8995; OA: 0.9717; AA: 0.9326; F1: 0.9459; Kappa: 0.9517;
2025-10-19 02:31:25,379 - INFO - spatial_LccAccuracy: 0.8474; spatial_PA: 0.9743; spatial_UA: 0.9819; spatial_F1: 0.9781
2025-10-19 02:31:25,379 - INFO - temporal_CdAccuracy: 0.6987; temporal_PA: 0.9034; temporal_UA: 0.8937; temporal_F1: 0.8985
2025-10-19 02:31:25,380 - INFO - Confusion Matrix
 [76614.	 1805.	    6.	    9.	  115.]
 [ 1309.	56481.	   88.	   89.	   81.]
 [   10.	  353.	 2433.	    0.	    0.]
 [   83.	   73.	   30.	 1230.	    2.]
 [  106.	  185.	    0.	    0.	12258.]
2025-10-19 02:31:25,442 - INFO - Epoch 18 saved.
2025-10-19 02:31:25,443 - INFO - model saved 19 times, last saved epoch: 18.

2025-10-19 02:31:27,791 - INFO - Epoch 19, Train loss: 0.4623730979859829
2025-10-19 02:31:28,613 - INFO - mIoU: 0.905; OA: 0.9733; AA: 0.9331; F1: 0.9491; Kappa: 0.9544;
2025-10-19 02:31:28,614 - INFO - spatial_LccAccuracy: 0.8576; spatial_PA: 0.977; spatial_UA: 0.9827; spatial_F1: 0.9798
2025-10-19 02:31:28,614 - INFO - temporal_CdAccuracy: 0.7093; temporal_PA: 0.9083; temporal_UA: 0.9018; temporal_F1: 0.9051
2025-10-19 02:31:28,615 - INFO - Confusion Matrix
 [77045.	 1404.	    0.	    7.	   93.]
 [ 1516.	56334.	   53.	   82.	   63.]
 [   12.	  391.	 2393.	    0.	    0.]
 [   90.	   54.	   22.	 1252.	    0.]
 [  117.	  192.	    0.	    0.	12240.]
2025-10-19 02:31:28,678 - INFO - Epoch 19 saved.
2025-10-19 02:31:28,679 - INFO - model saved 20 times, last saved epoch: 19.

2025-10-19 02:31:31,063 - INFO - Epoch 20, Train loss: 0.45687031199534733
2025-10-19 02:31:31,880 - INFO - mIoU: 0.911; OA: 0.9737; AA: 0.939; F1: 0.9526; Kappa: 0.9552;
2025-10-19 02:31:31,880 - INFO - spatial_LccAccuracy: 0.8689; spatial_PA: 0.9774; spatial_UA: 0.9869; spatial_F1: 0.9821
2025-10-19 02:31:31,881 - INFO - temporal_CdAccuracy: 0.7187; temporal_PA: 0.9086; temporal_UA: 0.909; temporal_F1: 0.9088
2025-10-19 02:31:31,882 - INFO - Confusion Matrix
 [76630.	 1799.	    3.	   16.	  101.]
 [ 1131.	56737.	   64.	   61.	   55.]
 [    9.	  349.	 2438.	    0.	    0.]
 [   35.	   92.	   22.	 1267.	    2.]
 [   82.	  210.	    0.	    0.	12257.]
2025-10-19 02:31:31,944 - INFO - Epoch 20 saved.
2025-10-19 02:31:31,945 - INFO - model saved 21 times, last saved epoch: 20.

2025-10-19 02:31:34,330 - INFO - Epoch 21, Train loss: 0.45395487000544865
2025-10-19 02:31:35,178 - INFO - mIoU: 0.9156; OA: 0.9747; AA: 0.9434; F1: 0.9552; Kappa: 0.9569;
2025-10-19 02:31:35,178 - INFO - spatial_LccAccuracy: 0.8701; spatial_PA: 0.9762; spatial_UA: 0.9858; spatial_F1: 0.981
2025-10-19 02:31:35,179 - INFO - temporal_CdAccuracy: 0.7167; temporal_PA: 0.9113; temporal_UA: 0.9086; temporal_F1: 0.9099
2025-10-19 02:31:35,179 - INFO - Confusion Matrix
 [76896.	 1550.	    0.	   11.	   92.]
 [ 1267.	56582.	   58.	   75.	   66.]
 [   10.	  353.	 2433.	    0.	    0.]
 [   43.	   60.	   16.	 1297.	    2.]
 [   83.	  187.	    0.	    0.	12279.]
2025-10-19 02:31:35,245 - INFO - Epoch 21 saved.
2025-10-19 02:31:35,246 - INFO - model saved 22 times, last saved epoch: 21.

2025-10-19 02:31:37,563 - INFO - Epoch 22, Train loss: 0.44638688638806345
2025-10-19 02:31:38,413 - INFO - mIoU: 0.9235; OA: 0.9761; AA: 0.9501; F1: 0.9597; Kappa: 0.9593;
2025-10-19 02:31:38,413 - INFO - spatial_LccAccuracy: 0.8811; spatial_PA: 0.9781; spatial_UA: 0.9897; spatial_F1: 0.9839
2025-10-19 02:31:38,413 - INFO - temporal_CdAccuracy: 0.7136; temporal_PA: 0.9186; temporal_UA: 0.9076; temporal_F1: 0.913
2025-10-19 02:31:38,414 - INFO - Confusion Matrix
 [76919.	 1517.	    1.	    9.	  103.]
 [ 1162.	56687.	   88.	   53.	   58.]
 [   10.	  278.	 2508.	    0.	    0.]
 [   36.	   59.	   18.	 1303.	    2.]
 [   77.	  189.	    0.	    0.	12283.]
2025-10-19 02:31:38,478 - INFO - Epoch 22 saved.
2025-10-19 02:31:38,478 - INFO - model saved 23 times, last saved epoch: 22.

2025-10-19 02:31:40,682 - INFO - Epoch 23, Train loss: 0.44503106276194254
2025-10-19 02:31:41,513 - INFO - mIoU: 0.9267; OA: 0.9759; AA: 0.9567; F1: 0.9615; Kappa: 0.9589;
2025-10-19 02:31:41,514 - INFO - spatial_LccAccuracy: 0.8803; spatial_PA: 0.9657; spatial_UA: 0.9836; spatial_F1: 0.9746
2025-10-19 02:31:41,514 - INFO - temporal_CdAccuracy: 0.7191; temporal_PA: 0.9195; temporal_UA: 0.9098; temporal_F1: 0.9146
2025-10-19 02:31:41,515 - INFO - Confusion Matrix
 [77150.	 1285.	    0.	   11.	  103.]
 [ 1461.	56345.	   85.	   83.	   74.]
 [   11.	  276.	 2509.	    0.	    0.]
 [   37.	   22.	    9.	 1350.	    0.]
 [   78.	  158.	    0.	    0.	12313.]
2025-10-19 02:31:41,586 - INFO - Epoch 23 saved.
2025-10-19 02:31:41,586 - INFO - model saved 24 times, last saved epoch: 23.

2025-10-19 02:31:44,025 - INFO - Epoch 24, Train loss: 0.4399017949899038
2025-10-19 02:31:44,942 - INFO - mIoU: 0.9258; OA: 0.9761; AA: 0.9554; F1: 0.961; Kappa: 0.9592;
2025-10-19 02:31:44,942 - INFO - spatial_LccAccuracy: 0.8873; spatial_PA: 0.9821; spatial_UA: 0.9802; spatial_F1: 0.9811
2025-10-19 02:31:44,943 - INFO - temporal_CdAccuracy: 0.7226; temporal_PA: 0.9228; temporal_UA: 0.9143; temporal_F1: 0.9186
2025-10-19 02:31:44,944 - INFO - Confusion Matrix
 [77137.	 1306.	    0.	    8.	   98.]
 [ 1417.	56401.	   69.	   94.	   67.]
 [   11.	  290.	 2495.	    0.	    0.]
 [   46.	   17.	    8.	 1347.	    0.]
 [   76.	  161.	    0.	    0.	12312.]
2025-10-19 02:31:44,945 - INFO - model saved 24 times, last saved epoch: 23.

2025-10-19 02:31:47,208 - INFO - Epoch 25, Train loss: 0.4377256418267886
2025-10-19 02:31:48,166 - INFO - mIoU: 0.9283; OA: 0.9766; AA: 0.9551; F1: 0.9624; Kappa: 0.96;
2025-10-19 02:31:48,166 - INFO - spatial_LccAccuracy: 0.8936; spatial_PA: 0.9752; spatial_UA: 0.988; spatial_F1: 0.9815
2025-10-19 02:31:48,166 - INFO - temporal_CdAccuracy: 0.7285; temporal_PA: 0.9242; temporal_UA: 0.9178; temporal_F1: 0.921
2025-10-19 02:31:48,166 - INFO - Confusion Matrix
 [77554.	  892.	    0.	    8.	   95.]
 [ 1775.	56036.	   86.	   66.	   85.]
 [   15.	  260.	 2521.	    0.	    0.]
 [   37.	   43.	    6.	 1332.	    0.]
 [   80.	  146.	    0.	    0.	12323.]
2025-10-19 02:31:48,227 - INFO - Epoch 25 saved.
2025-10-19 02:31:48,227 - INFO - model saved 25 times, last saved epoch: 25.

2025-10-19 02:31:50,553 - INFO - Epoch 26, Train loss: 0.43196855013569196
2025-10-19 02:31:51,499 - INFO - mIoU: 0.9329; OA: 0.9777; AA: 0.9568; F1: 0.9649; Kappa: 0.962;
2025-10-19 02:31:51,499 - INFO - spatial_LccAccuracy: 0.8998; spatial_PA: 0.9839; spatial_UA: 0.9896; spatial_F1: 0.9868
2025-10-19 02:31:51,499 - INFO - temporal_CdAccuracy: 0.7312; temporal_PA: 0.9273; temporal_UA: 0.9218; temporal_F1: 0.9246
2025-10-19 02:31:51,500 - INFO - Confusion Matrix
 [77078.	 1354.	    0.	    6.	  111.]
 [ 1194.	56665.	   63.	   54.	   72.]
 [   10.	  288.	 2498.	    0.	    0.]
 [   27.	   39.	    6.	 1346.	    0.]
 [   59.	  140.	    0.	    0.	12350.]
2025-10-19 02:31:51,563 - INFO - Epoch 26 saved.
2025-10-19 02:31:51,564 - INFO - model saved 26 times, last saved epoch: 26.

2025-10-19 02:31:53,847 - INFO - Epoch 27, Train loss: 0.43070990840593976
2025-10-19 02:31:54,636 - INFO - mIoU: 0.9337; OA: 0.9767; AA: 0.9549; F1: 0.9653; Kappa: 0.9604;
2025-10-19 02:31:54,636 - INFO - spatial_LccAccuracy: 0.8932; spatial_PA: 0.983; spatial_UA: 0.9894; spatial_F1: 0.9862
2025-10-19 02:31:54,636 - INFO - temporal_CdAccuracy: 0.7226; temporal_PA: 0.9266; temporal_UA: 0.9135; temporal_F1: 0.92
2025-10-19 02:31:54,637 - INFO - Confusion Matrix
 [76576.	 1861.	    3.	    5.	  104.]
 [  864.	57036.	   52.	   32.	   64.]
 [    8.	  294.	 2494.	    0.	    0.]
 [   21.	   57.	    6.	 1334.	    0.]
 [   52.	  147.	    0.	    0.	12350.]
2025-10-19 02:31:54,701 - INFO - Epoch 27 saved.
2025-10-19 02:31:54,701 - INFO - model saved 27 times, last saved epoch: 27.

2025-10-19 02:31:56,834 - INFO - Epoch 28, Train loss: 0.42894802019000056
2025-10-19 02:31:57,657 - INFO - mIoU: 0.9372; OA: 0.9785; AA: 0.9593; F1: 0.9673; Kappa: 0.9634;
2025-10-19 02:31:57,657 - INFO - spatial_LccAccuracy: 0.9073; spatial_PA: 0.9824; spatial_UA: 0.99; spatial_F1: 0.9862
2025-10-19 02:31:57,657 - INFO - temporal_CdAccuracy: 0.7406; temporal_PA: 0.9288; temporal_UA: 0.9309; temporal_F1: 0.9298
2025-10-19 02:31:57,658 - INFO - Confusion Matrix
 [77164.	 1277.	    3.	    6.	   99.]
 [ 1192.	56703.	   67.	   42.	   44.]
 [    8.	  268.	 2520.	    0.	    0.]
 [   22.	   37.	    6.	 1353.	    0.]
 [   58.	  168.	    0.	    0.	12323.]
2025-10-19 02:31:57,723 - INFO - Epoch 28 saved.
2025-10-19 02:31:57,723 - INFO - model saved 28 times, last saved epoch: 28.

2025-10-19 02:32:00,061 - INFO - Epoch 29, Train loss: 0.42498099207878115
2025-10-19 02:32:00,875 - INFO - mIoU: 0.9376; OA: 0.9786; AA: 0.9599; F1: 0.9675; Kappa: 0.9636;
2025-10-19 02:32:00,875 - INFO - spatial_LccAccuracy: 0.9038; spatial_PA: 0.9852; spatial_UA: 0.9884; spatial_F1: 0.9868
2025-10-19 02:32:00,875 - INFO - temporal_CdAccuracy: 0.7418; temporal_PA: 0.9316; temporal_UA: 0.93; temporal_F1: 0.9308
2025-10-19 02:32:00,876 - INFO - Confusion Matrix
 [77004.	 1445.	    1.	    7.	   92.]
 [ 1007.	56880.	   70.	   42.	   49.]
 [    8.	  264.	 2524.	    0.	    0.]
 [   25.	   33.	    6.	 1354.	    0.]
 [   66.	  162.	    0.	    0.	12321.]
2025-10-19 02:32:00,940 - INFO - Epoch 29 saved.
2025-10-19 02:32:00,940 - INFO - model saved 29 times, last saved epoch: 29.

2025-10-19 02:32:03,332 - INFO - Epoch 30, Train loss: 0.42196870371699335
2025-10-19 02:32:04,140 - INFO - mIoU: 0.9409; OA: 0.9795; AA: 0.9626; F1: 0.9692; Kappa: 0.9651;
2025-10-19 02:32:04,140 - INFO - spatial_LccAccuracy: 0.912; spatial_PA: 0.9817; spatial_UA: 0.9907; spatial_F1: 0.9862
2025-10-19 02:32:04,140 - INFO - temporal_CdAccuracy: 0.7445; temporal_PA: 0.9332; temporal_UA: 0.9317; temporal_F1: 0.9325
2025-10-19 02:32:04,140 - INFO - Confusion Matrix
 [77275.	 1170.	    0.	    9.	   95.]
 [ 1187.	56679.	   86.	   30.	   66.]
 [   12.	  236.	 2548.	    0.	    0.]
 [   21.	   35.	    6.	 1356.	    0.]
 [   55.	  130.	    0.	    0.	12364.]
2025-10-19 02:32:04,200 - INFO - Epoch 30 saved.
2025-10-19 02:32:04,201 - INFO - model saved 30 times, last saved epoch: 30.

2025-10-19 02:32:06,524 - INFO - Epoch 31, Train loss: 0.4205409357945124
2025-10-19 02:32:07,423 - INFO - mIoU: 0.9427; OA: 0.9788; AA: 0.9638; F1: 0.9702; Kappa: 0.9639;
2025-10-19 02:32:07,424 - INFO - spatial_LccAccuracy: 0.9077; spatial_PA: 0.986; spatial_UA: 0.9911; spatial_F1: 0.9885
2025-10-19 02:32:07,424 - INFO - temporal_CdAccuracy: 0.7394; temporal_PA: 0.9323; temporal_UA: 0.9281; temporal_F1: 0.9302
2025-10-19 02:32:07,425 - INFO - Confusion Matrix
 [76988.	 1469.	    6.	    9.	   77.]
 [ 1017.	56869.	   73.	   27.	   62.]
 [    7.	  245.	 2544.	    0.	    0.]
 [   17.	   25.	    6.	 1370.	    0.]
 [   78.	  131.	    0.	    0.	12340.]
2025-10-19 02:32:07,511 - INFO - Epoch 31 saved.
2025-10-19 02:32:07,512 - INFO - model saved 31 times, last saved epoch: 31.

2025-10-19 02:32:09,858 - INFO - Epoch 32, Train loss: 0.4184784799814224
2025-10-19 02:32:10,707 - INFO - mIoU: 0.9407; OA: 0.9789; AA: 0.964; F1: 0.9692; Kappa: 0.964;
2025-10-19 02:32:10,708 - INFO - spatial_LccAccuracy: 0.9085; spatial_PA: 0.9753; spatial_UA: 0.9855; spatial_F1: 0.9804
2025-10-19 02:32:10,708 - INFO - temporal_CdAccuracy: 0.7402; temporal_PA: 0.9348; temporal_UA: 0.9283; temporal_F1: 0.9315
2025-10-19 02:32:10,709 - INFO - Confusion Matrix
 [77547.	  922.	    0.	    8.	   72.]
 [ 1502.	56373.	   82.	   49.	   42.]
 [   13.	  243.	 2540.	    0.	    0.]
 [   21.	   10.	    6.	 1381.	    0.]
 [  106.	  157.	    0.	    0.	12286.]
2025-10-19 02:32:10,710 - INFO - model saved 31 times, last saved epoch: 31.

2025-10-19 02:32:12,977 - INFO - Epoch 33, Train loss: 0.41765545805295307
2025-10-19 02:32:13,808 - INFO - mIoU: 0.9427; OA: 0.9796; AA: 0.9617; F1: 0.9702; Kappa: 0.9652;
2025-10-19 02:32:13,809 - INFO - spatial_LccAccuracy: 0.9112; spatial_PA: 0.9793; spatial_UA: 0.9908; spatial_F1: 0.985
2025-10-19 02:32:13,809 - INFO - temporal_CdAccuracy: 0.7457; temporal_PA: 0.9364; temporal_UA: 0.9335; temporal_F1: 0.9349
2025-10-19 02:32:13,810 - INFO - Confusion Matrix
 [77423.	 1031.	    0.	    9.	   86.]
 [ 1301.	56617.	   69.	   21.	   40.]
 [    8.	  272.	 2516.	    0.	    0.]
 [   18.	   23.	    5.	 1372.	    0.]
 [   90.	  160.	    0.	    0.	12299.]
2025-10-19 02:32:13,874 - INFO - Epoch 33 saved.
2025-10-19 02:32:13,874 - INFO - model saved 32 times, last saved epoch: 33.

2025-10-19 02:32:16,085 - INFO - Epoch 34, Train loss: 0.4149544840057691
2025-10-19 02:32:16,951 - INFO - mIoU: 0.9411; OA: 0.9798; AA: 0.9587; F1: 0.9693; Kappa: 0.9656;
2025-10-19 02:32:16,952 - INFO - spatial_LccAccuracy: 0.9085; spatial_PA: 0.984; spatial_UA: 0.993; spatial_F1: 0.9885
2025-10-19 02:32:16,952 - INFO - temporal_CdAccuracy: 0.7543; temporal_PA: 0.9345; temporal_UA: 0.9385; temporal_F1: 0.9365
2025-10-19 02:32:16,953 - INFO - Confusion Matrix
 [77139.	 1307.	    1.	    5.	   97.]
 [  990.	56924.	   73.	    9.	   52.]
 [    7.	  266.	 2523.	    0.	    0.]
 [   18.	   55.	    5.	 1340.	    0.]
 [   67.	  141.	    0.	    0.	12341.]
2025-10-19 02:32:16,954 - INFO - model saved 32 times, last saved epoch: 33.

2025-10-19 02:32:19,273 - INFO - Epoch 35, Train loss: 0.4135568308333556
2025-10-19 02:32:20,124 - INFO - mIoU: 0.9424; OA: 0.9782; AA: 0.9699; F1: 0.97; Kappa: 0.9628;
2025-10-19 02:32:20,124 - INFO - spatial_LccAccuracy: 0.9088; spatial_PA: 0.9806; spatial_UA: 0.9895; spatial_F1: 0.985
2025-10-19 02:32:20,124 - INFO - temporal_CdAccuracy: 0.7402; temporal_PA: 0.9358; temporal_UA: 0.9297; temporal_F1: 0.9328
2025-10-19 02:32:20,125 - INFO - Confusion Matrix
 [77750.	  679.	    6.	    9.	  105.]
 [ 1889.	55871.	  145.	   39.	  104.]
 [    6.	  194.	 2596.	    0.	    0.]
 [   15.	    8.	    6.	 1389.	    0.]
 [   46.	   90.	    0.	    0.	12413.]
2025-10-19 02:32:20,126 - INFO - model saved 32 times, last saved epoch: 33.

2025-10-19 02:32:22,475 - INFO - Epoch 36, Train loss: 0.4135325049360593
2025-10-19 02:32:23,285 - INFO - mIoU: 0.9442; OA: 0.9773; AA: 0.9667; F1: 0.9711; Kappa: 0.9613;
2025-10-19 02:32:23,285 - INFO - spatial_LccAccuracy: 0.9049; spatial_PA: 0.983; spatial_UA: 0.9894; spatial_F1: 0.9862
2025-10-19 02:32:23,286 - INFO - temporal_CdAccuracy: 0.739; temporal_PA: 0.9209; temporal_UA: 0.9291; temporal_F1: 0.925
2025-10-19 02:32:23,287 - INFO - Confusion Matrix
 [76432.	 2000.	   11.	   11.	   95.]
 [  742.	57164.	   65.	   28.	   49.]
 [    4.	  242.	 2550.	    0.	    0.]
 [   12.	   11.	    5.	 1390.	    0.]
 [   64.	  146.	    0.	    0.	12339.]
2025-10-19 02:32:23,349 - INFO - Epoch 36 saved.
2025-10-19 02:32:23,350 - INFO - model saved 33 times, last saved epoch: 36.

2025-10-19 02:32:25,500 - INFO - Epoch 37, Train loss: 0.4137591846287251
2025-10-19 02:32:26,336 - INFO - mIoU: 0.9439; OA: 0.9797; AA: 0.9643; F1: 0.9709; Kappa: 0.9654;
2025-10-19 02:32:26,336 - INFO - spatial_LccAccuracy: 0.9112; spatial_PA: 0.9777; spatial_UA: 0.9913; spatial_F1: 0.9845
2025-10-19 02:32:26,336 - INFO - temporal_CdAccuracy: 0.7473; temporal_PA: 0.9368; temporal_UA: 0.9375; temporal_F1: 0.9372
2025-10-19 02:32:26,337 - INFO - Confusion Matrix
 [77055.	 1381.	    2.	    7.	  104.]
 [  998.	56904.	   67.	   29.	   50.]
 [    6.	  236.	 2554.	    0.	    0.]
 [    9.	   41.	    5.	 1363.	    0.]
 [   49.	  134.	    0.	    0.	12366.]
2025-10-19 02:32:26,338 - INFO - model saved 33 times, last saved epoch: 36.

2025-10-19 02:32:28,770 - INFO - Epoch 38, Train loss: 0.410372614612182
2025-10-19 02:32:29,597 - INFO - mIoU: 0.9463; OA: 0.98; AA: 0.9673; F1: 0.9721; Kappa: 0.966;
2025-10-19 02:32:29,598 - INFO - spatial_LccAccuracy: 0.9163; spatial_PA: 0.9844; spatial_UA: 0.9914; spatial_F1: 0.9879
2025-10-19 02:32:29,598 - INFO - temporal_CdAccuracy: 0.7527; temporal_PA: 0.9369; temporal_UA: 0.9398; temporal_F1: 0.9384
2025-10-19 02:32:29,599 - INFO - Confusion Matrix
 [77227.	 1222.	    4.	    9.	   87.]
 [ 1068.	56812.	  120.	   11.	   37.]
 [    5.	  199.	 2592.	    0.	    0.]
 [   16.	   24.	    6.	 1372.	    0.]
 [  101.	  151.	    0.	    0.	12297.]
2025-10-19 02:32:29,663 - INFO - Epoch 38 saved.
2025-10-19 02:32:29,664 - INFO - model saved 34 times, last saved epoch: 38.

2025-10-19 02:32:31,947 - INFO - Epoch 39, Train loss: 0.40899672483404476
2025-10-19 02:32:32,827 - INFO - mIoU: 0.9457; OA: 0.9802; AA: 0.9634; F1: 0.9718; Kappa: 0.9663;
2025-10-19 02:32:32,827 - INFO - spatial_LccAccuracy: 0.9221; spatial_PA: 0.9834; spatial_UA: 0.9937; spatial_F1: 0.9885
2025-10-19 02:32:32,828 - INFO - temporal_CdAccuracy: 0.7539; temporal_PA: 0.9414; temporal_UA: 0.9386; temporal_F1: 0.94
2025-10-19 02:32:32,828 - INFO - Confusion Matrix
 [77433.	 1013.	    7.	    5.	   91.]
 [ 1264.	56657.	   70.	   13.	   44.]
 [    4.	  233.	 2559.	    0.	    0.]
 [   11.	   45.	    4.	 1358.	    0.]
 [   97.	  128.	    0.	    0.	12324.]
2025-10-19 02:32:32,830 - INFO - model saved 34 times, last saved epoch: 38.

2025-10-19 02:32:35,090 - INFO - Epoch 40, Train loss: 0.40834863632917406
2025-10-19 02:32:35,987 - INFO - mIoU: 0.9351; OA: 0.9727; AA: 0.9551; F1: 0.9662; Kappa: 0.9536;
2025-10-19 02:32:35,987 - INFO - spatial_LccAccuracy: 0.8721; spatial_PA: 0.9806; spatial_UA: 0.9895; spatial_F1: 0.985
2025-10-19 02:32:35,987 - INFO - temporal_CdAccuracy: 0.7074; temporal_PA: 0.9058; temporal_UA: 0.8988; temporal_F1: 0.9023
2025-10-19 02:32:35,988 - INFO - Confusion Matrix
 [75428.	 2998.	   11.	    5.	  107.]
 [  387.	57582.	   51.	    5.	   23.]
 [    2.	  279.	 2515.	    0.	    0.]
 [   10.	   66.	    5.	 1337.	    0.]
 [   31.	  209.	    0.	    0.	12309.]
2025-10-19 02:32:35,989 - INFO - model saved 34 times, last saved epoch: 38.

2025-10-19 02:32:38,317 - INFO - Epoch 41, Train loss: 0.40844669491052626
2025-10-19 02:32:39,140 - INFO - mIoU: 0.9474; OA: 0.9811; AA: 0.9666; F1: 0.9727; Kappa: 0.9678;
2025-10-19 02:32:39,140 - INFO - spatial_LccAccuracy: 0.9233; spatial_PA: 0.9843; spatial_UA: 0.9939; spatial_F1: 0.9891
2025-10-19 02:32:39,140 - INFO - temporal_CdAccuracy: 0.7551; temporal_PA: 0.9476; temporal_UA: 0.9417; temporal_F1: 0.9446
2025-10-19 02:32:39,141 - INFO - Confusion Matrix
 [77317.	 1118.	    3.	    9.	  102.]
 [ 1037.	56869.	   64.	   24.	   54.]
 [    5.	  251.	 2540.	    0.	    0.]
 [   11.	   18.	    5.	 1384.	    0.]
 [   79.	  118.	    0.	    0.	12352.]
2025-10-19 02:32:39,211 - INFO - Epoch 41 saved.
2025-10-19 02:32:39,212 - INFO - model saved 35 times, last saved epoch: 41.

2025-10-19 02:32:41,529 - INFO - Epoch 42, Train loss: 0.4062049796183904
2025-10-19 02:32:42,403 - INFO - mIoU: 0.9465; OA: 0.9809; AA: 0.9653; F1: 0.9722; Kappa: 0.9675;
2025-10-19 02:32:42,404 - INFO - spatial_LccAccuracy: 0.919; spatial_PA: 0.9771; spatial_UA: 0.9919; spatial_F1: 0.9845
2025-10-19 02:32:42,404 - INFO - temporal_CdAccuracy: 0.7574; temporal_PA: 0.9435; temporal_UA: 0.9422; temporal_F1: 0.9428
2025-10-19 02:32:42,405 - INFO - Confusion Matrix
 [77511.	  923.	    1.	   10.	  104.]
 [ 1278.	56609.	   64.	   20.	   77.]
 [    9.	  248.	 2539.	    0.	    0.]
 [    5.	   35.	    5.	 1373.	    0.]
 [   50.	   98.	    0.	    0.	12401.]
2025-10-19 02:32:42,406 - INFO - model saved 35 times, last saved epoch: 41.

2025-10-19 02:32:44,793 - INFO - Epoch 43, Train loss: 0.4051429068048795
2025-10-19 02:32:45,603 - INFO - mIoU: 0.9483; OA: 0.9806; AA: 0.9699; F1: 0.9732; Kappa: 0.967;
2025-10-19 02:32:45,603 - INFO - spatial_LccAccuracy: 0.9237; spatial_PA: 0.9813; spatial_UA: 0.9923; spatial_F1: 0.9868
2025-10-19 02:32:45,603 - INFO - temporal_CdAccuracy: 0.7586; temporal_PA: 0.9435; temporal_UA: 0.9428; temporal_F1: 0.9431
2025-10-19 02:32:45,604 - INFO - Confusion Matrix
 [77563.	  868.	    6.	    7.	  105.]
 [ 1377.	56480.	  106.	   23.	   62.]
 [    3.	  212.	 2581.	    0.	    0.]
 [   11.	   13.	    5.	 1389.	    0.]
 [   63.	  110.	    0.	    0.	12376.]
2025-10-19 02:32:45,684 - INFO - Epoch 43 saved.
2025-10-19 02:32:45,685 - INFO - model saved 36 times, last saved epoch: 43.

2025-10-19 02:32:47,943 - INFO - Epoch 44, Train loss: 0.4040256557365259
2025-10-19 02:32:48,765 - INFO - mIoU: 0.9463; OA: 0.9798; AA: 0.9651; F1: 0.9721; Kappa: 0.9656;
2025-10-19 02:32:48,766 - INFO - spatial_LccAccuracy: 0.9218; spatial_PA: 0.9838; spatial_UA: 0.9921; spatial_F1: 0.9879
2025-10-19 02:32:48,766 - INFO - temporal_CdAccuracy: 0.7488; temporal_PA: 0.9418; temporal_UA: 0.9353; temporal_F1: 0.9385
2025-10-19 02:32:48,766 - INFO - Confusion Matrix
 [77627.	  817.	    1.	    7.	   97.]
 [ 1492.	56434.	   71.	   22.	   29.]
 [    7.	  247.	 2542.	    0.	    0.]
 [   11.	   16.	    5.	 1386.	    0.]
 [   99.	  173.	    0.	    0.	12277.]
2025-10-19 02:32:48,767 - INFO - model saved 36 times, last saved epoch: 43.

2025-10-19 02:32:51,127 - INFO - Epoch 45, Train loss: 0.4035761922597885
2025-10-19 02:32:51,933 - INFO - mIoU: 0.9472; OA: 0.9804; AA: 0.9667; F1: 0.9726; Kappa: 0.9666;
2025-10-19 02:32:51,933 - INFO - spatial_LccAccuracy: 0.9261; spatial_PA: 0.9786; spatial_UA: 0.9915; spatial_F1: 0.985
2025-10-19 02:32:51,933 - INFO - temporal_CdAccuracy: 0.7543; temporal_PA: 0.9456; temporal_UA: 0.941; temporal_F1: 0.9433
2025-10-19 02:32:51,934 - INFO - Confusion Matrix
 [77628.	  807.	    3.	    9.	  102.]
 [ 1466.	56434.	   82.	   19.	   47.]
 [    4.	  226.	 2566.	    0.	    0.]
 [   10.	   27.	    5.	 1376.	    0.]
 [   82.	  110.	    0.	    0.	12357.]
2025-10-19 02:32:51,935 - INFO - model saved 36 times, last saved epoch: 43.

2025-10-19 02:32:54,221 - INFO - Epoch 46, Train loss: 0.4027981457610925
2025-10-19 02:32:55,022 - INFO - mIoU: 0.9491; OA: 0.9796; AA: 0.9709; F1: 0.9737; Kappa: 0.9651;
2025-10-19 02:32:55,022 - INFO - spatial_LccAccuracy: 0.9139; spatial_PA: 0.9795; spatial_UA: 0.9918; spatial_F1: 0.9856
2025-10-19 02:32:55,022 - INFO - temporal_CdAccuracy: 0.741; temporal_PA: 0.9482; temporal_UA: 0.9322; temporal_F1: 0.9401
2025-10-19 02:32:55,023 - INFO - Confusion Matrix
 [77546.	  890.	    2.	    6.	  105.]
 [ 1536.	56312.	  103.	   24.	   73.]
 [    4.	  189.	 2603.	    0.	    0.]
 [   12.	   11.	    5.	 1390.	    0.]
 [   98.	   78.	    0.	    0.	12373.]
2025-10-19 02:32:55,093 - INFO - Epoch 46 saved.
2025-10-19 02:32:55,094 - INFO - model saved 37 times, last saved epoch: 46.

2025-10-19 02:32:57,298 - INFO - Epoch 47, Train loss: 0.4027220423022906
2025-10-19 02:32:58,221 - INFO - mIoU: 0.9487; OA: 0.9807; AA: 0.9652; F1: 0.9734; Kappa: 0.9671;
2025-10-19 02:32:58,222 - INFO - spatial_LccAccuracy: 0.9296; spatial_PA: 0.9835; spatial_UA: 0.9912; spatial_F1: 0.9873
2025-10-19 02:32:58,222 - INFO - temporal_CdAccuracy: 0.7574; temporal_PA: 0.9446; temporal_UA: 0.9418; temporal_F1: 0.9432
2025-10-19 02:32:58,223 - INFO - Confusion Matrix
 [77454.	  993.	    3.	    7.	   92.]
 [ 1210.	56724.	   53.	   12.	   49.]
 [    4.	  265.	 2527.	    0.	    0.]
 [   16.	   11.	    4.	 1387.	    0.]
 [  121.	  120.	    0.	    0.	12308.]
2025-10-19 02:32:58,224 - INFO - model saved 37 times, last saved epoch: 46.

2025-10-19 02:33:00,583 - INFO - Epoch 48, Train loss: 0.4029816250006358
2025-10-19 02:33:01,425 - INFO - mIoU: 0.9509; OA: 0.9818; AA: 0.9699; F1: 0.9746; Kappa: 0.9689;
2025-10-19 02:33:01,425 - INFO - spatial_LccAccuracy: 0.9304; spatial_PA: 0.984; spatial_UA: 0.993; spatial_F1: 0.9885
2025-10-19 02:33:01,425 - INFO - temporal_CdAccuracy: 0.7656; temporal_PA: 0.9504; temporal_UA: 0.9492; temporal_F1: 0.9498
2025-10-19 02:33:01,426 - INFO - Confusion Matrix
 [77526.	  903.	    5.	    9.	  106.]
 [ 1187.	56717.	   67.	   23.	   54.]
 [    4.	  223.	 2569.	    0.	    0.]
 [   10.	   11.	    5.	 1392.	    0.]
 [   84.	  103.	    0.	    0.	12362.]
2025-10-19 02:33:01,490 - INFO - Epoch 48 saved.
2025-10-19 02:33:01,491 - INFO - model saved 38 times, last saved epoch: 48.

2025-10-19 02:33:03,743 - INFO - Epoch 49, Train loss: 0.4016578202446302
2025-10-19 02:33:04,702 - INFO - mIoU: 0.9501; OA: 0.9807; AA: 0.9667; F1: 0.9742; Kappa: 0.967;
2025-10-19 02:33:04,703 - INFO - spatial_LccAccuracy: 0.9241; spatial_PA: 0.9786; spatial_UA: 0.9915; spatial_F1: 0.985
2025-10-19 02:33:04,703 - INFO - temporal_CdAccuracy: 0.7567; temporal_PA: 0.9481; temporal_UA: 0.9442; temporal_F1: 0.9462
2025-10-19 02:33:04,704 - INFO - Confusion Matrix
 [77646.	  790.	    1.	    5.	  107.]
 [ 1449.	56486.	   64.	   11.	   38.]
 [    5.	  234.	 2557.	    0.	    0.]
 [    9.	   21.	    5.	 1383.	    0.]
 [   93.	  132.	    0.	    0.	12324.]
2025-10-19 02:33:04,705 - INFO - model saved 38 times, last saved epoch: 48.

2025-10-19 02:33:07,062 - INFO - Epoch 50, Train loss: 0.40189600735902786
2025-10-19 02:33:08,016 - INFO - mIoU: 0.95; OA: 0.9814; AA: 0.9665; F1: 0.9741; Kappa: 0.9683;
2025-10-19 02:33:08,016 - INFO - spatial_LccAccuracy: 0.9245; spatial_PA: 0.9809; spatial_UA: 0.9939; spatial_F1: 0.9874
2025-10-19 02:33:08,017 - INFO - temporal_CdAccuracy: 0.7602; temporal_PA: 0.9458; temporal_UA: 0.9424; temporal_F1: 0.9441
2025-10-19 02:33:08,017 - INFO - Confusion Matrix
 [77190.	 1246.	    4.	    5.	  104.]
 [  908.	57020.	   65.	    7.	   48.]
 [    4.	  237.	 2555.	    0.	    0.]
 [    9.	   31.	    5.	 1373.	    0.]
 [   79.	  106.	    0.	    0.	12364.]
2025-10-19 02:33:08,019 - INFO - model saved 38 times, last saved epoch: 48.

2025-10-19 02:33:10,285 - INFO - Epoch 51, Train loss: 0.4004854376117388
2025-10-19 02:33:11,126 - INFO - mIoU: 0.949; OA: 0.981; AA: 0.9658; F1: 0.9736; Kappa: 0.9676;
2025-10-19 02:33:11,126 - INFO - spatial_LccAccuracy: 0.9288; spatial_PA: 0.9795; spatial_UA: 0.9918; spatial_F1: 0.9856
2025-10-19 02:33:11,127 - INFO - temporal_CdAccuracy: 0.7586; temporal_PA: 0.9478; temporal_UA: 0.9436; temporal_F1: 0.9457
2025-10-19 02:33:11,127 - INFO - Confusion Matrix
 [77671.	  766.	    0.	    6.	  106.]
 [ 1423.	56492.	   72.	    8.	   53.]
 [    9.	  221.	 2566.	    0.	    0.]
 [   15.	   29.	    5.	 1369.	    0.]
 [   99.	  105.	    0.	    0.	12345.]
2025-10-19 02:33:11,128 - INFO - model saved 38 times, last saved epoch: 48.

2025-10-19 02:33:13,446 - INFO - Epoch 52, Train loss: 0.40101438586910565
2025-10-19 02:33:14,265 - INFO - mIoU: 0.9499; OA: 0.9812; AA: 0.9684; F1: 0.9741; Kappa: 0.968;
2025-10-19 02:33:14,265 - INFO - spatial_LccAccuracy: 0.9171; spatial_PA: 0.9822; spatial_UA: 0.9925; spatial_F1: 0.9873
2025-10-19 02:33:14,265 - INFO - temporal_CdAccuracy: 0.7563; temporal_PA: 0.9406; temporal_UA: 0.9396; temporal_F1: 0.9401
2025-10-19 02:33:14,266 - INFO - Confusion Matrix
 [77056.	 1370.	    5.	    6.	  112.]
 [  820.	57080.	   88.	    7.	   53.]
 [    4.	  207.	 2585.	    0.	    0.]
 [    9.	   34.	    5.	 1370.	    0.]
 [   58.	  107.	    0.	    0.	12384.]
2025-10-19 02:33:14,267 - INFO - model saved 38 times, last saved epoch: 48.

2025-10-19 02:33:16,611 - INFO - Epoch 53, Train loss: 0.40008746112386384
2025-10-19 02:33:17,396 - INFO - mIoU: 0.9476; OA: 0.9812; AA: 0.9626; F1: 0.9728; Kappa: 0.9679;
2025-10-19 02:33:17,396 - INFO - spatial_LccAccuracy: 0.9253; spatial_PA: 0.9829; spatial_UA: 0.9919; spatial_F1: 0.9873
2025-10-19 02:33:17,397 - INFO - temporal_CdAccuracy: 0.7598; temporal_PA: 0.9452; temporal_UA: 0.9449; temporal_F1: 0.945
2025-10-19 02:33:17,397 - INFO - Confusion Matrix
 [77347.	 1085.	    5.	    3.	  109.]
 [ 1054.	56899.	   47.	    6.	   42.]
 [    2.	  280.	 2514.	    0.	    0.]
 [    9.	   36.	    5.	 1368.	    0.]
 [   74.	  127.	    0.	    0.	12348.]
2025-10-19 02:33:17,398 - INFO - model saved 38 times, last saved epoch: 48.

2025-10-19 02:33:19,805 - INFO - Epoch 54, Train loss: 0.3996239515642325
2025-10-19 02:33:20,650 - INFO - mIoU: 0.9488; OA: 0.9798; AA: 0.9693; F1: 0.9735; Kappa: 0.9655;
2025-10-19 02:33:20,650 - INFO - spatial_LccAccuracy: 0.9261; spatial_PA: 0.9824; spatial_UA: 0.99; spatial_F1: 0.9862
2025-10-19 02:33:20,650 - INFO - temporal_CdAccuracy: 0.7527; temporal_PA: 0.9401; temporal_UA: 0.9373; temporal_F1: 0.9387
2025-10-19 02:33:20,651 - INFO - Confusion Matrix
 [77698.	  744.	    1.	    6.	  100.]
 [ 1618.	56246.	   86.	   25.	   73.]
 [    8.	  204.	 2584.	    0.	    0.]
 [   18.	    5.	    4.	 1391.	    0.]
 [  110.	  103.	    0.	    0.	12336.]
2025-10-19 02:33:20,652 - INFO - model saved 38 times, last saved epoch: 48.

2025-10-19 02:33:23,022 - INFO - Epoch 55, Train loss: 0.40135740041732787
2025-10-19 02:33:23,938 - INFO - mIoU: 0.9501; OA: 0.9791; AA: 0.9693; F1: 0.9742; Kappa: 0.9643;
2025-10-19 02:33:23,938 - INFO - spatial_LccAccuracy: 0.9245; spatial_PA: 0.9717; spatial_UA: 0.9905; spatial_F1: 0.981
2025-10-19 02:33:23,939 - INFO - temporal_CdAccuracy: 0.7496; temporal_PA: 0.9466; temporal_UA: 0.9341; temporal_F1: 0.9403
2025-10-19 02:33:23,940 - INFO - Confusion Matrix
 [77948.	  498.	    0.	    7.	   96.]
 [ 1985.	55920.	   88.	   16.	   39.]
 [    6.	  189.	 2601.	    0.	    0.]
 [   12.	    9.	    6.	 1391.	    0.]
 [  134.	  121.	    0.	    0.	12294.]
2025-10-19 02:33:23,941 - INFO - model saved 38 times, last saved epoch: 48.

2025-10-19 02:33:26,338 - INFO - Epoch 56, Train loss: 0.4005586467683315
2025-10-19 02:33:27,202 - INFO - mIoU: 0.9532; OA: 0.9823; AA: 0.9734; F1: 0.9758; Kappa: 0.9699;
2025-10-19 02:33:27,203 - INFO - spatial_LccAccuracy: 0.9327; spatial_PA: 0.9825; spatial_UA: 0.9934; spatial_F1: 0.9879
2025-10-19 02:33:27,203 - INFO - temporal_CdAccuracy: 0.7641; temporal_PA: 0.9521; temporal_UA: 0.9452; temporal_F1: 0.9486
2025-10-19 02:33:27,204 - INFO - Confusion Matrix
 [77656.	  776.	    1.	    9.	  107.]
 [ 1240.	56596.	   90.	   21.	  101.]
 [    6.	  188.	 2602.	    0.	    0.]
 [   10.	    6.	    5.	 1397.	    0.]
 [   79.	   74.	    0.	    0.	12396.]
2025-10-19 02:33:27,287 - INFO - Epoch 56 saved.
2025-10-19 02:33:27,288 - INFO - model saved 39 times, last saved epoch: 56.

2025-10-19 02:33:29,495 - INFO - Epoch 57, Train loss: 0.3991582420965036
2025-10-19 02:33:30,376 - INFO - mIoU: 0.9507; OA: 0.9818; AA: 0.9692; F1: 0.9745; Kappa: 0.969;
2025-10-19 02:33:30,376 - INFO - spatial_LccAccuracy: 0.928; spatial_PA: 0.9825; spatial_UA: 0.9934; spatial_F1: 0.9879
2025-10-19 02:33:30,376 - INFO - temporal_CdAccuracy: 0.7637; temporal_PA: 0.948; temporal_UA: 0.9448; temporal_F1: 0.9464
2025-10-19 02:33:30,377 - INFO - Confusion Matrix
 [77626.	  802.	    6.	    5.	  110.]
 [ 1267.	56627.	   72.	   20.	   62.]
 [    4.	  233.	 2559.	    0.	    0.]
 [    9.	   13.	    5.	 1391.	    0.]
 [   86.	   91.	    0.	    0.	12372.]
2025-10-19 02:33:30,378 - INFO - model saved 39 times, last saved epoch: 56.

2025-10-19 02:33:32,622 - INFO - Epoch 58, Train loss: 0.39810268928607306
2025-10-19 02:33:33,529 - INFO - mIoU: 0.9525; OA: 0.9819; AA: 0.9706; F1: 0.9754; Kappa: 0.9691;
2025-10-19 02:33:33,529 - INFO - spatial_LccAccuracy: 0.9327; spatial_PA: 0.9822; spatial_UA: 0.9925; spatial_F1: 0.9873
2025-10-19 02:33:33,529 - INFO - temporal_CdAccuracy: 0.761; temporal_PA: 0.9534; temporal_UA: 0.9445; temporal_F1: 0.9489
2025-10-19 02:33:33,530 - INFO - Confusion Matrix
 [77670.	  761.	    1.	    7.	  110.]
 [ 1305.	56594.	   84.	   13.	   52.]
 [    5.	  211.	 2580.	    0.	    0.]
 [    9.	   11.	    5.	 1393.	    0.]
 [   84.	  118.	    0.	    0.	12347.]
2025-10-19 02:33:33,531 - INFO - model saved 39 times, last saved epoch: 56.

2025-10-19 02:33:35,829 - INFO - Epoch 59, Train loss: 0.3977106054623922
2025-10-19 02:33:36,686 - INFO - mIoU: 0.9495; OA: 0.9812; AA: 0.9687; F1: 0.9738; Kappa: 0.968;
2025-10-19 02:33:36,686 - INFO - spatial_LccAccuracy: 0.9229; spatial_PA: 0.9843; spatial_UA: 0.9939; spatial_F1: 0.9891
2025-10-19 02:33:36,687 - INFO - temporal_CdAccuracy: 0.7547; temporal_PA: 0.9521; temporal_UA: 0.9402; temporal_F1: 0.9461
2025-10-19 02:33:36,688 - INFO - Confusion Matrix
 [77635.	  801.	    1.	    4.	  108.]
 [ 1321.	56573.	   89.	   21.	   44.]
 [    6.	  216.	 2574.	    0.	    0.]
 [   11.	   13.	    6.	 1388.	    0.]
 [  104.	  131.	    0.	    0.	12314.]
2025-10-19 02:33:36,689 - INFO - model saved 39 times, last saved epoch: 56.

2025-10-19 02:33:39,029 - INFO - Epoch 60, Train loss: 0.39886774818102516
2025-10-19 02:33:39,856 - INFO - mIoU: 0.9469; OA: 0.9802; AA: 0.9657; F1: 0.9725; Kappa: 0.9662;
2025-10-19 02:33:39,857 - INFO - spatial_LccAccuracy: 0.9163; spatial_PA: 0.9834; spatial_UA: 0.9937; spatial_F1: 0.9885
2025-10-19 02:33:39,857 - INFO - temporal_CdAccuracy: 0.7504; temporal_PA: 0.9478; temporal_UA: 0.9389; temporal_F1: 0.9434
2025-10-19 02:33:39,858 - INFO - Confusion Matrix
 [77202.	 1219.	    3.	   13.	  112.]
 [ 1057.	56880.	   62.	   16.	   33.]
 [    3.	  249.	 2544.	    0.	    0.]
 [    9.	   21.	    5.	 1383.	    0.]
 [  106.	  136.	    0.	    0.	12307.]
2025-10-19 02:33:39,859 - INFO - model saved 39 times, last saved epoch: 56.

2025-10-19 02:33:42,181 - INFO - Epoch 61, Train loss: 0.40115415329734483
2025-10-19 02:33:42,999 - INFO - mIoU: 0.9493; OA: 0.9813; AA: 0.9637; F1: 0.9737; Kappa: 0.9681;
2025-10-19 02:33:43,000 - INFO - spatial_LccAccuracy: 0.9225; spatial_PA: 0.9798; spatial_UA: 0.9927; spatial_F1: 0.9862
2025-10-19 02:33:43,000 - INFO - temporal_CdAccuracy: 0.7664; temporal_PA: 0.9476; temporal_UA: 0.949; temporal_F1: 0.9483
2025-10-19 02:33:43,001 - INFO - Confusion Matrix
 [77402.	 1030.	    1.	    4.	  112.]
 [ 1112.	56839.	   48.	    2.	   47.]
 [    4.	  274.	 2518.	    0.	    0.]
 [    8.	   33.	    4.	 1373.	    0.]
 [   77.	  111.	    0.	    0.	12361.]
2025-10-19 02:33:43,002 - INFO - model saved 39 times, last saved epoch: 56.

2025-10-19 02:33:45,432 - INFO - Epoch 62, Train loss: 0.39678361316521965
2025-10-19 02:33:46,281 - INFO - mIoU: 0.9488; OA: 0.9818; AA: 0.9636; F1: 0.9734; Kappa: 0.969;
2025-10-19 02:33:46,282 - INFO - spatial_LccAccuracy: 0.9292; spatial_PA: 0.9793; spatial_UA: 0.9908; spatial_F1: 0.985
2025-10-19 02:33:46,282 - INFO - temporal_CdAccuracy: 0.7594; temporal_PA: 0.9513; temporal_UA: 0.9461; temporal_F1: 0.9487
2025-10-19 02:33:46,283 - INFO - Confusion Matrix
 [77404.	 1022.	    1.	    4.	  118.]
 [ 1033.	56906.	   57.	    2.	   50.]
 [    3.	  266.	 2527.	    0.	    0.]
 [   10.	   38.	    4.	 1366.	    0.]
 [   74.	  111.	    0.	    0.	12364.]
2025-10-19 02:33:46,284 - INFO - model saved 39 times, last saved epoch: 56.

2025-10-19 02:33:48,657 - INFO - Epoch 63, Train loss: 0.3971458874642849
2025-10-19 02:33:49,567 - INFO - mIoU: 0.9481; OA: 0.9796; AA: 0.9679; F1: 0.9731; Kappa: 0.9652;
2025-10-19 02:33:49,567 - INFO - spatial_LccAccuracy: 0.9206; spatial_PA: 0.9816; spatial_UA: 0.9932; spatial_F1: 0.9873
2025-10-19 02:33:49,568 - INFO - temporal_CdAccuracy: 0.752; temporal_PA: 0.9448; temporal_UA: 0.9341; temporal_F1: 0.9394
2025-10-19 02:33:49,569 - INFO - Confusion Matrix
 [77862.	  578.	    2.	    2.	  105.]
 [ 1813.	56066.	   91.	   22.	   56.]
 [    7.	  214.	 2575.	    0.	    0.]
 [   14.	   11.	    6.	 1387.	    0.]
 [  100.	  109.	    0.	    0.	12340.]
2025-10-19 02:33:49,570 - INFO - model saved 39 times, last saved epoch: 56.

2025-10-19 02:33:51,821 - INFO - Epoch 64, Train loss: 0.39816377113262813
2025-10-19 02:33:52,627 - INFO - mIoU: 0.9499; OA: 0.9799; AA: 0.9714; F1: 0.9741; Kappa: 0.9657;
2025-10-19 02:33:52,627 - INFO - spatial_LccAccuracy: 0.9284; spatial_PA: 0.9831; spatial_UA: 0.9928; spatial_F1: 0.9879
2025-10-19 02:33:52,628 - INFO - temporal_CdAccuracy: 0.7508; temporal_PA: 0.946; temporal_UA: 0.9367; temporal_F1: 0.9413
2025-10-19 02:33:52,629 - INFO - Confusion Matrix
 [77746.	  685.	    2.	    2.	  114.]
 [ 1670.	56170.	  115.	   21.	   72.]
 [    9.	  171.	 2616.	    0.	    0.]
 [   14.	   10.	    6.	 1388.	    0.]
 [   89.	  100.	    0.	    0.	12360.]
2025-10-19 02:33:52,630 - INFO - model saved 39 times, last saved epoch: 56.

2025-10-19 02:33:54,851 - INFO - Epoch 65, Train loss: 0.3967091662188371
2025-10-19 02:33:55,702 - INFO - mIoU: 0.9541; OA: 0.9826; AA: 0.9705; F1: 0.9763; Kappa: 0.9703;
2025-10-19 02:33:55,702 - INFO - spatial_LccAccuracy: 0.9268; spatial_PA: 0.9829; spatial_UA: 0.9919; spatial_F1: 0.9873
2025-10-19 02:33:55,702 - INFO - temporal_CdAccuracy: 0.7633; temporal_PA: 0.9509; temporal_UA: 0.9466; temporal_F1: 0.9488
2025-10-19 02:33:55,703 - INFO - Confusion Matrix
 [77355.	 1072.	    1.	    4.	  117.]
 [  916.	57008.	   75.	    7.	   42.]
 [    4.	  198.	 2594.	    0.	    0.]
 [    8.	   23.	    6.	 1381.	    0.]
 [   70.	  132.	    0.	    0.	12347.]
2025-10-19 02:33:56,020 - INFO - Epoch 65 saved.
2025-10-19 02:33:56,020 - INFO - model saved 40 times, last saved epoch: 65.

2025-10-19 02:33:58,207 - INFO - Epoch 66, Train loss: 0.3960472611089548
2025-10-19 02:33:59,139 - INFO - mIoU: 0.9524; OA: 0.9817; AA: 0.9672; F1: 0.9753; Kappa: 0.9688;
2025-10-19 02:33:59,139 - INFO - spatial_LccAccuracy: 0.9343; spatial_PA: 0.9822; spatial_UA: 0.9925; spatial_F1: 0.9873
2025-10-19 02:33:59,139 - INFO - temporal_CdAccuracy: 0.7613; temporal_PA: 0.953; temporal_UA: 0.9426; temporal_F1: 0.9478
2025-10-19 02:33:59,140 - INFO - Confusion Matrix
 [77754.	  683.	    1.	    1.	  110.]
 [ 1405.	56538.	   61.	    6.	   38.]
 [    5.	  238.	 2553.	    0.	    0.]
 [   14.	   14.	    5.	 1385.	    0.]
 [   98.	  126.	    0.	    0.	12325.]
2025-10-19 02:33:59,141 - INFO - model saved 40 times, last saved epoch: 65.

2025-10-19 02:34:01,517 - INFO - Epoch 67, Train loss: 0.39616695965329807
2025-10-19 02:34:02,400 - INFO - mIoU: 0.9519; OA: 0.982; AA: 0.9683; F1: 0.9751; Kappa: 0.9693;
2025-10-19 02:34:02,400 - INFO - spatial_LccAccuracy: 0.9288; spatial_PA: 0.9807; spatial_UA: 0.9929; spatial_F1: 0.9868
2025-10-19 02:34:02,401 - INFO - temporal_CdAccuracy: 0.7559; temporal_PA: 0.9565; temporal_UA: 0.9387; temporal_F1: 0.9475
2025-10-19 02:34:02,401 - INFO - Confusion Matrix
 [77650.	  781.	    1.	    4.	  113.]
 [ 1246.	56678.	   78.	    7.	   39.]
 [    3.	  230.	 2563.	    0.	    0.]
 [    9.	   16.	    6.	 1387.	    0.]
 [   90.	  137.	    0.	    0.	12322.]
2025-10-19 02:34:02,402 - INFO - model saved 40 times, last saved epoch: 65.

2025-10-19 02:34:04,810 - INFO - Epoch 68, Train loss: 0.3967108967403571
2025-10-19 02:34:05,622 - INFO - mIoU: 0.9514; OA: 0.9814; AA: 0.971; F1: 0.9748; Kappa: 0.9683;
2025-10-19 02:34:05,622 - INFO - spatial_LccAccuracy: 0.9296; spatial_PA: 0.9786; spatial_UA: 0.9915; spatial_F1: 0.985
2025-10-19 02:34:05,623 - INFO - temporal_CdAccuracy: 0.7625; temporal_PA: 0.9486; temporal_UA: 0.9443; temporal_F1: 0.9465
2025-10-19 02:34:05,624 - INFO - Confusion Matrix
 [77801.	  638.	    1.	    6.	  103.]
 [ 1511.	56363.	  104.	   16.	   54.]
 [    5.	  203.	 2588.	    0.	    0.]
 [    8.	   10.	    6.	 1394.	    0.]
 [   78.	  109.	    0.	    0.	12362.]
2025-10-19 02:34:05,625 - INFO - model saved 40 times, last saved epoch: 65.

2025-10-19 02:34:07,885 - INFO - Epoch 69, Train loss: 0.3955884965757529
2025-10-19 02:34:08,676 - INFO - mIoU: 0.9524; OA: 0.9831; AA: 0.97; F1: 0.9753; Kappa: 0.9712;
2025-10-19 02:34:08,677 - INFO - spatial_LccAccuracy: 0.9323; spatial_PA: 0.9834; spatial_UA: 0.9937; spatial_F1: 0.9885
2025-10-19 02:34:08,677 - INFO - temporal_CdAccuracy: 0.7621; temporal_PA: 0.9581; temporal_UA: 0.9451; temporal_F1: 0.9516
2025-10-19 02:34:08,678 - INFO - Confusion Matrix
 [77529.	  903.	    5.	    5.	  107.]
 [  994.	56898.	   83.	   12.	   61.]
 [    4.	  215.	 2577.	    0.	    0.]
 [    6.	   24.	    6.	 1382.	    0.]
 [   73.	   94.	    0.	    0.	12382.]
2025-10-19 02:34:08,679 - INFO - model saved 40 times, last saved epoch: 65.

2025-10-19 02:34:10,885 - INFO - Epoch 70, Train loss: 0.39697160497307776
2025-10-19 02:34:11,734 - INFO - mIoU: 0.9474; OA: 0.9794; AA: 0.9653; F1: 0.9728; Kappa: 0.9649;
2025-10-19 02:34:11,734 - INFO - spatial_LccAccuracy: 0.9022; spatial_PA: 0.9829; spatial_UA: 0.9919; spatial_F1: 0.9873
2025-10-19 02:34:11,734 - INFO - temporal_CdAccuracy: 0.7406; temporal_PA: 0.9494; temporal_UA: 0.9282; temporal_F1: 0.9386
2025-10-19 02:34:11,735 - INFO - Confusion Matrix
 [76731.	 1690.	    4.	    3.	  121.]
 [  737.	57175.	   68.	    7.	   61.]
 [    3.	  220.	 2573.	    0.	    0.]
 [   12.	   41.	    5.	 1360.	    0.]
 [   70.	  117.	    0.	    0.	12362.]
2025-10-19 02:34:11,736 - INFO - model saved 40 times, last saved epoch: 65.

2025-10-19 02:34:14,060 - INFO - Epoch 71, Train loss: 0.3954340527455012
2025-10-19 02:34:14,917 - INFO - mIoU: 0.9509; OA: 0.9819; AA: 0.9691; F1: 0.9746; Kappa: 0.9691;
2025-10-19 02:34:14,917 - INFO - spatial_LccAccuracy: 0.9249; spatial_PA: 0.982; spatial_UA: 0.9916; spatial_F1: 0.9868
2025-10-19 02:34:14,918 - INFO - temporal_CdAccuracy: 0.7586; temporal_PA: 0.9497; temporal_UA: 0.9429; temporal_F1: 0.9463
2025-10-19 02:34:14,918 - INFO - Confusion Matrix
 [77438.	  993.	    1.	    2.	  115.]
 [ 1063.	56818.	   88.	   14.	   65.]
 [    4.	  229.	 2563.	    0.	    0.]
 [   15.	   11.	    5.	 1387.	    0.]
 [   87.	   88.	    0.	    0.	12374.]
2025-10-19 02:34:14,919 - INFO - model saved 40 times, last saved epoch: 65.

2025-10-19 02:34:17,241 - INFO - Epoch 72, Train loss: 0.39538231243689853
2025-10-19 02:34:18,135 - INFO - mIoU: 0.9533; OA: 0.9819; AA: 0.9703; F1: 0.9759; Kappa: 0.9692;
2025-10-19 02:34:18,135 - INFO - spatial_LccAccuracy: 0.9268; spatial_PA: 0.9798; spatial_UA: 0.9927; spatial_F1: 0.9862
2025-10-19 02:34:18,135 - INFO - temporal_CdAccuracy: 0.7633; temporal_PA: 0.9542; temporal_UA: 0.9435; temporal_F1: 0.9488
2025-10-19 02:34:18,136 - INFO - Confusion Matrix
 [77718.	  721.	    3.	    4.	  103.]
 [ 1363.	56542.	   94.	    3.	   46.]
 [    4.	  200.	 2592.	    0.	    0.]
 [    6.	   21.	    6.	 1385.	    0.]
 [   93.	  107.	    0.	    0.	12349.]
2025-10-19 02:34:18,137 - INFO - model saved 40 times, last saved epoch: 65.

2025-10-19 02:34:20,461 - INFO - Epoch 73, Train loss: 0.39864075407385824
2025-10-19 02:34:21,337 - INFO - mIoU: 0.9521; OA: 0.9826; AA: 0.9676; F1: 0.9752; Kappa: 0.9704;
2025-10-19 02:34:21,337 - INFO - spatial_LccAccuracy: 0.9276; spatial_PA: 0.9825; spatial_UA: 0.9934; spatial_F1: 0.9879
2025-10-19 02:34:21,337 - INFO - temporal_CdAccuracy: 0.7602; temporal_PA: 0.9565; temporal_UA: 0.9442; temporal_F1: 0.9503
2025-10-19 02:34:21,338 - INFO - Confusion Matrix
 [77412.	 1013.	    3.	    5.	  116.]
 [  947.	56996.	   69.	    3.	   33.]
 [    4.	  244.	 2548.	    0.	    0.]
 [    4.	   27.	    5.	 1382.	    0.]
 [   48.	  143.	    0.	    0.	12358.]
2025-10-19 02:34:21,339 - INFO - model saved 40 times, last saved epoch: 65.

2025-10-19 02:34:23,676 - INFO - Epoch 74, Train loss: 0.3952623064319293
2025-10-19 02:34:24,597 - INFO - mIoU: 0.9496; OA: 0.9821; AA: 0.9648; F1: 0.9739; Kappa: 0.9695;
2025-10-19 02:34:24,598 - INFO - spatial_LccAccuracy: 0.9225; spatial_PA: 0.9813; spatial_UA: 0.9923; spatial_F1: 0.9868
2025-10-19 02:34:24,598 - INFO - temporal_CdAccuracy: 0.7598; temporal_PA: 0.9548; temporal_UA: 0.9413; temporal_F1: 0.948
2025-10-19 02:34:24,599 - INFO - Confusion Matrix
 [77491.	  940.	    2.	    3.	  113.]
 [ 1089.	56847.	   58.	    6.	   48.]
 [    4.	  261.	 2531.	    0.	    0.]
 [    8.	   34.	    5.	 1371.	    0.]
 [   78.	   99.	    0.	    0.	12372.]
2025-10-19 02:34:24,600 - INFO - model saved 40 times, last saved epoch: 65.

2025-10-19 02:34:26,937 - INFO - Epoch 75, Train loss: 0.3945541699727376
2025-10-19 02:34:27,780 - INFO - mIoU: 0.9525; OA: 0.9814; AA: 0.9742; F1: 0.9754; Kappa: 0.9682;
2025-10-19 02:34:27,780 - INFO - spatial_LccAccuracy: 0.9268; spatial_PA: 0.9775; spatial_UA: 0.9903; spatial_F1: 0.9839
2025-10-19 02:34:27,781 - INFO - temporal_CdAccuracy: 0.7563; temporal_PA: 0.9541; temporal_UA: 0.9396; temporal_F1: 0.9468
2025-10-19 02:34:27,781 - INFO - Confusion Matrix
 [77832.	  604.	    1.	    3.	  109.]
 [ 1573.	56261.	  128.	   22.	   64.]
 [    5.	  160.	 2631.	    0.	    0.]
 [   11.	    7.	    6.	 1394.	    0.]
 [   82.	   84.	    0.	    0.	12383.]
2025-10-19 02:34:27,782 - INFO - model saved 40 times, last saved epoch: 65.

2025-10-19 02:34:30,021 - INFO - Epoch 76, Train loss: 0.394509340574344
2025-10-19 02:34:30,848 - INFO - mIoU: 0.9511; OA: 0.9818; AA: 0.9691; F1: 0.9746; Kappa: 0.969;
2025-10-19 02:34:30,848 - INFO - spatial_LccAccuracy: 0.9214; spatial_PA: 0.9804; spatial_UA: 0.992; spatial_F1: 0.9862
2025-10-19 02:34:30,848 - INFO - temporal_CdAccuracy: 0.7567; temporal_PA: 0.9542; temporal_UA: 0.9399; temporal_F1: 0.947
2025-10-19 02:34:30,849 - INFO - Confusion Matrix
 [77464.	  962.	    2.	    9.	  112.]
 [ 1103.	56789.	   75.	   11.	   70.]
 [    2.	  243.	 2551.	    0.	    0.]
 [    5.	   14.	    5.	 1394.	    0.]
 [   68.	  112.	    0.	    0.	12369.]
2025-10-19 02:34:30,850 - INFO - model saved 40 times, last saved epoch: 65.

2025-10-19 02:34:33,129 - INFO - Epoch 77, Train loss: 0.39604447260499
2025-10-19 02:34:33,981 - INFO - mIoU: 0.9523; OA: 0.9813; AA: 0.9688; F1: 0.9753; Kappa: 0.9681;
2025-10-19 02:34:33,981 - INFO - spatial_LccAccuracy: 0.9245; spatial_PA: 0.9862; spatial_UA: 0.992; spatial_F1: 0.9891
2025-10-19 02:34:33,981 - INFO - temporal_CdAccuracy: 0.7625; temporal_PA: 0.9538; temporal_UA: 0.9427; temporal_F1: 0.9482
2025-10-19 02:34:33,982 - INFO - Confusion Matrix
 [77152.	 1276.	    1.	    5.	  115.]
 [  887.	57044.	   67.	    6.	   44.]
 [    4.	  222.	 2570.	    0.	    0.]
 [    8.	   19.	    6.	 1385.	    0.]
 [   88.	  122.	    0.	    0.	12339.]
2025-10-19 02:34:33,983 - INFO - model saved 40 times, last saved epoch: 65.

2025-10-19 02:34:36,255 - INFO - Epoch 78, Train loss: 0.3942553843061129
2025-10-19 02:34:37,048 - INFO - mIoU: 0.9532; OA: 0.9821; AA: 0.971; F1: 0.9758; Kappa: 0.9695;
2025-10-19 02:34:37,049 - INFO - spatial_LccAccuracy: 0.9331; spatial_PA: 0.9858; spatial_UA: 0.9935; spatial_F1: 0.9896
2025-10-19 02:34:37,049 - INFO - temporal_CdAccuracy: 0.7641; temporal_PA: 0.9557; temporal_UA: 0.9458; temporal_F1: 0.9507
2025-10-19 02:34:37,050 - INFO - Confusion Matrix
 [77262.	 1155.	    7.	    5.	  120.]
 [  874.	57043.	   86.	    7.	   38.]
 [    4.	  212.	 2580.	    0.	    0.]
 [    8.	   11.	    6.	 1393.	    0.]
 [   82.	  127.	    0.	    0.	12340.]
2025-10-19 02:34:37,051 - INFO - model saved 40 times, last saved epoch: 65.

2025-10-19 02:34:39,332 - INFO - Epoch 79, Train loss: 0.3946856752038002
2025-10-19 02:34:40,174 - INFO - mIoU: 0.9543; OA: 0.9819; AA: 0.9726; F1: 0.9764; Kappa: 0.9692;
2025-10-19 02:34:40,174 - INFO - spatial_LccAccuracy: 0.9261; spatial_PA: 0.9773; spatial_UA: 0.9929; spatial_F1: 0.9851
2025-10-19 02:34:40,174 - INFO - temporal_CdAccuracy: 0.7582; temporal_PA: 0.9525; temporal_UA: 0.943; temporal_F1: 0.9477
2025-10-19 02:34:40,175 - INFO - Confusion Matrix
 [77725.	  706.	    5.	    4.	  109.]
 [ 1377.	56486.	   89.	   10.	   86.]
 [    3.	  187.	 2606.	    0.	    0.]
 [   10.	   10.	    6.	 1392.	    0.]
 [   89.	   79.	    0.	    0.	12381.]
2025-10-19 02:34:40,240 - INFO - Epoch 79 saved.
2025-10-19 02:34:40,241 - INFO - model saved 41 times, last saved epoch: 79.

