2025-10-18 21:09:02,956 - INFO - Epoch 0, Train loss: 2.0255438304095534
2025-10-18 21:09:03,770 - INFO - mIoU: 0.122; OA: 0.3485; AA: 0.226; F1: 0.194; Kappa: 0.0627;
2025-10-18 21:09:03,771 - INFO - spatial_LccAccuracy: 0.0144; spatial_PA: 0.4955; spatial_UA: 0.4925; spatial_F1: 0.494
2025-10-18 21:09:03,771 - INFO - temporal_CdAccuracy: 0.0219; temporal_PA: 0.5386; temporal_UA: 0.5131; temporal_F1: 0.5255
2025-10-18 21:09:03,772 - INFO - Confusion Matrix
 [41044.	 9663.	15898.	10077.	 2411.]
 [23288.	10778.	14733.	 8857.	 1490.]
 [  906.	  452.	  676.	  540.	   51.]
 [  967.	  205.	  150.	  133.	   20.]
 [ 5944.	 1201.	 1985.	 1275.	  916.]
2025-10-18 21:09:03,846 - INFO - Epoch 0 saved.
2025-10-18 21:09:03,847 - INFO - model saved 1 times, last saved epoch: 0.

2025-10-18 21:09:07,045 - INFO - Epoch 1, Train loss: 1.9606757719324241
2025-10-18 21:09:07,812 - INFO - mIoU: 0.1713; OA: 0.5253; AA: 0.2569; F1: 0.2547; Kappa: 0.152;
2025-10-18 21:09:07,813 - INFO - spatial_LccAccuracy: 0.0129; spatial_PA: 0.5772; spatial_UA: 0.6771; spatial_F1: 0.6232
2025-10-18 21:09:07,813 - INFO - temporal_CdAccuracy: 0.043; temporal_PA: 0.5931; temporal_UA: 0.5223; temporal_F1: 0.5555
2025-10-18 21:09:07,814 - INFO - Confusion Matrix
 [56210.	18207.	 3075.	  949.	  652.]
 [30716.	23368.	 3492.	 1131.	  439.]
 [ 1303.	  959.	  249.	   70.	   44.]
 [ 1156.	  302.	    7.	    9.	    1.]
 [ 7957.	 1946.	  439.	  101.	  878.]
2025-10-18 21:09:07,878 - INFO - Epoch 1 saved.
2025-10-18 21:09:07,878 - INFO - model saved 2 times, last saved epoch: 1.

2025-10-18 21:09:10,964 - INFO - Epoch 2, Train loss: 1.709483852297623
2025-10-18 21:09:11,963 - INFO - mIoU: 0.1977; OA: 0.6338; AA: 0.277; F1: 0.331; Kappa: 0.3129;
2025-10-18 21:09:11,964 - INFO - spatial_LccAccuracy: 0.0242; spatial_PA: 0.5826; spatial_UA: 0.6167; spatial_F1: 0.5992
2025-10-18 21:09:11,964 - INFO - temporal_CdAccuracy: 0.0558; temporal_PA: 0.6117; temporal_UA: 0.53; temporal_F1: 0.5679
2025-10-18 21:09:11,965 - INFO - Confusion Matrix
 [61994.	16943.	   28.	    6.	  122.]
 [23649.	35372.	    9.	    6.	  110.]
 [ 1413.	 1179.	    3.	    8.	   22.]
 [ 1233.	  242.	    0.	    0.	    0.]
 [ 9707.	 1592.	    2.	    0.	   20.]
2025-10-18 21:09:12,033 - INFO - Epoch 2 saved.
2025-10-18 21:09:12,033 - INFO - model saved 3 times, last saved epoch: 2.

2025-10-18 21:09:15,233 - INFO - Epoch 3, Train loss: 1.4074992126559618
2025-10-18 21:09:16,127 - INFO - mIoU: 0.279; OA: 0.7568; AA: 0.3475; F1: 0.4337; Kappa: 0.5476;
2025-10-18 21:09:16,127 - INFO - spatial_LccAccuracy: 0.1652; spatial_PA: 0.5737; spatial_UA: 0.5583; spatial_F1: 0.5659
2025-10-18 21:09:16,127 - INFO - temporal_CdAccuracy: 0.1043; temporal_PA: 0.5673; temporal_UA: 0.5456; temporal_F1: 0.5562
2025-10-18 21:09:16,128 - INFO - Confusion Matrix
 [69256.	 9662.	    1.	    0.	  174.]
 [12876.	46108.	    0.	    0.	  162.]
 [ 1371.	 1237.	    1.	    3.	   13.]
 [ 1460.	   15.	    0.	    0.	    0.]
 [ 9936.	  455.	    2.	    0.	  928.]
2025-10-18 21:09:16,220 - INFO - Epoch 3 saved.
2025-10-18 21:09:16,221 - INFO - model saved 4 times, last saved epoch: 3.

2025-10-18 21:09:19,502 - INFO - Epoch 4, Train loss: 1.1195847140335888
2025-10-18 21:09:20,387 - INFO - mIoU: 0.4562; OA: 0.857; AA: 0.5048; F1: 0.8638; Kappa: 0.7445;
2025-10-18 21:09:20,387 - INFO - spatial_LccAccuracy: 0.2788; spatial_PA: 0.705; spatial_UA: 0.6784; spatial_F1: 0.6914
2025-10-18 21:09:20,387 - INFO - temporal_CdAccuracy: 0.1531; temporal_PA: 0.5964; temporal_UA: 0.5803; temporal_F1: 0.5883
2025-10-18 21:09:20,388 - INFO - Confusion Matrix
 [72519.	 6563.	    0.	    0.	   11.]
 [ 8467.	50667.	    0.	    0.	   12.]
 [  933.	 1691.	    0.	    0.	    1.]
 [ 1437.	   38.	    0.	    0.	    0.]
 [ 2552.	  274.	    1.	    0.	 8494.]
2025-10-18 21:09:20,464 - INFO - Epoch 4 saved.
2025-10-18 21:09:20,465 - INFO - model saved 5 times, last saved epoch: 4.

2025-10-18 21:09:23,764 - INFO - Epoch 5, Train loss: 0.8997658976116536
2025-10-18 21:09:24,641 - INFO - mIoU: 0.505; OA: 0.8936; AA: 0.5448; F1: 0.6855; Kappa: 0.8124;
2025-10-18 21:09:24,641 - INFO - spatial_LccAccuracy: 0.3791; spatial_PA: 0.77; spatial_UA: 0.741; spatial_F1: 0.7553
2025-10-18 21:09:24,641 - INFO - temporal_CdAccuracy: 0.2351; temporal_PA: 0.6323; temporal_UA: 0.6325; temporal_F1: 0.6324
2025-10-18 21:09:24,642 - INFO - Confusion Matrix
 [73361.	 5730.	    1.	    0.	    1.]
 [ 5198.	53946.	    0.	    0.	    2.]
 [  445.	 2175.	    2.	    3.	    0.]
 [  846.	  629.	    0.	    0.	    0.]
 [ 1051.	  265.	    0.	    0.	10005.]
2025-10-18 21:09:24,706 - INFO - Epoch 5 saved.
2025-10-18 21:09:24,707 - INFO - model saved 6 times, last saved epoch: 5.

2025-10-18 21:09:27,971 - INFO - Epoch 6, Train loss: 0.7507036702233072
2025-10-18 21:09:28,761 - INFO - mIoU: 0.5259; OA: 0.9069; AA: 0.5613; F1: 0.5716; Kappa: 0.8356;
2025-10-18 21:09:28,761 - INFO - spatial_LccAccuracy: 0.4897; spatial_PA: 0.8829; spatial_UA: 0.8019; spatial_F1: 0.8405
2025-10-18 21:09:28,762 - INFO - temporal_CdAccuracy: 0.3374; temporal_PA: 0.651; temporal_UA: 0.6755; temporal_F1: 0.663
2025-10-18 21:09:28,762 - INFO - Confusion Matrix
 [75046.	 4043.	    0.	    0.	    4.]
 [ 5174.	53971.	    0.	    0.	    1.]
 [  439.	 2066.	  103.	   17.	    0.]
 [  776.	  695.	    0.	    4.	    0.]
 [  904.	  192.	    0.	    0.	10225.]
2025-10-18 21:09:28,847 - INFO - Epoch 6 saved.
2025-10-18 21:09:28,848 - INFO - model saved 7 times, last saved epoch: 6.

2025-10-18 21:09:31,839 - INFO - Epoch 7, Train loss: 0.6841809153556824
2025-10-18 21:09:32,671 - INFO - mIoU: 0.5945; OA: 0.9239; AA: 0.6259; F1: 0.6723; Kappa: 0.8665;
2025-10-18 21:09:32,672 - INFO - spatial_LccAccuracy: 0.5947; spatial_PA: 0.9243; spatial_UA: 0.8682; spatial_F1: 0.8954
2025-10-18 21:09:32,672 - INFO - temporal_CdAccuracy: 0.4323; temporal_PA: 0.6942; temporal_UA: 0.7174; temporal_F1: 0.7056
2025-10-18 21:09:32,673 - INFO - Confusion Matrix
 [75119.	 3968.	    2.	    4.	    0.]
 [ 3289.	55835.	   11.	   10.	    1.]
 [  134.	 1879.	  590.	   22.	    0.]
 [  541.	  767.	   13.	  154.	    0.]
 [  786.	  269.	    2.	    0.	10264.]
2025-10-18 21:09:32,747 - INFO - Epoch 7 saved.
2025-10-18 21:09:32,748 - INFO - model saved 8 times, last saved epoch: 7.

2025-10-18 21:09:35,864 - INFO - Epoch 8, Train loss: 0.6420870438125563
2025-10-18 21:09:36,777 - INFO - mIoU: 0.6675; OA: 0.9344; AA: 0.6962; F1: 0.759; Kappa: 0.8854;
2025-10-18 21:09:36,777 - INFO - spatial_LccAccuracy: 0.6376; spatial_PA: 0.9338; spatial_UA: 0.8784; spatial_F1: 0.9052
2025-10-18 21:09:36,777 - INFO - temporal_CdAccuracy: 0.4807; temporal_PA: 0.7251; temporal_UA: 0.7534; temporal_F1: 0.739
2025-10-18 21:09:36,778 - INFO - Confusion Matrix
 [75295.	 3790.	    1.	    7.	    0.]
 [ 2626.	56486.	   14.	   20.	    0.]
 [   55.	 1381.	 1176.	   13.	    0.]
 [  495.	  654.	    7.	  319.	    0.]
 [  761.	  258.	    1.	    0.	10301.]
2025-10-18 21:09:36,845 - INFO - Epoch 8 saved.
2025-10-18 21:09:36,845 - INFO - model saved 9 times, last saved epoch: 8.

2025-10-18 21:09:39,884 - INFO - Epoch 9, Train loss: 0.6143790416835998
2025-10-18 21:09:40,865 - INFO - mIoU: 0.7417; OA: 0.9438; AA: 0.7695; F1: 0.8313; Kappa: 0.9022;
2025-10-18 21:09:40,865 - INFO - spatial_LccAccuracy: 0.6622; spatial_PA: 0.9346; spatial_UA: 0.8843; spatial_F1: 0.9087
2025-10-18 21:09:40,865 - INFO - temporal_CdAccuracy: 0.5271; temporal_PA: 0.7601; temporal_UA: 0.7931; temporal_F1: 0.7763
2025-10-18 21:09:40,866 - INFO - Confusion Matrix
 [75429.	 3652.	    2.	    8.	    2.]
 [ 2080.	57000.	   27.	   39.	    0.]
 [   36.	  908.	 1678.	    3.	    0.]
 [  428.	  483.	    9.	  555.	    0.]
 [  645.	  319.	    1.	    0.	10356.]
2025-10-18 21:09:40,930 - INFO - Epoch 9 saved.
2025-10-18 21:09:40,930 - INFO - model saved 10 times, last saved epoch: 9.

2025-10-18 21:09:44,103 - INFO - Epoch 10, Train loss: 0.5878245499193299
2025-10-18 21:09:44,950 - INFO - mIoU: 0.7977; OA: 0.9492; AA: 0.8285; F1: 0.8784; Kappa: 0.912;
2025-10-18 21:09:44,951 - INFO - spatial_LccAccuracy: 0.6868; spatial_PA: 0.9406; spatial_UA: 0.884; spatial_F1: 0.9114
2025-10-18 21:09:44,951 - INFO - temporal_CdAccuracy: 0.5404; temporal_PA: 0.7912; temporal_UA: 0.8056; temporal_F1: 0.7983
2025-10-18 21:09:44,952 - INFO - Confusion Matrix
 [75519.	 3554.	    9.	    6.	    5.]
 [ 1874.	57146.	   65.	   58.	    3.]
 [   19.	  611.	 1995.	    0.	    0.]
 [  425.	  233.	   16.	  801.	    0.]
 [  657.	  269.	    0.	    0.	10395.]
2025-10-18 21:09:45,020 - INFO - Epoch 10 saved.
2025-10-18 21:09:45,021 - INFO - model saved 11 times, last saved epoch: 10.

2025-10-18 21:09:47,934 - INFO - Epoch 11, Train loss: 0.5631516298151905
2025-10-18 21:09:48,743 - INFO - mIoU: 0.8223; OA: 0.9568; AA: 0.8514; F1: 0.8954; Kappa: 0.925;
2025-10-18 21:09:48,744 - INFO - spatial_LccAccuracy: 0.7157; spatial_PA: 0.9362; spatial_UA: 0.8845; spatial_F1: 0.9096
2025-10-18 21:09:48,744 - INFO - temporal_CdAccuracy: 0.5705; temporal_PA: 0.8143; temporal_UA: 0.8315; temporal_F1: 0.8228
2025-10-18 21:09:48,745 - INFO - Confusion Matrix
 [77010.	 2068.	    8.	    7.	    0.]
 [ 2466.	56525.	   84.	   61.	   10.]
 [   14.	  491.	 2120.	    0.	    0.]
 [  374.	  212.	   14.	  875.	    0.]
 [  597.	  234.	    0.	    0.	10490.]
2025-10-18 21:09:48,823 - INFO - Epoch 11 saved.
2025-10-18 21:09:48,824 - INFO - model saved 12 times, last saved epoch: 11.

2025-10-18 21:09:51,786 - INFO - Epoch 12, Train loss: 0.5361022501258377
2025-10-18 21:09:52,622 - INFO - mIoU: 0.8356; OA: 0.9586; AA: 0.8656; F1: 0.9049; Kappa: 0.9282;
2025-10-18 21:09:52,622 - INFO - spatial_LccAccuracy: 0.731; spatial_PA: 0.9541; spatial_UA: 0.9178; spatial_F1: 0.9356
2025-10-18 21:09:52,623 - INFO - temporal_CdAccuracy: 0.5892; temporal_PA: 0.8362; temporal_UA: 0.8394; temporal_F1: 0.8378
2025-10-18 21:09:52,623 - INFO - Confusion Matrix
 [76396.	 2676.	    6.	    8.	    7.]
 [ 1741.	57246.	   79.	   71.	    9.]
 [    8.	  455.	 2162.	    0.	    0.]
 [  297.	  219.	   16.	  943.	    0.]
 [  525.	  252.	    0.	    0.	10544.]
2025-10-18 21:09:52,701 - INFO - Epoch 12 saved.
2025-10-18 21:09:52,701 - INFO - model saved 13 times, last saved epoch: 12.

2025-10-18 21:09:56,058 - INFO - Epoch 13, Train loss: 0.5123043313900136
2025-10-18 21:09:56,899 - INFO - mIoU: 0.8534; OA: 0.962; AA: 0.8925; F1: 0.9165; Kappa: 0.9342;
2025-10-18 21:09:56,899 - INFO - spatial_LccAccuracy: 0.7524; spatial_PA: 0.9439; spatial_UA: 0.9046; spatial_F1: 0.9238
2025-10-18 21:09:56,900 - INFO - temporal_CdAccuracy: 0.5951; temporal_PA: 0.8477; temporal_UA: 0.8453; temporal_F1: 0.8465
2025-10-18 21:09:56,900 - INFO - Confusion Matrix
 [77528.	 1545.	    4.	    9.	    7.]
 [ 2638.	56203.	  142.	  120.	   43.]
 [   20.	  281.	 2324.	    0.	    0.]
 [  316.	   74.	   55.	 1030.	    0.]
 [  435.	  150.	    0.	    0.	10736.]
2025-10-18 21:09:56,983 - INFO - Epoch 13 saved.
2025-10-18 21:09:56,984 - INFO - model saved 14 times, last saved epoch: 13.

2025-10-18 21:10:00,001 - INFO - Epoch 14, Train loss: 0.4988283674169031
2025-10-18 21:10:00,855 - INFO - mIoU: 0.8678; OA: 0.9657; AA: 0.8995; F1: 0.9258; Kappa: 0.9406;
2025-10-18 21:10:00,855 - INFO - spatial_LccAccuracy: 0.7884; spatial_PA: 0.9539; spatial_UA: 0.9425; spatial_F1: 0.9481
2025-10-18 21:10:00,855 - INFO - temporal_CdAccuracy: 0.6326; temporal_PA: 0.8728; temporal_UA: 0.8677; temporal_F1: 0.8702
2025-10-18 21:10:00,856 - INFO - Confusion Matrix
 [77663.	 1417.	    1.	   10.	    2.]
 [ 2331.	56607.	   74.	  108.	   26.]
 [   11.	  308.	 2306.	    0.	    0.]
 [  234.	  130.	   31.	 1080.	    0.]
 [  403.	  189.	    0.	    0.	10729.]
2025-10-18 21:10:00,939 - INFO - Epoch 14 saved.
2025-10-18 21:10:00,940 - INFO - model saved 15 times, last saved epoch: 14.

2025-10-18 21:10:04,098 - INFO - Epoch 15, Train loss: 0.48878229552914637
2025-10-18 21:10:04,989 - INFO - mIoU: 0.8823; OA: 0.9691; AA: 0.9086; F1: 0.935; Kappa: 0.9466;
2025-10-18 21:10:04,989 - INFO - spatial_LccAccuracy: 0.8212; spatial_PA: 0.9627; spatial_UA: 0.9672; spatial_F1: 0.9649
2025-10-18 21:10:04,989 - INFO - temporal_CdAccuracy: 0.6786; temporal_PA: 0.8892; temporal_UA: 0.8863; temporal_F1: 0.8878
2025-10-18 21:10:04,990 - INFO - Confusion Matrix
 [77339.	 1740.	    1.	   10.	    3.]
 [ 1698.	57288.	   61.	   62.	   37.]
 [    8.	  315.	 2302.	    0.	    0.]
 [  127.	  199.	   28.	 1121.	    0.]
 [  283.	  175.	    0.	    0.	10863.]
2025-10-18 21:10:05,053 - INFO - Epoch 15 saved.
2025-10-18 21:10:05,053 - INFO - model saved 16 times, last saved epoch: 15.

2025-10-18 21:10:08,123 - INFO - Epoch 16, Train loss: 0.47918146145269735
2025-10-18 21:10:08,978 - INFO - mIoU: 0.8894; OA: 0.9681; AA: 0.9158; F1: 0.9397; Kappa: 0.9451;
2025-10-18 21:10:08,979 - INFO - spatial_LccAccuracy: 0.8239; spatial_PA: 0.9687; spatial_UA: 0.9801; spatial_F1: 0.9744
2025-10-18 21:10:08,979 - INFO - temporal_CdAccuracy: 0.672; temporal_PA: 0.8805; temporal_UA: 0.8813; temporal_F1: 0.8809
2025-10-18 21:10:08,980 - INFO - Confusion Matrix
 [76361.	 2714.	    7.	    9.	    2.]
 [  956.	58050.	   59.	   51.	   30.]
 [    5.	  305.	 2315.	    0.	    0.]
 [   70.	  216.	   24.	 1165.	    0.]
 [  224.	  224.	    0.	    0.	10873.]
2025-10-18 21:10:09,052 - INFO - Epoch 16 saved.
2025-10-18 21:10:09,053 - INFO - model saved 17 times, last saved epoch: 16.

2025-10-18 21:10:12,047 - INFO - Epoch 17, Train loss: 0.471152013688354
2025-10-18 21:10:12,955 - INFO - mIoU: 0.9015; OA: 0.9724; AA: 0.9358; F1: 0.947; Kappa: 0.9524;
2025-10-18 21:10:12,955 - INFO - spatial_LccAccuracy: 0.8559; spatial_PA: 0.9718; spatial_UA: 0.9818; spatial_F1: 0.9768
2025-10-18 21:10:12,956 - INFO - temporal_CdAccuracy: 0.69; temporal_PA: 0.9057; temporal_UA: 0.8958; temporal_F1: 0.9007
2025-10-18 21:10:12,957 - INFO - Confusion Matrix
 [77802.	 1276.	    1.	   14.	    0.]
 [ 1835.	57066.	   94.	  109.	   42.]
 [   10.	  235.	 2380.	    0.	    0.]
 [   74.	   82.	   50.	 1269.	    0.]
 [  248.	  165.	    0.	    0.	10908.]
2025-10-18 21:10:13,040 - INFO - Epoch 17 saved.
2025-10-18 21:10:13,041 - INFO - model saved 18 times, last saved epoch: 17.

2025-10-18 21:10:15,894 - INFO - Epoch 18, Train loss: 0.46502210190577536
2025-10-18 21:10:16,788 - INFO - mIoU: 0.9134; OA: 0.9741; AA: 0.9448; F1: 0.954; Kappa: 0.9553;
2025-10-18 21:10:16,788 - INFO - spatial_LccAccuracy: 0.8668; spatial_PA: 0.9678; spatial_UA: 0.9834; spatial_F1: 0.9755
2025-10-18 21:10:16,788 - INFO - temporal_CdAccuracy: 0.706; temporal_PA: 0.9141; temporal_UA: 0.9078; temporal_F1: 0.9109
2025-10-18 21:10:16,789 - INFO - Confusion Matrix
 [77793.	 1280.	    1.	   18.	    1.]
 [ 1702.	57222.	   75.	   89.	   58.]
 [    8.	  244.	 2373.	    0.	    0.]
 [   33.	   68.	   45.	 1329.	    0.]
 [  215.	  147.	    0.	    0.	10959.]
2025-10-18 21:10:16,857 - INFO - Epoch 18 saved.
2025-10-18 21:10:16,857 - INFO - model saved 19 times, last saved epoch: 18.

2025-10-18 21:10:19,818 - INFO - Epoch 19, Train loss: 0.4598539597499445
2025-10-18 21:10:20,645 - INFO - mIoU: 0.9181; OA: 0.9746; AA: 0.9474; F1: 0.9566; Kappa: 0.9562;
2025-10-18 21:10:20,645 - INFO - spatial_LccAccuracy: 0.8704; spatial_PA: 0.9734; spatial_UA: 0.9849; spatial_F1: 0.9792
2025-10-18 21:10:20,645 - INFO - temporal_CdAccuracy: 0.7025; temporal_PA: 0.9172; temporal_UA: 0.9069; temporal_F1: 0.912
2025-10-18 21:10:20,646 - INFO - Confusion Matrix
 [77746.	 1333.	    1.	   13.	    0.]
 [ 1637.	57285.	   73.	   81.	   70.]
 [   11.	  220.	 2394.	    0.	    0.]
 [   41.	   71.	   33.	 1329.	    1.]
 [  171.	  142.	    0.	    0.	11008.]
2025-10-18 21:10:20,718 - INFO - Epoch 19 saved.
2025-10-18 21:10:20,719 - INFO - model saved 20 times, last saved epoch: 19.

2025-10-18 21:10:23,816 - INFO - Epoch 20, Train loss: 0.45240288473064116
2025-10-18 21:10:24,686 - INFO - mIoU: 0.9176; OA: 0.9752; AA: 0.9428; F1: 0.9563; Kappa: 0.9572;
2025-10-18 21:10:24,687 - INFO - spatial_LccAccuracy: 0.8739; spatial_PA: 0.9765; spatial_UA: 0.9867; spatial_F1: 0.9815
2025-10-18 21:10:24,687 - INFO - temporal_CdAccuracy: 0.7032; temporal_PA: 0.9169; temporal_UA: 0.9089; temporal_F1: 0.9129
2025-10-18 21:10:24,688 - INFO - Confusion Matrix
 [77815.	 1265.	    1.	   12.	    0.]
 [ 1621.	57359.	   67.	   55.	   44.]
 [   14.	  242.	 2369.	    0.	    0.]
 [   60.	   74.	   33.	 1308.	    0.]
 [  171.	  155.	    0.	    0.	10995.]
2025-10-18 21:10:24,689 - INFO - model saved 20 times, last saved epoch: 19.

2025-10-18 21:10:27,802 - INFO - Epoch 21, Train loss: 0.4468837569218985
2025-10-18 21:10:28,635 - INFO - mIoU: 0.9245; OA: 0.9768; AA: 0.9546; F1: 0.9602; Kappa: 0.96;
2025-10-18 21:10:28,636 - INFO - spatial_LccAccuracy: 0.8778; spatial_PA: 0.9779; spatial_UA: 0.9888; spatial_F1: 0.9833
2025-10-18 21:10:28,636 - INFO - temporal_CdAccuracy: 0.7091; temporal_PA: 0.9247; temporal_UA: 0.9147; temporal_F1: 0.9197
2025-10-18 21:10:28,637 - INFO - Confusion Matrix
 [77774.	 1303.	    1.	   15.	    0.]
 [ 1405.	57489.	  109.	   68.	   75.]
 [    8.	  194.	 2423.	    0.	    0.]
 [   38.	   44.	   38.	 1355.	    0.]
 [  161.	  110.	    0.	    0.	11050.]
2025-10-18 21:10:28,725 - INFO - Epoch 21 saved.
2025-10-18 21:10:28,726 - INFO - model saved 21 times, last saved epoch: 21.

2025-10-18 21:10:31,813 - INFO - Epoch 22, Train loss: 0.44493329506483137
2025-10-18 21:10:32,624 - INFO - mIoU: 0.9259; OA: 0.9754; AA: 0.9611; F1: 0.9611; Kappa: 0.9576;
2025-10-18 21:10:32,624 - INFO - spatial_LccAccuracy: 0.884; spatial_PA: 0.9765; spatial_UA: 0.9867; spatial_F1: 0.9815
2025-10-18 21:10:32,625 - INFO - temporal_CdAccuracy: 0.7087; temporal_PA: 0.9144; temporal_UA: 0.9126; temporal_F1: 0.9135
2025-10-18 21:10:32,626 - INFO - Confusion Matrix
 [78216.	  859.	    1.	   17.	    0.]
 [ 2073.	56774.	  119.	  111.	   69.]
 [   10.	  183.	 2432.	    0.	    0.]
 [   30.	   15.	   22.	 1407.	    1.]
 [  168.	  101.	    0.	    0.	11052.]
2025-10-18 21:10:32,688 - INFO - Epoch 22 saved.
2025-10-18 21:10:32,688 - INFO - model saved 22 times, last saved epoch: 22.

2025-10-18 21:10:35,709 - INFO - Epoch 23, Train loss: 0.44004936488518803
2025-10-18 21:10:36,531 - INFO - mIoU: 0.9327; OA: 0.9775; AA: 0.9548; F1: 0.9648; Kappa: 0.9611;
2025-10-18 21:10:36,532 - INFO - spatial_LccAccuracy: 0.893; spatial_PA: 0.9735; spatial_UA: 0.9885; spatial_F1: 0.9809
2025-10-18 21:10:36,532 - INFO - temporal_CdAccuracy: 0.72; temporal_PA: 0.9242; temporal_UA: 0.9205; temporal_F1: 0.9223
2025-10-18 21:10:36,533 - INFO - Confusion Matrix
 [78188.	  890.	    1.	   14.	    0.]
 [ 1787.	57199.	   81.	   31.	   48.]
 [   17.	  205.	 2403.	    0.	    0.]
 [   41.	   43.	   21.	 1369.	    1.]
 [  159.	  124.	    0.	    0.	11038.]
2025-10-18 21:10:36,596 - INFO - Epoch 23 saved.
2025-10-18 21:10:36,597 - INFO - model saved 23 times, last saved epoch: 23.

2025-10-18 21:10:39,541 - INFO - Epoch 24, Train loss: 0.4353329522639328
2025-10-18 21:10:40,400 - INFO - mIoU: 0.9417; OA: 0.9793; AA: 0.9622; F1: 0.9697; Kappa: 0.9643;
2025-10-18 21:10:40,400 - INFO - spatial_LccAccuracy: 0.8957; spatial_PA: 0.9784; spatial_UA: 0.9907; spatial_F1: 0.9845
2025-10-18 21:10:40,400 - INFO - temporal_CdAccuracy: 0.7259; temporal_PA: 0.9321; temporal_UA: 0.9298; temporal_F1: 0.9309
2025-10-18 21:10:40,401 - INFO - Confusion Matrix
 [77887.	 1189.	    1.	   14.	    2.]
 [ 1300.	57673.	   73.	   27.	   73.]
 [    8.	  210.	 2407.	    0.	    0.]
 [   18.	   41.	    8.	 1406.	    2.]
 [  133.	   84.	    0.	    0.	11104.]
2025-10-18 21:10:40,464 - INFO - Epoch 24 saved.
2025-10-18 21:10:40,464 - INFO - model saved 24 times, last saved epoch: 24.

2025-10-18 21:10:43,716 - INFO - Epoch 25, Train loss: 0.4339212564207752
2025-10-18 21:10:44,603 - INFO - mIoU: 0.9401; OA: 0.9766; AA: 0.9603; F1: 0.9689; Kappa: 0.9598;
2025-10-18 21:10:44,603 - INFO - spatial_LccAccuracy: 0.8852; spatial_PA: 0.9814; spatial_UA: 0.9889; spatial_F1: 0.9851
2025-10-18 21:10:44,603 - INFO - temporal_CdAccuracy: 0.7126; temporal_PA: 0.9178; temporal_UA: 0.9206; temporal_F1: 0.9192
2025-10-18 21:10:44,604 - INFO - Confusion Matrix
 [76829.	 2251.	    1.	   12.	    0.]
 [  648.	58376.	   62.	   22.	   38.]
 [    4.	  218.	 2403.	    0.	    0.]
 [   13.	   51.	    8.	 1403.	    0.]
 [  110.	  155.	    0.	    0.	11056.]
2025-10-18 21:10:44,605 - INFO - model saved 24 times, last saved epoch: 24.

2025-10-18 21:10:47,587 - INFO - Epoch 26, Train loss: 0.4307024786190957
2025-10-18 21:10:48,454 - INFO - mIoU: 0.9402; OA: 0.9785; AA: 0.9647; F1: 0.9689; Kappa: 0.9629;
2025-10-18 21:10:48,454 - INFO - spatial_LccAccuracy: 0.8989; spatial_PA: 0.9837; spatial_UA: 0.9878; spatial_F1: 0.9858
2025-10-18 21:10:48,455 - INFO - temporal_CdAccuracy: 0.7278; temporal_PA: 0.9241; temporal_UA: 0.9285; temporal_F1: 0.9263
2025-10-18 21:10:48,455 - INFO - Confusion Matrix
 [78177.	  907.	    1.	    8.	    0.]
 [ 1648.	57280.	  114.	   49.	   55.]
 [   13.	  170.	 2442.	    0.	    0.]
 [   35.	   20.	    2.	 1418.	    0.]
 [  167.	  118.	    0.	    0.	11036.]
2025-10-18 21:10:48,456 - INFO - model saved 24 times, last saved epoch: 24.

2025-10-18 21:10:51,551 - INFO - Epoch 27, Train loss: 0.4289495617336368
2025-10-18 21:10:52,345 - INFO - mIoU: 0.9446; OA: 0.979; AA: 0.9647; F1: 0.9713; Kappa: 0.9639;
2025-10-18 21:10:52,345 - INFO - spatial_LccAccuracy: 0.8977; spatial_PA: 0.98; spatial_UA: 0.9903; spatial_F1: 0.9851
2025-10-18 21:10:52,345 - INFO - temporal_CdAccuracy: 0.7185; temporal_PA: 0.9319; temporal_UA: 0.9289; temporal_F1: 0.9304
2025-10-18 21:10:52,346 - INFO - Confusion Matrix
 [77222.	 1852.	    0.	   19.	    0.]
 [  727.	58273.	   55.	   29.	   62.]
 [    4.	  230.	 2391.	    0.	    0.]
 [   14.	   30.	    0.	 1429.	    2.]
 [   92.	  109.	    0.	    0.	11120.]
2025-10-18 21:10:52,410 - INFO - Epoch 27 saved.
2025-10-18 21:10:52,411 - INFO - model saved 25 times, last saved epoch: 27.

2025-10-18 21:10:55,315 - INFO - Epoch 28, Train loss: 0.4245955124034645
2025-10-18 21:10:56,189 - INFO - mIoU: 0.9458; OA: 0.9801; AA: 0.973; F1: 0.9719; Kappa: 0.9656;
2025-10-18 21:10:56,189 - INFO - spatial_LccAccuracy: 0.9059; spatial_PA: 0.9784; spatial_UA: 0.9907; spatial_F1: 0.9845
2025-10-18 21:10:56,189 - INFO - temporal_CdAccuracy: 0.7321; temporal_PA: 0.9347; temporal_UA: 0.9324; temporal_F1: 0.9335
2025-10-18 21:10:56,190 - INFO - Confusion Matrix
 [78249.	  826.	    1.	   16.	    1.]
 [ 1589.	57273.	  157.	   41.	   86.]
 [    9.	  130.	 2486.	    0.	    0.]
 [   18.	   13.	    1.	 1439.	    4.]
 [  103.	   70.	    0.	    0.	11148.]
2025-10-18 21:10:56,272 - INFO - Epoch 28 saved.
2025-10-18 21:10:56,273 - INFO - model saved 26 times, last saved epoch: 28.

2025-10-18 21:10:59,306 - INFO - Epoch 29, Train loss: 0.422982871162225
2025-10-18 21:11:00,149 - INFO - mIoU: 0.9478; OA: 0.9809; AA: 0.9687; F1: 0.973; Kappa: 0.9671;
2025-10-18 21:11:00,150 - INFO - spatial_LccAccuracy: 0.9082; spatial_PA: 0.9822; spatial_UA: 0.9917; spatial_F1: 0.9869
2025-10-18 21:11:00,150 - INFO - temporal_CdAccuracy: 0.7302; temporal_PA: 0.9414; temporal_UA: 0.9344; temporal_F1: 0.9379
2025-10-18 21:11:00,151 - INFO - Confusion Matrix
 [77695.	 1382.	    0.	   15.	    1.]
 [  937.	58036.	   72.	   38.	   63.]
 [    6.	  198.	 2421.	    0.	    0.]
 [   17.	   18.	    0.	 1437.	    3.]
 [   95.	   93.	    0.	    0.	11133.]
2025-10-18 21:11:00,215 - INFO - Epoch 29 saved.
2025-10-18 21:11:00,215 - INFO - model saved 27 times, last saved epoch: 29.

2025-10-18 21:11:03,392 - INFO - Epoch 30, Train loss: 0.42017869642062217
2025-10-18 21:11:04,276 - INFO - mIoU: 0.944; OA: 0.9794; AA: 0.9622; F1: 0.9709; Kappa: 0.9645;
2025-10-18 21:11:04,276 - INFO - spatial_LccAccuracy: 0.8957; spatial_PA: 0.9819; spatial_UA: 0.9908; spatial_F1: 0.9863
2025-10-18 21:11:04,276 - INFO - temporal_CdAccuracy: 0.7208; temporal_PA: 0.9359; temporal_UA: 0.9246; temporal_F1: 0.9302
2025-10-18 21:11:04,277 - INFO - Confusion Matrix
 [77445.	 1628.	    0.	   20.	    0.]
 [  826.	58232.	   48.	   23.	   17.]
 [   11.	  252.	 2362.	    0.	    0.]
 [   17.	   21.	    0.	 1437.	    0.]
 [  142.	  163.	    0.	    0.	11016.]
2025-10-18 21:11:04,278 - INFO - model saved 27 times, last saved epoch: 29.

2025-10-18 21:11:07,365 - INFO - Epoch 31, Train loss: 0.41862200691092827
2025-10-18 21:11:08,250 - INFO - mIoU: 0.9479; OA: 0.9804; AA: 0.9659; F1: 0.973; Kappa: 0.9663;
2025-10-18 21:11:08,250 - INFO - spatial_LccAccuracy: 0.9036; spatial_PA: 0.9822; spatial_UA: 0.9917; spatial_F1: 0.9869
2025-10-18 21:11:08,250 - INFO - temporal_CdAccuracy: 0.7302; temporal_PA: 0.94; temporal_UA: 0.9359; temporal_F1: 0.938
2025-10-18 21:11:08,251 - INFO - Confusion Matrix
 [77558.	 1516.	    0.	   18.	    1.]
 [  831.	58217.	   54.	   24.	   20.]
 [    5.	  230.	 2390.	    0.	    0.]
 [   11.	   20.	    0.	 1444.	    0.]
 [  103.	  178.	    0.	    0.	11040.]
2025-10-18 21:11:08,326 - INFO - Epoch 31 saved.
2025-10-18 21:11:08,327 - INFO - model saved 28 times, last saved epoch: 31.

2025-10-18 21:11:11,490 - INFO - Epoch 32, Train loss: 0.41624388191270534
2025-10-18 21:11:12,332 - INFO - mIoU: 0.9511; OA: 0.9813; AA: 0.9676; F1: 0.9747; Kappa: 0.9677;
2025-10-18 21:11:12,332 - INFO - spatial_LccAccuracy: 0.9102; spatial_PA: 0.9784; spatial_UA: 0.9907; spatial_F1: 0.9845
2025-10-18 21:11:12,332 - INFO - temporal_CdAccuracy: 0.7431; temporal_PA: 0.9365; temporal_UA: 0.9391; temporal_F1: 0.9378
2025-10-18 21:11:12,333 - INFO - Confusion Matrix
 [77929.	 1148.	    2.	   14.	    0.]
 [ 1115.	57912.	   68.	   10.	   41.]
 [    3.	  198.	 2424.	    0.	    0.]
 [   10.	   33.	    0.	 1432.	    0.]
 [   97.	  138.	    0.	    0.	11086.]
2025-10-18 21:11:12,397 - INFO - Epoch 32 saved.
2025-10-18 21:11:12,398 - INFO - model saved 29 times, last saved epoch: 32.

2025-10-18 21:11:15,298 - INFO - Epoch 33, Train loss: 0.4148984040532793
2025-10-18 21:11:16,078 - INFO - mIoU: 0.9516; OA: 0.9813; AA: 0.9705; F1: 0.975; Kappa: 0.9677;
2025-10-18 21:11:16,078 - INFO - spatial_LccAccuracy: 0.9141; spatial_PA: 0.9822; spatial_UA: 0.9917; spatial_F1: 0.9869
2025-10-18 21:11:16,079 - INFO - temporal_CdAccuracy: 0.747; temporal_PA: 0.9407; temporal_UA: 0.9428; temporal_F1: 0.9417
2025-10-18 21:11:16,079 - INFO - Confusion Matrix
 [78202.	  870.	    1.	   20.	    0.]
 [ 1363.	57648.	   68.	   25.	   42.]
 [    5.	  179.	 2441.	    0.	    0.]
 [   12.	   12.	    0.	 1451.	    0.]
 [  152.	  127.	    0.	    0.	11042.]
2025-10-18 21:11:16,150 - INFO - Epoch 33 saved.
2025-10-18 21:11:16,150 - INFO - model saved 30 times, last saved epoch: 33.

2025-10-18 21:11:19,048 - INFO - Epoch 34, Train loss: 0.4142606125114867
2025-10-18 21:11:19,938 - INFO - mIoU: 0.953; OA: 0.9808; AA: 0.9749; F1: 0.9758; Kappa: 0.9669;
2025-10-18 21:11:19,938 - INFO - spatial_LccAccuracy: 0.9028; spatial_PA: 0.9815; spatial_UA: 0.9925; spatial_F1: 0.9869
2025-10-18 21:11:19,939 - INFO - temporal_CdAccuracy: 0.7255; temporal_PA: 0.944; temporal_UA: 0.9338; temporal_F1: 0.9389
2025-10-18 21:11:19,939 - INFO - Confusion Matrix
 [77764.	 1308.	    1.	   19.	    1.]
 [ 1087.	57870.	   74.	   38.	   77.]
 [    5.	  151.	 2469.	    0.	    0.]
 [   11.	    7.	    0.	 1457.	    0.]
 [  103.	   73.	    0.	    0.	11145.]
2025-10-18 21:11:20,003 - INFO - Epoch 34 saved.
2025-10-18 21:11:20,004 - INFO - model saved 31 times, last saved epoch: 34.

2025-10-18 21:11:23,135 - INFO - Epoch 35, Train loss: 0.41290624560036276
2025-10-18 21:11:24,084 - INFO - mIoU: 0.9521; OA: 0.9818; AA: 0.9674; F1: 0.9752; Kappa: 0.9686;
2025-10-18 21:11:24,085 - INFO - spatial_LccAccuracy: 0.9157; spatial_PA: 0.9826; spatial_UA: 0.9901; spatial_F1: 0.9863
2025-10-18 21:11:24,085 - INFO - temporal_CdAccuracy: 0.7388; temporal_PA: 0.9435; temporal_UA: 0.9419; temporal_F1: 0.9427
2025-10-18 21:11:24,086 - INFO - Confusion Matrix
 [77777.	 1297.	    1.	   18.	    0.]
 [  899.	58133.	   44.	    8.	   62.]
 [    3.	  219.	 2403.	    0.	    0.]
 [   11.	   27.	    0.	 1437.	    0.]
 [  112.	  100.	    0.	    0.	11109.]
2025-10-18 21:11:24,087 - INFO - model saved 31 times, last saved epoch: 34.

2025-10-18 21:11:27,209 - INFO - Epoch 36, Train loss: 0.40973098974050204
2025-10-18 21:11:28,075 - INFO - mIoU: 0.9555; OA: 0.9817; AA: 0.9745; F1: 0.9771; Kappa: 0.9685;
2025-10-18 21:11:28,075 - INFO - spatial_LccAccuracy: 0.9137; spatial_PA: 0.9812; spatial_UA: 0.9915; spatial_F1: 0.9863
2025-10-18 21:11:28,075 - INFO - temporal_CdAccuracy: 0.7407; temporal_PA: 0.9443; temporal_UA: 0.9399; temporal_F1: 0.9421
2025-10-18 21:11:28,076 - INFO - Confusion Matrix
 [77698.	 1378.	    1.	   16.	    0.]
 [  872.	58112.	   74.	   22.	   66.]
 [    5.	  158.	 2462.	    0.	    0.]
 [   12.	    7.	    0.	 1456.	    0.]
 [  116.	   82.	    0.	    0.	11123.]
2025-10-18 21:11:28,139 - INFO - Epoch 36 saved.
2025-10-18 21:11:28,139 - INFO - model saved 32 times, last saved epoch: 36.

2025-10-18 21:11:31,461 - INFO - Epoch 37, Train loss: 0.41026658078898554
2025-10-18 21:11:32,416 - INFO - mIoU: 0.9563; OA: 0.9822; AA: 0.9732; F1: 0.9775; Kappa: 0.9693;
2025-10-18 21:11:32,416 - INFO - spatial_LccAccuracy: 0.9157; spatial_PA: 0.9831; spatial_UA: 0.992; spatial_F1: 0.9875
2025-10-18 21:11:32,416 - INFO - temporal_CdAccuracy: 0.7431; temporal_PA: 0.9422; temporal_UA: 0.945; temporal_F1: 0.9436
2025-10-18 21:11:32,417 - INFO - Confusion Matrix
 [77789.	 1285.	    2.	   17.	    0.]
 [  914.	58086.	   76.	    4.	   66.]
 [    3.	  154.	 2468.	    0.	    0.]
 [    8.	   27.	    0.	 1440.	    0.]
 [   90.	   94.	    0.	    0.	11137.]
2025-10-18 21:11:32,512 - INFO - Epoch 37 saved.
2025-10-18 21:11:32,512 - INFO - model saved 33 times, last saved epoch: 37.

2025-10-18 21:11:35,537 - INFO - Epoch 38, Train loss: 0.40864069713568835
2025-10-18 21:11:36,337 - INFO - mIoU: 0.9571; OA: 0.9818; AA: 0.9743; F1: 0.9779; Kappa: 0.9687;
2025-10-18 21:11:36,338 - INFO - spatial_LccAccuracy: 0.9164; spatial_PA: 0.981; spatial_UA: 0.9905; spatial_F1: 0.9857
2025-10-18 21:11:36,338 - INFO - temporal_CdAccuracy: 0.7442; temporal_PA: 0.9413; temporal_UA: 0.9436; temporal_F1: 0.9425
2025-10-18 21:11:36,339 - INFO - Confusion Matrix
 [77690.	 1384.	    1.	   18.	    0.]
 [  865.	58161.	   59.	   16.	   45.]
 [    2.	  168.	 2455.	    0.	    0.]
 [    7.	    8.	    0.	 1460.	    0.]
 [  104.	  113.	    0.	    0.	11104.]
2025-10-18 21:11:36,402 - INFO - Epoch 38 saved.
2025-10-18 21:11:36,403 - INFO - model saved 34 times, last saved epoch: 38.

2025-10-18 21:11:39,506 - INFO - Epoch 39, Train loss: 0.4073173831338468
2025-10-18 21:11:40,336 - INFO - mIoU: 0.9557; OA: 0.9822; AA: 0.9754; F1: 0.9772; Kappa: 0.9693;
2025-10-18 21:11:40,336 - INFO - spatial_LccAccuracy: 0.9242; spatial_PA: 0.9838; spatial_UA: 0.9913; spatial_F1: 0.9875
2025-10-18 21:11:40,336 - INFO - temporal_CdAccuracy: 0.745; temporal_PA: 0.9486; temporal_UA: 0.9462; temporal_F1: 0.9474
2025-10-18 21:11:40,337 - INFO - Confusion Matrix
 [78226.	  850.	    1.	   16.	    0.]
 [ 1313.	57651.	   76.	   30.	   76.]
 [    4.	  141.	 2480.	    0.	    0.]
 [   14.	    4.	    0.	 1457.	    0.]
 [  139.	   77.	    0.	    0.	11105.]
2025-10-18 21:11:40,338 - INFO - model saved 34 times, last saved epoch: 38.

2025-10-18 21:11:43,233 - INFO - Epoch 40, Train loss: 0.40648394008600935
2025-10-18 21:11:44,075 - INFO - mIoU: 0.9565; OA: 0.982; AA: 0.9736; F1: 0.9776; Kappa: 0.9689;
2025-10-18 21:11:44,075 - INFO - spatial_LccAccuracy: 0.9211; spatial_PA: 0.984; spatial_UA: 0.9922; spatial_F1: 0.9881
2025-10-18 21:11:44,076 - INFO - temporal_CdAccuracy: 0.7415; temporal_PA: 0.9491; temporal_UA: 0.9416; temporal_F1: 0.9454
2025-10-18 21:11:44,076 - INFO - Confusion Matrix
 [78254.	  823.	    1.	   15.	    0.]
 [ 1405.	57595.	   63.	   18.	   65.]
 [    8.	  154.	 2463.	    0.	    0.]
 [   17.	    7.	    0.	 1451.	    0.]
 [  110.	   83.	    0.	    0.	11128.]
2025-10-18 21:11:44,077 - INFO - model saved 34 times, last saved epoch: 38.

2025-10-18 21:11:47,221 - INFO - Epoch 41, Train loss: 0.40569213976771196
2025-10-18 21:11:48,077 - INFO - mIoU: 0.956; OA: 0.9824; AA: 0.9715; F1: 0.9773; Kappa: 0.9696;
2025-10-18 21:11:48,077 - INFO - spatial_LccAccuracy: 0.9258; spatial_PA: 0.9831; spatial_UA: 0.992; spatial_F1: 0.9875
2025-10-18 21:11:48,077 - INFO - temporal_CdAccuracy: 0.7536; temporal_PA: 0.9463; temporal_UA: 0.9485; temporal_F1: 0.9474
2025-10-18 21:11:48,078 - INFO - Confusion Matrix
 [78319.	  757.	    2.	   15.	    0.]
 [ 1365.	57639.	   53.	   10.	   79.]
 [    5.	  192.	 2428.	    0.	    0.]
 [   13.	    7.	    0.	 1455.	    0.]
 [  141.	   68.	    0.	    0.	11112.]
2025-10-18 21:11:48,079 - INFO - model saved 34 times, last saved epoch: 38.

2025-10-18 21:11:51,445 - INFO - Epoch 42, Train loss: 0.4053776351191242
2025-10-18 21:11:52,399 - INFO - mIoU: 0.957; OA: 0.9825; AA: 0.9778; F1: 0.9779; Kappa: 0.9699;
2025-10-18 21:11:52,399 - INFO - spatial_LccAccuracy: 0.9192; spatial_PA: 0.984; spatial_UA: 0.9922; spatial_F1: 0.9881
2025-10-18 21:11:52,400 - INFO - temporal_CdAccuracy: 0.7478; temporal_PA: 0.9424; temporal_UA: 0.9461; temporal_F1: 0.9443
2025-10-18 21:11:52,400 - INFO - Confusion Matrix
 [78068.	 1009.	    1.	   15.	    0.]
 [ 1132.	57841.	   88.	   36.	   49.]
 [    4.	  130.	 2491.	    0.	    0.]
 [    7.	    3.	    0.	 1465.	    0.]
 [  117.	   91.	    0.	    0.	11113.]
2025-10-18 21:11:52,401 - INFO - model saved 34 times, last saved epoch: 38.

2025-10-18 21:11:55,513 - INFO - Epoch 43, Train loss: 0.4043998423940647
2025-10-18 21:11:56,371 - INFO - mIoU: 0.958; OA: 0.9828; AA: 0.9746; F1: 0.9784; Kappa: 0.9704;
2025-10-18 21:11:56,371 - INFO - spatial_LccAccuracy: 0.9242; spatial_PA: 0.9824; spatial_UA: 0.9927; spatial_F1: 0.9875
2025-10-18 21:11:56,372 - INFO - temporal_CdAccuracy: 0.7474; temporal_PA: 0.948; temporal_UA: 0.947; temporal_F1: 0.9475
2025-10-18 21:11:56,372 - INFO - Confusion Matrix
 [78075.	 1001.	    1.	   16.	    0.]
 [ 1078.	57928.	   80.	    6.	   54.]
 [    4.	  149.	 2472.	    0.	    0.]
 [    8.	   14.	    0.	 1453.	    0.]
 [  132.	  100.	    0.	    0.	11089.]
2025-10-18 21:11:56,437 - INFO - Epoch 43 saved.
2025-10-18 21:11:56,437 - INFO - model saved 35 times, last saved epoch: 43.

2025-10-18 21:11:59,585 - INFO - Epoch 44, Train loss: 0.4042113565880319
2025-10-18 21:12:00,447 - INFO - mIoU: 0.9555; OA: 0.9816; AA: 0.9752; F1: 0.9771; Kappa: 0.9682;
2025-10-18 21:12:00,448 - INFO - spatial_LccAccuracy: 0.9207; spatial_PA: 0.9833; spatial_UA: 0.993; spatial_F1: 0.9881
2025-10-18 21:12:00,448 - INFO - temporal_CdAccuracy: 0.7439; temporal_PA: 0.9459; temporal_UA: 0.9404; temporal_F1: 0.9431
2025-10-18 21:12:00,449 - INFO - Confusion Matrix
 [78369.	  707.	    1.	   16.	    0.]
 [ 1553.	57414.	   77.	   28.	   74.]
 [    4.	  147.	 2474.	    0.	    0.]
 [   11.	    3.	    0.	 1461.	    0.]
 [  135.	   76.	    0.	    0.	11110.]
2025-10-18 21:12:00,450 - INFO - model saved 35 times, last saved epoch: 43.

2025-10-18 21:12:03,418 - INFO - Epoch 45, Train loss: 0.40263864323959586
2025-10-18 21:12:04,232 - INFO - mIoU: 0.96; OA: 0.9835; AA: 0.9757; F1: 0.9794; Kappa: 0.9716;
2025-10-18 21:12:04,233 - INFO - spatial_LccAccuracy: 0.9289; spatial_PA: 0.9833; spatial_UA: 0.993; spatial_F1: 0.9881
2025-10-18 21:12:04,233 - INFO - temporal_CdAccuracy: 0.7532; temporal_PA: 0.9495; temporal_UA: 0.9498; temporal_F1: 0.9496
2025-10-18 21:12:04,234 - INFO - Confusion Matrix
 [78090.	  981.	    4.	   17.	    1.]
 [ 1050.	57968.	   73.	    3.	   52.]
 [    3.	  155.	 2467.	    0.	    0.]
 [    6.	   12.	    0.	 1456.	    1.]
 [   70.	  107.	    0.	    0.	11144.]
2025-10-18 21:12:04,325 - INFO - Epoch 45 saved.
2025-10-18 21:12:04,325 - INFO - model saved 36 times, last saved epoch: 45.

2025-10-18 21:12:07,446 - INFO - Epoch 46, Train loss: 0.4022555475279411
2025-10-18 21:12:08,244 - INFO - mIoU: 0.9501; OA: 0.981; AA: 0.9632; F1: 0.9741; Kappa: 0.9672;
2025-10-18 21:12:08,244 - INFO - spatial_LccAccuracy: 0.9082; spatial_PA: 0.9787; spatial_UA: 0.9917; spatial_F1: 0.9851
2025-10-18 21:12:08,244 - INFO - temporal_CdAccuracy: 0.7368; temporal_PA: 0.9419; temporal_UA: 0.939; temporal_F1: 0.9404
2025-10-18 21:12:08,245 - INFO - Confusion Matrix
 [77503.	 1574.	    3.	   13.	    0.]
 [  741.	58349.	   34.	    0.	   22.]
 [    3.	  264.	 2358.	    0.	    0.]
 [    6.	   36.	    0.	 1433.	    0.]
 [  100.	  130.	    0.	    0.	11091.]
2025-10-18 21:12:08,246 - INFO - model saved 36 times, last saved epoch: 45.

2025-10-18 21:12:11,187 - INFO - Epoch 47, Train loss: 0.40164412326694277
2025-10-18 21:12:12,036 - INFO - mIoU: 0.953; OA: 0.9795; AA: 0.9743; F1: 0.9758; Kappa: 0.9646;
2025-10-18 21:12:12,037 - INFO - spatial_LccAccuracy: 0.9121; spatial_PA: 0.981; spatial_UA: 0.9905; spatial_F1: 0.9857
2025-10-18 21:12:12,037 - INFO - temporal_CdAccuracy: 0.722; temporal_PA: 0.9408; temporal_UA: 0.9265; temporal_F1: 0.9336
2025-10-18 21:12:12,038 - INFO - Confusion Matrix
 [78523.	  555.	    1.	   14.	    0.]
 [ 1987.	56970.	   98.	   28.	   63.]
 [    8.	  124.	 2493.	    0.	    0.]
 [   14.	    3.	    0.	 1458.	    0.]
 [  187.	   71.	    0.	    0.	11063.]
2025-10-18 21:12:12,039 - INFO - model saved 36 times, last saved epoch: 45.

2025-10-18 21:12:15,094 - INFO - Epoch 48, Train loss: 0.4009213638231621
2025-10-18 21:12:16,016 - INFO - mIoU: 0.957; OA: 0.9826; AA: 0.9733; F1: 0.9779; Kappa: 0.97;
2025-10-18 21:12:16,016 - INFO - spatial_LccAccuracy: 0.9278; spatial_PA: 0.9831; spatial_UA: 0.992; spatial_F1: 0.9875
2025-10-18 21:12:16,016 - INFO - temporal_CdAccuracy: 0.7458; temporal_PA: 0.9464; temporal_UA: 0.9465; temporal_F1: 0.9464
2025-10-18 21:12:16,017 - INFO - Confusion Matrix
 [78249.	  829.	    1.	   14.	    0.]
 [ 1273.	57753.	   66.	   16.	   38.]
 [    5.	  172.	 2448.	    0.	    0.]
 [   12.	    3.	    0.	 1460.	    0.]
 [  140.	  104.	    0.	    0.	11077.]
2025-10-18 21:12:16,018 - INFO - model saved 36 times, last saved epoch: 45.

2025-10-18 21:12:19,219 - INFO - Epoch 49, Train loss: 0.40088482432483885
2025-10-18 21:12:20,081 - INFO - mIoU: 0.9397; OA: 0.9796; AA: 0.9794; F1: 0.9685; Kappa: 0.965;
2025-10-18 21:12:20,081 - INFO - spatial_LccAccuracy: 0.8946; spatial_PA: 0.9821; spatial_UA: 0.9882; spatial_F1: 0.9851
2025-10-18 21:12:20,081 - INFO - temporal_CdAccuracy: 0.722; temporal_PA: 0.9436; temporal_UA: 0.9316; temporal_F1: 0.9376
2025-10-18 21:12:20,082 - INFO - Confusion Matrix
 [78098.	  982.	    2.	   11.	    0.]
 [ 1408.	57278.	  286.	   81.	   93.]
 [    5.	   69.	 2551.	    0.	    0.]
 [   23.	    0.	    0.	 1452.	    0.]
 [  110.	   59.	    0.	    0.	11152.]
2025-10-18 21:12:20,083 - INFO - model saved 36 times, last saved epoch: 45.

2025-10-18 21:12:22,991 - INFO - Epoch 50, Train loss: 0.40143361946810846
2025-10-18 21:12:23,913 - INFO - mIoU: 0.9601; OA: 0.9828; AA: 0.9755; F1: 0.9796; Kappa: 0.9704;
2025-10-18 21:12:23,913 - INFO - spatial_LccAccuracy: 0.9274; spatial_PA: 0.984; spatial_UA: 0.9922; spatial_F1: 0.9881
2025-10-18 21:12:23,913 - INFO - temporal_CdAccuracy: 0.7423; temporal_PA: 0.9509; temporal_UA: 0.9433; temporal_F1: 0.9471
2025-10-18 21:12:23,914 - INFO - Confusion Matrix
 [78308.	  769.	    1.	   15.	    0.]
 [ 1320.	57694.	   63.	    7.	   62.]
 [    3.	  141.	 2481.	    0.	    0.]
 [   10.	    8.	    0.	 1457.	    0.]
 [  161.	   77.	    0.	    0.	11083.]
2025-10-18 21:12:23,996 - INFO - Epoch 50 saved.
2025-10-18 21:12:23,997 - INFO - model saved 37 times, last saved epoch: 50.

2025-10-18 21:12:27,184 - INFO - Epoch 51, Train loss: 0.40091685960011453
2025-10-18 21:12:27,984 - INFO - mIoU: 0.9576; OA: 0.9815; AA: 0.9757; F1: 0.9782; Kappa: 0.9681;
2025-10-18 21:12:27,984 - INFO - spatial_LccAccuracy: 0.918; spatial_PA: 0.9787; spatial_UA: 0.9917; spatial_F1: 0.9851
2025-10-18 21:12:27,985 - INFO - temporal_CdAccuracy: 0.7278; temporal_PA: 0.9472; temporal_UA: 0.9332; temporal_F1: 0.9401
2025-10-18 21:12:27,986 - INFO - Confusion Matrix
 [78282.	  795.	    2.	   14.	    0.]
 [ 1496.	57450.	   63.	   19.	  118.]
 [    4.	  144.	 2477.	    0.	    0.]
 [   13.	    3.	    0.	 1459.	    0.]
 [  121.	   51.	    0.	    0.	11149.]
2025-10-18 21:12:27,986 - INFO - model saved 37 times, last saved epoch: 50.

2025-10-18 21:12:30,794 - INFO - Epoch 52, Train loss: 0.400280698671104
2025-10-18 21:12:31,622 - INFO - mIoU: 0.9609; OA: 0.9829; AA: 0.9752; F1: 0.9799; Kappa: 0.9705;
2025-10-18 21:12:31,622 - INFO - spatial_LccAccuracy: 0.9219; spatial_PA: 0.9824; spatial_UA: 0.9927; spatial_F1: 0.9875
2025-10-18 21:12:31,622 - INFO - temporal_CdAccuracy: 0.7466; temporal_PA: 0.9468; temporal_UA: 0.9446; temporal_F1: 0.9457
2025-10-18 21:12:31,623 - INFO - Confusion Matrix
 [77686.	 1392.	    2.	   13.	    0.]
 [  765.	58276.	   53.	    3.	   49.]
 [    3.	  173.	 2449.	    0.	    0.]
 [    6.	    9.	    0.	 1460.	    0.]
 [   74.	   88.	    0.	    0.	11159.]
2025-10-18 21:12:31,695 - INFO - Epoch 52 saved.
2025-10-18 21:12:31,696 - INFO - model saved 38 times, last saved epoch: 52.

2025-10-18 21:12:34,986 - INFO - Epoch 53, Train loss: 0.40047714632490405
2025-10-18 21:12:35,801 - INFO - mIoU: 0.9555; OA: 0.9809; AA: 0.9723; F1: 0.9771; Kappa: 0.967;
2025-10-18 21:12:35,801 - INFO - spatial_LccAccuracy: 0.9188; spatial_PA: 0.9772; spatial_UA: 0.9895; spatial_F1: 0.9833
2025-10-18 21:12:35,801 - INFO - temporal_CdAccuracy: 0.7419; temporal_PA: 0.941; temporal_UA: 0.9413; temporal_F1: 0.9411
2025-10-18 21:12:35,802 - INFO - Confusion Matrix
 [78502.	  579.	    1.	   11.	    0.]
 [ 1792.	57228.	   68.	   18.	   40.]
 [    8.	  150.	 2467.	    0.	    0.]
 [   22.	    3.	    0.	 1450.	    0.]
 [  163.	   80.	    0.	    0.	11078.]
2025-10-18 21:12:35,803 - INFO - model saved 38 times, last saved epoch: 52.

2025-10-18 21:12:38,995 - INFO - Epoch 54, Train loss: 0.399563980954034
2025-10-18 21:12:39,852 - INFO - mIoU: 0.9591; OA: 0.9824; AA: 0.9783; F1: 0.979; Kappa: 0.9697;
2025-10-18 21:12:39,852 - INFO - spatial_LccAccuracy: 0.9153; spatial_PA: 0.9831; spatial_UA: 0.992; spatial_F1: 0.9875
2025-10-18 21:12:39,852 - INFO - temporal_CdAccuracy: 0.7357; temporal_PA: 0.9546; temporal_UA: 0.9418; temporal_F1: 0.9481
2025-10-18 21:12:39,853 - INFO - Confusion Matrix
 [78019.	 1062.	    2.	   10.	    0.]
 [ 1101.	57826.	   98.	   15.	  106.]
 [    5.	  105.	 2515.	    0.	    0.]
 [   19.	    3.	    0.	 1453.	    0.]
 [  125.	   53.	    0.	    0.	11143.]
2025-10-18 21:12:39,854 - INFO - model saved 38 times, last saved epoch: 52.

2025-10-18 21:12:42,749 - INFO - Epoch 55, Train loss: 0.3987559629893451
2025-10-18 21:12:43,660 - INFO - mIoU: 0.9597; OA: 0.9827; AA: 0.9751; F1: 0.9793; Kappa: 0.9702;
2025-10-18 21:12:43,660 - INFO - spatial_LccAccuracy: 0.9184; spatial_PA: 0.9852; spatial_UA: 0.9934; spatial_F1: 0.9893
2025-10-18 21:12:43,660 - INFO - temporal_CdAccuracy: 0.7439; temporal_PA: 0.9479; temporal_UA: 0.9432; temporal_F1: 0.9455
2025-10-18 21:12:43,661 - INFO - Confusion Matrix
 [77582.	 1493.	    3.	   15.	    0.]
 [  671.	58359.	   51.	    8.	   57.]
 [    3.	  186.	 2436.	    0.	    0.]
 [    5.	    3.	    0.	 1467.	    0.]
 [   92.	   74.	    0.	    0.	11155.]
2025-10-18 21:12:43,662 - INFO - model saved 38 times, last saved epoch: 52.

2025-10-18 21:12:46,716 - INFO - Epoch 56, Train loss: 0.3990686637644442
2025-10-18 21:12:47,577 - INFO - mIoU: 0.9592; OA: 0.9824; AA: 0.9774; F1: 0.9791; Kappa: 0.9696;
2025-10-18 21:12:47,578 - INFO - spatial_LccAccuracy: 0.9145; spatial_PA: 0.9833; spatial_UA: 0.993; spatial_F1: 0.9881
2025-10-18 21:12:47,578 - INFO - temporal_CdAccuracy: 0.7427; temporal_PA: 0.9511; temporal_UA: 0.9426; temporal_F1: 0.9468
2025-10-18 21:12:47,579 - INFO - Confusion Matrix
 [77660.	 1415.	    2.	   16.	    0.]
 [  807.	58212.	   77.	   18.	   32.]
 [    3.	  138.	 2484.	    0.	    0.]
 [   10.	    3.	    0.	 1462.	    0.]
 [  113.	   76.	    0.	    0.	11132.]
2025-10-18 21:12:47,580 - INFO - model saved 38 times, last saved epoch: 52.

2025-10-18 21:12:50,601 - INFO - Epoch 57, Train loss: 0.39866980299446153
2025-10-18 21:12:51,450 - INFO - mIoU: 0.9601; OA: 0.9822; AA: 0.976; F1: 0.9795; Kappa: 0.9692;
2025-10-18 21:12:51,450 - INFO - spatial_LccAccuracy: 0.9196; spatial_PA: 0.9798; spatial_UA: 0.9929; spatial_F1: 0.9863
2025-10-18 21:12:51,450 - INFO - temporal_CdAccuracy: 0.7364; temporal_PA: 0.9518; temporal_UA: 0.9393; temporal_F1: 0.9455
2025-10-18 21:12:51,451 - INFO - Confusion Matrix
 [78371.	  702.	    3.	   17.	    0.]
 [ 1528.	57513.	   69.	    7.	   29.]
 [    3.	  137.	 2485.	    0.	    0.]
 [   11.	    3.	    0.	 1461.	    0.]
 [  142.	   91.	    0.	    0.	11088.]
2025-10-18 21:12:51,452 - INFO - model saved 38 times, last saved epoch: 52.

2025-10-18 21:12:54,664 - INFO - Epoch 58, Train loss: 0.3991640843219639
2025-10-18 21:12:55,563 - INFO - mIoU: 0.9623; OA: 0.9835; AA: 0.9801; F1: 0.9807; Kappa: 0.9717;
2025-10-18 21:12:55,563 - INFO - spatial_LccAccuracy: 0.9203; spatial_PA: 0.9845; spatial_UA: 0.9942; spatial_F1: 0.9893
2025-10-18 21:12:55,563 - INFO - temporal_CdAccuracy: 0.7435; temporal_PA: 0.9532; temporal_UA: 0.9471; temporal_F1: 0.9502
2025-10-18 21:12:55,564 - INFO - Confusion Matrix
 [77997.	 1079.	    3.	   14.	    0.]
 [  986.	57993.	  100.	    7.	   60.]
 [    3.	  112.	 2510.	    0.	    0.]
 [    9.	    4.	    0.	 1462.	    0.]
 [   77.	   75.	    0.	    0.	11169.]
2025-10-18 21:12:55,629 - INFO - Epoch 58 saved.
2025-10-18 21:12:55,630 - INFO - model saved 39 times, last saved epoch: 58.

2025-10-18 21:12:58,747 - INFO - Epoch 59, Train loss: 0.3970343476126653
2025-10-18 21:12:59,640 - INFO - mIoU: 0.9599; OA: 0.9837; AA: 0.9821; F1: 0.9794; Kappa: 0.972;
2025-10-18 21:12:59,641 - INFO - spatial_LccAccuracy: 0.9278; spatial_PA: 0.9798; spatial_UA: 0.9929; spatial_F1: 0.9863
2025-10-18 21:12:59,641 - INFO - temporal_CdAccuracy: 0.7462; temporal_PA: 0.9552; temporal_UA: 0.9426; temporal_F1: 0.9489
2025-10-18 21:12:59,642 - INFO - Confusion Matrix
 [78241.	  831.	    4.	   17.	    0.]
 [ 1109.	57750.	  128.	   16.	  143.]
 [    4.	   88.	 2533.	    0.	    0.]
 [    6.	    4.	    0.	 1465.	    0.]
 [   96.	   53.	    0.	    0.	11172.]
2025-10-18 21:12:59,643 - INFO - model saved 39 times, last saved epoch: 58.

2025-10-18 21:13:02,650 - INFO - Epoch 60, Train loss: 0.3984227086076085
2025-10-18 21:13:03,476 - INFO - mIoU: 0.9547; OA: 0.9815; AA: 0.9685; F1: 0.9766; Kappa: 0.9682;
2025-10-18 21:13:03,477 - INFO - spatial_LccAccuracy: 0.9114; spatial_PA: 0.9836; spatial_UA: 0.9939; spatial_F1: 0.9887
2025-10-18 21:13:03,477 - INFO - temporal_CdAccuracy: 0.7376; temporal_PA: 0.9508; temporal_UA: 0.9371; temporal_F1: 0.9439
2025-10-18 21:13:03,478 - INFO - Confusion Matrix
 [77560.	 1522.	    0.	   11.	    0.]
 [  739.	58345.	   43.	    7.	   12.]
 [    5.	  226.	 2394.	    0.	    0.]
 [   11.	   10.	    0.	 1454.	    0.]
 [  130.	  123.	    0.	    0.	11068.]
2025-10-18 21:13:03,479 - INFO - model saved 39 times, last saved epoch: 58.

2025-10-18 21:13:06,389 - INFO - Epoch 61, Train loss: 0.39777739336771994
2025-10-18 21:13:07,232 - INFO - mIoU: 0.9593; OA: 0.9826; AA: 0.9735; F1: 0.979; Kappa: 0.97;
2025-10-18 21:13:07,232 - INFO - spatial_LccAccuracy: 0.9172; spatial_PA: 0.9852; spatial_UA: 0.9934; spatial_F1: 0.9893
2025-10-18 21:13:07,232 - INFO - temporal_CdAccuracy: 0.7442; temporal_PA: 0.9487; temporal_UA: 0.9419; temporal_F1: 0.9452
2025-10-18 21:13:07,233 - INFO - Confusion Matrix
 [77622.	 1452.	    3.	   16.	    0.]
 [  714.	58361.	   50.	    3.	   18.]
 [    3.	  186.	 2436.	    0.	    0.]
 [    7.	    7.	    0.	 1461.	    0.]
 [  101.	  115.	    0.	    0.	11105.]
2025-10-18 21:13:07,234 - INFO - model saved 39 times, last saved epoch: 58.

2025-10-18 21:13:10,110 - INFO - Epoch 62, Train loss: 0.3975675933479522
2025-10-18 21:13:10,970 - INFO - mIoU: 0.9577; OA: 0.9837; AA: 0.9758; F1: 0.9782; Kappa: 0.9719;
2025-10-18 21:13:10,970 - INFO - spatial_LccAccuracy: 0.9176; spatial_PA: 0.9847; spatial_UA: 0.9915; spatial_F1: 0.9881
2025-10-18 21:13:10,971 - INFO - temporal_CdAccuracy: 0.7427; temporal_PA: 0.9519; temporal_UA: 0.9451; temporal_F1: 0.9485
2025-10-18 21:13:10,972 - INFO - Confusion Matrix
 [78073.	 1004.	    3.	   13.	    0.]
 [ 1032.	57977.	   71.	   30.	   36.]
 [    3.	  151.	 2471.	    0.	    0.]
 [   22.	    3.	    0.	 1450.	    0.]
 [   55.	   88.	    0.	    0.	11178.]
2025-10-18 21:13:10,972 - INFO - model saved 39 times, last saved epoch: 58.

2025-10-18 21:13:14,301 - INFO - Epoch 63, Train loss: 0.39774419376568765
2025-10-18 21:13:15,156 - INFO - mIoU: 0.9604; OA: 0.9834; AA: 0.976; F1: 0.9796; Kappa: 0.9715;
2025-10-18 21:13:15,156 - INFO - spatial_LccAccuracy: 0.9192; spatial_PA: 0.9871; spatial_UA: 0.9939; spatial_F1: 0.9905
2025-10-18 21:13:15,157 - INFO - temporal_CdAccuracy: 0.7454; temporal_PA: 0.949; temporal_UA: 0.9443; temporal_F1: 0.9467
2025-10-18 21:13:15,157 - INFO - Confusion Matrix
 [77764.	 1312.	    3.	   14.	    0.]
 [  762.	58273.	   62.	   11.	   38.]
 [    3.	  169.	 2453.	    0.	    0.]
 [   10.	    3.	    0.	 1462.	    0.]
 [   71.	   86.	    0.	    0.	11164.]
2025-10-18 21:13:15,158 - INFO - model saved 39 times, last saved epoch: 58.

2025-10-18 21:13:18,400 - INFO - Epoch 64, Train loss: 0.3973359441535073
2025-10-18 21:13:19,224 - INFO - mIoU: 0.9611; OA: 0.9837; AA: 0.9751; F1: 0.9801; Kappa: 0.9719;
2025-10-18 21:13:19,224 - INFO - spatial_LccAccuracy: 0.92; spatial_PA: 0.9824; spatial_UA: 0.9927; spatial_F1: 0.9875
2025-10-18 21:13:19,225 - INFO - temporal_CdAccuracy: 0.745; temporal_PA: 0.9546; temporal_UA: 0.9438; temporal_F1: 0.9491
2025-10-18 21:13:19,225 - INFO - Confusion Matrix
 [78193.	  888.	    1.	   11.	    0.]
 [ 1113.	57925.	   53.	    9.	   46.]
 [    6.	  149.	 2470.	    0.	    0.]
 [   19.	    3.	    0.	 1453.	    0.]
 [  130.	   80.	    0.	    0.	11111.]
2025-10-18 21:13:19,226 - INFO - model saved 39 times, last saved epoch: 58.

2025-10-18 21:13:22,477 - INFO - Epoch 65, Train loss: 0.3982455173264379
2025-10-18 21:13:23,332 - INFO - mIoU: 0.961; OA: 0.9837; AA: 0.9775; F1: 0.9799; Kappa: 0.9719;
2025-10-18 21:13:23,333 - INFO - spatial_LccAccuracy: 0.9184; spatial_PA: 0.9817; spatial_UA: 0.9934; spatial_F1: 0.9875
2025-10-18 21:13:23,333 - INFO - temporal_CdAccuracy: 0.7478; temporal_PA: 0.9517; temporal_UA: 0.9442; temporal_F1: 0.948
2025-10-18 21:13:23,334 - INFO - Confusion Matrix
 [77969.	 1102.	    6.	   16.	    0.]
 [  939.	58087.	   82.	    7.	   31.]
 [    2.	  147.	 2476.	    0.	    0.]
 [    6.	    7.	    0.	 1462.	    0.]
 [   77.	   88.	    0.	    0.	11156.]
2025-10-18 21:13:23,335 - INFO - model saved 39 times, last saved epoch: 58.

2025-10-18 21:13:26,512 - INFO - Epoch 66, Train loss: 0.3960353978302168
2025-10-18 21:13:27,357 - INFO - mIoU: 0.963; OA: 0.9838; AA: 0.9796; F1: 0.981; Kappa: 0.9721;
2025-10-18 21:13:27,357 - INFO - spatial_LccAccuracy: 0.9184; spatial_PA: 0.9836; spatial_UA: 0.9939; spatial_F1: 0.9887
2025-10-18 21:13:27,358 - INFO - temporal_CdAccuracy: 0.7478; temporal_PA: 0.9546; temporal_UA: 0.9442; temporal_F1: 0.9494
2025-10-18 21:13:27,359 - INFO - Confusion Matrix
 [77834.	 1243.	    3.	   13.	    0.]
 [  805.	58206.	   84.	    8.	   43.]
 [    3.	  135.	 2487.	    0.	    0.]
 [    4.	    3.	    0.	 1468.	    0.]
 [   73.	   75.	    0.	    0.	11173.]
2025-10-18 21:13:27,421 - INFO - Epoch 66 saved.
2025-10-18 21:13:27,422 - INFO - model saved 40 times, last saved epoch: 66.

2025-10-18 21:13:30,527 - INFO - Epoch 67, Train loss: 0.39799226496530615
2025-10-18 21:13:31,430 - INFO - mIoU: 0.952; OA: 0.9818; AA: 0.9762; F1: 0.9752; Kappa: 0.9687;
2025-10-18 21:13:31,430 - INFO - spatial_LccAccuracy: 0.9153; spatial_PA: 0.9838; spatial_UA: 0.9913; spatial_F1: 0.9875
2025-10-18 21:13:31,430 - INFO - temporal_CdAccuracy: 0.7372; temporal_PA: 0.9529; temporal_UA: 0.9383; temporal_F1: 0.9455
2025-10-18 21:13:31,431 - INFO - Confusion Matrix
 [78389.	  691.	    3.	   10.	    0.]
 [ 1493.	57431.	  157.	   34.	   31.]
 [    3.	  110.	 2512.	    0.	    0.]
 [   24.	    2.	    0.	 1449.	    0.]
 [  164.	   67.	    0.	    0.	11090.]
2025-10-18 21:13:31,432 - INFO - model saved 40 times, last saved epoch: 66.

2025-10-18 21:13:34,641 - INFO - Epoch 68, Train loss: 0.39731134668640467
2025-10-18 21:13:35,483 - INFO - mIoU: 0.9618; OA: 0.983; AA: 0.9773; F1: 0.9804; Kappa: 0.9708;
2025-10-18 21:13:35,484 - INFO - spatial_LccAccuracy: 0.9188; spatial_PA: 0.9759; spatial_UA: 0.991; spatial_F1: 0.9834
2025-10-18 21:13:35,484 - INFO - temporal_CdAccuracy: 0.7454; temporal_PA: 0.9504; temporal_UA: 0.9432; temporal_F1: 0.9468
2025-10-18 21:13:35,485 - INFO - Confusion Matrix
 [78084.	  993.	    3.	   13.	    0.]
 [ 1126.	57891.	   81.	    0.	   48.]
 [    3.	  134.	 2488.	    0.	    0.]
 [   10.	    6.	    0.	 1459.	    0.]
 [  112.	   76.	    0.	    0.	11133.]
2025-10-18 21:13:35,486 - INFO - model saved 40 times, last saved epoch: 66.

2025-10-18 21:13:38,632 - INFO - Epoch 69, Train loss: 0.39776066001157584
2025-10-18 21:13:39,558 - INFO - mIoU: 0.9544; OA: 0.9825; AA: 0.9668; F1: 0.9764; Kappa: 0.9698;
2025-10-18 21:13:39,558 - INFO - spatial_LccAccuracy: 0.9176; spatial_PA: 0.9819; spatial_UA: 0.9908; spatial_F1: 0.9863
2025-10-18 21:13:39,559 - INFO - temporal_CdAccuracy: 0.7513; temporal_PA: 0.9455; temporal_UA: 0.9512; temporal_F1: 0.9483
2025-10-18 21:13:39,559 - INFO - Confusion Matrix
 [78264.	  815.	    2.	   12.	    0.]
 [ 1292.	57780.	   42.	    0.	   32.]
 [    3.	  232.	 2390.	    0.	    0.]
 [    8.	   26.	    0.	 1441.	    0.]
 [  131.	   93.	    0.	    0.	11097.]
2025-10-18 21:13:39,560 - INFO - model saved 40 times, last saved epoch: 66.

2025-10-18 21:13:42,797 - INFO - Epoch 70, Train loss: 0.3986671148620037
2025-10-18 21:13:43,615 - INFO - mIoU: 0.962; OA: 0.9841; AA: 0.9737; F1: 0.9805; Kappa: 0.9726;
2025-10-18 21:13:43,615 - INFO - spatial_LccAccuracy: 0.9258; spatial_PA: 0.9824; spatial_UA: 0.9927; spatial_F1: 0.9875
2025-10-18 21:13:43,616 - INFO - temporal_CdAccuracy: 0.7587; temporal_PA: 0.954; temporal_UA: 0.9514; temporal_F1: 0.9527
2025-10-18 21:13:43,616 - INFO - Confusion Matrix
 [78279.	  802.	    2.	   10.	    0.]
 [ 1164.	57908.	   44.	    0.	   30.]
 [    2.	  174.	 2449.	    0.	    0.]
 [    9.	   16.	    0.	 1450.	    0.]
 [  101.	   84.	    0.	    0.	11136.]
2025-10-18 21:13:43,617 - INFO - model saved 40 times, last saved epoch: 66.

2025-10-18 21:13:46,699 - INFO - Epoch 71, Train loss: 0.3962477465964252
2025-10-18 21:13:47,569 - INFO - mIoU: 0.962; OA: 0.984; AA: 0.9752; F1: 0.9805; Kappa: 0.9725;
2025-10-18 21:13:47,569 - INFO - spatial_LccAccuracy: 0.9293; spatial_PA: 0.9833; spatial_UA: 0.993; spatial_F1: 0.9881
2025-10-18 21:13:47,569 - INFO - temporal_CdAccuracy: 0.7544; temporal_PA: 0.9549; temporal_UA: 0.9477; temporal_F1: 0.9513
2025-10-18 21:13:47,570 - INFO - Confusion Matrix
 [78374.	  704.	    2.	   13.	    0.]
 [ 1265.	57800.	   53.	    5.	   23.]
 [    3.	  162.	 2460.	    0.	    0.]
 [   10.	    6.	    0.	 1459.	    0.]
 [  125.	   82.	    0.	    0.	11114.]
2025-10-18 21:13:47,571 - INFO - model saved 40 times, last saved epoch: 66.

2025-10-18 21:13:50,601 - INFO - Epoch 72, Train loss: 0.3949770440596231
2025-10-18 21:13:51,442 - INFO - mIoU: 0.9606; OA: 0.9834; AA: 0.9796; F1: 0.9798; Kappa: 0.9714;
2025-10-18 21:13:51,442 - INFO - spatial_LccAccuracy: 0.9219; spatial_PA: 0.9808; spatial_UA: 0.9932; spatial_F1: 0.9869
2025-10-18 21:13:51,442 - INFO - temporal_CdAccuracy: 0.7474; temporal_PA: 0.9528; temporal_UA: 0.9465; temporal_F1: 0.9496
2025-10-18 21:13:51,443 - INFO - Confusion Matrix
 [78318.	  759.	    2.	   14.	    0.]
 [ 1293.	57674.	   95.	   21.	   63.]
 [    4.	  109.	 2512.	    0.	    0.]
 [   10.	    3.	    0.	 1462.	    0.]
 [  111.	   64.	    0.	    0.	11146.]
2025-10-18 21:13:51,444 - INFO - model saved 40 times, last saved epoch: 66.

2025-10-18 21:13:54,502 - INFO - Epoch 73, Train loss: 0.39636347438237685
2025-10-18 21:13:55,314 - INFO - mIoU: 0.9629; OA: 0.9843; AA: 0.9775; F1: 0.981; Kappa: 0.9729;
2025-10-18 21:13:55,314 - INFO - spatial_LccAccuracy: 0.9239; spatial_PA: 0.9843; spatial_UA: 0.9932; spatial_F1: 0.9887
2025-10-18 21:13:55,315 - INFO - temporal_CdAccuracy: 0.747; temporal_PA: 0.9577; temporal_UA: 0.9472; temporal_F1: 0.9524
2025-10-18 21:13:55,315 - INFO - Confusion Matrix
 [77983.	 1091.	    3.	   16.	    0.]
 [  880.	58164.	   57.	    7.	   38.]
 [    2.	  149.	 2474.	    0.	    0.]
 [    9.	    6.	    0.	 1460.	    0.]
 [   82.	   76.	    0.	    0.	11163.]
2025-10-18 21:13:55,316 - INFO - model saved 40 times, last saved epoch: 66.

2025-10-18 21:13:58,558 - INFO - Epoch 74, Train loss: 0.3953243133074008
2025-10-18 21:13:59,447 - INFO - mIoU: 0.9631; OA: 0.9834; AA: 0.9802; F1: 0.9811; Kappa: 0.9714;
2025-10-18 21:13:59,448 - INFO - spatial_LccAccuracy: 0.9223; spatial_PA: 0.9827; spatial_UA: 0.9937; spatial_F1: 0.9881
2025-10-18 21:13:59,448 - INFO - temporal_CdAccuracy: 0.7462; temporal_PA: 0.9476; temporal_UA: 0.9444; temporal_F1: 0.946
2025-10-18 21:13:59,449 - INFO - Confusion Matrix
 [77653.	 1421.	    3.	   15.	    1.]
 [  713.	58309.	   77.	   13.	   34.]
 [    2.	  126.	 2497.	    0.	    0.]
 [    5.	    3.	    0.	 1467.	    0.]
 [   62.	   78.	    0.	    0.	11181.]
2025-10-18 21:13:59,520 - INFO - Epoch 74 saved.
2025-10-18 21:13:59,521 - INFO - model saved 41 times, last saved epoch: 74.

