2025-10-18 21:47:17,829 - INFO - Epoch 0, Train loss: 2.1266645111652633
2025-10-18 21:47:18,724 - INFO - mIoU: 0.0665; OA: 0.1649; AA: 0.1925; F1: 0.1189; Kappa: -0.0044;
2025-10-18 21:47:18,724 - INFO - spatial_LccAccuracy: 0.0; spatial_PA: 0.5; spatial_UA: 0.6471; spatial_F1: 0.5641
2025-10-18 21:47:18,724 - INFO - temporal_CdAccuracy: 0.0; temporal_PA: 0.6506; temporal_UA: 0.5181; temporal_F1: 0.5768
2025-10-18 21:47:18,725 - INFO - Confusion Matrix
 [16701.	 8860.	13369.	19360.	21298.]
 [11903.	 5170.	12851.	10438.	18189.]
 [  367.	  434.	  766.	  449.	  860.]
 [  411.	  149.	  317.	  287.	  435.]
 [ 1272.	 1168.	 1806.	 4386.	 2414.]
2025-10-18 21:47:18,786 - INFO - Epoch 0 saved.
2025-10-18 21:47:18,787 - INFO - model saved 1 times, last saved epoch: 0.

2025-10-18 21:47:21,745 - INFO - Epoch 1, Train loss: 2.063944367148121
2025-10-18 21:47:22,579 - INFO - mIoU: 0.1298; OA: 0.3868; AA: 0.2239; F1: 0.2034; Kappa: 0.059;
2025-10-18 21:47:22,580 - INFO - spatial_LccAccuracy: 0.0051; spatial_PA: 0.4953; spatial_UA: 0.4172; spatial_F1: 0.4529
2025-10-18 21:47:22,580 - INFO - temporal_CdAccuracy: 0.0004; temporal_PA: 0.529; temporal_UA: 0.508; temporal_F1: 0.5183
2025-10-18 21:47:22,581 - INFO - Confusion Matrix
 [45315.	14563.	 4884.	 6030.	 8796.]
 [26063.	11707.	 5830.	 4004.	10947.]
 [  767.	  831.	  308.	  181.	  789.]
 [  868.	  242.	  134.	   97.	  258.]
 [ 5207.	 1616.	  828.	 1380.	 2015.]
2025-10-18 21:47:22,644 - INFO - Epoch 1 saved.
2025-10-18 21:47:22,644 - INFO - model saved 2 times, last saved epoch: 1.

2025-10-18 21:47:25,856 - INFO - Epoch 2, Train loss: 1.8715154117679003
2025-10-18 21:47:26,727 - INFO - mIoU: 0.1515; OA: 0.5648; AA: 0.2345; F1: 0.2147; Kappa: 0.1425;
2025-10-18 21:47:26,727 - INFO - spatial_LccAccuracy: 0.1367; spatial_PA: 0.4571; spatial_UA: 0.4504; spatial_F1: 0.4537
2025-10-18 21:47:26,727 - INFO - temporal_CdAccuracy: 0.0215; temporal_PA: 0.498; temporal_UA: 0.4986; temporal_F1: 0.4983
2025-10-18 21:47:26,728 - INFO - Confusion Matrix
 [73605.	 5622.	  105.	   78.	  178.]
 [44048.	12940.	  253.	  289.	 1021.]
 [ 1455.	 1178.	   14.	   35.	  194.]
 [ 1469.	  116.	    4.	    3.	    7.]
 [10257.	  550.	    8.	   11.	  220.]
2025-10-18 21:47:26,791 - INFO - Epoch 2 saved.
2025-10-18 21:47:26,792 - INFO - model saved 3 times, last saved epoch: 2.

2025-10-18 21:47:29,960 - INFO - Epoch 3, Train loss: 1.4822108593786725
2025-10-18 21:47:30,876 - INFO - mIoU: 0.2582; OA: 0.7447; AA: 0.3297; F1: 0.5262; Kappa: 0.5228;
2025-10-18 21:47:30,877 - INFO - spatial_LccAccuracy: 0.1781; spatial_PA: 0.6405; spatial_UA: 0.7365; spatial_F1: 0.6851
2025-10-18 21:47:30,877 - INFO - temporal_CdAccuracy: 0.0816; temporal_PA: 0.5707; temporal_UA: 0.5376; temporal_F1: 0.5537
2025-10-18 21:47:30,878 - INFO - Confusion Matrix
 [69102.	10486.	    0.	    0.	    0.]
 [13294.	45235.	   11.	    3.	    8.]
 [  346.	 2529.	    0.	    1.	    0.]
 [ 1476.	  123.	    0.	    0.	    0.]
 [10208.	  751.	    0.	    0.	   87.]
2025-10-18 21:47:30,946 - INFO - Epoch 3 saved.
2025-10-18 21:47:30,947 - INFO - model saved 4 times, last saved epoch: 3.

2025-10-18 21:47:33,962 - INFO - Epoch 4, Train loss: 1.0990822818708716
2025-10-18 21:47:34,812 - INFO - mIoU: 0.3894; OA: 0.8458; AA: 0.4424; F1: 0.7719; Kappa: 0.7197;
2025-10-18 21:47:34,812 - INFO - spatial_LccAccuracy: 0.2593; spatial_PA: 0.7439; spatial_UA: 0.8134; spatial_F1: 0.7771
2025-10-18 21:47:34,812 - INFO - temporal_CdAccuracy: 0.1589; temporal_PA: 0.6059; temporal_UA: 0.5667; temporal_F1: 0.5857
2025-10-18 21:47:34,813 - INFO - Confusion Matrix
 [73479.	 6109.	    0.	    0.	    0.]
 [ 6476.	52075.	    0.	    0.	    0.]
 [   97.	 2779.	    0.	    0.	    0.]
 [ 1408.	  191.	    0.	    0.	    0.]
 [ 5774.	  855.	    0.	    3.	 4414.]
2025-10-18 21:47:34,876 - INFO - Epoch 4 saved.
2025-10-18 21:47:34,877 - INFO - model saved 5 times, last saved epoch: 4.

2025-10-18 21:47:38,069 - INFO - Epoch 5, Train loss: 0.8695900295832142
2025-10-18 21:47:38,896 - INFO - mIoU: 0.5052; OA: 0.9001; AA: 0.5429; F1: 0.914; Kappa: 0.8227;
2025-10-18 21:47:38,896 - INFO - spatial_LccAccuracy: 0.4459; spatial_PA: 0.7455; spatial_UA: 0.7421; spatial_F1: 0.7438
2025-10-18 21:47:38,897 - INFO - temporal_CdAccuracy: 0.2921; temporal_PA: 0.64; temporal_UA: 0.6442; temporal_F1: 0.6421
2025-10-18 21:47:38,897 - INFO - Confusion Matrix
 [75603.	 3984.	    0.	    1.	    0.]
 [ 5296.	53252.	    1.	    2.	    0.]
 [   53.	 2823.	    0.	    0.	    0.]
 [ 1156.	  443.	    0.	    0.	    0.]
 [ 1278.	  320.	    0.	    1.	 9447.]
2025-10-18 21:47:38,961 - INFO - Epoch 5 saved.
2025-10-18 21:47:38,962 - INFO - model saved 6 times, last saved epoch: 5.

2025-10-18 21:47:41,934 - INFO - Epoch 6, Train loss: 0.7918837037145722
2025-10-18 21:47:42,708 - INFO - mIoU: 0.5216; OA: 0.9121; AA: 0.5559; F1: 0.5617; Kappa: 0.8445;
2025-10-18 21:47:42,708 - INFO - spatial_LccAccuracy: 0.5154; spatial_PA: 0.7538; spatial_UA: 0.7503; spatial_F1: 0.7521
2025-10-18 21:47:42,708 - INFO - temporal_CdAccuracy: 0.3803; temporal_PA: 0.6756; temporal_UA: 0.7076; temporal_F1: 0.6912
2025-10-18 21:47:42,709 - INFO - Confusion Matrix
 [76066.	 3521.	    1.	    0.	    0.]
 [ 4244.	54305.	    0.	    2.	    0.]
 [   76.	 2774.	   26.	    0.	    0.]
 [ 1081.	  511.	    0.	    7.	    0.]
 [  979.	  314.	    0.	    0.	 9753.]
2025-10-18 21:47:42,780 - INFO - Epoch 6 saved.
2025-10-18 21:47:42,781 - INFO - model saved 7 times, last saved epoch: 6.

2025-10-18 21:47:46,080 - INFO - Epoch 7, Train loss: 0.7343286653483136
2025-10-18 21:47:47,030 - INFO - mIoU: 0.5688; OA: 0.9216; AA: 0.5993; F1: 0.6351; Kappa: 0.8614;
2025-10-18 21:47:47,031 - INFO - spatial_LccAccuracy: 0.5841; spatial_PA: 0.8589; spatial_UA: 0.8215; spatial_F1: 0.8398
2025-10-18 21:47:47,031 - INFO - temporal_CdAccuracy: 0.4522; temporal_PA: 0.6932; temporal_UA: 0.7316; temporal_F1: 0.7119
2025-10-18 21:47:47,032 - INFO - Confusion Matrix
 [77337.	 2250.	    0.	    1.	    0.]
 [ 4704.	53838.	    5.	    4.	    0.]
 [   95.	 2388.	  393.	    0.	    0.]
 [ 1016.	  473.	    0.	  110.	    0.]
 [  854.	  250.	    0.	    0.	 9942.]
2025-10-18 21:47:47,129 - INFO - Epoch 7 saved.
2025-10-18 21:47:47,130 - INFO - model saved 8 times, last saved epoch: 7.

2025-10-18 21:47:50,521 - INFO - Epoch 8, Train loss: 0.6257827759529493
2025-10-18 21:47:51,430 - INFO - mIoU: 0.7019; OA: 0.9392; AA: 0.7279; F1: 0.7969; Kappa: 0.8937;
2025-10-18 21:47:51,430 - INFO - spatial_LccAccuracy: 0.6505; spatial_PA: 0.9227; spatial_UA: 0.8659; spatial_F1: 0.8934
2025-10-18 21:47:51,430 - INFO - temporal_CdAccuracy: 0.5201; temporal_PA: 0.75; temporal_UA: 0.7761; temporal_F1: 0.7629
2025-10-18 21:47:51,431 - INFO - Confusion Matrix
 [76829.	 2756.	    0.	    2.	    1.]
 [ 3020.	55501.	   16.	   12.	    2.]
 [   53.	 1414.	 1409.	    0.	    0.]
 [  673.	  406.	    0.	  520.	    0.]
 [  689.	  293.	    1.	    0.	10063.]
2025-10-18 21:47:51,501 - INFO - Epoch 8 saved.
2025-10-18 21:47:51,502 - INFO - model saved 9 times, last saved epoch: 8.

2025-10-18 21:47:54,622 - INFO - Epoch 9, Train loss: 0.5911904658590045
2025-10-18 21:47:55,473 - INFO - mIoU: 0.7749; OA: 0.9476; AA: 0.8019; F1: 0.8602; Kappa: 0.9089;
2025-10-18 21:47:55,473 - INFO - spatial_LccAccuracy: 0.6747; spatial_PA: 0.934; spatial_UA: 0.8764; spatial_F1: 0.9043
2025-10-18 21:47:55,474 - INFO - temporal_CdAccuracy: 0.549; temporal_PA: 0.792; temporal_UA: 0.8065; temporal_F1: 0.7992
2025-10-18 21:47:55,474 - INFO - Confusion Matrix
 [76035.	 3528.	    4.	    7.	   14.]
 [ 1867.	56606.	   28.	   39.	   11.]
 [   20.	  882.	 1971.	    3.	    0.]
 [  503.	  335.	    0.	  761.	    0.]
 [  510.	  306.	    2.	    0.	10228.]
2025-10-18 21:47:55,537 - INFO - Epoch 9 saved.
2025-10-18 21:47:55,537 - INFO - model saved 10 times, last saved epoch: 9.

2025-10-18 21:47:58,669 - INFO - Epoch 10, Train loss: 0.5634792065768508
2025-10-18 21:47:59,481 - INFO - mIoU: 0.8228; OA: 0.9556; AA: 0.8483; F1: 0.8957; Kappa: 0.923;
2025-10-18 21:47:59,481 - INFO - spatial_LccAccuracy: 0.722; spatial_PA: 0.9281; spatial_UA: 0.8793; spatial_F1: 0.903
2025-10-18 21:47:59,481 - INFO - temporal_CdAccuracy: 0.5931; temporal_PA: 0.8197; temporal_UA: 0.8332; temporal_F1: 0.8264
2025-10-18 21:47:59,481 - INFO - Confusion Matrix
 [77313.	 2257.	    3.	    8.	    7.]
 [ 2407.	56032.	   35.	   60.	   17.]
 [   31.	  561.	 2283.	    1.	    0.]
 [  499.	  158.	    0.	  942.	    0.]
 [  519.	  250.	    2.	    0.	10275.]
2025-10-18 21:47:59,545 - INFO - Epoch 10 saved.
2025-10-18 21:47:59,546 - INFO - model saved 11 times, last saved epoch: 10.

2025-10-18 21:48:02,493 - INFO - Epoch 11, Train loss: 0.5364092329274053
2025-10-18 21:48:03,259 - INFO - mIoU: 0.8467; OA: 0.961; AA: 0.8739; F1: 0.9113; Kappa: 0.9325;
2025-10-18 21:48:03,259 - INFO - spatial_LccAccuracy: 0.747; spatial_PA: 0.9378; spatial_UA: 0.9104; spatial_F1: 0.9239
2025-10-18 21:48:03,260 - INFO - temporal_CdAccuracy: 0.6294; temporal_PA: 0.8447; temporal_UA: 0.8541; temporal_F1: 0.8494
2025-10-18 21:48:03,261 - INFO - Confusion Matrix
 [77245.	 2322.	    5.	   12.	    4.]
 [ 1875.	56505.	   52.	   78.	   41.]
 [   13.	  422.	 2440.	    1.	    0.]
 [  377.	  200.	    0.	 1022.	    0.]
 [  353.	  236.	    1.	    1.	10455.]
2025-10-18 21:48:03,323 - INFO - Epoch 11 saved.
2025-10-18 21:48:03,324 - INFO - model saved 12 times, last saved epoch: 11.

2025-10-18 21:48:06,518 - INFO - Epoch 12, Train loss: 0.5146555132377222
2025-10-18 21:48:07,280 - INFO - mIoU: 0.858; OA: 0.9628; AA: 0.8837; F1: 0.919; Kappa: 0.9356;
2025-10-18 21:48:07,280 - INFO - spatial_LccAccuracy: 0.7595; spatial_PA: 0.955; spatial_UA: 0.9303; spatial_F1: 0.9425
2025-10-18 21:48:07,281 - INFO - temporal_CdAccuracy: 0.6373; temporal_PA: 0.8548; temporal_UA: 0.8622; temporal_F1: 0.8585
2025-10-18 21:48:07,281 - INFO - Confusion Matrix
 [77061.	 2511.	    3.	   12.	    1.]
 [ 1577.	56827.	   37.	   76.	   34.]
 [   11.	  402.	 2463.	    0.	    0.]
 [  339.	  186.	    0.	 1074.	    0.]
 [  291.	  240.	    1.	    0.	10514.]
2025-10-18 21:48:07,362 - INFO - Epoch 12 saved.
2025-10-18 21:48:07,363 - INFO - model saved 13 times, last saved epoch: 12.

2025-10-18 21:48:10,531 - INFO - Epoch 13, Train loss: 0.503633752928017
2025-10-18 21:48:11,375 - INFO - mIoU: 0.8743; OA: 0.9668; AA: 0.9017; F1: 0.9295; Kappa: 0.9426;
2025-10-18 21:48:11,375 - INFO - spatial_LccAccuracy: 0.7735; spatial_PA: 0.9505; spatial_UA: 0.943; spatial_F1: 0.9467
2025-10-18 21:48:11,375 - INFO - temporal_CdAccuracy: 0.6478; temporal_PA: 0.875; temporal_UA: 0.8722; temporal_F1: 0.8736
2025-10-18 21:48:11,376 - INFO - Confusion Matrix
 [77977.	 1587.	    3.	   17.	    4.]
 [ 2054.	56308.	   46.	  105.	   38.]
 [   10.	  346.	 2520.	    0.	    0.]
 [  283.	  145.	    0.	 1171.	    0.]
 [  238.	  218.	    0.	    0.	10590.]
2025-10-18 21:48:11,504 - INFO - Epoch 13 saved.
2025-10-18 21:48:11,504 - INFO - model saved 14 times, last saved epoch: 13.

2025-10-18 21:48:14,787 - INFO - Epoch 14, Train loss: 0.4904329880424168
2025-10-18 21:48:15,680 - INFO - mIoU: 0.8868; OA: 0.9683; AA: 0.9156; F1: 0.9375; Kappa: 0.9453;
2025-10-18 21:48:15,681 - INFO - spatial_LccAccuracy: 0.7899; spatial_PA: 0.964; spatial_UA: 0.97; spatial_F1: 0.967
2025-10-18 21:48:15,681 - INFO - temporal_CdAccuracy: 0.6548; temporal_PA: 0.8826; temporal_UA: 0.8721; temporal_F1: 0.8773
2025-10-18 21:48:15,682 - INFO - Confusion Matrix
 [77074.	 2462.	    5.	   29.	   18.]
 [ 1159.	57207.	   51.	   91.	   43.]
 [    8.	  321.	 2547.	    0.	    0.]
 [  184.	  173.	    0.	 1242.	    0.]
 [  112.	  217.	    0.	    0.	10717.]
2025-10-18 21:48:15,766 - INFO - Epoch 14 saved.
2025-10-18 21:48:15,767 - INFO - model saved 15 times, last saved epoch: 14.

2025-10-18 21:48:18,717 - INFO - Epoch 15, Train loss: 0.4824463689919584
2025-10-18 21:48:19,579 - INFO - mIoU: 0.9032; OA: 0.9722; AA: 0.9343; F1: 0.9475; Kappa: 0.9521;
2025-10-18 21:48:19,579 - INFO - spatial_LccAccuracy: 0.8301; spatial_PA: 0.9668; spatial_UA: 0.9708; spatial_F1: 0.9688
2025-10-18 21:48:19,579 - INFO - temporal_CdAccuracy: 0.6841; temporal_PA: 0.8987; temporal_UA: 0.893; temporal_F1: 0.8958
2025-10-18 21:48:19,581 - INFO - Confusion Matrix
 [77950.	 1604.	    3.	   26.	    5.]
 [ 1618.	56686.	   50.	  133.	   64.]
 [    8.	  293.	 2575.	    0.	    0.]
 [  137.	  105.	    0.	 1357.	    0.]
 [   56.	  167.	    0.	    0.	10823.]
2025-10-18 21:48:19,664 - INFO - Epoch 15 saved.
2025-10-18 21:48:19,665 - INFO - model saved 16 times, last saved epoch: 15.

2025-10-18 21:48:22,666 - INFO - Epoch 16, Train loss: 0.4722112572711447
2025-10-18 21:48:23,533 - INFO - mIoU: 0.904; OA: 0.9722; AA: 0.9345; F1: 0.948; Kappa: 0.952;
2025-10-18 21:48:23,534 - INFO - spatial_LccAccuracy: 0.8329; spatial_PA: 0.959; spatial_UA: 0.9711; spatial_F1: 0.965
2025-10-18 21:48:23,534 - INFO - temporal_CdAccuracy: 0.6868; temporal_PA: 0.905; temporal_UA: 0.8918; temporal_F1: 0.8984
2025-10-18 21:48:23,535 - INFO - Confusion Matrix
 [78465.	 1101.	    3.	   19.	    0.]
 [ 2119.	56179.	   48.	  139.	   66.]
 [    9.	  291.	 2576.	    0.	    0.]
 [  149.	   87.	    0.	 1363.	    0.]
 [   88.	  146.	    0.	    0.	10812.]
2025-10-18 21:48:23,599 - INFO - Epoch 16 saved.
2025-10-18 21:48:23,600 - INFO - model saved 17 times, last saved epoch: 16.

2025-10-18 21:48:26,865 - INFO - Epoch 17, Train loss: 0.46787744556894956
2025-10-18 21:48:27,676 - INFO - mIoU: 0.9114; OA: 0.9743; AA: 0.9347; F1: 0.9525; Kappa: 0.9557;
2025-10-18 21:48:27,676 - INFO - spatial_LccAccuracy: 0.8524; spatial_PA: 0.9753; spatial_UA: 0.9863; spatial_F1: 0.9808
2025-10-18 21:48:27,676 - INFO - temporal_CdAccuracy: 0.706; temporal_PA: 0.9043; temporal_UA: 0.9049; temporal_F1: 0.9046
2025-10-18 21:48:27,677 - INFO - Confusion Matrix
 [77743.	 1813.	    3.	   26.	    3.]
 [ 1159.	57235.	   47.	   55.	   55.]
 [    8.	  306.	 2562.	    0.	    0.]
 [   61.	  180.	    0.	 1358.	    0.]
 [   46.	  187.	    0.	    0.	10813.]
2025-10-18 21:48:27,740 - INFO - Epoch 17 saved.
2025-10-18 21:48:27,740 - INFO - model saved 18 times, last saved epoch: 17.

2025-10-18 21:48:30,932 - INFO - Epoch 18, Train loss: 0.460207043967632
2025-10-18 21:48:31,746 - INFO - mIoU: 0.9193; OA: 0.9751; AA: 0.9448; F1: 0.9572; Kappa: 0.9571;
2025-10-18 21:48:31,747 - INFO - spatial_LccAccuracy: 0.8598; spatial_PA: 0.9674; spatial_UA: 0.9833; spatial_F1: 0.9753
2025-10-18 21:48:31,747 - INFO - temporal_CdAccuracy: 0.7075; temporal_PA: 0.9108; temporal_UA: 0.9042; temporal_F1: 0.9075
2025-10-18 21:48:31,748 - INFO - Confusion Matrix
 [77996.	 1570.	    2.	   19.	    1.]
 [ 1342.	57023.	   55.	   83.	   48.]
 [   11.	  275.	 2590.	    0.	    0.]
 [   87.	   86.	    0.	 1426.	    0.]
 [   65.	  180.	    0.	    0.	10801.]
2025-10-18 21:48:31,814 - INFO - Epoch 18 saved.
2025-10-18 21:48:31,814 - INFO - model saved 19 times, last saved epoch: 18.

2025-10-18 21:48:35,129 - INFO - Epoch 19, Train loss: 0.45666660544294746
2025-10-18 21:48:35,934 - INFO - mIoU: 0.9245; OA: 0.9766; AA: 0.9453; F1: 0.9601; Kappa: 0.9598;
2025-10-18 21:48:35,934 - INFO - spatial_LccAccuracy: 0.8723; spatial_PA: 0.9816; spatial_UA: 0.9837; spatial_F1: 0.9826
2025-10-18 21:48:35,934 - INFO - temporal_CdAccuracy: 0.7193; temporal_PA: 0.9151; temporal_UA: 0.9184; temporal_F1: 0.9167
2025-10-18 21:48:35,935 - INFO - Confusion Matrix
 [77882.	 1679.	    3.	   17.	    7.]
 [ 1098.	57299.	   41.	   47.	   66.]
 [    9.	  287.	 2580.	    0.	    0.]
 [   67.	  114.	    0.	 1417.	    1.]
 [   13.	  140.	    0.	    0.	10893.]
2025-10-18 21:48:35,999 - INFO - Epoch 19 saved.
2025-10-18 21:48:35,999 - INFO - model saved 20 times, last saved epoch: 19.

2025-10-18 21:48:38,987 - INFO - Epoch 20, Train loss: 0.4499475228490296
2025-10-18 21:48:39,936 - INFO - mIoU: 0.9263; OA: 0.9764; AA: 0.9475; F1: 0.9612; Kappa: 0.9592;
2025-10-18 21:48:39,936 - INFO - spatial_LccAccuracy: 0.8731; spatial_PA: 0.9682; spatial_UA: 0.9862; spatial_F1: 0.9771
2025-10-18 21:48:39,936 - INFO - temporal_CdAccuracy: 0.7169; temporal_PA: 0.9164; temporal_UA: 0.9157; temporal_F1: 0.916
2025-10-18 21:48:39,937 - INFO - Confusion Matrix
 [78680.	  879.	    2.	   25.	    2.]
 [ 1954.	56445.	   51.	   43.	   58.]
 [    9.	  281.	 2586.	    0.	    0.]
 [   43.	  115.	    0.	 1441.	    0.]
 [   21.	  150.	    0.	    0.	10875.]
2025-10-18 21:48:40,028 - INFO - Epoch 20 saved.
2025-10-18 21:48:40,029 - INFO - model saved 21 times, last saved epoch: 20.

2025-10-18 21:48:42,700 - INFO - Epoch 21, Train loss: 0.4461628616966816
2025-10-18 21:48:43,555 - INFO - mIoU: 0.9312; OA: 0.9773; AA: 0.9524; F1: 0.9639; Kappa: 0.9609;
2025-10-18 21:48:43,556 - INFO - spatial_LccAccuracy: 0.8907; spatial_PA: 0.9771; spatial_UA: 0.9833; spatial_F1: 0.9802
2025-10-18 21:48:43,556 - INFO - temporal_CdAccuracy: 0.7247; temporal_PA: 0.9173; temporal_UA: 0.918; temporal_F1: 0.9177
2025-10-18 21:48:43,557 - INFO - Confusion Matrix
 [78693.	  876.	    2.	   16.	    1.]
 [ 1842.	56535.	   50.	   53.	   71.]
 [   11.	  272.	 2593.	    0.	    0.]
 [   63.	   64.	    0.	 1472.	    0.]
 [   31.	  131.	    0.	    0.	10884.]
2025-10-18 21:48:43,631 - INFO - Epoch 21 saved.
2025-10-18 21:48:43,632 - INFO - model saved 22 times, last saved epoch: 21.

2025-10-18 21:48:46,752 - INFO - Epoch 22, Train loss: 0.44247139462773105
2025-10-18 21:48:47,643 - INFO - mIoU: 0.9353; OA: 0.9782; AA: 0.9558; F1: 0.9662; Kappa: 0.9624;
2025-10-18 21:48:47,643 - INFO - spatial_LccAccuracy: 0.8934; spatial_PA: 0.9729; spatial_UA: 0.9839; spatial_F1: 0.9783
2025-10-18 21:48:47,643 - INFO - temporal_CdAccuracy: 0.731; temporal_PA: 0.926; temporal_UA: 0.9221; temporal_F1: 0.9241
2025-10-18 21:48:47,644 - INFO - Confusion Matrix
 [78563.	 1005.	    2.	   17.	    1.]
 [ 1611.	56789.	   40.	   54.	   57.]
 [   12.	  284.	 2580.	    0.	    0.]
 [   64.	   32.	    0.	 1503.	    0.]
 [   17.	  151.	    0.	    0.	10878.]
2025-10-18 21:48:47,718 - INFO - Epoch 22 saved.
2025-10-18 21:48:47,719 - INFO - model saved 23 times, last saved epoch: 22.

2025-10-18 21:48:50,860 - INFO - Epoch 23, Train loss: 0.43887711552359304
2025-10-18 21:48:51,675 - INFO - mIoU: 0.9403; OA: 0.979; AA: 0.9604; F1: 0.969; Kappa: 0.9639;
2025-10-18 21:48:51,675 - INFO - spatial_LccAccuracy: 0.8918; spatial_PA: 0.9859; spatial_UA: 0.9901; spatial_F1: 0.988
2025-10-18 21:48:51,675 - INFO - temporal_CdAccuracy: 0.7325; temporal_PA: 0.924; temporal_UA: 0.9252; temporal_F1: 0.9246
2025-10-18 21:48:51,676 - INFO - Confusion Matrix
 [77857.	 1709.	    2.	   17.	    3.]
 [  846.	57568.	   57.	   39.	   41.]
 [   10.	  247.	 2619.	    0.	    0.]
 [   35.	   53.	    0.	 1511.	    0.]
 [    7.	  160.	    0.	    0.	10879.]
2025-10-18 21:48:51,737 - INFO - Epoch 23 saved.
2025-10-18 21:48:51,738 - INFO - model saved 24 times, last saved epoch: 23.

2025-10-18 21:48:55,071 - INFO - Epoch 24, Train loss: 0.4351874976794912
2025-10-18 21:48:55,902 - INFO - mIoU: 0.9414; OA: 0.9797; AA: 0.9584; F1: 0.9695; Kappa: 0.9651;
2025-10-18 21:48:55,903 - INFO - spatial_LccAccuracy: 0.8985; spatial_PA: 0.9874; spatial_UA: 0.9923; spatial_F1: 0.9898
2025-10-18 21:48:55,903 - INFO - temporal_CdAccuracy: 0.7384; temporal_PA: 0.9283; temporal_UA: 0.9283; temporal_F1: 0.9283
2025-10-18 21:48:55,903 - INFO - Confusion Matrix
 [77976.	 1594.	    2.	   15.	    1.]
 [  854.	57582.	   36.	   26.	   53.]
 [   10.	  284.	 2582.	    0.	    0.]
 [   29.	   59.	    0.	 1510.	    1.]
 [    8.	  141.	    0.	    0.	10897.]
2025-10-18 21:48:55,966 - INFO - Epoch 24 saved.
2025-10-18 21:48:55,967 - INFO - model saved 25 times, last saved epoch: 24.

2025-10-18 21:48:59,030 - INFO - Epoch 25, Train loss: 0.4318763528551374
2025-10-18 21:48:59,810 - INFO - mIoU: 0.9385; OA: 0.9788; AA: 0.9554; F1: 0.968; Kappa: 0.9635;
2025-10-18 21:48:59,811 - INFO - spatial_LccAccuracy: 0.8942; spatial_PA: 0.9796; spatial_UA: 0.9929; spatial_F1: 0.9862
2025-10-18 21:48:59,811 - INFO - temporal_CdAccuracy: 0.7321; temporal_PA: 0.9234; temporal_UA: 0.9265; temporal_F1: 0.9249
2025-10-18 21:48:59,812 - INFO - Confusion Matrix
 [77799.	 1765.	    3.	   20.	    1.]
 [  804.	57640.	   42.	   12.	   53.]
 [    8.	  274.	 2594.	    0.	    0.]
 [   16.	  100.	    0.	 1482.	    1.]
 [    9.	  145.	    0.	    0.	10892.]
2025-10-18 21:48:59,813 - INFO - model saved 25 times, last saved epoch: 24.

2025-10-18 21:49:02,940 - INFO - Epoch 26, Train loss: 0.43015922781843574
2025-10-18 21:49:03,830 - INFO - mIoU: 0.9469; OA: 0.9806; AA: 0.9646; F1: 0.9725; Kappa: 0.9666;
2025-10-18 21:49:03,831 - INFO - spatial_LccAccuracy: 0.9071; spatial_PA: 0.9864; spatial_UA: 0.9885; spatial_F1: 0.9874
2025-10-18 21:49:03,831 - INFO - temporal_CdAccuracy: 0.7407; temporal_PA: 0.9344; temporal_UA: 0.9336; temporal_F1: 0.934
2025-10-18 21:49:03,832 - INFO - Confusion Matrix
 [78093.	 1474.	    2.	   13.	    6.]
 [  893.	57517.	   48.	   29.	   64.]
 [   11.	  247.	 2618.	    0.	    0.]
 [   33.	   29.	    0.	 1537.	    0.]
 [   12.	  123.	    0.	    0.	10911.]
2025-10-18 21:49:03,899 - INFO - Epoch 26 saved.
2025-10-18 21:49:03,900 - INFO - model saved 26 times, last saved epoch: 26.

2025-10-18 21:49:06,888 - INFO - Epoch 27, Train loss: 0.4263704580179653
2025-10-18 21:49:07,790 - INFO - mIoU: 0.9492; OA: 0.9816; AA: 0.9666; F1: 0.9737; Kappa: 0.9682;
2025-10-18 21:49:07,791 - INFO - spatial_LccAccuracy: 0.9133; spatial_PA: 0.9845; spatial_UA: 0.9915; spatial_F1: 0.988
2025-10-18 21:49:07,791 - INFO - temporal_CdAccuracy: 0.7485; temporal_PA: 0.9384; temporal_UA: 0.9354; temporal_F1: 0.9369
2025-10-18 21:49:07,792 - INFO - Confusion Matrix
 [78854.	  718.	    2.	   13.	    1.]
 [ 1511.	56897.	   40.	   39.	   64.]
 [   10.	  263.	 2603.	    0.	    0.]
 [   26.	   10.	    0.	 1563.	    0.]
 [   20.	  116.	    0.	    0.	10910.]
2025-10-18 21:49:07,865 - INFO - Epoch 27 saved.
2025-10-18 21:49:07,866 - INFO - model saved 27 times, last saved epoch: 27.

2025-10-18 21:49:11,036 - INFO - Epoch 28, Train loss: 0.42470429606319215
2025-10-18 21:49:11,946 - INFO - mIoU: 0.9481; OA: 0.9801; AA: 0.9648; F1: 0.9731; Kappa: 0.9658;
2025-10-18 21:49:11,946 - INFO - spatial_LccAccuracy: 0.9094; spatial_PA: 0.9895; spatial_UA: 0.9902; spatial_F1: 0.9898
2025-10-18 21:49:11,946 - INFO - temporal_CdAccuracy: 0.7396; temporal_PA: 0.926; temporal_UA: 0.9299; temporal_F1: 0.928
2025-10-18 21:49:11,947 - INFO - Confusion Matrix
 [77745.	 1819.	    2.	   11.	   11.]
 [  634.	57783.	   51.	   15.	   68.]
 [   10.	  241.	 2625.	    0.	    0.]
 [   27.	   35.	    1.	 1534.	    2.]
 [    7.	  121.	    0.	    0.	10918.]
2025-10-18 21:49:11,948 - INFO - model saved 27 times, last saved epoch: 27.

2025-10-18 21:49:15,060 - INFO - Epoch 29, Train loss: 0.4229407206825588
2025-10-18 21:49:15,994 - INFO - mIoU: 0.9512; OA: 0.9816; AA: 0.9702; F1: 0.9747; Kappa: 0.9683;
2025-10-18 21:49:15,994 - INFO - spatial_LccAccuracy: 0.9164; spatial_PA: 0.9845; spatial_UA: 0.9915; spatial_F1: 0.988
2025-10-18 21:49:15,994 - INFO - temporal_CdAccuracy: 0.7587; temporal_PA: 0.94; temporal_UA: 0.9414; temporal_F1: 0.9407
2025-10-18 21:49:15,995 - INFO - Confusion Matrix
 [78708.	  864.	    2.	   14.	    0.]
 [ 1378.	57015.	   62.	   41.	   55.]
 [   10.	  226.	 2640.	    0.	    0.]
 [   21.	    4.	    0.	 1573.	    1.]
 [   22.	  128.	    0.	    0.	10896.]
2025-10-18 21:49:17,157 - INFO - Epoch 29 saved.
2025-10-18 21:49:17,157 - INFO - model saved 28 times, last saved epoch: 29.

2025-10-18 21:49:20,281 - INFO - Epoch 30, Train loss: 0.4196461031895987
2025-10-18 21:49:21,077 - INFO - mIoU: 0.9521; OA: 0.9824; AA: 0.9681; F1: 0.9752; Kappa: 0.9696;
2025-10-18 21:49:21,078 - INFO - spatial_LccAccuracy: 0.9188; spatial_PA: 0.985; spatial_UA: 0.9934; spatial_F1: 0.9892
2025-10-18 21:49:21,078 - INFO - temporal_CdAccuracy: 0.7544; temporal_PA: 0.9403; temporal_UA: 0.94; temporal_F1: 0.9401
2025-10-18 21:49:21,079 - INFO - Confusion Matrix
 [78509.	 1064.	    3.	   12.	    0.]
 [ 1059.	57369.	   61.	   19.	   43.]
 [   12.	  229.	 2635.	    0.	    0.]
 [   20.	   24.	    0.	 1555.	    0.]
 [   16.	  145.	    0.	    0.	10885.]
2025-10-18 21:49:21,145 - INFO - Epoch 30 saved.
2025-10-18 21:49:21,145 - INFO - model saved 29 times, last saved epoch: 30.

2025-10-18 21:49:24,398 - INFO - Epoch 31, Train loss: 0.4180891756315409
2025-10-18 21:49:25,233 - INFO - mIoU: 0.9522; OA: 0.9823; AA: 0.9679; F1: 0.9752; Kappa: 0.9695;
2025-10-18 21:49:25,233 - INFO - spatial_LccAccuracy: 0.9219; spatial_PA: 0.9883; spatial_UA: 0.9925; spatial_F1: 0.9904
2025-10-18 21:49:25,234 - INFO - temporal_CdAccuracy: 0.7571; temporal_PA: 0.9449; temporal_UA: 0.9422; temporal_F1: 0.9435
2025-10-18 21:49:25,234 - INFO - Confusion Matrix
 [78751.	  822.	    2.	   13.	    0.]
 [ 1310.	57130.	   41.	   29.	   41.]
 [   13.	  257.	 2606.	    0.	    0.]
 [   21.	    6.	    0.	 1571.	    1.]
 [   29.	  128.	    0.	    0.	10889.]
2025-10-18 21:49:25,302 - INFO - Epoch 31 saved.
2025-10-18 21:49:25,302 - INFO - model saved 30 times, last saved epoch: 31.

2025-10-18 21:49:28,305 - INFO - Epoch 32, Train loss: 0.4164876473246154
2025-10-18 21:49:29,170 - INFO - mIoU: 0.955; OA: 0.983; AA: 0.9692; F1: 0.9768; Kappa: 0.9707;
2025-10-18 21:49:29,170 - INFO - spatial_LccAccuracy: 0.9227; spatial_PA: 0.9867; spatial_UA: 0.993; spatial_F1: 0.9898
2025-10-18 21:49:29,170 - INFO - temporal_CdAccuracy: 0.7579; temporal_PA: 0.9403; temporal_UA: 0.9427; temporal_F1: 0.9415
2025-10-18 21:49:29,171 - INFO - Confusion Matrix
 [78371.	 1203.	    2.	   12.	    0.]
 [  848.	57610.	   49.	   13.	   31.]
 [   10.	  237.	 2629.	    0.	    0.]
 [   14.	   19.	    0.	 1566.	    0.]
 [   19.	  157.	    0.	    0.	10870.]
2025-10-18 21:49:29,247 - INFO - Epoch 32 saved.
2025-10-18 21:49:29,248 - INFO - model saved 31 times, last saved epoch: 32.

2025-10-18 21:49:32,437 - INFO - Epoch 33, Train loss: 0.41486904561889837
2025-10-18 21:49:33,227 - INFO - mIoU: 0.954; OA: 0.9823; AA: 0.9689; F1: 0.9762; Kappa: 0.9695;
2025-10-18 21:49:33,227 - INFO - spatial_LccAccuracy: 0.9219; spatial_PA: 0.9852; spatial_UA: 0.9908; spatial_F1: 0.988
2025-10-18 21:49:33,228 - INFO - temporal_CdAccuracy: 0.756; temporal_PA: 0.9372; temporal_UA: 0.94; temporal_F1: 0.9386
2025-10-18 21:49:33,228 - INFO - Confusion Matrix
 [78108.	 1464.	    3.	   13.	    0.]
 [  698.	57737.	   45.	   12.	   59.]
 [    9.	  253.	 2614.	    0.	    0.]
 [   16.	   16.	    0.	 1567.	    0.]
 [    4.	  128.	    0.	    0.	10914.]
2025-10-18 21:49:33,229 - INFO - model saved 31 times, last saved epoch: 32.

2025-10-18 21:49:36,265 - INFO - Epoch 34, Train loss: 0.4132076020566573
2025-10-18 21:49:37,102 - INFO - mIoU: 0.9547; OA: 0.9819; AA: 0.971; F1: 0.9766; Kappa: 0.9687;
2025-10-18 21:49:37,103 - INFO - spatial_LccAccuracy: 0.9227; spatial_PA: 0.9867; spatial_UA: 0.993; spatial_F1: 0.9898
2025-10-18 21:49:37,103 - INFO - temporal_CdAccuracy: 0.7552; temporal_PA: 0.9426; temporal_UA: 0.9409; temporal_F1: 0.9417
2025-10-18 21:49:37,104 - INFO - Confusion Matrix
 [78891.	  684.	    2.	   11.	    0.]
 [ 1555.	56867.	   59.	   26.	   44.]
 [   13.	  219.	 2644.	    0.	    0.]
 [   17.	    4.	    0.	 1578.	    0.]
 [   17.	  132.	    0.	    0.	10897.]
2025-10-18 21:49:37,105 - INFO - model saved 31 times, last saved epoch: 32.

2025-10-18 21:49:40,161 - INFO - Epoch 35, Train loss: 0.4118411457686691
2025-10-18 21:49:41,032 - INFO - mIoU: 0.9541; OA: 0.9823; AA: 0.9688; F1: 0.9762; Kappa: 0.9695;
2025-10-18 21:49:41,032 - INFO - spatial_LccAccuracy: 0.9223; spatial_PA: 0.9881; spatial_UA: 0.9916; spatial_F1: 0.9898
2025-10-18 21:49:41,032 - INFO - temporal_CdAccuracy: 0.7563; temporal_PA: 0.9429; temporal_UA: 0.9429; temporal_F1: 0.9429
2025-10-18 21:49:41,033 - INFO - Confusion Matrix
 [78914.	  659.	    2.	    9.	    4.]
 [ 1508.	56910.	   48.	   18.	   67.]
 [   13.	  245.	 2618.	    0.	    0.]
 [   29.	    2.	    0.	 1568.	    0.]
 [   16.	   99.	    0.	    0.	10931.]
2025-10-18 21:49:41,034 - INFO - model saved 31 times, last saved epoch: 32.

2025-10-18 21:49:44,304 - INFO - Epoch 36, Train loss: 0.4100985995360783
2025-10-18 21:49:45,181 - INFO - mIoU: 0.9524; OA: 0.9822; AA: 0.9735; F1: 0.9754; Kappa: 0.9693;
2025-10-18 21:49:45,182 - INFO - spatial_LccAccuracy: 0.9196; spatial_PA: 0.9841; spatial_UA: 0.9932; spatial_F1: 0.9886
2025-10-18 21:49:45,182 - INFO - temporal_CdAccuracy: 0.7567; temporal_PA: 0.9476; temporal_UA: 0.9418; temporal_F1: 0.9447
2025-10-18 21:49:45,183 - INFO - Confusion Matrix
 [78906.	  668.	    3.	   11.	    0.]
 [ 1514.	56845.	  105.	   45.	   42.]
 [   14.	  183.	 2679.	    0.	    0.]
 [   23.	    0.	    0.	 1576.	    0.]
 [    9.	  120.	    0.	    0.	10917.]
2025-10-18 21:49:45,184 - INFO - model saved 31 times, last saved epoch: 32.

2025-10-18 21:49:48,290 - INFO - Epoch 37, Train loss: 0.4095271753598444
2025-10-18 21:49:49,145 - INFO - mIoU: 0.9577; OA: 0.9835; AA: 0.9715; F1: 0.9782; Kappa: 0.9715;
2025-10-18 21:49:49,145 - INFO - spatial_LccAccuracy: 0.9289; spatial_PA: 0.9869; spatial_UA: 0.9939; spatial_F1: 0.9904
2025-10-18 21:49:49,145 - INFO - temporal_CdAccuracy: 0.7626; temporal_PA: 0.9485; temporal_UA: 0.9452; temporal_F1: 0.9469
2025-10-18 21:49:49,146 - INFO - Confusion Matrix
 [78782.	  795.	    2.	    9.	    0.]
 [ 1227.	57201.	   41.	   17.	   65.]
 [   11.	  226.	 2639.	    0.	    0.]
 [   15.	   10.	    0.	 1574.	    0.]
 [    8.	  115.	    0.	    0.	10923.]
2025-10-18 21:49:49,213 - INFO - Epoch 37 saved.
2025-10-18 21:49:49,213 - INFO - model saved 32 times, last saved epoch: 37.

2025-10-18 21:49:52,232 - INFO - Epoch 38, Train loss: 0.4076562347989645
2025-10-18 21:49:53,099 - INFO - mIoU: 0.9569; OA: 0.9831; AA: 0.9716; F1: 0.9777; Kappa: 0.9708;
2025-10-18 21:49:53,099 - INFO - spatial_LccAccuracy: 0.9278; spatial_PA: 0.9874; spatial_UA: 0.9923; spatial_F1: 0.9898
2025-10-18 21:49:53,100 - INFO - temporal_CdAccuracy: 0.7645; temporal_PA: 0.9477; temporal_UA: 0.9469; temporal_F1: 0.9473
2025-10-18 21:49:53,100 - INFO - Confusion Matrix
 [78836.	  741.	    2.	    9.	    0.]
 [ 1320.	57115.	   56.	   19.	   41.]
 [   14.	  222.	 2640.	    0.	    0.]
 [   15.	    3.	    0.	 1581.	    0.]
 [   25.	  135.	    0.	    0.	10886.]
2025-10-18 21:49:53,101 - INFO - model saved 32 times, last saved epoch: 37.

2025-10-18 21:49:56,183 - INFO - Epoch 39, Train loss: 0.4073037318191173
2025-10-18 21:49:57,085 - INFO - mIoU: 0.9573; OA: 0.9837; AA: 0.9708; F1: 0.978; Kappa: 0.9719;
2025-10-18 21:49:57,085 - INFO - spatial_LccAccuracy: 0.9278; spatial_PA: 0.9838; spatial_UA: 0.9922; spatial_F1: 0.988
2025-10-18 21:49:57,085 - INFO - temporal_CdAccuracy: 0.7645; temporal_PA: 0.9476; temporal_UA: 0.9502; temporal_F1: 0.9489
2025-10-18 21:49:57,087 - INFO - Confusion Matrix
 [78436.	 1137.	    3.	   11.	    1.]
 [  847.	57605.	   42.	   11.	   46.]
 [   10.	  228.	 2638.	    0.	    0.]
 [   21.	   11.	    0.	 1567.	    0.]
 [   10.	  131.	    0.	    0.	10905.]
2025-10-18 21:49:57,087 - INFO - model saved 32 times, last saved epoch: 37.

2025-10-18 21:50:00,150 - INFO - Epoch 40, Train loss: 0.4067503809928894
2025-10-18 21:50:01,022 - INFO - mIoU: 0.9583; OA: 0.9832; AA: 0.9723; F1: 0.9785; Kappa: 0.9711;
2025-10-18 21:50:01,023 - INFO - spatial_LccAccuracy: 0.9246; spatial_PA: 0.9888; spatial_UA: 0.9909; spatial_F1: 0.9898
2025-10-18 21:50:01,023 - INFO - temporal_CdAccuracy: 0.7563; temporal_PA: 0.9455; temporal_UA: 0.9423; temporal_F1: 0.9439
2025-10-18 21:50:01,024 - INFO - Confusion Matrix
 [78176.	 1398.	    2.	   10.	    2.]
 [  671.	57781.	   49.	   11.	   39.]
 [   11.	  219.	 2646.	    0.	    0.]
 [   13.	   10.	    0.	 1576.	    0.]
 [    6.	  139.	    0.	    0.	10901.]
2025-10-18 21:50:01,089 - INFO - Epoch 40 saved.
2025-10-18 21:50:01,090 - INFO - model saved 33 times, last saved epoch: 40.

2025-10-18 21:50:04,177 - INFO - Epoch 41, Train loss: 0.40628066677484453
2025-10-18 21:50:05,028 - INFO - mIoU: 0.9579; OA: 0.9835; AA: 0.9708; F1: 0.9783; Kappa: 0.9716;
2025-10-18 21:50:05,028 - INFO - spatial_LccAccuracy: 0.9258; spatial_PA: 0.9891; spatial_UA: 0.9954; spatial_F1: 0.9922
2025-10-18 21:50:05,028 - INFO - temporal_CdAccuracy: 0.7618; temporal_PA: 0.9461; temporal_UA: 0.9471; temporal_F1: 0.9466
2025-10-18 21:50:05,029 - INFO - Confusion Matrix
 [78457.	 1118.	    3.	   10.	    0.]
 [  899.	57569.	   41.	    9.	   33.]
 [   11.	  242.	 2623.	    0.	    0.]
 [   13.	    9.	    0.	 1577.	    0.]
 [    9.	  138.	    0.	    0.	10899.]
2025-10-18 21:50:05,030 - INFO - model saved 33 times, last saved epoch: 40.

2025-10-18 21:50:08,147 - INFO - Epoch 42, Train loss: 0.4058623373138238
2025-10-18 21:50:09,005 - INFO - mIoU: 0.9547; OA: 0.9828; AA: 0.9678; F1: 0.9766; Kappa: 0.9704;
2025-10-18 21:50:09,005 - INFO - spatial_LccAccuracy: 0.9184; spatial_PA: 0.981; spatial_UA: 0.9915; spatial_F1: 0.9862
2025-10-18 21:50:09,005 - INFO - temporal_CdAccuracy: 0.756; temporal_PA: 0.9443; temporal_UA: 0.9456; temporal_F1: 0.9449
2025-10-18 21:50:09,006 - INFO - Confusion Matrix
 [78316.	 1260.	    2.	   10.	    0.]
 [  846.	57605.	   45.	    4.	   51.]
 [    5.	  226.	 2645.	    0.	    0.]
 [   11.	   47.	    0.	 1541.	    0.]
 [    7.	  127.	    0.	    0.	10912.]
2025-10-18 21:50:09,007 - INFO - model saved 33 times, last saved epoch: 40.

2025-10-18 21:50:12,009 - INFO - Epoch 43, Train loss: 0.40372784148832286
2025-10-18 21:50:12,830 - INFO - mIoU: 0.9602; OA: 0.9845; AA: 0.9733; F1: 0.9795; Kappa: 0.9732;
2025-10-18 21:50:12,830 - INFO - spatial_LccAccuracy: 0.9321; spatial_PA: 0.9872; spatial_UA: 0.9949; spatial_F1: 0.991
2025-10-18 21:50:12,830 - INFO - temporal_CdAccuracy: 0.7681; temporal_PA: 0.9558; temporal_UA: 0.9516; temporal_F1: 0.9537
2025-10-18 21:50:12,831 - INFO - Confusion Matrix
 [78581.	  993.	    3.	   11.	    0.]
 [  894.	57556.	   41.	   12.	   48.]
 [    8.	  220.	 2648.	    0.	    0.]
 [   12.	    7.	    0.	 1580.	    0.]
 [   12.	  126.	    0.	    0.	10908.]
2025-10-18 21:50:12,894 - INFO - Epoch 43 saved.
2025-10-18 21:50:12,895 - INFO - model saved 34 times, last saved epoch: 43.

2025-10-18 21:50:15,953 - INFO - Epoch 44, Train loss: 0.40360421442097016
2025-10-18 21:50:16,769 - INFO - mIoU: 0.9578; OA: 0.9817; AA: 0.9723; F1: 0.9782; Kappa: 0.9685;
2025-10-18 21:50:16,769 - INFO - spatial_LccAccuracy: 0.9215; spatial_PA: 0.9897; spatial_UA: 0.9911; spatial_F1: 0.9904
2025-10-18 21:50:16,769 - INFO - temporal_CdAccuracy: 0.7513; temporal_PA: 0.9375; temporal_UA: 0.9392; temporal_F1: 0.9383
2025-10-18 21:50:16,770 - INFO - Confusion Matrix
 [77812.	 1761.	    3.	   11.	    1.]
 [  539.	57925.	   53.	    6.	   28.]
 [    7.	  215.	 2654.	    0.	    0.]
 [   12.	    9.	    0.	 1578.	    0.]
 [    3.	  164.	    0.	    0.	10879.]
2025-10-18 21:50:16,771 - INFO - model saved 34 times, last saved epoch: 43.

2025-10-18 21:50:20,004 - INFO - Epoch 45, Train loss: 0.4023731874753229
2025-10-18 21:50:20,816 - INFO - mIoU: 0.9598; OA: 0.984; AA: 0.9743; F1: 0.9793; Kappa: 0.9724;
2025-10-18 21:50:20,816 - INFO - spatial_LccAccuracy: 0.9289; spatial_PA: 0.9893; spatial_UA: 0.9928; spatial_F1: 0.991
2025-10-18 21:50:20,817 - INFO - temporal_CdAccuracy: 0.7626; temporal_PA: 0.9547; temporal_UA: 0.9472; temporal_F1: 0.9509
2025-10-18 21:50:20,817 - INFO - Confusion Matrix
 [78458.	 1119.	    2.	    9.	    0.]
 [  851.	57584.	   62.	   14.	   40.]
 [   12.	  205.	 2659.	    0.	    0.]
 [   14.	    2.	    0.	 1583.	    0.]
 [   14.	  121.	    0.	    0.	10911.]
2025-10-18 21:50:20,818 - INFO - model saved 34 times, last saved epoch: 43.

2025-10-18 21:50:24,131 - INFO - Epoch 46, Train loss: 0.4033312503225315
2025-10-18 21:50:25,015 - INFO - mIoU: 0.9592; OA: 0.9841; AA: 0.971; F1: 0.9789; Kappa: 0.9726;
2025-10-18 21:50:25,015 - INFO - spatial_LccAccuracy: 0.9305; spatial_PA: 0.9891; spatial_UA: 0.9954; spatial_F1: 0.9922
2025-10-18 21:50:25,016 - INFO - temporal_CdAccuracy: 0.7653; temporal_PA: 0.9529; temporal_UA: 0.9506; temporal_F1: 0.9517
2025-10-18 21:50:25,016 - INFO - Confusion Matrix
 [78646.	  933.	    3.	    6.	    0.]
 [  987.	57471.	   39.	    6.	   48.]
 [    9.	  233.	 2634.	    0.	    0.]
 [   15.	   13.	    0.	 1571.	    0.]
 [   18.	  129.	    0.	    0.	10899.]
2025-10-18 21:50:25,017 - INFO - model saved 34 times, last saved epoch: 43.

2025-10-18 21:50:28,192 - INFO - Epoch 47, Train loss: 0.4012534405503954
2025-10-18 21:50:29,075 - INFO - mIoU: 0.9585; OA: 0.9831; AA: 0.9755; F1: 0.9786; Kappa: 0.9709;
2025-10-18 21:50:29,076 - INFO - spatial_LccAccuracy: 0.9285; spatial_PA: 0.9895; spatial_UA: 0.9937; spatial_F1: 0.9916
2025-10-18 21:50:29,076 - INFO - temporal_CdAccuracy: 0.7614; temporal_PA: 0.9459; temporal_UA: 0.9465; temporal_F1: 0.9462
2025-10-18 21:50:29,077 - INFO - Confusion Matrix
 [78681.	  897.	    3.	    7.	    0.]
 [ 1169.	57230.	   98.	   19.	   35.]
 [   11.	  171.	 2694.	    0.	    0.]
 [   15.	    1.	    0.	 1583.	    0.]
 [   27.	  139.	    0.	    0.	10880.]
2025-10-18 21:50:29,078 - INFO - model saved 34 times, last saved epoch: 43.

2025-10-18 21:50:32,146 - INFO - Epoch 48, Train loss: 0.40200040022038525
2025-10-18 21:50:33,078 - INFO - mIoU: 0.958; OA: 0.9827; AA: 0.9717; F1: 0.9783; Kappa: 0.9702;
2025-10-18 21:50:33,079 - INFO - spatial_LccAccuracy: 0.9223; spatial_PA: 0.9886; spatial_UA: 0.9935; spatial_F1: 0.991
2025-10-18 21:50:33,079 - INFO - temporal_CdAccuracy: 0.7524; temporal_PA: 0.9457; temporal_UA: 0.9379; temporal_F1: 0.9418
2025-10-18 21:50:33,080 - INFO - Confusion Matrix
 [77944.	 1631.	    4.	    9.	    0.]
 [  540.	57917.	   53.	    4.	   37.]
 [    6.	  213.	 2657.	    0.	    0.]
 [   17.	   18.	    0.	 1564.	    0.]
 [    2.	  131.	    0.	    0.	10913.]
2025-10-18 21:50:33,081 - INFO - model saved 34 times, last saved epoch: 43.

2025-10-18 21:50:36,141 - INFO - Epoch 49, Train loss: 0.40095860395372285
2025-10-18 21:50:37,032 - INFO - mIoU: 0.9591; OA: 0.9839; AA: 0.9727; F1: 0.9789; Kappa: 0.9723;
2025-10-18 21:50:37,033 - INFO - spatial_LccAccuracy: 0.9328; spatial_PA: 0.9881; spatial_UA: 0.9951; spatial_F1: 0.9916
2025-10-18 21:50:37,033 - INFO - temporal_CdAccuracy: 0.7688; temporal_PA: 0.9497; temporal_UA: 0.9467; temporal_F1: 0.9482
2025-10-18 21:50:37,034 - INFO - Confusion Matrix
 [78823.	  757.	    2.	    6.	    0.]
 [ 1204.	57211.	   50.	   14.	   72.]
 [   13.	  227.	 2636.	    0.	    0.]
 [   14.	    3.	    0.	 1582.	    0.]
 [   21.	   88.	    0.	    0.	10937.]
2025-10-18 21:50:37,035 - INFO - model saved 34 times, last saved epoch: 43.

2025-10-18 21:50:40,273 - INFO - Epoch 50, Train loss: 0.4008087486213779
2025-10-18 21:50:41,110 - INFO - mIoU: 0.9567; OA: 0.9807; AA: 0.9715; F1: 0.9777; Kappa: 0.9668;
2025-10-18 21:50:41,111 - INFO - spatial_LccAccuracy: 0.9153; spatial_PA: 0.989; spatial_UA: 0.9918; spatial_F1: 0.9904
2025-10-18 21:50:41,111 - INFO - temporal_CdAccuracy: 0.7497; temporal_PA: 0.9319; temporal_UA: 0.9385; temporal_F1: 0.9352
2025-10-18 21:50:41,112 - INFO - Confusion Matrix
 [77564.	 2011.	    1.	   11.	    1.]
 [  435.	58032.	   44.	    9.	   31.]
 [    7.	  220.	 2649.	    0.	    0.]
 [    9.	   13.	    0.	 1577.	    0.]
 [    1.	  173.	    0.	    0.	10872.]
2025-10-18 21:50:41,113 - INFO - model saved 34 times, last saved epoch: 43.

2025-10-18 21:50:44,453 - INFO - Epoch 51, Train loss: 0.3999201142639847
2025-10-18 21:50:45,267 - INFO - mIoU: 0.9578; OA: 0.9821; AA: 0.9717; F1: 0.9782; Kappa: 0.9693;
2025-10-18 21:50:45,268 - INFO - spatial_LccAccuracy: 0.9192; spatial_PA: 0.9883; spatial_UA: 0.9925; spatial_F1: 0.9904
2025-10-18 21:50:45,268 - INFO - temporal_CdAccuracy: 0.7567; temporal_PA: 0.9476; temporal_UA: 0.9414; temporal_F1: 0.9445
2025-10-18 21:50:45,269 - INFO - Confusion Matrix
 [77871.	 1698.	    4.	   11.	    4.]
 [  543.	57922.	   50.	    3.	   33.]
 [    7.	  214.	 2655.	    0.	    0.]
 [   11.	   19.	    0.	 1569.	    0.]
 [    1.	  148.	    0.	    0.	10897.]
2025-10-18 21:50:45,270 - INFO - model saved 34 times, last saved epoch: 43.

2025-10-18 21:50:48,325 - INFO - Epoch 52, Train loss: 0.40012702253294286
2025-10-18 21:50:49,114 - INFO - mIoU: 0.9581; OA: 0.9844; AA: 0.9684; F1: 0.9783; Kappa: 0.9731;
2025-10-18 21:50:49,115 - INFO - spatial_LccAccuracy: 0.9367; spatial_PA: 0.9874; spatial_UA: 0.9923; spatial_F1: 0.9898
2025-10-18 21:50:49,115 - INFO - temporal_CdAccuracy: 0.7673; temporal_PA: 0.9564; temporal_UA: 0.951; temporal_F1: 0.9537
2025-10-18 21:50:49,116 - INFO - Confusion Matrix
 [78538.	 1046.	    1.	    3.	    0.]
 [  822.	57652.	   21.	    7.	   49.]
 [    9.	  285.	 2582.	    0.	    0.]
 [   14.	   11.	    0.	 1574.	    0.]
 [    9.	  117.	    0.	    0.	10920.]
2025-10-18 21:50:49,117 - INFO - model saved 34 times, last saved epoch: 43.

2025-10-18 21:50:52,024 - INFO - Epoch 53, Train loss: 0.39861170049779904
2025-10-18 21:50:52,883 - INFO - mIoU: 0.9581; OA: 0.9811; AA: 0.9727; F1: 0.9784; Kappa: 0.9676;
2025-10-18 21:50:52,884 - INFO - spatial_LccAccuracy: 0.9203; spatial_PA: 0.9855; spatial_UA: 0.9917; spatial_F1: 0.9886
2025-10-18 21:50:52,884 - INFO - temporal_CdAccuracy: 0.7517; temporal_PA: 0.9439; temporal_UA: 0.935; temporal_F1: 0.9394
2025-10-18 21:50:52,884 - INFO - Confusion Matrix
 [77672.	 1904.	    4.	    7.	    1.]
 [  493.	57963.	   60.	    4.	   31.]
 [    7.	  200.	 2669.	    0.	    0.]
 [   11.	   14.	    0.	 1574.	    0.]
 [    9.	  152.	    0.	    0.	10885.]
2025-10-18 21:50:52,885 - INFO - model saved 34 times, last saved epoch: 43.

2025-10-18 21:50:55,924 - INFO - Epoch 54, Train loss: 0.40048627120367486
2025-10-18 21:50:56,806 - INFO - mIoU: 0.96; OA: 0.9849; AA: 0.9713; F1: 0.9793; Kappa: 0.974;
2025-10-18 21:50:56,807 - INFO - spatial_LccAccuracy: 0.9321; spatial_PA: 0.9869; spatial_UA: 0.9939; spatial_F1: 0.9904
2025-10-18 21:50:56,807 - INFO - temporal_CdAccuracy: 0.7731; temporal_PA: 0.9581; temporal_UA: 0.9529; temporal_F1: 0.9555
2025-10-18 21:50:56,808 - INFO - Confusion Matrix
 [78686.	  892.	    2.	    8.	    0.]
 [  913.	57561.	   37.	    6.	   34.]
 [    6.	  256.	 2614.	    0.	    0.]
 [    8.	   10.	    0.	 1581.	    0.]
 [   26.	  119.	    0.	    0.	10901.]
2025-10-18 21:50:56,809 - INFO - model saved 34 times, last saved epoch: 43.

2025-10-18 21:50:59,929 - INFO - Epoch 55, Train loss: 0.3980175819456207
2025-10-18 21:51:00,824 - INFO - mIoU: 0.9585; OA: 0.9824; AA: 0.9702; F1: 0.9786; Kappa: 0.9697;
2025-10-18 21:51:00,825 - INFO - spatial_LccAccuracy: 0.9297; spatial_PA: 0.9878; spatial_UA: 0.9906; spatial_F1: 0.9892
2025-10-18 21:51:00,825 - INFO - temporal_CdAccuracy: 0.7591; temporal_PA: 0.952; temporal_UA: 0.9431; temporal_F1: 0.9476
2025-10-18 21:51:00,826 - INFO - Confusion Matrix
 [77987.	 1585.	    2.	    6.	    8.]
 [  607.	57881.	   27.	    3.	   33.]
 [    8.	  251.	 2617.	    0.	    0.]
 [   11.	   11.	    0.	 1577.	    0.]
 [   10.	  141.	    0.	    0.	10895.]
2025-10-18 21:51:00,827 - INFO - model saved 34 times, last saved epoch: 43.

2025-10-18 21:51:03,621 - INFO - Epoch 56, Train loss: 0.3983940674651484
2025-10-18 21:51:04,432 - INFO - mIoU: 0.9566; OA: 0.9809; AA: 0.9695; F1: 0.9776; Kappa: 0.9671;
2025-10-18 21:51:04,432 - INFO - spatial_LccAccuracy: 0.9215; spatial_PA: 0.9866; spatial_UA: 0.9894; spatial_F1: 0.988
2025-10-18 21:51:04,432 - INFO - temporal_CdAccuracy: 0.7536; temporal_PA: 0.9445; temporal_UA: 0.9427; temporal_F1: 0.9436
2025-10-18 21:51:04,433 - INFO - Confusion Matrix
 [77635.	 1942.	    3.	    8.	    0.]
 [  488.	57997.	   28.	    4.	   34.]
 [    7.	  251.	 2618.	    0.	    0.]
 [    9.	   15.	    0.	 1575.	    0.]
 [    0.	  150.	    0.	    0.	10896.]
2025-10-18 21:51:04,434 - INFO - model saved 34 times, last saved epoch: 43.

2025-10-18 21:51:07,186 - INFO - Epoch 57, Train loss: 0.397961918241489
2025-10-18 21:51:08,003 - INFO - mIoU: 0.9619; OA: 0.9839; AA: 0.9752; F1: 0.9804; Kappa: 0.9722;
2025-10-18 21:51:08,004 - INFO - spatial_LccAccuracy: 0.9285; spatial_PA: 0.9843; spatial_UA: 0.9941; spatial_F1: 0.9892
2025-10-18 21:51:08,004 - INFO - temporal_CdAccuracy: 0.7642; temporal_PA: 0.9527; temporal_UA: 0.9436; temporal_F1: 0.9481
2025-10-18 21:51:08,005 - INFO - Confusion Matrix
 [78424.	 1150.	    4.	    9.	    1.]
 [  846.	57607.	   55.	    6.	   37.]
 [    6.	  202.	 2668.	    0.	    0.]
 [    9.	    3.	    0.	 1587.	    0.]
 [   16.	  132.	    0.	    0.	10898.]
2025-10-18 21:51:08,071 - INFO - Epoch 57 saved.
2025-10-18 21:51:08,072 - INFO - model saved 35 times, last saved epoch: 57.

2025-10-18 21:51:10,769 - INFO - Epoch 58, Train loss: 0.3978973951028741
2025-10-18 21:51:11,620 - INFO - mIoU: 0.9598; OA: 0.9836; AA: 0.9703; F1: 0.9792; Kappa: 0.9717;
2025-10-18 21:51:11,620 - INFO - spatial_LccAccuracy: 0.9313; spatial_PA: 0.9895; spatial_UA: 0.9937; spatial_F1: 0.9916
2025-10-18 21:51:11,620 - INFO - temporal_CdAccuracy: 0.7653; temporal_PA: 0.9487; temporal_UA: 0.9473; temporal_F1: 0.948
2025-10-18 21:51:11,621 - INFO - Confusion Matrix
 [78330.	 1252.	    2.	    4.	    0.]
 [  751.	57740.	   25.	    3.	   32.]
 [   10.	  237.	 2629.	    0.	    0.]
 [   10.	   16.	    0.	 1573.	    0.]
 [   14.	  171.	    0.	    0.	10861.]
2025-10-18 21:51:11,622 - INFO - model saved 35 times, last saved epoch: 57.

2025-10-18 21:51:14,311 - INFO - Epoch 59, Train loss: 0.3973669241303983
2025-10-18 21:51:15,092 - INFO - mIoU: 0.9631; OA: 0.9846; AA: 0.9766; F1: 0.981; Kappa: 0.9734;
2025-10-18 21:51:15,092 - INFO - spatial_LccAccuracy: 0.9364; spatial_PA: 0.9883; spatial_UA: 0.9925; spatial_F1: 0.9904
2025-10-18 21:51:15,092 - INFO - temporal_CdAccuracy: 0.7673; temporal_PA: 0.9562; temporal_UA: 0.9479; temporal_F1: 0.952
2025-10-18 21:51:15,093 - INFO - Confusion Matrix
 [78558.	 1023.	    3.	    4.	    0.]
 [  867.	57556.	   72.	    6.	   50.]
 [    4.	  188.	 2684.	    0.	    0.]
 [    9.	    3.	    0.	 1587.	    0.]
 [   19.	  125.	    0.	    0.	10902.]
2025-10-18 21:51:15,155 - INFO - Epoch 59 saved.
2025-10-18 21:51:15,156 - INFO - model saved 36 times, last saved epoch: 59.

2025-10-18 21:51:18,285 - INFO - Epoch 60, Train loss: 0.39754983357020784
2025-10-18 21:51:19,116 - INFO - mIoU: 0.9605; OA: 0.983; AA: 0.9728; F1: 0.9796; Kappa: 0.9708;
2025-10-18 21:51:19,116 - INFO - spatial_LccAccuracy: 0.9278; spatial_PA: 0.9876; spatial_UA: 0.9932; spatial_F1: 0.9904
2025-10-18 21:51:19,116 - INFO - temporal_CdAccuracy: 0.7595; temporal_PA: 0.9484; temporal_UA: 0.9462; temporal_F1: 0.9473
2025-10-18 21:51:19,117 - INFO - Confusion Matrix
 [78143.	 1432.	    2.	    5.	    6.]
 [  665.	57808.	   40.	    6.	   32.]
 [   10.	  213.	 2653.	    0.	    0.]
 [   12.	    6.	    0.	 1581.	    0.]
 [   23.	  157.	    0.	    0.	10866.]
2025-10-18 21:51:19,118 - INFO - model saved 36 times, last saved epoch: 59.

2025-10-18 21:51:22,010 - INFO - Epoch 61, Train loss: 0.3967332851072276
2025-10-18 21:51:22,918 - INFO - mIoU: 0.9593; OA: 0.9841; AA: 0.9708; F1: 0.979; Kappa: 0.9726;
2025-10-18 21:51:22,918 - INFO - spatial_LccAccuracy: 0.9324; spatial_PA: 0.9824; spatial_UA: 0.9937; spatial_F1: 0.988
2025-10-18 21:51:22,918 - INFO - temporal_CdAccuracy: 0.7692; temporal_PA: 0.9523; temporal_UA: 0.9456; temporal_F1: 0.9489
2025-10-18 21:51:22,919 - INFO - Confusion Matrix
 [78935.	  645.	    3.	    5.	    0.]
 [ 1268.	57194.	   46.	    4.	   39.]
 [    3.	  245.	 2628.	    0.	    0.]
 [    8.	   15.	    0.	 1576.	    0.]
 [   32.	  125.	    0.	    0.	10889.]
2025-10-18 21:51:22,920 - INFO - model saved 36 times, last saved epoch: 59.

2025-10-18 21:51:26,195 - INFO - Epoch 62, Train loss: 0.3973051061541397
2025-10-18 21:51:27,148 - INFO - mIoU: 0.9641; OA: 0.9845; AA: 0.9764; F1: 0.9816; Kappa: 0.9733;
2025-10-18 21:51:27,148 - INFO - spatial_LccAccuracy: 0.9254; spatial_PA: 0.9822; spatial_UA: 0.9927; spatial_F1: 0.9874
2025-10-18 21:51:27,148 - INFO - temporal_CdAccuracy: 0.7669; temporal_PA: 0.9531; temporal_UA: 0.9465; temporal_F1: 0.9498
2025-10-18 21:51:27,149 - INFO - Confusion Matrix
 [78906.	  677.	    2.	    3.	    0.]
 [ 1255.	57182.	   40.	   15.	   59.]
 [    8.	  179.	 2689.	    0.	    0.]
 [   12.	    3.	    0.	 1584.	    0.]
 [   24.	  105.	    0.	    0.	10917.]
2025-10-18 21:51:27,214 - INFO - Epoch 62 saved.
2025-10-18 21:51:27,215 - INFO - model saved 37 times, last saved epoch: 62.

2025-10-18 21:51:30,251 - INFO - Epoch 63, Train loss: 0.3965484683187852
2025-10-18 21:51:31,096 - INFO - mIoU: 0.964; OA: 0.9847; AA: 0.9752; F1: 0.9815; Kappa: 0.9736;
2025-10-18 21:51:31,096 - INFO - spatial_LccAccuracy: 0.9285; spatial_PA: 0.9834; spatial_UA: 0.9939; spatial_F1: 0.9886
2025-10-18 21:51:31,096 - INFO - temporal_CdAccuracy: 0.763; temporal_PA: 0.9611; temporal_UA: 0.9435; temporal_F1: 0.9522
2025-10-18 21:51:31,097 - INFO - Confusion Matrix
 [78275.	 1301.	    1.	    8.	    3.]
 [  588.	57896.	   34.	    3.	   30.]
 [    4.	  205.	 2667.	    0.	    0.]
 [    8.	    7.	    0.	 1584.	    0.]
 [    4.	  156.	    0.	    0.	10886.]
2025-10-18 21:51:31,098 - INFO - model saved 37 times, last saved epoch: 62.

2025-10-18 21:51:34,130 - INFO - Epoch 64, Train loss: 0.40063275072885596
2025-10-18 21:51:34,955 - INFO - mIoU: 0.9626; OA: 0.9855; AA: 0.9763; F1: 0.9808; Kappa: 0.975;
2025-10-18 21:51:34,956 - INFO - spatial_LccAccuracy: 0.9321; spatial_PA: 0.985; spatial_UA: 0.9934; spatial_F1: 0.9892
2025-10-18 21:51:34,956 - INFO - temporal_CdAccuracy: 0.7665; temporal_PA: 0.9614; temporal_UA: 0.9478; temporal_F1: 0.9546
2025-10-18 21:51:34,957 - INFO - Confusion Matrix
 [78785.	  797.	    2.	    4.	    0.]
 [  956.	57457.	   57.	   19.	   62.]
 [    8.	  200.	 2668.	    0.	    0.]
 [    9.	    3.	    0.	 1587.	    0.]
 [   11.	   97.	    0.	    0.	10938.]
2025-10-18 21:51:34,958 - INFO - model saved 37 times, last saved epoch: 62.

2025-10-18 21:51:38,064 - INFO - Epoch 65, Train loss: 0.39597387991336563
2025-10-18 21:51:38,885 - INFO - mIoU: 0.9591; OA: 0.981; AA: 0.9718; F1: 0.9789; Kappa: 0.9673;
2025-10-18 21:51:38,885 - INFO - spatial_LccAccuracy: 0.9207; spatial_PA: 0.9644; spatial_UA: 0.989; spatial_F1: 0.9766
2025-10-18 21:51:38,885 - INFO - temporal_CdAccuracy: 0.7579; temporal_PA: 0.9554; temporal_UA: 0.942; temporal_F1: 0.9487
2025-10-18 21:51:38,886 - INFO - Confusion Matrix
 [78513.	 1065.	    2.	    8.	    0.]
 [ 1391.	57086.	   36.	    6.	   32.]
 [    1.	  224.	 2651.	    0.	    0.]
 [   10.	   10.	    0.	 1579.	    0.]
 [    0.	  129.	    0.	    0.	10917.]
2025-10-18 21:51:38,887 - INFO - model saved 37 times, last saved epoch: 62.

2025-10-18 21:51:42,024 - INFO - Epoch 66, Train loss: 0.39645486348164005
2025-10-18 21:51:42,914 - INFO - mIoU: 0.9637; OA: 0.9841; AA: 0.9765; F1: 0.9813; Kappa: 0.9726;
2025-10-18 21:51:42,914 - INFO - spatial_LccAccuracy: 0.9293; spatial_PA: 0.9869; spatial_UA: 0.9939; spatial_F1: 0.9904
2025-10-18 21:51:42,914 - INFO - temporal_CdAccuracy: 0.7677; temporal_PA: 0.9571; temporal_UA: 0.9463; temporal_F1: 0.9517
2025-10-18 21:51:42,915 - INFO - Confusion Matrix
 [78282.	 1291.	    2.	    9.	    4.]
 [  703.	57760.	   50.	    6.	   32.]
 [    7.	  178.	 2691.	    0.	    0.]
 [   10.	    5.	    0.	 1584.	    0.]
 [   19.	  132.	    0.	    0.	10895.]
2025-10-18 21:51:42,916 - INFO - model saved 37 times, last saved epoch: 62.

2025-10-18 21:51:46,167 - INFO - Epoch 67, Train loss: 0.39659788982468364
2025-10-18 21:51:47,021 - INFO - mIoU: 0.9645; OA: 0.9851; AA: 0.9783; F1: 0.9818; Kappa: 0.9744;
2025-10-18 21:51:47,021 - INFO - spatial_LccAccuracy: 0.9313; spatial_PA: 0.9888; spatial_UA: 0.9944; spatial_F1: 0.9916
2025-10-18 21:51:47,022 - INFO - temporal_CdAccuracy: 0.7677; temporal_PA: 0.9616; temporal_UA: 0.9496; temporal_F1: 0.9555
2025-10-18 21:51:47,023 - INFO - Confusion Matrix
 [78745.	  831.	    2.	    7.	    3.]
 [ 1005.	57402.	   64.	   11.	   69.]
 [    9.	  168.	 2699.	    0.	    0.]
 [    9.	    3.	    0.	 1587.	    0.]
 [   10.	   91.	    0.	    0.	10945.]
2025-10-18 21:51:47,115 - INFO - Epoch 67 saved.
2025-10-18 21:51:47,116 - INFO - model saved 38 times, last saved epoch: 67.

2025-10-18 21:51:50,376 - INFO - Epoch 68, Train loss: 0.39577615871932936
2025-10-18 21:51:51,234 - INFO - mIoU: 0.9639; OA: 0.9852; AA: 0.9751; F1: 0.9814; Kappa: 0.9744;
2025-10-18 21:51:51,234 - INFO - spatial_LccAccuracy: 0.9321; spatial_PA: 0.9891; spatial_UA: 0.9954; spatial_F1: 0.9922
2025-10-18 21:51:51,234 - INFO - temporal_CdAccuracy: 0.7704; temporal_PA: 0.9595; temporal_UA: 0.9512; temporal_F1: 0.9553
2025-10-18 21:51:51,235 - INFO - Confusion Matrix
 [78697.	  878.	    3.	    6.	    4.]
 [  944.	57509.	   34.	    6.	   58.]
 [    7.	  215.	 2654.	    0.	    0.]
 [   10.	    3.	    0.	 1586.	    0.]
 [    8.	  104.	    0.	    0.	10934.]
2025-10-18 21:51:51,235 - INFO - model saved 38 times, last saved epoch: 67.

2025-10-18 21:51:54,454 - INFO - Epoch 69, Train loss: 0.39652587778820014
2025-10-18 21:51:55,327 - INFO - mIoU: 0.966; OA: 0.9837; AA: 0.9821; F1: 0.9826; Kappa: 0.9719;
2025-10-18 21:51:55,327 - INFO - spatial_LccAccuracy: 0.9231; spatial_PA: 0.9883; spatial_UA: 0.9925; spatial_F1: 0.9904
2025-10-18 21:51:55,328 - INFO - temporal_CdAccuracy: 0.754; temporal_PA: 0.9538; temporal_UA: 0.9425; temporal_F1: 0.9481
2025-10-18 21:51:55,328 - INFO - Confusion Matrix
 [78223.	 1352.	    3.	    7.	    3.]
 [  751.	57659.	   84.	   13.	   44.]
 [    5.	  103.	 2768.	    0.	    0.]
 [   10.	    3.	    0.	 1586.	    0.]
 [    5.	  124.	    0.	    0.	10917.]
2025-10-18 21:51:55,392 - INFO - Epoch 69 saved.
2025-10-18 21:51:55,392 - INFO - model saved 39 times, last saved epoch: 69.

2025-10-18 21:51:58,407 - INFO - Epoch 70, Train loss: 0.3970430432269292
2025-10-18 21:51:59,181 - INFO - mIoU: 0.9622; OA: 0.9841; AA: 0.9738; F1: 0.9805; Kappa: 0.9726;
2025-10-18 21:51:59,181 - INFO - spatial_LccAccuracy: 0.925; spatial_PA: 0.9834; spatial_UA: 0.9939; spatial_F1: 0.9886
2025-10-18 21:51:59,181 - INFO - temporal_CdAccuracy: 0.7638; temporal_PA: 0.9593; temporal_UA: 0.9421; temporal_F1: 0.9506
2025-10-18 21:51:59,182 - INFO - Confusion Matrix
 [78511.	 1070.	    3.	    4.	    0.]
 [  895.	57555.	   37.	    5.	   59.]
 [    9.	  209.	 2658.	    0.	    0.]
 [    9.	   12.	    0.	 1578.	    0.]
 [   17.	  112.	    0.	    0.	10917.]
2025-10-18 21:51:59,183 - INFO - model saved 39 times, last saved epoch: 69.

2025-10-18 21:52:02,253 - INFO - Epoch 71, Train loss: 0.3967250631832928
2025-10-18 21:52:03,137 - INFO - mIoU: 0.9649; OA: 0.9846; AA: 0.977; F1: 0.982; Kappa: 0.9735;
2025-10-18 21:52:03,137 - INFO - spatial_LccAccuracy: 0.9285; spatial_PA: 0.9872; spatial_UA: 0.9949; spatial_F1: 0.991
2025-10-18 21:52:03,138 - INFO - temporal_CdAccuracy: 0.7684; temporal_PA: 0.9534; temporal_UA: 0.947; temporal_F1: 0.9502
2025-10-18 21:52:03,138 - INFO - Confusion Matrix
 [78331.	 1250.	    3.	    4.	    0.]
 [  670.	57802.	   42.	   11.	   26.]
 [    9.	  172.	 2695.	    0.	    0.]
 [    9.	    4.	    0.	 1586.	    0.]
 [   14.	  155.	    0.	    0.	10877.]
2025-10-18 21:52:03,139 - INFO - model saved 39 times, last saved epoch: 69.

2025-10-18 21:52:06,359 - INFO - Epoch 72, Train loss: 0.3970321492748971
2025-10-18 21:52:07,159 - INFO - mIoU: 0.9623; OA: 0.9848; AA: 0.9741; F1: 0.9806; Kappa: 0.9739;
2025-10-18 21:52:07,159 - INFO - spatial_LccAccuracy: 0.9356; spatial_PA: 0.9886; spatial_UA: 0.9935; spatial_F1: 0.991
2025-10-18 21:52:07,160 - INFO - temporal_CdAccuracy: 0.7724; temporal_PA: 0.9591; temporal_UA: 0.9537; temporal_F1: 0.9564
2025-10-18 21:52:07,160 - INFO - Confusion Matrix
 [78642.	  939.	    3.	    4.	    0.]
 [  925.	57534.	   37.	   12.	   43.]
 [    7.	  211.	 2658.	    0.	    0.]
 [   15.	    6.	    0.	 1578.	    0.]
 [   15.	  111.	    0.	    0.	10920.]
2025-10-18 21:52:07,161 - INFO - model saved 39 times, last saved epoch: 69.

2025-10-18 21:52:10,232 - INFO - Epoch 73, Train loss: 0.3958975955936479
2025-10-18 21:52:11,093 - INFO - mIoU: 0.9632; OA: 0.9849; AA: 0.9754; F1: 0.9811; Kappa: 0.974;
2025-10-18 21:52:11,094 - INFO - spatial_LccAccuracy: 0.934; spatial_PA: 0.9864; spatial_UA: 0.992; spatial_F1: 0.9892
2025-10-18 21:52:11,094 - INFO - temporal_CdAccuracy: 0.7708; temporal_PA: 0.9613; temporal_UA: 0.9505; temporal_F1: 0.9559
2025-10-18 21:52:11,095 - INFO - Confusion Matrix
 [78595.	  985.	    3.	    5.	    0.]
 [  890.	57561.	   42.	   11.	   47.]
 [    8.	  193.	 2675.	    0.	    0.]
 [   14.	    7.	    0.	 1578.	    0.]
 [   21.	   97.	    0.	    0.	10928.]
2025-10-18 21:52:11,096 - INFO - model saved 39 times, last saved epoch: 69.

2025-10-18 21:52:14,226 - INFO - Epoch 74, Train loss: 0.3956761202827003
2025-10-18 21:52:15,094 - INFO - mIoU: 0.967; OA: 0.9849; AA: 0.9824; F1: 0.9831; Kappa: 0.974;
2025-10-18 21:52:15,095 - INFO - spatial_LccAccuracy: 0.9258; spatial_PA: 0.9843; spatial_UA: 0.9941; spatial_F1: 0.9892
2025-10-18 21:52:15,095 - INFO - temporal_CdAccuracy: 0.7595; temporal_PA: 0.9592; temporal_UA: 0.9425; temporal_F1: 0.9508
2025-10-18 21:52:15,096 - INFO - Confusion Matrix
 [78861.	  720.	    3.	    4.	    0.]
 [ 1196.	57190.	   83.	   17.	   65.]
 [    7.	  105.	 2764.	    0.	    0.]
 [    8.	    3.	    0.	 1588.	    0.]
 [    7.	  102.	    0.	    0.	10937.]
2025-10-18 21:52:15,159 - INFO - Epoch 74 saved.
2025-10-18 21:52:15,160 - INFO - model saved 40 times, last saved epoch: 74.

2025-10-18 21:52:18,122 - INFO - Epoch 75, Train loss: 0.39651067082926356
2025-10-18 21:52:18,985 - INFO - mIoU: 0.9618; OA: 0.9846; AA: 0.9747; F1: 0.9803; Kappa: 0.9735;
2025-10-18 21:52:18,986 - INFO - spatial_LccAccuracy: 0.9274; spatial_PA: 0.9905; spatial_UA: 0.994; spatial_F1: 0.9922
2025-10-18 21:52:18,986 - INFO - temporal_CdAccuracy: 0.7618; temporal_PA: 0.9597; temporal_UA: 0.9452; temporal_F1: 0.9524
2025-10-18 21:52:18,987 - INFO - Confusion Matrix
 [78647.	  935.	    3.	    3.	    0.]
 [  961.	57474.	   49.	   15.	   52.]
 [   11.	  203.	 2662.	    0.	    0.]
 [   16.	    3.	    0.	 1580.	    0.]
 [   17.	   92.	    0.	    0.	10937.]
2025-10-18 21:52:18,988 - INFO - model saved 40 times, last saved epoch: 74.

2025-10-18 21:52:21,946 - INFO - Epoch 76, Train loss: 0.39585364827458164
2025-10-18 21:52:22,774 - INFO - mIoU: 0.9641; OA: 0.9853; AA: 0.9789; F1: 0.9816; Kappa: 0.9747;
2025-10-18 21:52:22,774 - INFO - spatial_LccAccuracy: 0.9336; spatial_PA: 0.9898; spatial_UA: 0.9947; spatial_F1: 0.9922
2025-10-18 21:52:22,774 - INFO - temporal_CdAccuracy: 0.7688; temporal_PA: 0.9577; temporal_UA: 0.949; temporal_F1: 0.9533
2025-10-18 21:52:22,775 - INFO - Confusion Matrix
 [78661.	  921.	    3.	    3.	    0.]
 [  906.	57490.	   66.	   22.	   67.]
 [    7.	  167.	 2702.	    0.	    0.]
 [   10.	    3.	    0.	 1586.	    0.]
 [    7.	   71.	    0.	    0.	10968.]
2025-10-18 21:52:22,776 - INFO - model saved 40 times, last saved epoch: 74.

2025-10-18 21:52:25,703 - INFO - Epoch 77, Train loss: 0.39528543812147576
2025-10-18 21:52:26,564 - INFO - mIoU: 0.9648; OA: 0.9858; AA: 0.9763; F1: 0.9819; Kappa: 0.9755;
2025-10-18 21:52:26,564 - INFO - spatial_LccAccuracy: 0.9352; spatial_PA: 0.9876; spatial_UA: 0.9932; spatial_F1: 0.9904
2025-10-18 21:52:26,564 - INFO - temporal_CdAccuracy: 0.7704; temporal_PA: 0.9593; temporal_UA: 0.9535; temporal_F1: 0.9564
2025-10-18 21:52:26,565 - INFO - Confusion Matrix
 [78564.	 1015.	    3.	    6.	    0.]
 [  741.	57723.	   52.	    4.	   31.]
 [    3.	  194.	 2679.	    0.	    0.]
 [   13.	    6.	    0.	 1580.	    0.]
 [   10.	  111.	    0.	    0.	10925.]
2025-10-18 21:52:26,566 - INFO - model saved 40 times, last saved epoch: 74.

2025-10-18 21:52:29,751 - INFO - Epoch 78, Train loss: 0.3955112769737007
2025-10-18 21:52:30,603 - INFO - mIoU: 0.9637; OA: 0.9853; AA: 0.9739; F1: 0.9813; Kappa: 0.9747;
2025-10-18 21:52:30,603 - INFO - spatial_LccAccuracy: 0.9328; spatial_PA: 0.9872; spatial_UA: 0.9949; spatial_F1: 0.991
2025-10-18 21:52:30,604 - INFO - temporal_CdAccuracy: 0.7684; temporal_PA: 0.9627; temporal_UA: 0.9474; temporal_F1: 0.955
2025-10-18 21:52:30,604 - INFO - Confusion Matrix
 [78527.	 1056.	    3.	    2.	    0.]
 [  754.	57728.	   28.	    7.	   34.]
 [    7.	  226.	 2643.	    0.	    0.]
 [   13.	    4.	    0.	 1582.	    0.]
 [    8.	  119.	    0.	    0.	10919.]
2025-10-18 21:52:30,605 - INFO - model saved 40 times, last saved epoch: 74.

2025-10-18 21:52:33,901 - INFO - Epoch 79, Train loss: 0.3944661337766588
2025-10-18 21:52:34,816 - INFO - mIoU: 0.9635; OA: 0.9845; AA: 0.9772; F1: 0.9812; Kappa: 0.9734;
2025-10-18 21:52:34,817 - INFO - spatial_LccAccuracy: 0.9223; spatial_PA: 0.9831; spatial_UA: 0.9929; spatial_F1: 0.988
2025-10-18 21:52:34,817 - INFO - temporal_CdAccuracy: 0.7571; temporal_PA: 0.9635; temporal_UA: 0.9388; temporal_F1: 0.951
2025-10-18 21:52:34,817 - INFO - Confusion Matrix
 [78213.	 1367.	    3.	    5.	    0.]
 [  569.	57840.	   70.	    3.	   69.]
 [    2.	  176.	 2698.	    0.	    0.]
 [    8.	   15.	    0.	 1576.	    0.]
 [    0.	   92.	    0.	    0.	10954.]
2025-10-18 21:52:34,819 - INFO - model saved 40 times, last saved epoch: 74.

2025-10-18 21:52:37,870 - INFO - Epoch 80, Train loss: 0.3963215241891257
2025-10-18 21:52:38,671 - INFO - mIoU: 0.9651; OA: 0.9839; AA: 0.9771; F1: 0.9821; Kappa: 0.9722;
2025-10-18 21:52:38,672 - INFO - spatial_LccAccuracy: 0.9282; spatial_PA: 0.9881; spatial_UA: 0.9916; spatial_F1: 0.9898
2025-10-18 21:52:38,672 - INFO - temporal_CdAccuracy: 0.763; temporal_PA: 0.9599; temporal_UA: 0.9443; temporal_F1: 0.952
2025-10-18 21:52:38,673 - INFO - Confusion Matrix
 [78644.	  938.	    3.	    3.	    0.]
 [ 1125.	57315.	   42.	    7.	   62.]
 [    8.	  171.	 2697.	    0.	    0.]
 [   13.	    3.	    0.	 1583.	    0.]
 [   18.	   86.	    0.	    0.	10942.]
2025-10-18 21:52:38,674 - INFO - model saved 40 times, last saved epoch: 74.

2025-10-18 21:52:41,749 - INFO - Epoch 81, Train loss: 0.3951963167753279
2025-10-18 21:52:42,603 - INFO - mIoU: 0.9621; OA: 0.9845; AA: 0.9752; F1: 0.9805; Kappa: 0.9734;
2025-10-18 21:52:42,604 - INFO - spatial_LccAccuracy: 0.9301; spatial_PA: 0.9874; spatial_UA: 0.9923; spatial_F1: 0.9898
2025-10-18 21:52:42,604 - INFO - temporal_CdAccuracy: 0.7657; temporal_PA: 0.9619; temporal_UA: 0.9472; temporal_F1: 0.9545
2025-10-18 21:52:42,605 - INFO - Confusion Matrix
 [78380.	 1202.	    3.	    3.	    0.]
 [  703.	57735.	   49.	   14.	   50.]
 [    6.	  206.	 2664.	    0.	    0.]
 [   13.	    3.	    0.	 1583.	    0.]
 [   16.	  107.	    0.	    0.	10923.]
2025-10-18 21:52:42,606 - INFO - model saved 40 times, last saved epoch: 74.

2025-10-18 21:52:45,591 - INFO - Epoch 82, Train loss: 0.3951573001672022
2025-10-18 21:52:46,467 - INFO - mIoU: 0.9673; OA: 0.9839; AA: 0.9812; F1: 0.9833; Kappa: 0.9723;
2025-10-18 21:52:46,467 - INFO - spatial_LccAccuracy: 0.925; spatial_PA: 0.9859; spatial_UA: 0.9901; spatial_F1: 0.988
2025-10-18 21:52:46,467 - INFO - temporal_CdAccuracy: 0.7579; temporal_PA: 0.9553; temporal_UA: 0.9424; temporal_F1: 0.9488
2025-10-18 21:52:46,468 - INFO - Confusion Matrix
 [78119.	 1454.	    2.	    6.	    7.]
 [  652.	57790.	   51.	   13.	   45.]
 [    1.	  125.	 2750.	    0.	    0.]
 [    8.	    7.	    0.	 1584.	    0.]
 [    0.	  104.	    0.	    0.	10942.]
2025-10-18 21:52:46,539 - INFO - Epoch 82 saved.
2025-10-18 21:52:46,539 - INFO - model saved 41 times, last saved epoch: 82.

2025-10-18 21:52:49,785 - INFO - Epoch 83, Train loss: 0.3951813412008819
2025-10-18 21:52:50,645 - INFO - mIoU: 0.9667; OA: 0.9852; AA: 0.9803; F1: 0.9829; Kappa: 0.9746;
2025-10-18 21:52:50,646 - INFO - spatial_LccAccuracy: 0.9332; spatial_PA: 0.9879; spatial_UA: 0.9942; spatial_F1: 0.991
2025-10-18 21:52:50,646 - INFO - temporal_CdAccuracy: 0.7653; temporal_PA: 0.9598; temporal_UA: 0.9493; temporal_F1: 0.9546
2025-10-18 21:52:50,647 - INFO - Confusion Matrix
 [78725.	  859.	    1.	    3.	    0.]
 [ 1004.	57405.	   79.	    9.	   54.]
 [   12.	  134.	 2730.	    0.	    0.]
 [   10.	    3.	    0.	 1586.	    0.]
 [    6.	   93.	    0.	    0.	10947.]
2025-10-18 21:52:50,648 - INFO - model saved 41 times, last saved epoch: 82.

2025-10-18 21:52:54,042 - INFO - Epoch 84, Train loss: 0.39456122984056885
2025-10-18 21:52:54,885 - INFO - mIoU: 0.9605; OA: 0.9833; AA: 0.975; F1: 0.9797; Kappa: 0.9712;
2025-10-18 21:52:54,886 - INFO - spatial_LccAccuracy: 0.9321; spatial_PA: 0.9876; spatial_UA: 0.9897; spatial_F1: 0.9886
2025-10-18 21:52:54,886 - INFO - temporal_CdAccuracy: 0.763; temporal_PA: 0.9543; temporal_UA: 0.948; temporal_F1: 0.9511
2025-10-18 21:52:54,887 - INFO - Confusion Matrix
 [78003.	 1576.	    3.	    6.	    0.]
 [  517.	57907.	   36.	   20.	   71.]
 [    4.	  208.	 2664.	    0.	    0.]
 [   10.	    6.	    0.	 1583.	    0.]
 [    0.	  115.	    0.	    0.	10931.]
2025-10-18 21:52:54,888 - INFO - model saved 41 times, last saved epoch: 82.

2025-10-18 21:52:58,020 - INFO - Epoch 85, Train loss: 0.39641210103627317
2025-10-18 21:52:58,843 - INFO - mIoU: 0.9555; OA: 0.9812; AA: 0.9674; F1: 0.977; Kappa: 0.9677;
2025-10-18 21:52:58,843 - INFO - spatial_LccAccuracy: 0.9106; spatial_PA: 0.9838; spatial_UA: 0.9922; spatial_F1: 0.988
2025-10-18 21:52:58,843 - INFO - temporal_CdAccuracy: 0.7493; temporal_PA: 0.9472; temporal_UA: 0.9331; temporal_F1: 0.9401
2025-10-18 21:52:58,844 - INFO - Confusion Matrix
 [77616.	 1962.	    1.	    9.	    0.]
 [  421.	58074.	   14.	    3.	   39.]
 [    6.	  284.	 2586.	    0.	    0.]
 [    8.	   21.	    0.	 1570.	    0.]
 [    0.	  122.	    0.	    0.	10924.]
2025-10-18 21:52:58,844 - INFO - model saved 41 times, last saved epoch: 82.

2025-10-18 21:53:02,024 - INFO - Epoch 86, Train loss: 0.39506490500817387
2025-10-18 21:53:02,873 - INFO - mIoU: 0.9622; OA: 0.984; AA: 0.9778; F1: 0.9805; Kappa: 0.9724;
2025-10-18 21:53:02,873 - INFO - spatial_LccAccuracy: 0.9301; spatial_PA: 0.9905; spatial_UA: 0.994; spatial_F1: 0.9922
2025-10-18 21:53:02,873 - INFO - temporal_CdAccuracy: 0.7622; temporal_PA: 0.9576; temporal_UA: 0.9441; temporal_F1: 0.9508
2025-10-18 21:53:02,874 - INFO - Confusion Matrix
 [78149.	 1420.	    2.	   10.	    7.]
 [  590.	57821.	   78.	   10.	   52.]
 [    4.	  177.	 2695.	    0.	    0.]
 [   10.	    3.	    0.	 1586.	    0.]
 [    0.	  102.	    0.	    0.	10944.]
2025-10-18 21:53:02,875 - INFO - model saved 41 times, last saved epoch: 82.

2025-10-18 21:53:05,817 - INFO - Epoch 87, Train loss: 0.3932094599889672
2025-10-18 21:53:06,697 - INFO - mIoU: 0.9659; OA: 0.9857; AA: 0.9775; F1: 0.9825; Kappa: 0.9753;
2025-10-18 21:53:06,697 - INFO - spatial_LccAccuracy: 0.9336; spatial_PA: 0.9874; spatial_UA: 0.9959; spatial_F1: 0.9916
2025-10-18 21:53:06,697 - INFO - temporal_CdAccuracy: 0.7731; temporal_PA: 0.9629; temporal_UA: 0.949; temporal_F1: 0.9559
2025-10-18 21:53:06,698 - INFO - Confusion Matrix
 [78737.	  842.	    4.	    5.	    0.]
 [  934.	57516.	   46.	    7.	   48.]
 [    7.	  164.	 2705.	    0.	    0.]
 [   10.	   12.	    0.	 1577.	    0.]
 [   12.	  108.	    0.	    0.	10926.]
2025-10-18 21:53:06,699 - INFO - model saved 41 times, last saved epoch: 82.

2025-10-18 21:53:09,692 - INFO - Epoch 88, Train loss: 0.3937686794663068
2025-10-18 21:53:10,566 - INFO - mIoU: 0.9608; OA: 0.9843; AA: 0.9728; F1: 0.9798; Kappa: 0.9729;
2025-10-18 21:53:10,566 - INFO - spatial_LccAccuracy: 0.9305; spatial_PA: 0.9779; spatial_UA: 0.9934; spatial_F1: 0.9856
2025-10-18 21:53:10,566 - INFO - temporal_CdAccuracy: 0.7638; temporal_PA: 0.9614; temporal_UA: 0.9456; temporal_F1: 0.9534
2025-10-18 21:53:10,567 - INFO - Confusion Matrix
 [78929.	  646.	    1.	   12.	    0.]
 [ 1309.	57135.	   19.	   12.	   76.]
 [    8.	  248.	 2620.	    0.	    0.]
 [   10.	    3.	    0.	 1586.	    0.]
 [   12.	   61.	    0.	    0.	10973.]
2025-10-18 21:53:10,568 - INFO - model saved 41 times, last saved epoch: 82.

2025-10-18 21:53:13,736 - INFO - Epoch 89, Train loss: 0.3942016168780949
2025-10-18 21:53:14,622 - INFO - mIoU: 0.9627; OA: 0.9851; AA: 0.9752; F1: 0.9808; Kappa: 0.9743;
2025-10-18 21:53:14,622 - INFO - spatial_LccAccuracy: 0.9356; spatial_PA: 0.9905; spatial_UA: 0.9976; spatial_F1: 0.994
2025-10-18 21:53:14,622 - INFO - temporal_CdAccuracy: 0.7681; temporal_PA: 0.9611; temporal_UA: 0.9499; temporal_F1: 0.9555
2025-10-18 21:53:14,622 - INFO - Confusion Matrix
 [78723.	  854.	    1.	   10.	    0.]
 [  983.	57447.	   50.	    5.	   66.]
 [    4.	  204.	 2668.	    0.	    0.]
 [   15.	    7.	    0.	 1577.	    0.]
 [   17.	   72.	    0.	    0.	10957.]
2025-10-18 21:53:14,623 - INFO - model saved 41 times, last saved epoch: 82.

2025-10-18 21:53:17,872 - INFO - Epoch 90, Train loss: 0.3932222361149995
2025-10-18 21:53:18,768 - INFO - mIoU: 0.9641; OA: 0.9856; AA: 0.974; F1: 0.9815; Kappa: 0.9751;
2025-10-18 21:53:18,769 - INFO - spatial_LccAccuracy: 0.9375; spatial_PA: 0.9884; spatial_UA: 0.9961; spatial_F1: 0.9922
2025-10-18 21:53:18,769 - INFO - temporal_CdAccuracy: 0.7724; temporal_PA: 0.9594; temporal_UA: 0.9539; temporal_F1: 0.9567
2025-10-18 21:53:18,770 - INFO - Confusion Matrix
 [78830.	  750.	    2.	    6.	    0.]
 [ 1006.	57480.	   32.	    3.	   30.]
 [    4.	  215.	 2657.	    0.	    0.]
 [   10.	   10.	    0.	 1579.	    0.]
 [   19.	  128.	    0.	    0.	10899.]
2025-10-18 21:53:18,771 - INFO - model saved 41 times, last saved epoch: 82.

2025-10-18 21:53:21,969 - INFO - Epoch 91, Train loss: 0.3935408203498177
2025-10-18 21:53:22,770 - INFO - mIoU: 0.9594; OA: 0.9841; AA: 0.975; F1: 0.979; Kappa: 0.9726;
2025-10-18 21:53:22,770 - INFO - spatial_LccAccuracy: 0.927; spatial_PA: 0.989; spatial_UA: 0.9918; spatial_F1: 0.9904
2025-10-18 21:53:22,770 - INFO - temporal_CdAccuracy: 0.7571; temporal_PA: 0.9555; temporal_UA: 0.9446; temporal_F1: 0.95
2025-10-18 21:53:22,771 - INFO - Confusion Matrix
 [78526.	 1057.	    2.	    3.	    0.]
 [  889.	57526.	   84.	   21.	   31.]
 [   10.	  196.	 2670.	    0.	    0.]
 [   13.	    3.	    0.	 1583.	    0.]
 [   16.	  121.	    0.	    0.	10909.]
2025-10-18 21:53:22,772 - INFO - model saved 41 times, last saved epoch: 82.

2025-10-18 21:53:25,645 - INFO - Epoch 92, Train loss: 0.39599507269651996
2025-10-18 21:53:26,503 - INFO - mIoU: 0.9636; OA: 0.9855; AA: 0.9763; F1: 0.9813; Kappa: 0.975;
2025-10-18 21:53:26,504 - INFO - spatial_LccAccuracy: 0.934; spatial_PA: 0.9933; spatial_UA: 0.9947; spatial_F1: 0.994
2025-10-18 21:53:26,504 - INFO - temporal_CdAccuracy: 0.7669; temporal_PA: 0.9564; temporal_UA: 0.9481; temporal_F1: 0.9522
2025-10-18 21:53:26,504 - INFO - Confusion Matrix
 [78751.	  825.	    2.	   10.	    0.]
 [  932.	57507.	   56.	    6.	   50.]
 [    7.	  185.	 2684.	    0.	    0.]
 [   17.	    1.	    0.	 1581.	    0.]
 [   18.	  117.	    0.	    0.	10911.]
2025-10-18 21:53:26,504 - INFO - model saved 41 times, last saved epoch: 82.

2025-10-18 21:53:29,639 - INFO - Epoch 93, Train loss: 0.3925083842336761
2025-10-18 21:53:30,479 - INFO - mIoU: 0.9643; OA: 0.9855; AA: 0.9752; F1: 0.9816; Kappa: 0.975;
2025-10-18 21:53:30,479 - INFO - spatial_LccAccuracy: 0.9344; spatial_PA: 0.9898; spatial_UA: 0.9947; spatial_F1: 0.9922
2025-10-18 21:53:30,479 - INFO - temporal_CdAccuracy: 0.7708; temporal_PA: 0.9606; temporal_UA: 0.9483; temporal_F1: 0.9544
2025-10-18 21:53:30,479 - INFO - Confusion Matrix
 [78776.	  802.	    1.	    9.	    0.]
 [  988.	57482.	   39.	    3.	   39.]
 [    7.	  204.	 2665.	    0.	    0.]
 [    9.	    9.	    0.	 1581.	    0.]
 [   19.	  103.	    0.	    0.	10924.]
2025-10-18 21:53:30,480 - INFO - model saved 41 times, last saved epoch: 82.

2025-10-18 21:53:33,367 - INFO - Epoch 94, Train loss: 0.3924867120218573
2025-10-18 21:53:34,473 - INFO - mIoU: 0.9663; OA: 0.9847; AA: 0.9802; F1: 0.9828; Kappa: 0.9737;
2025-10-18 21:53:34,473 - INFO - spatial_LccAccuracy: 0.9317; spatial_PA: 0.9898; spatial_UA: 0.9947; spatial_F1: 0.9922
2025-10-18 21:53:34,474 - INFO - temporal_CdAccuracy: 0.7653; temporal_PA: 0.964; temporal_UA: 0.9469; temporal_F1: 0.9554
2025-10-18 21:53:34,474 - INFO - Confusion Matrix
 [78375.	 1201.	    3.	    4.	    5.]
 [  746.	57682.	   62.	   13.	   48.]
 [    7.	  134.	 2735.	    0.	    0.]
 [   15.	    2.	    0.	 1582.	    0.]
 [   10.	   95.	    0.	    0.	10941.]
2025-10-18 21:53:34,474 - INFO - model saved 41 times, last saved epoch: 82.

2025-10-18 21:53:37,406 - INFO - Epoch 95, Train loss: 0.3933941027762727
2025-10-18 21:53:38,703 - INFO - mIoU: 0.9635; OA: 0.9862; AA: 0.9733; F1: 0.9812; Kappa: 0.9762;
2025-10-18 21:53:38,703 - INFO - spatial_LccAccuracy: 0.9336; spatial_PA: 0.9865; spatial_UA: 0.9956; spatial_F1: 0.991
2025-10-18 21:53:38,703 - INFO - temporal_CdAccuracy: 0.7747; temporal_PA: 0.9577; temporal_UA: 0.9562; temporal_F1: 0.957
2025-10-18 21:53:38,703 - INFO - Confusion Matrix
 [78803.	  776.	    3.	    3.	    3.]
 [  887.	57575.	   31.	    3.	   55.]
 [    8.	  236.	 2632.	    0.	    0.]
 [   10.	   12.	    0.	 1577.	    0.]
 [   15.	   77.	    0.	    0.	10954.]
2025-10-18 21:53:38,704 - INFO - model saved 41 times, last saved epoch: 82.

2025-10-18 21:53:41,968 - INFO - Epoch 96, Train loss: 0.39318612754715154
2025-10-18 21:53:43,257 - INFO - mIoU: 0.9632; OA: 0.9853; AA: 0.9755; F1: 0.9811; Kappa: 0.9746;
2025-10-18 21:53:43,257 - INFO - spatial_LccAccuracy: 0.9305; spatial_PA: 0.9898; spatial_UA: 0.9947; spatial_F1: 0.9922
2025-10-18 21:53:43,257 - INFO - temporal_CdAccuracy: 0.7708; temporal_PA: 0.9533; temporal_UA: 0.9503; temporal_F1: 0.9518
2025-10-18 21:53:43,257 - INFO - Confusion Matrix
 [78463.	 1107.	    3.	   15.	    0.]
 [  702.	57758.	   41.	    3.	   47.]
 [    7.	  199.	 2670.	    0.	    0.]
 [    7.	   12.	    0.	 1580.	    0.]
 [   10.	  113.	    0.	    0.	10923.]
2025-10-18 21:53:43,258 - INFO - model saved 41 times, last saved epoch: 82.

2025-10-18 21:53:46,029 - INFO - Epoch 97, Train loss: 0.39272654741447166
2025-10-18 21:53:47,412 - INFO - mIoU: 0.9659; OA: 0.9851; AA: 0.9771; F1: 0.9825; Kappa: 0.9743;
2025-10-18 21:53:47,412 - INFO - spatial_LccAccuracy: 0.9332; spatial_PA: 0.9914; spatial_UA: 0.9942; spatial_F1: 0.9928
2025-10-18 21:53:47,412 - INFO - temporal_CdAccuracy: 0.7677; temporal_PA: 0.961; temporal_UA: 0.9495; temporal_F1: 0.9552
2025-10-18 21:53:47,413 - INFO - Confusion Matrix
 [78509.	 1073.	    2.	    4.	    0.]
 [  783.	57695.	   44.	    6.	   23.]
 [    8.	  169.	 2699.	    0.	    0.]
 [   10.	    6.	    0.	 1583.	    0.]
 [   20.	  145.	    0.	    0.	10881.]
2025-10-18 21:53:47,414 - INFO - model saved 41 times, last saved epoch: 82.

2025-10-18 21:53:50,730 - INFO - Epoch 98, Train loss: 0.39282328667848004
2025-10-18 21:53:51,755 - INFO - mIoU: 0.9631; OA: 0.9853; AA: 0.975; F1: 0.981; Kappa: 0.9746;
2025-10-18 21:53:51,755 - INFO - spatial_LccAccuracy: 0.9289; spatial_PA: 0.9905; spatial_UA: 0.994; spatial_F1: 0.9922
2025-10-18 21:53:51,755 - INFO - temporal_CdAccuracy: 0.7716; temporal_PA: 0.9532; temporal_UA: 0.9519; temporal_F1: 0.9526
2025-10-18 21:53:51,756 - INFO - Confusion Matrix
 [78742.	  835.	    2.	    3.	    6.]
 [  955.	57490.	   50.	    8.	   48.]
 [    6.	  199.	 2671.	    0.	    0.]
 [   16.	    5.	    0.	 1578.	    0.]
 [   17.	  115.	    0.	    0.	10914.]
2025-10-18 21:53:51,756 - INFO - model saved 41 times, last saved epoch: 82.

2025-10-18 21:53:55,109 - INFO - Epoch 99, Train loss: 0.3938707246543458
2025-10-18 21:53:56,236 - INFO - mIoU: 0.9664; OA: 0.9859; AA: 0.9807; F1: 0.9828; Kappa: 0.9757;
2025-10-18 21:53:56,236 - INFO - spatial_LccAccuracy: 0.9352; spatial_PA: 0.9841; spatial_UA: 0.9932; spatial_F1: 0.9886
2025-10-18 21:53:56,236 - INFO - temporal_CdAccuracy: 0.7688; temporal_PA: 0.9601; temporal_UA: 0.9523; temporal_F1: 0.9561
2025-10-18 21:53:56,236 - INFO - Confusion Matrix
 [78522.	 1048.	    3.	   15.	    0.]
 [  708.	57719.	   80.	    3.	   41.]
 [    3.	  134.	 2739.	    0.	    0.]
 [    9.	    8.	    0.	 1582.	    0.]
 [    0.	  117.	    0.	    0.	10929.]
2025-10-18 21:53:56,237 - INFO - model saved 41 times, last saved epoch: 82.

2025-10-18 21:53:59,521 - INFO - Epoch 100, Train loss: 0.3921494217392821
2025-10-18 21:54:00,623 - INFO - mIoU: 0.9641; OA: 0.9853; AA: 0.9752; F1: 0.9815; Kappa: 0.9747;
2025-10-18 21:54:00,624 - INFO - spatial_LccAccuracy: 0.9352; spatial_PA: 0.9888; spatial_UA: 0.9944; spatial_F1: 0.9916
2025-10-18 21:54:00,624 - INFO - temporal_CdAccuracy: 0.7782; temporal_PA: 0.9587; temporal_UA: 0.9553; temporal_F1: 0.957
2025-10-18 21:54:00,625 - INFO - Confusion Matrix
 [78456.	 1118.	    3.	   11.	    0.]
 [  686.	57798.	   34.	    3.	   30.]
 [    4.	  207.	 2665.	    0.	    0.]
 [    8.	    9.	    0.	 1582.	    0.]
 [    8.	  133.	    0.	    0.	10905.]
2025-10-18 21:54:00,626 - INFO - model saved 41 times, last saved epoch: 82.

2025-10-18 21:54:03,666 - INFO - Epoch 101, Train loss: 0.39221887170157815
2025-10-18 21:54:04,942 - INFO - mIoU: 0.9622; OA: 0.9836; AA: 0.9761; F1: 0.9805; Kappa: 0.9718;
2025-10-18 21:54:04,942 - INFO - spatial_LccAccuracy: 0.9328; spatial_PA: 0.9907; spatial_UA: 0.9914; spatial_F1: 0.991
2025-10-18 21:54:04,942 - INFO - temporal_CdAccuracy: 0.7657; temporal_PA: 0.956; temporal_UA: 0.9478; temporal_F1: 0.9519
2025-10-18 21:54:04,943 - INFO - Confusion Matrix
 [78042.	 1533.	    4.	    9.	    0.]
 [  524.	57922.	   65.	    3.	   37.]
 [    0.	  195.	 2681.	    0.	    0.]
 [    7.	    8.	    0.	 1584.	    0.]
 [    4.	  129.	    0.	    0.	10913.]
2025-10-18 21:54:04,944 - INFO - model saved 41 times, last saved epoch: 82.

2025-10-18 21:54:08,302 - INFO - Epoch 102, Train loss: 0.3928152763325235
2025-10-18 21:54:09,188 - INFO - mIoU: 0.9644; OA: 0.9852; AA: 0.9767; F1: 0.9817; Kappa: 0.9745;
2025-10-18 21:54:09,188 - INFO - spatial_LccAccuracy: 0.9301; spatial_PA: 0.9796; spatial_UA: 0.9929; spatial_F1: 0.9862
2025-10-18 21:54:09,189 - INFO - temporal_CdAccuracy: 0.7649; temporal_PA: 0.9627; temporal_UA: 0.9466; temporal_F1: 0.9546
2025-10-18 21:54:09,190 - INFO - Confusion Matrix
 [78883.	  700.	    2.	    3.	    0.]
 [ 1137.	57299.	   51.	   12.	   52.]
 [    5.	  192.	 2679.	    0.	    0.]
 [   10.	    3.	    0.	 1586.	    0.]
 [   12.	   96.	    0.	    0.	10938.]
2025-10-18 21:54:09,191 - INFO - model saved 41 times, last saved epoch: 82.

