2025-11-10 03:51:51,863 - INFO - Epoch 0, Train loss: 1.7321606874465942
2025-11-10 03:51:52,761 - INFO - mIoU: 0.0079; OA: 0.0269; AA: 0.2037; F1: 0.0257; Kappa: -0.0054;
2025-11-10 03:51:52,761 - INFO - spatial_LccAccuracy: 0.0; spatial_PA: 0.5782; spatial_UA: 0.5524; spatial_F1: 0.565
2025-11-10 03:51:52,762 - INFO - temporal_CdAccuracy: 0.142; temporal_PA: 0.552; temporal_UA: 0.5524; temporal_F1: 0.5522
2025-11-10 03:51:52,762 - INFO - Confusion Matrix
 [    0.	 3904.	76823.	    0.	    4.]
 [    0.	 1148.	55071.	    0.	   95.]
 [    0.	    0.	 2982.	    0.	    6.]
 [    0.	  341.	 1341.	    0.	    0.]
 [    0.	  192.	11511.	    0.	    2.]
2025-11-10 03:51:52,803 - INFO - Epoch 0 saved.
2025-11-10 03:51:52,804 - INFO - model saved 1 times, last saved epoch: 0.

2025-11-10 03:51:55,942 - INFO - Epoch 1, Train loss: 1.5926172733306885
2025-11-10 03:51:57,011 - INFO - mIoU: 0.0874; OA: 0.3286; AA: 0.1545; F1: 0.2411; Kappa: -0.1712;
2025-11-10 03:51:57,011 - INFO - spatial_LccAccuracy: 0.0098; spatial_PA: 0.5333; spatial_UA: 0.8873; spatial_F1: 0.6662
2025-11-10 03:51:57,011 - INFO - temporal_CdAccuracy: 0.0141; temporal_PA: 0.6703; temporal_UA: 0.5302; temporal_F1: 0.5921
2025-11-10 03:51:57,012 - INFO - Confusion Matrix
 [27384.	52943.	  404.	    0.	    0.]
 [28975.	22952.	 4375.	    0.	   12.]
 [  860.	 2048.	   77.	    0.	    3.]
 [ 1052.	  630.	    0.	    0.	    0.]
 [ 9914.	 1789.	    2.	    0.	    0.]
2025-11-10 03:51:57,068 - INFO - Epoch 1 saved.
2025-11-10 03:51:57,069 - INFO - model saved 2 times, last saved epoch: 1.

2025-11-10 03:52:00,083 - INFO - Epoch 2, Train loss: 1.3630664348602295
2025-11-10 03:52:00,988 - INFO - mIoU: 0.1194; OA: 0.5428; AA: 0.2102; F1: 0.4072; Kappa: 0.0464;
2025-11-10 03:52:00,989 - INFO - spatial_LccAccuracy: 0.0407; spatial_PA: 0.4673; spatial_UA: 0.4556; spatial_F1: 0.4614
2025-11-10 03:52:00,989 - INFO - temporal_CdAccuracy: 0.1689; temporal_PA: 0.5049; temporal_UA: 0.5082; temporal_F1: 0.5065
2025-11-10 03:52:00,990 - INFO - Confusion Matrix
 [79632.	 1099.	    0.	    0.	    0.]
 [52668.	 3646.	    0.	    0.	    0.]
 [ 2273.	  715.	    0.	    0.	    0.]
 [ 1682.	    0.	    0.	    0.	    0.]
 [11705.	    0.	    0.	    0.	    0.]
2025-11-10 03:52:01,030 - INFO - Epoch 2 saved.
2025-11-10 03:52:01,031 - INFO - model saved 3 times, last saved epoch: 2.

2025-11-10 03:52:04,162 - INFO - Epoch 3, Train loss: 1.150039553642273
2025-11-10 03:52:05,128 - INFO - mIoU: 0.16; OA: 0.5985; AA: 0.2431; F1: 0.5522; Kappa: 0.1868;
2025-11-10 03:52:05,129 - INFO - spatial_LccAccuracy: 0.0618; spatial_PA: 0.5415; spatial_UA: 0.5338; spatial_F1: 0.5377
2025-11-10 03:52:05,129 - INFO - temporal_CdAccuracy: 0.1643; temporal_PA: 0.5282; temporal_UA: 0.5223; temporal_F1: 0.5252
2025-11-10 03:52:05,129 - INFO - Confusion Matrix
 [77264.	 3467.	    0.	    0.	    0.]
 [41758.	14556.	    0.	    0.	    0.]
 [ 1801.	 1187.	    0.	    0.	    0.]
 [ 1682.	    0.	    0.	    0.	    0.]
 [11686.	   19.	    0.	    0.	    0.]
2025-11-10 03:52:05,169 - INFO - Epoch 3 saved.
2025-11-10 03:52:05,170 - INFO - model saved 4 times, last saved epoch: 3.

2025-11-10 03:52:08,254 - INFO - Epoch 4, Train loss: 0.9870585799217224
2025-11-10 03:52:09,242 - INFO - mIoU: 0.2136; OA: 0.6765; AA: 0.2896; F1: 0.693; Kappa: 0.3722;
2025-11-10 03:52:09,242 - INFO - spatial_LccAccuracy: 0.1208; spatial_PA: 0.7351; spatial_UA: 0.6561; spatial_F1: 0.6933
2025-11-10 03:52:09,242 - INFO - temporal_CdAccuracy: 0.1975; temporal_PA: 0.6017; temporal_UA: 0.5631; temporal_F1: 0.5818
2025-11-10 03:52:09,243 - INFO - Confusion Matrix
 [73549.	 7182.	    0.	    0.	    0.]
 [26067.	30247.	    0.	    0.	    0.]
 [  613.	 2375.	    0.	    0.	    0.]
 [ 1682.	    0.	    0.	    0.	    0.]
 [11603.	  102.	    0.	    0.	    0.]
2025-11-10 03:52:09,284 - INFO - Epoch 4 saved.
2025-11-10 03:52:09,285 - INFO - model saved 5 times, last saved epoch: 4.

2025-11-10 03:52:12,373 - INFO - Epoch 5, Train loss: 0.8271773457527161
2025-11-10 03:52:13,370 - INFO - mIoU: 0.2515; OA: 0.7354; AA: 0.3237; F1: 0.7717; Kappa: 0.4999;
2025-11-10 03:52:13,370 - INFO - spatial_LccAccuracy: 0.1822; spatial_PA: 0.7731; spatial_UA: 0.69; spatial_F1: 0.7292
2025-11-10 03:52:13,370 - INFO - temporal_CdAccuracy: 0.23; temporal_PA: 0.668; temporal_UA: 0.597; temporal_F1: 0.6305
2025-11-10 03:52:13,371 - INFO - Confusion Matrix
 [71622.	 9109.	    0.	    0.	    0.]
 [15116.	41198.	    0.	    0.	    0.]
 [   47.	 2941.	    0.	    0.	    0.]
 [ 1671.	   11.	    0.	    0.	    0.]
 [11542.	  163.	    0.	    0.	    0.]
2025-11-10 03:52:13,412 - INFO - Epoch 5 saved.
2025-11-10 03:52:13,412 - INFO - model saved 6 times, last saved epoch: 5.

2025-11-10 03:52:16,563 - INFO - Epoch 6, Train loss: 0.6613708734512329
2025-11-10 03:52:17,535 - INFO - mIoU: 0.4771; OA: 0.8488; AA: 0.5289; F1: 0.8835; Kappa: 0.7335;
2025-11-10 03:52:17,535 - INFO - spatial_LccAccuracy: 0.3363; spatial_PA: 0.8649; spatial_UA: 0.791; spatial_F1: 0.8263
2025-11-10 03:52:17,535 - INFO - temporal_CdAccuracy: 0.2777; temporal_PA: 0.7139; temporal_UA: 0.6136; temporal_F1: 0.66
2025-11-10 03:52:17,536 - INFO - Confusion Matrix
 [71712.	 9004.	    0.	    0.	   15.]
 [ 8393.	47920.	    0.	    0.	    1.]
 [   12.	 2976.	    0.	    0.	    0.]
 [ 1662.	   20.	    0.	    0.	    0.]
 [  928.	  179.	    0.	    0.	10598.]
2025-11-10 03:52:17,583 - INFO - Epoch 6 saved.
2025-11-10 03:52:17,583 - INFO - model saved 7 times, last saved epoch: 6.

2025-11-10 03:52:20,663 - INFO - Epoch 7, Train loss: 0.5363591909408569
2025-11-10 03:52:21,564 - INFO - mIoU: 0.4905; OA: 0.8677; AA: 0.5395; F1: 0.898; Kappa: 0.7675;
2025-11-10 03:52:21,564 - INFO - spatial_LccAccuracy: 0.3954; spatial_PA: 0.9192; spatial_UA: 0.8602; spatial_F1: 0.8887
2025-11-10 03:52:21,564 - INFO - temporal_CdAccuracy: 0.3215; temporal_PA: 0.7391; temporal_UA: 0.6316; temporal_F1: 0.6812
2025-11-10 03:52:21,565 - INFO - Confusion Matrix
 [72488.	 8162.	    0.	    0.	   81.]
 [ 6345.	49954.	    0.	    0.	   15.]
 [    9.	 2979.	    0.	    0.	    0.]
 [ 1660.	   22.	    0.	    0.	    0.]
 [  863.	  162.	    0.	    0.	10680.]
2025-11-10 03:52:21,606 - INFO - Epoch 7 saved.
2025-11-10 03:52:21,606 - INFO - model saved 8 times, last saved epoch: 7.

2025-11-10 03:52:24,751 - INFO - Epoch 8, Train loss: 0.45568615198135376
2025-11-10 03:52:25,738 - INFO - mIoU: 0.4966; OA: 0.8765; AA: 0.5438; F1: 0.9046; Kappa: 0.7832;
2025-11-10 03:52:25,739 - INFO - spatial_LccAccuracy: 0.4099; spatial_PA: 0.9172; spatial_UA: 0.8624; spatial_F1: 0.889
2025-11-10 03:52:25,739 - INFO - temporal_CdAccuracy: 0.3391; temporal_PA: 0.7572; temporal_UA: 0.6462; temporal_F1: 0.6973
2025-11-10 03:52:25,740 - INFO - Confusion Matrix
 [72946.	 7693.	    0.	    0.	   92.]
 [ 5441.	50852.	    0.	    0.	   21.]
 [    9.	 2979.	    0.	    0.	    0.]
 [ 1656.	   26.	    0.	    0.	    0.]
 [  863.	  162.	    0.	    0.	10680.]
2025-11-10 03:52:25,781 - INFO - Epoch 8 saved.
2025-11-10 03:52:25,781 - INFO - model saved 9 times, last saved epoch: 8.

2025-11-10 03:52:28,926 - INFO - Epoch 9, Train loss: 0.4025746285915375
2025-11-10 03:52:29,827 - INFO - mIoU: 0.5006; OA: 0.8824; AA: 0.5463; F1: 0.9087; Kappa: 0.7933;
2025-11-10 03:52:29,828 - INFO - spatial_LccAccuracy: 0.4192; spatial_PA: 0.9175; spatial_UA: 0.8649; spatial_F1: 0.8904
2025-11-10 03:52:29,828 - INFO - temporal_CdAccuracy: 0.3543; temporal_PA: 0.7666; temporal_UA: 0.6562; temporal_F1: 0.7071
2025-11-10 03:52:29,829 - INFO - Confusion Matrix
 [73586.	 7043.	    0.	    0.	  102.]
 [ 5177.	51111.	    0.	    0.	   26.]
 [   22.	 2966.	    0.	    0.	    0.]
 [ 1655.	   27.	    0.	    0.	    0.]
 [  871.	  154.	    0.	    0.	10680.]
2025-11-10 03:52:29,870 - INFO - Epoch 9 saved.
2025-11-10 03:52:29,870 - INFO - model saved 10 times, last saved epoch: 9.

2025-11-10 03:52:33,063 - INFO - Epoch 10, Train loss: 0.3606385588645935
2025-11-10 03:52:33,983 - INFO - mIoU: 0.5316; OA: 0.8916; AA: 0.5748; F1: 0.742; Kappa: 0.8099;
2025-11-10 03:52:33,983 - INFO - spatial_LccAccuracy: 0.4396; spatial_PA: 0.9231; spatial_UA: 0.8675; spatial_F1: 0.8945
2025-11-10 03:52:33,983 - INFO - temporal_CdAccuracy: 0.3594; temporal_PA: 0.7809; temporal_UA: 0.6684; temporal_F1: 0.7203
2025-11-10 03:52:33,984 - INFO - Confusion Matrix
 [74064.	 6565.	    0.	    0.	  102.]
 [ 4607.	51667.	   14.	    0.	   26.]
 [   48.	 2562.	  378.	    0.	    0.]
 [ 1607.	   75.	    0.	    0.	    0.]
 [  854.	  171.	    0.	    0.	10680.]
2025-11-10 03:52:34,025 - INFO - Epoch 10 saved.
2025-11-10 03:52:34,026 - INFO - model saved 11 times, last saved epoch: 10.

2025-11-10 03:52:37,172 - INFO - Epoch 11, Train loss: 0.32435381412506104
2025-11-10 03:52:38,106 - INFO - mIoU: 0.5789; OA: 0.8999; AA: 0.6228; F1: 0.8177; Kappa: 0.8246;
2025-11-10 03:52:38,106 - INFO - spatial_LccAccuracy: 0.4697; spatial_PA: 0.9263; spatial_UA: 0.8663; spatial_F1: 0.8953
2025-11-10 03:52:38,106 - INFO - temporal_CdAccuracy: 0.3614; temporal_PA: 0.7796; temporal_UA: 0.6755; temporal_F1: 0.7238
2025-11-10 03:52:38,107 - INFO - Confusion Matrix
 [75197.	 5331.	    1.	    0.	  202.]
 [ 5014.	51108.	  109.	    0.	   83.]
 [  142.	 1762.	 1084.	    0.	    0.]
 [ 1610.	   72.	    0.	    0.	    0.]
 [  854.	  171.	    0.	    0.	10680.]
2025-11-10 03:52:38,149 - INFO - Epoch 11 saved.
2025-11-10 03:52:38,149 - INFO - model saved 12 times, last saved epoch: 11.

2025-11-10 03:52:41,271 - INFO - Epoch 12, Train loss: 0.2923782467842102
2025-11-10 03:52:42,222 - INFO - mIoU: 0.6147; OA: 0.9079; AA: 0.6594; F1: 0.6991; Kappa: 0.839;
2025-11-10 03:52:42,222 - INFO - spatial_LccAccuracy: 0.4986; spatial_PA: 0.9303; spatial_UA: 0.8705; spatial_F1: 0.8994
2025-11-10 03:52:42,222 - INFO - temporal_CdAccuracy: 0.379; temporal_PA: 0.7798; temporal_UA: 0.6844; temporal_F1: 0.729
2025-11-10 03:52:42,223 - INFO - Confusion Matrix
 [75548.	 4974.	   11.	    8.	  190.]
 [ 4498.	51548.	  199.	    0.	   69.]
 [  131.	 1446.	 1411.	    0.	    0.]
 [ 1371.	  205.	    3.	  103.	    0.]
 [  836.	  189.	    0.	    0.	10680.]
2025-11-10 03:52:42,274 - INFO - Epoch 12 saved.
2025-11-10 03:52:42,274 - INFO - model saved 13 times, last saved epoch: 12.

2025-11-10 03:52:45,361 - INFO - Epoch 13, Train loss: 0.2613500654697418
2025-11-10 03:52:46,290 - INFO - mIoU: 0.6588; OA: 0.9177; AA: 0.7033; F1: 0.7542; Kappa: 0.8566;
2025-11-10 03:52:46,290 - INFO - spatial_LccAccuracy: 0.5561; spatial_PA: 0.9398; spatial_UA: 0.8879; spatial_F1: 0.9131
2025-11-10 03:52:46,290 - INFO - temporal_CdAccuracy: 0.4224; temporal_PA: 0.7921; temporal_UA: 0.7014; temporal_F1: 0.744
2025-11-10 03:52:46,291 - INFO - Confusion Matrix
 [75873.	 4557.	   19.	   42.	  240.]
 [ 3779.	52262.	  198.	    4.	   71.]
 [   99.	 1262.	 1627.	    0.	    0.]
 [  953.	  407.	    3.	  319.	    0.]
 [  776.	  224.	    0.	    0.	10705.]
2025-11-10 03:52:46,333 - INFO - Epoch 13 saved.
2025-11-10 03:52:46,334 - INFO - model saved 14 times, last saved epoch: 13.

2025-11-10 03:52:49,422 - INFO - Epoch 14, Train loss: 0.2333119511604309
2025-11-10 03:52:50,351 - INFO - mIoU: 0.699; OA: 0.9237; AA: 0.7415; F1: 0.7964; Kappa: 0.8671;
2025-11-10 03:52:50,351 - INFO - spatial_LccAccuracy: 0.5894; spatial_PA: 0.9333; spatial_UA: 0.8795; spatial_F1: 0.9056
2025-11-10 03:52:50,352 - INFO - temporal_CdAccuracy: 0.44; temporal_PA: 0.7891; temporal_UA: 0.7121; temporal_F1: 0.7486
2025-11-10 03:52:50,352 - INFO - Confusion Matrix
 [76669.	 3798.	   26.	   16.	  222.]
 [ 4096.	51961.	  192.	   11.	   54.]
 [  109.	  997.	 1882.	    0.	    0.]
 [  881.	  313.	    0.	  488.	    0.]
 [  782.	  212.	    0.	    0.	10711.]
2025-11-10 03:52:50,393 - INFO - Epoch 14 saved.
2025-11-10 03:52:50,394 - INFO - model saved 15 times, last saved epoch: 14.

2025-11-10 03:52:53,578 - INFO - Epoch 15, Train loss: 0.21026022732257843
2025-11-10 03:52:54,570 - INFO - mIoU: 0.7369; OA: 0.9304; AA: 0.7803; F1: 0.8324; Kappa: 0.8792;
2025-11-10 03:52:54,570 - INFO - spatial_LccAccuracy: 0.6179; spatial_PA: 0.9359; spatial_UA: 0.8877; spatial_F1: 0.9111
2025-11-10 03:52:54,570 - INFO - temporal_CdAccuracy: 0.4693; temporal_PA: 0.8027; temporal_UA: 0.7284; temporal_F1: 0.7637
2025-11-10 03:52:54,570 - INFO - Confusion Matrix
 [76767.	 3586.	   29.	   46.	  303.]
 [ 3611.	52465.	  151.	   32.	   55.]
 [   57.	  888.	 2043.	    0.	    0.]
 [  677.	  307.	    0.	  698.	    0.]
 [  684.	  251.	    0.	    0.	10770.]
2025-11-10 03:52:54,612 - INFO - Epoch 15 saved.
2025-11-10 03:52:54,613 - INFO - model saved 16 times, last saved epoch: 15.

2025-11-10 03:52:57,696 - INFO - Epoch 16, Train loss: 0.19094085693359375
2025-11-10 03:52:58,708 - INFO - mIoU: 0.7489; OA: 0.9316; AA: 0.792; F1: 0.8422; Kappa: 0.8818;
2025-11-10 03:52:58,709 - INFO - spatial_LccAccuracy: 0.6253; spatial_PA: 0.9396; spatial_UA: 0.8996; spatial_F1: 0.9192
2025-11-10 03:52:58,709 - INFO - temporal_CdAccuracy: 0.5072; temporal_PA: 0.8154; temporal_UA: 0.7394; temporal_F1: 0.7755
2025-11-10 03:52:58,710 - INFO - Confusion Matrix
 [75819.	 4464.	   27.	   39.	  382.]
 [ 2698.	53427.	   94.	   46.	   49.]
 [   37.	  833.	 2118.	    0.	    0.]
 [  598.	  346.	    0.	  738.	    0.]
 [  557.	  326.	    0.	    0.	10822.]
2025-11-10 03:52:58,751 - INFO - Epoch 16 saved.
2025-11-10 03:52:58,751 - INFO - model saved 17 times, last saved epoch: 16.

2025-11-10 03:53:01,873 - INFO - Epoch 17, Train loss: 0.17569679021835327
2025-11-10 03:53:02,790 - INFO - mIoU: 0.7944; OA: 0.9406; AA: 0.8383; F1: 0.8764; Kappa: 0.8972;
2025-11-10 03:53:02,790 - INFO - spatial_LccAccuracy: 0.6719; spatial_PA: 0.9409; spatial_UA: 0.9145; spatial_F1: 0.9275
2025-11-10 03:53:02,790 - INFO - temporal_CdAccuracy: 0.5397; temporal_PA: 0.8247; temporal_UA: 0.7628; temporal_F1: 0.7926
2025-11-10 03:53:02,791 - INFO - Confusion Matrix
 [77086.	 3333.	   40.	   38.	  234.]
 [ 3042.	53021.	  172.	   62.	   17.]
 [   13.	  466.	 2509.	    0.	    0.]
 [  532.	  252.	    0.	  898.	    0.]
 [  603.	  314.	    0.	    0.	10788.]
2025-11-10 03:53:02,832 - INFO - Epoch 17 saved.
2025-11-10 03:53:02,833 - INFO - model saved 18 times, last saved epoch: 17.

2025-11-10 03:53:05,943 - INFO - Epoch 18, Train loss: 0.1627659797668457
2025-11-10 03:53:06,969 - INFO - mIoU: 0.8049; OA: 0.9432; AA: 0.8424; F1: 0.8839; Kappa: 0.9013;
2025-11-10 03:53:06,969 - INFO - spatial_LccAccuracy: 0.6867; spatial_PA: 0.9385; spatial_UA: 0.9098; spatial_F1: 0.9239
2025-11-10 03:53:06,970 - INFO - temporal_CdAccuracy: 0.5522; temporal_PA: 0.8146; temporal_UA: 0.7737; temporal_F1: 0.7936
2025-11-10 03:53:06,970 - INFO - Confusion Matrix
 [78123.	 2452.	   35.	   11.	  110.]
 [ 3730.	52380.	  133.	   68.	    3.]
 [   12.	  452.	 2524.	    0.	    0.]
 [  558.	  197.	    0.	  927.	    0.]
 [  719.	  239.	    0.	    0.	10747.]
2025-11-10 03:53:07,011 - INFO - Epoch 18 saved.
2025-11-10 03:53:07,012 - INFO - model saved 19 times, last saved epoch: 18.

2025-11-10 03:53:10,199 - INFO - Epoch 19, Train loss: 0.1516590267419815
2025-11-10 03:53:11,172 - INFO - mIoU: 0.8204; OA: 0.9454; AA: 0.8621; F1: 0.8958; Kappa: 0.9054;
2025-11-10 03:53:11,172 - INFO - spatial_LccAccuracy: 0.711; spatial_PA: 0.9456; spatial_UA: 0.9289; spatial_F1: 0.9372
2025-11-10 03:53:11,172 - INFO - temporal_CdAccuracy: 0.5729; temporal_PA: 0.8172; temporal_UA: 0.7891; temporal_F1: 0.8029
2025-11-10 03:53:11,173 - INFO - Confusion Matrix
 [78187.	 2170.	   33.	    6.	  335.]
 [ 3779.	52273.	  117.	  103.	   42.]
 [   10.	  438.	 2540.	    0.	    0.]
 [  493.	  139.	    0.	 1050.	    0.]
 [  484.	  227.	    0.	    0.	10994.]
2025-11-10 03:53:11,214 - INFO - Epoch 19 saved.
2025-11-10 03:53:11,214 - INFO - model saved 20 times, last saved epoch: 19.

2025-11-10 03:53:14,323 - INFO - Epoch 20, Train loss: 0.1420300006866455
2025-11-10 03:53:15,297 - INFO - mIoU: 0.8383; OA: 0.9492; AA: 0.8795; F1: 0.9079; Kappa: 0.9125;
2025-11-10 03:53:15,298 - INFO - spatial_LccAccuracy: 0.7169; spatial_PA: 0.9522; spatial_UA: 0.9727; spatial_F1: 0.9623
2025-11-10 03:53:15,298 - INFO - temporal_CdAccuracy: 0.5984; temporal_PA: 0.8438; temporal_UA: 0.7922; temporal_F1: 0.8172
2025-11-10 03:53:15,299 - INFO - Confusion Matrix
 [77241.	 3246.	   35.	   14.	  195.]
 [ 2369.	53704.	  130.	   99.	   12.]
 [    1.	  344.	 2643.	    0.	    0.]
 [  314.	  241.	    0.	 1127.	    0.]
 [  462.	  326.	    0.	    0.	10917.]
2025-11-10 03:53:15,340 - INFO - Epoch 20 saved.
2025-11-10 03:53:15,340 - INFO - model saved 21 times, last saved epoch: 20.

2025-11-10 03:53:18,525 - INFO - Epoch 21, Train loss: 0.13417091965675354
2025-11-10 03:53:19,467 - INFO - mIoU: 0.8579; OA: 0.9533; AA: 0.9047; F1: 0.9212; Kappa: 0.9195;
2025-11-10 03:53:19,467 - INFO - spatial_LccAccuracy: 0.7489; spatial_PA: 0.9468; spatial_UA: 0.9824; spatial_F1: 0.9642
2025-11-10 03:53:19,468 - INFO - temporal_CdAccuracy: 0.6195; temporal_PA: 0.8573; temporal_UA: 0.8114; temporal_F1: 0.8337
2025-11-10 03:53:19,468 - INFO - Confusion Matrix
 [77780.	 2703.	   47.	   24.	  177.]
 [ 2469.	53523.	  199.	  117.	    6.]
 [    1.	  244.	 2743.	    0.	    0.]
 [  202.	  206.	    0.	 1274.	    0.]
 [  453.	  317.	    0.	    0.	10935.]
2025-11-10 03:53:19,509 - INFO - Epoch 21 saved.
2025-11-10 03:53:19,509 - INFO - model saved 22 times, last saved epoch: 21.

2025-11-10 03:53:22,619 - INFO - Epoch 22, Train loss: 0.12683553993701935
2025-11-10 03:53:23,560 - INFO - mIoU: 0.8575; OA: 0.9542; AA: 0.9039; F1: 0.9206; Kappa: 0.921;
2025-11-10 03:53:23,560 - INFO - spatial_LccAccuracy: 0.756; spatial_PA: 0.9547; spatial_UA: 0.9726; spatial_F1: 0.9636
2025-11-10 03:53:23,561 - INFO - temporal_CdAccuracy: 0.6273; temporal_PA: 0.8493; temporal_UA: 0.8201; temporal_F1: 0.8344
2025-11-10 03:53:23,561 - INFO - Confusion Matrix
 [78331.	 1930.	   29.	   10.	  431.]
 [ 3089.	52864.	  135.	  142.	   84.]
 [    3.	  282.	 2703.	    0.	    0.]
 [  308.	  119.	    0.	 1255.	    0.]
 [  270.	  200.	    0.	    0.	11235.]
2025-11-10 03:53:23,562 - INFO - model saved 22 times, last saved epoch: 21.

2025-11-10 03:53:26,656 - INFO - Epoch 23, Train loss: 0.12155968695878983
2025-11-10 03:53:27,553 - INFO - mIoU: 0.8595; OA: 0.9516; AA: 0.9164; F1: 0.9224; Kappa: 0.9163;
2025-11-10 03:53:27,554 - INFO - spatial_LccAccuracy: 0.7513; spatial_PA: 0.957; spatial_UA: 0.968; spatial_F1: 0.9625
2025-11-10 03:53:27,554 - INFO - temporal_CdAccuracy: 0.6136; temporal_PA: 0.8329; temporal_UA: 0.8123; temporal_F1: 0.8225
2025-11-10 03:53:27,555 - INFO - Confusion Matrix
 [79242.	 1153.	   40.	   17.	  279.]
 [ 4307.	51464.	  269.	  187.	   87.]
 [    4.	  196.	 2788.	    0.	    0.]
 [  299.	   37.	    0.	 1346.	    0.]
 [  418.	  131.	    0.	    0.	11156.]
2025-11-10 03:53:27,610 - INFO - Epoch 23 saved.
2025-11-10 03:53:27,611 - INFO - model saved 23 times, last saved epoch: 23.

2025-11-10 03:53:30,812 - INFO - Epoch 24, Train loss: 0.11726957559585571
2025-11-10 03:53:31,719 - INFO - mIoU: 0.8723; OA: 0.957; AA: 0.9152; F1: 0.93; Kappa: 0.9256;
2025-11-10 03:53:31,719 - INFO - spatial_LccAccuracy: 0.7747; spatial_PA: 0.9543; spatial_UA: 0.9707; spatial_F1: 0.9624
2025-11-10 03:53:31,720 - INFO - temporal_CdAccuracy: 0.6402; temporal_PA: 0.8504; temporal_UA: 0.8337; temporal_F1: 0.8419
2025-11-10 03:53:31,720 - INFO - Confusion Matrix
 [79090.	 1544.	   27.	   12.	   58.]
 [ 3290.	52697.	  151.	  165.	   11.]
 [    4.	  244.	 2740.	    0.	    0.]
 [  236.	   85.	    0.	 1361.	    0.]
 [  581.	  188.	    0.	    0.	10936.]
2025-11-10 03:53:31,761 - INFO - Epoch 24 saved.
2025-11-10 03:53:31,762 - INFO - model saved 24 times, last saved epoch: 24.

2025-11-10 03:53:34,933 - INFO - Epoch 25, Train loss: 0.1123940572142601
2025-11-10 03:53:35,962 - INFO - mIoU: 0.8823; OA: 0.9608; AA: 0.9276; F1: 0.9361; Kappa: 0.9325;
2025-11-10 03:53:35,963 - INFO - spatial_LccAccuracy: 0.7841; spatial_PA: 0.9551; spatial_UA: 0.9808; spatial_F1: 0.9678
2025-11-10 03:53:35,963 - INFO - temporal_CdAccuracy: 0.6523; temporal_PA: 0.8696; temporal_UA: 0.8424; temporal_F1: 0.8558
2025-11-10 03:53:35,964 - INFO - Confusion Matrix
 [78516.	 1999.	   28.	   19.	  169.]
 [ 2400.	53570.	  169.	  157.	   18.]
 [    3.	  224.	 2761.	    0.	    0.]
 [  150.	  123.	    0.	 1409.	    0.]
 [  320.	  234.	    0.	    0.	11151.]
2025-11-10 03:53:36,008 - INFO - Epoch 25 saved.
2025-11-10 03:53:36,008 - INFO - model saved 25 times, last saved epoch: 25.

2025-11-10 03:53:39,179 - INFO - Epoch 26, Train loss: 0.10638142377138138
2025-11-10 03:53:40,094 - INFO - mIoU: 0.8828; OA: 0.9618; AA: 0.9243; F1: 0.9362; Kappa: 0.9342;
2025-11-10 03:53:40,095 - INFO - spatial_LccAccuracy: 0.788; spatial_PA: 0.9562; spatial_UA: 0.9784; spatial_F1: 0.9672
2025-11-10 03:53:40,095 - INFO - temporal_CdAccuracy: 0.6586; temporal_PA: 0.8716; temporal_UA: 0.8446; temporal_F1: 0.8579
2025-11-10 03:53:40,096 - INFO - Confusion Matrix
 [78589.	 1860.	   24.	   17.	  241.]
 [ 2384.	53626.	  123.	  139.	   42.]
 [    3.	  256.	 2729.	    0.	    0.]
 [  170.	  128.	    0.	 1384.	    0.]
 [  278.	  192.	    0.	    0.	11235.]
2025-11-10 03:53:40,136 - INFO - Epoch 26 saved.
2025-11-10 03:53:40,137 - INFO - model saved 26 times, last saved epoch: 26.

2025-11-10 03:53:43,240 - INFO - Epoch 27, Train loss: 0.10266746580600739
2025-11-10 03:53:44,180 - INFO - mIoU: 0.8912; OA: 0.9631; AA: 0.9315; F1: 0.9415; Kappa: 0.9366;
2025-11-10 03:53:44,180 - INFO - spatial_LccAccuracy: 0.7861; spatial_PA: 0.9479; spatial_UA: 0.9798; spatial_F1: 0.9636
2025-11-10 03:53:44,180 - INFO - temporal_CdAccuracy: 0.6637; temporal_PA: 0.8832; temporal_UA: 0.8471; temporal_F1: 0.8648
2025-11-10 03:53:44,181 - INFO - Confusion Matrix
 [78065.	 2495.	   26.	   30.	  115.]
 [ 1673.	54373.	  142.	  112.	   14.]
 [    1.	  246.	 2741.	    0.	    0.]
 [   64.	  179.	    0.	 1439.	    0.]
 [  316.	  246.	    0.	    0.	11143.]
2025-11-10 03:53:44,228 - INFO - Epoch 27 saved.
2025-11-10 03:53:44,228 - INFO - model saved 27 times, last saved epoch: 27.

2025-11-10 03:53:47,363 - INFO - Epoch 28, Train loss: 0.09932222217321396
2025-11-10 03:53:48,268 - INFO - mIoU: 0.8897; OA: 0.9637; AA: 0.9388; F1: 0.9405; Kappa: 0.9375;
2025-11-10 03:53:48,268 - INFO - spatial_LccAccuracy: 0.799; spatial_PA: 0.9649; spatial_UA: 0.9817; spatial_F1: 0.9732
2025-11-10 03:53:48,268 - INFO - temporal_CdAccuracy: 0.6758; temporal_PA: 0.879; temporal_UA: 0.8572; temporal_F1: 0.8679
2025-11-10 03:53:48,269 - INFO - Confusion Matrix
 [78982.	 1351.	   23.	   19.	  356.]
 [ 2625.	53253.	  163.	  179.	   94.]
 [    4.	  215.	 2769.	    0.	    0.]
 [  155.	   63.	    0.	 1464.	    0.]
 [  180.	  139.	    0.	    0.	11386.]
2025-11-10 03:53:48,270 - INFO - model saved 27 times, last saved epoch: 27.

2025-11-10 03:53:51,398 - INFO - Epoch 29, Train loss: 0.09547076374292374
2025-11-10 03:53:52,357 - INFO - mIoU: 0.8997; OA: 0.9658; AA: 0.942; F1: 0.9465; Kappa: 0.941;
2025-11-10 03:53:52,357 - INFO - spatial_LccAccuracy: 0.806; spatial_PA: 0.9585; spatial_UA: 0.9772; spatial_F1: 0.9678
2025-11-10 03:53:52,357 - INFO - temporal_CdAccuracy: 0.6805; temporal_PA: 0.8869; temporal_UA: 0.8639; temporal_F1: 0.8752
2025-11-10 03:53:52,358 - INFO - Confusion Matrix
 [79095.	 1466.	   19.	   26.	  125.]
 [ 2356.	53638.	  129.	  162.	   29.]
 [    3.	  230.	 2755.	    0.	    0.]
 [   79.	   85.	    0.	 1518.	    0.]
 [  381.	  164.	    0.	    0.	11160.]
2025-11-10 03:53:52,398 - INFO - Epoch 29 saved.
2025-11-10 03:53:52,399 - INFO - model saved 28 times, last saved epoch: 29.

2025-11-10 03:53:55,612 - INFO - Epoch 30, Train loss: 0.09283003956079483
2025-11-10 03:53:56,576 - INFO - mIoU: 0.9009; OA: 0.9673; AA: 0.9505; F1: 0.947; Kappa: 0.9438;
2025-11-10 03:53:56,577 - INFO - spatial_LccAccuracy: 0.8111; spatial_PA: 0.9602; spatial_UA: 0.9804; spatial_F1: 0.9702
2025-11-10 03:53:56,577 - INFO - temporal_CdAccuracy: 0.6946; temporal_PA: 0.8953; temporal_UA: 0.8748; temporal_F1: 0.885
2025-11-10 03:53:56,578 - INFO - Confusion Matrix
 [79168.	 1374.	   23.	   27.	  139.]
 [ 2288.	53574.	  205.	  193.	   54.]
 [    4.	  194.	 2790.	    0.	    0.]
 [   84.	   53.	    0.	 1545.	    0.]
 [  219.	  153.	    0.	    0.	11333.]
2025-11-10 03:53:56,618 - INFO - Epoch 30 saved.
2025-11-10 03:53:56,619 - INFO - model saved 29 times, last saved epoch: 30.

2025-11-10 03:53:59,735 - INFO - Epoch 31, Train loss: 0.08993781358003616
2025-11-10 03:54:00,650 - INFO - mIoU: 0.8939; OA: 0.9668; AA: 0.9323; F1: 0.9427; Kappa: 0.9428;
2025-11-10 03:54:00,651 - INFO - spatial_LccAccuracy: 0.8146; spatial_PA: 0.9713; spatial_UA: 0.9765; spatial_F1: 0.9739
2025-11-10 03:54:00,651 - INFO - temporal_CdAccuracy: 0.6864; temporal_PA: 0.888; temporal_UA: 0.8747; temporal_F1: 0.8813
2025-11-10 03:54:00,652 - INFO - Confusion Matrix
 [79159.	 1485.	   18.	    9.	   60.]
 [ 2198.	53785.	  160.	  139.	   32.]
 [    5.	  223.	 2760.	    0.	    0.]
 [  174.	   87.	    0.	 1421.	    0.]
 [  322.	  179.	    0.	    0.	11204.]
2025-11-10 03:54:00,653 - INFO - model saved 29 times, last saved epoch: 30.

2025-11-10 03:54:03,758 - INFO - Epoch 32, Train loss: 0.08644861727952957
2025-11-10 03:54:04,691 - INFO - mIoU: 0.9045; OA: 0.9686; AA: 0.9525; F1: 0.9491; Kappa: 0.9461;
2025-11-10 03:54:04,692 - INFO - spatial_LccAccuracy: 0.8189; spatial_PA: 0.973; spatial_UA: 0.9796; spatial_F1: 0.9763
2025-11-10 03:54:04,692 - INFO - temporal_CdAccuracy: 0.6973; temporal_PA: 0.8954; temporal_UA: 0.8808; temporal_F1: 0.888
2025-11-10 03:54:04,693 - INFO - Confusion Matrix
 [78873.	 1520.	   19.	   17.	  302.]
 [ 1956.	53929.	  145.	  196.	   88.]
 [    4.	  211.	 2773.	    0.	    0.]
 [  107.	   30.	    0.	 1545.	    0.]
 [   96.	  126.	    0.	    0.	11483.]
2025-11-10 03:54:04,734 - INFO - Epoch 32 saved.
2025-11-10 03:54:04,734 - INFO - model saved 30 times, last saved epoch: 32.

2025-11-10 03:54:07,869 - INFO - Epoch 33, Train loss: 0.0833398625254631
2025-11-10 03:54:08,820 - INFO - mIoU: 0.9085; OA: 0.9704; AA: 0.9606; F1: 0.9513; Kappa: 0.9491;
2025-11-10 03:54:08,820 - INFO - spatial_LccAccuracy: 0.8248; spatial_PA: 0.9639; spatial_UA: 0.9778; spatial_F1: 0.9708
2025-11-10 03:54:08,820 - INFO - temporal_CdAccuracy: 0.7016; temporal_PA: 0.9055; temporal_UA: 0.8845; temporal_F1: 0.8949
2025-11-10 03:54:08,821 - INFO - Confusion Matrix
 [79181.	 1314.	   21.	   37.	  178.]
 [ 1986.	53856.	  181.	  224.	   67.]
 [    4.	  187.	 2797.	    0.	    0.]
 [   48.	   33.	    0.	 1601.	    0.]
 [  126.	  134.	    0.	    0.	11445.]
2025-11-10 03:54:08,862 - INFO - Epoch 33 saved.
2025-11-10 03:54:08,863 - INFO - model saved 31 times, last saved epoch: 33.

2025-11-10 03:54:11,979 - INFO - Epoch 34, Train loss: 0.08217774331569672
2025-11-10 03:54:12,935 - INFO - mIoU: 0.9139; OA: 0.9722; AA: 0.9512; F1: 0.9543; Kappa: 0.9522;
2025-11-10 03:54:12,935 - INFO - spatial_LccAccuracy: 0.8385; spatial_PA: 0.9661; spatial_UA: 0.9829; spatial_F1: 0.9744
2025-11-10 03:54:12,935 - INFO - temporal_CdAccuracy: 0.6934; temporal_PA: 0.9084; temporal_UA: 0.8873; temporal_F1: 0.8977
2025-11-10 03:54:12,936 - INFO - Confusion Matrix
 [79210.	 1354.	   17.	   13.	  137.]
 [ 1800.	54186.	  161.	  119.	   48.]
 [    4.	  193.	 2791.	    0.	    0.]
 [   60.	  108.	    0.	 1514.	    0.]
 [   97.	  154.	    0.	    0.	11454.]
2025-11-10 03:54:12,985 - INFO - Epoch 34 saved.
2025-11-10 03:54:12,986 - INFO - model saved 32 times, last saved epoch: 34.

2025-11-10 03:54:16,134 - INFO - Epoch 35, Train loss: 0.07989154011011124
2025-11-10 03:54:17,084 - INFO - mIoU: 0.9163; OA: 0.9726; AA: 0.951; F1: 0.9557; Kappa: 0.953;
2025-11-10 03:54:17,085 - INFO - spatial_LccAccuracy: 0.8314; spatial_PA: 0.9572; spatial_UA: 0.9823; spatial_F1: 0.9696
2025-11-10 03:54:17,085 - INFO - temporal_CdAccuracy: 0.6891; temporal_PA: 0.9143; temporal_UA: 0.8839; temporal_F1: 0.8988
2025-11-10 03:54:17,086 - INFO - Confusion Matrix
 [78833.	 1799.	   18.	   15.	   66.]
 [ 1325.	54713.	  144.	  108.	   24.]
 [    1.	  200.	 2787.	    0.	    0.]
 [   46.	  118.	    0.	 1518.	    0.]
 [  130.	  204.	    0.	    0.	11371.]
2025-11-10 03:54:17,131 - INFO - Epoch 35 saved.
2025-11-10 03:54:17,132 - INFO - model saved 33 times, last saved epoch: 35.

2025-11-10 03:54:20,255 - INFO - Epoch 36, Train loss: 0.07699331641197205
2025-11-10 03:54:21,200 - INFO - mIoU: 0.915; OA: 0.9722; AA: 0.9542; F1: 0.955; Kappa: 0.9522;
2025-11-10 03:54:21,200 - INFO - spatial_LccAccuracy: 0.8361; spatial_PA: 0.9742; spatial_UA: 0.9843; spatial_F1: 0.9792
2025-11-10 03:54:21,200 - INFO - temporal_CdAccuracy: 0.6969; temporal_PA: 0.9176; temporal_UA: 0.8883; temporal_F1: 0.9027
2025-11-10 03:54:21,201 - INFO - Confusion Matrix
 [78945.	 1702.	   23.	   14.	   47.]
 [ 1412.	54537.	  197.	  123.	   45.]
 [    3.	  174.	 2811.	    0.	    0.]
 [   52.	   88.	    0.	 1542.	    0.]
 [  219.	  163.	    0.	    0.	11323.]
2025-11-10 03:54:21,202 - INFO - model saved 33 times, last saved epoch: 35.

2025-11-10 03:54:24,309 - INFO - Epoch 37, Train loss: 0.07504496723413467
2025-11-10 03:54:25,238 - INFO - mIoU: 0.9161; OA: 0.9733; AA: 0.9496; F1: 0.9555; Kappa: 0.9541;
2025-11-10 03:54:25,238 - INFO - spatial_LccAccuracy: 0.842; spatial_PA: 0.9748; spatial_UA: 0.9801; spatial_F1: 0.9775
2025-11-10 03:54:25,239 - INFO - temporal_CdAccuracy: 0.6993; temporal_PA: 0.9146; temporal_UA: 0.8876; temporal_F1: 0.9009
2025-11-10 03:54:25,239 - INFO - Confusion Matrix
 [79231.	 1422.	   14.	    8.	   56.]
 [ 1601.	54419.	  124.	  123.	   47.]
 [    6.	  213.	 2769.	    0.	    0.]
 [  107.	   62.	    0.	 1513.	    0.]
 [  158.	  148.	    0.	    0.	11399.]
2025-11-10 03:54:25,240 - INFO - model saved 33 times, last saved epoch: 35.

2025-11-10 03:54:28,356 - INFO - Epoch 38, Train loss: 0.07358191907405853
2025-11-10 03:54:29,334 - INFO - mIoU: 0.9176; OA: 0.974; AA: 0.9573; F1: 0.9564; Kappa: 0.9553;
2025-11-10 03:54:29,334 - INFO - spatial_LccAccuracy: 0.8506; spatial_PA: 0.9783; spatial_UA: 0.9803; spatial_F1: 0.9793
2025-11-10 03:54:29,335 - INFO - temporal_CdAccuracy: 0.7071; temporal_PA: 0.9193; temporal_UA: 0.8961; temporal_F1: 0.9076
2025-11-10 03:54:29,335 - INFO - Confusion Matrix
 [79213.	 1363.	   16.	   12.	  127.]
 [ 1560.	54386.	  130.	  167.	   71.]
 [    5.	  202.	 2781.	    0.	    0.]
 [   80.	   43.	    0.	 1559.	    0.]
 [   67.	  144.	    0.	    0.	11494.]
2025-11-10 03:54:29,386 - INFO - Epoch 38 saved.
2025-11-10 03:54:29,386 - INFO - model saved 34 times, last saved epoch: 38.

2025-11-10 03:54:32,545 - INFO - Epoch 39, Train loss: 0.0726839080452919
2025-11-10 03:54:33,478 - INFO - mIoU: 0.9164; OA: 0.9738; AA: 0.949; F1: 0.9556; Kappa: 0.955;
2025-11-10 03:54:33,478 - INFO - spatial_LccAccuracy: 0.842; spatial_PA: 0.967; spatial_UA: 0.9868; spatial_F1: 0.9768
2025-11-10 03:54:33,478 - INFO - temporal_CdAccuracy: 0.6961; temporal_PA: 0.9189; temporal_UA: 0.8934; temporal_F1: 0.906
2025-11-10 03:54:33,479 - INFO - Confusion Matrix
 [78634.	 1891.	   17.	   18.	  171.]
 [ 1097.	54942.	  148.	   65.	   62.]
 [    1.	  192.	 2795.	    0.	    0.]
 [   38.	  177.	    0.	 1467.	    0.]
 [   18.	  127.	    0.	    0.	11560.]
2025-11-10 03:54:33,480 - INFO - model saved 34 times, last saved epoch: 38.

2025-11-10 03:54:36,709 - INFO - Epoch 40, Train loss: 0.06974855810403824
2025-11-10 03:54:37,649 - INFO - mIoU: 0.9117; OA: 0.973; AA: 0.9647; F1: 0.953; Kappa: 0.9536;
2025-11-10 03:54:37,650 - INFO - spatial_LccAccuracy: 0.8404; spatial_PA: 0.9747; spatial_UA: 0.9862; spatial_F1: 0.9804
2025-11-10 03:54:37,650 - INFO - temporal_CdAccuracy: 0.7032; temporal_PA: 0.9167; temporal_UA: 0.894; temporal_F1: 0.9052
2025-11-10 03:54:37,651 - INFO - Confusion Matrix
 [78978.	 1709.	   21.	   20.	    3.]
 [ 1273.	54459.	  356.	  183.	   43.]
 [    3.	  136.	 2849.	    0.	    0.]
 [   38.	   43.	    0.	 1601.	    0.]
 [  143.	  176.	    0.	    0.	11386.]
2025-11-10 03:54:37,652 - INFO - model saved 34 times, last saved epoch: 38.

2025-11-10 03:54:40,764 - INFO - Epoch 41, Train loss: 0.0687318667769432
2025-11-10 03:54:41,778 - INFO - mIoU: 0.9221; OA: 0.9738; AA: 0.9607; F1: 0.9589; Kappa: 0.9549;
2025-11-10 03:54:41,779 - INFO - spatial_LccAccuracy: 0.8522; spatial_PA: 0.9738; spatial_UA: 0.9731; spatial_F1: 0.9735
2025-11-10 03:54:41,779 - INFO - temporal_CdAccuracy: 0.7047; temporal_PA: 0.916; temporal_UA: 0.8978; temporal_F1: 0.9068
2025-11-10 03:54:41,780 - INFO - Confusion Matrix
 [79880.	  753.	   10.	   11.	   77.]
 [ 2322.	53623.	  137.	  166.	   66.]
 [    8.	  193.	 2787.	    0.	    0.]
 [   72.	   21.	    0.	 1589.	    0.]
 [   59.	  123.	    0.	    0.	11523.]
2025-11-10 03:54:41,821 - INFO - Epoch 41 saved.
2025-11-10 03:54:41,822 - INFO - model saved 35 times, last saved epoch: 41.

2025-11-10 03:54:44,992 - INFO - Epoch 42, Train loss: 0.06740651279687881
2025-11-10 03:54:45,911 - INFO - mIoU: 0.9218; OA: 0.9749; AA: 0.9646; F1: 0.9587; Kappa: 0.9568;
2025-11-10 03:54:45,912 - INFO - spatial_LccAccuracy: 0.8541; spatial_PA: 0.9729; spatial_UA: 0.9762; spatial_F1: 0.9745
2025-11-10 03:54:45,912 - INFO - temporal_CdAccuracy: 0.7102; temporal_PA: 0.919; temporal_UA: 0.9031; temporal_F1: 0.911
2025-11-10 03:54:45,913 - INFO - Confusion Matrix
 [79800.	  840.	   11.	   14.	   66.]
 [ 2031.	53850.	  200.	  176.	   57.]
 [    5.	  156.	 2827.	    0.	    0.]
 [   57.	   27.	    0.	 1598.	    0.]
 [   59.	  149.	    0.	    0.	11497.]
2025-11-10 03:54:45,914 - INFO - model saved 35 times, last saved epoch: 41.

2025-11-10 03:54:49,015 - INFO - Epoch 43, Train loss: 0.06631625443696976
2025-11-10 03:54:49,923 - INFO - mIoU: 0.9264; OA: 0.9749; AA: 0.9622; F1: 0.9613; Kappa: 0.9568;
2025-11-10 03:54:49,924 - INFO - spatial_LccAccuracy: 0.8623; spatial_PA: 0.9774; spatial_UA: 0.9834; spatial_F1: 0.9804
2025-11-10 03:54:49,924 - INFO - temporal_CdAccuracy: 0.7063; temporal_PA: 0.9182; temporal_UA: 0.9015; temporal_F1: 0.9097
2025-11-10 03:54:49,925 - INFO - Confusion Matrix
 [79435.	 1182.	   15.	    9.	   90.]
 [ 1774.	54193.	  174.	  112.	   61.]
 [    5.	  159.	 2824.	    0.	    0.]
 [   62.	   50.	    0.	 1570.	    0.]
 [   25.	  135.	    0.	    0.	11545.]
2025-11-10 03:54:49,987 - INFO - Epoch 43 saved.
2025-11-10 03:54:49,987 - INFO - model saved 36 times, last saved epoch: 43.

2025-11-10 03:54:53,169 - INFO - Epoch 44, Train loss: 0.06490634381771088
2025-11-10 03:54:54,081 - INFO - mIoU: 0.928; OA: 0.9761; AA: 0.9715; F1: 0.9621; Kappa: 0.9589;
2025-11-10 03:54:54,082 - INFO - spatial_LccAccuracy: 0.8627; spatial_PA: 0.9788; spatial_UA: 0.9821; spatial_F1: 0.9805
2025-11-10 03:54:54,082 - INFO - temporal_CdAccuracy: 0.7157; temporal_PA: 0.9276; temporal_UA: 0.9095; temporal_F1: 0.9185
2025-11-10 03:54:54,083 - INFO - Confusion Matrix
 [79122.	 1542.	   16.	   31.	   20.]
 [ 1292.	54608.	  170.	  178.	   66.]
 [    2.	  161.	 2825.	    0.	    0.]
 [   15.	   27.	    0.	 1640.	    0.]
 [   27.	  125.	    0.	    0.	11553.]
2025-11-10 03:54:54,124 - INFO - Epoch 44 saved.
2025-11-10 03:54:54,124 - INFO - model saved 37 times, last saved epoch: 44.

2025-11-10 03:54:57,309 - INFO - Epoch 45, Train loss: 0.06387303024530411
2025-11-10 03:54:58,261 - INFO - mIoU: 0.9304; OA: 0.9769; AA: 0.9644; F1: 0.9635; Kappa: 0.9604;
2025-11-10 03:54:58,261 - INFO - spatial_LccAccuracy: 0.8686; spatial_PA: 0.9768; spatial_UA: 0.9841; spatial_F1: 0.9804
2025-11-10 03:54:58,261 - INFO - temporal_CdAccuracy: 0.7149; temporal_PA: 0.929; temporal_UA: 0.9103; temporal_F1: 0.9196
2025-11-10 03:54:58,262 - INFO - Confusion Matrix
 [79576.	 1028.	   10.	   10.	  107.]
 [ 1667.	54331.	   92.	  145.	   79.]
 [    3.	  203.	 2782.	    0.	    0.]
 [   50.	   35.	    0.	 1597.	    0.]
 [    3.	  105.	    0.	    0.	11597.]
2025-11-10 03:54:58,304 - INFO - Epoch 45 saved.
2025-11-10 03:54:58,304 - INFO - model saved 38 times, last saved epoch: 45.

2025-11-10 03:55:01,474 - INFO - Epoch 46, Train loss: 0.0622732900083065
2025-11-10 03:55:02,439 - INFO - mIoU: 0.9318; OA: 0.9768; AA: 0.9624; F1: 0.9643; Kappa: 0.9601;
2025-11-10 03:55:02,439 - INFO - spatial_LccAccuracy: 0.8709; spatial_PA: 0.9746; spatial_UA: 0.9826; spatial_F1: 0.9786
2025-11-10 03:55:02,440 - INFO - temporal_CdAccuracy: 0.7133; temporal_PA: 0.9235; temporal_UA: 0.9059; temporal_F1: 0.9146
2025-11-10 03:55:02,440 - INFO - Confusion Matrix
 [79376.	 1237.	   10.	   14.	   94.]
 [ 1507.	54508.	  167.	   65.	   67.]
 [    6.	  153.	 2829.	    0.	    0.]
 [   48.	   81.	    0.	 1553.	    0.]
 [    6.	  103.	    0.	    0.	11596.]
2025-11-10 03:55:02,482 - INFO - Epoch 46 saved.
2025-11-10 03:55:02,483 - INFO - model saved 39 times, last saved epoch: 46.

2025-11-10 03:55:05,582 - INFO - Epoch 47, Train loss: 0.06221882253885269
2025-11-10 03:55:06,487 - INFO - mIoU: 0.9325; OA: 0.9754; AA: 0.9633; F1: 0.9647; Kappa: 0.9576;
2025-11-10 03:55:06,487 - INFO - spatial_LccAccuracy: 0.8694; spatial_PA: 0.9736; spatial_UA: 0.9756; spatial_F1: 0.9746
2025-11-10 03:55:06,487 - INFO - temporal_CdAccuracy: 0.7063; temporal_PA: 0.9194; temporal_UA: 0.9063; temporal_F1: 0.9128
2025-11-10 03:55:06,488 - INFO - Confusion Matrix
 [80042.	  619.	    7.	   11.	   52.]
 [ 2349.	53691.	  101.	  116.	   57.]
 [    6.	  185.	 2797.	    0.	    0.]
 [   47.	   34.	    0.	 1601.	    0.]
 [   44.	  148.	    0.	    0.	11513.]
2025-11-10 03:55:06,529 - INFO - Epoch 47 saved.
2025-11-10 03:55:06,530 - INFO - model saved 40 times, last saved epoch: 47.

2025-11-10 03:55:09,639 - INFO - Epoch 48, Train loss: 0.058643605560064316
2025-11-10 03:55:10,614 - INFO - mIoU: 0.9355; OA: 0.9782; AA: 0.9711; F1: 0.9664; Kappa: 0.9625;
2025-11-10 03:55:10,614 - INFO - spatial_LccAccuracy: 0.8788; spatial_PA: 0.9726; spatial_UA: 0.9883; spatial_F1: 0.9804
2025-11-10 03:55:10,615 - INFO - temporal_CdAccuracy: 0.72; temporal_PA: 0.9334; temporal_UA: 0.9169; temporal_F1: 0.9251
2025-11-10 03:55:10,616 - INFO - Confusion Matrix
 [79698.	  907.	    7.	   22.	   97.]
 [ 1644.	54309.	  125.	  131.	  105.]
 [    3.	  177.	 2808.	    0.	    0.]
 [   13.	   36.	    0.	 1633.	    0.]
 [    1.	   80.	    0.	    0.	11624.]
2025-11-10 03:55:10,656 - INFO - Epoch 48 saved.
2025-11-10 03:55:10,657 - INFO - model saved 41 times, last saved epoch: 48.

2025-11-10 03:55:13,823 - INFO - Epoch 49, Train loss: 0.05955611914396286
2025-11-10 03:55:14,749 - INFO - mIoU: 0.9315; OA: 0.9779; AA: 0.9696; F1: 0.9641; Kappa: 0.962;
2025-11-10 03:55:14,750 - INFO - spatial_LccAccuracy: 0.8772; spatial_PA: 0.9751; spatial_UA: 0.9845; spatial_F1: 0.9798
2025-11-10 03:55:14,750 - INFO - temporal_CdAccuracy: 0.7196; temporal_PA: 0.9314; temporal_UA: 0.9163; temporal_F1: 0.9238
2025-11-10 03:55:14,751 - INFO - Confusion Matrix
 [79799.	  849.	    8.	    9.	   66.]
 [ 1699.	54224.	  194.	  144.	   53.]
 [    4.	  143.	 2841.	    0.	    0.]
 [   47.	   23.	    0.	 1612.	    0.]
 [    4.	  144.	    0.	    0.	11557.]
2025-11-10 03:55:14,752 - INFO - model saved 41 times, last saved epoch: 48.

2025-11-10 03:55:17,978 - INFO - Epoch 50, Train loss: 0.05763227492570877
2025-11-10 03:55:18,905 - INFO - mIoU: 0.9354; OA: 0.9789; AA: 0.9575; F1: 0.9662; Kappa: 0.9638;
2025-11-10 03:55:18,905 - INFO - spatial_LccAccuracy: 0.876; spatial_PA: 0.9804; spatial_UA: 0.9912; spatial_F1: 0.9858
2025-11-10 03:55:18,905 - INFO - temporal_CdAccuracy: 0.7165; temporal_PA: 0.93; temporal_UA: 0.9116; temporal_F1: 0.9207
2025-11-10 03:55:18,906 - INFO - Confusion Matrix
 [79131.	 1554.	    8.	   13.	   25.]
 [  946.	55182.	   91.	   41.	   54.]
 [    3.	  200.	 2785.	    0.	    0.]
 [   23.	  133.	    0.	 1526.	    0.]
 [    3.	  138.	    0.	    0.	11564.]
2025-11-10 03:55:18,907 - INFO - model saved 41 times, last saved epoch: 48.

2025-11-10 03:55:22,072 - INFO - Epoch 51, Train loss: 0.05639386177062988
2025-11-10 03:55:23,089 - INFO - mIoU: 0.9373; OA: 0.9765; AA: 0.9709; F1: 0.9674; Kappa: 0.9597;
2025-11-10 03:55:23,089 - INFO - spatial_LccAccuracy: 0.8662; spatial_PA: 0.9799; spatial_UA: 0.9893; spatial_F1: 0.9846
2025-11-10 03:55:23,089 - INFO - temporal_CdAccuracy: 0.7086; temporal_PA: 0.927; temporal_UA: 0.9061; temporal_F1: 0.9164
2025-11-10 03:55:23,090 - INFO - Confusion Matrix
 [78420.	 2170.	   11.	   16.	  114.]
 [  683.	55328.	  123.	   99.	   81.]
 [    1.	  167.	 2820.	    0.	    0.]
 [   18.	   42.	    0.	 1622.	    0.]
 [    0.	   88.	    0.	    0.	11617.]
2025-11-10 03:55:23,133 - INFO - Epoch 51 saved.
2025-11-10 03:55:23,134 - INFO - model saved 42 times, last saved epoch: 51.

2025-11-10 03:55:26,203 - INFO - Epoch 52, Train loss: 0.05605194345116615
2025-11-10 03:55:27,115 - INFO - mIoU: 0.9407; OA: 0.9797; AA: 0.9707; F1: 0.9691; Kappa: 0.9652;
2025-11-10 03:55:27,116 - INFO - spatial_LccAccuracy: 0.8846; spatial_PA: 0.9794; spatial_UA: 0.991; spatial_F1: 0.9852
2025-11-10 03:55:27,116 - INFO - temporal_CdAccuracy: 0.7212; temporal_PA: 0.9403; temporal_UA: 0.9138; temporal_F1: 0.9268
2025-11-10 03:55:27,117 - INFO - Confusion Matrix
 [79424.	 1211.	    7.	   19.	   70.]
 [ 1146.	54893.	  134.	   86.	   55.]
 [    3.	  174.	 2811.	    0.	    0.]
 [   10.	   46.	    0.	 1626.	    0.]
 [    4.	  144.	    0.	    0.	11557.]
2025-11-10 03:55:27,156 - INFO - Epoch 52 saved.
2025-11-10 03:55:27,157 - INFO - model saved 43 times, last saved epoch: 52.

2025-11-10 03:55:30,245 - INFO - Epoch 53, Train loss: 0.053087953478097916
2025-11-10 03:55:31,207 - INFO - mIoU: 0.9376; OA: 0.9794; AA: 0.9741; F1: 0.9674; Kappa: 0.9646;
2025-11-10 03:55:31,207 - INFO - spatial_LccAccuracy: 0.8795; spatial_PA: 0.9757; spatial_UA: 0.99; spatial_F1: 0.9828
2025-11-10 03:55:31,207 - INFO - temporal_CdAccuracy: 0.7262; temporal_PA: 0.9382; temporal_UA: 0.9183; temporal_F1: 0.9281
2025-11-10 03:55:31,208 - INFO - Confusion Matrix
 [79335.	 1344.	    6.	   29.	   17.]
 [ 1104.	54887.	   84.	  175.	   64.]
 [    3.	  180.	 2805.	    0.	    0.]
 [    7.	   16.	    0.	 1659.	    0.]
 [   10.	  128.	    0.	    0.	11567.]
2025-11-10 03:55:31,209 - INFO - model saved 43 times, last saved epoch: 52.

2025-11-10 03:55:34,290 - INFO - Epoch 54, Train loss: 0.053078584372997284
2025-11-10 03:55:35,213 - INFO - mIoU: 0.9399; OA: 0.9798; AA: 0.9688; F1: 0.9687; Kappa: 0.9652;
2025-11-10 03:55:35,213 - INFO - spatial_LccAccuracy: 0.8823; spatial_PA: 0.9796; spatial_UA: 0.9849; spatial_F1: 0.9822
2025-11-10 03:55:35,214 - INFO - temporal_CdAccuracy: 0.7208; temporal_PA: 0.9379; temporal_UA: 0.9186; temporal_F1: 0.9281
2025-11-10 03:55:35,215 - INFO - Confusion Matrix
 [79928.	  758.	    6.	    7.	   32.]
 [ 1637.	54403.	   93.	  121.	   60.]
 [    6.	  162.	 2820.	    0.	    0.]
 [   54.	   19.	    0.	 1609.	    0.]
 [   13.	  134.	    0.	    0.	11558.]
2025-11-10 03:55:35,215 - INFO - model saved 43 times, last saved epoch: 52.

2025-11-10 03:55:38,356 - INFO - Epoch 55, Train loss: 0.05210862308740616
2025-11-10 03:55:39,334 - INFO - mIoU: 0.9373; OA: 0.9799; AA: 0.9787; F1: 0.9673; Kappa: 0.9655;
2025-11-10 03:55:39,334 - INFO - spatial_LccAccuracy: 0.8897; spatial_PA: 0.9831; spatial_UA: 0.9885; spatial_F1: 0.9858
2025-11-10 03:55:39,334 - INFO - temporal_CdAccuracy: 0.7341; temporal_PA: 0.9471; temporal_UA: 0.9263; temporal_F1: 0.9366
2025-11-10 03:55:39,335 - INFO - Confusion Matrix
 [79472.	 1159.	    7.	   21.	   72.]
 [ 1155.	54725.	  164.	  176.	   94.]
 [    4.	  141.	 2843.	    0.	    0.]
 [    6.	    7.	    0.	 1669.	    0.]
 [    0.	   77.	    0.	    0.	11628.]
2025-11-10 03:55:39,335 - INFO - model saved 43 times, last saved epoch: 52.

2025-11-10 03:55:42,539 - INFO - Epoch 56, Train loss: 0.05193294212222099
2025-11-10 03:55:43,465 - INFO - mIoU: 0.9285; OA: 0.9798; AA: 0.9434; F1: 0.9621; Kappa: 0.9653;
2025-11-10 03:55:43,466 - INFO - spatial_LccAccuracy: 0.8788; spatial_PA: 0.9799; spatial_UA: 0.9893; spatial_F1: 0.9846
2025-11-10 03:55:43,466 - INFO - temporal_CdAccuracy: 0.7215; temporal_PA: 0.9373; temporal_UA: 0.9161; temporal_F1: 0.9266
2025-11-10 03:55:43,467 - INFO - Confusion Matrix
 [79494.	 1216.	    3.	    5.	   13.]
 [ 1060.	55153.	   66.	    5.	   30.]
 [    3.	  192.	 2793.	    0.	    0.]
 [   56.	  217.	    0.	 1409.	    0.]
 [   24.	  206.	    0.	    0.	11475.]
2025-11-10 03:55:43,468 - INFO - model saved 43 times, last saved epoch: 52.

2025-11-10 03:55:46,554 - INFO - Epoch 57, Train loss: 0.05133393034338951
2025-11-10 03:55:47,472 - INFO - mIoU: 0.9345; OA: 0.9774; AA: 0.9531; F1: 0.9658; Kappa: 0.9612;
2025-11-10 03:55:47,472 - INFO - spatial_LccAccuracy: 0.8749; spatial_PA: 0.9832; spatial_UA: 0.992; spatial_F1: 0.9876
2025-11-10 03:55:47,472 - INFO - temporal_CdAccuracy: 0.7149; temporal_PA: 0.9319; temporal_UA: 0.9058; temporal_F1: 0.9187
2025-11-10 03:55:47,473 - INFO - Confusion Matrix
 [78633.	 1967.	    2.	   11.	  118.]
 [  702.	55481.	   35.	   18.	   78.]
 [    1.	  317.	 2669.	    0.	    1.]
 [   25.	  108.	    0.	 1549.	    0.]
 [    0.	   90.	    0.	    0.	11615.]
2025-11-10 03:55:47,474 - INFO - model saved 43 times, last saved epoch: 52.

2025-11-10 03:55:50,585 - INFO - Epoch 58, Train loss: 0.051219429820775986
2025-11-10 03:55:51,551 - INFO - mIoU: 0.9457; OA: 0.9812; AA: 0.9631; F1: 0.9719; Kappa: 0.9677;
2025-11-10 03:55:51,551 - INFO - spatial_LccAccuracy: 0.8913; spatial_PA: 0.9855; spatial_UA: 0.9909; spatial_F1: 0.9882
2025-11-10 03:55:51,552 - INFO - temporal_CdAccuracy: 0.7215; temporal_PA: 0.9397; temporal_UA: 0.921; temporal_F1: 0.9302
2025-11-10 03:55:51,552 - INFO - Confusion Matrix
 [79575.	 1098.	    3.	    6.	   49.]
 [ 1127.	55034.	   68.	   25.	   60.]
 [    4.	  199.	 2785.	    0.	    0.]
 [   46.	   69.	    0.	 1567.	    0.]
 [    0.	  129.	    0.	    0.	11576.]
2025-11-10 03:55:51,593 - INFO - Epoch 58 saved.
2025-11-10 03:55:51,594 - INFO - model saved 44 times, last saved epoch: 58.

2025-11-10 03:55:54,695 - INFO - Epoch 59, Train loss: 0.050152793526649475
2025-11-10 03:55:55,699 - INFO - mIoU: 0.9447; OA: 0.9801; AA: 0.9699; F1: 0.9713; Kappa: 0.9658;
2025-11-10 03:55:55,699 - INFO - spatial_LccAccuracy: 0.8913; spatial_PA: 0.9825; spatial_UA: 0.9927; spatial_F1: 0.9876
2025-11-10 03:55:55,700 - INFO - temporal_CdAccuracy: 0.7309; temporal_PA: 0.9419; temporal_UA: 0.9219; temporal_F1: 0.9318
2025-11-10 03:55:55,700 - INFO - Confusion Matrix
 [79587.	 1047.	    5.	   12.	   80.]
 [ 1322.	54723.	  147.	   38.	   84.]
 [    3.	  144.	 2841.	    0.	    0.]
 [   23.	   65.	    0.	 1594.	    0.]
 [    0.	   79.	    0.	    0.	11626.]
2025-11-10 03:55:55,701 - INFO - model saved 44 times, last saved epoch: 58.

2025-11-10 03:55:58,899 - INFO - Epoch 60, Train loss: 0.050005070865154266
2025-11-10 03:55:59,853 - INFO - mIoU: 0.9451; OA: 0.9798; AA: 0.9723; F1: 0.9715; Kappa: 0.9653;
2025-11-10 03:55:59,853 - INFO - spatial_LccAccuracy: 0.8956; spatial_PA: 0.9861; spatial_UA: 0.9868; spatial_F1: 0.9864
2025-11-10 03:55:59,854 - INFO - temporal_CdAccuracy: 0.727; temporal_PA: 0.9386; temporal_UA: 0.9234; temporal_F1: 0.9309
2025-11-10 03:55:59,854 - INFO - Confusion Matrix
 [79148.	 1530.	    4.	    6.	   43.]
 [  901.	55148.	  156.	   63.	   46.]
 [    5.	  150.	 2833.	    0.	    0.]
 [   35.	   23.	    0.	 1624.	    0.]
 [    0.	  140.	    0.	    0.	11565.]
2025-11-10 03:55:59,855 - INFO - model saved 44 times, last saved epoch: 58.

2025-11-10 03:56:03,041 - INFO - Epoch 61, Train loss: 0.04720518738031387
2025-11-10 03:56:04,014 - INFO - mIoU: 0.9441; OA: 0.9794; AA: 0.974; F1: 0.971; Kappa: 0.9647;
2025-11-10 03:56:04,015 - INFO - spatial_LccAccuracy: 0.8882; spatial_PA: 0.9818; spatial_UA: 0.9934; spatial_F1: 0.9876
2025-11-10 03:56:04,015 - INFO - temporal_CdAccuracy: 0.7243; temporal_PA: 0.9328; temporal_UA: 0.9189; temporal_F1: 0.9258
2025-11-10 03:56:04,016 - INFO - Confusion Matrix
 [78953.	 1659.	   12.	   13.	   94.]
 [  742.	55320.	  144.	   75.	   33.]
 [    3.	  151.	 2834.	    0.	    0.]
 [    9.	   29.	    0.	 1644.	    0.]
 [    0.	  191.	    0.	    0.	11514.]
2025-11-10 03:56:04,017 - INFO - model saved 44 times, last saved epoch: 58.

2025-11-10 03:56:07,114 - INFO - Epoch 62, Train loss: 0.04862333461642265
2025-11-10 03:56:08,039 - INFO - mIoU: 0.9385; OA: 0.9804; AA: 0.9794; F1: 0.9678; Kappa: 0.9663;
2025-11-10 03:56:08,039 - INFO - spatial_LccAccuracy: 0.8979; spatial_PA: 0.9769; spatial_UA: 0.9912; spatial_F1: 0.984
2025-11-10 03:56:08,040 - INFO - temporal_CdAccuracy: 0.7329; temporal_PA: 0.945; temporal_UA: 0.9256; temporal_F1: 0.9352
2025-11-10 03:56:08,040 - INFO - Confusion Matrix
 [79741.	  917.	    8.	   25.	   40.]
 [ 1312.	54519.	  294.	  105.	   84.]
 [    4.	  118.	 2866.	    0.	    0.]
 [    3.	   15.	    0.	 1664.	    0.]
 [    0.	   86.	    0.	    0.	11619.]
2025-11-10 03:56:08,041 - INFO - model saved 44 times, last saved epoch: 58.

2025-11-10 03:56:11,126 - INFO - Epoch 63, Train loss: 0.047287166118621826
2025-11-10 03:56:12,050 - INFO - mIoU: 0.9507; OA: 0.9825; AA: 0.9773; F1: 0.9745; Kappa: 0.9699;
2025-11-10 03:56:12,050 - INFO - spatial_LccAccuracy: 0.9077; spatial_PA: 0.9832; spatial_UA: 0.992; spatial_F1: 0.9876
2025-11-10 03:56:12,050 - INFO - temporal_CdAccuracy: 0.7388; temporal_PA: 0.9544; temporal_UA: 0.9299; temporal_F1: 0.942
2025-11-10 03:56:12,051 - INFO - Confusion Matrix
 [79854.	  806.	    7.	    8.	   56.]
 [ 1273.	54740.	  143.	   68.	   90.]
 [    4.	  131.	 2853.	    0.	    0.]
 [   24.	   17.	    0.	 1641.	    0.]
 [    0.	   62.	    0.	    0.	11643.]
2025-11-10 03:56:12,092 - INFO - Epoch 63 saved.
2025-11-10 03:56:12,092 - INFO - model saved 45 times, last saved epoch: 63.

2025-11-10 03:56:15,196 - INFO - Epoch 64, Train loss: 0.04608315974473953
2025-11-10 03:56:16,164 - INFO - mIoU: 0.94; OA: 0.9802; AA: 0.9562; F1: 0.9687; Kappa: 0.9659;
2025-11-10 03:56:16,165 - INFO - spatial_LccAccuracy: 0.8885; spatial_PA: 0.9813; spatial_UA: 0.9915; spatial_F1: 0.9864
2025-11-10 03:56:16,165 - INFO - temporal_CdAccuracy: 0.7286; temporal_PA: 0.9347; temporal_UA: 0.9204; temporal_F1: 0.9275
2025-11-10 03:56:16,166 - INFO - Confusion Matrix
 [79121.	 1580.	    6.	   16.	    8.]
 [  807.	55397.	   59.	    6.	   45.]
 [    1.	  187.	 2800.	    0.	    0.]
 [    6.	  174.	    0.	 1502.	    0.]
 [    9.	  140.	    0.	    0.	11556.]
2025-11-10 03:56:16,167 - INFO - model saved 45 times, last saved epoch: 63.

2025-11-10 03:56:19,337 - INFO - Epoch 65, Train loss: 0.04424251243472099
2025-11-10 03:56:20,303 - INFO - mIoU: 0.9399; OA: 0.9798; AA: 0.974; F1: 0.9687; Kappa: 0.9654;
2025-11-10 03:56:20,303 - INFO - spatial_LccAccuracy: 0.8854; spatial_PA: 0.9727; spatial_UA: 0.9919; spatial_F1: 0.9822
2025-11-10 03:56:20,304 - INFO - temporal_CdAccuracy: 0.7243; temporal_PA: 0.9371; temporal_UA: 0.9185; temporal_F1: 0.9277
2025-11-10 03:56:20,304 - INFO - Confusion Matrix
 [78940.	 1659.	   14.	   88.	   30.]
 [  728.	55321.	  182.	   29.	   54.]
 [    1.	  136.	 2851.	    0.	    0.]
 [    1.	   56.	    0.	 1625.	    0.]
 [    0.	  123.	    0.	    0.	11582.]
2025-11-10 03:56:20,305 - INFO - model saved 45 times, last saved epoch: 63.

2025-11-10 03:56:23,442 - INFO - Epoch 66, Train loss: 0.046889107674360275
2025-11-10 03:56:24,383 - INFO - mIoU: 0.9373; OA: 0.9802; AA: 0.9726; F1: 0.9673; Kappa: 0.966;
2025-11-10 03:56:24,384 - INFO - spatial_LccAccuracy: 0.8901; spatial_PA: 0.9838; spatial_UA: 0.9913; spatial_F1: 0.9876
2025-11-10 03:56:24,384 - INFO - temporal_CdAccuracy: 0.7372; temporal_PA: 0.9458; temporal_UA: 0.9235; temporal_F1: 0.9345
2025-11-10 03:56:24,385 - INFO - Confusion Matrix
 [79974.	  661.	    2.	   18.	   76.]
 [ 1611.	54355.	   85.	  171.	   92.]
 [   11.	  226.	 2750.	    1.	    0.]
 [    9.	    3.	    0.	 1670.	    0.]
 [    0.	   68.	    0.	    0.	11637.]
2025-11-10 03:56:24,386 - INFO - model saved 45 times, last saved epoch: 63.

2025-11-10 03:56:27,516 - INFO - Epoch 67, Train loss: 0.04497672989964485
2025-11-10 03:56:28,543 - INFO - mIoU: 0.9407; OA: 0.9811; AA: 0.9659; F1: 0.9691; Kappa: 0.9675;
2025-11-10 03:56:28,543 - INFO - spatial_LccAccuracy: 0.8987; spatial_PA: 0.9802; spatial_UA: 0.9939; spatial_F1: 0.987
2025-11-10 03:56:28,543 - INFO - temporal_CdAccuracy: 0.7329; temporal_PA: 0.949; temporal_UA: 0.9237; temporal_F1: 0.9361
2025-11-10 03:56:28,544 - INFO - Confusion Matrix
 [79289.	 1369.	    7.	   12.	   54.]
 [  769.	55277.	  232.	    3.	   33.]
 [    3.	  124.	 2861.	    0.	    0.]
 [    9.	  122.	    0.	 1551.	    0.]
 [    0.	  164.	    0.	    0.	11541.]
2025-11-10 03:56:28,545 - INFO - model saved 45 times, last saved epoch: 63.

2025-11-10 03:56:31,618 - INFO - Epoch 68, Train loss: 0.043398741632699966
2025-11-10 03:56:32,590 - INFO - mIoU: 0.9501; OA: 0.9809; AA: 0.975; F1: 0.9742; Kappa: 0.9672;
2025-11-10 03:56:32,590 - INFO - spatial_LccAccuracy: 0.9042; spatial_PA: 0.9852; spatial_UA: 0.9865; spatial_F1: 0.9858
2025-11-10 03:56:32,590 - INFO - temporal_CdAccuracy: 0.7278; temporal_PA: 0.9498; temporal_UA: 0.9243; temporal_F1: 0.9369
2025-11-10 03:56:32,591 - INFO - Confusion Matrix
 [79464.	 1239.	    6.	   12.	   10.]
 [ 1038.	55001.	  198.	   22.	   55.]
 [    4.	  121.	 2863.	    0.	    0.]
 [   16.	   33.	    0.	 1633.	    0.]
 [   53.	  120.	    0.	    0.	11532.]
2025-11-10 03:56:32,592 - INFO - model saved 45 times, last saved epoch: 63.

2025-11-10 03:56:35,721 - INFO - Epoch 69, Train loss: 0.04392619431018829
2025-11-10 03:56:36,630 - INFO - mIoU: 0.9377; OA: 0.9813; AA: 0.9822; F1: 0.9674; Kappa: 0.968;
2025-11-10 03:56:36,630 - INFO - spatial_LccAccuracy: 0.8991; spatial_PA: 0.9878; spatial_UA: 0.9933; spatial_F1: 0.9905
2025-11-10 03:56:36,630 - INFO - temporal_CdAccuracy: 0.7403; temporal_PA: 0.9568; temporal_UA: 0.93; temporal_F1: 0.9432
2025-11-10 03:56:36,631 - INFO - Confusion Matrix
 [79738.	  900.	    6.	   18.	   69.]
 [ 1183.	54608.	  226.	  180.	  117.]
 [    3.	  110.	 2874.	    1.	    0.]
 [    5.	    3.	    0.	 1674.	    0.]
 [    0.	   41.	    0.	    0.	11664.]
2025-11-10 03:56:36,632 - INFO - model saved 45 times, last saved epoch: 63.

2025-11-10 03:56:39,740 - INFO - Epoch 70, Train loss: 0.04362175613641739
2025-11-10 03:56:40,654 - INFO - mIoU: 0.9455; OA: 0.9819; AA: 0.9803; F1: 0.9717; Kappa: 0.9689;
2025-11-10 03:56:40,655 - INFO - spatial_LccAccuracy: 0.9007; spatial_PA: 0.985; spatial_UA: 0.989; spatial_F1: 0.987
2025-11-10 03:56:40,655 - INFO - temporal_CdAccuracy: 0.7364; temporal_PA: 0.9567; temporal_UA: 0.9325; temporal_F1: 0.9444
2025-11-10 03:56:40,656 - INFO - Confusion Matrix
 [79851.	  844.	    4.	   16.	   16.]
 [ 1300.	54616.	  195.	  117.	   86.]
 [    4.	  124.	 2860.	    0.	    0.]
 [   11.	    5.	    0.	 1666.	    0.]
 [    0.	   59.	    0.	    0.	11646.]
2025-11-10 03:56:40,657 - INFO - model saved 45 times, last saved epoch: 63.

2025-11-10 03:56:43,819 - INFO - Epoch 71, Train loss: 0.04164684936404228
2025-11-10 03:56:44,735 - INFO - mIoU: 0.9276; OA: 0.9806; AA: 0.9817; F1: 0.9617; Kappa: 0.9667;
2025-11-10 03:56:44,735 - INFO - spatial_LccAccuracy: 0.8897; spatial_PA: 0.9813; spatial_UA: 0.9915; spatial_F1: 0.9864
2025-11-10 03:56:44,735 - INFO - temporal_CdAccuracy: 0.7356; temporal_PA: 0.9524; temporal_UA: 0.9277; temporal_F1: 0.9399
2025-11-10 03:56:44,736 - INFO - Confusion Matrix
 [79852.	  766.	    6.	   75.	   32.]
 [ 1338.	54407.	  267.	  216.	   86.]
 [    4.	  115.	 2868.	    1.	    0.]
 [    2.	    0.	    0.	 1680.	    0.]
 [    0.	   66.	    0.	    0.	11639.]
2025-11-10 03:56:44,737 - INFO - model saved 45 times, last saved epoch: 63.

2025-11-10 03:56:47,906 - INFO - Epoch 72, Train loss: 0.041276656091213226
2025-11-10 03:56:48,849 - INFO - mIoU: 0.9529; OA: 0.9819; AA: 0.9718; F1: 0.9757; Kappa: 0.9688;
2025-11-10 03:56:48,849 - INFO - spatial_LccAccuracy: 0.9097; spatial_PA: 0.9792; spatial_UA: 0.99; spatial_F1: 0.9846
2025-11-10 03:56:48,849 - INFO - temporal_CdAccuracy: 0.7458; temporal_PA: 0.9521; temporal_UA: 0.9332; temporal_F1: 0.9426
2025-11-10 03:56:48,850 - INFO - Confusion Matrix
 [80017.	  692.	    5.	   17.	    0.]
 [ 1442.	54719.	  110.	   20.	   23.]
 [    4.	  145.	 2839.	    0.	    0.]
 [    6.	   46.	    0.	 1630.	    0.]
 [   80.	  191.	    0.	    0.	11434.]
2025-11-10 03:56:48,891 - INFO - Epoch 72 saved.
2025-11-10 03:56:48,891 - INFO - model saved 46 times, last saved epoch: 72.

2025-11-10 03:56:51,994 - INFO - Epoch 73, Train loss: 0.043122295290231705
2025-11-10 03:56:52,916 - INFO - mIoU: 0.9549; OA: 0.9822; AA: 0.9736; F1: 0.9768; Kappa: 0.9693;
2025-11-10 03:56:52,916 - INFO - spatial_LccAccuracy: 0.9128; spatial_PA: 0.9829; spatial_UA: 0.991; spatial_F1: 0.987
2025-11-10 03:56:52,916 - INFO - temporal_CdAccuracy: 0.745; temporal_PA: 0.952; temporal_UA: 0.9352; temporal_F1: 0.9435
2025-11-10 03:56:52,916 - INFO - Confusion Matrix
 [80087.	  626.	    4.	   14.	    0.]
 [ 1534.	54597.	  118.	   16.	   49.]
 [    3.	  137.	 2848.	    0.	    0.]
 [   11.	   42.	    0.	 1629.	    0.]
 [   46.	  132.	    0.	    0.	11527.]
2025-11-10 03:56:52,955 - INFO - Epoch 73 saved.
2025-11-10 03:56:52,955 - INFO - model saved 47 times, last saved epoch: 73.

2025-11-10 03:56:56,076 - INFO - Epoch 74, Train loss: 0.04012197628617287
2025-11-10 03:56:57,064 - INFO - mIoU: 0.9537; OA: 0.9818; AA: 0.9708; F1: 0.9762; Kappa: 0.9687;
2025-11-10 03:56:57,065 - INFO - spatial_LccAccuracy: 0.9124; spatial_PA: 0.9808; spatial_UA: 0.9932; spatial_F1: 0.987
2025-11-10 03:56:57,065 - INFO - temporal_CdAccuracy: 0.7391; temporal_PA: 0.9493; temporal_UA: 0.9314; temporal_F1: 0.9403
2025-11-10 03:56:57,066 - INFO - Confusion Matrix
 [80104.	  570.	    5.	    6.	   46.]
 [ 1672.	54471.	   98.	   12.	   61.]
 [    4.	  149.	 2835.	    0.	    0.]
 [   38.	   41.	    0.	 1603.	    0.]
 [    0.	   83.	    0.	    0.	11622.]
2025-11-10 03:56:57,067 - INFO - model saved 47 times, last saved epoch: 73.

2025-11-10 03:57:00,170 - INFO - Epoch 75, Train loss: 0.03956601768732071
2025-11-10 03:57:01,108 - INFO - mIoU: 0.9475; OA: 0.9826; AA: 0.968; F1: 0.9728; Kappa: 0.9701;
2025-11-10 03:57:01,109 - INFO - spatial_LccAccuracy: 0.9077; spatial_PA: 0.9827; spatial_UA: 0.9937; spatial_F1: 0.9882
2025-11-10 03:57:01,109 - INFO - temporal_CdAccuracy: 0.7345; temporal_PA: 0.9528; temporal_UA: 0.9306; temporal_F1: 0.9416
2025-11-10 03:57:01,110 - INFO - Confusion Matrix
 [79615.	 1097.	    6.	   11.	    2.]
 [  953.	55162.	  179.	    4.	   16.]
 [    3.	  114.	 2871.	    0.	    0.]
 [   20.	  102.	    0.	 1560.	    0.]
 [    6.	  157.	    0.	    0.	11542.]
2025-11-10 03:57:01,111 - INFO - model saved 47 times, last saved epoch: 73.

2025-11-10 03:57:04,252 - INFO - Epoch 76, Train loss: 0.03968212753534317
2025-11-10 03:57:05,178 - INFO - mIoU: 0.952; OA: 0.9816; AA: 0.9679; F1: 0.9752; Kappa: 0.9683;
2025-11-10 03:57:05,178 - INFO - spatial_LccAccuracy: 0.8991; spatial_PA: 0.9829; spatial_UA: 0.991; spatial_F1: 0.987
2025-11-10 03:57:05,178 - INFO - temporal_CdAccuracy: 0.7372; temporal_PA: 0.9464; temporal_UA: 0.9301; temporal_F1: 0.9382
2025-11-10 03:57:05,179 - INFO - Confusion Matrix
 [79898.	  774.	    3.	    9.	   47.]
 [ 1484.	54718.	   49.	   25.	   38.]
 [    7.	  211.	 2770.	    0.	    0.]
 [   32.	   34.	    0.	 1616.	    0.]
 [    0.	  114.	    0.	    0.	11591.]
2025-11-10 03:57:05,180 - INFO - model saved 47 times, last saved epoch: 73.

2025-11-10 03:57:08,380 - INFO - Epoch 77, Train loss: 0.0389886274933815
2025-11-10 03:57:09,325 - INFO - mIoU: 0.9516; OA: 0.983; AA: 0.9717; F1: 0.975; Kappa: 0.9708;
2025-11-10 03:57:09,325 - INFO - spatial_LccAccuracy: 0.9085; spatial_PA: 0.9783; spatial_UA: 0.9934; spatial_F1: 0.9858
2025-11-10 03:57:09,325 - INFO - temporal_CdAccuracy: 0.747; temporal_PA: 0.9573; temporal_UA: 0.9377; temporal_F1: 0.9474
2025-11-10 03:57:09,326 - INFO - Confusion Matrix
 [80032.	  670.	    7.	   16.	    6.]
 [ 1376.	54735.	  161.	    6.	   36.]
 [    3.	  115.	 2870.	    0.	    0.]
 [    4.	   90.	    0.	 1588.	    0.]
 [    0.	  112.	    0.	    0.	11593.]
2025-11-10 03:57:09,327 - INFO - model saved 47 times, last saved epoch: 73.

2025-11-10 03:57:12,411 - INFO - Epoch 78, Train loss: 0.037762366235256195
2025-11-10 03:57:13,355 - INFO - mIoU: 0.943; OA: 0.9822; AA: 0.9645; F1: 0.9704; Kappa: 0.9694;
2025-11-10 03:57:13,355 - INFO - spatial_LccAccuracy: 0.8983; spatial_PA: 0.9746; spatial_UA: 0.9924; spatial_F1: 0.9834
2025-11-10 03:57:13,355 - INFO - temporal_CdAccuracy: 0.7384; temporal_PA: 0.9467; temporal_UA: 0.9299; temporal_F1: 0.9383
2025-11-10 03:57:13,356 - INFO - Confusion Matrix
 [79770.	  947.	    5.	    9.	    0.]
 [ 1054.	55031.	  206.	    1.	   22.]
 [    4.	  100.	 2884.	    0.	    0.]
 [   19.	  130.	    0.	 1533.	    0.]
 [   60.	  169.	    0.	    0.	11476.]
2025-11-10 03:57:13,357 - INFO - model saved 47 times, last saved epoch: 73.

2025-11-10 03:57:16,490 - INFO - Epoch 79, Train loss: 0.03984901309013367
2025-11-10 03:57:17,419 - INFO - mIoU: 0.9508; OA: 0.9826; AA: 0.979; F1: 0.9746; Kappa: 0.9701;
2025-11-10 03:57:17,420 - INFO - spatial_LccAccuracy: 0.9136; spatial_PA: 0.9836; spatial_UA: 0.9939; spatial_F1: 0.9887
2025-11-10 03:57:17,420 - INFO - temporal_CdAccuracy: 0.7446; temporal_PA: 0.9508; temporal_UA: 0.9353; temporal_F1: 0.943
2025-11-10 03:57:17,421 - INFO - Confusion Matrix
 [79573.	  962.	    8.	   55.	  133.]
 [ 1019.	55007.	  104.	   37.	  147.]
 [    3.	  135.	 2850.	    0.	    0.]
 [    2.	   29.	    0.	 1651.	    0.]
 [    0.	   36.	    0.	    0.	11669.]
2025-11-10 03:57:17,422 - INFO - model saved 47 times, last saved epoch: 73.

2025-11-10 03:57:20,544 - INFO - Epoch 80, Train loss: 0.036345772445201874
2025-11-10 03:57:21,469 - INFO - mIoU: 0.952; OA: 0.9829; AA: 0.9746; F1: 0.9752; Kappa: 0.9707;
2025-11-10 03:57:21,470 - INFO - spatial_LccAccuracy: 0.9069; spatial_PA: 0.9795; spatial_UA: 0.9946; spatial_F1: 0.987
2025-11-10 03:57:21,470 - INFO - temporal_CdAccuracy: 0.7388; temporal_PA: 0.9534; temporal_UA: 0.9311; temporal_F1: 0.9421
2025-11-10 03:57:21,471 - INFO - Confusion Matrix
 [79560.	 1079.	    9.	   29.	   54.]
 [  943.	55157.	  141.	   11.	   62.]
 [    3.	  149.	 2835.	    1.	    0.]
 [    4.	   53.	    0.	 1625.	    0.]
 [    0.	   82.	    0.	    0.	11623.]
2025-11-10 03:57:21,472 - INFO - model saved 47 times, last saved epoch: 73.

2025-11-10 03:57:24,577 - INFO - Epoch 81, Train loss: 0.03687389940023422
2025-11-10 03:57:25,515 - INFO - mIoU: 0.9386; OA: 0.9809; AA: 0.974; F1: 0.9677; Kappa: 0.9671;
2025-11-10 03:57:25,515 - INFO - spatial_LccAccuracy: 0.9011; spatial_PA: 0.9794; spatial_UA: 0.991; spatial_F1: 0.9852
2025-11-10 03:57:25,516 - INFO - temporal_CdAccuracy: 0.7356; temporal_PA: 0.9548; temporal_UA: 0.927; temporal_F1: 0.9407
2025-11-10 03:57:25,517 - INFO - Confusion Matrix
 [80065.	  647.	    7.	   12.	    0.]
 [ 1510.	54279.	  450.	    2.	   73.]
 [    3.	   57.	 2928.	    0.	    0.]
 [   12.	   88.	    0.	 1582.	    0.]
 [   16.	   58.	    0.	    0.	11631.]
2025-11-10 03:57:25,518 - INFO - model saved 47 times, last saved epoch: 73.

2025-11-10 03:57:28,640 - INFO - Epoch 82, Train loss: 0.03696785494685173
2025-11-10 03:57:29,610 - INFO - mIoU: 0.9502; OA: 0.9835; AA: 0.9793; F1: 0.9741; Kappa: 0.9717;
2025-11-10 03:57:29,610 - INFO - spatial_LccAccuracy: 0.9069; spatial_PA: 0.9776; spatial_UA: 0.9941; spatial_F1: 0.9858
2025-11-10 03:57:29,610 - INFO - temporal_CdAccuracy: 0.7403; temporal_PA: 0.958; temporal_UA: 0.9346; temporal_F1: 0.9462
2025-11-10 03:57:29,611 - INFO - Confusion Matrix
 [79786.	  899.	   12.	   31.	    3.]
 [  984.	55015.	  286.	   10.	   19.]
 [    3.	   64.	 2921.	    0.	    0.]
 [    7.	   48.	    0.	 1627.	    0.]
 [    0.	  162.	    0.	    0.	11543.]
2025-11-10 03:57:29,612 - INFO - model saved 47 times, last saved epoch: 73.

2025-11-10 03:57:32,742 - INFO - Epoch 83, Train loss: 0.03607182577252388
2025-11-10 03:57:33,728 - INFO - mIoU: 0.9423; OA: 0.9813; AA: 0.9758; F1: 0.9698; Kappa: 0.9679;
2025-11-10 03:57:33,728 - INFO - spatial_LccAccuracy: 0.9022; spatial_PA: 0.9871; spatial_UA: 0.9939; spatial_F1: 0.9905
2025-11-10 03:57:33,729 - INFO - temporal_CdAccuracy: 0.7384; temporal_PA: 0.9536; temporal_UA: 0.9301; temporal_F1: 0.9417
2025-11-10 03:57:33,730 - INFO - Confusion Matrix
 [79456.	 1257.	    6.	   12.	    0.]
 [  784.	55110.	  416.	    2.	    2.]
 [    3.	   43.	 2942.	    0.	    0.]
 [    9.	   68.	    0.	 1605.	    0.]
 [    0.	  268.	    0.	    0.	11437.]
2025-11-10 03:57:33,731 - INFO - model saved 47 times, last saved epoch: 73.

2025-11-10 03:57:36,824 - INFO - Epoch 84, Train loss: 0.03473525121808052
2025-11-10 03:57:37,756 - INFO - mIoU: 0.9473; OA: 0.9838; AA: 0.9626; F1: 0.9726; Kappa: 0.9721;
2025-11-10 03:57:37,757 - INFO - spatial_LccAccuracy: 0.9093; spatial_PA: 0.9878; spatial_UA: 0.9933; spatial_F1: 0.9905
2025-11-10 03:57:37,757 - INFO - temporal_CdAccuracy: 0.7411; temporal_PA: 0.9598; temporal_UA: 0.9363; temporal_F1: 0.9479
2025-11-10 03:57:37,758 - INFO - Confusion Matrix
 [79797.	  921.	    5.	    8.	    0.]
 [  945.	55234.	  109.	    1.	   25.]
 [    3.	  149.	 2836.	    0.	    0.]
 [   29.	  124.	    0.	 1529.	    0.]
 [    3.	  164.	    0.	    0.	11538.]
2025-11-10 03:57:37,759 - INFO - model saved 47 times, last saved epoch: 73.

2025-11-10 03:57:40,933 - INFO - Epoch 85, Train loss: 0.03447382524609566
2025-11-10 03:57:41,834 - INFO - mIoU: 0.9541; OA: 0.9838; AA: 0.9814; F1: 0.9762; Kappa: 0.9723;
2025-11-10 03:57:41,834 - INFO - spatial_LccAccuracy: 0.9147; spatial_PA: 0.9869; spatial_UA: 0.993; spatial_F1: 0.9899
2025-11-10 03:57:41,834 - INFO - temporal_CdAccuracy: 0.7462; temporal_PA: 0.9575; temporal_UA: 0.9391; temporal_F1: 0.9482
2025-11-10 03:57:41,835 - INFO - Confusion Matrix
 [79756.	  951.	    5.	   16.	    3.]
 [  937.	55090.	  222.	   44.	   21.]
 [    3.	  111.	 2874.	    0.	    0.]
 [    8.	    6.	    0.	 1668.	    0.]
 [    1.	  150.	    0.	    0.	11554.]
2025-11-10 03:57:41,836 - INFO - model saved 47 times, last saved epoch: 73.

2025-11-10 03:57:44,986 - INFO - Epoch 86, Train loss: 0.034105345606803894
2025-11-10 03:57:45,903 - INFO - mIoU: 0.9584; OA: 0.9838; AA: 0.9749; F1: 0.9786; Kappa: 0.9721;
2025-11-10 03:57:45,903 - INFO - spatial_LccAccuracy: 0.9136; spatial_PA: 0.9862; spatial_UA: 0.9937; spatial_F1: 0.9899
2025-11-10 03:57:45,903 - INFO - temporal_CdAccuracy: 0.7481; temporal_PA: 0.953; temporal_UA: 0.937; temporal_F1: 0.9449
2025-11-10 03:57:45,904 - INFO - Confusion Matrix
 [79433.	 1260.	    5.	    9.	   24.]
 [  732.	55428.	  107.	    3.	   44.]
 [    4.	  134.	 2850.	    0.	    0.]
 [   16.	   49.	    0.	 1617.	    0.]
 [    0.	  104.	    0.	    0.	11601.]
2025-11-10 03:57:45,946 - INFO - Epoch 86 saved.
2025-11-10 03:57:45,947 - INFO - model saved 48 times, last saved epoch: 86.

2025-11-10 03:57:49,081 - INFO - Epoch 87, Train loss: 0.032763395458459854
2025-11-10 03:57:50,010 - INFO - mIoU: 0.9364; OA: 0.9785; AA: 0.9547; F1: 0.9667; Kappa: 0.9631;
2025-11-10 03:57:50,010 - INFO - spatial_LccAccuracy: 0.8885; spatial_PA: 0.9882; spatial_UA: 0.9882; spatial_F1: 0.9882
2025-11-10 03:57:50,011 - INFO - temporal_CdAccuracy: 0.7262; temporal_PA: 0.9433; temporal_UA: 0.9201; temporal_F1: 0.9315
2025-11-10 03:57:50,011 - INFO - Confusion Matrix
 [78603.	 2073.	    9.	    8.	   38.]
 [  527.	55668.	   98.	    0.	   21.]
 [    3.	  143.	 2842.	    0.	    0.]
 [   22.	  188.	    0.	 1472.	    0.]
 [    0.	  173.	    0.	    0.	11532.]
2025-11-10 03:57:50,013 - INFO - model saved 48 times, last saved epoch: 86.

2025-11-10 03:57:53,224 - INFO - Epoch 88, Train loss: 0.03536764904856682
2025-11-10 03:57:54,117 - INFO - mIoU: 0.9599; OA: 0.984; AA: 0.9757; F1: 0.9794; Kappa: 0.9725;
2025-11-10 03:57:54,117 - INFO - spatial_LccAccuracy: 0.9171; spatial_PA: 0.9802; spatial_UA: 0.9939; spatial_F1: 0.987
2025-11-10 03:57:54,117 - INFO - temporal_CdAccuracy: 0.7536; temporal_PA: 0.9577; temporal_UA: 0.9418; temporal_F1: 0.9497
2025-11-10 03:57:54,118 - INFO - Confusion Matrix
 [80068.	  642.	    6.	    9.	    6.]
 [ 1329.	54848.	  103.	    9.	   25.]
 [    3.	  154.	 2831.	    0.	    0.]
 [   14.	   27.	    0.	 1641.	    0.]
 [    1.	  122.	    0.	    0.	11582.]
2025-11-10 03:57:54,159 - INFO - Epoch 88 saved.
2025-11-10 03:57:54,160 - INFO - model saved 49 times, last saved epoch: 88.

2025-11-10 03:57:57,301 - INFO - Epoch 89, Train loss: 0.03135646879673004
2025-11-10 03:57:58,221 - INFO - mIoU: 0.9578; OA: 0.985; AA: 0.9753; F1: 0.9783; Kappa: 0.9743;
2025-11-10 03:57:58,222 - INFO - spatial_LccAccuracy: 0.9206; spatial_PA: 0.9825; spatial_UA: 0.9927; spatial_F1: 0.9876
2025-11-10 03:57:58,222 - INFO - temporal_CdAccuracy: 0.754; temporal_PA: 0.962; temporal_UA: 0.9406; temporal_F1: 0.9512
2025-11-10 03:57:58,223 - INFO - Confusion Matrix
 [79960.	  739.	    4.	    5.	   23.]
 [ 1046.	55052.	  150.	    1.	   65.]
 [    4.	  108.	 2876.	    0.	    0.]
 [   32.	   49.	    0.	 1601.	    0.]
 [    0.	   71.	    0.	    0.	11634.]
2025-11-10 03:57:58,224 - INFO - model saved 49 times, last saved epoch: 88.

2025-11-10 03:58:01,354 - INFO - Epoch 90, Train loss: 0.03281582519412041
2025-11-10 03:58:02,292 - INFO - mIoU: 0.958; OA: 0.9844; AA: 0.9792; F1: 0.9784; Kappa: 0.9733;
2025-11-10 03:58:02,292 - INFO - spatial_LccAccuracy: 0.9214; spatial_PA: 0.9876; spatial_UA: 0.9923; spatial_F1: 0.9899
2025-11-10 03:58:02,292 - INFO - temporal_CdAccuracy: 0.7524; temporal_PA: 0.9545; temporal_UA: 0.9402; temporal_F1: 0.9473
2025-11-10 03:58:02,293 - INFO - Confusion Matrix
 [79678.	 1034.	    4.	    9.	    6.]
 [  816.	55278.	  142.	   34.	   44.]
 [    6.	  122.	 2860.	    0.	    0.]
 [   19.	   11.	    0.	 1652.	    0.]
 [    8.	  132.	    0.	    0.	11565.]
2025-11-10 03:58:02,293 - INFO - model saved 49 times, last saved epoch: 88.

2025-11-10 03:58:05,428 - INFO - Epoch 91, Train loss: 0.03002258390188217
2025-11-10 03:58:06,419 - INFO - mIoU: 0.9576; OA: 0.9839; AA: 0.9811; F1: 0.9782; Kappa: 0.9724;
2025-11-10 03:58:06,419 - INFO - spatial_LccAccuracy: 0.912; spatial_PA: 0.9876; spatial_UA: 0.9923; spatial_F1: 0.9899
2025-11-10 03:58:06,419 - INFO - temporal_CdAccuracy: 0.7478; temporal_PA: 0.9547; temporal_UA: 0.9382; temporal_F1: 0.9464
2025-11-10 03:58:06,420 - INFO - Confusion Matrix
 [79405.	 1306.	    4.	   16.	    0.]
 [  661.	55432.	  138.	   47.	   36.]
 [    3.	  142.	 2842.	    1.	    0.]
 [    4.	    4.	    0.	 1674.	    0.]
 [    0.	  105.	    0.	    0.	11600.]
2025-11-10 03:58:06,420 - INFO - model saved 49 times, last saved epoch: 88.

2025-11-10 03:58:09,617 - INFO - Epoch 92, Train loss: 0.03295961767435074
2025-11-10 03:58:10,559 - INFO - mIoU: 0.9543; OA: 0.9799; AA: 0.9808; F1: 0.9764; Kappa: 0.9655;
2025-11-10 03:58:10,559 - INFO - spatial_LccAccuracy: 0.9124; spatial_PA: 0.9868; spatial_UA: 0.9861; spatial_F1: 0.9864
2025-11-10 03:58:10,560 - INFO - temporal_CdAccuracy: 0.7278; temporal_PA: 0.9441; temporal_UA: 0.9262; temporal_F1: 0.9351
2025-11-10 03:58:10,560 - INFO - Confusion Matrix
 [78678.	 2029.	    4.	   20.	    0.]
 [  537.	55512.	  209.	   16.	   40.]
 [    3.	  117.	 2868.	    0.	    0.]
 [    3.	    9.	    0.	 1670.	    0.]
 [    0.	  103.	    0.	    0.	11602.]
2025-11-10 03:58:10,561 - INFO - model saved 49 times, last saved epoch: 88.

2025-11-10 03:58:13,702 - INFO - Epoch 93, Train loss: 0.03198017552495003
2025-11-10 03:58:14,615 - INFO - mIoU: 0.9585; OA: 0.9844; AA: 0.9718; F1: 0.9787; Kappa: 0.9731;
2025-11-10 03:58:14,615 - INFO - spatial_LccAccuracy: 0.9198; spatial_PA: 0.9822; spatial_UA: 0.9917; spatial_F1: 0.987
2025-11-10 03:58:14,615 - INFO - temporal_CdAccuracy: 0.7505; temporal_PA: 0.9593; temporal_UA: 0.943; temporal_F1: 0.9511
2025-11-10 03:58:14,616 - INFO - Confusion Matrix
 [80002.	  703.	    3.	    9.	   14.]
 [ 1198.	55019.	   75.	    4.	   18.]
 [    4.	  146.	 2838.	    0.	    0.]
 [   37.	   41.	    0.	 1604.	    0.]
 [    0.	  144.	    0.	    0.	11561.]
2025-11-10 03:58:14,617 - INFO - model saved 49 times, last saved epoch: 88.

2025-11-10 03:58:17,731 - INFO - Epoch 94, Train loss: 0.029288725927472115
2025-11-10 03:58:18,704 - INFO - mIoU: 0.9539; OA: 0.9847; AA: 0.9855; F1: 0.9761; Kappa: 0.9738;
2025-11-10 03:58:18,704 - INFO - spatial_LccAccuracy: 0.9245; spatial_PA: 0.9836; spatial_UA: 0.9939; spatial_F1: 0.9887
2025-11-10 03:58:18,705 - INFO - temporal_CdAccuracy: 0.7552; temporal_PA: 0.9616; temporal_UA: 0.9449; temporal_F1: 0.9532
2025-11-10 03:58:18,706 - INFO - Confusion Matrix
 [79981.	  688.	    7.	   27.	   28.]
 [ 1057.	54856.	  278.	   38.	   85.]
 [    2.	   80.	 2906.	    0.	    0.]
 [    4.	    6.	    0.	 1672.	    0.]
 [    0.	   45.	    0.	    0.	11660.]
2025-11-10 03:58:18,707 - INFO - model saved 49 times, last saved epoch: 88.

2025-11-10 03:58:21,857 - INFO - Epoch 95, Train loss: 0.02966638281941414
2025-11-10 03:58:22,815 - INFO - mIoU: 0.9664; OA: 0.9865; AA: 0.9814; F1: 0.9828; Kappa: 0.9769;
2025-11-10 03:58:22,815 - INFO - spatial_LccAccuracy: 0.9288; spatial_PA: 0.9899; spatial_UA: 0.9947; spatial_F1: 0.9923
2025-11-10 03:58:22,815 - INFO - temporal_CdAccuracy: 0.7556; temporal_PA: 0.9599; temporal_UA: 0.9477; temporal_F1: 0.9538
2025-11-10 03:58:22,816 - INFO - Confusion Matrix
 [79942.	  768.	    6.	   13.	    2.]
 [  891.	55280.	   91.	   10.	   42.]
 [    2.	  132.	 2854.	    0.	    0.]
 [    4.	   17.	    0.	 1661.	    0.]
 [    0.	   87.	    0.	    0.	11618.]
2025-11-10 03:58:22,856 - INFO - Epoch 95 saved.
2025-11-10 03:58:22,857 - INFO - model saved 50 times, last saved epoch: 95.

2025-11-10 03:58:25,965 - INFO - Epoch 96, Train loss: 0.028980618342757225
2025-11-10 03:58:26,903 - INFO - mIoU: 0.9497; OA: 0.9832; AA: 0.9794; F1: 0.9737; Kappa: 0.9712;
2025-11-10 03:58:26,904 - INFO - spatial_LccAccuracy: 0.9206; spatial_PA: 0.9825; spatial_UA: 0.9927; spatial_F1: 0.9876
2025-11-10 03:58:26,904 - INFO - temporal_CdAccuracy: 0.7489; temporal_PA: 0.9616; temporal_UA: 0.9407; temporal_F1: 0.9511
2025-11-10 03:58:26,905 - INFO - Confusion Matrix
 [79968.	  704.	    6.	    9.	   44.]
 [ 1174.	54743.	  353.	    4.	   40.]
 [    3.	   86.	 2899.	    0.	    0.]
 [   15.	   30.	    0.	 1637.	    0.]
 [    1.	  103.	    0.	    0.	11601.]
2025-11-10 03:58:26,906 - INFO - model saved 50 times, last saved epoch: 95.

2025-11-10 03:58:30,155 - INFO - Epoch 97, Train loss: 0.02934306673705578
2025-11-10 03:58:31,094 - INFO - mIoU: 0.952; OA: 0.9837; AA: 0.9832; F1: 0.975; Kappa: 0.972;
2025-11-10 03:58:31,095 - INFO - spatial_LccAccuracy: 0.9136; spatial_PA: 0.9864; spatial_UA: 0.9946; spatial_F1: 0.9905
2025-11-10 03:58:31,095 - INFO - temporal_CdAccuracy: 0.7407; temporal_PA: 0.9634; temporal_UA: 0.9393; temporal_F1: 0.9512
2025-11-10 03:58:31,096 - INFO - Confusion Matrix
 [79919.	  783.	    5.	   13.	   11.]
 [ 1132.	54816.	  270.	   58.	   38.]
 [    4.	   93.	 2891.	    0.	    0.]
 [    7.	    6.	    0.	 1669.	    0.]
 [    0.	   85.	    0.	    0.	11620.]
2025-11-10 03:58:31,097 - INFO - model saved 50 times, last saved epoch: 95.

2025-11-10 03:58:34,205 - INFO - Epoch 98, Train loss: 0.02737000584602356
2025-11-10 03:58:35,175 - INFO - mIoU: 0.9642; OA: 0.9852; AA: 0.9812; F1: 0.9817; Kappa: 0.9746;
2025-11-10 03:58:35,176 - INFO - spatial_LccAccuracy: 0.9265; spatial_PA: 0.9909; spatial_UA: 0.9949; spatial_F1: 0.9929
2025-11-10 03:58:35,176 - INFO - temporal_CdAccuracy: 0.7528; temporal_PA: 0.9571; temporal_UA: 0.9442; temporal_F1: 0.9506
2025-11-10 03:58:35,177 - INFO - Confusion Matrix
 [79554.	 1143.	    5.	    9.	   20.]
 [  676.	55502.	   93.	   23.	   20.]
 [    3.	  118.	 2867.	    0.	    0.]
 [   12.	    9.	    0.	 1661.	    0.]
 [    0.	  141.	    0.	    0.	11564.]
2025-11-10 03:58:35,178 - INFO - model saved 50 times, last saved epoch: 95.

2025-11-10 03:58:38,304 - INFO - Epoch 99, Train loss: 0.028289033100008965
2025-11-10 03:58:39,284 - INFO - mIoU: 0.9628; OA: 0.9844; AA: 0.9767; F1: 0.9809; Kappa: 0.9732;
2025-11-10 03:58:39,284 - INFO - spatial_LccAccuracy: 0.9187; spatial_PA: 0.9878; spatial_UA: 0.9933; spatial_F1: 0.9905
2025-11-10 03:58:39,284 - INFO - temporal_CdAccuracy: 0.7509; temporal_PA: 0.9589; temporal_UA: 0.9401; temporal_F1: 0.9494
2025-11-10 03:58:39,285 - INFO - Confusion Matrix
 [79612.	 1082.	    4.	   13.	   20.]
 [  868.	55328.	   43.	   12.	   63.]
 [    2.	  166.	 2820.	    0.	    0.]
 [    9.	   28.	    0.	 1645.	    0.]
 [    0.	   81.	    0.	    0.	11624.]
2025-11-10 03:58:39,286 - INFO - model saved 50 times, last saved epoch: 95.

2025-11-10 03:58:42,387 - INFO - Epoch 100, Train loss: 0.02735244110226631
2025-11-10 03:58:43,328 - INFO - mIoU: 0.9569; OA: 0.9841; AA: 0.981; F1: 0.9778; Kappa: 0.9727;
2025-11-10 03:58:43,328 - INFO - spatial_LccAccuracy: 0.9167; spatial_PA: 0.9862; spatial_UA: 0.9937; spatial_F1: 0.9899
2025-11-10 03:58:43,329 - INFO - temporal_CdAccuracy: 0.747; temporal_PA: 0.9586; temporal_UA: 0.9379; temporal_F1: 0.9481
2025-11-10 03:58:43,329 - INFO - Confusion Matrix
 [79592.	 1098.	    5.	   12.	   24.]
 [  824.	55259.	  134.	   58.	   39.]
 [    4.	  113.	 2871.	    0.	    0.]
 [   16.	    8.	    0.	 1658.	    0.]
 [    0.	  105.	    0.	    0.	11600.]
2025-11-10 03:58:43,331 - INFO - model saved 50 times, last saved epoch: 95.

2025-11-10 03:58:46,476 - INFO - Epoch 101, Train loss: 0.026519976556301117
2025-11-10 03:58:47,454 - INFO - mIoU: 0.9466; OA: 0.9829; AA: 0.983; F1: 0.9723; Kappa: 0.9707;
2025-11-10 03:58:47,454 - INFO - spatial_LccAccuracy: 0.9112; spatial_PA: 0.9894; spatial_UA: 0.9928; spatial_F1: 0.9911
2025-11-10 03:58:47,454 - INFO - temporal_CdAccuracy: 0.7524; temporal_PA: 0.9587; temporal_UA: 0.9436; temporal_F1: 0.9511
2025-11-10 03:58:47,455 - INFO - Confusion Matrix
 [79829.	  844.	    4.	   11.	   43.]
 [ 1122.	54757.	  214.	  125.	   96.]
 [    3.	   99.	 2886.	    0.	    0.]
 [   13.	    0.	    0.	 1669.	    0.]
 [    0.	   49.	    0.	    0.	11656.]
2025-11-10 03:58:47,456 - INFO - model saved 50 times, last saved epoch: 95.

2025-11-10 03:58:50,656 - INFO - Epoch 102, Train loss: 0.026861079037189484
2025-11-10 03:58:51,609 - INFO - mIoU: 0.9512; OA: 0.9837; AA: 0.9817; F1: 0.9744; Kappa: 0.9721;
2025-11-10 03:58:51,610 - INFO - spatial_LccAccuracy: 0.9206; spatial_PA: 0.9894; spatial_UA: 0.9928; spatial_F1: 0.9911
2025-11-10 03:58:51,610 - INFO - temporal_CdAccuracy: 0.7544; temporal_PA: 0.9619; temporal_UA: 0.9428; temporal_F1: 0.9522
2025-11-10 03:58:51,611 - INFO - Confusion Matrix
 [79707.	 1005.	    5.	   14.	    0.]
 [  815.	55115.	  369.	    8.	    7.]
 [    3.	   82.	 2903.	    0.	    0.]
 [    5.	   20.	    0.	 1657.	    0.]
 [    2.	  162.	    0.	    0.	11541.]
2025-11-10 03:58:51,612 - INFO - model saved 50 times, last saved epoch: 95.

2025-11-10 03:58:54,717 - INFO - Epoch 103, Train loss: 0.02778635546565056
2025-11-10 03:58:55,658 - INFO - mIoU: 0.9614; OA: 0.9853; AA: 0.9766; F1: 0.9801; Kappa: 0.9748;
2025-11-10 03:58:55,658 - INFO - spatial_LccAccuracy: 0.9233; spatial_PA: 0.9869; spatial_UA: 0.993; spatial_F1: 0.9899
2025-11-10 03:58:55,659 - INFO - temporal_CdAccuracy: 0.7575; temporal_PA: 0.9611; temporal_UA: 0.9461; temporal_F1: 0.9536
2025-11-10 03:58:55,659 - INFO - Confusion Matrix
 [79933.	  776.	    4.	   12.	    6.]
 [  959.	55239.	  110.	    4.	    2.]
 [    4.	  148.	 2836.	    0.	    0.]
 [    6.	   29.	    0.	 1647.	    0.]
 [   10.	  182.	    0.	    0.	11513.]
2025-11-10 03:58:55,660 - INFO - model saved 50 times, last saved epoch: 95.

2025-11-10 03:58:58,773 - INFO - Epoch 104, Train loss: 0.026637600734829903
2025-11-10 03:58:59,739 - INFO - mIoU: 0.9632; OA: 0.9859; AA: 0.9839; F1: 0.9811; Kappa: 0.9758;
2025-11-10 03:58:59,740 - INFO - spatial_LccAccuracy: 0.9351; spatial_PA: 0.9874; spatial_UA: 0.9949; spatial_F1: 0.9911
2025-11-10 03:58:59,740 - INFO - temporal_CdAccuracy: 0.7595; temporal_PA: 0.9647; temporal_UA: 0.9497; temporal_F1: 0.9572
2025-11-10 03:58:59,741 - INFO - Confusion Matrix
 [80038.	  654.	    5.	   11.	   23.]
 [ 1035.	55022.	  162.	   19.	   76.]
 [    2.	  103.	 2883.	    0.	    0.]
 [   10.	    5.	    0.	 1667.	    0.]
 [    0.	   56.	    0.	    0.	11649.]
2025-11-10 03:58:59,742 - INFO - model saved 50 times, last saved epoch: 95.

2025-11-10 03:59:02,834 - INFO - Epoch 105, Train loss: 0.02566622756421566
2025-11-10 03:59:03,820 - INFO - mIoU: 0.9619; OA: 0.9851; AA: 0.9764; F1: 0.9804; Kappa: 0.9744;
2025-11-10 03:59:03,820 - INFO - spatial_LccAccuracy: 0.9214; spatial_PA: 0.9857; spatial_UA: 0.9918; spatial_F1: 0.9887
2025-11-10 03:59:03,820 - INFO - temporal_CdAccuracy: 0.7509; temporal_PA: 0.9612; temporal_UA: 0.9429; temporal_F1: 0.952
2025-11-10 03:59:03,821 - INFO - Confusion Matrix
 [79556.	 1131.	    3.	    9.	   32.]
 [  695.	55496.	   93.	    0.	   30.]
 [    4.	  129.	 2855.	    0.	    0.]
 [   15.	   46.	    0.	 1621.	    0.]
 [    0.	   96.	    0.	    0.	11609.]
2025-11-10 03:59:03,822 - INFO - model saved 50 times, last saved epoch: 95.

2025-11-10 03:59:06,997 - INFO - Epoch 106, Train loss: 0.02567906863987446
2025-11-10 03:59:07,949 - INFO - mIoU: 0.9588; OA: 0.9832; AA: 0.978; F1: 0.9788; Kappa: 0.9711;
2025-11-10 03:59:07,949 - INFO - spatial_LccAccuracy: 0.9198; spatial_PA: 0.9906; spatial_UA: 0.9906; spatial_F1: 0.9906
2025-11-10 03:59:07,950 - INFO - temporal_CdAccuracy: 0.7458; temporal_PA: 0.9581; temporal_UA: 0.939; temporal_F1: 0.9485
2025-11-10 03:59:07,951 - INFO - Confusion Matrix
 [79613.	 1096.	    4.	   10.	    8.]
 [  979.	55150.	  165.	    2.	   18.]
 [    3.	  112.	 2873.	    0.	    0.]
 [   18.	   24.	    0.	 1640.	    0.]
 [    5.	  136.	    0.	    0.	11564.]
2025-11-10 03:59:07,952 - INFO - model saved 50 times, last saved epoch: 95.

2025-11-10 03:59:11,069 - INFO - Epoch 107, Train loss: 0.023242518305778503
2025-11-10 03:59:11,993 - INFO - mIoU: 0.9603; OA: 0.9849; AA: 0.9799; F1: 0.9795; Kappa: 0.974;
2025-11-10 03:59:11,993 - INFO - spatial_LccAccuracy: 0.9265; spatial_PA: 0.986; spatial_UA: 0.9928; spatial_F1: 0.9893
2025-11-10 03:59:11,994 - INFO - temporal_CdAccuracy: 0.7521; temporal_PA: 0.9555; temporal_UA: 0.9441; temporal_F1: 0.9498
2025-11-10 03:59:11,995 - INFO - Confusion Matrix
 [79576.	 1133.	    5.	   13.	    4.]
 [  686.	55442.	  175.	    4.	    7.]
 [    6.	  111.	 2871.	    0.	    0.]
 [    3.	   29.	    0.	 1650.	    0.]
 [    0.	  148.	    0.	    0.	11557.]
2025-11-10 03:59:11,996 - INFO - model saved 50 times, last saved epoch: 95.

2025-11-10 03:59:15,189 - INFO - Epoch 108, Train loss: 0.025118118152022362
2025-11-10 03:59:16,135 - INFO - mIoU: 0.9586; OA: 0.9858; AA: 0.9842; F1: 0.9786; Kappa: 0.9755;
2025-11-10 03:59:16,135 - INFO - spatial_LccAccuracy: 0.9257; spatial_PA: 0.9874; spatial_UA: 0.9949; spatial_F1: 0.9911
2025-11-10 03:59:16,136 - INFO - temporal_CdAccuracy: 0.7567; temporal_PA: 0.9609; temporal_UA: 0.9488; temporal_F1: 0.9548
2025-11-10 03:59:16,136 - INFO - Confusion Matrix
 [79736.	  969.	    7.	   19.	    0.]
 [  678.	55329.	  253.	   13.	   41.]
 [    2.	   92.	 2894.	    0.	    0.]
 [    3.	   13.	    0.	 1666.	    0.]
 [    0.	   96.	    0.	    0.	11609.]
2025-11-10 03:59:16,138 - INFO - model saved 50 times, last saved epoch: 95.

2025-11-10 03:59:19,274 - INFO - Epoch 109, Train loss: 0.024371180683374405
2025-11-10 03:59:20,196 - INFO - mIoU: 0.9527; OA: 0.9848; AA: 0.9827; F1: 0.9756; Kappa: 0.9738;
2025-11-10 03:59:20,197 - INFO - spatial_LccAccuracy: 0.9132; spatial_PA: 0.9857; spatial_UA: 0.9918; spatial_F1: 0.9887
2025-11-10 03:59:20,197 - INFO - temporal_CdAccuracy: 0.754; temporal_PA: 0.9606; temporal_UA: 0.9446; temporal_F1: 0.9526
2025-11-10 03:59:20,198 - INFO - Confusion Matrix
 [79926.	  781.	    5.	   19.	    0.]
 [ 1024.	54981.	  116.	  124.	   69.]
 [    3.	  111.	 2874.	    0.	    0.]
 [   13.	    1.	    0.	 1668.	    0.]
 [    4.	   69.	    0.	    0.	11632.]
2025-11-10 03:59:20,199 - INFO - model saved 50 times, last saved epoch: 95.

2025-11-10 03:59:23,283 - INFO - Epoch 110, Train loss: 0.024050790816545486
2025-11-10 03:59:24,181 - INFO - mIoU: 0.9538; OA: 0.9824; AA: 0.9765; F1: 0.9762; Kappa: 0.9698;
2025-11-10 03:59:24,181 - INFO - spatial_LccAccuracy: 0.905; spatial_PA: 0.9785; spatial_UA: 0.9944; spatial_F1: 0.9864
2025-11-10 03:59:24,182 - INFO - temporal_CdAccuracy: 0.7345; temporal_PA: 0.9468; temporal_UA: 0.9311; temporal_F1: 0.9389
2025-11-10 03:59:24,182 - INFO - Confusion Matrix
 [79140.	 1525.	   17.	   28.	   21.]
 [  635.	55489.	  165.	    0.	   25.]
 [    1.	  103.	 2884.	    0.	    0.]
 [    3.	   62.	    0.	 1617.	    0.]
 [    0.	  115.	    0.	    0.	11590.]
2025-11-10 03:59:24,183 - INFO - model saved 50 times, last saved epoch: 95.

2025-11-10 03:59:27,312 - INFO - Epoch 111, Train loss: 0.024323441088199615
2025-11-10 03:59:28,294 - INFO - mIoU: 0.9625; OA: 0.9855; AA: 0.9848; F1: 0.9807; Kappa: 0.9752;
2025-11-10 03:59:28,294 - INFO - spatial_LccAccuracy: 0.932; spatial_PA: 0.9846; spatial_UA: 0.9942; spatial_F1: 0.9893
2025-11-10 03:59:28,294 - INFO - temporal_CdAccuracy: 0.756; temporal_PA: 0.9634; temporal_UA: 0.9469; temporal_F1: 0.9551
2025-11-10 03:59:28,295 - INFO - Confusion Matrix
 [79902.	  777.	    5.	   15.	   32.]
 [  957.	55093.	  156.	   29.	   79.]
 [    3.	   99.	 2886.	    0.	    0.]
 [    4.	    4.	    0.	 1674.	    0.]
 [    0.	   59.	    0.	    0.	11646.]
2025-11-10 03:59:28,296 - INFO - model saved 50 times, last saved epoch: 95.

2025-11-10 03:59:31,441 - INFO - Epoch 112, Train loss: 0.023147694766521454
2025-11-10 03:59:32,409 - INFO - mIoU: 0.9637; OA: 0.9864; AA: 0.9802; F1: 0.9814; Kappa: 0.9767;
2025-11-10 03:59:32,410 - INFO - spatial_LccAccuracy: 0.928; spatial_PA: 0.9874; spatial_UA: 0.9949; spatial_F1: 0.9911
2025-11-10 03:59:32,410 - INFO - temporal_CdAccuracy: 0.7552; temporal_PA: 0.9688; temporal_UA: 0.9459; temporal_F1: 0.9572
2025-11-10 03:59:32,410 - INFO - Confusion Matrix
 [79982.	  726.	    3.	   13.	    7.]
 [  924.	55223.	   80.	   28.	   59.]
 [    3.	  153.	 2832.	    0.	    0.]
 [    8.	   13.	    0.	 1661.	    0.]
 [    0.	   65.	    0.	    0.	11640.]
2025-11-10 03:59:32,411 - INFO - model saved 50 times, last saved epoch: 95.

2025-11-10 03:59:35,552 - INFO - Epoch 113, Train loss: 0.0222272090613842
2025-11-10 03:59:36,532 - INFO - mIoU: 0.9664; OA: 0.9864; AA: 0.9843; F1: 0.9828; Kappa: 0.9765;
2025-11-10 03:59:36,532 - INFO - spatial_LccAccuracy: 0.9347; spatial_PA: 0.9864; spatial_UA: 0.9946; spatial_F1: 0.9905
2025-11-10 03:59:36,532 - INFO - temporal_CdAccuracy: 0.7614; temporal_PA: 0.9632; temporal_UA: 0.9517; temporal_F1: 0.9574
2025-11-10 03:59:36,533 - INFO - Confusion Matrix
 [79948.	  736.	    8.	   14.	   25.]
 [  937.	55179.	  119.	   13.	   66.]
 [    2.	  104.	 2882.	    0.	    0.]
 [    6.	    8.	    0.	 1668.	    0.]
 [    0.	   56.	    0.	    0.	11649.]
2025-11-10 03:59:36,574 - INFO - Epoch 113 saved.
2025-11-10 03:59:36,575 - INFO - model saved 51 times, last saved epoch: 113.

2025-11-10 03:59:39,659 - INFO - Epoch 114, Train loss: 0.02206042781472206
2025-11-10 03:59:40,573 - INFO - mIoU: 0.9607; OA: 0.9859; AA: 0.9851; F1: 0.9797; Kappa: 0.9758;
2025-11-10 03:59:40,574 - INFO - spatial_LccAccuracy: 0.9343; spatial_PA: 0.9871; spatial_UA: 0.9939; spatial_F1: 0.9905
2025-11-10 03:59:40,574 - INFO - temporal_CdAccuracy: 0.7583; temporal_PA: 0.9649; temporal_UA: 0.9494; temporal_F1: 0.9571
2025-11-10 03:59:40,575 - INFO - Confusion Matrix
 [79987.	  715.	    9.	   16.	    4.]
 [  946.	55066.	  220.	   20.	   62.]
 [    2.	   88.	 2898.	    0.	    0.]
 [    5.	    7.	    0.	 1670.	    0.]
 [    0.	   68.	    0.	    0.	11637.]
2025-11-10 03:59:40,576 - INFO - model saved 51 times, last saved epoch: 113.

2025-11-10 03:59:43,678 - INFO - Epoch 115, Train loss: 0.022287100553512573
2025-11-10 03:59:44,598 - INFO - mIoU: 0.963; OA: 0.9855; AA: 0.9825; F1: 0.981; Kappa: 0.9751;
2025-11-10 03:59:44,599 - INFO - spatial_LccAccuracy: 0.9335; spatial_PA: 0.986; spatial_UA: 0.9928; spatial_F1: 0.9893
2025-11-10 03:59:44,599 - INFO - temporal_CdAccuracy: 0.7603; temporal_PA: 0.9626; temporal_UA: 0.9525; temporal_F1: 0.9575
2025-11-10 03:59:44,600 - INFO - Confusion Matrix
 [79973.	  707.	    5.	   23.	   23.]
 [ 1062.	55018.	  125.	   10.	   99.]
 [    4.	  104.	 2880.	    0.	    0.]
 [    4.	   23.	    0.	 1655.	    0.]
 [    0.	   36.	    0.	    0.	11669.]
2025-11-10 03:59:44,601 - INFO - model saved 51 times, last saved epoch: 113.

2025-11-10 03:59:47,701 - INFO - Epoch 116, Train loss: 0.021181147545576096
2025-11-10 03:59:48,617 - INFO - mIoU: 0.9614; OA: 0.986; AA: 0.9733; F1: 0.9802; Kappa: 0.976;
2025-11-10 03:59:48,617 - INFO - spatial_LccAccuracy: 0.9343; spatial_PA: 0.9864; spatial_UA: 0.9946; spatial_F1: 0.9905
2025-11-10 03:59:48,618 - INFO - temporal_CdAccuracy: 0.7579; temporal_PA: 0.9646; temporal_UA: 0.9488; temporal_F1: 0.9566
2025-11-10 03:59:48,618 - INFO - Confusion Matrix
 [80207.	  512.	    4.	    7.	    1.]
 [ 1173.	55013.	   68.	    0.	   60.]
 [    3.	  179.	 2806.	    0.	    0.]
 [   22.	   40.	    0.	 1620.	    0.]
 [    1.	   71.	    0.	    0.	11633.]
2025-11-10 03:59:48,619 - INFO - model saved 51 times, last saved epoch: 113.

2025-11-10 03:59:51,915 - INFO - Epoch 117, Train loss: 0.021286865696310997
2025-11-10 03:59:52,843 - INFO - mIoU: 0.9607; OA: 0.9856; AA: 0.9827; F1: 0.9798; Kappa: 0.9753;
2025-11-10 03:59:52,843 - INFO - spatial_LccAccuracy: 0.9284; spatial_PA: 0.9885; spatial_UA: 0.9926; spatial_F1: 0.9905
2025-11-10 03:59:52,843 - INFO - temporal_CdAccuracy: 0.7517; temporal_PA: 0.9612; temporal_UA: 0.9491; temporal_F1: 0.9551
2025-11-10 03:59:52,844 - INFO - Confusion Matrix
 [79668.	 1007.	    4.	   30.	   22.]
 [  738.	55388.	   80.	   51.	   57.]
 [    3.	  136.	 2846.	    3.	    0.]
 [    2.	    4.	    0.	 1676.	    0.]
 [    1.	   67.	    0.	    0.	11637.]
2025-11-10 03:59:52,845 - INFO - model saved 51 times, last saved epoch: 113.

2025-11-10 03:59:55,990 - INFO - Epoch 118, Train loss: 0.020778849720954895
2025-11-10 03:59:56,962 - INFO - mIoU: 0.9615; OA: 0.9852; AA: 0.9826; F1: 0.9801; Kappa: 0.9745;
2025-11-10 03:59:56,962 - INFO - spatial_LccAccuracy: 0.9292; spatial_PA: 0.9894; spatial_UA: 0.9928; spatial_F1: 0.9911
2025-11-10 03:59:56,962 - INFO - temporal_CdAccuracy: 0.7544; temporal_PA: 0.961; temporal_UA: 0.9484; temporal_F1: 0.9547
2025-11-10 03:59:56,963 - INFO - Confusion Matrix
 [79752.	  946.	    7.	   11.	   15.]
 [  850.	55215.	  196.	    5.	   48.]
 [    2.	  100.	 2886.	    0.	    0.]
 [    6.	   19.	    0.	 1657.	    0.]
 [    0.	   72.	    0.	    0.	11633.]
2025-11-10 03:59:56,964 - INFO - model saved 51 times, last saved epoch: 113.

2025-11-10 04:00:00,087 - INFO - Epoch 119, Train loss: 0.020134342834353447
2025-11-10 04:00:01,024 - INFO - mIoU: 0.9626; OA: 0.9838; AA: 0.9825; F1: 0.9808; Kappa: 0.9722;
2025-11-10 04:00:01,024 - INFO - spatial_LccAccuracy: 0.9245; spatial_PA: 0.9885; spatial_UA: 0.9926; spatial_F1: 0.9905
2025-11-10 04:00:01,024 - INFO - temporal_CdAccuracy: 0.7442; temporal_PA: 0.9574; temporal_UA: 0.9422; temporal_F1: 0.9497
2025-11-10 04:00:01,025 - INFO - Confusion Matrix
 [79217.	 1444.	    7.	   13.	   50.]
 [  562.	55578.	  141.	    8.	   25.]
 [    3.	  102.	 2883.	    0.	    0.]
 [    6.	   13.	    0.	 1663.	    0.]
 [    0.	  111.	    0.	    0.	11594.]
2025-11-10 04:00:01,026 - INFO - model saved 51 times, last saved epoch: 113.

2025-11-10 04:00:04,164 - INFO - Epoch 120, Train loss: 0.020826198160648346
2025-11-10 04:00:05,116 - INFO - mIoU: 0.9611; OA: 0.9854; AA: 0.985; F1: 0.9799; Kappa: 0.9749;
2025-11-10 04:00:05,117 - INFO - spatial_LccAccuracy: 0.9312; spatial_PA: 0.9874; spatial_UA: 0.9949; spatial_F1: 0.9911
2025-11-10 04:00:05,117 - INFO - temporal_CdAccuracy: 0.7567; temporal_PA: 0.9599; temporal_UA: 0.9455; temporal_F1: 0.9526
2025-11-10 04:00:05,118 - INFO - Confusion Matrix
 [79721.	  971.	    5.	   14.	   20.]
 [  770.	55246.	  203.	   20.	   75.]
 [    4.	   90.	 2894.	    0.	    0.]
 [    7.	    4.	    0.	 1671.	    0.]
 [    0.	   64.	    0.	    0.	11641.]
2025-11-10 04:00:05,119 - INFO - model saved 51 times, last saved epoch: 113.

2025-11-10 04:00:08,239 - INFO - Epoch 121, Train loss: 0.019861513748764992
2025-11-10 04:00:09,158 - INFO - mIoU: 0.9624; OA: 0.9861; AA: 0.9745; F1: 0.9807; Kappa: 0.9761;
2025-11-10 04:00:09,158 - INFO - spatial_LccAccuracy: 0.9292; spatial_PA: 0.989; spatial_UA: 0.9944; spatial_F1: 0.9917
2025-11-10 04:00:09,158 - INFO - temporal_CdAccuracy: 0.7575; temporal_PA: 0.961; temporal_UA: 0.9486; temporal_F1: 0.9548
2025-11-10 04:00:09,159 - INFO - Confusion Matrix
 [79833.	  867.	    3.	    9.	   19.]
 [  786.	55437.	   67.	    0.	   24.]
 [    4.	  180.	 2804.	    0.	    0.]
 [   11.	   37.	    0.	 1634.	    0.]
 [    0.	  124.	    0.	    0.	11581.]
2025-11-10 04:00:09,160 - INFO - model saved 51 times, last saved epoch: 113.

2025-11-10 04:00:12,295 - INFO - Epoch 122, Train loss: 0.019990231841802597
2025-11-10 04:00:13,189 - INFO - mIoU: 0.9601; OA: 0.9861; AA: 0.9798; F1: 0.9795; Kappa: 0.976;
2025-11-10 04:00:13,189 - INFO - spatial_LccAccuracy: 0.9296; spatial_PA: 0.9883; spatial_UA: 0.9951; spatial_F1: 0.9917
2025-11-10 04:00:13,189 - INFO - temporal_CdAccuracy: 0.761; temporal_PA: 0.9659; temporal_UA: 0.9508; temporal_F1: 0.9583
2025-11-10 04:00:13,190 - INFO - Confusion Matrix
 [80068.	  648.	    4.	    3.	    8.]
 [ 1009.	55091.	  131.	   42.	   41.]
 [    4.	  125.	 2859.	    0.	    0.]
 [   29.	    5.	    0.	 1648.	    0.]
 [    9.	   82.	    0.	    0.	11614.]
2025-11-10 04:00:13,191 - INFO - model saved 51 times, last saved epoch: 113.

2025-11-10 04:00:16,340 - INFO - Epoch 123, Train loss: 0.01981675811111927
2025-11-10 04:00:17,252 - INFO - mIoU: 0.9614; OA: 0.9857; AA: 0.9757; F1: 0.9801; Kappa: 0.9754;
2025-11-10 04:00:17,252 - INFO - spatial_LccAccuracy: 0.9296; spatial_PA: 0.9864; spatial_UA: 0.9946; spatial_F1: 0.9905
2025-11-10 04:00:17,253 - INFO - temporal_CdAccuracy: 0.7618; temporal_PA: 0.9663; temporal_UA: 0.9475; temporal_F1: 0.9568
2025-11-10 04:00:17,254 - INFO - Confusion Matrix
 [80005.	  690.	    3.	   11.	   22.]
 [ 1017.	55134.	   80.	    4.	   79.]
 [    4.	  190.	 2794.	    0.	    0.]
 [   13.	   23.	    0.	 1646.	    0.]
 [    1.	   59.	    0.	    0.	11645.]
2025-11-10 04:00:17,255 - INFO - model saved 51 times, last saved epoch: 113.

2025-11-10 04:00:20,383 - INFO - Epoch 124, Train loss: 0.018834825605154037
2025-11-10 04:00:21,322 - INFO - mIoU: 0.9613; OA: 0.9864; AA: 0.9832; F1: 0.9801; Kappa: 0.9766;
2025-11-10 04:00:21,322 - INFO - spatial_LccAccuracy: 0.9312; spatial_PA: 0.9915; spatial_UA: 0.9943; spatial_F1: 0.9929
2025-11-10 04:00:21,322 - INFO - temporal_CdAccuracy: 0.7567; temporal_PA: 0.9628; temporal_UA: 0.9507; temporal_F1: 0.9567
2025-11-10 04:00:21,323 - INFO - Confusion Matrix
 [79829.	  885.	    5.	   12.	    0.]
 [  705.	55401.	  156.	   42.	   10.]
 [    4.	  110.	 2874.	    0.	    0.]
 [    7.	    3.	    0.	 1672.	    0.]
 [   19.	  130.	    0.	    0.	11556.]
2025-11-10 04:00:21,324 - INFO - model saved 51 times, last saved epoch: 113.

2025-11-10 04:00:24,464 - INFO - Epoch 125, Train loss: 0.019087931141257286
2025-11-10 04:00:25,396 - INFO - mIoU: 0.964; OA: 0.9849; AA: 0.9807; F1: 0.9816; Kappa: 0.9739;
2025-11-10 04:00:25,396 - INFO - spatial_LccAccuracy: 0.928; spatial_PA: 0.9806; spatial_UA: 0.9922; spatial_F1: 0.9864
2025-11-10 04:00:25,397 - INFO - temporal_CdAccuracy: 0.7567; temporal_PA: 0.9607; temporal_UA: 0.9489; temporal_F1: 0.9548
2025-11-10 04:00:25,397 - INFO - Confusion Matrix
 [80109.	  597.	    6.	    9.	   10.]
 [ 1304.	54850.	  138.	    2.	   20.]
 [    3.	   98.	 2887.	    0.	    0.]
 [   12.	   22.	    0.	 1648.	    0.]
 [    0.	  103.	    0.	    0.	11602.]
2025-11-10 04:00:25,399 - INFO - model saved 51 times, last saved epoch: 113.

2025-11-10 04:00:28,502 - INFO - Epoch 126, Train loss: 0.017993176355957985
2025-11-10 04:00:29,421 - INFO - mIoU: 0.9609; OA: 0.9852; AA: 0.9774; F1: 0.9799; Kappa: 0.9745;
2025-11-10 04:00:29,421 - INFO - spatial_LccAccuracy: 0.9292; spatial_PA: 0.989; spatial_UA: 0.9944; spatial_F1: 0.9917
2025-11-10 04:00:29,422 - INFO - temporal_CdAccuracy: 0.7564; temporal_PA: 0.9566; temporal_UA: 0.949; temporal_F1: 0.9528
2025-11-10 04:00:29,422 - INFO - Confusion Matrix
 [79975.	  731.	    5.	   11.	    9.]
 [ 1064.	55093.	  137.	    0.	   20.]
 [    5.	  132.	 2851.	    0.	    0.]
 [    7.	   37.	    0.	 1638.	    0.]
 [    0.	  118.	    0.	    0.	11587.]
2025-11-10 04:00:29,423 - INFO - model saved 51 times, last saved epoch: 113.

2025-11-10 04:00:32,593 - INFO - Epoch 127, Train loss: 0.01815091446042061
2025-11-10 04:00:33,538 - INFO - mIoU: 0.9655; OA: 0.9853; AA: 0.9807; F1: 0.9823; Kappa: 0.9748;
2025-11-10 04:00:33,538 - INFO - spatial_LccAccuracy: 0.9308; spatial_PA: 0.989; spatial_UA: 0.9944; spatial_F1: 0.9917
2025-11-10 04:00:33,538 - INFO - temporal_CdAccuracy: 0.7485; temporal_PA: 0.9572; temporal_UA: 0.9463; temporal_F1: 0.9517
2025-11-10 04:00:33,539 - INFO - Confusion Matrix
 [79512.	 1189.	    4.	   14.	   12.]
 [  649.	55542.	   87.	    6.	   30.]
 [    5.	  141.	 2842.	    0.	    0.]
 [    5.	   13.	    0.	 1664.	    0.]
 [    0.	   97.	    0.	    0.	11608.]
2025-11-10 04:00:33,540 - INFO - model saved 51 times, last saved epoch: 113.

