2025-11-10 02:54:40,634 - INFO - Epoch 0, Train loss: 1.6146981716156006
2025-11-10 02:54:41,585 - INFO - mIoU: 0.0471; OA: 0.1139; AA: 0.2444; F1: 0.0982; Kappa: 0.0283;
2025-11-10 02:54:41,585 - INFO - spatial_LccAccuracy: 0.0; spatial_PA: 0.5825; spatial_UA: 0.563; spatial_F1: 0.5726
2025-11-10 02:54:41,585 - INFO - temporal_CdAccuracy: 0.1201; temporal_PA: 0.5627; temporal_UA: 0.5231; temporal_F1: 0.5422
2025-11-10 02:54:41,586 - INFO - Confusion Matrix
 [  444.	11226.	    1.	67739.	    0.]
 [ 1804.	15650.	  146.	40898.	    0.]
 [   85.	 2196.	    4.	  396.	    0.]
 [    3.	   73.	    0.	 1375.	    0.]
 [    7.	   73.	    0.	11300.	    0.]
2025-11-10 02:54:41,628 - INFO - Epoch 0 saved.
2025-11-10 02:54:41,629 - INFO - model saved 1 times, last saved epoch: 0.

2025-11-10 02:54:44,640 - INFO - Epoch 1, Train loss: 1.4795562028884888
2025-11-10 02:54:45,520 - INFO - mIoU: 0.1603; OA: 0.5671; AA: 0.2399; F1: 0.5653; Kappa: 0.1651;
2025-11-10 02:54:45,520 - INFO - spatial_LccAccuracy: 0.0532; spatial_PA: 0.4476; spatial_UA: 0.4513; spatial_F1: 0.4494
2025-11-10 02:54:45,521 - INFO - temporal_CdAccuracy: 0.036; temporal_PA: 0.5229; temporal_UA: 0.5102; temporal_F1: 0.5165
2025-11-10 02:54:45,522 - INFO - Confusion Matrix
 [63948.	15460.	    0.	    2.	    0.]
 [35443.	23055.	    0.	    0.	    0.]
 [ 1781.	  900.	    0.	    0.	    0.]
 [ 1451.	    0.	    0.	    0.	    0.]
 [10173.	 1207.	    0.	    0.	    0.]
2025-11-10 02:54:45,562 - INFO - Epoch 1 saved.
2025-11-10 02:54:45,563 - INFO - model saved 2 times, last saved epoch: 1.

2025-11-10 02:54:48,612 - INFO - Epoch 2, Train loss: 1.2772095203399658
2025-11-10 02:54:49,559 - INFO - mIoU: 0.1607; OA: 0.5922; AA: 0.2438; F1: 0.5578; Kappa: 0.1885;
2025-11-10 02:54:49,559 - INFO - spatial_LccAccuracy: 0.0767; spatial_PA: 0.5125; spatial_UA: 0.5094; spatial_F1: 0.5109
2025-11-10 02:54:49,560 - INFO - temporal_CdAccuracy: 0.1474; temporal_PA: 0.5074; temporal_UA: 0.5064; temporal_F1: 0.5069
2025-11-10 02:54:49,560 - INFO - Confusion Matrix
 [74253.	 5157.	    0.	    0.	    0.]
 [41902.	16596.	    0.	    0.	    0.]
 [ 1746.	  935.	    0.	    0.	    0.]
 [ 1451.	    0.	    0.	    0.	    0.]
 [11367.	   13.	    0.	    0.	    0.]
2025-11-10 02:54:49,601 - INFO - Epoch 2 saved.
2025-11-10 02:54:49,602 - INFO - model saved 3 times, last saved epoch: 2.

2025-11-10 02:54:52,774 - INFO - Epoch 3, Train loss: 1.0840401649475098
2025-11-10 02:54:53,659 - INFO - mIoU: 0.1945; OA: 0.6433; AA: 0.2728; F1: 0.6497; Kappa: 0.3064;
2025-11-10 02:54:53,660 - INFO - spatial_LccAccuracy: 0.1349; spatial_PA: 0.6778; spatial_UA: 0.6295; spatial_F1: 0.6527
2025-11-10 02:54:53,660 - INFO - temporal_CdAccuracy: 0.2038; temporal_PA: 0.5468; temporal_UA: 0.5322; temporal_F1: 0.5394
2025-11-10 02:54:53,661 - INFO - Confusion Matrix
 [71740.	 7670.	    0.	    0.	    0.]
 [31548.	26950.	    0.	    0.	    0.]
 [ 1389.	 1292.	    0.	    0.	    0.]
 [ 1451.	    0.	    0.	    0.	    0.]
 [11334.	   46.	    0.	    0.	    0.]
2025-11-10 02:54:53,702 - INFO - Epoch 3 saved.
2025-11-10 02:54:53,702 - INFO - model saved 4 times, last saved epoch: 3.

2025-11-10 02:54:56,809 - INFO - Epoch 4, Train loss: 0.9335932731628418
2025-11-10 02:54:57,794 - INFO - mIoU: 0.2308; OA: 0.7001; AA: 0.3059; F1: 0.7311; Kappa: 0.4337;
2025-11-10 02:54:57,794 - INFO - spatial_LccAccuracy: 0.1564; spatial_PA: 0.7274; spatial_UA: 0.6566; spatial_F1: 0.6902
2025-11-10 02:54:57,794 - INFO - temporal_CdAccuracy: 0.2253; temporal_PA: 0.6408; temporal_UA: 0.5873; temporal_F1: 0.6129
2025-11-10 02:54:57,795 - INFO - Confusion Matrix
 [68109.	11301.	    0.	    0.	    0.]
 [19199.	39299.	    0.	    0.	    0.]
 [  339.	 2342.	    0.	    0.	    0.]
 [ 1443.	    8.	    0.	    0.	    0.]
 [11259.	  121.	    0.	    0.	    0.]
2025-11-10 02:54:57,853 - INFO - Epoch 4 saved.
2025-11-10 02:54:57,854 - INFO - model saved 5 times, last saved epoch: 4.

2025-11-10 02:55:00,940 - INFO - Epoch 5, Train loss: 0.8029386401176453
2025-11-10 02:55:01,876 - INFO - mIoU: 0.2597; OA: 0.7478; AA: 0.3317; F1: 0.7872; Kappa: 0.5312;
2025-11-10 02:55:01,877 - INFO - spatial_LccAccuracy: 0.2159; spatial_PA: 0.8063; spatial_UA: 0.7201; spatial_F1: 0.7608
2025-11-10 02:55:01,877 - INFO - temporal_CdAccuracy: 0.2609; temporal_PA: 0.6902; temporal_UA: 0.6092; temporal_F1: 0.6472
2025-11-10 02:55:01,878 - INFO - Confusion Matrix
 [67264.	12146.	    0.	    0.	    0.]
 [11030.	47468.	    0.	    0.	    0.]
 [   33.	 2648.	    0.	    0.	    0.]
 [ 1435.	   16.	    0.	    0.	    0.]
 [11196.	  184.	    0.	    0.	    0.]
2025-11-10 02:55:01,918 - INFO - Epoch 5 saved.
2025-11-10 02:55:01,919 - INFO - model saved 6 times, last saved epoch: 5.

2025-11-10 02:55:05,006 - INFO - Epoch 6, Train loss: 0.6730392575263977
2025-11-10 02:55:05,925 - INFO - mIoU: 0.2827; OA: 0.7825; AA: 0.3506; F1: 0.5563; Kappa: 0.5982;
2025-11-10 02:55:05,925 - INFO - spatial_LccAccuracy: 0.2773; spatial_PA: 0.8724; spatial_UA: 0.7892; spatial_F1: 0.8287
2025-11-10 02:55:05,926 - INFO - temporal_CdAccuracy: 0.3019; temporal_PA: 0.7277; temporal_UA: 0.6247; temporal_F1: 0.6723
2025-11-10 02:55:05,926 - INFO - Confusion Matrix
 [68170.	11240.	    0.	    0.	    0.]
 [ 6726.	51772.	    0.	    0.	    0.]
 [   11.	 2670.	    0.	    0.	    0.]
 [ 1436.	   15.	    0.	    0.	    0.]
 [11044.	  226.	    0.	    0.	  110.]
2025-11-10 02:55:05,973 - INFO - Epoch 6 saved.
2025-11-10 02:55:05,973 - INFO - model saved 7 times, last saved epoch: 6.

2025-11-10 02:55:09,073 - INFO - Epoch 7, Train loss: 0.5593621730804443
2025-11-10 02:55:10,037 - INFO - mIoU: 0.4907; OA: 0.8676; AA: 0.5382; F1: 0.8983; Kappa: 0.7678;
2025-11-10 02:55:10,037 - INFO - spatial_LccAccuracy: 0.4048; spatial_PA: 0.925; spatial_UA: 0.8539; spatial_F1: 0.888
2025-11-10 02:55:10,037 - INFO - temporal_CdAccuracy: 0.3422; temporal_PA: 0.7533; temporal_UA: 0.6379; temporal_F1: 0.6908
2025-11-10 02:55:10,038 - INFO - Confusion Matrix
 [69927.	 9483.	    0.	    0.	    0.]
 [ 5635.	52863.	    0.	    0.	    0.]
 [   10.	 2671.	    0.	    0.	    0.]
 [ 1437.	   14.	    0.	    0.	    0.]
 [  872.	  187.	    0.	    0.	10321.]
2025-11-10 02:55:10,080 - INFO - Epoch 7 saved.
2025-11-10 02:55:10,080 - INFO - model saved 8 times, last saved epoch: 7.

2025-11-10 02:55:13,203 - INFO - Epoch 8, Train loss: 0.4748642146587372
2025-11-10 02:55:14,113 - INFO - mIoU: 0.4997; OA: 0.8787; AA: 0.5449; F1: 0.9076; Kappa: 0.7875;
2025-11-10 02:55:14,113 - INFO - spatial_LccAccuracy: 0.4224; spatial_PA: 0.9304; spatial_UA: 0.8689; spatial_F1: 0.8986
2025-11-10 02:55:14,113 - INFO - temporal_CdAccuracy: 0.361; temporal_PA: 0.7645; temporal_UA: 0.6489; temporal_F1: 0.702
2025-11-10 02:55:14,114 - INFO - Confusion Matrix
 [70372.	 9035.	    0.	    0.	    3.]
 [ 4471.	54023.	    0.	    0.	    4.]
 [   12.	 2669.	    0.	    0.	    0.]
 [ 1436.	   15.	    0.	    0.	    0.]
 [  781.	  189.	    0.	    0.	10410.]
2025-11-10 02:55:14,155 - INFO - Epoch 8 saved.
2025-11-10 02:55:14,155 - INFO - model saved 9 times, last saved epoch: 8.

2025-11-10 02:55:17,277 - INFO - Epoch 9, Train loss: 0.4147763252258301
2025-11-10 02:55:18,210 - INFO - mIoU: 0.5059; OA: 0.8866; AA: 0.5491; F1: 0.6857; Kappa: 0.8014;
2025-11-10 02:55:18,210 - INFO - spatial_LccAccuracy: 0.4341; spatial_PA: 0.9307; spatial_UA: 0.8741; spatial_F1: 0.9016
2025-11-10 02:55:18,211 - INFO - temporal_CdAccuracy: 0.3696; temporal_PA: 0.7747; temporal_UA: 0.6591; temporal_F1: 0.7122
2025-11-10 02:55:18,211 - INFO - Confusion Matrix
 [70989.	 8416.	    0.	    0.	    5.]
 [ 3904.	54588.	    0.	    0.	    6.]
 [   35.	 2644.	    2.	    0.	    0.]
 [ 1424.	   27.	    0.	    0.	    0.]
 [  752.	  188.	    0.	    0.	10440.]
2025-11-10 02:55:18,253 - INFO - Epoch 9 saved.
2025-11-10 02:55:18,254 - INFO - model saved 10 times, last saved epoch: 9.

2025-11-10 02:55:21,315 - INFO - Epoch 10, Train loss: 0.37100377678871155
2025-11-10 02:55:22,254 - INFO - mIoU: 0.5507; OA: 0.8965; AA: 0.591; F1: 0.7715; Kappa: 0.8189;
2025-11-10 02:55:22,254 - INFO - spatial_LccAccuracy: 0.4627; spatial_PA: 0.9269; spatial_UA: 0.8719; spatial_F1: 0.8986
2025-11-10 02:55:22,255 - INFO - temporal_CdAccuracy: 0.3704; temporal_PA: 0.7801; temporal_UA: 0.6641; temporal_F1: 0.7174
2025-11-10 02:55:22,255 - INFO - Confusion Matrix
 [71960.	 7443.	    2.	    0.	    5.]
 [ 3844.	54610.	   36.	    0.	    8.]
 [   54.	 2096.	  531.	    0.	    0.]
 [ 1418.	   33.	    0.	    0.	    0.]
 [  745.	  195.	    0.	    0.	10440.]
2025-11-10 02:55:22,296 - INFO - Epoch 10 saved.
2025-11-10 02:55:22,297 - INFO - model saved 11 times, last saved epoch: 10.

2025-11-10 02:55:25,376 - INFO - Epoch 11, Train loss: 0.3354368507862091
2025-11-10 02:55:26,358 - INFO - mIoU: 0.5838; OA: 0.9056; AA: 0.6239; F1: 0.8189; Kappa: 0.8351;
2025-11-10 02:55:26,358 - INFO - spatial_LccAccuracy: 0.4869; spatial_PA: 0.9296; spatial_UA: 0.8732; spatial_F1: 0.9005
2025-11-10 02:55:26,358 - INFO - temporal_CdAccuracy: 0.3887; temporal_PA: 0.7887; temporal_UA: 0.6789; temporal_F1: 0.7297
2025-11-10 02:55:26,358 - INFO - Confusion Matrix
 [72716.	 6669.	   11.	    0.	   14.]
 [ 3524.	54842.	  117.	    0.	   15.]
 [   50.	 1696.	  935.	    0.	    0.]
 [ 1378.	   71.	    2.	    0.	    0.]
 [  725.	  215.	    0.	    0.	10440.]
2025-11-10 02:55:26,397 - INFO - Epoch 11 saved.
2025-11-10 02:55:26,398 - INFO - model saved 12 times, last saved epoch: 11.

2025-11-10 02:55:29,589 - INFO - Epoch 12, Train loss: 0.3035798966884613
2025-11-10 02:55:30,510 - INFO - mIoU: 0.6074; OA: 0.9126; AA: 0.6485; F1: 0.6781; Kappa: 0.8476;
2025-11-10 02:55:30,510 - INFO - spatial_LccAccuracy: 0.5104; spatial_PA: 0.9334; spatial_UA: 0.8785; spatial_F1: 0.9051
2025-11-10 02:55:30,511 - INFO - temporal_CdAccuracy: 0.4122; temporal_PA: 0.7962; temporal_UA: 0.6901; temporal_F1: 0.7394
2025-11-10 02:55:30,511 - INFO - Confusion Matrix
 [73077.	 6309.	   21.	    0.	    3.]
 [ 3051.	55256.	  186.	    0.	    5.]
 [   34.	 1418.	 1229.	    0.	    0.]
 [ 1216.	  221.	   11.	    3.	    0.]
 [  710.	  230.	    0.	    0.	10440.]
2025-11-10 02:55:30,553 - INFO - Epoch 12 saved.
2025-11-10 02:55:30,553 - INFO - model saved 13 times, last saved epoch: 12.

2025-11-10 02:55:33,767 - INFO - Epoch 13, Train loss: 0.2724089026451111
2025-11-10 02:55:34,696 - INFO - mIoU: 0.6316; OA: 0.9208; AA: 0.6718; F1: 0.7069; Kappa: 0.8618;
2025-11-10 02:55:34,696 - INFO - spatial_LccAccuracy: 0.5534; spatial_PA: 0.9339; spatial_UA: 0.8765; spatial_F1: 0.9043
2025-11-10 02:55:34,697 - INFO - temporal_CdAccuracy: 0.44; temporal_PA: 0.793; temporal_UA: 0.708; temporal_F1: 0.7481
2025-11-10 02:55:34,697 - INFO - Confusion Matrix
 [74419.	 4959.	   20.	    1.	   11.]
 [ 3310.	54949.	  226.	    0.	   13.]
 [   20.	 1261.	 1400.	    0.	    0.]
 [ 1190.	  192.	    7.	   62.	    0.]
 [  711.	  229.	    0.	    0.	10440.]
2025-11-10 02:55:34,738 - INFO - Epoch 13 saved.
2025-11-10 02:55:34,738 - INFO - model saved 14 times, last saved epoch: 13.

2025-11-10 02:55:37,888 - INFO - Epoch 14, Train loss: 0.24409542977809906
2025-11-10 02:55:38,876 - INFO - mIoU: 0.6721; OA: 0.9297; AA: 0.7083; F1: 0.7555; Kappa: 0.8773;
2025-11-10 02:55:38,876 - INFO - spatial_LccAccuracy: 0.6011; spatial_PA: 0.9352; spatial_UA: 0.8793; spatial_F1: 0.9064
2025-11-10 02:55:38,876 - INFO - temporal_CdAccuracy: 0.4709; temporal_PA: 0.794; temporal_UA: 0.729; temporal_F1: 0.7601
2025-11-10 02:55:38,877 - INFO - Confusion Matrix
 [75616.	 3774.	   16.	    1.	    3.]
 [ 3524.	54777.	  190.	    0.	    7.]
 [   17.	 1054.	 1610.	    0.	    0.]
 [  974.	  279.	    2.	  196.	    0.]
 [  702.	  238.	    0.	    0.	10440.]
2025-11-10 02:55:38,918 - INFO - Epoch 14 saved.
2025-11-10 02:55:38,918 - INFO - model saved 15 times, last saved epoch: 14.

2025-11-10 02:55:41,994 - INFO - Epoch 15, Train loss: 0.21887102723121643
2025-11-10 02:55:42,961 - INFO - mIoU: 0.7162; OA: 0.9349; AA: 0.751; F1: 0.8052; Kappa: 0.8869;
2025-11-10 02:55:42,961 - INFO - spatial_LccAccuracy: 0.6273; spatial_PA: 0.9366; spatial_UA: 0.886; spatial_F1: 0.9106
2025-11-10 02:55:42,961 - INFO - temporal_CdAccuracy: 0.5104; temporal_PA: 0.805; temporal_UA: 0.7382; temporal_F1: 0.7702
2025-11-10 02:55:42,962 - INFO - Confusion Matrix
 [75097.	 4207.	   17.	   10.	   79.]
 [ 2686.	55655.	  120.	    2.	   35.]
 [    5.	  882.	 1794.	    0.	    0.]
 [  689.	  376.	    1.	  385.	    0.]
 [  573.	  298.	    0.	    0.	10509.]
2025-11-10 02:55:43,025 - INFO - Epoch 15 saved.
2025-11-10 02:55:43,025 - INFO - model saved 16 times, last saved epoch: 15.

2025-11-10 02:55:46,098 - INFO - Epoch 16, Train loss: 0.197440505027771
2025-11-10 02:55:47,072 - INFO - mIoU: 0.7718; OA: 0.9426; AA: 0.8042; F1: 0.856; Kappa: 0.9002;
2025-11-10 02:55:47,072 - INFO - spatial_LccAccuracy: 0.6652; spatial_PA: 0.9341; spatial_UA: 0.8834; spatial_F1: 0.908
2025-11-10 02:55:47,073 - INFO - temporal_CdAccuracy: 0.5393; temporal_PA: 0.813; temporal_UA: 0.7624; temporal_F1: 0.7869
2025-11-10 02:55:47,073 - INFO - Confusion Matrix
 [76169.	 3182.	   20.	   15.	   24.]
 [ 3083.	55268.	  112.	   14.	   21.]
 [    4.	  603.	 2074.	    0.	    0.]
 [  672.	  168.	    0.	  611.	    0.]
 [  600.	  284.	    0.	    0.	10496.]
2025-11-10 02:55:47,115 - INFO - Epoch 16 saved.
2025-11-10 02:55:47,115 - INFO - model saved 17 times, last saved epoch: 16.

2025-11-10 02:55:50,189 - INFO - Epoch 17, Train loss: 0.18032196164131165
2025-11-10 02:55:51,156 - INFO - mIoU: 0.7944; OA: 0.9457; AA: 0.8317; F1: 0.8733; Kappa: 0.9059;
2025-11-10 02:55:51,156 - INFO - spatial_LccAccuracy: 0.6781; spatial_PA: 0.9398; spatial_UA: 0.8952; spatial_F1: 0.9169
2025-11-10 02:55:51,156 - INFO - temporal_CdAccuracy: 0.5725; temporal_PA: 0.8263; temporal_UA: 0.7782; temporal_F1: 0.8016
2025-11-10 02:55:51,157 - INFO - Confusion Matrix
 [75659.	 3600.	   21.	   12.	  118.]
 [ 2469.	55799.	  127.	   56.	   47.]
 [    3.	  453.	 2225.	    0.	    0.]
 [  563.	  189.	    0.	  699.	    0.]
 [  368.	  311.	    0.	    0.	10701.]
2025-11-10 02:55:51,198 - INFO - Epoch 17 saved.
2025-11-10 02:55:51,199 - INFO - model saved 18 times, last saved epoch: 17.

2025-11-10 02:55:54,357 - INFO - Epoch 18, Train loss: 0.1657377928495407
2025-11-10 02:55:55,323 - INFO - mIoU: 0.8157; OA: 0.9513; AA: 0.8595; F1: 0.8891; Kappa: 0.9157;
2025-11-10 02:55:55,323 - INFO - spatial_LccAccuracy: 0.7133; spatial_PA: 0.9387; spatial_UA: 0.9075; spatial_F1: 0.9228
2025-11-10 02:55:55,323 - INFO - temporal_CdAccuracy: 0.5987; temporal_PA: 0.8356; temporal_UA: 0.7988; temporal_F1: 0.8168
2025-11-10 02:55:55,324 - INFO - Confusion Matrix
 [76856.	 2317.	   25.	   39.	  173.]
 [ 3050.	55123.	  181.	   93.	   51.]
 [    3.	  316.	 2362.	    0.	    0.]
 [  534.	  108.	    0.	  809.	    0.]
 [  311.	  270.	    0.	    0.	10799.]
2025-11-10 02:55:55,375 - INFO - Epoch 18 saved.
2025-11-10 02:55:55,375 - INFO - model saved 19 times, last saved epoch: 18.

2025-11-10 02:55:58,523 - INFO - Epoch 19, Train loss: 0.1544816642999649
2025-11-10 02:55:59,453 - INFO - mIoU: 0.8214; OA: 0.9538; AA: 0.8617; F1: 0.8923; Kappa: 0.9201;
2025-11-10 02:55:59,454 - INFO - spatial_LccAccuracy: 0.7223; spatial_PA: 0.9425; spatial_UA: 0.9137; spatial_F1: 0.9279
2025-11-10 02:55:59,454 - INFO - temporal_CdAccuracy: 0.6175; temporal_PA: 0.8467; temporal_UA: 0.815; temporal_F1: 0.8305
2025-11-10 02:55:59,455 - INFO - Confusion Matrix
 [76811.	 2380.	   19.	   36.	  164.]
 [ 2685.	55540.	  138.	   99.	   36.]
 [    3.	  302.	 2376.	    0.	    0.]
 [  529.	  115.	    0.	  807.	    0.]
 [  317.	  261.	    0.	    0.	10802.]
2025-11-10 02:55:59,515 - INFO - Epoch 19 saved.
2025-11-10 02:55:59,516 - INFO - model saved 20 times, last saved epoch: 19.

2025-11-10 02:56:02,619 - INFO - Epoch 20, Train loss: 0.144539013504982
2025-11-10 02:56:03,573 - INFO - mIoU: 0.837; OA: 0.9571; AA: 0.8788; F1: 0.9046; Kappa: 0.926;
2025-11-10 02:56:03,573 - INFO - spatial_LccAccuracy: 0.7423; spatial_PA: 0.9467; spatial_UA: 0.9444; spatial_F1: 0.9455
2025-11-10 02:56:03,573 - INFO - temporal_CdAccuracy: 0.6508; temporal_PA: 0.8624; temporal_UA: 0.8303; temporal_F1: 0.8461
2025-11-10 02:56:03,574 - INFO - Confusion Matrix
 [76865.	 2258.	   20.	   21.	  246.]
 [ 2430.	55746.	  114.	  130.	   78.]
 [    3.	  328.	 2350.	    0.	    0.]
 [  371.	  161.	    0.	  919.	    0.]
 [  180.	  236.	    0.	    0.	10964.]
2025-11-10 02:56:03,616 - INFO - Epoch 20 saved.
2025-11-10 02:56:03,616 - INFO - model saved 21 times, last saved epoch: 20.

2025-11-10 02:56:06,729 - INFO - Epoch 21, Train loss: 0.13638074696063995
2025-11-10 02:56:07,701 - INFO - mIoU: 0.8434; OA: 0.9571; AA: 0.8926; F1: 0.9097; Kappa: 0.9259;
2025-11-10 02:56:07,702 - INFO - spatial_LccAccuracy: 0.7489; spatial_PA: 0.9577; spatial_UA: 0.952; spatial_F1: 0.9548
2025-11-10 02:56:07,702 - INFO - temporal_CdAccuracy: 0.6465; temporal_PA: 0.8602; temporal_UA: 0.8272; temporal_F1: 0.8434
2025-11-10 02:56:07,703 - INFO - Confusion Matrix
 [76864.	 2253.	   20.	   22.	  251.]
 [ 2460.	55623.	  190.	  155.	   70.]
 [    4.	  256.	 2421.	    0.	    0.]
 [  357.	  108.	    0.	  986.	    0.]
 [  218.	  221.	    0.	    0.	10941.]
2025-11-10 02:56:07,764 - INFO - Epoch 21 saved.
2025-11-10 02:56:07,764 - INFO - model saved 22 times, last saved epoch: 21.

2025-11-10 02:56:10,934 - INFO - Epoch 22, Train loss: 0.12845638394355774
2025-11-10 02:56:11,906 - INFO - mIoU: 0.8566; OA: 0.96; AA: 0.9116; F1: 0.9191; Kappa: 0.9311;
2025-11-10 02:56:11,907 - INFO - spatial_LccAccuracy: 0.7642; spatial_PA: 0.9539; spatial_UA: 0.975; spatial_F1: 0.9643
2025-11-10 02:56:11,907 - INFO - temporal_CdAccuracy: 0.6727; temporal_PA: 0.8772; temporal_UA: 0.8389; temporal_F1: 0.8576
2025-11-10 02:56:11,908 - INFO - Confusion Matrix
 [76926.	 2123.	   17.	   64.	  280.]
 [ 2204.	55858.	  199.	  168.	   69.]
 [    4.	  242.	 2435.	    0.	    0.]
 [  255.	   89.	    0.	 1107.	    0.]
 [  189.	  230.	    0.	    0.	10961.]
2025-11-10 02:56:11,949 - INFO - Epoch 22 saved.
2025-11-10 02:56:11,950 - INFO - model saved 23 times, last saved epoch: 22.

2025-11-10 02:56:15,123 - INFO - Epoch 23, Train loss: 0.12242107093334198
2025-11-10 02:56:16,093 - INFO - mIoU: 0.8441; OA: 0.9608; AA: 0.8795; F1: 0.909; Kappa: 0.9321;
2025-11-10 02:56:16,093 - INFO - spatial_LccAccuracy: 0.7654; spatial_PA: 0.9534; spatial_UA: 0.9386; spatial_F1: 0.946
2025-11-10 02:56:16,093 - INFO - temporal_CdAccuracy: 0.659; temporal_PA: 0.8621; temporal_UA: 0.8486; temporal_F1: 0.8553
2025-11-10 02:56:16,094 - INFO - Confusion Matrix
 [77663.	 1619.	   11.	    4.	  113.]
 [ 2621.	55595.	  116.	  118.	   48.]
 [    7.	  311.	 2363.	    0.	    0.]
 [  384.	  149.	    0.	  918.	    0.]
 [  284.	  227.	    0.	    0.	10869.]
2025-11-10 02:56:16,095 - INFO - model saved 23 times, last saved epoch: 22.

2025-11-10 02:56:19,231 - INFO - Epoch 24, Train loss: 0.11593271046876907
2025-11-10 02:56:20,125 - INFO - mIoU: 0.8648; OA: 0.9604; AA: 0.9114; F1: 0.9244; Kappa: 0.9318;
2025-11-10 02:56:20,125 - INFO - spatial_LccAccuracy: 0.7677; spatial_PA: 0.9613; spatial_UA: 0.9722; spatial_F1: 0.9667
2025-11-10 02:56:20,125 - INFO - temporal_CdAccuracy: 0.677; temporal_PA: 0.8772; temporal_UA: 0.8386; temporal_F1: 0.8575
2025-11-10 02:56:20,126 - INFO - Confusion Matrix
 [76229.	 2908.	   14.	   18.	  241.]
 [ 1544.	56585.	  132.	  158.	   79.]
 [    4.	  278.	 2399.	    0.	    0.]
 [  228.	  110.	    0.	 1113.	    0.]
 [  123.	  241.	    0.	    0.	11016.]
2025-11-10 02:56:20,167 - INFO - Epoch 24 saved.
2025-11-10 02:56:20,167 - INFO - model saved 24 times, last saved epoch: 24.

2025-11-10 02:56:23,269 - INFO - Epoch 25, Train loss: 0.11203700304031372
2025-11-10 02:56:24,174 - INFO - mIoU: 0.8713; OA: 0.9644; AA: 0.9258; F1: 0.9286; Kappa: 0.9387;
2025-11-10 02:56:24,174 - INFO - spatial_LccAccuracy: 0.7919; spatial_PA: 0.9542; spatial_UA: 0.9759; spatial_F1: 0.9649
2025-11-10 02:56:24,174 - INFO - temporal_CdAccuracy: 0.6903; temporal_PA: 0.8927; temporal_UA: 0.856; temporal_F1: 0.8739
2025-11-10 02:56:24,175 - INFO - Confusion Matrix
 [77298.	 1830.	   16.	   46.	  220.]
 [ 1986.	56039.	  236.	  168.	   69.]
 [    4.	  211.	 2466.	    0.	    0.]
 [  187.	   85.	    0.	 1179.	    0.]
 [  168.	  229.	    0.	    0.	10983.]
2025-11-10 02:56:24,216 - INFO - Epoch 25 saved.
2025-11-10 02:56:24,217 - INFO - model saved 25 times, last saved epoch: 25.

2025-11-10 02:56:27,319 - INFO - Epoch 26, Train loss: 0.1074783205986023
2025-11-10 02:56:28,236 - INFO - mIoU: 0.8753; OA: 0.9654; AA: 0.9196; F1: 0.931; Kappa: 0.9404;
2025-11-10 02:56:28,236 - INFO - spatial_LccAccuracy: 0.7959; spatial_PA: 0.958; spatial_UA: 0.9779; spatial_F1: 0.9678
2025-11-10 02:56:28,236 - INFO - temporal_CdAccuracy: 0.6938; temporal_PA: 0.8934; temporal_UA: 0.8593; temporal_F1: 0.876
2025-11-10 02:56:28,237 - INFO - Confusion Matrix
 [77281.	 1888.	   11.	   13.	  217.]
 [ 1851.	56269.	  156.	  148.	   74.]
 [    5.	  238.	 2438.	    0.	    0.]
 [  182.	  125.	    0.	 1144.	    0.]
 [  168.	  228.	    0.	    0.	10984.]
2025-11-10 02:56:28,278 - INFO - Epoch 26 saved.
2025-11-10 02:56:28,279 - INFO - model saved 26 times, last saved epoch: 26.

2025-11-10 02:56:31,395 - INFO - Epoch 27, Train loss: 0.10260094702243805
2025-11-10 02:56:32,330 - INFO - mIoU: 0.8852; OA: 0.9666; AA: 0.9309; F1: 0.9373; Kappa: 0.9425;
2025-11-10 02:56:32,330 - INFO - spatial_LccAccuracy: 0.8076; spatial_PA: 0.9633; spatial_UA: 0.9794; spatial_F1: 0.9713
2025-11-10 02:56:32,330 - INFO - temporal_CdAccuracy: 0.6918; temporal_PA: 0.8934; temporal_UA: 0.8648; temporal_F1: 0.8789
2025-11-10 02:56:32,331 - INFO - Confusion Matrix
 [77662.	 1551.	    9.	   24.	  164.]
 [ 2151.	55959.	  131.	  172.	   85.]
 [    8.	  246.	 2427.	    0.	    0.]
 [  161.	   63.	    0.	 1227.	    0.]
 [  156.	  196.	    0.	    0.	11028.]
2025-11-10 02:56:32,373 - INFO - Epoch 27 saved.
2025-11-10 02:56:32,373 - INFO - model saved 27 times, last saved epoch: 27.

2025-11-10 02:56:35,497 - INFO - Epoch 28, Train loss: 0.0994691327214241
2025-11-10 02:56:36,389 - INFO - mIoU: 0.8761; OA: 0.9645; AA: 0.9164; F1: 0.9315; Kappa: 0.9389;
2025-11-10 02:56:36,389 - INFO - spatial_LccAccuracy: 0.7955; spatial_PA: 0.9665; spatial_UA: 0.9763; spatial_F1: 0.9714
2025-11-10 02:56:36,389 - INFO - temporal_CdAccuracy: 0.6871; temporal_PA: 0.8904; temporal_UA: 0.8566; temporal_F1: 0.8732
2025-11-10 02:56:36,390 - INFO - Confusion Matrix
 [76623.	 2539.	    9.	    6.	  233.]
 [ 1407.	56769.	   96.	  139.	   87.]
 [    6.	  285.	 2390.	    0.	    0.]
 [  171.	  143.	    0.	 1137.	    0.]
 [  106.	  218.	    0.	    0.	11056.]
2025-11-10 02:56:36,391 - INFO - model saved 27 times, last saved epoch: 27.

2025-11-10 02:56:39,510 - INFO - Epoch 29, Train loss: 0.09543193876743317
2025-11-10 02:56:40,446 - INFO - mIoU: 0.8929; OA: 0.9683; AA: 0.9488; F1: 0.9422; Kappa: 0.9455;
2025-11-10 02:56:40,447 - INFO - spatial_LccAccuracy: 0.8099; spatial_PA: 0.9614; spatial_UA: 0.9814; spatial_F1: 0.9713
2025-11-10 02:56:40,447 - INFO - temporal_CdAccuracy: 0.7028; temporal_PA: 0.9004; temporal_UA: 0.8743; temporal_F1: 0.8872
2025-11-10 02:56:40,448 - INFO - Confusion Matrix
 [77169.	 1873.	   10.	   35.	  323.]
 [ 1553.	56414.	  208.	  177.	  146.]
 [    7.	  198.	 2476.	    0.	    0.]
 [   88.	   55.	    0.	 1308.	    0.]
 [   44.	  150.	    0.	    0.	11186.]
2025-11-10 02:56:40,488 - INFO - Epoch 29 saved.
2025-11-10 02:56:40,489 - INFO - model saved 28 times, last saved epoch: 29.

2025-11-10 02:56:43,655 - INFO - Epoch 30, Train loss: 0.09290905296802521
2025-11-10 02:56:44,576 - INFO - mIoU: 0.8888; OA: 0.9676; AA: 0.9316; F1: 0.9396; Kappa: 0.9443;
2025-11-10 02:56:44,576 - INFO - spatial_LccAccuracy: 0.8056; spatial_PA: 0.9643; spatial_UA: 0.9831; spatial_F1: 0.9736
2025-11-10 02:56:44,577 - INFO - temporal_CdAccuracy: 0.693; temporal_PA: 0.9028; temporal_UA: 0.8639; temporal_F1: 0.8829
2025-11-10 02:56:44,577 - INFO - Confusion Matrix
 [76758.	 2328.	    7.	   17.	  300.]
 [ 1219.	56933.	   90.	  147.	  109.]
 [    6.	  285.	 2390.	    0.	    0.]
 [   83.	  137.	    0.	 1231.	    0.]
 [   55.	  190.	    0.	    0.	11135.]
2025-11-10 02:56:44,579 - INFO - model saved 28 times, last saved epoch: 29.

2025-11-10 02:56:47,702 - INFO - Epoch 31, Train loss: 0.08967016637325287
2025-11-10 02:56:48,633 - INFO - mIoU: 0.8935; OA: 0.9689; AA: 0.9376; F1: 0.9423; Kappa: 0.9465;
2025-11-10 02:56:48,633 - INFO - spatial_LccAccuracy: 0.808; spatial_PA: 0.9641; spatial_UA: 0.9822; spatial_F1: 0.973
2025-11-10 02:56:48,633 - INFO - temporal_CdAccuracy: 0.6981; temporal_PA: 0.9047; temporal_UA: 0.8731; temporal_F1: 0.8886
2025-11-10 02:56:48,634 - INFO - Confusion Matrix
 [77024.	 2117.	    9.	   11.	  249.]
 [ 1297.	56811.	  143.	  144.	  103.]
 [    8.	  213.	 2460.	    0.	    0.]
 [   98.	  116.	    0.	 1237.	    0.]
 [   72.	  192.	    0.	    0.	11116.]
2025-11-10 02:56:48,674 - INFO - Epoch 31 saved.
2025-11-10 02:56:48,675 - INFO - model saved 29 times, last saved epoch: 31.

2025-11-10 02:56:51,791 - INFO - Epoch 32, Train loss: 0.08697286248207092
2025-11-10 02:56:52,696 - INFO - mIoU: 0.8877; OA: 0.9619; AA: 0.9493; F1: 0.9394; Kappa: 0.9349;
2025-11-10 02:56:52,696 - INFO - spatial_LccAccuracy: 0.79; spatial_PA: 0.9618; spatial_UA: 0.974; spatial_F1: 0.9679
2025-11-10 02:56:52,697 - INFO - temporal_CdAccuracy: 0.6715; temporal_PA: 0.8963; temporal_UA: 0.8528; temporal_F1: 0.874
2025-11-10 02:56:52,697 - INFO - Confusion Matrix
 [75565.	 3375.	   16.	   61.	  393.]
 [ 1005.	56961.	  204.	  160.	  168.]
 [    5.	  186.	 2490.	    0.	    0.]
 [   58.	   82.	    0.	 1311.	    0.]
 [    7.	  121.	    0.	    0.	11252.]
2025-11-10 02:56:52,698 - INFO - model saved 29 times, last saved epoch: 31.

2025-11-10 02:56:55,860 - INFO - Epoch 33, Train loss: 0.08511511981487274
2025-11-10 02:56:56,813 - INFO - mIoU: 0.9036; OA: 0.972; AA: 0.9477; F1: 0.9482; Kappa: 0.9517;
2025-11-10 02:56:56,814 - INFO - spatial_LccAccuracy: 0.8357; spatial_PA: 0.9687; spatial_UA: 0.9844; spatial_F1: 0.9765
2025-11-10 02:56:56,814 - INFO - temporal_CdAccuracy: 0.7122; temporal_PA: 0.9068; temporal_UA: 0.884; temporal_F1: 0.8953
2025-11-10 02:56:56,815 - INFO - Confusion Matrix
 [78108.	 1195.	    8.	   18.	   81.]
 [ 1936.	56140.	  150.	  167.	  105.]
 [    7.	  207.	 2467.	    0.	    0.]
 [   89.	   57.	    0.	 1305.	    0.]
 [  114.	  164.	    0.	    0.	11102.]
2025-11-10 02:56:56,856 - INFO - Epoch 33 saved.
2025-11-10 02:56:56,857 - INFO - model saved 30 times, last saved epoch: 33.

2025-11-10 02:57:00,088 - INFO - Epoch 34, Train loss: 0.08228757232427597
2025-11-10 02:57:01,052 - INFO - mIoU: 0.8998; OA: 0.9723; AA: 0.9387; F1: 0.9458; Kappa: 0.9523;
2025-11-10 02:57:01,052 - INFO - spatial_LccAccuracy: 0.8326; spatial_PA: 0.9656; spatial_UA: 0.9818; spatial_F1: 0.9736
2025-11-10 02:57:01,052 - INFO - temporal_CdAccuracy: 0.7063; temporal_PA: 0.9101; temporal_UA: 0.886; temporal_F1: 0.8979
2025-11-10 02:57:01,053 - INFO - Confusion Matrix
 [77575.	 1733.	    8.	   10.	   84.]
 [ 1316.	56830.	  160.	  126.	   66.]
 [    5.	  206.	 2470.	    0.	    0.]
 [   92.	  123.	    0.	 1236.	    0.]
 [   90.	  228.	    0.	    0.	11062.]
2025-11-10 02:57:01,054 - INFO - model saved 30 times, last saved epoch: 33.

2025-11-10 02:57:04,233 - INFO - Epoch 35, Train loss: 0.08030097186565399
2025-11-10 02:57:05,183 - INFO - mIoU: 0.9054; OA: 0.9712; AA: 0.9465; F1: 0.9493; Kappa: 0.9504;
2025-11-10 02:57:05,184 - INFO - spatial_LccAccuracy: 0.8373; spatial_PA: 0.9755; spatial_UA: 0.9767; spatial_F1: 0.9761
2025-11-10 02:57:05,184 - INFO - temporal_CdAccuracy: 0.7129; temporal_PA: 0.9112; temporal_UA: 0.8872; temporal_F1: 0.899
2025-11-10 02:57:05,185 - INFO - Confusion Matrix
 [77358.	 1885.	    6.	    9.	  152.]
 [ 1435.	56658.	  124.	  141.	  140.]
 [    7.	  207.	 2467.	    0.	    0.]
 [  101.	   70.	    0.	 1280.	    0.]
 [   17.	  128.	    0.	    0.	11235.]
2025-11-10 02:57:05,225 - INFO - Epoch 35 saved.
2025-11-10 02:57:05,226 - INFO - model saved 31 times, last saved epoch: 35.

2025-11-10 02:57:08,336 - INFO - Epoch 36, Train loss: 0.07910868525505066
2025-11-10 02:57:09,298 - INFO - mIoU: 0.9099; OA: 0.9729; AA: 0.9552; F1: 0.9519; Kappa: 0.9534;
2025-11-10 02:57:09,299 - INFO - spatial_LccAccuracy: 0.8357; spatial_PA: 0.9676; spatial_UA: 0.9832; spatial_F1: 0.9754
2025-11-10 02:57:09,299 - INFO - temporal_CdAccuracy: 0.7055; temporal_PA: 0.9157; temporal_UA: 0.885; temporal_F1: 0.9001
2025-11-10 02:57:09,300 - INFO - Confusion Matrix
 [77349.	 1957.	    8.	   18.	   78.]
 [ 1159.	56909.	  166.	  162.	  102.]
 [    5.	  193.	 2483.	    0.	    0.]
 [   61.	   55.	    0.	 1335.	    0.]
 [   31.	  163.	    0.	    0.	11186.]
2025-11-10 02:57:09,341 - INFO - Epoch 36 saved.
2025-11-10 02:57:09,342 - INFO - model saved 32 times, last saved epoch: 36.

2025-11-10 02:57:12,570 - INFO - Epoch 37, Train loss: 0.07609015703201294
2025-11-10 02:57:13,487 - INFO - mIoU: 0.8988; OA: 0.9727; AA: 0.9628; F1: 0.9453; Kappa: 0.9531;
2025-11-10 02:57:13,488 - INFO - spatial_LccAccuracy: 0.8389; spatial_PA: 0.9535; spatial_UA: 0.9827; spatial_F1: 0.9679
2025-11-10 02:57:13,488 - INFO - temporal_CdAccuracy: 0.711; temporal_PA: 0.9177; temporal_UA: 0.8921; temporal_F1: 0.9047
2025-11-10 02:57:13,489 - INFO - Confusion Matrix
 [77547.	 1570.	   13.	   90.	  190.]
 [ 1336.	56542.	  280.	  188.	  152.]
 [    4.	  168.	 2509.	    0.	    0.]
 [   42.	   37.	    0.	 1372.	    0.]
 [    5.	  114.	    0.	    0.	11261.]
2025-11-10 02:57:13,490 - INFO - model saved 32 times, last saved epoch: 36.

2025-11-10 02:57:16,644 - INFO - Epoch 38, Train loss: 0.07472005486488342
2025-11-10 02:57:17,555 - INFO - mIoU: 0.9057; OA: 0.9746; AA: 0.9596; F1: 0.9494; Kappa: 0.9563;
2025-11-10 02:57:17,555 - INFO - spatial_LccAccuracy: 0.849; spatial_PA: 0.9708; spatial_UA: 0.98; spatial_F1: 0.9754
2025-11-10 02:57:17,556 - INFO - temporal_CdAccuracy: 0.7215; temporal_PA: 0.9176; temporal_UA: 0.9003; temporal_F1: 0.9089
2025-11-10 02:57:17,556 - INFO - Confusion Matrix
 [78305.	  964.	    9.	   18.	  114.]
 [ 1776.	56102.	  301.	  172.	  147.]
 [    7.	  152.	 2522.	    0.	    0.]
 [   88.	   23.	    0.	 1340.	    0.]
 [   13.	  113.	    0.	    0.	11254.]
2025-11-10 02:57:17,558 - INFO - model saved 32 times, last saved epoch: 36.

2025-11-10 02:57:20,772 - INFO - Epoch 39, Train loss: 0.07291866093873978
2025-11-10 02:57:21,711 - INFO - mIoU: 0.908; OA: 0.9724; AA: 0.9432; F1: 0.9508; Kappa: 0.9523;
2025-11-10 02:57:21,711 - INFO - spatial_LccAccuracy: 0.8471; spatial_PA: 0.9794; spatial_UA: 0.9764; spatial_F1: 0.9779
2025-11-10 02:57:21,711 - INFO - temporal_CdAccuracy: 0.7122; temporal_PA: 0.9123; temporal_UA: 0.8885; temporal_F1: 0.9002
2025-11-10 02:57:21,712 - INFO - Confusion Matrix
 [77708.	 1644.	    4.	    6.	   48.]
 [ 1521.	56673.	   94.	  135.	   75.]
 [   11.	  234.	 2436.	    0.	    0.]
 [  113.	   51.	    0.	 1287.	    0.]
 [  111.	  194.	    0.	    0.	11075.]
2025-11-10 02:57:21,713 - INFO - model saved 32 times, last saved epoch: 36.

2025-11-10 02:57:24,802 - INFO - Epoch 40, Train loss: 0.07066628336906433
2025-11-10 02:57:25,766 - INFO - mIoU: 0.9053; OA: 0.9741; AA: 0.9619; F1: 0.9492; Kappa: 0.9555;
2025-11-10 02:57:25,766 - INFO - spatial_LccAccuracy: 0.8463; spatial_PA: 0.9639; spatial_UA: 0.9847; spatial_F1: 0.9742
2025-11-10 02:57:25,766 - INFO - temporal_CdAccuracy: 0.7204; temporal_PA: 0.921; temporal_UA: 0.9006; temporal_F1: 0.9107
2025-11-10 02:57:25,767 - INFO - Confusion Matrix
 [78020.	 1205.	    8.	   20.	  157.]
 [ 1556.	56284.	  362.	  153.	  143.]
 [    4.	  144.	 2533.	    0.	    0.]
 [   52.	   49.	    0.	 1350.	    0.]
 [    5.	  113.	    0.	    0.	11262.]
2025-11-10 02:57:25,768 - INFO - model saved 32 times, last saved epoch: 36.

2025-11-10 02:57:28,869 - INFO - Epoch 41, Train loss: 0.0695718303322792
2025-11-10 02:57:29,808 - INFO - mIoU: 0.9155; OA: 0.974; AA: 0.9546; F1: 0.9551; Kappa: 0.9553;
2025-11-10 02:57:29,808 - INFO - spatial_LccAccuracy: 0.8436; spatial_PA: 0.9746; spatial_UA: 0.982; spatial_F1: 0.9783
2025-11-10 02:57:29,809 - INFO - temporal_CdAccuracy: 0.7208; temporal_PA: 0.9224; temporal_UA: 0.896; temporal_F1: 0.909
2025-11-10 02:57:29,809 - INFO - Confusion Matrix
 [77203.	 2108.	    5.	   12.	   82.]
 [  930.	57223.	   98.	  152.	   95.]
 [    4.	  225.	 2452.	    0.	    0.]
 [   62.	   50.	    0.	 1339.	    0.]
 [    5.	  163.	    0.	    0.	11212.]
2025-11-10 02:57:29,851 - INFO - Epoch 41 saved.
2025-11-10 02:57:29,852 - INFO - model saved 33 times, last saved epoch: 41.

2025-11-10 02:57:32,930 - INFO - Epoch 42, Train loss: 0.06769100576639175
2025-11-10 02:57:33,843 - INFO - mIoU: 0.902; OA: 0.9732; AA: 0.9272; F1: 0.9469; Kappa: 0.9538;
2025-11-10 02:57:33,843 - INFO - spatial_LccAccuracy: 0.8424; spatial_PA: 0.9797; spatial_UA: 0.9772; spatial_F1: 0.9784
2025-11-10 02:57:33,844 - INFO - temporal_CdAccuracy: 0.6938; temporal_PA: 0.9081; temporal_UA: 0.8834; temporal_F1: 0.8956
2025-11-10 02:57:33,845 - INFO - Confusion Matrix
 [77110.	 2177.	    2.	    6.	  115.]
 [  870.	57399.	   47.	   56.	  126.]
 [    8.	  299.	 2374.	    0.	    0.]
 [  119.	  157.	    0.	 1175.	    0.]
 [    1.	  133.	    0.	    0.	11246.]
2025-11-10 02:57:33,846 - INFO - model saved 33 times, last saved epoch: 41.

2025-11-10 02:57:37,007 - INFO - Epoch 43, Train loss: 0.0677562952041626
2025-11-10 02:57:37,933 - INFO - mIoU: 0.9139; OA: 0.976; AA: 0.9688; F1: 0.9541; Kappa: 0.9587;
2025-11-10 02:57:37,934 - INFO - spatial_LccAccuracy: 0.8604; spatial_PA: 0.9754; spatial_UA: 0.988; spatial_F1: 0.9817
2025-11-10 02:57:37,934 - INFO - temporal_CdAccuracy: 0.7219; temporal_PA: 0.9247; temporal_UA: 0.9069; temporal_F1: 0.9157
2025-11-10 02:57:37,935 - INFO - Confusion Matrix
 [77691.	 1566.	    8.	   39.	  106.]
 [ 1087.	56861.	  222.	  201.	  127.]
 [    5.	  152.	 2524.	    0.	    0.]
 [   39.	   15.	    0.	 1397.	    0.]
 [    4.	  118.	    0.	    0.	11258.]
2025-11-10 02:57:37,936 - INFO - model saved 33 times, last saved epoch: 41.

2025-11-10 02:57:41,119 - INFO - Epoch 44, Train loss: 0.06535720080137253
2025-11-10 02:57:42,028 - INFO - mIoU: 0.9197; OA: 0.9783; AA: 0.963; F1: 0.9574; Kappa: 0.9626;
2025-11-10 02:57:42,028 - INFO - spatial_LccAccuracy: 0.8706; spatial_PA: 0.9736; spatial_UA: 0.9841; spatial_F1: 0.9788
2025-11-10 02:57:42,028 - INFO - temporal_CdAccuracy: 0.7329; temporal_PA: 0.9319; temporal_UA: 0.9136; temporal_F1: 0.9226
2025-11-10 02:57:42,029 - INFO - Confusion Matrix
 [78195.	 1150.	    7.	    9.	   49.]
 [ 1236.	56778.	  225.	  141.	  118.]
 [    5.	  159.	 2517.	    0.	    0.]
 [   64.	   33.	    0.	 1354.	    0.]
 [    6.	  133.	    0.	    0.	11241.]
2025-11-10 02:57:42,070 - INFO - Epoch 44 saved.
2025-11-10 02:57:42,070 - INFO - model saved 34 times, last saved epoch: 44.

2025-11-10 02:57:45,161 - INFO - Epoch 45, Train loss: 0.06619860231876373
2025-11-10 02:57:46,076 - INFO - mIoU: 0.9181; OA: 0.9766; AA: 0.9545; F1: 0.9565; Kappa: 0.9596;
2025-11-10 02:57:46,076 - INFO - spatial_LccAccuracy: 0.8756; spatial_PA: 0.9751; spatial_UA: 0.9781; spatial_F1: 0.9766
2025-11-10 02:57:46,076 - INFO - temporal_CdAccuracy: 0.7348; temporal_PA: 0.9223; temporal_UA: 0.9101; temporal_F1: 0.9161
2025-11-10 02:57:46,077 - INFO - Confusion Matrix
 [78738.	  646.	    5.	    7.	   14.]
 [ 1991.	56139.	  132.	  141.	   95.]
 [    7.	  192.	 2482.	    0.	    0.]
 [  102.	   19.	    0.	 1330.	    0.]
 [   93.	  145.	    0.	    0.	11142.]
2025-11-10 02:57:46,078 - INFO - model saved 34 times, last saved epoch: 44.

2025-11-10 02:57:49,173 - INFO - Epoch 46, Train loss: 0.060951635241508484
2025-11-10 02:57:50,120 - INFO - mIoU: 0.9202; OA: 0.9777; AA: 0.9507; F1: 0.9576; Kappa: 0.9616;
2025-11-10 02:57:50,121 - INFO - spatial_LccAccuracy: 0.8709; spatial_PA: 0.9738; spatial_UA: 0.985; spatial_F1: 0.9794
2025-11-10 02:57:50,121 - INFO - temporal_CdAccuracy: 0.7172; temporal_PA: 0.9269; temporal_UA: 0.9046; temporal_F1: 0.9156
2025-11-10 02:57:50,122 - INFO - Confusion Matrix
 [77838.	 1512.	    6.	    8.	   46.]
 [ 1014.	57158.	  157.	   65.	  104.]
 [    4.	  190.	 2487.	    0.	    0.]
 [   61.	  111.	    0.	 1279.	    0.]
 [    3.	  141.	    0.	    0.	11236.]
2025-11-10 02:57:50,162 - INFO - Epoch 46 saved.
2025-11-10 02:57:50,163 - INFO - model saved 35 times, last saved epoch: 46.

2025-11-10 02:57:53,261 - INFO - Epoch 47, Train loss: 0.061541441828012466
2025-11-10 02:57:54,229 - INFO - mIoU: 0.9233; OA: 0.9776; AA: 0.9623; F1: 0.9595; Kappa: 0.9615;
2025-11-10 02:57:54,230 - INFO - spatial_LccAccuracy: 0.8721; spatial_PA: 0.9806; spatial_UA: 0.9862; spatial_F1: 0.9834
2025-11-10 02:57:54,230 - INFO - temporal_CdAccuracy: 0.7348; temporal_PA: 0.933; temporal_UA: 0.912; temporal_F1: 0.9224
2025-11-10 02:57:54,231 - INFO - Confusion Matrix
 [77925.	 1455.	    6.	   11.	   13.]
 [ 1088.	57012.	  190.	  122.	   86.]
 [    5.	  167.	 2509.	    0.	    0.]
 [   56.	   36.	    0.	 1359.	    0.]
 [   36.	  158.	    0.	    0.	11186.]
2025-11-10 02:57:54,489 - INFO - Epoch 47 saved.
2025-11-10 02:57:54,490 - INFO - model saved 36 times, last saved epoch: 47.

2025-11-10 02:57:57,840 - INFO - Epoch 48, Train loss: 0.06085224449634552
2025-11-10 02:57:58,795 - INFO - mIoU: 0.924; OA: 0.979; AA: 0.9657; F1: 0.9597; Kappa: 0.9637;
2025-11-10 02:57:58,795 - INFO - spatial_LccAccuracy: 0.8772; spatial_PA: 0.9771; spatial_UA: 0.9852; spatial_F1: 0.9811
2025-11-10 02:57:58,795 - INFO - temporal_CdAccuracy: 0.7395; temporal_PA: 0.9341; temporal_UA: 0.923; temporal_F1: 0.9285
2025-11-10 02:57:58,796 - INFO - Confusion Matrix
 [78522.	  839.	    7.	    9.	   33.]
 [ 1529.	56506.	  177.	  157.	  129.]
 [    9.	  157.	 2515.	    0.	    0.]
 [   71.	    9.	    0.	 1371.	    0.]
 [    2.	  101.	    0.	    0.	11277.]
2025-11-10 02:57:58,838 - INFO - Epoch 48 saved.
2025-11-10 02:57:58,838 - INFO - model saved 37 times, last saved epoch: 48.

2025-11-10 02:58:02,059 - INFO - Epoch 49, Train loss: 0.060040589421987534
2025-11-10 02:58:03,004 - INFO - mIoU: 0.9237; OA: 0.9761; AA: 0.9621; F1: 0.9597; Kappa: 0.9589;
2025-11-10 02:58:03,005 - INFO - spatial_LccAccuracy: 0.858; spatial_PA: 0.981; spatial_UA: 0.9847; spatial_F1: 0.9829
2025-11-10 02:58:03,005 - INFO - temporal_CdAccuracy: 0.7176; temporal_PA: 0.9311; temporal_UA: 0.9034; temporal_F1: 0.917
2025-11-10 02:58:03,006 - INFO - Confusion Matrix
 [77514.	 1855.	    7.	   11.	   23.]
 [  969.	57146.	  182.	  111.	   90.]
 [    5.	  162.	 2514.	    0.	    0.]
 [   53.	   43.	    0.	 1355.	    0.]
 [   17.	  143.	    0.	    0.	11220.]
2025-11-10 02:58:03,007 - INFO - model saved 37 times, last saved epoch: 48.

2025-11-10 02:58:06,204 - INFO - Epoch 50, Train loss: 0.057696036994457245
2025-11-10 02:58:07,184 - INFO - mIoU: 0.9233; OA: 0.9781; AA: 0.9698; F1: 0.9594; Kappa: 0.9624;
2025-11-10 02:58:07,184 - INFO - spatial_LccAccuracy: 0.8764; spatial_PA: 0.981; spatial_UA: 0.9905; spatial_F1: 0.9857
2025-11-10 02:58:07,184 - INFO - temporal_CdAccuracy: 0.7368; temporal_PA: 0.9334; temporal_UA: 0.9149; temporal_F1: 0.9241
2025-11-10 02:58:07,185 - INFO - Confusion Matrix
 [77916.	 1420.	    7.	   28.	   39.]
 [ 1054.	56958.	  185.	  167.	  134.]
 [    5.	  162.	 2514.	    0.	    0.]
 [   40.	   10.	    0.	 1401.	    0.]
 [    0.	  102.	    0.	    0.	11278.]
2025-11-10 02:58:07,186 - INFO - model saved 37 times, last saved epoch: 48.

2025-11-10 02:58:10,350 - INFO - Epoch 51, Train loss: 0.058348722755908966
2025-11-10 02:58:11,302 - INFO - mIoU: 0.9323; OA: 0.9795; AA: 0.9641; F1: 0.9645; Kappa: 0.9647;
2025-11-10 02:58:11,303 - INFO - spatial_LccAccuracy: 0.8913; spatial_PA: 0.9813; spatial_UA: 0.9856; spatial_F1: 0.9834
2025-11-10 02:58:11,303 - INFO - temporal_CdAccuracy: 0.7352; temporal_PA: 0.9339; temporal_UA: 0.9192; temporal_F1: 0.9265
2025-11-10 02:58:11,304 - INFO - Confusion Matrix
 [78619.	  756.	    4.	    9.	   22.]
 [ 1631.	56521.	  109.	  108.	  129.]
 [    6.	  185.	 2490.	    0.	    0.]
 [   60.	   20.	    0.	 1371.	    0.]
 [    4.	  100.	    0.	    0.	11276.]
2025-11-10 02:58:11,343 - INFO - Epoch 51 saved.
2025-11-10 02:58:11,344 - INFO - model saved 38 times, last saved epoch: 51.

2025-11-10 02:58:14,561 - INFO - Epoch 52, Train loss: 0.05555013567209244
2025-11-10 02:58:15,541 - INFO - mIoU: 0.9302; OA: 0.9791; AA: 0.9547; F1: 0.9633; Kappa: 0.964;
2025-11-10 02:58:15,541 - INFO - spatial_LccAccuracy: 0.8936; spatial_PA: 0.9808; spatial_UA: 0.9839; spatial_F1: 0.9823
2025-11-10 02:58:15,541 - INFO - temporal_CdAccuracy: 0.7329; temporal_PA: 0.9361; temporal_UA: 0.9169; temporal_F1: 0.9264
2025-11-10 02:58:15,542 - INFO - Confusion Matrix
 [78387.	 1006.	    4.	    8.	    5.]
 [ 1421.	56845.	   84.	   66.	   82.]
 [    5.	  219.	 2457.	    0.	    0.]
 [   73.	   52.	    0.	 1326.	    0.]
 [   31.	  146.	    0.	    0.	11203.]
2025-11-10 02:58:15,543 - INFO - model saved 38 times, last saved epoch: 51.

2025-11-10 02:58:18,814 - INFO - Epoch 53, Train loss: 0.05521921440958977
2025-11-10 02:58:19,802 - INFO - mIoU: 0.9345; OA: 0.9799; AA: 0.9604; F1: 0.9657; Kappa: 0.9655;
2025-11-10 02:58:19,803 - INFO - spatial_LccAccuracy: 0.8921; spatial_PA: 0.982; spatial_UA: 0.9883; spatial_F1: 0.9852
2025-11-10 02:58:19,803 - INFO - temporal_CdAccuracy: 0.7352; temporal_PA: 0.9339; temporal_UA: 0.9192; temporal_F1: 0.9265
2025-11-10 02:58:19,804 - INFO - Confusion Matrix
 [77903.	 1463.	    4.	    9.	   31.]
 [  880.	57327.	  114.	   50.	  127.]
 [    4.	  188.	 2489.	    0.	    0.]
 [   53.	   62.	    0.	 1336.	    0.]
 [    0.	   94.	    0.	    0.	11286.]
2025-11-10 02:58:19,845 - INFO - Epoch 53 saved.
2025-11-10 02:58:19,846 - INFO - model saved 39 times, last saved epoch: 53.

2025-11-10 02:58:23,048 - INFO - Epoch 54, Train loss: 0.05303589627146721
2025-11-10 02:58:23,997 - INFO - mIoU: 0.9286; OA: 0.9802; AA: 0.9719; F1: 0.9624; Kappa: 0.9659;
2025-11-10 02:58:23,997 - INFO - spatial_LccAccuracy: 0.8799; spatial_PA: 0.9801; spatial_UA: 0.9902; spatial_F1: 0.9851
2025-11-10 02:58:23,997 - INFO - temporal_CdAccuracy: 0.7423; temporal_PA: 0.9466; temporal_UA: 0.9198; temporal_F1: 0.933
2025-11-10 02:58:23,998 - INFO - Confusion Matrix
 [78228.	 1114.	    7.	   25.	   36.]
 [ 1087.	56917.	  189.	  142.	  163.]
 [    5.	  148.	 2528.	    0.	    0.]
 [   42.	    8.	    0.	 1401.	    0.]
 [    0.	   78.	    0.	    0.	11302.]
2025-11-10 02:58:23,999 - INFO - model saved 39 times, last saved epoch: 53.

2025-11-10 02:58:27,229 - INFO - Epoch 55, Train loss: 0.053651802241802216
2025-11-10 02:58:28,204 - INFO - mIoU: 0.9285; OA: 0.9802; AA: 0.9524; F1: 0.9623; Kappa: 0.966;
2025-11-10 02:58:28,204 - INFO - spatial_LccAccuracy: 0.8897; spatial_PA: 0.9787; spatial_UA: 0.9881; spatial_F1: 0.9834
2025-11-10 02:58:28,204 - INFO - temporal_CdAccuracy: 0.7419; temporal_PA: 0.9376; temporal_UA: 0.9193; temporal_F1: 0.9284
2025-11-10 02:58:28,205 - INFO - Confusion Matrix
 [78135.	 1179.	    3.	    6.	   87.]
 [ 1016.	57230.	   85.	   51.	  116.]
 [    4.	  235.	 2442.	    0.	    0.]
 [   59.	   88.	    0.	 1303.	    1.]
 [    0.	  103.	    0.	    0.	11277.]
2025-11-10 02:58:28,206 - INFO - model saved 39 times, last saved epoch: 53.

2025-11-10 02:58:31,396 - INFO - Epoch 56, Train loss: 0.052571024745702744
2025-11-10 02:58:32,394 - INFO - mIoU: 0.9362; OA: 0.9796; AA: 0.9683; F1: 0.9666; Kappa: 0.965;
2025-11-10 02:58:32,394 - INFO - spatial_LccAccuracy: 0.8858; spatial_PA: 0.9777; spatial_UA: 0.9904; spatial_F1: 0.984
2025-11-10 02:58:32,394 - INFO - temporal_CdAccuracy: 0.7317; temporal_PA: 0.9336; temporal_UA: 0.917; temporal_F1: 0.9253
2025-11-10 02:58:32,394 - INFO - Confusion Matrix
 [77755.	 1617.	    6.	   22.	   10.]
 [  804.	57364.	  142.	   75.	  113.]
 [    4.	  167.	 2510.	    0.	    0.]
 [   35.	   31.	    0.	 1385.	    0.]
 [    2.	   99.	    0.	    0.	11279.]
2025-11-10 02:58:32,436 - INFO - Epoch 56 saved.
2025-11-10 02:58:32,437 - INFO - model saved 40 times, last saved epoch: 56.

2025-11-10 02:58:35,639 - INFO - Epoch 57, Train loss: 0.05116970092058182
2025-11-10 02:58:36,603 - INFO - mIoU: 0.9401; OA: 0.9815; AA: 0.9634; F1: 0.9688; Kappa: 0.9681;
2025-11-10 02:58:36,604 - INFO - spatial_LccAccuracy: 0.9061; spatial_PA: 0.9777; spatial_UA: 0.9904; spatial_F1: 0.984
2025-11-10 02:58:36,604 - INFO - temporal_CdAccuracy: 0.7399; temporal_PA: 0.9437; temporal_UA: 0.923; temporal_F1: 0.9332
2025-11-10 02:58:36,605 - INFO - Confusion Matrix
 [78527.	  861.	    3.	   10.	    9.]
 [ 1313.	56940.	  108.	   45.	   92.]
 [    6.	  179.	 2496.	    0.	    0.]
 [   52.	   44.	    0.	 1355.	    0.]
 [    4.	  112.	    0.	    0.	11264.]
2025-11-10 02:58:36,645 - INFO - Epoch 57 saved.
2025-11-10 02:58:36,645 - INFO - model saved 41 times, last saved epoch: 57.

2025-11-10 02:58:39,888 - INFO - Epoch 58, Train loss: 0.05085074529051781
2025-11-10 02:58:40,836 - INFO - mIoU: 0.9329; OA: 0.9794; AA: 0.961; F1: 0.9649; Kappa: 0.9645;
2025-11-10 02:58:40,836 - INFO - spatial_LccAccuracy: 0.8925; spatial_PA: 0.9847; spatial_UA: 0.9835; spatial_F1: 0.9841
2025-11-10 02:58:40,836 - INFO - temporal_CdAccuracy: 0.7368; temporal_PA: 0.9386; temporal_UA: 0.9188; temporal_F1: 0.9286
2025-11-10 02:58:40,837 - INFO - Confusion Matrix
 [78434.	  966.	    3.	    7.	    0.]
 [ 1378.	56868.	  118.	   82.	   52.]
 [    7.	  169.	 2505.	    0.	    0.]
 [   81.	   12.	    0.	 1358.	    0.]
 [  113.	  170.	    0.	    2.	11095.]
2025-11-10 02:58:40,838 - INFO - model saved 41 times, last saved epoch: 57.

2025-11-10 02:58:44,049 - INFO - Epoch 59, Train loss: 0.05028986930847168
2025-11-10 02:58:44,989 - INFO - mIoU: 0.932; OA: 0.9797; AA: 0.9526; F1: 0.9643; Kappa: 0.965;
2025-11-10 02:58:44,989 - INFO - spatial_LccAccuracy: 0.8893; spatial_PA: 0.9817; spatial_UA: 0.9841; spatial_F1: 0.9829
2025-11-10 02:58:44,990 - INFO - temporal_CdAccuracy: 0.745; temporal_PA: 0.9419; temporal_UA: 0.9239; temporal_F1: 0.9328
2025-11-10 02:58:44,990 - INFO - Confusion Matrix
 [78111.	 1290.	    4.	    5.	    0.]
 [ 1082.	57202.	  107.	   23.	   84.]
 [    4.	  207.	 2470.	    0.	    0.]
 [   65.	   89.	    0.	 1297.	    0.]
 [   46.	  110.	    0.	    0.	11224.]
2025-11-10 02:58:44,992 - INFO - model saved 41 times, last saved epoch: 57.

2025-11-10 02:58:48,157 - INFO - Epoch 60, Train loss: 0.048632100224494934
2025-11-10 02:58:49,161 - INFO - mIoU: 0.9219; OA: 0.9808; AA: 0.9747; F1: 0.9583; Kappa: 0.967;
2025-11-10 02:58:49,161 - INFO - spatial_LccAccuracy: 0.8928; spatial_PA: 0.9848; spatial_UA: 0.9924; spatial_F1: 0.9886
2025-11-10 02:58:49,162 - INFO - temporal_CdAccuracy: 0.7505; temporal_PA: 0.9502; temporal_UA: 0.9324; temporal_F1: 0.9412
2025-11-10 02:58:49,163 - INFO - Confusion Matrix
 [78338.	 1028.	    8.	   25.	   11.]
 [ 1031.	56911.	  238.	  221.	   97.]
 [    4.	  125.	 2552.	    0.	    0.]
 [   37.	    3.	    0.	 1411.	    0.]
 [    1.	  114.	    0.	    0.	11265.]
2025-11-10 02:58:49,164 - INFO - model saved 41 times, last saved epoch: 57.

2025-11-10 02:58:52,345 - INFO - Epoch 61, Train loss: 0.04748808220028877
2025-11-10 02:58:53,309 - INFO - mIoU: 0.9345; OA: 0.9809; AA: 0.967; F1: 0.9656; Kappa: 0.9671;
2025-11-10 02:58:53,309 - INFO - spatial_LccAccuracy: 0.9018; spatial_PA: 0.9854; spatial_UA: 0.9917; spatial_F1: 0.9886
2025-11-10 02:58:53,309 - INFO - temporal_CdAccuracy: 0.7478; temporal_PA: 0.9458; temporal_UA: 0.9241; temporal_F1: 0.9349
2025-11-10 02:58:53,310 - INFO - Confusion Matrix
 [78127.	 1256.	    3.	   14.	   10.]
 [  958.	57247.	   74.	  135.	   84.]
 [    5.	  226.	 2450.	    0.	    0.]
 [   38.	    7.	    0.	 1406.	    0.]
 [    3.	  116.	    0.	    0.	11261.]
2025-11-10 02:58:53,311 - INFO - model saved 41 times, last saved epoch: 57.

2025-11-10 02:58:56,528 - INFO - Epoch 62, Train loss: 0.04867349565029144
2025-11-10 02:58:57,511 - INFO - mIoU: 0.9411; OA: 0.9817; AA: 0.965; F1: 0.9693; Kappa: 0.9684;
2025-11-10 02:58:57,511 - INFO - spatial_LccAccuracy: 0.8932; spatial_PA: 0.9705; spatial_UA: 0.9909; spatial_F1: 0.9806
2025-11-10 02:58:57,511 - INFO - temporal_CdAccuracy: 0.7481; temporal_PA: 0.9436; temporal_UA: 0.928; temporal_F1: 0.9357
2025-11-10 02:58:57,512 - INFO - Confusion Matrix
 [78172.	 1217.	    7.	   13.	    1.]
 [  899.	57379.	  137.	   34.	   49.]
 [    4.	  159.	 2518.	    0.	    0.]
 [   35.	   54.	    0.	 1362.	    0.]
 [    8.	  198.	    0.	    0.	11174.]
2025-11-10 02:58:57,553 - INFO - Epoch 62 saved.
2025-11-10 02:58:57,553 - INFO - model saved 42 times, last saved epoch: 62.

2025-11-10 02:59:00,737 - INFO - Epoch 63, Train loss: 0.0466131828725338
2025-11-10 02:59:01,679 - INFO - mIoU: 0.9387; OA: 0.9816; AA: 0.9592; F1: 0.968; Kappa: 0.9682;
2025-11-10 02:59:01,679 - INFO - spatial_LccAccuracy: 0.9093; spatial_PA: 0.9844; spatial_UA: 0.9882; spatial_F1: 0.9863
2025-11-10 02:59:01,679 - INFO - temporal_CdAccuracy: 0.7536; temporal_PA: 0.9456; temporal_UA: 0.9275; temporal_F1: 0.9364
2025-11-10 02:59:01,680 - INFO - Confusion Matrix
 [78356.	 1044.	    4.	    6.	    0.]
 [ 1018.	57308.	  115.	   30.	   27.]
 [    4.	  189.	 2488.	    0.	    0.]
 [   60.	   46.	    0.	 1345.	    0.]
 [   54.	  233.	    0.	    0.	11093.]
2025-11-10 02:59:01,681 - INFO - model saved 42 times, last saved epoch: 62.

2025-11-10 02:59:04,902 - INFO - Epoch 64, Train loss: 0.04734641686081886
2025-11-10 02:59:05,867 - INFO - mIoU: 0.9392; OA: 0.9808; AA: 0.9705; F1: 0.9683; Kappa: 0.9669;
2025-11-10 02:59:05,868 - INFO - spatial_LccAccuracy: 0.8991; spatial_PA: 0.9853; spatial_UA: 0.9942; spatial_F1: 0.9897
2025-11-10 02:59:05,868 - INFO - temporal_CdAccuracy: 0.7458; temporal_PA: 0.9466; temporal_UA: 0.9273; temporal_F1: 0.9369
2025-11-10 02:59:05,869 - INFO - Confusion Matrix
 [78037.	 1292.	    6.	   17.	   58.]
 [  954.	57231.	  114.	   87.	  112.]
 [    7.	  176.	 2498.	    0.	    0.]
 [   39.	    9.	    0.	 1403.	    0.]
 [    0.	   81.	    0.	    0.	11299.]
2025-11-10 02:59:05,870 - INFO - model saved 42 times, last saved epoch: 62.

2025-11-10 02:59:09,021 - INFO - Epoch 65, Train loss: 0.04476765915751457
2025-11-10 02:59:10,002 - INFO - mIoU: 0.9411; OA: 0.9811; AA: 0.9686; F1: 0.9693; Kappa: 0.9675;
2025-11-10 02:59:10,002 - INFO - spatial_LccAccuracy: 0.9069; spatial_PA: 0.9874; spatial_UA: 0.9899; spatial_F1: 0.9886
2025-11-10 02:59:10,003 - INFO - temporal_CdAccuracy: 0.7485; temporal_PA: 0.9477; temporal_UA: 0.9271; temporal_F1: 0.9373
2025-11-10 02:59:10,003 - INFO - Confusion Matrix
 [78134.	 1257.	    7.	    7.	    5.]
 [  965.	57183.	  186.	   33.	  131.]
 [    9.	  131.	 2541.	    0.	    0.]
 [   49.	   37.	    0.	 1365.	    0.]
 [    1.	   79.	    0.	    0.	11300.]
2025-11-10 02:59:10,056 - INFO - Epoch 65 saved.
2025-11-10 02:59:10,057 - INFO - model saved 43 times, last saved epoch: 65.

2025-11-10 02:59:13,269 - INFO - Epoch 66, Train loss: 0.04647054523229599
2025-11-10 02:59:14,206 - INFO - mIoU: 0.9446; OA: 0.9811; AA: 0.9638; F1: 0.9712; Kappa: 0.9674;
2025-11-10 02:59:14,206 - INFO - spatial_LccAccuracy: 0.9097; spatial_PA: 0.9857; spatial_UA: 0.9926; spatial_F1: 0.9892
2025-11-10 02:59:14,206 - INFO - temporal_CdAccuracy: 0.7544; temporal_PA: 0.942; temporal_UA: 0.9339; temporal_F1: 0.9379
2025-11-10 02:59:14,207 - INFO - Confusion Matrix
 [78497.	  902.	    3.	    7.	    1.]
 [ 1401.	56905.	   80.	   29.	   83.]
 [    6.	  188.	 2487.	    0.	    0.]
 [   47.	   40.	    0.	 1364.	    0.]
 [    0.	  116.	    0.	    0.	11264.]
2025-11-10 02:59:14,252 - INFO - Epoch 66 saved.
2025-11-10 02:59:14,253 - INFO - model saved 44 times, last saved epoch: 66.

2025-11-10 02:59:17,429 - INFO - Epoch 67, Train loss: 0.04539894685149193
2025-11-10 02:59:18,404 - INFO - mIoU: 0.9299; OA: 0.982; AA: 0.9428; F1: 0.963; Kappa: 0.969;
2025-11-10 02:59:18,404 - INFO - spatial_LccAccuracy: 0.9018; spatial_PA: 0.9843; spatial_UA: 0.9906; spatial_F1: 0.9874
2025-11-10 02:59:18,405 - INFO - temporal_CdAccuracy: 0.7501; temporal_PA: 0.9481; temporal_UA: 0.9285; temporal_F1: 0.9382
2025-11-10 02:59:18,405 - INFO - Confusion Matrix
 [78305.	 1097.	    0.	    4.	    4.]
 [  899.	57478.	   27.	   12.	   82.]
 [    5.	  331.	 2345.	    0.	    0.]
 [   57.	  115.	    0.	 1279.	    0.]
 [    4.	  117.	    0.	    0.	11259.]
2025-11-10 02:59:18,407 - INFO - model saved 44 times, last saved epoch: 66.

2025-11-10 02:59:21,631 - INFO - Epoch 68, Train loss: 0.0449284091591835
2025-11-10 02:59:22,594 - INFO - mIoU: 0.9392; OA: 0.9827; AA: 0.9534; F1: 0.9682; Kappa: 0.9701;
2025-11-10 02:59:22,595 - INFO - spatial_LccAccuracy: 0.9026; spatial_PA: 0.9839; spatial_UA: 0.9864; spatial_F1: 0.9852
2025-11-10 02:59:22,595 - INFO - temporal_CdAccuracy: 0.7501; temporal_PA: 0.9508; temporal_UA: 0.9322; temporal_F1: 0.9414
2025-11-10 02:59:22,596 - INFO - Confusion Matrix
 [78453.	  942.	    0.	    4.	   11.]
 [ 1051.	57323.	   56.	   13.	   55.]
 [    8.	  247.	 2426.	    0.	    0.]
 [   75.	   61.	    0.	 1315.	    0.]
 [    5.	  131.	    0.	    0.	11244.]
2025-11-10 02:59:22,597 - INFO - model saved 44 times, last saved epoch: 66.

2025-11-10 02:59:25,922 - INFO - Epoch 69, Train loss: 0.044842761009931564
2025-11-10 02:59:26,869 - INFO - mIoU: 0.9421; OA: 0.9822; AA: 0.9597; F1: 0.9698; Kappa: 0.9693;
2025-11-10 02:59:26,869 - INFO - spatial_LccAccuracy: 0.9144; spatial_PA: 0.9833; spatial_UA: 0.987; spatial_F1: 0.9852
2025-11-10 02:59:26,869 - INFO - temporal_CdAccuracy: 0.7521; temporal_PA: 0.9476; temporal_UA: 0.9345; temporal_F1: 0.941
2025-11-10 02:59:26,870 - INFO - Confusion Matrix
 [78801.	  599.	    1.	    5.	    4.]
 [ 1508.	56822.	   57.	   38.	   73.]
 [    5.	  246.	 2430.	    0.	    0.]
 [   77.	   14.	    0.	 1360.	    0.]
 [    4.	   98.	    0.	    0.	11278.]
2025-11-10 02:59:26,871 - INFO - model saved 44 times, last saved epoch: 66.

2025-11-10 02:59:30,053 - INFO - Epoch 70, Train loss: 0.0420464389026165
2025-11-10 02:59:30,991 - INFO - mIoU: 0.9471; OA: 0.9832; AA: 0.9699; F1: 0.9726; Kappa: 0.971;
2025-11-10 02:59:30,991 - INFO - spatial_LccAccuracy: 0.9218; spatial_PA: 0.9832; spatial_UA: 0.9894; spatial_F1: 0.9863
2025-11-10 02:59:30,991 - INFO - temporal_CdAccuracy: 0.7622; temporal_PA: 0.9535; temporal_UA: 0.9394; temporal_F1: 0.9464
2025-11-10 02:59:30,992 - INFO - Confusion Matrix
 [78776.	  612.	    4.	    4.	   14.]
 [ 1344.	56843.	  126.	   35.	  150.]
 [    8.	  127.	 2546.	    0.	    0.]
 [   66.	   16.	    0.	 1367.	    2.]
 [    0.	   69.	    0.	    0.	11311.]
2025-11-10 02:59:31,034 - INFO - Epoch 70 saved.
2025-11-10 02:59:31,035 - INFO - model saved 45 times, last saved epoch: 70.

2025-11-10 02:59:34,196 - INFO - Epoch 71, Train loss: 0.0423990897834301
2025-11-10 02:59:35,159 - INFO - mIoU: 0.9433; OA: 0.9834; AA: 0.9635; F1: 0.9705; Kappa: 0.9713;
2025-11-10 02:59:35,159 - INFO - spatial_LccAccuracy: 0.9046; spatial_PA: 0.9789; spatial_UA: 0.9857; spatial_F1: 0.9823
2025-11-10 02:59:35,159 - INFO - temporal_CdAccuracy: 0.7513; temporal_PA: 0.9534; temporal_UA: 0.9316; temporal_F1: 0.9424
2025-11-10 02:59:35,160 - INFO - Confusion Matrix
 [78609.	  791.	    4.	    3.	    3.]
 [ 1125.	57148.	  142.	   18.	   65.]
 [    4.	  145.	 2532.	    0.	    0.]
 [   75.	   44.	    0.	 1332.	    0.]
 [   15.	  119.	    0.	    0.	11246.]
2025-11-10 02:59:35,161 - INFO - model saved 45 times, last saved epoch: 70.

2025-11-10 02:59:38,334 - INFO - Epoch 72, Train loss: 0.04138495400547981
2025-11-10 02:59:39,346 - INFO - mIoU: 0.9438; OA: 0.9823; AA: 0.9688; F1: 0.9708; Kappa: 0.9696;
2025-11-10 02:59:39,346 - INFO - spatial_LccAccuracy: 0.9116; spatial_PA: 0.9827; spatial_UA: 0.9934; spatial_F1: 0.988
2025-11-10 02:59:39,346 - INFO - temporal_CdAccuracy: 0.7517; temporal_PA: 0.9467; temporal_UA: 0.9306; temporal_F1: 0.9386
2025-11-10 02:59:39,347 - INFO - Confusion Matrix
 [78091.	 1227.	    3.	   16.	   73.]
 [  755.	57441.	   80.	   49.	  173.]
 [    4.	  212.	 2465.	    0.	    0.]
 [   34.	   17.	    0.	 1400.	    0.]
 [    0.	   66.	    0.	    0.	11314.]
2025-11-10 02:59:39,348 - INFO - model saved 45 times, last saved epoch: 70.

2025-11-10 02:59:42,530 - INFO - Epoch 73, Train loss: 0.04322541132569313
2025-11-10 02:59:43,463 - INFO - mIoU: 0.9318; OA: 0.9822; AA: 0.9465; F1: 0.9637; Kappa: 0.9693;
2025-11-10 02:59:43,463 - INFO - spatial_LccAccuracy: 0.9014; spatial_PA: 0.9875; spatial_UA: 0.9931; spatial_F1: 0.9903
2025-11-10 02:59:43,463 - INFO - temporal_CdAccuracy: 0.7552; temporal_PA: 0.9454; temporal_UA: 0.9324; temporal_F1: 0.9388
2025-11-10 02:59:43,464 - INFO - Confusion Matrix
 [78166.	 1231.	    1.	    6.	    6.]
 [  706.	57648.	   38.	   16.	   90.]
 [    4.	  442.	 2235.	    0.	    0.]
 [   43.	   47.	    0.	 1361.	    0.]
 [    0.	  104.	    0.	    0.	11276.]
2025-11-10 02:59:43,465 - INFO - model saved 45 times, last saved epoch: 70.

2025-11-10 02:59:46,653 - INFO - Epoch 74, Train loss: 0.041353739798069
2025-11-10 02:59:47,588 - INFO - mIoU: 0.944; OA: 0.9842; AA: 0.9735; F1: 0.9708; Kappa: 0.9728;
2025-11-10 02:59:47,588 - INFO - spatial_LccAccuracy: 0.9155; spatial_PA: 0.9856; spatial_UA: 0.9951; spatial_F1: 0.9903
2025-11-10 02:59:47,589 - INFO - temporal_CdAccuracy: 0.7689; temporal_PA: 0.9552; temporal_UA: 0.9441; temporal_F1: 0.9496
2025-11-10 02:59:47,590 - INFO - Confusion Matrix
 [78671.	  715.	    8.	   10.	    6.]
 [ 1055.	57117.	  115.	   97.	  114.]
 [    4.	  173.	 2504.	    0.	    0.]
 [   35.	    2.	    0.	 1414.	    0.]
 [    0.	   89.	    0.	    0.	11291.]
2025-11-10 02:59:47,591 - INFO - model saved 45 times, last saved epoch: 70.

2025-11-10 02:59:50,864 - INFO - Epoch 75, Train loss: 0.03997946158051491
2025-11-10 02:59:51,774 - INFO - mIoU: 0.9358; OA: 0.9828; AA: 0.9746; F1: 0.9663; Kappa: 0.9704;
2025-11-10 02:59:51,774 - INFO - spatial_LccAccuracy: 0.9042; spatial_PA: 0.9797; spatial_UA: 0.9918; spatial_F1: 0.9857
2025-11-10 02:59:51,774 - INFO - temporal_CdAccuracy: 0.7665; temporal_PA: 0.9572; temporal_UA: 0.944; temporal_F1: 0.9505
2025-11-10 02:59:51,775 - INFO - Confusion Matrix
 [78815.	  569.	    6.	   13.	    7.]
 [ 1344.	56737.	  143.	  160.	  114.]
 [    4.	  148.	 2529.	    0.	    0.]
 [   34.	    2.	    0.	 1415.	    0.]
 [    0.	   89.	    0.	    0.	11291.]
2025-11-10 02:59:51,776 - INFO - model saved 45 times, last saved epoch: 70.

2025-11-10 02:59:54,954 - INFO - Epoch 76, Train loss: 0.04020123928785324
2025-11-10 02:59:55,863 - INFO - mIoU: 0.9464; OA: 0.9808; AA: 0.9673; F1: 0.9722; Kappa: 0.9669;
2025-11-10 02:59:55,863 - INFO - spatial_LccAccuracy: 0.9034; spatial_PA: 0.9871; spatial_UA: 0.9947; spatial_F1: 0.9909
2025-11-10 02:59:55,863 - INFO - temporal_CdAccuracy: 0.7478; temporal_PA: 0.9452; temporal_UA: 0.9258; temporal_F1: 0.9354
2025-11-10 02:59:55,864 - INFO - Confusion Matrix
 [77605.	 1775.	    4.	    6.	   20.]
 [  572.	57684.	   68.	   33.	  141.]
 [    4.	  223.	 2454.	    0.	    0.]
 [   34.	   21.	    0.	 1396.	    0.]
 [    0.	   51.	    0.	    0.	11329.]
2025-11-10 02:59:55,865 - INFO - model saved 45 times, last saved epoch: 70.

2025-11-10 02:59:59,091 - INFO - Epoch 77, Train loss: 0.038403354585170746
2025-11-10 03:00:00,025 - INFO - mIoU: 0.9387; OA: 0.9813; AA: 0.9773; F1: 0.9678; Kappa: 0.9678;
2025-11-10 03:00:00,025 - INFO - spatial_LccAccuracy: 0.903; spatial_PA: 0.9856; spatial_UA: 0.9951; spatial_F1: 0.9903
2025-11-10 03:00:00,025 - INFO - temporal_CdAccuracy: 0.7458; temporal_PA: 0.9531; temporal_UA: 0.9252; temporal_F1: 0.9389
2025-11-10 03:00:00,026 - INFO - Confusion Matrix
 [77937.	 1402.	   11.	   17.	   43.]
 [  701.	57334.	  314.	   48.	  101.]
 [    3.	   98.	 2580.	    0.	    0.]
 [   34.	    8.	    0.	 1409.	    0.]
 [    0.	   95.	    0.	    0.	11285.]
2025-11-10 03:00:00,027 - INFO - model saved 45 times, last saved epoch: 70.

2025-11-10 03:00:03,240 - INFO - Epoch 78, Train loss: 0.0379740335047245
2025-11-10 03:00:04,174 - INFO - mIoU: 0.9482; OA: 0.9823; AA: 0.9674; F1: 0.9731; Kappa: 0.9696;
2025-11-10 03:00:04,174 - INFO - spatial_LccAccuracy: 0.9159; spatial_PA: 0.981; spatial_UA: 0.9905; spatial_F1: 0.9857
2025-11-10 03:00:04,174 - INFO - temporal_CdAccuracy: 0.7552; temporal_PA: 0.9557; temporal_UA: 0.9351; temporal_F1: 0.9453
2025-11-10 03:00:04,175 - INFO - Confusion Matrix
 [78026.	 1362.	    3.	   17.	    2.]
 [  770.	57542.	   64.	   26.	   96.]
 [    4.	  222.	 2455.	    0.	    0.]
 [   34.	   20.	    0.	 1397.	    0.]
 [    0.	   89.	    0.	    0.	11291.]
2025-11-10 03:00:04,216 - INFO - Epoch 78 saved.
2025-11-10 03:00:04,217 - INFO - model saved 46 times, last saved epoch: 78.

2025-11-10 03:00:07,493 - INFO - Epoch 79, Train loss: 0.0389561764895916
2025-11-10 03:00:08,470 - INFO - mIoU: 0.9354; OA: 0.9825; AA: 0.98; F1: 0.9661; Kappa: 0.9699;
2025-11-10 03:00:08,471 - INFO - spatial_LccAccuracy: 0.8964; spatial_PA: 0.9844; spatial_UA: 0.9939; spatial_F1: 0.9892
2025-11-10 03:00:08,471 - INFO - temporal_CdAccuracy: 0.7556; temporal_PA: 0.959; temporal_UA: 0.9315; temporal_F1: 0.9451
2025-11-10 03:00:08,472 - INFO - Confusion Matrix
 [78256.	 1127.	    4.	   17.	    6.]
 [  819.	57130.	  198.	  163.	  188.]
 [    5.	   89.	 2587.	    0.	    0.]
 [   34.	    0.	    0.	 1417.	    0.]
 [    0.	   40.	    0.	    0.	11340.]
2025-11-10 03:00:08,473 - INFO - model saved 46 times, last saved epoch: 78.

2025-11-10 03:00:11,744 - INFO - Epoch 80, Train loss: 0.037465501576662064
2025-11-10 03:00:12,698 - INFO - mIoU: 0.9435; OA: 0.9827; AA: 0.9665; F1: 0.9706; Kappa: 0.9702;
2025-11-10 03:00:12,698 - INFO - spatial_LccAccuracy: 0.9081; spatial_PA: 0.9797; spatial_UA: 0.9918; spatial_F1: 0.9857
2025-11-10 03:00:12,699 - INFO - temporal_CdAccuracy: 0.7564; temporal_PA: 0.9494; temporal_UA: 0.9343; temporal_F1: 0.9418
2025-11-10 03:00:12,699 - INFO - Confusion Matrix
 [78130.	 1263.	    7.	    5.	    5.]
 [  764.	57448.	  170.	   13.	  103.]
 [    4.	  135.	 2542.	    0.	    0.]
 [   43.	   65.	    0.	 1343.	    0.]
 [    2.	   82.	    0.	    0.	11296.]
2025-11-10 03:00:12,700 - INFO - model saved 46 times, last saved epoch: 78.

2025-11-10 03:00:15,920 - INFO - Epoch 81, Train loss: 0.037260137498378754
2025-11-10 03:00:16,857 - INFO - mIoU: 0.9446; OA: 0.9807; AA: 0.9623; F1: 0.9713; Kappa: 0.9668;
2025-11-10 03:00:16,857 - INFO - spatial_LccAccuracy: 0.9046; spatial_PA: 0.9871; spatial_UA: 0.9834; spatial_F1: 0.9853
2025-11-10 03:00:16,857 - INFO - temporal_CdAccuracy: 0.7536; temporal_PA: 0.9523; temporal_UA: 0.9338; temporal_F1: 0.943
2025-11-10 03:00:16,858 - INFO - Confusion Matrix
 [77899.	 1505.	    2.	    4.	    0.]
 [  852.	57484.	   89.	   13.	   60.]
 [    6.	  135.	 2540.	    0.	    0.]
 [   66.	   57.	    0.	 1328.	    0.]
 [   36.	  132.	    0.	    0.	11212.]
2025-11-10 03:00:16,859 - INFO - model saved 46 times, last saved epoch: 78.

2025-11-10 03:00:20,115 - INFO - Epoch 82, Train loss: 0.03869626671075821
2025-11-10 03:00:21,029 - INFO - mIoU: 0.9471; OA: 0.9825; AA: 0.9726; F1: 0.9726; Kappa: 0.9698;
2025-11-10 03:00:21,029 - INFO - spatial_LccAccuracy: 0.9147; spatial_PA: 0.987; spatial_UA: 0.9914; spatial_F1: 0.9892
2025-11-10 03:00:21,030 - INFO - temporal_CdAccuracy: 0.7622; temporal_PA: 0.9547; temporal_UA: 0.9414; temporal_F1: 0.948
2025-11-10 03:00:21,031 - INFO - Confusion Matrix
 [78729.	  672.	    1.	    6.	    2.]
 [ 1435.	56786.	   78.	   85.	  114.]
 [   10.	  171.	 2500.	    0.	    0.]
 [   35.	    1.	    0.	 1415.	    0.]
 [    3.	   73.	    0.	    0.	11304.]
2025-11-10 03:00:21,032 - INFO - model saved 46 times, last saved epoch: 78.

2025-11-10 03:00:24,255 - INFO - Epoch 83, Train loss: 0.035613492131233215
2025-11-10 03:00:25,213 - INFO - mIoU: 0.9509; OA: 0.9844; AA: 0.9704; F1: 0.9746; Kappa: 0.9732;
2025-11-10 03:00:25,213 - INFO - spatial_LccAccuracy: 0.9214; spatial_PA: 0.9886; spatial_UA: 0.9943; spatial_F1: 0.9914
2025-11-10 03:00:25,213 - INFO - temporal_CdAccuracy: 0.765; temporal_PA: 0.9595; temporal_UA: 0.9445; temporal_F1: 0.952
2025-11-10 03:00:25,214 - INFO - Confusion Matrix
 [78520.	  877.	    1.	    5.	    7.]
 [  926.	57315.	   54.	   48.	  155.]
 [   10.	  211.	 2460.	    0.	    0.]
 [   40.	    3.	    0.	 1408.	    0.]
 [    0.	   52.	    0.	    0.	11328.]
2025-11-10 03:00:25,257 - INFO - Epoch 83 saved.
2025-11-10 03:00:25,257 - INFO - model saved 47 times, last saved epoch: 83.

2025-11-10 03:00:28,529 - INFO - Epoch 84, Train loss: 0.03626330941915512
2025-11-10 03:00:29,494 - INFO - mIoU: 0.9506; OA: 0.9839; AA: 0.9739; F1: 0.9744; Kappa: 0.9722;
2025-11-10 03:00:29,494 - INFO - spatial_LccAccuracy: 0.9226; spatial_PA: 0.9853; spatial_UA: 0.9942; spatial_F1: 0.9897
2025-11-10 03:00:29,495 - INFO - temporal_CdAccuracy: 0.7642; temporal_PA: 0.9546; temporal_UA: 0.9408; temporal_F1: 0.9477
2025-11-10 03:00:29,495 - INFO - Confusion Matrix
 [78623.	  769.	    6.	   12.	    0.]
 [ 1160.	57089.	  116.	   45.	   88.]
 [    5.	  156.	 2520.	    0.	    0.]
 [   35.	    8.	    0.	 1408.	    0.]
 [    0.	   75.	    0.	    0.	11305.]
2025-11-10 03:00:29,497 - INFO - model saved 47 times, last saved epoch: 83.

2025-11-10 03:00:32,702 - INFO - Epoch 85, Train loss: 0.03521881625056267
2025-11-10 03:00:33,635 - INFO - mIoU: 0.9349; OA: 0.9826; AA: 0.979; F1: 0.9656; Kappa: 0.9701;
2025-11-10 03:00:33,635 - INFO - spatial_LccAccuracy: 0.9101; spatial_PA: 0.9856; spatial_UA: 0.9951; spatial_F1: 0.9903
2025-11-10 03:00:33,636 - INFO - temporal_CdAccuracy: 0.7513; temporal_PA: 0.9591; temporal_UA: 0.9344; temporal_F1: 0.9466
2025-11-10 03:00:33,637 - INFO - Confusion Matrix
 [78447.	  917.	   10.	   13.	   23.]
 [  913.	56982.	  420.	   56.	  127.]
 [    3.	   81.	 2597.	    0.	    0.]
 [   35.	    9.	    0.	 1407.	    0.]
 [    0.	   63.	    0.	    0.	11317.]
2025-11-10 03:00:33,638 - INFO - model saved 47 times, last saved epoch: 83.

2025-11-10 03:00:36,816 - INFO - Epoch 86, Train loss: 0.036423198878765106
2025-11-10 03:00:37,752 - INFO - mIoU: 0.9486; OA: 0.9835; AA: 0.9744; F1: 0.9734; Kappa: 0.9716;
2025-11-10 03:00:37,752 - INFO - spatial_LccAccuracy: 0.919; spatial_PA: 0.9886; spatial_UA: 0.9943; spatial_F1: 0.9914
2025-11-10 03:00:37,752 - INFO - temporal_CdAccuracy: 0.7599; temporal_PA: 0.9587; temporal_UA: 0.9392; temporal_F1: 0.9489
2025-11-10 03:00:37,753 - INFO - Confusion Matrix
 [78800.	  592.	    1.	    4.	   13.]
 [ 1314.	56802.	  137.	   51.	  194.]
 [    8.	  136.	 2537.	    0.	    0.]
 [   44.	    5.	    0.	 1400.	    2.]
 [    0.	   29.	    0.	    0.	11351.]
2025-11-10 03:00:37,754 - INFO - model saved 47 times, last saved epoch: 83.

2025-11-10 03:00:41,006 - INFO - Epoch 87, Train loss: 0.034915853291749954
2025-11-10 03:00:41,992 - INFO - mIoU: 0.9481; OA: 0.9824; AA: 0.9639; F1: 0.9731; Kappa: 0.9696;
2025-11-10 03:00:41,992 - INFO - spatial_LccAccuracy: 0.9159; spatial_PA: 0.9846; spatial_UA: 0.9915; spatial_F1: 0.988
2025-11-10 03:00:41,993 - INFO - temporal_CdAccuracy: 0.7622; temporal_PA: 0.9541; temporal_UA: 0.9372; temporal_F1: 0.9456
2025-11-10 03:00:41,993 - INFO - Confusion Matrix
 [77851.	 1545.	    2.	    9.	    3.]
 [  581.	57764.	   51.	   14.	   88.]
 [    3.	  233.	 2445.	    0.	    0.]
 [   35.	   39.	    0.	 1377.	    0.]
 [    0.	  104.	    0.	    0.	11276.]
2025-11-10 03:00:41,995 - INFO - model saved 47 times, last saved epoch: 83.

2025-11-10 03:00:45,222 - INFO - Epoch 88, Train loss: 0.03393258899450302
2025-11-10 03:00:46,193 - INFO - mIoU: 0.9563; OA: 0.9851; AA: 0.9766; F1: 0.9775; Kappa: 0.9743;
2025-11-10 03:00:46,193 - INFO - spatial_LccAccuracy: 0.9253; spatial_PA: 0.9856; spatial_UA: 0.9951; spatial_F1: 0.9903
2025-11-10 03:00:46,193 - INFO - temporal_CdAccuracy: 0.7697; temporal_PA: 0.9585; temporal_UA: 0.9431; temporal_F1: 0.9508
2025-11-10 03:00:46,194 - INFO - Confusion Matrix
 [78514.	  875.	    3.	    6.	   12.]
 [  898.	57361.	  134.	   20.	   85.]
 [    7.	  110.	 2564.	    0.	    0.]
 [   35.	   15.	    0.	 1401.	    0.]
 [    0.	   92.	    0.	    0.	11288.]
2025-11-10 03:00:46,236 - INFO - Epoch 88 saved.
2025-11-10 03:00:46,236 - INFO - model saved 48 times, last saved epoch: 88.

2025-11-10 03:00:49,474 - INFO - Epoch 89, Train loss: 0.034816592931747437
2025-11-10 03:00:50,424 - INFO - mIoU: 0.9518; OA: 0.9844; AA: 0.9671; F1: 0.975; Kappa: 0.9731;
2025-11-10 03:00:50,424 - INFO - spatial_LccAccuracy: 0.9237; spatial_PA: 0.988; spatial_UA: 0.9949; spatial_F1: 0.9914
2025-11-10 03:00:50,425 - INFO - temporal_CdAccuracy: 0.7661; temporal_PA: 0.9538; temporal_UA: 0.945; temporal_F1: 0.9493
2025-11-10 03:00:50,425 - INFO - Confusion Matrix
 [78457.	  946.	    1.	    4.	    2.]
 [  897.	57422.	   63.	   18.	   98.]
 [    6.	  211.	 2464.	    0.	    0.]
 [   44.	   23.	    0.	 1384.	    0.]
 [    0.	   78.	    0.	    0.	11302.]
2025-11-10 03:00:50,426 - INFO - model saved 48 times, last saved epoch: 88.

2025-11-10 03:00:53,615 - INFO - Epoch 90, Train loss: 0.03218074142932892
2025-11-10 03:00:54,585 - INFO - mIoU: 0.9531; OA: 0.9848; AA: 0.973; F1: 0.9758; Kappa: 0.9738;
2025-11-10 03:00:54,585 - INFO - spatial_LccAccuracy: 0.9261; spatial_PA: 0.9847; spatial_UA: 0.9949; spatial_F1: 0.9897
2025-11-10 03:00:54,586 - INFO - temporal_CdAccuracy: 0.7681; temporal_PA: 0.9575; temporal_UA: 0.9449; temporal_F1: 0.9512
2025-11-10 03:00:54,586 - INFO - Confusion Matrix
 [78500.	  886.	    2.	    8.	   14.]
 [  879.	57386.	   99.	   31.	  103.]
 [    6.	  162.	 2513.	    0.	    0.]
 [   35.	   13.	    0.	 1403.	    0.]
 [    0.	   98.	    0.	    0.	11282.]
2025-11-10 03:00:54,588 - INFO - model saved 48 times, last saved epoch: 88.

2025-11-10 03:00:57,789 - INFO - Epoch 91, Train loss: 0.03139973431825638
2025-11-10 03:00:58,792 - INFO - mIoU: 0.9513; OA: 0.9844; AA: 0.9691; F1: 0.9748; Kappa: 0.9731;
2025-11-10 03:00:58,792 - INFO - spatial_LccAccuracy: 0.9187; spatial_PA: 0.9847; spatial_UA: 0.9949; spatial_F1: 0.9897
2025-11-10 03:00:58,793 - INFO - temporal_CdAccuracy: 0.7681; temporal_PA: 0.9542; temporal_UA: 0.9433; temporal_F1: 0.9487
2025-11-10 03:00:58,793 - INFO - Confusion Matrix
 [78339.	 1062.	    2.	    7.	    0.]
 [  741.	57602.	   75.	   32.	   48.]
 [   12.	  210.	 2459.	    0.	    0.]
 [   34.	    7.	    0.	 1410.	    0.]
 [    0.	  168.	    0.	    0.	11212.]
2025-11-10 03:00:58,794 - INFO - model saved 48 times, last saved epoch: 88.

2025-11-10 03:01:01,995 - INFO - Epoch 92, Train loss: 0.03349940851330757
2025-11-10 03:01:02,963 - INFO - mIoU: 0.9402; OA: 0.9814; AA: 0.9766; F1: 0.9688; Kappa: 0.968;
2025-11-10 03:01:02,963 - INFO - spatial_LccAccuracy: 0.9046; spatial_PA: 0.988; spatial_UA: 0.9892; spatial_F1: 0.9886
2025-11-10 03:01:02,963 - INFO - temporal_CdAccuracy: 0.754; temporal_PA: 0.9618; temporal_UA: 0.9301; temporal_F1: 0.9457
2025-11-10 03:01:02,964 - INFO - Confusion Matrix
 [78005.	 1393.	    4.	    7.	    1.]
 [  797.	57329.	  189.	  113.	   70.]
 [    5.	  105.	 2571.	    0.	    0.]
 [   39.	    0.	    0.	 1412.	    0.]
 [    5.	  124.	    0.	    1.	11250.]
2025-11-10 03:01:02,965 - INFO - model saved 48 times, last saved epoch: 88.

2025-11-10 03:01:06,254 - INFO - Epoch 93, Train loss: 0.03135806322097778
2025-11-10 03:01:07,171 - INFO - mIoU: 0.9514; OA: 0.9849; AA: 0.975; F1: 0.9748; Kappa: 0.974;
2025-11-10 03:01:07,171 - INFO - spatial_LccAccuracy: 0.9284; spatial_PA: 0.9897; spatial_UA: 0.9955; spatial_F1: 0.9926
2025-11-10 03:01:07,171 - INFO - temporal_CdAccuracy: 0.7677; temporal_PA: 0.9619; temporal_UA: 0.943; temporal_F1: 0.9524
2025-11-10 03:01:07,172 - INFO - Confusion Matrix
 [78546.	  850.	    3.	   10.	    1.]
 [  914.	57305.	  137.	   42.	  100.]
 [    3.	  168.	 2510.	    0.	    0.]
 [   35.	    1.	    0.	 1415.	    0.]
 [    0.	   56.	    0.	    0.	11324.]
2025-11-10 03:01:07,173 - INFO - model saved 48 times, last saved epoch: 88.

2025-11-10 03:01:10,423 - INFO - Epoch 94, Train loss: 0.03091743215918541
2025-11-10 03:01:11,342 - INFO - mIoU: 0.9507; OA: 0.9852; AA: 0.9674; F1: 0.9745; Kappa: 0.9744;
2025-11-10 03:01:11,342 - INFO - spatial_LccAccuracy: 0.9237; spatial_PA: 0.9837; spatial_UA: 0.9912; spatial_F1: 0.9874
2025-11-10 03:01:11,342 - INFO - temporal_CdAccuracy: 0.7681; temporal_PA: 0.9615; temporal_UA: 0.9448; temporal_F1: 0.9531
2025-11-10 03:01:11,343 - INFO - Confusion Matrix
 [78555.	  825.	    1.	    4.	   25.]
 [  862.	57387.	   75.	   15.	  159.]
 [    6.	  170.	 2504.	    1.	    0.]
 [   55.	   37.	    0.	 1359.	    0.]
 [    0.	   42.	    0.	    0.	11338.]
2025-11-10 03:01:11,344 - INFO - model saved 48 times, last saved epoch: 88.

2025-11-10 03:01:14,557 - INFO - Epoch 95, Train loss: 0.02929256297647953
2025-11-10 03:01:15,499 - INFO - mIoU: 0.9555; OA: 0.9847; AA: 0.9759; F1: 0.9771; Kappa: 0.9737;
2025-11-10 03:01:15,685 - INFO - spatial_LccAccuracy: 0.9261; spatial_PA: 0.9856; spatial_UA: 0.9951; spatial_F1: 0.9903
2025-11-10 03:01:15,686 - INFO - temporal_CdAccuracy: 0.77; temporal_PA: 0.9522; temporal_UA: 0.9472; temporal_F1: 0.9497
2025-11-10 03:01:15,686 - INFO - Confusion Matrix
 [78503.	  895.	    3.	    6.	    3.]
 [  935.	57356.	  122.	   30.	   55.]
 [    6.	  115.	 2560.	    0.	    0.]
 [   39.	    9.	    0.	 1403.	    0.]
 [    0.	  129.	    0.	    0.	11251.]
2025-11-10 03:01:15,688 - INFO - model saved 48 times, last saved epoch: 88.

2025-11-10 03:01:18,884 - INFO - Epoch 96, Train loss: 0.03094138391315937
2025-11-10 03:01:19,842 - INFO - mIoU: 0.9495; OA: 0.984; AA: 0.978; F1: 0.9738; Kappa: 0.9726;
2025-11-10 03:01:19,842 - INFO - spatial_LccAccuracy: 0.923; spatial_PA: 0.9871; spatial_UA: 0.9947; spatial_F1: 0.9909
2025-11-10 03:01:19,843 - INFO - temporal_CdAccuracy: 0.77; temporal_PA: 0.9565; temporal_UA: 0.9426; temporal_F1: 0.9495
2025-11-10 03:01:19,843 - INFO - Confusion Matrix
 [78351.	 1032.	    7.	   12.	    8.]
 [  812.	57326.	  233.	   23.	  104.]
 [    3.	   70.	 2608.	    0.	    0.]
 [   34.	   27.	    0.	 1390.	    0.]
 [    2.	   81.	    0.	    0.	11297.]
2025-11-10 03:01:19,844 - INFO - model saved 48 times, last saved epoch: 88.

2025-11-10 03:01:23,066 - INFO - Epoch 97, Train loss: 0.028987832367420197
2025-11-10 03:01:23,997 - INFO - mIoU: 0.951; OA: 0.9847; AA: 0.974; F1: 0.9746; Kappa: 0.9737;
2025-11-10 03:01:23,998 - INFO - spatial_LccAccuracy: 0.9183; spatial_PA: 0.988; spatial_UA: 0.9949; spatial_F1: 0.9914
2025-11-10 03:01:23,998 - INFO - temporal_CdAccuracy: 0.765; temporal_PA: 0.961; temporal_UA: 0.9429; temporal_F1: 0.9518
2025-11-10 03:01:23,999 - INFO - Confusion Matrix
 [78610.	  785.	    5.	    7.	    3.]
 [  983.	57236.	  179.	   20.	   80.]
 [    5.	  132.	 2544.	    0.	    0.]
 [   34.	   23.	    0.	 1394.	    0.]
 [    1.	   87.	    0.	    0.	11292.]
2025-11-10 03:01:24,000 - INFO - model saved 48 times, last saved epoch: 88.

2025-11-10 03:01:27,259 - INFO - Epoch 98, Train loss: 0.028661593794822693
2025-11-10 03:01:28,181 - INFO - mIoU: 0.9498; OA: 0.9849; AA: 0.9723; F1: 0.974; Kappa: 0.974;
2025-11-10 03:01:28,181 - INFO - spatial_LccAccuracy: 0.9214; spatial_PA: 0.9865; spatial_UA: 0.9954; spatial_F1: 0.9909
2025-11-10 03:01:28,182 - INFO - temporal_CdAccuracy: 0.7681; temporal_PA: 0.9628; temporal_UA: 0.9433; temporal_F1: 0.9529
2025-11-10 03:01:28,182 - INFO - Confusion Matrix
 [78717.	  680.	    2.	    3.	    8.]
 [ 1072.	57109.	  184.	   14.	  119.]
 [    5.	   91.	 2585.	    0.	    0.]
 [   52.	   45.	    0.	 1354.	    0.]
 [    0.	   40.	    0.	    0.	11340.]
2025-11-10 03:01:28,184 - INFO - model saved 48 times, last saved epoch: 88.

2025-11-10 03:01:31,400 - INFO - Epoch 99, Train loss: 0.028399262577295303
2025-11-10 03:01:32,375 - INFO - mIoU: 0.9534; OA: 0.9844; AA: 0.9772; F1: 0.976; Kappa: 0.9731;
2025-11-10 03:01:32,375 - INFO - spatial_LccAccuracy: 0.9218; spatial_PA: 0.988; spatial_UA: 0.9949; spatial_F1: 0.9914
2025-11-10 03:01:32,375 - INFO - temporal_CdAccuracy: 0.7642; temporal_PA: 0.9605; temporal_UA: 0.9395; temporal_F1: 0.9499
2025-11-10 03:01:32,376 - INFO - Confusion Matrix
 [78446.	  935.	    3.	    5.	   21.]
 [  858.	57263.	  152.	   23.	  202.]
 [    3.	  120.	 2558.	    0.	    0.]
 [   35.	   12.	    0.	 1404.	    0.]
 [    0.	   30.	    0.	    0.	11350.]
2025-11-10 03:01:32,377 - INFO - model saved 48 times, last saved epoch: 88.

2025-11-10 03:01:35,655 - INFO - Epoch 100, Train loss: 0.028314482420682907
2025-11-10 03:01:36,650 - INFO - mIoU: 0.9556; OA: 0.9849; AA: 0.9747; F1: 0.9771; Kappa: 0.974;
2025-11-10 03:01:36,651 - INFO - spatial_LccAccuracy: 0.9179; spatial_PA: 0.9829; spatial_UA: 0.9944; spatial_F1: 0.9886
2025-11-10 03:01:36,651 - INFO - temporal_CdAccuracy: 0.7673; temporal_PA: 0.9569; temporal_UA: 0.9393; temporal_F1: 0.948
2025-11-10 03:01:36,652 - INFO - Confusion Matrix
 [78285.	 1108.	    5.	    8.	    4.]
 [  703.	57575.	  105.	   20.	   95.]
 [    3.	  131.	 2547.	    0.	    0.]
 [   34.	   23.	    0.	 1394.	    0.]
 [    2.	   80.	    0.	    0.	11298.]
2025-11-10 03:01:36,653 - INFO - model saved 48 times, last saved epoch: 88.

2025-11-10 03:01:39,838 - INFO - Epoch 101, Train loss: 0.02689175494015217
2025-11-10 03:01:40,813 - INFO - mIoU: 0.9442; OA: 0.9833; AA: 0.9669; F1: 0.971; Kappa: 0.9713;
2025-11-10 03:01:40,813 - INFO - spatial_LccAccuracy: 0.9167; spatial_PA: 0.9885; spatial_UA: 0.991; spatial_F1: 0.9897
2025-11-10 03:01:40,813 - INFO - temporal_CdAccuracy: 0.7638; temporal_PA: 0.9564; temporal_UA: 0.9391; temporal_F1: 0.9477
2025-11-10 03:01:40,814 - INFO - Confusion Matrix
 [78600.	  799.	    3.	    5.	    3.]
 [ 1136.	57054.	  173.	   15.	  120.]
 [    8.	  121.	 2552.	    0.	    0.]
 [   42.	   69.	    0.	 1340.	    0.]
 [    2.	   64.	    0.	    0.	11314.]
2025-11-10 03:01:40,815 - INFO - model saved 48 times, last saved epoch: 88.

2025-11-10 03:01:44,048 - INFO - Epoch 102, Train loss: 0.02648279070854187
2025-11-10 03:01:45,007 - INFO - mIoU: 0.953; OA: 0.9847; AA: 0.9787; F1: 0.9756; Kappa: 0.9737;
2025-11-10 03:01:45,007 - INFO - spatial_LccAccuracy: 0.9292; spatial_PA: 0.9905; spatial_UA: 0.9924; spatial_F1: 0.9915
2025-11-10 03:01:45,008 - INFO - temporal_CdAccuracy: 0.7689; temporal_PA: 0.9628; temporal_UA: 0.9461; temporal_F1: 0.9544
2025-11-10 03:01:45,008 - INFO - Confusion Matrix
 [78570.	  835.	    2.	    3.	    0.]
 [  990.	57214.	  182.	   46.	   66.]
 [    5.	  102.	 2574.	    0.	    0.]
 [   40.	    0.	    0.	 1411.	    0.]
 [    3.	   73.	    0.	    0.	11304.]
2025-11-10 03:01:45,009 - INFO - model saved 48 times, last saved epoch: 88.

2025-11-10 03:01:48,245 - INFO - Epoch 103, Train loss: 0.027577096596360207
2025-11-10 03:01:49,223 - INFO - mIoU: 0.9536; OA: 0.9849; AA: 0.9693; F1: 0.976; Kappa: 0.9741;
2025-11-10 03:01:49,224 - INFO - spatial_LccAccuracy: 0.9237; spatial_PA: 0.988; spatial_UA: 0.9949; spatial_F1: 0.9914
2025-11-10 03:01:49,224 - INFO - temporal_CdAccuracy: 0.7716; temporal_PA: 0.9593; temporal_UA: 0.9447; temporal_F1: 0.9519
2025-11-10 03:01:49,224 - INFO - Confusion Matrix
 [78530.	  875.	    1.	    4.	    0.]
 [  875.	57479.	   69.	   24.	   51.]
 [   10.	  207.	 2463.	    1.	    0.]
 [   35.	   10.	    0.	 1406.	    0.]
 [    7.	  140.	    0.	    0.	11233.]
2025-11-10 03:01:49,225 - INFO - model saved 48 times, last saved epoch: 88.

2025-11-10 03:01:52,527 - INFO - Epoch 104, Train loss: 0.027049781754612923
2025-11-10 03:01:53,537 - INFO - mIoU: 0.9484; OA: 0.9848; AA: 0.9761; F1: 0.9731; Kappa: 0.9738;
2025-11-10 03:01:53,537 - INFO - spatial_LccAccuracy: 0.9183; spatial_PA: 0.9827; spatial_UA: 0.9934; spatial_F1: 0.988
2025-11-10 03:01:53,537 - INFO - temporal_CdAccuracy: 0.7614; temporal_PA: 0.9601; temporal_UA: 0.9403; temporal_F1: 0.9501
2025-11-10 03:01:53,538 - INFO - Confusion Matrix
 [78672.	  727.	    5.	    5.	    1.]
 [  997.	57142.	  273.	   16.	   70.]
 [    8.	   84.	 2589.	    0.	    0.]
 [   39.	   27.	    0.	 1385.	    0.]
 [    0.	   83.	    0.	    0.	11297.]
2025-11-10 03:01:53,539 - INFO - model saved 48 times, last saved epoch: 88.

2025-11-10 03:01:56,729 - INFO - Epoch 105, Train loss: 0.026558151468634605
2025-11-10 03:01:57,734 - INFO - mIoU: 0.9518; OA: 0.9839; AA: 0.9764; F1: 0.975; Kappa: 0.9722;
2025-11-10 03:01:57,735 - INFO - spatial_LccAccuracy: 0.9241; spatial_PA: 0.9889; spatial_UA: 0.9952; spatial_F1: 0.992
2025-11-10 03:01:57,735 - INFO - temporal_CdAccuracy: 0.7622; temporal_PA: 0.9574; temporal_UA: 0.9398; temporal_F1: 0.9485
2025-11-10 03:01:57,736 - INFO - Confusion Matrix
 [78654.	  743.	    6.	    5.	    2.]
 [ 1177.	57006.	  196.	   21.	   98.]
 [    7.	  100.	 2574.	    0.	    0.]
 [   42.	   12.	    0.	 1397.	    0.]
 [    0.	   66.	    0.	    0.	11314.]
2025-11-10 03:01:57,737 - INFO - model saved 48 times, last saved epoch: 88.

2025-11-10 03:02:00,907 - INFO - Epoch 106, Train loss: 0.025355296209454536
2025-11-10 03:02:01,882 - INFO - mIoU: 0.9361; OA: 0.9829; AA: 0.9503; F1: 0.9661; Kappa: 0.9705;
2025-11-10 03:02:01,882 - INFO - spatial_LccAccuracy: 0.9136; spatial_PA: 0.989; spatial_UA: 0.9928; spatial_F1: 0.9909
2025-11-10 03:02:01,882 - INFO - temporal_CdAccuracy: 0.765; temporal_PA: 0.9571; temporal_UA: 0.9413; temporal_F1: 0.9491
2025-11-10 03:02:01,883 - INFO - Confusion Matrix
 [78262.	 1119.	    0.	   11.	   18.]
 [  771.	57590.	   17.	   16.	  104.]
 [    6.	  439.	 2235.	    1.	    0.]
 [   34.	   35.	    0.	 1382.	    0.]
 [    0.	   55.	    0.	    0.	11325.]
2025-11-10 03:02:01,883 - INFO - model saved 48 times, last saved epoch: 88.

2025-11-10 03:02:05,042 - INFO - Epoch 107, Train loss: 0.02512294054031372
2025-11-10 03:02:05,954 - INFO - mIoU: 0.9522; OA: 0.984; AA: 0.9779; F1: 0.9752; Kappa: 0.9724;
2025-11-10 03:02:05,954 - INFO - spatial_LccAccuracy: 0.9237; spatial_PA: 0.9904; spatial_UA: 0.9948; spatial_F1: 0.9926
2025-11-10 03:02:05,954 - INFO - temporal_CdAccuracy: 0.761; temporal_PA: 0.9599; temporal_UA: 0.9382; temporal_F1: 0.9489
2025-11-10 03:02:05,955 - INFO - Confusion Matrix
 [78277.	 1093.	    8.	   17.	   15.]
 [  822.	57383.	  162.	   29.	  102.]
 [    4.	  120.	 2556.	    1.	    0.]
 [   34.	    4.	    0.	 1413.	    0.]
 [    0.	   47.	    0.	    0.	11333.]
2025-11-10 03:02:05,956 - INFO - model saved 48 times, last saved epoch: 88.

2025-11-10 03:02:09,075 - INFO - Epoch 108, Train loss: 0.02431374043226242
2025-11-10 03:02:10,039 - INFO - mIoU: 0.95; OA: 0.9839; AA: 0.9764; F1: 0.974; Kappa: 0.9723;
2025-11-10 03:02:10,039 - INFO - spatial_LccAccuracy: 0.9183; spatial_PA: 0.9901; spatial_UA: 0.9939; spatial_F1: 0.992
2025-11-10 03:02:10,039 - INFO - temporal_CdAccuracy: 0.7634; temporal_PA: 0.9545; temporal_UA: 0.9428; temporal_F1: 0.9486
2025-11-10 03:02:10,040 - INFO - Confusion Matrix
 [78127.	 1270.	    5.	    8.	    0.]
 [  640.	57582.	  190.	   39.	   47.]
 [    3.	  133.	 2545.	    0.	    0.]
 [   34.	    6.	    0.	 1411.	    0.]
 [    2.	   90.	    0.	    0.	11288.]
2025-11-10 03:02:10,041 - INFO - model saved 48 times, last saved epoch: 88.

2025-11-10 03:02:13,196 - INFO - Epoch 109, Train loss: 0.024848254397511482
2025-11-10 03:02:14,105 - INFO - mIoU: 0.954; OA: 0.9842; AA: 0.9701; F1: 0.9762; Kappa: 0.9728;
2025-11-10 03:02:14,105 - INFO - spatial_LccAccuracy: 0.9249; spatial_PA: 0.9904; spatial_UA: 0.9948; spatial_F1: 0.9926
2025-11-10 03:02:14,105 - INFO - temporal_CdAccuracy: 0.7646; temporal_PA: 0.9613; temporal_UA: 0.9435; temporal_F1: 0.9523
2025-11-10 03:02:14,106 - INFO - Confusion Matrix
 [78584.	  817.	    2.	    4.	    3.]
 [ 1108.	57216.	   68.	   23.	   83.]
 [   10.	  197.	 2474.	    0.	    0.]
 [   44.	    7.	    0.	 1400.	    0.]
 [    4.	   51.	    0.	    0.	11325.]
2025-11-10 03:02:14,107 - INFO - model saved 48 times, last saved epoch: 88.

2025-11-10 03:02:17,192 - INFO - Epoch 110, Train loss: 0.024923404678702354
2025-11-10 03:02:18,102 - INFO - mIoU: 0.9475; OA: 0.9835; AA: 0.9665; F1: 0.9728; Kappa: 0.9716;
2025-11-10 03:02:18,102 - INFO - spatial_LccAccuracy: 0.9187; spatial_PA: 0.9895; spatial_UA: 0.9946; spatial_F1: 0.992
2025-11-10 03:02:18,103 - INFO - temporal_CdAccuracy: 0.7657; temporal_PA: 0.9557; temporal_UA: 0.9369; temporal_F1: 0.9462
2025-11-10 03:02:18,103 - INFO - Confusion Matrix
 [78304.	 1096.	    1.	    9.	    0.]
 [  838.	57485.	  136.	   10.	   29.]
 [    8.	  153.	 2520.	    0.	    0.]
 [   35.	   55.	    0.	 1361.	    0.]
 [    4.	  155.	    0.	    0.	11221.]
2025-11-10 03:02:18,104 - INFO - model saved 48 times, last saved epoch: 88.

2025-11-10 03:02:21,215 - INFO - Epoch 111, Train loss: 0.023907316848635674
2025-11-10 03:02:22,133 - INFO - mIoU: 0.9523; OA: 0.9851; AA: 0.976; F1: 0.9753; Kappa: 0.9743;
2025-11-10 03:02:22,133 - INFO - spatial_LccAccuracy: 0.9233; spatial_PA: 0.9842; spatial_UA: 0.993; spatial_F1: 0.9886
2025-11-10 03:02:22,133 - INFO - temporal_CdAccuracy: 0.77; temporal_PA: 0.9621; temporal_UA: 0.9423; temporal_F1: 0.9521
2025-11-10 03:02:22,134 - INFO - Confusion Matrix
 [78597.	  788.	    7.	    8.	   10.]
 [  950.	57237.	  189.	   14.	  108.]
 [    4.	   78.	 2599.	    0.	    0.]
 [   36.	   40.	    0.	 1375.	    0.]
 [    0.	   58.	    0.	    0.	11322.]
2025-11-10 03:02:22,135 - INFO - model saved 48 times, last saved epoch: 88.

2025-11-10 03:02:25,215 - INFO - Epoch 112, Train loss: 0.02313358150422573
2025-11-10 03:02:26,156 - INFO - mIoU: 0.9567; OA: 0.9838; AA: 0.9789; F1: 0.9777; Kappa: 0.9721;
2025-11-10 03:02:26,156 - INFO - spatial_LccAccuracy: 0.923; spatial_PA: 0.9875; spatial_UA: 0.9931; spatial_F1: 0.9903
2025-11-10 03:02:26,156 - INFO - temporal_CdAccuracy: 0.7665; temporal_PA: 0.9567; temporal_UA: 0.9393; temporal_F1: 0.9479
2025-11-10 03:02:26,157 - INFO - Confusion Matrix
 [78153.	 1239.	    1.	    4.	   13.]
 [  762.	57486.	  142.	   28.	   80.]
 [    5.	  105.	 2571.	    0.	    0.]
 [   34.	    2.	    0.	 1415.	    0.]
 [    0.	   77.	    0.	    0.	11303.]
2025-11-10 03:02:26,199 - INFO - Epoch 112 saved.
2025-11-10 03:02:26,199 - INFO - model saved 49 times, last saved epoch: 112.

2025-11-10 03:02:29,359 - INFO - Epoch 113, Train loss: 0.023890042677521706
2025-11-10 03:02:30,308 - INFO - mIoU: 0.9375; OA: 0.9832; AA: 0.9818; F1: 0.9672; Kappa: 0.9712;
2025-11-10 03:02:30,308 - INFO - spatial_LccAccuracy: 0.912; spatial_PA: 0.9892; spatial_UA: 0.9937; spatial_F1: 0.9914
2025-11-10 03:02:30,308 - INFO - temporal_CdAccuracy: 0.7646; temporal_PA: 0.9638; temporal_UA: 0.939; temporal_F1: 0.9512
2025-11-10 03:02:30,309 - INFO - Confusion Matrix
 [78663.	  716.	    3.	   21.	    7.]
 [ 1154.	56833.	  286.	  124.	  101.]
 [    6.	   59.	 2616.	    0.	    0.]
 [   34.	    0.	    0.	 1417.	    0.]
 [    3.	   58.	    0.	    0.	11319.]
2025-11-10 03:02:30,310 - INFO - model saved 49 times, last saved epoch: 112.

2025-11-10 03:02:33,388 - INFO - Epoch 114, Train loss: 0.021626949310302734
2025-11-10 03:02:34,333 - INFO - mIoU: 0.9503; OA: 0.9848; AA: 0.9784; F1: 0.9742; Kappa: 0.9738;
2025-11-10 03:02:34,333 - INFO - spatial_LccAccuracy: 0.9194; spatial_PA: 0.9873; spatial_UA: 0.9956; spatial_F1: 0.9915
2025-11-10 03:02:34,334 - INFO - temporal_CdAccuracy: 0.7669; temporal_PA: 0.9606; temporal_UA: 0.9424; temporal_F1: 0.9514
2025-11-10 03:02:34,334 - INFO - Confusion Matrix
 [78598.	  787.	    9.	    8.	    8.]
 [  947.	57199.	  259.	   18.	   75.]
 [    3.	   75.	 2603.	    0.	    0.]
 [   35.	   21.	    0.	 1395.	    0.]
 [    2.	   87.	    0.	    0.	11291.]
2025-11-10 03:02:34,336 - INFO - model saved 49 times, last saved epoch: 112.

2025-11-10 03:02:37,420 - INFO - Epoch 115, Train loss: 0.02279866300523281
2025-11-10 03:02:38,340 - INFO - mIoU: 0.9491; OA: 0.9841; AA: 0.9685; F1: 0.9735; Kappa: 0.9726;
2025-11-10 03:02:38,340 - INFO - spatial_LccAccuracy: 0.9179; spatial_PA: 0.9892; spatial_UA: 0.9937; spatial_F1: 0.9914
2025-11-10 03:02:38,340 - INFO - temporal_CdAccuracy: 0.7677; temporal_PA: 0.9592; temporal_UA: 0.9439; temporal_F1: 0.9515
2025-11-10 03:02:38,341 - INFO - Confusion Matrix
 [78317.	 1081.	    1.	   10.	    1.]
 [  781.	57561.	   79.	   41.	   36.]
 [    6.	  241.	 2433.	    1.	    0.]
 [   34.	    1.	    0.	 1416.	    0.]
 [    4.	  121.	    0.	    0.	11255.]
2025-11-10 03:02:38,342 - INFO - model saved 49 times, last saved epoch: 112.

2025-11-10 03:02:41,411 - INFO - Epoch 116, Train loss: 0.021414846181869507
2025-11-10 03:02:42,334 - INFO - mIoU: 0.9478; OA: 0.9839; AA: 0.9645; F1: 0.9728; Kappa: 0.9723;
2025-11-10 03:02:42,334 - INFO - spatial_LccAccuracy: 0.9206; spatial_PA: 0.9867; spatial_UA: 0.9905; spatial_F1: 0.9886
2025-11-10 03:02:42,334 - INFO - temporal_CdAccuracy: 0.7661; temporal_PA: 0.9627; temporal_UA: 0.9417; temporal_F1: 0.9521
2025-11-10 03:02:42,335 - INFO - Confusion Matrix
 [78288.	 1100.	    1.	    3.	   18.]
 [  772.	57540.	   92.	   14.	   80.]
 [    5.	  258.	 2418.	    0.	    0.]
 [   42.	   21.	    0.	 1388.	    0.]
 [    0.	   60.	    0.	    0.	11320.]
2025-11-10 03:02:42,336 - INFO - model saved 49 times, last saved epoch: 112.

2025-11-10 03:02:45,424 - INFO - Epoch 117, Train loss: 0.021256109699606895
2025-11-10 03:02:46,359 - INFO - mIoU: 0.9517; OA: 0.9836; AA: 0.9685; F1: 0.975; Kappa: 0.9717;
2025-11-10 03:02:46,359 - INFO - spatial_LccAccuracy: 0.9202; spatial_PA: 0.988; spatial_UA: 0.9892; spatial_F1: 0.9886
2025-11-10 03:02:46,360 - INFO - temporal_CdAccuracy: 0.7622; temporal_PA: 0.9581; temporal_UA: 0.9389; temporal_F1: 0.9484
2025-11-10 03:02:46,360 - INFO - Confusion Matrix
 [78141.	 1258.	    2.	    4.	    5.]
 [  733.	57573.	   86.	   13.	   93.]
 [    3.	  191.	 2487.	    0.	    0.]
 [   46.	   23.	    0.	 1382.	    0.]
 [    2.	   64.	    0.	    0.	11314.]
2025-11-10 03:02:46,362 - INFO - model saved 49 times, last saved epoch: 112.

2025-11-10 03:02:49,528 - INFO - Epoch 118, Train loss: 0.02120630070567131
2025-11-10 03:02:50,465 - INFO - mIoU: 0.9497; OA: 0.9838; AA: 0.9696; F1: 0.9739; Kappa: 0.9721;
2025-11-10 03:02:50,466 - INFO - spatial_LccAccuracy: 0.9257; spatial_PA: 0.9884; spatial_UA: 0.9934; spatial_F1: 0.9909
2025-11-10 03:02:50,466 - INFO - temporal_CdAccuracy: 0.7681; temporal_PA: 0.959; temporal_UA: 0.9446; temporal_F1: 0.9518
2025-11-10 03:02:50,467 - INFO - Confusion Matrix
 [78754.	  639.	    1.	    4.	   12.]
 [ 1263.	56981.	  117.	   25.	  112.]
 [   13.	  194.	 2474.	    0.	    0.]
 [   42.	   10.	    0.	 1399.	    0.]
 [    2.	   53.	    0.	    0.	11325.]
2025-11-10 03:02:50,468 - INFO - model saved 49 times, last saved epoch: 112.

2025-11-10 03:02:53,606 - INFO - Epoch 119, Train loss: 0.021681051701307297
2025-11-10 03:02:54,545 - INFO - mIoU: 0.9481; OA: 0.9843; AA: 0.9658; F1: 0.973; Kappa: 0.973;
2025-11-10 03:02:54,545 - INFO - spatial_LccAccuracy: 0.9226; spatial_PA: 0.9896; spatial_UA: 0.9921; spatial_F1: 0.9909
2025-11-10 03:02:54,545 - INFO - temporal_CdAccuracy: 0.7747; temporal_PA: 0.9594; temporal_UA: 0.9449; temporal_F1: 0.9521
2025-11-10 03:02:54,546 - INFO - Confusion Matrix
 [78212.	 1183.	    2.	    8.	    5.]
 [  663.	57639.	   97.	   15.	   84.]
 [    5.	  189.	 2487.	    0.	    0.]
 [   36.	   55.	    0.	 1360.	    0.]
 [    2.	   66.	    0.	    0.	11312.]
2025-11-10 03:02:54,547 - INFO - model saved 49 times, last saved epoch: 112.

2025-11-10 03:02:57,707 - INFO - Epoch 120, Train loss: 0.021016912534832954
2025-11-10 03:02:58,659 - INFO - mIoU: 0.9531; OA: 0.9834; AA: 0.9748; F1: 0.9758; Kappa: 0.9715;
2025-11-10 03:02:58,659 - INFO - spatial_LccAccuracy: 0.919; spatial_PA: 0.9882; spatial_UA: 0.9901; spatial_F1: 0.9892
2025-11-10 03:02:58,659 - INFO - temporal_CdAccuracy: 0.7646; temporal_PA: 0.953; temporal_UA: 0.9396; temporal_F1: 0.9462
2025-11-10 03:02:58,660 - INFO - Confusion Matrix
 [78151.	 1245.	    1.	   11.	    2.]
 [  802.	57475.	  152.	   16.	   53.]
 [    5.	  104.	 2572.	    0.	    0.]
 [   34.	   30.	    0.	 1387.	    0.]
 [    2.	   88.	    0.	    0.	11290.]
2025-11-10 03:02:58,661 - INFO - model saved 49 times, last saved epoch: 112.

2025-11-10 03:03:01,770 - INFO - Epoch 121, Train loss: 0.02058769389986992
2025-11-10 03:03:02,727 - INFO - mIoU: 0.9506; OA: 0.9822; AA: 0.9704; F1: 0.9744; Kappa: 0.9694;
2025-11-10 03:03:02,727 - INFO - spatial_LccAccuracy: 0.9167; spatial_PA: 0.9884; spatial_UA: 0.9878; spatial_F1: 0.9881
2025-11-10 03:03:02,728 - INFO - temporal_CdAccuracy: 0.7638; temporal_PA: 0.954; temporal_UA: 0.9357; temporal_F1: 0.9448
2025-11-10 03:03:02,728 - INFO - Confusion Matrix
 [77804.	 1595.	    2.	    6.	    3.]
 [  594.	57758.	   94.	   33.	   19.]
 [    3.	  197.	 2481.	    0.	    0.]
 [   36.	    5.	    0.	 1410.	    0.]
 [    0.	  141.	    0.	    0.	11239.]
2025-11-10 03:03:02,729 - INFO - model saved 49 times, last saved epoch: 112.

2025-11-10 03:03:05,821 - INFO - Epoch 122, Train loss: 0.019469894468784332
2025-11-10 03:03:06,760 - INFO - mIoU: 0.9471; OA: 0.9824; AA: 0.9643; F1: 0.9725; Kappa: 0.9697;
2025-11-10 03:03:06,760 - INFO - spatial_LccAccuracy: 0.9116; spatial_PA: 0.9889; spatial_UA: 0.9895; spatial_F1: 0.9892
2025-11-10 03:03:06,760 - INFO - temporal_CdAccuracy: 0.763; temporal_PA: 0.9591; temporal_UA: 0.9397; temporal_F1: 0.9493
2025-11-10 03:03:06,761 - INFO - Confusion Matrix
 [77931.	 1465.	    3.	    5.	    6.]
 [  666.	57682.	   91.	   13.	   46.]
 [    5.	  195.	 2481.	    0.	    0.]
 [   36.	   53.	    0.	 1362.	    0.]
 [    2.	  113.	    0.	    0.	11265.]
2025-11-10 03:03:06,762 - INFO - model saved 49 times, last saved epoch: 112.

2025-11-10 03:03:09,932 - INFO - Epoch 123, Train loss: 0.01999054104089737
2025-11-10 03:03:10,977 - INFO - mIoU: 0.951; OA: 0.9841; AA: 0.9819; F1: 0.9745; Kappa: 0.9726;
2025-11-10 03:03:10,978 - INFO - spatial_LccAccuracy: 0.9226; spatial_PA: 0.9887; spatial_UA: 0.9919; spatial_F1: 0.9903
2025-11-10 03:03:10,978 - INFO - temporal_CdAccuracy: 0.7657; temporal_PA: 0.9621; temporal_UA: 0.9416; temporal_F1: 0.9517
2025-11-10 03:03:10,979 - INFO - Confusion Matrix
 [78492.	  902.	    2.	    8.	    6.]
 [  970.	57111.	  292.	   22.	  103.]
 [    8.	   52.	 2621.	    0.	    0.]
 [   36.	    7.	    0.	 1408.	    0.]
 [    0.	   37.	    0.	    0.	11343.]
2025-11-10 03:03:10,980 - INFO - model saved 49 times, last saved epoch: 112.

2025-11-10 03:03:14,086 - INFO - Epoch 124, Train loss: 0.019410300999879837
2025-11-10 03:03:15,017 - INFO - mIoU: 0.9555; OA: 0.9845; AA: 0.9752; F1: 0.977; Kappa: 0.9734;
2025-11-10 03:03:15,017 - INFO - spatial_LccAccuracy: 0.928; spatial_PA: 0.9906; spatial_UA: 0.99; spatial_F1: 0.9903
2025-11-10 03:03:15,018 - INFO - temporal_CdAccuracy: 0.7708; temporal_PA: 0.9574; temporal_UA: 0.9461; temporal_F1: 0.9517
2025-11-10 03:03:15,019 - INFO - Confusion Matrix
 [78327.	 1074.	    1.	    4.	    4.]
 [  811.	57472.	  120.	   25.	   70.]
 [    6.	  138.	 2536.	    1.	    0.]
 [   39.	    8.	    0.	 1404.	    0.]
 [    6.	   66.	    0.	    0.	11308.]
2025-11-10 03:03:15,020 - INFO - model saved 49 times, last saved epoch: 112.

2025-11-10 03:03:18,199 - INFO - Epoch 125, Train loss: 0.018019752576947212
2025-11-10 03:03:19,131 - INFO - mIoU: 0.9522; OA: 0.9848; AA: 0.9707; F1: 0.9752; Kappa: 0.9738;
2025-11-10 03:03:19,131 - INFO - spatial_LccAccuracy: 0.9261; spatial_PA: 0.9886; spatial_UA: 0.9943; spatial_F1: 0.9914
2025-11-10 03:03:19,131 - INFO - temporal_CdAccuracy: 0.7697; temporal_PA: 0.9599; temporal_UA: 0.9477; temporal_F1: 0.9538
2025-11-10 03:03:19,132 - INFO - Confusion Matrix
 [78745.	  640.	    1.	    9.	   15.]
 [ 1132.	57137.	   70.	   33.	  126.]
 [    7.	  218.	 2456.	    0.	    0.]
 [   35.	    5.	    0.	 1411.	    0.]
 [    1.	   37.	    0.	    0.	11342.]
2025-11-10 03:03:19,133 - INFO - model saved 49 times, last saved epoch: 112.

