2025-10-17 12:14:14,827 - INFO - Epoch 0, Train loss: 2.0223846957087517
2025-10-17 12:14:15,834 - INFO - mIoU: 0.1242; OA: 0.3319; AA: 0.2581; F1: 0.2071; Kappa: 0.029;
2025-10-17 12:14:15,835 - INFO - spatial_LccAccuracy: 0.0008; spatial_PA: 0.5007; spatial_UA: 0.6429; spatial_F1: 0.5629
2025-10-17 12:14:15,835 - INFO - temporal_CdAccuracy: 0.0004; temporal_PA: 0.6435; temporal_UA: 0.5221; temporal_F1: 0.5765
2025-10-17 12:14:15,836 - INFO - Confusion Matrix
 [28414.	23099.	 5837.	 2740.	19864.]
 [20914.	17809.	 6920.	 2698.	11286.]
 [ 1238.	  760.	  516.	   45.	  130.]
 [  487.	  778.	   59.	   43.	  145.]
 [ 3196.	 3010.	  224.	  146.	 4682.]
2025-10-17 12:14:15,911 - INFO - Epoch 0 saved.
2025-10-17 12:14:15,913 - INFO - model saved 1 times, last saved epoch: 0.

2025-10-17 12:14:18,951 - INFO - Epoch 1, Train loss: 1.956733500957489
2025-10-17 12:14:19,948 - INFO - mIoU: 0.19; OA: 0.5083; AA: 0.2833; F1: 0.2888; Kappa: 0.1502;
2025-10-17 12:14:19,948 - INFO - spatial_LccAccuracy: 0.0; spatial_PA: 0.5; spatial_UA: 0.6428; spatial_F1: 0.5625
2025-10-17 12:14:19,948 - INFO - temporal_CdAccuracy: 0.0; temporal_PA: 0.6632; temporal_UA: 0.523; temporal_F1: 0.5848
2025-10-17 12:14:19,949 - INFO - Confusion Matrix
 [43780.	31300.	  920.	  568.	 3386.]
 [24607.	31564.	 1211.	  512.	 1733.]
 [ 1216.	 1364.	   97.	    4.	    8.]
 [  481.	  976.	   18.	    8.	   29.]
 [ 3787.	 3866.	   44.	  203.	 3358.]
2025-10-17 12:14:20,018 - INFO - Epoch 1 saved.
2025-10-17 12:14:20,019 - INFO - model saved 2 times, last saved epoch: 1.

2025-10-17 12:14:23,071 - INFO - Epoch 2, Train loss: 1.6976505137979985
2025-10-17 12:14:24,008 - INFO - mIoU: 0.2096; OA: 0.6601; AA: 0.2873; F1: 0.463; Kappa: 0.3542;
2025-10-17 12:14:24,008 - INFO - spatial_LccAccuracy: 0.0255; spatial_PA: 0.5; spatial_UA: 0.4999; spatial_F1: 0.5
2025-10-17 12:14:24,008 - INFO - temporal_CdAccuracy: 0.0097; temporal_PA: 0.6327; temporal_UA: 0.535; temporal_F1: 0.5798
2025-10-17 12:14:24,009 - INFO - Confusion Matrix
 [69328.	10614.	    0.	    2.	   10.]
 [26767.	32789.	    1.	   19.	   51.]
 [  784.	 1904.	    0.	    0.	    1.]
 [  769.	  742.	    0.	    0.	    1.]
 [ 8342.	 2692.	    0.	    4.	  220.]
2025-10-17 12:14:24,072 - INFO - Epoch 2 saved.
2025-10-17 12:14:24,073 - INFO - model saved 3 times, last saved epoch: 2.

2025-10-17 12:14:27,151 - INFO - Epoch 3, Train loss: 1.3877638205885887
2025-10-17 12:14:27,974 - INFO - mIoU: 0.3328; OA: 0.7856; AA: 0.3963; F1: 0.695; Kappa: 0.6049;
2025-10-17 12:14:27,974 - INFO - spatial_LccAccuracy: 0.1865; spatial_PA: 0.6306; spatial_UA: 0.6295; spatial_F1: 0.6301
2025-10-17 12:14:27,974 - INFO - temporal_CdAccuracy: 0.1184; temporal_PA: 0.5834; temporal_UA: 0.5474; temporal_F1: 0.5648
2025-10-17 12:14:27,975 - INFO - Confusion Matrix
 [72344.	 7609.	    0.	    0.	    1.]
 [13602.	46023.	    0.	    1.	    1.]
 [  404.	 2285.	    0.	    0.	    0.]
 [ 1345.	  167.	    0.	    0.	    0.]
 [ 6636.	 1185.	    1.	    2.	 3434.]
2025-10-17 12:14:28,041 - INFO - Epoch 3 saved.
2025-10-17 12:14:28,041 - INFO - model saved 4 times, last saved epoch: 3.

2025-10-17 12:14:31,050 - INFO - Epoch 4, Train loss: 1.029653525725007
2025-10-17 12:14:31,925 - INFO - mIoU: 0.4703; OA: 0.8722; AA: 0.5152; F1: 0.6621; Kappa: 0.7717;
2025-10-17 12:14:31,925 - INFO - spatial_LccAccuracy: 0.4346; spatial_PA: 0.7672; spatial_UA: 0.7487; spatial_F1: 0.7578
2025-10-17 12:14:31,925 - INFO - temporal_CdAccuracy: 0.2574; temporal_PA: 0.6121; temporal_UA: 0.6071; temporal_F1: 0.6096
2025-10-17 12:14:31,926 - INFO - Confusion Matrix
 [74580.	 5374.	    0.	    0.	    0.]
 [ 7580.	52047.	    0.	    0.	    0.]
 [  234.	 2430.	   25.	    0.	    0.]
 [ 1327.	  185.	    0.	    0.	    0.]
 [ 2179.	  511.	    0.	    0.	 8568.]
2025-10-17 12:14:31,988 - INFO - Epoch 4 saved.
2025-10-17 12:14:31,988 - INFO - model saved 5 times, last saved epoch: 4.

2025-10-17 12:14:34,977 - INFO - Epoch 5, Train loss: 0.8528078816831112
2025-10-17 12:14:35,840 - INFO - mIoU: 0.5238; OA: 0.9022; AA: 0.5604; F1: 0.7252; Kappa: 0.8267;
2025-10-17 12:14:35,840 - INFO - spatial_LccAccuracy: 0.5004; spatial_PA: 0.7827; spatial_UA: 0.7791; spatial_F1: 0.7809
2025-10-17 12:14:35,841 - INFO - temporal_CdAccuracy: 0.327; temporal_PA: 0.6362; temporal_UA: 0.6518; temporal_F1: 0.6439
2025-10-17 12:14:35,841 - INFO - Confusion Matrix
 [76128.	 3824.	    0.	    0.	    2.]
 [ 5840.	53784.	    3.	    0.	    0.]
 [  168.	 2291.	  222.	    8.	    0.]
 [ 1086.	  426.	    0.	    0.	    0.]
 [ 1133.	  382.	    0.	    0.	 9743.]
2025-10-17 12:14:35,905 - INFO - Epoch 5 saved.
2025-10-17 12:14:35,906 - INFO - model saved 6 times, last saved epoch: 5.

2025-10-17 12:14:39,045 - INFO - Epoch 6, Train loss: 0.7337915938347578
2025-10-17 12:14:39,909 - INFO - mIoU: 0.5852; OA: 0.9193; AA: 0.6171; F1: 0.6548; Kappa: 0.8579;
2025-10-17 12:14:39,909 - INFO - spatial_LccAccuracy: 0.5697; spatial_PA: 0.873; spatial_UA: 0.8404; spatial_F1: 0.8564
2025-10-17 12:14:39,910 - INFO - temporal_CdAccuracy: 0.4145; temporal_PA: 0.6724; temporal_UA: 0.6958; temporal_F1: 0.6839
2025-10-17 12:14:39,910 - INFO - Confusion Matrix
 [76239.	 3688.	    2.	    1.	   24.]
 [ 4143.	55479.	    5.	    0.	    0.]
 [   89.	 1735.	  843.	   22.	    0.]
 [  984.	  523.	    0.	    5.	    0.]
 [  926.	  370.	    0.	    0.	 9962.]
2025-10-17 12:14:39,974 - INFO - Epoch 6 saved.
2025-10-17 12:14:39,975 - INFO - model saved 7 times, last saved epoch: 6.

2025-10-17 12:14:42,959 - INFO - Epoch 7, Train loss: 0.6492461476475
2025-10-17 12:14:43,853 - INFO - mIoU: 0.6539; OA: 0.9315; AA: 0.6827; F1: 0.7233; Kappa: 0.8798;
2025-10-17 12:14:43,853 - INFO - spatial_LccAccuracy: 0.6033; spatial_PA: 0.9196; spatial_UA: 0.8644; spatial_F1: 0.8912
2025-10-17 12:14:43,854 - INFO - temporal_CdAccuracy: 0.464; temporal_PA: 0.7096; temporal_UA: 0.7402; temporal_F1: 0.7245
2025-10-17 12:14:43,855 - INFO - Confusion Matrix
 [76864.	 3049.	    6.	    2.	   33.]
 [ 3729.	55871.	   22.	    5.	    0.]
 [   45.	 1048.	 1582.	   13.	    1.]
 [  983.	  478.	    0.	   51.	    0.]
 [  837.	  369.	    0.	    0.	10052.]
2025-10-17 12:14:43,927 - INFO - Epoch 7 saved.
2025-10-17 12:14:43,927 - INFO - model saved 8 times, last saved epoch: 7.

2025-10-17 12:14:47,011 - INFO - Epoch 8, Train loss: 0.6186579912900925
2025-10-17 12:14:47,909 - INFO - mIoU: 0.7125; OA: 0.9405; AA: 0.7397; F1: 0.7943; Kappa: 0.8959;
2025-10-17 12:14:47,910 - INFO - spatial_LccAccuracy: 0.6413; spatial_PA: 0.9219; spatial_UA: 0.8714; spatial_F1: 0.8959
2025-10-17 12:14:47,910 - INFO - temporal_CdAccuracy: 0.4957; temporal_PA: 0.7497; temporal_UA: 0.7702; temporal_F1: 0.7598
2025-10-17 12:14:47,911 - INFO - Confusion Matrix
 [76961.	 2940.	    7.	    3.	   43.]
 [ 2992.	56591.	   39.	    4.	    1.]
 [   23.	  797.	 1866.	    3.	    0.]
 [  794.	  420.	    1.	  297.	    0.]
 [  763.	  400.	    0.	    0.	10095.]
2025-10-17 12:14:47,973 - INFO - Epoch 8 saved.
2025-10-17 12:14:47,973 - INFO - model saved 9 times, last saved epoch: 8.

2025-10-17 12:14:51,166 - INFO - Epoch 9, Train loss: 0.5962993066757918
2025-10-17 12:14:52,014 - INFO - mIoU: 0.7847; OA: 0.9489; AA: 0.813; F1: 0.8669; Kappa: 0.911;
2025-10-17 12:14:52,014 - INFO - spatial_LccAccuracy: 0.6769; spatial_PA: 0.9253; spatial_UA: 0.8744; spatial_F1: 0.8992
2025-10-17 12:14:52,015 - INFO - temporal_CdAccuracy: 0.5383; temporal_PA: 0.7979; temporal_UA: 0.81; temporal_F1: 0.8039
2025-10-17 12:14:52,016 - INFO - Confusion Matrix
 [77397.	 2484.	   13.	    5.	   55.]
 [ 2812.	56718.	   89.	    5.	    3.]
 [   19.	  567.	 2101.	    2.	    0.]
 [  639.	  172.	    9.	  692.	    0.]
 [  694.	  354.	    2.	    0.	10208.]
2025-10-17 12:14:52,078 - INFO - Epoch 9 saved.
2025-10-17 12:14:52,079 - INFO - model saved 10 times, last saved epoch: 9.

2025-10-17 12:14:55,223 - INFO - Epoch 10, Train loss: 0.573929588124156
2025-10-17 12:14:56,087 - INFO - mIoU: 0.8162; OA: 0.9537; AA: 0.8433; F1: 0.8916; Kappa: 0.9193;
2025-10-17 12:14:56,087 - INFO - spatial_LccAccuracy: 0.7113; spatial_PA: 0.9247; spatial_UA: 0.8765; spatial_F1: 0.9
2025-10-17 12:14:56,087 - INFO - temporal_CdAccuracy: 0.5774; temporal_PA: 0.8209; temporal_UA: 0.8357; temporal_F1: 0.8282
2025-10-17 12:14:56,087 - INFO - Confusion Matrix
 [78355.	 1531.	    8.	    6.	   54.]
 [ 3346.	56166.	   89.	   16.	   10.]
 [   21.	  474.	 2194.	    0.	    0.]
 [  576.	   71.	   12.	  853.	    0.]
 [  660.	  300.	    3.	    0.	10295.]
2025-10-17 12:14:56,147 - INFO - Epoch 10 saved.
2025-10-17 12:14:56,148 - INFO - model saved 11 times, last saved epoch: 10.

2025-10-17 12:14:59,194 - INFO - Epoch 11, Train loss: 0.5491059921681881
2025-10-17 12:15:00,059 - INFO - mIoU: 0.8471; OA: 0.9607; AA: 0.875; F1: 0.9126; Kappa: 0.9318;
2025-10-17 12:15:00,059 - INFO - spatial_LccAccuracy: 0.7326; spatial_PA: 0.9377; spatial_UA: 0.9083; spatial_F1: 0.9228
2025-10-17 12:15:00,059 - INFO - temporal_CdAccuracy: 0.6041; temporal_PA: 0.8432; temporal_UA: 0.8447; temporal_F1: 0.844
2025-10-17 12:15:00,060 - INFO - Confusion Matrix
 [77856.	 2020.	   12.	    8.	   58.]
 [ 2223.	57247.	   94.	   32.	   31.]
 [   13.	  381.	 2295.	    0.	    0.]
 [  428.	   89.	   12.	  982.	    1.]
 [  426.	  266.	    3.	    0.	10563.]
2025-10-17 12:15:00,132 - INFO - Epoch 11 saved.
2025-10-17 12:15:00,133 - INFO - model saved 12 times, last saved epoch: 11.

2025-10-17 12:15:02,985 - INFO - Epoch 12, Train loss: 0.5305401366204023
2025-10-17 12:15:03,835 - INFO - mIoU: 0.8558; OA: 0.9631; AA: 0.8832; F1: 0.9182; Kappa: 0.9361;
2025-10-17 12:15:03,835 - INFO - spatial_LccAccuracy: 0.7535; spatial_PA: 0.9512; spatial_UA: 0.9205; spatial_F1: 0.9356
2025-10-17 12:15:03,836 - INFO - temporal_CdAccuracy: 0.6285; temporal_PA: 0.8612; temporal_UA: 0.8593; temporal_F1: 0.8602
2025-10-17 12:15:03,836 - INFO - Confusion Matrix
 [77849.	 2028.	   11.	    9.	   57.]
 [ 1935.	57545.	   77.	   47.	   23.]
 [   11.	  353.	 2325.	    0.	    0.]
 [  410.	   74.	   12.	 1016.	    0.]
 [  372.	  297.	    1.	    0.	10588.]
2025-10-17 12:15:03,900 - INFO - Epoch 12 saved.
2025-10-17 12:15:03,901 - INFO - model saved 13 times, last saved epoch: 12.

2025-10-17 12:15:06,992 - INFO - Epoch 13, Train loss: 0.5081144535914064
2025-10-17 12:15:07,954 - INFO - mIoU: 0.8766; OA: 0.9669; AA: 0.9049; F1: 0.9317; Kappa: 0.9428;
2025-10-17 12:15:07,954 - INFO - spatial_LccAccuracy: 0.7709; spatial_PA: 0.9562; spatial_UA: 0.9503; spatial_F1: 0.9532
2025-10-17 12:15:07,954 - INFO - temporal_CdAccuracy: 0.6285; temporal_PA: 0.8771; temporal_UA: 0.8652; temporal_F1: 0.8711
2025-10-17 12:15:07,955 - INFO - Confusion Matrix
 [77955.	 1904.	   14.	   18.	   63.]
 [ 1765.	57696.	   95.	   35.	   36.]
 [    6.	  294.	 2389.	    0.	    0.]
 [  279.	   98.	   17.	 1116.	    2.]
 [  227.	  273.	    2.	    1.	10755.]
2025-10-17 12:15:08,021 - INFO - Epoch 13 saved.
2025-10-17 12:15:08,021 - INFO - model saved 14 times, last saved epoch: 13.

2025-10-17 12:15:11,044 - INFO - Epoch 14, Train loss: 0.49306605067104103
2025-10-17 12:15:11,895 - INFO - mIoU: 0.8824; OA: 0.9679; AA: 0.9113; F1: 0.935; Kappa: 0.9444;
2025-10-17 12:15:11,895 - INFO - spatial_LccAccuracy: 0.7752; spatial_PA: 0.9602; spatial_UA: 0.9503; spatial_F1: 0.9552
2025-10-17 12:15:11,895 - INFO - temporal_CdAccuracy: 0.6327; temporal_PA: 0.8818; temporal_UA: 0.8668; temporal_F1: 0.8742
2025-10-17 12:15:11,896 - INFO - Confusion Matrix
 [78450.	 1438.	    7.	   12.	   47.]
 [ 2199.	57225.	   96.	   68.	   39.]
 [   20.	  244.	 2425.	    0.	    0.]
 [  311.	   50.	   10.	 1138.	    3.]
 [  225.	  211.	    0.	    0.	10822.]
2025-10-17 12:15:11,985 - INFO - Epoch 14 saved.
2025-10-17 12:15:11,985 - INFO - model saved 15 times, last saved epoch: 14.

2025-10-17 12:15:15,204 - INFO - Epoch 15, Train loss: 0.4808810377493501
2025-10-17 12:15:16,157 - INFO - mIoU: 0.8961; OA: 0.9709; AA: 0.921; F1: 0.9435; Kappa: 0.9497;
2025-10-17 12:15:16,158 - INFO - spatial_LccAccuracy: 0.798; spatial_PA: 0.9628; spatial_UA: 0.9647; spatial_F1: 0.9637
2025-10-17 12:15:16,158 - INFO - temporal_CdAccuracy: 0.6471; temporal_PA: 0.8908; temporal_UA: 0.8742; temporal_F1: 0.8824
2025-10-17 12:15:16,159 - INFO - Confusion Matrix
 [78026.	 1836.	   13.	   16.	   63.]
 [ 1525.	57957.	   88.	   23.	   34.]
 [    6.	  249.	 2434.	    0.	    0.]
 [  234.	   80.	   12.	 1181.	    5.]
 [  105.	  224.	    0.	    0.	10929.]
2025-10-17 12:15:16,229 - INFO - Epoch 15 saved.
2025-10-17 12:15:16,229 - INFO - model saved 16 times, last saved epoch: 15.

2025-10-17 12:15:19,291 - INFO - Epoch 16, Train loss: 0.47198333591222763
2025-10-17 12:15:20,157 - INFO - mIoU: 0.8957; OA: 0.97; AA: 0.9251; F1: 0.9431; Kappa: 0.948;
2025-10-17 12:15:20,157 - INFO - spatial_LccAccuracy: 0.7941; spatial_PA: 0.9578; spatial_UA: 0.9615; spatial_F1: 0.9596
2025-10-17 12:15:20,158 - INFO - temporal_CdAccuracy: 0.6459; temporal_PA: 0.9003; temporal_UA: 0.8781; temporal_F1: 0.8891
2025-10-17 12:15:20,158 - INFO - Confusion Matrix
 [78965.	  915.	    8.	   12.	   54.]
 [ 2639.	56757.	   94.	   78.	   59.]
 [   18.	  218.	 2453.	    0.	    0.]
 [  275.	   23.	    9.	 1204.	    1.]
 [   91.	  161.	    0.	    0.	11006.]
2025-10-17 12:15:20,159 - INFO - model saved 16 times, last saved epoch: 15.

2025-10-17 12:15:23,133 - INFO - Epoch 17, Train loss: 0.46749269105494023
2025-10-17 12:15:24,021 - INFO - mIoU: 0.9177; OA: 0.974; AA: 0.9426; F1: 0.9564; Kappa: 0.955;
2025-10-17 12:15:24,021 - INFO - spatial_LccAccuracy: 0.8355; spatial_PA: 0.9608; spatial_UA: 0.9814; spatial_F1: 0.971
2025-10-17 12:15:24,021 - INFO - temporal_CdAccuracy: 0.683; temporal_PA: 0.9109; temporal_UA: 0.8951; temporal_F1: 0.9029
2025-10-17 12:15:24,022 - INFO - Confusion Matrix
 [78745.	 1133.	   10.	   19.	   47.]
 [ 1974.	57487.	   72.	   49.	   45.]
 [   14.	  237.	 2438.	    0.	    0.]
 [  143.	   36.	    2.	 1331.	    0.]
 [   80.	  177.	    0.	    0.	11001.]
2025-10-17 12:15:24,095 - INFO - Epoch 17 saved.
2025-10-17 12:15:24,096 - INFO - model saved 17 times, last saved epoch: 17.

2025-10-17 12:15:27,216 - INFO - Epoch 18, Train loss: 0.45840687714517114
2025-10-17 12:15:28,060 - INFO - mIoU: 0.926; OA: 0.9755; AA: 0.9498; F1: 0.9611; Kappa: 0.9578;
2025-10-17 12:15:28,060 - INFO - spatial_LccAccuracy: 0.8595; spatial_PA: 0.9714; spatial_UA: 0.987; spatial_F1: 0.9792
2025-10-17 12:15:28,060 - INFO - temporal_CdAccuracy: 0.702; temporal_PA: 0.9152; temporal_UA: 0.9032; temporal_F1: 0.9092
2025-10-17 12:15:28,061 - INFO - Confusion Matrix
 [78371.	 1505.	    9.	   18.	   51.]
 [ 1421.	58046.	   93.	   29.	   38.]
 [   15.	  207.	 2467.	    0.	    0.]
 [  105.	   43.	    2.	 1362.	    0.]
 [   59.	  198.	    0.	    0.	11001.]
2025-10-17 12:15:28,132 - INFO - Epoch 18 saved.
2025-10-17 12:15:28,133 - INFO - model saved 18 times, last saved epoch: 18.

2025-10-17 12:15:31,183 - INFO - Epoch 19, Train loss: 0.454274938069284
2025-10-17 12:15:32,151 - INFO - mIoU: 0.9331; OA: 0.9767; AA: 0.9555; F1: 0.9651; Kappa: 0.9599;
2025-10-17 12:15:32,151 - INFO - spatial_LccAccuracy: 0.8719; spatial_PA: 0.9739; spatial_UA: 0.9869; spatial_F1: 0.9803
2025-10-17 12:15:32,152 - INFO - temporal_CdAccuracy: 0.7067; temporal_PA: 0.9207; temporal_UA: 0.9091; temporal_F1: 0.9148
2025-10-17 12:15:32,152 - INFO - Confusion Matrix
 [78536.	 1345.	    8.	   17.	   48.]
 [ 1489.	57978.	   81.	   27.	   52.]
 [   15.	  204.	 2470.	    0.	    0.]
 [   80.	   37.	    1.	 1394.	    0.]
 [   46.	  155.	    0.	    0.	11057.]
2025-10-17 12:15:32,227 - INFO - Epoch 19 saved.
2025-10-17 12:15:32,228 - INFO - model saved 19 times, last saved epoch: 19.

2025-10-17 12:15:35,386 - INFO - Epoch 20, Train loss: 0.44828181639313697
2025-10-17 12:15:36,304 - INFO - mIoU: 0.9308; OA: 0.9769; AA: 0.9594; F1: 0.9638; Kappa: 0.9601;
2025-10-17 12:15:36,304 - INFO - spatial_LccAccuracy: 0.87; spatial_PA: 0.9772; spatial_UA: 0.9836; spatial_F1: 0.9804
2025-10-17 12:15:36,304 - INFO - temporal_CdAccuracy: 0.7036; temporal_PA: 0.9201; temporal_UA: 0.9131; temporal_F1: 0.9166
2025-10-17 12:15:36,305 - INFO - Confusion Matrix
 [78719.	 1177.	    8.	   13.	   37.]
 [ 1645.	57751.	  102.	   79.	   50.]
 [   15.	  176.	 2498.	    0.	    0.]
 [  100.	    4.	    0.	 1408.	    0.]
 [   24.	  158.	    0.	    0.	11076.]
2025-10-17 12:15:36,306 - INFO - model saved 19 times, last saved epoch: 19.

2025-10-17 12:15:39,244 - INFO - Epoch 21, Train loss: 0.4445726485922933
2025-10-17 12:15:40,151 - INFO - mIoU: 0.9393; OA: 0.9775; AA: 0.9626; F1: 0.9684; Kappa: 0.9612;
2025-10-17 12:15:40,151 - INFO - spatial_LccAccuracy: 0.8839; spatial_PA: 0.9697; spatial_UA: 0.9901; spatial_F1: 0.9798
2025-10-17 12:15:40,151 - INFO - temporal_CdAccuracy: 0.7159; temporal_PA: 0.9274; temporal_UA: 0.9166; temporal_F1: 0.922
2025-10-17 12:15:40,152 - INFO - Confusion Matrix
 [78991.	  915.	    6.	   21.	   21.]
 [ 1882.	57563.	   94.	   32.	   56.]
 [   20.	  174.	 2495.	    0.	    0.]
 [   58.	   20.	    1.	 1433.	    0.]
 [   39.	  143.	    0.	    0.	11076.]
2025-10-17 12:15:40,216 - INFO - Epoch 21 saved.
2025-10-17 12:15:40,216 - INFO - model saved 20 times, last saved epoch: 21.

2025-10-17 12:15:43,156 - INFO - Epoch 22, Train loss: 0.43919769041240214
2025-10-17 12:15:44,026 - INFO - mIoU: 0.943; OA: 0.9789; AA: 0.9676; F1: 0.9704; Kappa: 0.9637;
2025-10-17 12:15:44,026 - INFO - spatial_LccAccuracy: 0.8955; spatial_PA: 0.974; spatial_UA: 0.9904; spatial_F1: 0.9821
2025-10-17 12:15:44,026 - INFO - temporal_CdAccuracy: 0.7202; temporal_PA: 0.9269; temporal_UA: 0.9216; temporal_F1: 0.9242
2025-10-17 12:15:44,027 - INFO - Confusion Matrix
 [78594.	 1295.	    8.	   22.	   35.]
 [ 1300.	58148.	   85.	   47.	   47.]
 [   14.	  175.	 2500.	    0.	    0.]
 [   44.	    6.	    0.	 1462.	    0.]
 [   24.	  163.	    0.	    0.	11071.]
2025-10-17 12:15:44,091 - INFO - Epoch 22 saved.
2025-10-17 12:15:44,092 - INFO - model saved 21 times, last saved epoch: 22.

2025-10-17 12:15:47,023 - INFO - Epoch 23, Train loss: 0.4379717208445072
2025-10-17 12:15:47,895 - INFO - mIoU: 0.9469; OA: 0.9792; AA: 0.9697; F1: 0.9726; Kappa: 0.9641;
2025-10-17 12:15:47,895 - INFO - spatial_LccAccuracy: 0.8928; spatial_PA: 0.9641; spatial_UA: 0.9877; spatial_F1: 0.9757
2025-10-17 12:15:47,895 - INFO - temporal_CdAccuracy: 0.7187; temporal_PA: 0.9301; temporal_UA: 0.9216; temporal_F1: 0.9258
2025-10-17 12:15:47,896 - INFO - Confusion Matrix
 [78830.	 1067.	    6.	   28.	   23.]
 [ 1557.	57907.	   93.	   25.	   45.]
 [   12.	  143.	 2534.	    0.	    0.]
 [   33.	   19.	    1.	 1459.	    0.]
 [   23.	  156.	    0.	    0.	11079.]
2025-10-17 12:15:47,960 - INFO - Epoch 23 saved.
2025-10-17 12:15:47,960 - INFO - model saved 22 times, last saved epoch: 23.

2025-10-17 12:15:50,912 - INFO - Epoch 24, Train loss: 0.43343431148678063
2025-10-17 12:15:51,769 - INFO - mIoU: 0.9461; OA: 0.9794; AA: 0.9679; F1: 0.9721; Kappa: 0.9645;
2025-10-17 12:15:51,769 - INFO - spatial_LccAccuracy: 0.904; spatial_PA: 0.9792; spatial_UA: 0.9909; spatial_F1: 0.985
2025-10-17 12:15:51,770 - INFO - temporal_CdAccuracy: 0.7283; temporal_PA: 0.9338; temporal_UA: 0.9299; temporal_F1: 0.9318
2025-10-17 12:15:51,771 - INFO - Confusion Matrix
 [78414.	 1488.	    7.	   21.	   24.]
 [ 1086.	58391.	   63.	   37.	   50.]
 [    9.	  203.	 2477.	    0.	    0.]
 [   38.	    3.	    0.	 1471.	    0.]
 [   14.	  149.	    0.	    0.	11095.]
2025-10-17 12:15:51,772 - INFO - model saved 22 times, last saved epoch: 23.

2025-10-17 12:15:54,868 - INFO - Epoch 25, Train loss: 0.43117851931601764
2025-10-17 12:15:55,717 - INFO - mIoU: 0.9484; OA: 0.9803; AA: 0.9661; F1: 0.9733; Kappa: 0.9661;
2025-10-17 12:15:55,717 - INFO - spatial_LccAccuracy: 0.9048; spatial_PA: 0.9765; spatial_UA: 0.9902; spatial_F1: 0.9833
2025-10-17 12:15:55,717 - INFO - temporal_CdAccuracy: 0.7345; temporal_PA: 0.9344; temporal_UA: 0.9338; temporal_F1: 0.9341
2025-10-17 12:15:55,718 - INFO - Confusion Matrix
 [78768.	 1145.	    7.	   16.	   18.]
 [ 1321.	58180.	   58.	   16.	   52.]
 [   10.	  202.	 2477.	    0.	    0.]
 [   38.	   20.	    0.	 1454.	    0.]
 [   16.	  131.	    0.	    0.	11111.]
2025-10-17 12:15:55,782 - INFO - Epoch 25 saved.
2025-10-17 12:15:55,783 - INFO - model saved 23 times, last saved epoch: 25.

2025-10-17 12:15:58,751 - INFO - Epoch 26, Train loss: 0.42734787836670873
2025-10-17 12:15:59,630 - INFO - mIoU: 0.9512; OA: 0.9807; AA: 0.9723; F1: 0.9748; Kappa: 0.9668;
2025-10-17 12:15:59,630 - INFO - spatial_LccAccuracy: 0.9087; spatial_PA: 0.9749; spatial_UA: 0.9906; spatial_F1: 0.9827
2025-10-17 12:15:59,631 - INFO - temporal_CdAccuracy: 0.7361; temporal_PA: 0.9359; temporal_UA: 0.9301; temporal_F1: 0.933
2025-10-17 12:15:59,631 - INFO - Confusion Matrix
 [78898.	 1008.	    7.	   19.	   22.]
 [ 1443.	58002.	   90.	   23.	   69.]
 [   13.	  143.	 2533.	    0.	    0.]
 [   39.	    8.	    0.	 1465.	    0.]
 [    6.	   97.	    0.	    0.	11155.]
2025-10-17 12:15:59,699 - INFO - Epoch 26 saved.
2025-10-17 12:15:59,700 - INFO - model saved 24 times, last saved epoch: 26.

2025-10-17 12:16:02,743 - INFO - Epoch 27, Train loss: 0.42375053465366364
2025-10-17 12:16:03,655 - INFO - mIoU: 0.9478; OA: 0.9801; AA: 0.9653; F1: 0.973; Kappa: 0.9657;
2025-10-17 12:16:03,656 - INFO - spatial_LccAccuracy: 0.9033; spatial_PA: 0.9765; spatial_UA: 0.9902; spatial_F1: 0.9833
2025-10-17 12:16:03,656 - INFO - temporal_CdAccuracy: 0.7334; temporal_PA: 0.9321; temporal_UA: 0.9313; temporal_F1: 0.9317
2025-10-17 12:16:03,657 - INFO - Confusion Matrix
 [78657.	 1250.	    9.	   22.	   16.]
 [ 1207.	58318.	   62.	    6.	   34.]
 [    6.	  192.	 2491.	    0.	    0.]
 [   32.	   32.	    0.	 1448.	    0.]
 [   16.	  202.	    0.	    0.	11040.]
2025-10-17 12:16:03,658 - INFO - model saved 24 times, last saved epoch: 26.

2025-10-17 12:16:06,703 - INFO - Epoch 28, Train loss: 0.4229297397658229
2025-10-17 12:16:07,626 - INFO - mIoU: 0.9538; OA: 0.9816; AA: 0.9732; F1: 0.9762; Kappa: 0.9683;
2025-10-17 12:16:07,627 - INFO - spatial_LccAccuracy: 0.916; spatial_PA: 0.9801; spatial_UA: 0.9911; spatial_F1: 0.9856
2025-10-17 12:16:07,627 - INFO - temporal_CdAccuracy: 0.7403; temporal_PA: 0.9399; temporal_UA: 0.9369; temporal_F1: 0.9384
2025-10-17 12:16:07,628 - INFO - Confusion Matrix
 [78851.	 1059.	    5.	   15.	   24.]
 [ 1257.	58223.	   84.	   22.	   41.]
 [   13.	  138.	 2538.	    0.	    0.]
 [   34.	    6.	    0.	 1471.	    1.]
 [    3.	  149.	    0.	    0.	11106.]
2025-10-17 12:16:07,714 - INFO - Epoch 28 saved.
2025-10-17 12:16:07,714 - INFO - model saved 25 times, last saved epoch: 28.

2025-10-17 12:16:10,705 - INFO - Epoch 29, Train loss: 0.42010345552116635
2025-10-17 12:16:11,591 - INFO - mIoU: 0.9512; OA: 0.9811; AA: 0.9733; F1: 0.9748; Kappa: 0.9675;
2025-10-17 12:16:11,592 - INFO - spatial_LccAccuracy: 0.9129; spatial_PA: 0.985; spatial_UA: 0.9908; spatial_F1: 0.9879
2025-10-17 12:16:11,592 - INFO - temporal_CdAccuracy: 0.7376; temporal_PA: 0.9379; temporal_UA: 0.9331; temporal_F1: 0.9355
2025-10-17 12:16:11,593 - INFO - Confusion Matrix
 [78943.	  972.	    5.	   11.	   23.]
 [ 1406.	58034.	   88.	   45.	   54.]
 [   17.	  133.	 2539.	    0.	    0.]
 [   41.	    0.	    0.	 1471.	    0.]
 [    4.	  124.	    0.	    0.	11130.]
2025-10-17 12:16:11,594 - INFO - model saved 25 times, last saved epoch: 28.

2025-10-17 12:16:14,835 - INFO - Epoch 30, Train loss: 0.41747545078396797
2025-10-17 12:16:15,743 - INFO - mIoU: 0.9564; OA: 0.9812; AA: 0.9759; F1: 0.9776; Kappa: 0.9676;
2025-10-17 12:16:15,744 - INFO - spatial_LccAccuracy: 0.916; spatial_PA: 0.9812; spatial_UA: 0.9923; spatial_F1: 0.9867
2025-10-17 12:16:15,744 - INFO - temporal_CdAccuracy: 0.7368; temporal_PA: 0.9403; temporal_UA: 0.9324; temporal_F1: 0.9363
2025-10-17 12:16:15,745 - INFO - Confusion Matrix
 [79156.	  774.	    4.	   13.	    7.]
 [ 1659.	57802.	   89.	   24.	   53.]
 [    9.	  108.	 2572.	    0.	    0.]
 [   34.	    2.	    0.	 1475.	    1.]
 [   17.	  116.	    0.	    0.	11125.]
2025-10-17 12:16:15,807 - INFO - Epoch 30 saved.
2025-10-17 12:16:15,808 - INFO - model saved 26 times, last saved epoch: 30.

2025-10-17 12:16:18,651 - INFO - Epoch 31, Train loss: 0.41565949134528635
2025-10-17 12:16:19,452 - INFO - mIoU: 0.9555; OA: 0.9816; AA: 0.9735; F1: 0.9771; Kappa: 0.9683;
2025-10-17 12:16:19,452 - INFO - spatial_LccAccuracy: 0.9172; spatial_PA: 0.9785; spatial_UA: 0.9916; spatial_F1: 0.985
2025-10-17 12:16:19,453 - INFO - temporal_CdAccuracy: 0.7419; temporal_PA: 0.9409; temporal_UA: 0.9365; temporal_F1: 0.9386
2025-10-17 12:16:19,454 - INFO - Confusion Matrix
 [78984.	  931.	    5.	   14.	   20.]
 [ 1419.	58066.	   70.	   19.	   53.]
 [   10.	  144.	 2535.	    0.	    0.]
 [   32.	    7.	    0.	 1472.	    1.]
 [    2.	  118.	    0.	    0.	11138.]
2025-10-17 12:16:19,455 - INFO - model saved 26 times, last saved epoch: 30.

2025-10-17 12:16:22,511 - INFO - Epoch 32, Train loss: 0.41481092404574155
2025-10-17 12:16:23,443 - INFO - mIoU: 0.9551; OA: 0.9821; AA: 0.9746; F1: 0.9769; Kappa: 0.9692;
2025-10-17 12:16:23,444 - INFO - spatial_LccAccuracy: 0.9156; spatial_PA: 0.9781; spatial_UA: 0.9932; spatial_F1: 0.9856
2025-10-17 12:16:23,444 - INFO - temporal_CdAccuracy: 0.7438; temporal_PA: 0.9411; temporal_UA: 0.9394; temporal_F1: 0.9402
2025-10-17 12:16:23,445 - INFO - Confusion Matrix
 [78856.	 1058.	    3.	   20.	   17.]
 [ 1222.	58252.	   69.	   28.	   56.]
 [   18.	  148.	 2523.	    0.	    0.]
 [   27.	    2.	    0.	 1483.	    0.]
 [    6.	   99.	    0.	    0.	11153.]
2025-10-17 12:16:23,446 - INFO - model saved 26 times, last saved epoch: 30.

2025-10-17 12:16:26,424 - INFO - Epoch 33, Train loss: 0.4130270669236779
2025-10-17 12:16:27,475 - INFO - mIoU: 0.9553; OA: 0.9811; AA: 0.9721; F1: 0.977; Kappa: 0.9674;
2025-10-17 12:16:27,475 - INFO - spatial_LccAccuracy: 0.9098; spatial_PA: 0.9772; spatial_UA: 0.993; spatial_F1: 0.985
2025-10-17 12:16:27,475 - INFO - temporal_CdAccuracy: 0.7419; temporal_PA: 0.934; temporal_UA: 0.9384; temporal_F1: 0.9362
2025-10-17 12:16:27,476 - INFO - Confusion Matrix
 [78435.	 1479.	    6.	   14.	   20.]
 [  943.	58562.	   68.	    5.	   49.]
 [    6.	  154.	 2529.	    0.	    0.]
 [   22.	   24.	    0.	 1466.	    0.]
 [    2.	  141.	    0.	    0.	11115.]
2025-10-17 12:16:27,476 - INFO - model saved 26 times, last saved epoch: 30.

2025-10-17 12:16:30,665 - INFO - Epoch 34, Train loss: 0.41186165641993283
2025-10-17 12:16:31,547 - INFO - mIoU: 0.9564; OA: 0.982; AA: 0.9728; F1: 0.9775; Kappa: 0.969;
2025-10-17 12:16:31,548 - INFO - spatial_LccAccuracy: 0.9152; spatial_PA: 0.9797; spatial_UA: 0.9928; spatial_F1: 0.9862
2025-10-17 12:16:31,548 - INFO - temporal_CdAccuracy: 0.7399; temporal_PA: 0.9431; temporal_UA: 0.9379; temporal_F1: 0.9405
2025-10-17 12:16:31,549 - INFO - Confusion Matrix
 [78768.	 1150.	    8.	   14.	   14.]
 [ 1121.	58395.	   58.	   13.	   40.]
 [    3.	  174.	 2512.	    0.	    0.]
 [   23.	    8.	    0.	 1481.	    0.]
 [    2.	  158.	    0.	    0.	11098.]
2025-10-17 12:16:31,550 - INFO - model saved 26 times, last saved epoch: 30.

2025-10-17 12:16:34,814 - INFO - Epoch 35, Train loss: 0.4102451611310244
2025-10-17 12:16:35,709 - INFO - mIoU: 0.955; OA: 0.9791; AA: 0.9755; F1: 0.9769; Kappa: 0.9639;
2025-10-17 12:16:35,709 - INFO - spatial_LccAccuracy: 0.9152; spatial_PA: 0.9792; spatial_UA: 0.9909; spatial_F1: 0.985
2025-10-17 12:16:35,709 - INFO - temporal_CdAccuracy: 0.7264; temporal_PA: 0.9327; temporal_UA: 0.9236; temporal_F1: 0.9281
2025-10-17 12:16:35,710 - INFO - Confusion Matrix
 [79480.	  448.	    4.	    8.	   14.]
 [ 2336.	57098.	   96.	   27.	   70.]
 [   23.	   93.	 2573.	    0.	    0.]
 [   35.	    0.	    0.	 1477.	    0.]
 [   13.	   74.	    0.	    0.	11171.]
2025-10-17 12:16:35,711 - INFO - model saved 26 times, last saved epoch: 30.

2025-10-17 12:16:38,749 - INFO - Epoch 36, Train loss: 0.40903172697871926
2025-10-17 12:16:39,617 - INFO - mIoU: 0.9555; OA: 0.9814; AA: 0.9723; F1: 0.9771; Kappa: 0.9679;
2025-10-17 12:16:39,617 - INFO - spatial_LccAccuracy: 0.9122; spatial_PA: 0.9826; spatial_UA: 0.9944; spatial_F1: 0.9885
2025-10-17 12:16:39,617 - INFO - temporal_CdAccuracy: 0.7353; temporal_PA: 0.9423; temporal_UA: 0.9301; temporal_F1: 0.9362
2025-10-17 12:16:39,618 - INFO - Confusion Matrix
 [78420.	 1489.	    3.	   11.	   31.]
 [  894.	58599.	   41.	   21.	   72.]
 [    4.	  202.	 2483.	    0.	    0.]
 [   23.	    3.	    0.	 1486.	    0.]
 [    0.	   94.	    0.	    0.	11164.]
2025-10-17 12:16:39,619 - INFO - model saved 26 times, last saved epoch: 30.

2025-10-17 12:16:42,662 - INFO - Epoch 37, Train loss: 0.4078478094190359
2025-10-17 12:16:43,467 - INFO - mIoU: 0.9609; OA: 0.9827; AA: 0.9798; F1: 0.98; Kappa: 0.9701;
2025-10-17 12:16:43,468 - INFO - spatial_LccAccuracy: 0.923; spatial_PA: 0.9815; spatial_UA: 0.9933; spatial_F1: 0.9873
2025-10-17 12:16:43,468 - INFO - temporal_CdAccuracy: 0.7457; temporal_PA: 0.9446; temporal_UA: 0.9405; temporal_F1: 0.9425
2025-10-17 12:16:43,469 - INFO - Confusion Matrix
 [78944.	  974.	    5.	   12.	   19.]
 [ 1263.	58197.	   99.	   15.	   53.]
 [    9.	   87.	 2593.	    0.	    0.]
 [   22.	    5.	    0.	 1485.	    0.]
 [    1.	  123.	    0.	    0.	11134.]
2025-10-17 12:16:43,536 - INFO - Epoch 37 saved.
2025-10-17 12:16:43,536 - INFO - model saved 27 times, last saved epoch: 37.

2025-10-17 12:16:46,461 - INFO - Epoch 38, Train loss: 0.4070153012871742
2025-10-17 12:16:47,286 - INFO - mIoU: 0.9605; OA: 0.9824; AA: 0.9774; F1: 0.9797; Kappa: 0.9696;
2025-10-17 12:16:47,287 - INFO - spatial_LccAccuracy: 0.9203; spatial_PA: 0.9803; spatial_UA: 0.9921; spatial_F1: 0.9862
2025-10-17 12:16:47,287 - INFO - temporal_CdAccuracy: 0.7461; temporal_PA: 0.9399; temporal_UA: 0.9387; temporal_F1: 0.9393
2025-10-17 12:16:47,288 - INFO - Confusion Matrix
 [79166.	  757.	    5.	    9.	   17.]
 [ 1531.	57938.	   87.	    9.	   62.]
 [    9.	  113.	 2567.	    0.	    0.]
 [   25.	    6.	    0.	 1481.	    0.]
 [    3.	   97.	    0.	    0.	11158.]
2025-10-17 12:16:47,289 - INFO - model saved 27 times, last saved epoch: 37.

2025-10-17 12:16:50,596 - INFO - Epoch 39, Train loss: 0.4067696636542678
2025-10-17 12:16:51,443 - INFO - mIoU: 0.9603; OA: 0.9831; AA: 0.9778; F1: 0.9796; Kappa: 0.9709;
2025-10-17 12:16:51,444 - INFO - spatial_LccAccuracy: 0.9265; spatial_PA: 0.9797; spatial_UA: 0.9928; spatial_F1: 0.9862
2025-10-17 12:16:51,444 - INFO - temporal_CdAccuracy: 0.7473; temporal_PA: 0.946; temporal_UA: 0.9426; temporal_F1: 0.9443
2025-10-17 12:16:51,445 - INFO - Confusion Matrix
 [78959.	  965.	    5.	   16.	    9.]
 [ 1201.	58283.	   67.	   20.	   56.]
 [    8.	  126.	 2555.	    0.	    0.]
 [   23.	    0.	    0.	 1489.	    0.]
 [    7.	  115.	    0.	    0.	11136.]
2025-10-17 12:16:51,446 - INFO - model saved 27 times, last saved epoch: 37.

2025-10-17 12:16:54,708 - INFO - Epoch 40, Train loss: 0.40554350018501284
2025-10-17 12:16:55,587 - INFO - mIoU: 0.9581; OA: 0.9815; AA: 0.9804; F1: 0.9785; Kappa: 0.9681;
2025-10-17 12:16:55,587 - INFO - spatial_LccAccuracy: 0.9214; spatial_PA: 0.9873; spatial_UA: 0.9931; spatial_F1: 0.9902
2025-10-17 12:16:55,588 - INFO - temporal_CdAccuracy: 0.7388; temporal_PA: 0.9446; temporal_UA: 0.9322; temporal_F1: 0.9384
2025-10-17 12:16:55,588 - INFO - Confusion Matrix
 [78851.	 1085.	    4.	    7.	    7.]
 [ 1341.	58044.	  113.	   34.	   95.]
 [   13.	   77.	 2599.	    0.	    0.]
 [   27.	    0.	    0.	 1485.	    0.]
 [    5.	   64.	    0.	    0.	11189.]
2025-10-17 12:16:55,589 - INFO - model saved 27 times, last saved epoch: 37.

2025-10-17 12:16:58,677 - INFO - Epoch 41, Train loss: 0.40576805360615253
2025-10-17 12:16:59,528 - INFO - mIoU: 0.9609; OA: 0.9831; AA: 0.9818; F1: 0.98; Kappa: 0.9709;
2025-10-17 12:16:59,528 - INFO - spatial_LccAccuracy: 0.923; spatial_PA: 0.9842; spatial_UA: 0.994; spatial_F1: 0.9891
2025-10-17 12:16:59,528 - INFO - temporal_CdAccuracy: 0.7461; temporal_PA: 0.9499; temporal_UA: 0.9405; temporal_F1: 0.9452
2025-10-17 12:16:59,529 - INFO - Confusion Matrix
 [78964.	  950.	    4.	   15.	   21.]
 [ 1225.	58187.	  102.	   25.	   88.]
 [   10.	   82.	 2597.	    0.	    0.]
 [   20.	    0.	    0.	 1492.	    0.]
 [    4.	   75.	    0.	    0.	11179.]
2025-10-17 12:16:59,530 - INFO - model saved 27 times, last saved epoch: 37.

2025-10-17 12:17:02,551 - INFO - Epoch 42, Train loss: 0.4049827069044113
2025-10-17 12:17:03,436 - INFO - mIoU: 0.9575; OA: 0.982; AA: 0.9716; F1: 0.9781; Kappa: 0.9689;
2025-10-17 12:17:03,437 - INFO - spatial_LccAccuracy: 0.9168; spatial_PA: 0.9829; spatial_UA: 0.9954; spatial_F1: 0.9891
2025-10-17 12:17:03,437 - INFO - temporal_CdAccuracy: 0.7434; temporal_PA: 0.9424; temporal_UA: 0.9397; temporal_F1: 0.9411
2025-10-17 12:17:03,438 - INFO - Confusion Matrix
 [79121.	  802.	    4.	   15.	   12.]
 [ 1492.	58036.	   47.	    3.	   49.]
 [    6.	  178.	 2505.	    0.	    0.]
 [   22.	   13.	    0.	 1477.	    0.]
 [   10.	  138.	    0.	    0.	11110.]
2025-10-17 12:17:03,439 - INFO - model saved 27 times, last saved epoch: 37.

2025-10-17 12:17:06,387 - INFO - Epoch 43, Train loss: 0.40334646347910164
2025-10-17 12:17:07,235 - INFO - mIoU: 0.9623; OA: 0.9822; AA: 0.979; F1: 0.9807; Kappa: 0.9694;
2025-10-17 12:17:07,236 - INFO - spatial_LccAccuracy: 0.9203; spatial_PA: 0.9797; spatial_UA: 0.9928; spatial_F1: 0.9862
2025-10-17 12:17:07,236 - INFO - temporal_CdAccuracy: 0.745; temporal_PA: 0.9446; temporal_UA: 0.9399; temporal_F1: 0.9423
2025-10-17 12:17:07,237 - INFO - Confusion Matrix
 [79153.	  766.	    4.	   13.	   18.]
 [ 1573.	57920.	   69.	   13.	   52.]
 [    9.	  108.	 2572.	    0.	    0.]
 [   20.	    0.	    0.	 1492.	    0.]
 [   17.	   92.	    0.	    0.	11149.]
2025-10-17 12:17:07,299 - INFO - Epoch 43 saved.
2025-10-17 12:17:07,300 - INFO - model saved 28 times, last saved epoch: 43.

2025-10-17 12:17:10,533 - INFO - Epoch 44, Train loss: 0.4022161664441228
2025-10-17 12:17:11,443 - INFO - mIoU: 0.9594; OA: 0.9819; AA: 0.9823; F1: 0.9792; Kappa: 0.9688;
2025-10-17 12:17:11,444 - INFO - spatial_LccAccuracy: 0.9195; spatial_PA: 0.9838; spatial_UA: 0.9897; spatial_F1: 0.9867
2025-10-17 12:17:11,444 - INFO - temporal_CdAccuracy: 0.7388; temporal_PA: 0.9476; temporal_UA: 0.936; temporal_F1: 0.9418
2025-10-17 12:17:11,445 - INFO - Confusion Matrix
 [79287.	  639.	    4.	    6.	   18.]
 [ 1715.	57676.	  142.	   30.	   64.]
 [    7.	   44.	 2638.	    0.	    0.]
 [   29.	    0.	    0.	 1483.	    0.]
 [    8.	   96.	    0.	    0.	11154.]
2025-10-17 12:17:11,446 - INFO - model saved 28 times, last saved epoch: 43.

2025-10-17 12:17:14,404 - INFO - Epoch 45, Train loss: 0.4024970721453428
2025-10-17 12:17:15,298 - INFO - mIoU: 0.9619; OA: 0.983; AA: 0.9774; F1: 0.9805; Kappa: 0.9707;
2025-10-17 12:17:15,298 - INFO - spatial_LccAccuracy: 0.93; spatial_PA: 0.9866; spatial_UA: 0.9938; spatial_F1: 0.9902
2025-10-17 12:17:15,298 - INFO - temporal_CdAccuracy: 0.7446; temporal_PA: 0.9456; temporal_UA: 0.9392; temporal_F1: 0.9424
2025-10-17 12:17:15,299 - INFO - Confusion Matrix
 [78767.	 1155.	    4.	   15.	   13.]
 [ 1049.	58454.	   71.	    1.	   52.]
 [    6.	  119.	 2564.	    0.	    0.]
 [   22.	   10.	    0.	 1480.	    0.]
 [    2.	  119.	    0.	    0.	11137.]
2025-10-17 12:17:15,300 - INFO - model saved 28 times, last saved epoch: 43.

2025-10-17 12:17:18,481 - INFO - Epoch 46, Train loss: 0.4011319436132908
2025-10-17 12:17:19,359 - INFO - mIoU: 0.9626; OA: 0.9826; AA: 0.9795; F1: 0.9809; Kappa: 0.97;
2025-10-17 12:17:19,359 - INFO - spatial_LccAccuracy: 0.9234; spatial_PA: 0.9819; spatial_UA: 0.9916; spatial_F1: 0.9867
2025-10-17 12:17:19,359 - INFO - temporal_CdAccuracy: 0.7473; temporal_PA: 0.9453; temporal_UA: 0.9421; temporal_F1: 0.9437
2025-10-17 12:17:19,360 - INFO - Confusion Matrix
 [79187.	  744.	    4.	    7.	   12.]
 [ 1538.	57930.	   86.	   13.	   60.]
 [    5.	  100.	 2584.	    0.	    0.]
 [   25.	    0.	    0.	 1487.	    0.]
 [    6.	   93.	    0.	    0.	11159.]
2025-10-17 12:17:19,443 - INFO - Epoch 46 saved.
2025-10-17 12:17:19,444 - INFO - model saved 29 times, last saved epoch: 46.

2025-10-17 12:17:22,439 - INFO - Epoch 47, Train loss: 0.4018923031166196
2025-10-17 12:17:23,335 - INFO - mIoU: 0.9617; OA: 0.9826; AA: 0.9829; F1: 0.9804; Kappa: 0.97;
2025-10-17 12:17:23,336 - INFO - spatial_LccAccuracy: 0.9245; spatial_PA: 0.9853; spatial_UA: 0.9952; spatial_F1: 0.9902
2025-10-17 12:17:23,336 - INFO - temporal_CdAccuracy: 0.7473; temporal_PA: 0.9514; temporal_UA: 0.9418; temporal_F1: 0.9466
2025-10-17 12:17:23,337 - INFO - Confusion Matrix
 [79136.	  784.	    7.	   13.	   14.]
 [ 1475.	57945.	  121.	   20.	   66.]
 [    5.	   66.	 2618.	    0.	    0.]
 [   17.	    0.	    0.	 1495.	    0.]
 [    1.	  106.	    0.	    0.	11151.]
2025-10-17 12:17:23,338 - INFO - model saved 29 times, last saved epoch: 46.

2025-10-17 12:17:26,340 - INFO - Epoch 48, Train loss: 0.40076868813484906
2025-10-17 12:17:27,283 - INFO - mIoU: 0.9652; OA: 0.9832; AA: 0.982; F1: 0.9822; Kappa: 0.971;
2025-10-17 12:17:27,283 - INFO - spatial_LccAccuracy: 0.9249; spatial_PA: 0.979; spatial_UA: 0.9935; spatial_F1: 0.9862
2025-10-17 12:17:27,283 - INFO - temporal_CdAccuracy: 0.7473; temporal_PA: 0.9499; temporal_UA: 0.9445; temporal_F1: 0.9472
2025-10-17 12:17:27,284 - INFO - Confusion Matrix
 [79105.	  799.	    5.	    6.	   39.]
 [ 1381.	58081.	   94.	    6.	   65.]
 [    5.	   81.	 2603.	    0.	    0.]
 [   14.	    3.	    0.	 1495.	    0.]
 [    0.	  113.	    0.	    0.	11145.]
2025-10-17 12:17:27,348 - INFO - Epoch 48 saved.
2025-10-17 12:17:27,349 - INFO - model saved 30 times, last saved epoch: 48.

2025-10-17 12:17:30,409 - INFO - Epoch 49, Train loss: 0.40025454554706813
2025-10-17 12:17:31,183 - INFO - mIoU: 0.9612; OA: 0.9826; AA: 0.9809; F1: 0.9802; Kappa: 0.97;
2025-10-17 12:17:31,184 - INFO - spatial_LccAccuracy: 0.9211; spatial_PA: 0.986; spatial_UA: 0.9945; spatial_F1: 0.9902
2025-10-17 12:17:31,184 - INFO - temporal_CdAccuracy: 0.75; temporal_PA: 0.9444; temporal_UA: 0.9445; temporal_F1: 0.9445
2025-10-17 12:17:31,185 - INFO - Confusion Matrix
 [78613.	 1292.	    6.	   16.	   27.]
 [  965.	58487.	   75.	   24.	   76.]
 [    5.	  108.	 2576.	    0.	    0.]
 [   14.	    0.	    0.	 1498.	    0.]
 [    0.	   92.	    0.	    0.	11166.]
2025-10-17 12:17:31,186 - INFO - model saved 30 times, last saved epoch: 48.

2025-10-17 12:17:34,198 - INFO - Epoch 50, Train loss: 0.3996913980692625
2025-10-17 12:17:35,033 - INFO - mIoU: 0.9604; OA: 0.9817; AA: 0.9757; F1: 0.9797; Kappa: 0.9685;
2025-10-17 12:17:35,033 - INFO - spatial_LccAccuracy: 0.9137; spatial_PA: 0.9817; spatial_UA: 0.9942; spatial_F1: 0.9879
2025-10-17 12:17:35,034 - INFO - temporal_CdAccuracy: 0.7426; temporal_PA: 0.9424; temporal_UA: 0.9361; temporal_F1: 0.9393
2025-10-17 12:17:35,034 - INFO - Confusion Matrix
 [78373.	 1555.	    6.	   14.	    6.]
 [  798.	58743.	   66.	    0.	   20.]
 [    3.	  131.	 2555.	    0.	    0.]
 [   15.	   13.	    0.	 1484.	    0.]
 [    0.	  209.	    0.	    0.	11049.]
2025-10-17 12:17:35,035 - INFO - model saved 30 times, last saved epoch: 48.

2025-10-17 12:17:38,301 - INFO - Epoch 51, Train loss: 0.3993709797039628
2025-10-17 12:17:39,085 - INFO - mIoU: 0.9624; OA: 0.9834; AA: 0.9828; F1: 0.9807; Kappa: 0.9713;
2025-10-17 12:17:39,085 - INFO - spatial_LccAccuracy: 0.9226; spatial_PA: 0.9821; spatial_UA: 0.9926; spatial_F1: 0.9873
2025-10-17 12:17:39,086 - INFO - temporal_CdAccuracy: 0.7512; temporal_PA: 0.9514; temporal_UA: 0.9471; temporal_F1: 0.9492
2025-10-17 12:17:39,087 - INFO - Confusion Matrix
 [79192.	  741.	    4.	    8.	    9.]
 [ 1420.	57994.	  102.	   32.	   79.]
 [    8.	   73.	 2608.	    0.	    0.]
 [   17.	    0.	    0.	 1495.	    0.]
 [    5.	   83.	    0.	    0.	11170.]
2025-10-17 12:17:39,088 - INFO - model saved 30 times, last saved epoch: 48.

2025-10-17 12:17:42,016 - INFO - Epoch 52, Train loss: 0.39875933416187764
2025-10-17 12:17:42,985 - INFO - mIoU: 0.9637; OA: 0.983; AA: 0.9835; F1: 0.9814; Kappa: 0.9707;
2025-10-17 12:17:42,985 - INFO - spatial_LccAccuracy: 0.9234; spatial_PA: 0.9817; spatial_UA: 0.9942; spatial_F1: 0.9879
2025-10-17 12:17:42,985 - INFO - temporal_CdAccuracy: 0.7531; temporal_PA: 0.9485; temporal_UA: 0.9428; temporal_F1: 0.9457
2025-10-17 12:17:42,986 - INFO - Confusion Matrix
 [79273.	  651.	    5.	    7.	   18.]
 [ 1570.	57840.	  134.	   10.	   73.]
 [    5.	   65.	 2619.	    0.	    0.]
 [   13.	    3.	    0.	 1496.	    0.]
 [    2.	   82.	    0.	    0.	11174.]
2025-10-17 12:17:42,987 - INFO - model saved 30 times, last saved epoch: 48.

2025-10-17 12:17:45,886 - INFO - Epoch 53, Train loss: 0.4001627925783396
2025-10-17 12:17:46,752 - INFO - mIoU: 0.9631; OA: 0.9827; AA: 0.981; F1: 0.9811; Kappa: 0.9702;
2025-10-17 12:17:46,752 - INFO - spatial_LccAccuracy: 0.9249; spatial_PA: 0.9829; spatial_UA: 0.9954; spatial_F1: 0.9891
2025-10-17 12:17:46,752 - INFO - temporal_CdAccuracy: 0.7457; temporal_PA: 0.9485; temporal_UA: 0.9409; temporal_F1: 0.9447
2025-10-17 12:17:46,753 - INFO - Confusion Matrix
 [78783.	 1096.	    5.	   15.	   55.]
 [ 1147.	58331.	   96.	    1.	   52.]
 [    3.	   86.	 2600.	    0.	    0.]
 [   14.	   10.	    0.	 1488.	    0.]
 [    0.	  106.	    0.	    0.	11152.]
2025-10-17 12:17:46,754 - INFO - model saved 30 times, last saved epoch: 48.

2025-10-17 12:17:49,862 - INFO - Epoch 54, Train loss: 0.3993254443630576
2025-10-17 12:17:50,718 - INFO - mIoU: 0.9639; OA: 0.9825; AA: 0.9797; F1: 0.9816; Kappa: 0.9698;
2025-10-17 12:17:50,718 - INFO - spatial_LccAccuracy: 0.9226; spatial_PA: 0.9835; spatial_UA: 0.9947; spatial_F1: 0.9891
2025-10-17 12:17:50,718 - INFO - temporal_CdAccuracy: 0.7438; temporal_PA: 0.9526; temporal_UA: 0.9381; temporal_F1: 0.9453
2025-10-17 12:17:50,719 - INFO - Confusion Matrix
 [78341.	 1546.	    5.	   10.	   52.]
 [  748.	58757.	   69.	    0.	   53.]
 [    3.	  106.	 2580.	    0.	    0.]
 [   14.	   12.	    0.	 1486.	    0.]
 [    0.	  100.	    0.	    0.	11158.]
2025-10-17 12:17:50,720 - INFO - model saved 30 times, last saved epoch: 48.

2025-10-17 12:17:53,731 - INFO - Epoch 55, Train loss: 0.3977560196071863
2025-10-17 12:17:54,626 - INFO - mIoU: 0.962; OA: 0.9826; AA: 0.9765; F1: 0.9805; Kappa: 0.9701;
2025-10-17 12:17:54,626 - INFO - spatial_LccAccuracy: 0.9191; spatial_PA: 0.9844; spatial_UA: 0.9949; spatial_F1: 0.9896
2025-10-17 12:17:54,626 - INFO - temporal_CdAccuracy: 0.7488; temporal_PA: 0.9472; temporal_UA: 0.9394; temporal_F1: 0.9433
2025-10-17 12:17:54,627 - INFO - Confusion Matrix
 [78584.	 1349.	    5.	    8.	    8.]
 [  902.	58608.	   61.	    3.	   53.]
 [    7.	  153.	 2529.	    0.	    0.]
 [   14.	    5.	    0.	 1493.	    0.]
 [    0.	  126.	    0.	    0.	11132.]
2025-10-17 12:17:54,628 - INFO - model saved 30 times, last saved epoch: 48.

2025-10-17 12:17:57,765 - INFO - Epoch 56, Train loss: 0.40034528989344836
2025-10-17 12:17:58,594 - INFO - mIoU: 0.9642; OA: 0.9829; AA: 0.9831; F1: 0.9817; Kappa: 0.9705;
2025-10-17 12:17:58,594 - INFO - spatial_LccAccuracy: 0.9253; spatial_PA: 0.979; spatial_UA: 0.9935; spatial_F1: 0.9862
2025-10-17 12:17:58,595 - INFO - temporal_CdAccuracy: 0.745; temporal_PA: 0.9527; temporal_UA: 0.9432; temporal_F1: 0.9479
2025-10-17 12:17:58,596 - INFO - Confusion Matrix
 [79293.	  626.	    6.	   16.	   13.]
 [ 1600.	57864.	  111.	    9.	   43.]
 [    2.	   60.	 2627.	    0.	    0.]
 [   13.	    2.	    0.	 1497.	    0.]
 [    4.	  148.	    0.	    0.	11106.]
2025-10-17 12:17:58,597 - INFO - model saved 30 times, last saved epoch: 48.

2025-10-17 12:18:01,594 - INFO - Epoch 57, Train loss: 0.3986078970134258
2025-10-17 12:18:02,429 - INFO - mIoU: 0.9636; OA: 0.9834; AA: 0.9849; F1: 0.9814; Kappa: 0.9714;
2025-10-17 12:18:02,429 - INFO - spatial_LccAccuracy: 0.9241; spatial_PA: 0.983; spatial_UA: 0.9928; spatial_F1: 0.9879
2025-10-17 12:18:02,429 - INFO - temporal_CdAccuracy: 0.7438; temporal_PA: 0.9552; temporal_UA: 0.9386; temporal_F1: 0.9468
2025-10-17 12:18:02,430 - INFO - Confusion Matrix
 [79244.	  674.	    5.	    6.	   25.]
 [ 1488.	57897.	  135.	   21.	   86.]
 [    4.	   52.	 2633.	    0.	    0.]
 [   18.	    0.	    0.	 1494.	    0.]
 [    8.	   49.	    0.	    0.	11201.]
2025-10-17 12:18:02,431 - INFO - model saved 30 times, last saved epoch: 48.

2025-10-17 12:18:05,485 - INFO - Epoch 58, Train loss: 0.3987214947119355
2025-10-17 12:18:06,339 - INFO - mIoU: 0.9642; OA: 0.9828; AA: 0.9797; F1: 0.9817; Kappa: 0.9703;
2025-10-17 12:18:06,340 - INFO - spatial_LccAccuracy: 0.9168; spatial_PA: 0.9851; spatial_UA: 0.9942; spatial_F1: 0.9896
2025-10-17 12:18:06,340 - INFO - temporal_CdAccuracy: 0.7411; temporal_PA: 0.9492; temporal_UA: 0.9379; temporal_F1: 0.9435
2025-10-17 12:18:06,341 - INFO - Confusion Matrix
 [78865.	 1071.	    4.	    5.	    9.]
 [ 1202.	58285.	   75.	    9.	   56.]
 [    9.	  100.	 2580.	    0.	    0.]
 [   23.	    0.	    0.	 1489.	    0.]
 [   13.	   95.	    0.	    0.	11150.]
2025-10-17 12:18:06,342 - INFO - model saved 30 times, last saved epoch: 48.

2025-10-17 12:18:09,312 - INFO - Epoch 59, Train loss: 0.3966236632317305
2025-10-17 12:18:10,235 - INFO - mIoU: 0.9653; OA: 0.984; AA: 0.9811; F1: 0.9822; Kappa: 0.9724;
2025-10-17 12:18:10,235 - INFO - spatial_LccAccuracy: 0.9249; spatial_PA: 0.9819; spatial_UA: 0.9951; spatial_F1: 0.9885
2025-10-17 12:18:10,235 - INFO - temporal_CdAccuracy: 0.7469; temporal_PA: 0.9522; temporal_UA: 0.9437; temporal_F1: 0.948
2025-10-17 12:18:10,236 - INFO - Confusion Matrix
 [78890.	 1025.	    7.	    8.	   24.]
 [ 1043.	58445.	   67.	   13.	   59.]
 [    2.	  114.	 2573.	    0.	    0.]
 [   13.	    0.	    0.	 1499.	    0.]
 [    0.	  106.	    0.	    0.	11152.]
2025-10-17 12:18:10,329 - INFO - Epoch 59 saved.
2025-10-17 12:18:10,329 - INFO - model saved 31 times, last saved epoch: 59.

2025-10-17 12:18:13,376 - INFO - Epoch 60, Train loss: 0.39703359380364417
2025-10-17 12:18:14,273 - INFO - mIoU: 0.9646; OA: 0.9834; AA: 0.9824; F1: 0.9819; Kappa: 0.9713;
2025-10-17 12:18:14,273 - INFO - spatial_LccAccuracy: 0.9226; spatial_PA: 0.9835; spatial_UA: 0.9947; spatial_F1: 0.9891
2025-10-17 12:18:14,273 - INFO - temporal_CdAccuracy: 0.745; temporal_PA: 0.9557; temporal_UA: 0.9411; temporal_F1: 0.9484
2025-10-17 12:18:14,274 - INFO - Confusion Matrix
 [78988.	  909.	    5.	    6.	   46.]
 [ 1224.	58190.	   89.	   10.	  114.]
 [    5.	   86.	 2598.	    0.	    0.]
 [   15.	    3.	    0.	 1494.	    0.]
 [    0.	   68.	    0.	    0.	11190.]
2025-10-17 12:18:14,275 - INFO - model saved 31 times, last saved epoch: 59.

2025-10-17 12:18:17,448 - INFO - Epoch 61, Train loss: 0.3978634299710393
2025-10-17 12:18:18,390 - INFO - mIoU: 0.9656; OA: 0.9833; AA: 0.9815; F1: 0.9824; Kappa: 0.9712;
2025-10-17 12:18:18,390 - INFO - spatial_LccAccuracy: 0.9207; spatial_PA: 0.9808; spatial_UA: 0.9939; spatial_F1: 0.9873
2025-10-17 12:18:18,391 - INFO - temporal_CdAccuracy: 0.7481; temporal_PA: 0.9559; temporal_UA: 0.9441; temporal_F1: 0.95
2025-10-17 12:18:18,391 - INFO - Confusion Matrix
 [79217.	  696.	    7.	    6.	   28.]
 [ 1470.	58021.	   91.	    5.	   40.]
 [    0.	   90.	 2599.	    0.	    0.]
 [   15.	    1.	    0.	 1496.	    0.]
 [    0.	  136.	    0.	    0.	11122.]
2025-10-17 12:18:18,457 - INFO - Epoch 61 saved.
2025-10-17 12:18:18,458 - INFO - model saved 32 times, last saved epoch: 61.

2025-10-17 12:18:21,339 - INFO - Epoch 62, Train loss: 0.3965283023193479
2025-10-17 12:18:22,178 - INFO - mIoU: 0.9656; OA: 0.9837; AA: 0.9802; F1: 0.9824; Kappa: 0.9719;
2025-10-17 12:18:22,178 - INFO - spatial_LccAccuracy: 0.9292; spatial_PA: 0.9835; spatial_UA: 0.9947; spatial_F1: 0.9891
2025-10-17 12:18:22,179 - INFO - temporal_CdAccuracy: 0.7508; temporal_PA: 0.9541; temporal_UA: 0.9465; temporal_F1: 0.9503
2025-10-17 12:18:22,180 - INFO - Confusion Matrix
 [78917.	  996.	    5.	    4.	   32.]
 [ 1099.	58396.	   74.	    3.	   55.]
 [    3.	  114.	 2572.	    0.	    0.]
 [   14.	    3.	    0.	 1495.	    0.]
 [    0.	  122.	    0.	    0.	11136.]
2025-10-17 12:18:22,261 - INFO - Epoch 62 saved.
2025-10-17 12:18:22,262 - INFO - model saved 33 times, last saved epoch: 62.

2025-10-17 12:18:25,423 - INFO - Epoch 63, Train loss: 0.3965283244848251
2025-10-17 12:18:26,300 - INFO - mIoU: 0.9653; OA: 0.9835; AA: 0.9822; F1: 0.9823; Kappa: 0.9716;
2025-10-17 12:18:26,300 - INFO - spatial_LccAccuracy: 0.9249; spatial_PA: 0.9862; spatial_UA: 0.9954; spatial_F1: 0.9908
2025-10-17 12:18:26,300 - INFO - temporal_CdAccuracy: 0.75; temporal_PA: 0.9515; temporal_UA: 0.941; temporal_F1: 0.9462
2025-10-17 12:18:26,301 - INFO - Confusion Matrix
 [78839.	 1079.	    5.	    3.	   28.]
 [ 1080.	58398.	   90.	   14.	   45.]
 [    5.	   76.	 2608.	    0.	    0.]
 [   19.	    3.	    0.	 1490.	    0.]
 [   11.	  101.	    0.	    0.	11146.]
2025-10-17 12:18:26,302 - INFO - model saved 33 times, last saved epoch: 62.

2025-10-17 12:18:29,236 - INFO - Epoch 64, Train loss: 0.39791713692247865
2025-10-17 12:18:30,045 - INFO - mIoU: 0.9652; OA: 0.9834; AA: 0.9809; F1: 0.9822; Kappa: 0.9714;
2025-10-17 12:18:30,045 - INFO - spatial_LccAccuracy: 0.9257; spatial_PA: 0.9835; spatial_UA: 0.9947; spatial_F1: 0.9891
2025-10-17 12:18:30,046 - INFO - temporal_CdAccuracy: 0.7539; temporal_PA: 0.9494; temporal_UA: 0.9445; temporal_F1: 0.9469
2025-10-17 12:18:30,046 - INFO - Confusion Matrix
 [78958.	  965.	    6.	    6.	   19.]
 [ 1215.	58278.	   80.	    8.	   46.]
 [    3.	  102.	 2584.	    0.	    0.]
 [   18.	    1.	    0.	 1493.	    0.]
 [    0.	  100.	    0.	    0.	11158.]
2025-10-17 12:18:30,047 - INFO - model saved 33 times, last saved epoch: 62.

2025-10-17 12:18:33,063 - INFO - Epoch 65, Train loss: 0.39683512710034846
2025-10-17 12:18:34,038 - INFO - mIoU: 0.9607; OA: 0.9812; AA: 0.9813; F1: 0.9799; Kappa: 0.9676;
2025-10-17 12:18:34,038 - INFO - spatial_LccAccuracy: 0.9137; spatial_PA: 0.9842; spatial_UA: 0.994; spatial_F1: 0.9891
2025-10-17 12:18:34,039 - INFO - temporal_CdAccuracy: 0.7372; temporal_PA: 0.9491; temporal_UA: 0.933; temporal_F1: 0.941
2025-10-17 12:18:34,039 - INFO - Confusion Matrix
 [78490.	 1431.	    5.	    4.	   24.]
 [ 1066.	58386.	   95.	   32.	   48.]
 [    4.	   78.	 2607.	    0.	    0.]
 [   22.	    0.	    0.	 1490.	    0.]
 [    6.	   99.	    0.	    0.	11153.]
2025-10-17 12:18:34,040 - INFO - model saved 33 times, last saved epoch: 62.

2025-10-17 12:18:37,175 - INFO - Epoch 66, Train loss: 0.3981311788782477
2025-10-17 12:18:38,151 - INFO - mIoU: 0.9649; OA: 0.9834; AA: 0.9811; F1: 0.982; Kappa: 0.9714;
2025-10-17 12:18:38,151 - INFO - spatial_LccAccuracy: 0.9284; spatial_PA: 0.9833; spatial_UA: 0.9937; spatial_F1: 0.9885
2025-10-17 12:18:38,151 - INFO - temporal_CdAccuracy: 0.75; temporal_PA: 0.9567; temporal_UA: 0.9447; temporal_F1: 0.9507
2025-10-17 12:18:38,152 - INFO - Confusion Matrix
 [78991.	  910.	    5.	    5.	   43.]
 [ 1235.	58236.	   89.	    5.	   62.]
 [    5.	   91.	 2593.	    0.	    0.]
 [   20.	    1.	    0.	 1491.	    0.]
 [    2.	  104.	    0.	    0.	11152.]
2025-10-17 12:18:38,153 - INFO - model saved 33 times, last saved epoch: 62.

2025-10-17 12:18:41,243 - INFO - Epoch 67, Train loss: 0.39666486661881206
2025-10-17 12:18:42,127 - INFO - mIoU: 0.9631; OA: 0.982; AA: 0.9803; F1: 0.9811; Kappa: 0.969;
2025-10-17 12:18:42,128 - INFO - spatial_LccAccuracy: 0.9234; spatial_PA: 0.9837; spatial_UA: 0.9921; spatial_F1: 0.9879
2025-10-17 12:18:42,128 - INFO - temporal_CdAccuracy: 0.7461; temporal_PA: 0.9504; temporal_UA: 0.9408; temporal_F1: 0.9456
2025-10-17 12:18:42,129 - INFO - Confusion Matrix
 [78342.	 1542.	    8.	    5.	   57.]
 [  791.	58696.	   95.	    0.	   45.]
 [    3.	   82.	 2604.	    0.	    0.]
 [   21.	    8.	    0.	 1483.	    0.]
 [    0.	  133.	    0.	    0.	11125.]
2025-10-17 12:18:42,130 - INFO - model saved 33 times, last saved epoch: 62.

2025-10-17 12:18:45,374 - INFO - Epoch 68, Train loss: 0.3977926166728139
2025-10-17 12:18:46,218 - INFO - mIoU: 0.9624; OA: 0.9832; AA: 0.9783; F1: 0.9807; Kappa: 0.971;
2025-10-17 12:18:46,219 - INFO - spatial_LccAccuracy: 0.9241; spatial_PA: 0.9808; spatial_UA: 0.9939; spatial_F1: 0.9873
2025-10-17 12:18:46,219 - INFO - temporal_CdAccuracy: 0.7457; temporal_PA: 0.9532; temporal_UA: 0.9382; temporal_F1: 0.9457
2025-10-17 12:18:46,220 - INFO - Confusion Matrix
 [79157.	  728.	    5.	    5.	   59.]
 [ 1415.	58069.	   67.	   12.	   64.]
 [    6.	  140.	 2543.	    0.	    0.]
 [   16.	    0.	    0.	 1496.	    0.]
 [    4.	   82.	    0.	    0.	11172.]
2025-10-17 12:18:46,221 - INFO - model saved 33 times, last saved epoch: 62.

2025-10-17 12:18:49,255 - INFO - Epoch 69, Train loss: 0.3945657376199961
2025-10-17 12:18:50,092 - INFO - mIoU: 0.9658; OA: 0.984; AA: 0.9824; F1: 0.9825; Kappa: 0.9724;
2025-10-17 12:18:50,092 - INFO - spatial_LccAccuracy: 0.9241; spatial_PA: 0.9855; spatial_UA: 0.9926; spatial_F1: 0.989
2025-10-17 12:18:50,092 - INFO - temporal_CdAccuracy: 0.7469; temporal_PA: 0.9533; temporal_UA: 0.9414; temporal_F1: 0.9473
2025-10-17 12:18:50,093 - INFO - Confusion Matrix
 [79209.	  723.	    5.	    3.	   14.]
 [ 1390.	58080.	  101.	   12.	   44.]
 [    4.	   72.	 2613.	    0.	    0.]
 [   25.	    0.	    0.	 1487.	    0.]
 [    4.	   86.	    0.	    0.	11168.]
2025-10-17 12:18:50,159 - INFO - Epoch 69 saved.
2025-10-17 12:18:50,160 - INFO - model saved 34 times, last saved epoch: 69.

2025-10-17 12:18:52,844 - INFO - Epoch 70, Train loss: 0.39590955674648287
2025-10-17 12:18:53,686 - INFO - mIoU: 0.9652; OA: 0.9838; AA: 0.9873; F1: 0.9822; Kappa: 0.972;
2025-10-17 12:18:53,687 - INFO - spatial_LccAccuracy: 0.9257; spatial_PA: 0.9847; spatial_UA: 0.9958; spatial_F1: 0.9902
2025-10-17 12:18:53,687 - INFO - temporal_CdAccuracy: 0.7454; temporal_PA: 0.9581; temporal_UA: 0.9408; temporal_F1: 0.9493
2025-10-17 12:18:53,688 - INFO - Confusion Matrix
 [78908.	  976.	    6.	    5.	   59.]
 [ 1117.	58270.	  166.	    9.	   65.]
 [    5.	   30.	 2654.	    0.	    0.]
 [   13.	    0.	    0.	 1499.	    0.]
 [    0.	   68.	    0.	    0.	11190.]
2025-10-17 12:18:53,689 - INFO - model saved 34 times, last saved epoch: 69.

2025-10-17 12:18:56,884 - INFO - Epoch 71, Train loss: 0.3968163115903735
2025-10-17 12:18:57,757 - INFO - mIoU: 0.9649; OA: 0.984; AA: 0.9795; F1: 0.982; Kappa: 0.9723;
2025-10-17 12:18:57,757 - INFO - spatial_LccAccuracy: 0.9269; spatial_PA: 0.9792; spatial_UA: 0.9944; spatial_F1: 0.9868
2025-10-17 12:18:57,757 - INFO - temporal_CdAccuracy: 0.7465; temporal_PA: 0.9562; temporal_UA: 0.9423; temporal_F1: 0.9492
2025-10-17 12:18:57,758 - INFO - Confusion Matrix
 [78981.	  940.	    6.	    6.	   21.]
 [ 1137.	58363.	   77.	    3.	   47.]
 [    4.	  127.	 2558.	    0.	    0.]
 [   15.	    2.	    0.	 1495.	    0.]
 [    1.	  102.	    0.	    0.	11155.]
2025-10-17 12:18:57,759 - INFO - model saved 34 times, last saved epoch: 69.

2025-10-17 12:19:00,959 - INFO - Epoch 72, Train loss: 0.3957134261727333
2025-10-17 12:19:01,854 - INFO - mIoU: 0.9613; OA: 0.9834; AA: 0.9808; F1: 0.9802; Kappa: 0.9714;
2025-10-17 12:19:01,854 - INFO - spatial_LccAccuracy: 0.9203; spatial_PA: 0.9902; spatial_UA: 0.9948; spatial_F1: 0.9925
2025-10-17 12:19:01,855 - INFO - temporal_CdAccuracy: 0.7465; temporal_PA: 0.9532; temporal_UA: 0.9447; temporal_F1: 0.9489
2025-10-17 12:19:01,855 - INFO - Confusion Matrix
 [78793.	 1092.	    7.	    3.	   59.]
 [ 1014.	58438.	   97.	   26.	   52.]
 [    2.	  102.	 2585.	    0.	    0.]
 [   21.	    0.	    0.	 1491.	    0.]
 [    0.	  102.	    0.	    0.	11156.]
2025-10-17 12:19:01,857 - INFO - model saved 34 times, last saved epoch: 69.

2025-10-17 12:19:05,031 - INFO - Epoch 73, Train loss: 0.3970339599996805
2025-10-17 12:19:05,901 - INFO - mIoU: 0.9587; OA: 0.9802; AA: 0.9778; F1: 0.9788; Kappa: 0.9658;
2025-10-17 12:19:05,901 - INFO - spatial_LccAccuracy: 0.9122; spatial_PA: 0.9727; spatial_UA: 0.9918; spatial_F1: 0.9821
2025-10-17 12:19:05,902 - INFO - temporal_CdAccuracy: 0.738; temporal_PA: 0.9463; temporal_UA: 0.9306; temporal_F1: 0.9384
2025-10-17 12:19:05,902 - INFO - Confusion Matrix
 [79572.	  358.	    4.	   10.	   10.]
 [ 2256.	57137.	   94.	   11.	  129.]
 [    8.	  128.	 2553.	    0.	    0.]
 [   12.	    3.	    0.	 1497.	    0.]
 [   10.	   37.	    0.	    0.	11211.]
2025-10-17 12:19:05,903 - INFO - model saved 34 times, last saved epoch: 69.

2025-10-17 12:19:08,834 - INFO - Epoch 74, Train loss: 0.39702732004225255
2025-10-17 12:19:09,755 - INFO - mIoU: 0.9635; OA: 0.9839; AA: 0.9769; F1: 0.9812; Kappa: 0.9722;
2025-10-17 12:19:09,756 - INFO - spatial_LccAccuracy: 0.9261; spatial_PA: 0.9862; spatial_UA: 0.9954; spatial_F1: 0.9908
2025-10-17 12:19:09,756 - INFO - temporal_CdAccuracy: 0.7508; temporal_PA: 0.9565; temporal_UA: 0.9478; temporal_F1: 0.9521
2025-10-17 12:19:09,757 - INFO - Confusion Matrix
 [78963.	  953.	    5.	    5.	   28.]
 [ 1100.	58425.	   63.	    2.	   37.]
 [    2.	  160.	 2527.	    0.	    0.]
 [   14.	    4.	    0.	 1494.	    0.]
 [    1.	  122.	    0.	    0.	11135.]
2025-10-17 12:19:09,758 - INFO - model saved 34 times, last saved epoch: 69.

2025-10-17 12:19:12,720 - INFO - Epoch 75, Train loss: 0.39496335610747335
2025-10-17 12:19:13,519 - INFO - mIoU: 0.9665; OA: 0.9837; AA: 0.9851; F1: 0.9829; Kappa: 0.972;
2025-10-17 12:19:13,519 - INFO - spatial_LccAccuracy: 0.9164; spatial_PA: 0.9783; spatial_UA: 0.9942; spatial_F1: 0.9862
2025-10-17 12:19:13,520 - INFO - temporal_CdAccuracy: 0.7392; temporal_PA: 0.9644; temporal_UA: 0.9348; temporal_F1: 0.9494
2025-10-17 12:19:13,520 - INFO - Confusion Matrix
 [79004.	  889.	    7.	    9.	   45.]
 [ 1245.	58212.	  117.	    7.	   46.]
 [    2.	   55.	 2632.	    0.	    0.]
 [    7.	    8.	    0.	 1497.	    0.]
 [    0.	   85.	    0.	    0.	11173.]
2025-10-17 12:19:13,588 - INFO - Epoch 75 saved.
2025-10-17 12:19:13,589 - INFO - model saved 35 times, last saved epoch: 75.

2025-10-17 12:19:16,551 - INFO - Epoch 76, Train loss: 0.3951909067109227
2025-10-17 12:19:17,365 - INFO - mIoU: 0.9654; OA: 0.9827; AA: 0.9838; F1: 0.9823; Kappa: 0.9701;
2025-10-17 12:19:17,366 - INFO - spatial_LccAccuracy: 0.9195; spatial_PA: 0.9824; spatial_UA: 0.9935; spatial_F1: 0.9879
2025-10-17 12:19:17,366 - INFO - temporal_CdAccuracy: 0.7357; temporal_PA: 0.9591; temporal_UA: 0.9349; temporal_F1: 0.9468
2025-10-17 12:19:17,367 - INFO - Confusion Matrix
 [79154.	  779.	    3.	    5.	   13.]
 [ 1534.	57891.	  112.	   11.	   79.]
 [    6.	   65.	 2618.	    0.	    0.]
 [   15.	    0.	    0.	 1497.	    0.]
 [    9.	   54.	    0.	    0.	11195.]
2025-10-17 12:19:17,368 - INFO - model saved 35 times, last saved epoch: 75.

2025-10-17 12:19:20,561 - INFO - Epoch 77, Train loss: 0.3954519186168909
2025-10-17 12:19:21,406 - INFO - mIoU: 0.9645; OA: 0.9832; AA: 0.9827; F1: 0.9818; Kappa: 0.9711;
2025-10-17 12:19:21,407 - INFO - spatial_LccAccuracy: 0.9288; spatial_PA: 0.9839; spatial_UA: 0.9931; spatial_F1: 0.9885
2025-10-17 12:19:21,407 - INFO - temporal_CdAccuracy: 0.7515; temporal_PA: 0.9587; temporal_UA: 0.9392; temporal_F1: 0.9489
2025-10-17 12:19:21,408 - INFO - Confusion Matrix
 [79317.	  608.	    4.	    7.	   18.]
 [ 1600.	57842.	  107.	   14.	   64.]
 [    6.	   73.	 2610.	    0.	    0.]
 [   18.	    0.	    0.	 1494.	    0.]
 [    1.	   80.	    0.	    0.	11177.]
2025-10-17 12:19:21,409 - INFO - model saved 35 times, last saved epoch: 75.

2025-10-17 12:19:24,605 - INFO - Epoch 78, Train loss: 0.39458046685904263
2025-10-17 12:19:25,467 - INFO - mIoU: 0.9655; OA: 0.9836; AA: 0.9829; F1: 0.9824; Kappa: 0.9716;
2025-10-17 12:19:25,467 - INFO - spatial_LccAccuracy: 0.9292; spatial_PA: 0.9833; spatial_UA: 0.9937; spatial_F1: 0.9885
2025-10-17 12:19:25,468 - INFO - temporal_CdAccuracy: 0.7492; temporal_PA: 0.956; temporal_UA: 0.9414; temporal_F1: 0.9487
2025-10-17 12:19:25,468 - INFO - Confusion Matrix
 [79204.	  722.	    4.	    4.	   20.]
 [ 1454.	58004.	   91.	   19.	   59.]
 [   17.	   70.	 2602.	    0.	    0.]
 [   15.	    0.	    0.	 1497.	    0.]
 [    2.	   73.	    0.	    0.	11183.]
2025-10-17 12:19:25,470 - INFO - model saved 35 times, last saved epoch: 75.

2025-10-17 12:19:28,429 - INFO - Epoch 79, Train loss: 0.3960588978603482
2025-10-17 12:19:29,395 - INFO - mIoU: 0.9668; OA: 0.9836; AA: 0.9828; F1: 0.9831; Kappa: 0.9718;
2025-10-17 12:19:29,395 - INFO - spatial_LccAccuracy: 0.9245; spatial_PA: 0.9905; spatial_UA: 0.9957; spatial_F1: 0.9931
2025-10-17 12:19:29,395 - INFO - temporal_CdAccuracy: 0.7523; temporal_PA: 0.9578; temporal_UA: 0.9435; temporal_F1: 0.9506
2025-10-17 12:19:29,396 - INFO - Confusion Matrix
 [78691.	 1213.	    4.	    2.	   44.]
 [  946.	58527.	   80.	    9.	   65.]
 [    4.	   77.	 2608.	    0.	    0.]
 [   22.	    1.	    0.	 1489.	    0.]
 [    0.	   73.	    0.	    0.	11185.]
2025-10-17 12:19:29,488 - INFO - Epoch 79 saved.
2025-10-17 12:19:29,489 - INFO - model saved 36 times, last saved epoch: 79.

2025-10-17 12:19:32,425 - INFO - Epoch 80, Train loss: 0.3937207221984863
2025-10-17 12:19:33,282 - INFO - mIoU: 0.9638; OA: 0.984; AA: 0.9779; F1: 0.9814; Kappa: 0.9724;
2025-10-17 12:19:33,283 - INFO - spatial_LccAccuracy: 0.9265; spatial_PA: 0.9889; spatial_UA: 0.9961; spatial_F1: 0.9925
2025-10-17 12:19:33,283 - INFO - temporal_CdAccuracy: 0.7546; temporal_PA: 0.9536; temporal_UA: 0.9475; temporal_F1: 0.9506
2025-10-17 12:19:33,284 - INFO - Confusion Matrix
 [78920.	 1019.	    3.	    3.	    9.]
 [ 1036.	58463.	   70.	    8.	   50.]
 [    1.	  146.	 2542.	    0.	    0.]
 [   18.	    1.	    0.	 1493.	    0.]
 [    2.	  117.	    0.	    0.	11139.]
2025-10-17 12:19:33,285 - INFO - model saved 36 times, last saved epoch: 79.

2025-10-17 12:19:36,309 - INFO - Epoch 81, Train loss: 0.3944636074826121
2025-10-17 12:19:37,314 - INFO - mIoU: 0.9645; OA: 0.9844; AA: 0.9775; F1: 0.9818; Kappa: 0.9731;
2025-10-17 12:19:37,314 - INFO - spatial_LccAccuracy: 0.933; spatial_PA: 0.9826; spatial_UA: 0.9944; spatial_F1: 0.9885
2025-10-17 12:19:37,314 - INFO - temporal_CdAccuracy: 0.755; temporal_PA: 0.9605; temporal_UA: 0.9482; temporal_F1: 0.9543
2025-10-17 12:19:37,316 - INFO - Confusion Matrix
 [79166.	  770.	    8.	    1.	    9.]
 [ 1245.	58262.	   66.	    3.	   51.]
 [    3.	  148.	 2538.	    0.	    0.]
 [   15.	    9.	    0.	 1488.	    0.]
 [    2.	   84.	    0.	    0.	11172.]
2025-10-17 12:19:37,317 - INFO - model saved 36 times, last saved epoch: 79.

2025-10-17 12:19:40,650 - INFO - Epoch 82, Train loss: 0.3944682810455561
2025-10-17 12:19:41,564 - INFO - mIoU: 0.9644; OA: 0.9835; AA: 0.9775; F1: 0.9818; Kappa: 0.9715;
2025-10-17 12:19:41,565 - INFO - spatial_LccAccuracy: 0.9218; spatial_PA: 0.9803; spatial_UA: 0.9921; spatial_F1: 0.9862
2025-10-17 12:19:41,565 - INFO - temporal_CdAccuracy: 0.7512; temporal_PA: 0.9583; temporal_UA: 0.9442; temporal_F1: 0.9512
2025-10-17 12:19:41,566 - INFO - Confusion Matrix
 [79212.	  728.	    6.	    3.	    5.]
 [ 1455.	58062.	   69.	    0.	   41.]
 [    0.	  112.	 2577.	    0.	    0.]
 [   21.	   19.	    0.	 1472.	    0.]
 [    2.	  100.	    0.	    0.	11156.]
2025-10-17 12:19:41,567 - INFO - model saved 36 times, last saved epoch: 79.

2025-10-17 12:19:44,755 - INFO - Epoch 83, Train loss: 0.39529921635985377
2025-10-17 12:19:45,629 - INFO - mIoU: 0.9668; OA: 0.9845; AA: 0.9812; F1: 0.983; Kappa: 0.9732;
2025-10-17 12:19:45,630 - INFO - spatial_LccAccuracy: 0.9269; spatial_PA: 0.9853; spatial_UA: 0.9952; spatial_F1: 0.9902
2025-10-17 12:19:45,630 - INFO - temporal_CdAccuracy: 0.7523; temporal_PA: 0.9587; temporal_UA: 0.9461; temporal_F1: 0.9523
2025-10-17 12:19:45,631 - INFO - Confusion Matrix
 [78951.	  979.	    3.	    3.	   18.]
 [ 1041.	58459.	   87.	    3.	   37.]
 [    3.	  113.	 2573.	    0.	    0.]
 [   14.	    0.	    0.	 1498.	    0.]
 [    0.	  109.	    0.	    0.	11149.]
2025-10-17 12:19:45,632 - INFO - model saved 36 times, last saved epoch: 79.

2025-10-17 12:19:48,607 - INFO - Epoch 84, Train loss: 0.3944794757291675
2025-10-17 12:19:49,443 - INFO - mIoU: 0.9653; OA: 0.9847; AA: 0.9787; F1: 0.9822; Kappa: 0.9737;
2025-10-17 12:19:49,443 - INFO - spatial_LccAccuracy: 0.9303; spatial_PA: 0.9851; spatial_UA: 0.9942; spatial_F1: 0.9896
2025-10-17 12:19:49,444 - INFO - temporal_CdAccuracy: 0.7543; temporal_PA: 0.956; temporal_UA: 0.9491; temporal_F1: 0.9526
2025-10-17 12:19:49,444 - INFO - Confusion Matrix
 [78969.	  950.	    8.	    8.	   19.]
 [ 1024.	58497.	   57.	    3.	   46.]
 [    1.	  143.	 2545.	    0.	    0.]
 [   13.	    8.	    0.	 1491.	    0.]
 [    0.	   89.	    0.	    0.	11169.]
2025-10-17 12:19:49,445 - INFO - model saved 36 times, last saved epoch: 79.

2025-10-17 12:19:52,337 - INFO - Epoch 85, Train loss: 0.3938463987782598
2025-10-17 12:19:53,277 - INFO - mIoU: 0.9653; OA: 0.9842; AA: 0.9846; F1: 0.9822; Kappa: 0.9727;
2025-10-17 12:19:53,278 - INFO - spatial_LccAccuracy: 0.9253; spatial_PA: 0.9815; spatial_UA: 0.9933; spatial_F1: 0.9873
2025-10-17 12:19:53,278 - INFO - temporal_CdAccuracy: 0.7531; temporal_PA: 0.9586; temporal_UA: 0.9474; temporal_F1: 0.953
2025-10-17 12:19:53,279 - INFO - Confusion Matrix
 [78976.	  941.	    7.	    5.	   25.]
 [ 1108.	58300.	  143.	    3.	   73.]
 [    2.	   58.	 2629.	    0.	    0.]
 [   15.	    6.	    0.	 1491.	    0.]
 [    1.	   70.	    0.	    0.	11187.]
2025-10-17 12:19:53,280 - INFO - model saved 36 times, last saved epoch: 79.

2025-10-17 12:19:56,222 - INFO - Epoch 86, Train loss: 0.39376294016838076
2025-10-17 12:19:57,095 - INFO - mIoU: 0.9607; OA: 0.9836; AA: 0.9742; F1: 0.9798; Kappa: 0.9717;
2025-10-17 12:19:57,095 - INFO - spatial_LccAccuracy: 0.9245; spatial_PA: 0.9817; spatial_UA: 0.9942; spatial_F1: 0.9879
2025-10-17 12:19:57,096 - INFO - temporal_CdAccuracy: 0.7531; temporal_PA: 0.9579; temporal_UA: 0.9464; temporal_F1: 0.9521
2025-10-17 12:19:57,096 - INFO - Confusion Matrix
 [78740.	 1181.	    7.	    6.	   20.]
 [  851.	58678.	   62.	    0.	   36.]
 [    2.	  159.	 2528.	    0.	    0.]
 [   11.	   21.	    0.	 1480.	    0.]
 [    2.	  186.	    0.	    0.	11070.]
2025-10-17 12:19:57,098 - INFO - model saved 36 times, last saved epoch: 79.

2025-10-17 12:20:00,290 - INFO - Epoch 87, Train loss: 0.39365528654307125
2025-10-17 12:20:01,238 - INFO - mIoU: 0.9606; OA: 0.9826; AA: 0.9857; F1: 0.9798; Kappa: 0.97;
2025-10-17 12:20:01,238 - INFO - spatial_LccAccuracy: 0.9176; spatial_PA: 0.9812; spatial_UA: 0.9923; spatial_F1: 0.9867
2025-10-17 12:20:01,238 - INFO - temporal_CdAccuracy: 0.745; temporal_PA: 0.957; temporal_UA: 0.9416; temporal_F1: 0.9492
2025-10-17 12:20:01,239 - INFO - Confusion Matrix
 [79109.	  786.	    7.	    3.	   49.]
 [ 1436.	57880.	  184.	   20.	  107.]
 [    2.	   41.	 2646.	    0.	    0.]
 [   17.	    0.	    0.	 1495.	    0.]
 [    0.	   50.	    0.	    0.	11208.]
2025-10-17 12:20:01,240 - INFO - model saved 36 times, last saved epoch: 79.

2025-10-17 12:20:04,354 - INFO - Epoch 88, Train loss: 0.3943074133247137
2025-10-17 12:20:05,168 - INFO - mIoU: 0.9662; OA: 0.9838; AA: 0.9807; F1: 0.9827; Kappa: 0.9721;
2025-10-17 12:20:05,168 - INFO - spatial_LccAccuracy: 0.9296; spatial_PA: 0.9856; spatial_UA: 0.9961; spatial_F1: 0.9908
2025-10-17 12:20:05,168 - INFO - temporal_CdAccuracy: 0.7523; temporal_PA: 0.9556; temporal_UA: 0.9455; temporal_F1: 0.9506
2025-10-17 12:20:05,169 - INFO - Confusion Matrix
 [78794.	 1126.	    1.	    5.	   28.]
 [  992.	58510.	   66.	    8.	   51.]
 [    3.	  121.	 2565.	    0.	    0.]
 [   12.	    0.	    0.	 1500.	    0.]
 [    0.	  101.	    0.	    0.	11157.]
2025-10-17 12:20:05,170 - INFO - model saved 36 times, last saved epoch: 79.

2025-10-17 12:20:08,226 - INFO - Epoch 89, Train loss: 0.3932076567783952
2025-10-17 12:20:09,186 - INFO - mIoU: 0.965; OA: 0.9846; AA: 0.9773; F1: 0.9821; Kappa: 0.9735;
2025-10-17 12:20:09,186 - INFO - spatial_LccAccuracy: 0.9284; spatial_PA: 0.9808; spatial_UA: 0.9939; spatial_F1: 0.9873
2025-10-17 12:20:09,186 - INFO - temporal_CdAccuracy: 0.7558; temporal_PA: 0.9596; temporal_UA: 0.9508; temporal_F1: 0.9552
2025-10-17 12:20:09,187 - INFO - Confusion Matrix
 [79151.	  779.	    4.	    3.	   17.]
 [ 1188.	58335.	   55.	    3.	   46.]
 [    7.	  149.	 2533.	    0.	    0.]
 [   14.	    7.	    0.	 1491.	    0.]
 [    1.	  112.	    0.	    0.	11145.]
2025-10-17 12:20:09,188 - INFO - model saved 36 times, last saved epoch: 79.

2025-10-17 12:20:12,205 - INFO - Epoch 90, Train loss: 0.3929118726402521
2025-10-17 12:20:13,156 - INFO - mIoU: 0.963; OA: 0.9831; AA: 0.9823; F1: 0.981; Kappa: 0.9709;
2025-10-17 12:20:13,156 - INFO - spatial_LccAccuracy: 0.9203; spatial_PA: 0.9896; spatial_UA: 0.9955; spatial_F1: 0.9925
2025-10-17 12:20:13,157 - INFO - temporal_CdAccuracy: 0.7415; temporal_PA: 0.9598; temporal_UA: 0.9402; temporal_F1: 0.9499
2025-10-17 12:20:13,157 - INFO - Confusion Matrix
 [78549.	 1341.	    6.	    0.	   58.]
 [  835.	58603.	  122.	   12.	   55.]
 [    3.	   79.	 2607.	    0.	    0.]
 [   23.	    0.	    0.	 1489.	    0.]
 [    0.	   92.	    0.	    0.	11166.]
2025-10-17 12:20:13,159 - INFO - model saved 36 times, last saved epoch: 79.

2025-10-17 12:20:16,096 - INFO - Epoch 91, Train loss: 0.39527939856052396
2025-10-17 12:20:16,916 - INFO - mIoU: 0.9688; OA: 0.9851; AA: 0.9856; F1: 0.9841; Kappa: 0.9744;
2025-10-17 12:20:16,916 - INFO - spatial_LccAccuracy: 0.9323; spatial_PA: 0.9878; spatial_UA: 0.995; spatial_F1: 0.9914
2025-10-17 12:20:16,916 - INFO - temporal_CdAccuracy: 0.7543; temporal_PA: 0.9652; temporal_UA: 0.948; temporal_F1: 0.9565
2025-10-17 12:20:16,917 - INFO - Confusion Matrix
 [78998.	  929.	    6.	    9.	   12.]
 [ 1020.	58432.	   90.	   11.	   74.]
 [    0.	   66.	 2623.	    0.	    0.]
 [   11.	    3.	    0.	 1498.	    0.]
 [    0.	   72.	    0.	    0.	11186.]
2025-10-17 12:20:16,980 - INFO - Epoch 91 saved.
2025-10-17 12:20:16,981 - INFO - model saved 37 times, last saved epoch: 91.

2025-10-17 12:20:20,120 - INFO - Epoch 92, Train loss: 0.39298963602632286
2025-10-17 12:20:20,991 - INFO - mIoU: 0.9664; OA: 0.9842; AA: 0.9866; F1: 0.9828; Kappa: 0.9729;
2025-10-17 12:20:20,991 - INFO - spatial_LccAccuracy: 0.9276; spatial_PA: 0.9882; spatial_UA: 0.9934; spatial_F1: 0.9908
2025-10-17 12:20:20,991 - INFO - temporal_CdAccuracy: 0.7446; temporal_PA: 0.9643; temporal_UA: 0.9437; temporal_F1: 0.9539
2025-10-17 12:20:20,992 - INFO - Confusion Matrix
 [78963.	  934.	    5.	    3.	   49.]
 [ 1099.	58311.	  145.	   11.	   61.]
 [    2.	   39.	 2648.	    0.	    0.]
 [   14.	    1.	    0.	 1497.	    0.]
 [    0.	   81.	    0.	    0.	11177.]
2025-10-17 12:20:20,993 - INFO - model saved 37 times, last saved epoch: 91.

2025-10-17 12:20:24,253 - INFO - Epoch 93, Train loss: 0.3940460590645671
2025-10-17 12:20:25,131 - INFO - mIoU: 0.9661; OA: 0.9832; AA: 0.9854; F1: 0.9827; Kappa: 0.9712;
2025-10-17 12:20:25,131 - INFO - spatial_LccAccuracy: 0.9284; spatial_PA: 0.9884; spatial_UA: 0.9943; spatial_F1: 0.9914
2025-10-17 12:20:25,132 - INFO - temporal_CdAccuracy: 0.7488; temporal_PA: 0.9571; temporal_UA: 0.9442; temporal_F1: 0.9506
2025-10-17 12:20:25,133 - INFO - Confusion Matrix
 [78458.	 1432.	    6.	    2.	   56.]
 [  759.	58675.	  118.	   11.	   64.]
 [    1.	   54.	 2634.	    0.	    0.]
 [   16.	    0.	    0.	 1496.	    0.]
 [    0.	   80.	    0.	    0.	11178.]
2025-10-17 12:20:25,133 - INFO - model saved 37 times, last saved epoch: 91.

2025-10-17 12:20:28,183 - INFO - Epoch 94, Train loss: 0.3931151943281293
2025-10-17 12:20:29,021 - INFO - mIoU: 0.9663; OA: 0.9845; AA: 0.9807; F1: 0.9827; Kappa: 0.9732;
2025-10-17 12:20:29,022 - INFO - spatial_LccAccuracy: 0.9307; spatial_PA: 0.9844; spatial_UA: 0.9949; spatial_F1: 0.9896
2025-10-17 12:20:29,022 - INFO - temporal_CdAccuracy: 0.7546; temporal_PA: 0.9574; temporal_UA: 0.9469; temporal_F1: 0.9521
2025-10-17 12:20:29,023 - INFO - Confusion Matrix
 [79088.	  814.	    3.	    3.	   46.]
 [ 1191.	58302.	   80.	    3.	   51.]
 [    6.	  106.	 2577.	    0.	    0.]
 [   16.	    6.	    0.	 1490.	    0.]
 [    0.	   83.	    0.	    0.	11175.]
2025-10-17 12:20:29,024 - INFO - model saved 37 times, last saved epoch: 91.

2025-10-17 12:20:31,862 - INFO - Epoch 95, Train loss: 0.39260289277881383
2025-10-17 12:20:32,696 - INFO - mIoU: 0.9665; OA: 0.9834; AA: 0.9856; F1: 0.9829; Kappa: 0.9713;
2025-10-17 12:20:32,696 - INFO - spatial_LccAccuracy: 0.9265; spatial_PA: 0.9893; spatial_UA: 0.9912; spatial_F1: 0.9902
2025-10-17 12:20:32,696 - INFO - temporal_CdAccuracy: 0.7481; temporal_PA: 0.9617; temporal_UA: 0.943; temporal_F1: 0.9522
2025-10-17 12:20:32,697 - INFO - Confusion Matrix
 [78679.	 1213.	    6.	    2.	   54.]
 [  980.	58462.	  105.	   18.	   62.]
 [    0.	   52.	 2637.	    0.	    0.]
 [   16.	    0.	    0.	 1496.	    0.]
 [    0.	   73.	    0.	    0.	11185.]
2025-10-17 12:20:32,698 - INFO - model saved 37 times, last saved epoch: 91.

2025-10-17 12:20:35,587 - INFO - Epoch 96, Train loss: 0.39419623762369155
2025-10-17 12:20:36,440 - INFO - mIoU: 0.9682; OA: 0.985; AA: 0.9833; F1: 0.9838; Kappa: 0.9741;
2025-10-17 12:20:36,440 - INFO - spatial_LccAccuracy: 0.928; spatial_PA: 0.9844; spatial_UA: 0.9949; spatial_F1: 0.9896
2025-10-17 12:20:36,440 - INFO - temporal_CdAccuracy: 0.7519; temporal_PA: 0.9627; temporal_UA: 0.9452; temporal_F1: 0.9539
2025-10-17 12:20:36,441 - INFO - Confusion Matrix
 [78985.	  927.	    5.	    5.	   32.]
 [ 1015.	58464.	   80.	    6.	   62.]
 [    1.	   87.	 2601.	    0.	    0.]
 [   11.	    6.	    0.	 1495.	    0.]
 [    0.	   90.	    0.	    0.	11168.]
2025-10-17 12:20:36,442 - INFO - model saved 37 times, last saved epoch: 91.

2025-10-17 12:20:39,641 - INFO - Epoch 97, Train loss: 0.39250755924731495
2025-10-17 12:20:40,457 - INFO - mIoU: 0.9648; OA: 0.9834; AA: 0.9839; F1: 0.982; Kappa: 0.9713;
2025-10-17 12:20:40,457 - INFO - spatial_LccAccuracy: 0.9292; spatial_PA: 0.9886; spatial_UA: 0.9918; spatial_F1: 0.9902
2025-10-17 12:20:40,457 - INFO - temporal_CdAccuracy: 0.7531; temporal_PA: 0.962; temporal_UA: 0.9487; temporal_F1: 0.9553
2025-10-17 12:20:40,458 - INFO - Confusion Matrix
 [79252.	  676.	    5.	    0.	   21.]
 [ 1508.	57926.	  125.	   19.	   49.]
 [    2.	   51.	 2636.	    0.	    0.]
 [   22.	    0.	    0.	 1490.	    0.]
 [    2.	   99.	    0.	    0.	11157.]
2025-10-17 12:20:40,459 - INFO - model saved 37 times, last saved epoch: 91.

2025-10-17 12:20:43,587 - INFO - Epoch 98, Train loss: 0.39291904848068954
2025-10-17 12:20:44,508 - INFO - mIoU: 0.9662; OA: 0.9835; AA: 0.9819; F1: 0.9827; Kappa: 0.9716;
2025-10-17 12:20:44,508 - INFO - spatial_LccAccuracy: 0.9284; spatial_PA: 0.9852; spatial_UA: 0.9917; spatial_F1: 0.9885
2025-10-17 12:20:44,508 - INFO - temporal_CdAccuracy: 0.7543; temporal_PA: 0.9552; temporal_UA: 0.9485; temporal_F1: 0.9518
2025-10-17 12:20:44,509 - INFO - Confusion Matrix
 [79418.	  528.	    4.	    0.	    4.]
 [ 1674.	57782.	  104.	    6.	   61.]
 [    4.	   61.	 2624.	    0.	    0.]
 [   27.	    6.	    0.	 1479.	    0.]
 [    5.	   72.	    0.	    0.	11181.]
2025-10-17 12:20:44,510 - INFO - model saved 37 times, last saved epoch: 91.

2025-10-17 12:20:47,734 - INFO - Epoch 99, Train loss: 0.3921239485964179
2025-10-17 12:20:48,557 - INFO - mIoU: 0.9665; OA: 0.9847; AA: 0.9824; F1: 0.9829; Kappa: 0.9736;
2025-10-17 12:20:48,557 - INFO - spatial_LccAccuracy: 0.9334; spatial_PA: 0.9871; spatial_UA: 0.9956; spatial_F1: 0.9914
2025-10-17 12:20:48,557 - INFO - temporal_CdAccuracy: 0.7581; temporal_PA: 0.9604; temporal_UA: 0.9508; temporal_F1: 0.9556
2025-10-17 12:20:48,558 - INFO - Confusion Matrix
 [79103.	  823.	    6.	    1.	   21.]
 [ 1161.	58304.	   92.	   11.	   59.]
 [    3.	   84.	 2602.	    0.	    0.]
 [   16.	    6.	    0.	 1490.	    0.]
 [    3.	   92.	    0.	    0.	11163.]
2025-10-17 12:20:48,559 - INFO - model saved 37 times, last saved epoch: 91.

2025-10-17 12:20:51,367 - INFO - Epoch 100, Train loss: 0.3921883275732398
2025-10-17 12:20:52,202 - INFO - mIoU: 0.9687; OA: 0.9851; AA: 0.9834; F1: 0.984; Kappa: 0.9743;
2025-10-17 12:20:52,203 - INFO - spatial_LccAccuracy: 0.9284; spatial_PA: 0.9838; spatial_UA: 0.9956; spatial_F1: 0.9896
2025-10-17 12:20:52,203 - INFO - temporal_CdAccuracy: 0.757; temporal_PA: 0.9578; temporal_UA: 0.9489; temporal_F1: 0.9533
2025-10-17 12:20:52,204 - INFO - Confusion Matrix
 [79058.	  878.	    5.	    5.	    8.]
 [ 1079.	58387.	   77.	    6.	   78.]
 [    1.	   91.	 2597.	    0.	    0.]
 [   11.	    5.	    0.	 1496.	    0.]
 [    4.	   66.	    0.	    0.	11188.]
2025-10-17 12:20:52,205 - INFO - model saved 37 times, last saved epoch: 91.

2025-10-17 12:20:54,827 - INFO - Epoch 101, Train loss: 0.39245299696922303
2025-10-17 12:20:55,636 - INFO - mIoU: 0.9676; OA: 0.9848; AA: 0.9829; F1: 0.9835; Kappa: 0.9738;
2025-10-17 12:20:55,636 - INFO - spatial_LccAccuracy: 0.928; spatial_PA: 0.9847; spatial_UA: 0.9958; spatial_F1: 0.9902
2025-10-17 12:20:55,636 - INFO - temporal_CdAccuracy: 0.7469; temporal_PA: 0.9669; temporal_UA: 0.9408; temporal_F1: 0.9537
2025-10-17 12:20:55,638 - INFO - Confusion Matrix
 [79165.	  748.	    5.	    2.	   34.]
 [ 1245.	58227.	   84.	    9.	   62.]
 [    2.	   88.	 2599.	    0.	    0.]
 [   15.	    6.	    0.	 1491.	    0.]
 [    2.	   53.	    0.	    0.	11203.]
2025-10-17 12:20:55,639 - INFO - model saved 37 times, last saved epoch: 91.

2025-10-17 12:20:58,293 - INFO - Epoch 102, Train loss: 0.3921785715967417
2025-10-17 12:20:59,094 - INFO - mIoU: 0.9668; OA: 0.9844; AA: 0.985; F1: 0.9831; Kappa: 0.9731;
2025-10-17 12:20:59,094 - INFO - spatial_LccAccuracy: 0.9303; spatial_PA: 0.9871; spatial_UA: 0.9956; spatial_F1: 0.9914
2025-10-17 12:20:59,094 - INFO - temporal_CdAccuracy: 0.757; temporal_PA: 0.9567; temporal_UA: 0.9486; temporal_F1: 0.9526
2025-10-17 12:20:59,095 - INFO - Confusion Matrix
 [78801.	 1098.	    5.	    3.	   47.]
 [  919.	58510.	  122.	    5.	   71.]
 [    4.	   48.	 2637.	    0.	    0.]
 [   16.	    7.	    0.	 1489.	    0.]
 [    0.	   81.	    0.	    0.	11177.]
2025-10-17 12:20:59,096 - INFO - model saved 37 times, last saved epoch: 91.

2025-10-17 12:21:01,722 - INFO - Epoch 103, Train loss: 0.39261054433882236
2025-10-17 12:21:02,553 - INFO - mIoU: 0.9604; OA: 0.9842; AA: 0.988; F1: 0.9796; Kappa: 0.9727;
2025-10-17 12:21:02,553 - INFO - spatial_LccAccuracy: 0.9257; spatial_PA: 0.9838; spatial_UA: 0.9956; spatial_F1: 0.9896
2025-10-17 12:21:02,553 - INFO - temporal_CdAccuracy: 0.75; temporal_PA: 0.9639; temporal_UA: 0.9444; temporal_F1: 0.9541
2025-10-17 12:21:02,554 - INFO - Confusion Matrix
 [78989.	  892.	    7.	   10.	   56.]
 [ 1064.	58239.	  242.	   12.	   70.]
 [    0.	   28.	 2661.	    0.	    0.]
 [   13.	    0.	    0.	 1499.	    0.]
 [    0.	   61.	    0.	    0.	11197.]
2025-10-17 12:21:02,555 - INFO - model saved 37 times, last saved epoch: 91.

2025-10-17 12:21:05,623 - INFO - Epoch 104, Train loss: 0.3926505697891116
2025-10-17 12:21:06,477 - INFO - mIoU: 0.9607; OA: 0.9843; AA: 0.9735; F1: 0.9798; Kappa: 0.9729;
2025-10-17 12:21:06,477 - INFO - spatial_LccAccuracy: 0.9276; spatial_PA: 0.986; spatial_UA: 0.9945; spatial_F1: 0.9902
2025-10-17 12:21:06,478 - INFO - temporal_CdAccuracy: 0.7574; temporal_PA: 0.9625; temporal_UA: 0.95; temporal_F1: 0.9562
2025-10-17 12:21:06,478 - INFO - Confusion Matrix
 [79174.	  726.	    3.	    4.	   47.]
 [ 1245.	58278.	   54.	    3.	   47.]
 [    6.	  182.	 2501.	    0.	    0.]
 [   22.	   12.	    0.	 1478.	    0.]
 [    6.	   83.	    0.	    0.	11169.]
2025-10-17 12:21:06,479 - INFO - model saved 37 times, last saved epoch: 91.

