2025-10-17 11:38:11,608 - INFO - Epoch 0, Train loss: 2.2091508984565733
2025-10-17 11:38:12,711 - INFO - mIoU: 0.0447; OA: 0.0771; AA: 0.2092; F1: 0.0826; Kappa: 0.0272;
2025-10-17 11:38:12,711 - INFO - spatial_LccAccuracy: 0.0; spatial_PA: 0.5116; spatial_UA: 0.638; spatial_F1: 0.5678
2025-10-17 11:38:12,711 - INFO - temporal_CdAccuracy: 0.007; temporal_PA: 0.5936; temporal_UA: 0.5179; temporal_F1: 0.5532
2025-10-17 11:38:12,712 - INFO - Confusion Matrix
 [ 1059.	 2321.	49219.	12758.	14597.]
 [  501.	 5560.	29136.	13239.	11191.]
 [   52.	  114.	 1400.	  610.	  513.]
 [    5.	    9.	 1262.	  122.	  114.]
 [   46.	   95.	 5765.	 1545.	 3807.]
2025-10-17 11:38:12,784 - INFO - Epoch 0 saved.
2025-10-17 11:38:12,785 - INFO - model saved 1 times, last saved epoch: 0.

2025-10-17 11:38:15,735 - INFO - Epoch 1, Train loss: 2.1390975385904314
2025-10-17 11:38:17,013 - INFO - mIoU: 0.1151; OA: 0.239; AA: 0.2716; F1: 0.1882; Kappa: 0.1074;
2025-10-17 11:38:17,013 - INFO - spatial_LccAccuracy: 0.0; spatial_PA: 0.5; spatial_UA: 0.6428; spatial_F1: 0.5625
2025-10-17 11:38:17,013 - INFO - temporal_CdAccuracy: 0.0; temporal_PA: 0.6341; temporal_UA: 0.5196; temporal_F1: 0.5712
2025-10-17 11:38:17,013 - INFO - Confusion Matrix
 [ 7231.	11533.	37019.	 8970.	15201.]
 [ 2450.	23684.	16332.	 8250.	 8911.]
 [  178.	  826.	  920.	  353.	  412.]
 [   35.	   62.	 1144.	  113.	  158.]
 [  471.	  657.	 4208.	  818.	 5104.]
2025-10-17 11:38:17,073 - INFO - Epoch 1 saved.
2025-10-17 11:38:17,074 - INFO - model saved 2 times, last saved epoch: 1.

2025-10-17 11:38:20,115 - INFO - Epoch 2, Train loss: 1.925981655716896
2025-10-17 11:38:21,289 - INFO - mIoU: 0.2326; OA: 0.6068; AA: 0.33; F1: 0.3302; Kappa: 0.3361;
2025-10-17 11:38:21,289 - INFO - spatial_LccAccuracy: 0.0; spatial_PA: 0.5; spatial_UA: 0.6428; spatial_F1: 0.5625
2025-10-17 11:38:21,289 - INFO - temporal_CdAccuracy: 0.0; temporal_PA: 0.5841; temporal_UA: 0.5205; temporal_F1: 0.5505
2025-10-17 11:38:21,290 - INFO - Confusion Matrix
 [44592.	28139.	 2967.	  114.	 4142.]
 [10636.	46472.	 1117.	  122.	 1280.]
 [  462.	 2053.	   90.	   20.	   64.]
 [  914.	  296.	  130.	   34.	  138.]
 [ 5496.	 2331.	  523.	   15.	 2893.]
2025-10-17 11:38:21,359 - INFO - Epoch 2 saved.
2025-10-17 11:38:21,360 - INFO - model saved 3 times, last saved epoch: 2.

2025-10-17 11:38:24,324 - INFO - Epoch 3, Train loss: 1.5133000068366527
2025-10-17 11:38:25,548 - INFO - mIoU: 0.2959; OA: 0.7429; AA: 0.3657; F1: 0.4785; Kappa: 0.5245;
2025-10-17 11:38:25,548 - INFO - spatial_LccAccuracy: 0.0023; spatial_PA: 0.5; spatial_UA: 0.6428; spatial_F1: 0.5625
2025-10-17 11:38:25,548 - INFO - temporal_CdAccuracy: 0.0; temporal_PA: 0.5654; temporal_UA: 0.5234; temporal_F1: 0.5436
2025-10-17 11:38:25,548 - INFO - Confusion Matrix
 [69896.	 9529.	  220.	    0.	  309.]
 [16953.	42605.	   59.	    0.	   10.]
 [  362.	 2322.	    5.	    0.	    0.]
 [ 1378.	  133.	    0.	    0.	    1.]
 [ 8087.	  382.	  112.	    0.	 2677.]
2025-10-17 11:38:25,610 - INFO - Epoch 3 saved.
2025-10-17 11:38:25,610 - INFO - model saved 4 times, last saved epoch: 3.

2025-10-17 11:38:29,021 - INFO - Epoch 4, Train loss: 1.198894116654992
2025-10-17 11:38:30,149 - INFO - mIoU: 0.4793; OA: 0.8632; AA: 0.5281; F1: 0.8874; Kappa: 0.7585;
2025-10-17 11:38:30,149 - INFO - spatial_LccAccuracy: 0.1726; spatial_PA: 0.8439; spatial_UA: 0.9272; spatial_F1: 0.8836
2025-10-17 11:38:30,149 - INFO - temporal_CdAccuracy: 0.1529; temporal_PA: 0.602; temporal_UA: 0.5605; temporal_F1: 0.5805
2025-10-17 11:38:30,149 - INFO - Confusion Matrix
 [71452.	 8433.	    2.	    0.	   67.]
 [ 6980.	52647.	    0.	    0.	    0.]
 [  221.	 2468.	    0.	    0.	    0.]
 [ 1355.	  157.	    0.	    0.	    0.]
 [ 1178.	  352.	    1.	    0.	 9727.]
2025-10-17 11:38:30,210 - INFO - Epoch 4 saved.
2025-10-17 11:38:30,210 - INFO - model saved 5 times, last saved epoch: 4.

2025-10-17 11:38:33,253 - INFO - Epoch 5, Train loss: 0.7714539762586355
2025-10-17 11:38:34,377 - INFO - mIoU: 0.5122; OA: 0.9006; AA: 0.5502; F1: 0.6929; Kappa: 0.8245;
2025-10-17 11:38:34,377 - INFO - spatial_LccAccuracy: 0.3491; spatial_PA: 0.9052; spatial_UA: 0.8644; spatial_F1: 0.8843
2025-10-17 11:38:34,377 - INFO - temporal_CdAccuracy: 0.2709; temporal_PA: 0.6348; temporal_UA: 0.619; temporal_F1: 0.6268
2025-10-17 11:38:34,378 - INFO - Confusion Matrix
 [75046.	 4881.	    3.	    0.	   24.]
 [ 5090.	54536.	    1.	    0.	    0.]
 [  180.	 2489.	   18.	    2.	    0.]
 [  975.	  537.	    0.	    0.	    0.]
 [  907.	  319.	    0.	    0.	10032.]
2025-10-17 11:38:34,455 - INFO - Epoch 5 saved.
2025-10-17 11:38:34,455 - INFO - model saved 6 times, last saved epoch: 5.

2025-10-17 11:38:37,648 - INFO - Epoch 6, Train loss: 0.6989016152918339
2025-10-17 11:38:38,762 - INFO - mIoU: 0.56; OA: 0.9159; AA: 0.5931; F1: 0.777; Kappa: 0.8515;
2025-10-17 11:38:38,763 - INFO - spatial_LccAccuracy: 0.5519; spatial_PA: 0.9084; spatial_UA: 0.8521; spatial_F1: 0.8794
2025-10-17 11:38:38,763 - INFO - temporal_CdAccuracy: 0.3889; temporal_PA: 0.6508; temporal_UA: 0.6696; temporal_F1: 0.6601
2025-10-17 11:38:38,763 - INFO - Confusion Matrix
 [76655.	 3255.	    3.	    0.	   41.]
 [ 4901.	54708.	   18.	    0.	    0.]
 [  400.	 1780.	  509.	    0.	    0.]
 [  994.	  513.	    5.	    0.	    0.]
 [  882.	  244.	    1.	    0.	10131.]
2025-10-17 11:38:38,846 - INFO - Epoch 6 saved.
2025-10-17 11:38:38,846 - INFO - model saved 7 times, last saved epoch: 6.

2025-10-17 11:38:42,250 - INFO - Epoch 7, Train loss: 0.6544573429971934
2025-10-17 11:38:43,539 - INFO - mIoU: 0.6211; OA: 0.929; AA: 0.6511; F1: 0.6944; Kappa: 0.8753;
2025-10-17 11:38:43,539 - INFO - spatial_LccAccuracy: 0.6049; spatial_PA: 0.9161; spatial_UA: 0.8715; spatial_F1: 0.8933
2025-10-17 11:38:43,539 - INFO - temporal_CdAccuracy: 0.4512; temporal_PA: 0.6895; temporal_UA: 0.7202; temporal_F1: 0.7045
2025-10-17 11:38:43,539 - INFO - Confusion Matrix
 [76595.	 3305.	    4.	    0.	   50.]
 [ 3523.	56072.	   28.	    3.	    1.]
 [  170.	 1407.	 1112.	    0.	    0.]
 [  887.	  561.	    6.	   58.	    0.]
 [  792.	  271.	    1.	    1.	10193.]
2025-10-17 11:38:43,601 - INFO - Epoch 7 saved.
2025-10-17 11:38:43,601 - INFO - model saved 8 times, last saved epoch: 7.

2025-10-17 11:38:46,901 - INFO - Epoch 8, Train loss: 0.6206843495368958
2025-10-17 11:38:48,382 - INFO - mIoU: 0.6831; OA: 0.9388; AA: 0.711; F1: 0.7535; Kappa: 0.8928;
2025-10-17 11:38:48,382 - INFO - spatial_LccAccuracy: 0.6246; spatial_PA: 0.9133; spatial_UA: 0.8716; spatial_F1: 0.8919
2025-10-17 11:38:48,382 - INFO - temporal_CdAccuracy: 0.4946; temporal_PA: 0.7313; temporal_UA: 0.763; temporal_F1: 0.7468
2025-10-17 11:38:48,383 - INFO - Confusion Matrix
 [77293.	 2600.	    8.	    0.	   53.]
 [ 3437.	56139.	   44.	    5.	    2.]
 [   82.	  834.	 1773.	    0.	    0.]
 [  799.	  591.	    3.	  119.	    0.]
 [  776.	  252.	    1.	    1.	10228.]
2025-10-17 11:38:48,450 - INFO - Epoch 8 saved.
2025-10-17 11:38:48,451 - INFO - model saved 9 times, last saved epoch: 8.

2025-10-17 11:38:51,736 - INFO - Epoch 9, Train loss: 0.5959312666207552
2025-10-17 11:38:52,871 - INFO - mIoU: 0.7449; OA: 0.9462; AA: 0.7727; F1: 0.8227; Kappa: 0.9061;
2025-10-17 11:38:52,871 - INFO - spatial_LccAccuracy: 0.6656; spatial_PA: 0.9179; spatial_UA: 0.8724; spatial_F1: 0.8946
2025-10-17 11:38:52,871 - INFO - temporal_CdAccuracy: 0.5077; temporal_PA: 0.7501; temporal_UA: 0.7784; temporal_F1: 0.764
2025-10-17 11:38:52,871 - INFO - Confusion Matrix
 [77892.	 1993.	   12.	    0.	   57.]
 [ 3506.	56031.	   74.	   13.	    3.]
 [   57.	  528.	 2104.	    0.	    0.]
 [  729.	  393.	    8.	  382.	    0.]
 [  734.	  226.	    3.	    0.	10295.]
2025-10-17 11:38:52,931 - INFO - Epoch 9 saved.
2025-10-17 11:38:52,932 - INFO - model saved 10 times, last saved epoch: 9.

2025-10-17 11:38:56,071 - INFO - Epoch 10, Train loss: 0.5711579922586679
2025-10-17 11:38:57,357 - INFO - mIoU: 0.7709; OA: 0.9509; AA: 0.7969; F1: 0.8476; Kappa: 0.9147;
2025-10-17 11:38:57,358 - INFO - spatial_LccAccuracy: 0.692; spatial_PA: 0.9303; spatial_UA: 0.8944; spatial_F1: 0.912
2025-10-17 11:38:57,358 - INFO - temporal_CdAccuracy: 0.5441; temporal_PA: 0.7829; temporal_UA: 0.8073; temporal_F1: 0.7949
2025-10-17 11:38:57,359 - INFO - Confusion Matrix
 [77048.	 2828.	   12.	    6.	   60.]
 [ 2215.	57342.	   51.	   12.	    7.]
 [   14.	  507.	 2168.	    0.	    0.]
 [  452.	  556.	    3.	  501.	    0.]
 [  570.	  314.	    1.	    0.	10373.]
2025-10-17 11:38:57,425 - INFO - Epoch 10 saved.
2025-10-17 11:38:57,425 - INFO - model saved 11 times, last saved epoch: 10.

2025-10-17 11:39:00,102 - INFO - Epoch 11, Train loss: 0.5524563957005739
2025-10-17 11:39:01,185 - INFO - mIoU: 0.8264; OA: 0.957; AA: 0.8543; F1: 0.8961; Kappa: 0.9252;
2025-10-17 11:39:01,186 - INFO - spatial_LccAccuracy: 0.7337; spatial_PA: 0.9231; spatial_UA: 0.8743; spatial_F1: 0.8981
2025-10-17 11:39:01,186 - INFO - temporal_CdAccuracy: 0.5755; temporal_PA: 0.8109; temporal_UA: 0.8314; temporal_F1: 0.821
2025-10-17 11:39:01,186 - INFO - Confusion Matrix
 [78131.	 1741.	   14.	    9.	   59.]
 [ 2890.	56585.	   88.	   37.	   27.]
 [   29.	  320.	 2340.	    0.	    0.]
 [  603.	   87.	    2.	  820.	    0.]
 [  569.	  189.	    1.	    0.	10499.]
2025-10-17 11:39:01,263 - INFO - Epoch 11 saved.
2025-10-17 11:39:01,264 - INFO - model saved 12 times, last saved epoch: 11.

2025-10-17 11:39:04,448 - INFO - Epoch 12, Train loss: 0.5256812710314989
2025-10-17 11:39:05,749 - INFO - mIoU: 0.8475; OA: 0.961; AA: 0.8749; F1: 0.9112; Kappa: 0.9324;
2025-10-17 11:39:05,750 - INFO - spatial_LccAccuracy: 0.7531; spatial_PA: 0.9397; spatial_UA: 0.9012; spatial_F1: 0.9201
2025-10-17 11:39:05,750 - INFO - temporal_CdAccuracy: 0.5998; temporal_PA: 0.8361; temporal_UA: 0.845; temporal_F1: 0.8405
2025-10-17 11:39:05,750 - INFO - Confusion Matrix
 [78178.	 1694.	    7.	   12.	   63.]
 [ 2581.	56882.	   62.	   65.	   37.]
 [   21.	  305.	 2362.	    0.	    1.]
 [  485.	   90.	    1.	  936.	    0.]
 [  421.	  197.	    0.	    0.	10640.]
2025-10-17 11:39:05,810 - INFO - Epoch 12 saved.
2025-10-17 11:39:05,811 - INFO - model saved 13 times, last saved epoch: 12.

2025-10-17 11:39:08,650 - INFO - Epoch 13, Train loss: 0.5063954886049032
2025-10-17 11:39:09,787 - INFO - mIoU: 0.8631; OA: 0.9647; AA: 0.8892; F1: 0.9222; Kappa: 0.9388;
2025-10-17 11:39:09,787 - INFO - spatial_LccAccuracy: 0.7717; spatial_PA: 0.9486; spatial_UA: 0.944; spatial_F1: 0.9463
2025-10-17 11:39:09,788 - INFO - temporal_CdAccuracy: 0.6312; temporal_PA: 0.8602; temporal_UA: 0.8622; temporal_F1: 0.8612
2025-10-17 11:39:09,788 - INFO - Confusion Matrix
 [78231.	 1648.	    4.	   12.	   59.]
 [ 2245.	57230.	   55.	   67.	   30.]
 [   16.	  312.	 2361.	    0.	    0.]
 [  285.	  202.	    0.	 1025.	    0.]
 [  308.	  232.	    0.	    0.	10718.]
2025-10-17 11:39:09,849 - INFO - Epoch 13 saved.
2025-10-17 11:39:09,849 - INFO - model saved 14 times, last saved epoch: 13.

2025-10-17 11:39:13,558 - INFO - Epoch 14, Train loss: 0.4955996908247471
2025-10-17 11:39:14,484 - INFO - mIoU: 0.8818; OA: 0.9668; AA: 0.9151; F1: 0.9344; Kappa: 0.9428;
2025-10-17 11:39:14,484 - INFO - spatial_LccAccuracy: 0.7941; spatial_PA: 0.9668; spatial_UA: 0.9789; spatial_F1: 0.9728
2025-10-17 11:39:14,484 - INFO - temporal_CdAccuracy: 0.6393; temporal_PA: 0.8666; temporal_UA: 0.8604; temporal_F1: 0.8635
2025-10-17 11:39:14,484 - INFO - Confusion Matrix
 [77418.	 2442.	    6.	   25.	   63.]
 [ 1418.	57993.	   60.	  121.	   35.]
 [   12.	  284.	 2393.	    0.	    0.]
 [  175.	  166.	    0.	 1171.	    0.]
 [   84.	  251.	    0.	    0.	10923.]
2025-10-17 11:39:14,544 - INFO - Epoch 14 saved.
2025-10-17 11:39:14,545 - INFO - model saved 15 times, last saved epoch: 14.

2025-10-17 11:39:17,924 - INFO - Epoch 15, Train loss: 0.48503932915627956
2025-10-17 11:39:19,178 - INFO - mIoU: 0.885; OA: 0.9691; AA: 0.9116; F1: 0.9365; Kappa: 0.9466;
2025-10-17 11:39:19,178 - INFO - spatial_LccAccuracy: 0.8096; spatial_PA: 0.967; spatial_UA: 0.9798; spatial_F1: 0.9734
2025-10-17 11:39:19,178 - INFO - temporal_CdAccuracy: 0.6622; temporal_PA: 0.8808; temporal_UA: 0.8773; temporal_F1: 0.879
2025-10-17 11:39:19,178 - INFO - Confusion Matrix
 [77713.	 2155.	    7.	   19.	   60.]
 [ 1404.	58067.	   43.	   72.	   41.]
 [    9.	  336.	 2344.	    0.	    0.]
 [  113.	  240.	    0.	 1159.	    0.]
 [   66.	  228.	    0.	    0.	10964.]
2025-10-17 11:39:19,265 - INFO - Epoch 15 saved.
2025-10-17 11:39:19,267 - INFO - model saved 16 times, last saved epoch: 15.

2025-10-17 11:39:22,871 - INFO - Epoch 16, Train loss: 0.47692748736590146
2025-10-17 11:39:23,879 - INFO - mIoU: 0.898; OA: 0.9713; AA: 0.9347; F1: 0.9443; Kappa: 0.9505;
2025-10-17 11:39:23,879 - INFO - spatial_LccAccuracy: 0.8301; spatial_PA: 0.9717; spatial_UA: 0.9787; spatial_F1: 0.9752
2025-10-17 11:39:23,879 - INFO - temporal_CdAccuracy: 0.673; temporal_PA: 0.8905; temporal_UA: 0.887; temporal_F1: 0.8887
2025-10-17 11:39:23,879 - INFO - Confusion Matrix
 [78363.	 1509.	    5.	   20.	   57.]
 [ 1833.	57497.	   85.	  155.	   57.]
 [   15.	  219.	 2455.	    0.	    0.]
 [  167.	   74.	    4.	 1267.	    0.]
 [   71.	  171.	    1.	    0.	11015.]
2025-10-17 11:39:23,940 - INFO - Epoch 16 saved.
2025-10-17 11:39:23,940 - INFO - model saved 17 times, last saved epoch: 16.

2025-10-17 11:39:26,713 - INFO - Epoch 17, Train loss: 0.4713790310546756
2025-10-17 11:39:27,981 - INFO - mIoU: 0.9049; OA: 0.9729; AA: 0.9307; F1: 0.9487; Kappa: 0.9531;
2025-10-17 11:39:27,981 - INFO - spatial_LccAccuracy: 0.8382; spatial_PA: 0.9651; spatial_UA: 0.9853; spatial_F1: 0.9751
2025-10-17 11:39:27,982 - INFO - temporal_CdAccuracy: 0.6819; temporal_PA: 0.8994; temporal_UA: 0.8987; temporal_F1: 0.8991
2025-10-17 11:39:27,982 - INFO - Confusion Matrix
 [78346.	 1520.	    7.	   18.	   63.]
 [ 1673.	57778.	   49.	   69.	   58.]
 [   10.	  282.	 2397.	    0.	    0.]
 [   60.	  195.	    0.	 1257.	    0.]
 [   31.	  174.	    0.	    0.	11053.]
2025-10-17 11:39:28,059 - INFO - Epoch 17 saved.
2025-10-17 11:39:28,060 - INFO - model saved 18 times, last saved epoch: 17.

2025-10-17 11:39:31,379 - INFO - Epoch 18, Train loss: 0.46372907385230067
2025-10-17 11:39:32,733 - INFO - mIoU: 0.9127; OA: 0.9728; AA: 0.9401; F1: 0.9534; Kappa: 0.953;
2025-10-17 11:39:32,733 - INFO - spatial_LccAccuracy: 0.8491; spatial_PA: 0.9547; spatial_UA: 0.9806; spatial_F1: 0.9675
2025-10-17 11:39:32,733 - INFO - temporal_CdAccuracy: 0.6792; temporal_PA: 0.898; temporal_UA: 0.8924; temporal_F1: 0.8952
2025-10-17 11:39:32,734 - INFO - Confusion Matrix
 [78935.	  959.	    4.	   15.	   41.]
 [ 2326.	57089.	   62.	   85.	   65.]
 [   24.	  224.	 2441.	    0.	    0.]
 [  101.	  100.	    0.	 1311.	    0.]
 [   72.	  140.	    0.	    0.	11046.]
2025-10-17 11:39:32,811 - INFO - Epoch 18 saved.
2025-10-17 11:39:32,811 - INFO - model saved 19 times, last saved epoch: 18.

2025-10-17 11:39:36,290 - INFO - Epoch 19, Train loss: 0.45789278466254474
2025-10-17 11:39:37,702 - INFO - mIoU: 0.9223; OA: 0.9754; AA: 0.9531; F1: 0.9589; Kappa: 0.9575;
2025-10-17 11:39:37,702 - INFO - spatial_LccAccuracy: 0.8661; spatial_PA: 0.9698; spatial_UA: 0.984; spatial_F1: 0.9768
2025-10-17 11:39:37,702 - INFO - temporal_CdAccuracy: 0.695; temporal_PA: 0.9112; temporal_UA: 0.9003; temporal_F1: 0.9057
2025-10-17 11:39:37,703 - INFO - Confusion Matrix
 [78849.	 1042.	    4.	   16.	   43.]
 [ 1938.	57422.	   86.	  104.	   77.]
 [   15.	  188.	 2486.	    0.	    0.]
 [   70.	   71.	    0.	 1371.	    0.]
 [   32.	  134.	    0.	    0.	11092.]
2025-10-17 11:39:37,771 - INFO - Epoch 19 saved.
2025-10-17 11:39:37,772 - INFO - model saved 20 times, last saved epoch: 19.

2025-10-17 11:39:41,030 - INFO - Epoch 20, Train loss: 0.4525932898744941
2025-10-17 11:39:42,442 - INFO - mIoU: 0.9291; OA: 0.9764; AA: 0.9553; F1: 0.9628; Kappa: 0.9593;
2025-10-17 11:39:42,443 - INFO - spatial_LccAccuracy: 0.8684; spatial_PA: 0.9741; spatial_UA: 0.9844; spatial_F1: 0.9792
2025-10-17 11:39:42,443 - INFO - temporal_CdAccuracy: 0.7001; temporal_PA: 0.9132; temporal_UA: 0.9063; temporal_F1: 0.9098
2025-10-17 11:39:42,444 - INFO - Confusion Matrix
 [78309.	 1579.	    4.	   15.	   47.]
 [ 1313.	58118.	   60.	   76.	   60.]
 [   13.	  207.	 2469.	    0.	    0.]
 [   68.	   55.	    0.	 1389.	    0.]
 [   16.	  144.	    0.	    0.	11098.]
2025-10-17 11:39:42,581 - INFO - Epoch 20 saved.
2025-10-17 11:39:42,582 - INFO - model saved 21 times, last saved epoch: 20.

2025-10-17 11:39:46,210 - INFO - Epoch 21, Train loss: 0.44768077656626704
2025-10-17 11:39:47,385 - INFO - mIoU: 0.931; OA: 0.9775; AA: 0.9506; F1: 0.9638; Kappa: 0.9612;
2025-10-17 11:39:47,385 - INFO - spatial_LccAccuracy: 0.8781; spatial_PA: 0.977; spatial_UA: 0.986; spatial_F1: 0.9815
2025-10-17 11:39:47,385 - INFO - temporal_CdAccuracy: 0.7113; temporal_PA: 0.9201; temporal_UA: 0.9131; temporal_F1: 0.9166
2025-10-17 11:39:47,386 - INFO - Confusion Matrix
 [78778.	 1128.	    4.	   11.	   33.]
 [ 1596.	57896.	   35.	   43.	   57.]
 [   19.	  266.	 2404.	    0.	    0.]
 [   68.	   56.	    0.	 1388.	    0.]
 [   28.	  144.	    0.	    0.	11086.]
2025-10-17 11:39:47,466 - INFO - Epoch 21 saved.
2025-10-17 11:39:47,467 - INFO - model saved 22 times, last saved epoch: 21.

2025-10-17 11:39:50,802 - INFO - Epoch 22, Train loss: 0.44725688342005016
2025-10-17 11:39:51,960 - INFO - mIoU: 0.9373; OA: 0.9767; AA: 0.9555; F1: 0.9673; Kappa: 0.9599;
2025-10-17 11:39:51,960 - INFO - spatial_LccAccuracy: 0.8835; spatial_PA: 0.9825; spatial_UA: 0.991; spatial_F1: 0.9867
2025-10-17 11:39:51,961 - INFO - temporal_CdAccuracy: 0.7128; temporal_PA: 0.9161; temporal_UA: 0.9115; temporal_F1: 0.9138
2025-10-17 11:39:51,961 - INFO - Confusion Matrix
 [77905.	 2009.	    4.	   10.	   26.]
 [  918.	58606.	   59.	   14.	   30.]
 [   12.	  204.	 2473.	    0.	    0.]
 [   44.	   80.	    0.	 1388.	    0.]
 [   18.	  177.	    0.	    0.	11063.]
2025-10-17 11:39:52,037 - INFO - Epoch 22 saved.
2025-10-17 11:39:52,038 - INFO - model saved 23 times, last saved epoch: 22.

2025-10-17 11:39:55,213 - INFO - Epoch 23, Train loss: 0.4411077000200748
2025-10-17 11:39:56,465 - INFO - mIoU: 0.9434; OA: 0.9794; AA: 0.9648; F1: 0.9707; Kappa: 0.9645;
2025-10-17 11:39:56,465 - INFO - spatial_LccAccuracy: 0.8913; spatial_PA: 0.9744; spatial_UA: 0.9887; spatial_F1: 0.9815
2025-10-17 11:39:56,465 - INFO - temporal_CdAccuracy: 0.721; temporal_PA: 0.9261; temporal_UA: 0.9213; temporal_F1: 0.9237
2025-10-17 11:39:56,466 - INFO - Confusion Matrix
 [78816.	 1080.	    4.	   13.	   41.]
 [ 1464.	57985.	   70.	   38.	   70.]
 [   15.	  178.	 2496.	    0.	    0.]
 [   44.	   31.	    0.	 1437.	    0.]
 [   21.	  126.	    0.	    0.	11111.]
2025-10-17 11:39:56,531 - INFO - Epoch 23 saved.
2025-10-17 11:39:56,532 - INFO - model saved 24 times, last saved epoch: 23.

2025-10-17 11:39:59,864 - INFO - Epoch 24, Train loss: 0.43733325637876985
2025-10-17 11:40:01,133 - INFO - mIoU: 0.943; OA: 0.9794; AA: 0.9598; F1: 0.9704; Kappa: 0.9644;
2025-10-17 11:40:01,133 - INFO - spatial_LccAccuracy: 0.8936; spatial_PA: 0.9735; spatial_UA: 0.9885; spatial_F1: 0.9809
2025-10-17 11:40:01,134 - INFO - temporal_CdAccuracy: 0.7187; temporal_PA: 0.9263; temporal_UA: 0.9188; temporal_F1: 0.9226
2025-10-17 11:40:01,134 - INFO - Confusion Matrix
 [78865.	 1035.	    4.	    9.	   41.]
 [ 1523.	57968.	   53.	   13.	   70.]
 [   13.	  218.	 2458.	    0.	    0.]
 [   42.	   52.	    0.	 1418.	    0.]
 [    9.	  119.	    0.	    0.	11130.]
2025-10-17 11:40:01,134 - INFO - model saved 24 times, last saved epoch: 23.

2025-10-17 11:40:04,042 - INFO - Epoch 25, Train loss: 0.435344360396266
2025-10-17 11:40:05,067 - INFO - mIoU: 0.9462; OA: 0.9785; AA: 0.9638; F1: 0.9721; Kappa: 0.963;
2025-10-17 11:40:05,067 - INFO - spatial_LccAccuracy: 0.9017; spatial_PA: 0.9836; spatial_UA: 0.9887; spatial_F1: 0.9862
2025-10-17 11:40:05,067 - INFO - temporal_CdAccuracy: 0.721; temporal_PA: 0.92; temporal_UA: 0.9204; temporal_F1: 0.9202
2025-10-17 11:40:05,068 - INFO - Confusion Matrix
 [78020.	 1895.	    4.	   10.	   25.]
 [  856.	58648.	   55.	   14.	   54.]
 [   17.	  205.	 2467.	    0.	    0.]
 [   37.	   33.	    0.	 1442.	    0.]
 [    4.	  124.	    0.	    0.	11130.]
2025-10-17 11:40:05,143 - INFO - Epoch 25 saved.
2025-10-17 11:40:05,144 - INFO - model saved 25 times, last saved epoch: 25.

2025-10-17 11:40:08,204 - INFO - Epoch 26, Train loss: 0.43038507755845784
2025-10-17 11:40:09,292 - INFO - mIoU: 0.9438; OA: 0.9787; AA: 0.9602; F1: 0.9708; Kappa: 0.9633;
2025-10-17 11:40:09,292 - INFO - spatial_LccAccuracy: 0.8967; spatial_PA: 0.9798; spatial_UA: 0.9902; spatial_F1: 0.985
2025-10-17 11:40:09,292 - INFO - temporal_CdAccuracy: 0.726; temporal_PA: 0.9253; temporal_UA: 0.924; temporal_F1: 0.9247
2025-10-17 11:40:09,293 - INFO - Confusion Matrix
 [79001.	  898.	    4.	    9.	   42.]
 [ 1768.	57704.	   39.	   12.	  104.]
 [   16.	  247.	 2426.	    0.	    0.]
 [   30.	   45.	    0.	 1437.	    0.]
 [    1.	   81.	    0.	    0.	11176.]
2025-10-17 11:40:09,293 - INFO - model saved 25 times, last saved epoch: 25.

2025-10-17 11:40:12,750 - INFO - Epoch 27, Train loss: 0.4301527289673686
2025-10-17 11:40:13,855 - INFO - mIoU: 0.9526; OA: 0.9802; AA: 0.9713; F1: 0.9756; Kappa: 0.9658;
2025-10-17 11:40:13,855 - INFO - spatial_LccAccuracy: 0.9033; spatial_PA: 0.9778; spatial_UA: 0.9923; spatial_F1: 0.985
2025-10-17 11:40:13,855 - INFO - temporal_CdAccuracy: 0.7276; temporal_PA: 0.93; temporal_UA: 0.924; temporal_F1: 0.927
2025-10-17 11:40:13,856 - INFO - Confusion Matrix
 [79154.	  753.	    4.	   13.	   30.]
 [ 1785.	57679.	   66.	   22.	   75.]
 [   17.	  158.	 2514.	    0.	    0.]
 [   24.	   15.	    0.	 1473.	    0.]
 [    6.	  106.	    0.	    0.	11146.]
2025-10-17 11:40:13,917 - INFO - Epoch 27 saved.
2025-10-17 11:40:13,918 - INFO - model saved 26 times, last saved epoch: 27.

2025-10-17 11:40:17,211 - INFO - Epoch 28, Train loss: 0.42714327946305275
2025-10-17 11:40:18,640 - INFO - mIoU: 0.9508; OA: 0.9814; AA: 0.9659; F1: 0.9745; Kappa: 0.968;
2025-10-17 11:40:18,640 - INFO - spatial_LccAccuracy: 0.9098; spatial_PA: 0.9828; spatial_UA: 0.9919; spatial_F1: 0.9873
2025-10-17 11:40:18,640 - INFO - temporal_CdAccuracy: 0.7361; temporal_PA: 0.9387; temporal_UA: 0.9335; temporal_F1: 0.9361
2025-10-17 11:40:18,641 - INFO - Confusion Matrix
 [78581.	 1339.	    4.	   10.	   20.]
 [  986.	58546.	   49.	   11.	   35.]
 [   12.	  212.	 2465.	    0.	    0.]
 [   26.	   33.	    0.	 1453.	    0.]
 [   10.	  134.	    0.	    0.	11114.]
2025-10-17 11:40:18,642 - INFO - model saved 26 times, last saved epoch: 27.

2025-10-17 11:40:21,949 - INFO - Epoch 29, Train loss: 0.42452111225575206
2025-10-17 11:40:23,159 - INFO - mIoU: 0.9574; OA: 0.9818; AA: 0.9769; F1: 0.9781; Kappa: 0.9687;
2025-10-17 11:40:23,159 - INFO - spatial_LccAccuracy: 0.9152; spatial_PA: 0.9838; spatial_UA: 0.9897; spatial_F1: 0.9867
2025-10-17 11:40:23,159 - INFO - temporal_CdAccuracy: 0.7399; temporal_PA: 0.9375; temporal_UA: 0.9357; temporal_F1: 0.9366
2025-10-17 11:40:23,160 - INFO - Confusion Matrix
 [78654.	 1250.	    4.	   12.	   34.]
 [ 1081.	58371.	   87.	   20.	   68.]
 [   17.	  101.	 2571.	    0.	    0.]
 [   27.	   10.	    0.	 1475.	    0.]
 [    1.	  109.	    0.	    0.	11148.]
2025-10-17 11:40:23,219 - INFO - Epoch 29 saved.
2025-10-17 11:40:23,220 - INFO - model saved 27 times, last saved epoch: 29.

2025-10-17 11:40:26,749 - INFO - Epoch 30, Train loss: 0.422093528136611
2025-10-17 11:40:27,922 - INFO - mIoU: 0.9587; OA: 0.9815; AA: 0.9757; F1: 0.9788; Kappa: 0.968;
2025-10-17 11:40:27,922 - INFO - spatial_LccAccuracy: 0.9141; spatial_PA: 0.9797; spatial_UA: 0.9928; spatial_F1: 0.9862
2025-10-17 11:40:27,922 - INFO - temporal_CdAccuracy: 0.7353; temporal_PA: 0.9374; temporal_UA: 0.9319; temporal_F1: 0.9347
2025-10-17 11:40:27,922 - INFO - Confusion Matrix
 [79197.	  722.	    4.	   12.	   19.]
 [ 1685.	57798.	   65.	   16.	   63.]
 [   18.	  125.	 2546.	    0.	    0.]
 [   23.	    4.	    0.	 1485.	    0.]
 [    3.	  114.	    0.	    0.	11141.]
2025-10-17 11:40:27,983 - INFO - Epoch 30 saved.
2025-10-17 11:40:27,984 - INFO - model saved 28 times, last saved epoch: 30.

2025-10-17 11:40:31,293 - INFO - Epoch 31, Train loss: 0.420281089656055
2025-10-17 11:40:32,340 - INFO - mIoU: 0.9554; OA: 0.9816; AA: 0.9716; F1: 0.9771; Kappa: 0.9683;
2025-10-17 11:40:32,341 - INFO - spatial_LccAccuracy: 0.9164; spatial_PA: 0.9863; spatial_UA: 0.9895; spatial_F1: 0.9879
2025-10-17 11:40:32,341 - INFO - temporal_CdAccuracy: 0.7365; temporal_PA: 0.9413; temporal_UA: 0.9368; temporal_F1: 0.9391
2025-10-17 11:40:32,341 - INFO - Confusion Matrix
 [78507.	 1400.	    4.	   12.	   31.]
 [  950.	58550.	   56.	    9.	   62.]
 [   14.	  161.	 2514.	    0.	    0.]
 [   27.	   20.	    0.	 1465.	    0.]
 [    1.	  107.	    0.	    0.	11150.]
2025-10-17 11:40:32,341 - INFO - model saved 28 times, last saved epoch: 30.

2025-10-17 11:40:35,551 - INFO - Epoch 32, Train loss: 0.41940538231283425
2025-10-17 11:40:36,937 - INFO - mIoU: 0.9599; OA: 0.9811; AA: 0.9782; F1: 0.9795; Kappa: 0.9675;
2025-10-17 11:40:36,938 - INFO - spatial_LccAccuracy: 0.9156; spatial_PA: 0.9884; spatial_UA: 0.9943; spatial_F1: 0.9914
2025-10-17 11:40:36,938 - INFO - temporal_CdAccuracy: 0.7291; temporal_PA: 0.9418; temporal_UA: 0.9302; temporal_F1: 0.936
2025-10-17 11:40:36,938 - INFO - Confusion Matrix
 [78621.	 1304.	    4.	   12.	   13.]
 [ 1188.	58292.	   79.	   16.	   52.]
 [   19.	   95.	 2575.	    0.	    0.]
 [   24.	    2.	    0.	 1486.	    0.]
 [    2.	  115.	    0.	    0.	11141.]
2025-10-17 11:40:37,002 - INFO - Epoch 32 saved.
2025-10-17 11:40:37,003 - INFO - model saved 29 times, last saved epoch: 32.

2025-10-17 11:40:40,285 - INFO - Epoch 33, Train loss: 0.41721026711165904
2025-10-17 11:40:41,387 - INFO - mIoU: 0.9593; OA: 0.9819; AA: 0.9763; F1: 0.9791; Kappa: 0.9689;
2025-10-17 11:40:41,387 - INFO - spatial_LccAccuracy: 0.9164; spatial_PA: 0.9828; spatial_UA: 0.9919; spatial_F1: 0.9873
2025-10-17 11:40:41,387 - INFO - temporal_CdAccuracy: 0.7349; temporal_PA: 0.9407; temporal_UA: 0.931; temporal_F1: 0.9358
2025-10-17 11:40:41,388 - INFO - Confusion Matrix
 [78547.	 1359.	    4.	   12.	   32.]
 [  972.	58544.	   72.	   12.	   27.]
 [   15.	  118.	 2556.	    0.	    0.]
 [   18.	   12.	    0.	 1482.	    0.]
 [    2.	  147.	    0.	    0.	11109.]
2025-10-17 11:40:41,389 - INFO - model saved 29 times, last saved epoch: 32.

2025-10-17 11:40:44,238 - INFO - Epoch 34, Train loss: 0.4145903095602989
2025-10-17 11:40:45,395 - INFO - mIoU: 0.9607; OA: 0.9828; AA: 0.9777; F1: 0.9799; Kappa: 0.9703;
2025-10-17 11:40:45,396 - INFO - spatial_LccAccuracy: 0.9183; spatial_PA: 0.9828; spatial_UA: 0.9919; spatial_F1: 0.9873
2025-10-17 11:40:45,396 - INFO - temporal_CdAccuracy: 0.7473; temporal_PA: 0.9454; temporal_UA: 0.9413; temporal_F1: 0.9434
2025-10-17 11:40:45,397 - INFO - Confusion Matrix
 [78779.	 1132.	    4.	   12.	   27.]
 [ 1101.	58383.	   73.	   12.	   58.]
 [   10.	  105.	 2574.	    0.	    0.]
 [   20.	   17.	    0.	 1475.	    0.]
 [    1.	   97.	    0.	    0.	11160.]
2025-10-17 11:40:45,474 - INFO - Epoch 34 saved.
2025-10-17 11:40:45,475 - INFO - model saved 30 times, last saved epoch: 34.

2025-10-17 11:40:48,459 - INFO - Epoch 35, Train loss: 0.41343866996467116
2025-10-17 11:40:49,602 - INFO - mIoU: 0.9582; OA: 0.9814; AA: 0.975; F1: 0.9785; Kappa: 0.968;
2025-10-17 11:40:49,602 - INFO - spatial_LccAccuracy: 0.9145; spatial_PA: 0.9868; spatial_UA: 0.9913; spatial_F1: 0.9891
2025-10-17 11:40:49,602 - INFO - temporal_CdAccuracy: 0.7303; temporal_PA: 0.9431; temporal_UA: 0.9289; temporal_F1: 0.9359
2025-10-17 11:40:49,602 - INFO - Confusion Matrix
 [78532.	 1372.	    4.	   13.	   33.]
 [ 1038.	58473.	   49.	   17.	   50.]
 [   20.	  154.	 2515.	    0.	    0.]
 [   19.	    2.	    0.	 1491.	    0.]
 [    2.	  104.	    0.	    0.	11152.]
2025-10-17 11:40:49,603 - INFO - model saved 30 times, last saved epoch: 34.

2025-10-17 11:40:52,470 - INFO - Epoch 36, Train loss: 0.41247876193374394
2025-10-17 11:40:53,538 - INFO - mIoU: 0.9616; OA: 0.9825; AA: 0.9787; F1: 0.9804; Kappa: 0.9698;
2025-10-17 11:40:53,538 - INFO - spatial_LccAccuracy: 0.9234; spatial_PA: 0.9868; spatial_UA: 0.9913; spatial_F1: 0.9891
2025-10-17 11:40:53,538 - INFO - temporal_CdAccuracy: 0.7426; temporal_PA: 0.94; temporal_UA: 0.9344; temporal_F1: 0.9372
2025-10-17 11:40:53,539 - INFO - Confusion Matrix
 [78887.	 1021.	    4.	   13.	   29.]
 [ 1267.	58209.	   71.	   11.	   69.]
 [   13.	   99.	 2577.	    0.	    0.]
 [   28.	    2.	    0.	 1482.	    0.]
 [    2.	   88.	    0.	    0.	11168.]
2025-10-17 11:40:53,611 - INFO - Epoch 36 saved.
2025-10-17 11:40:53,612 - INFO - model saved 31 times, last saved epoch: 36.

2025-10-17 11:40:56,850 - INFO - Epoch 37, Train loss: 0.41165740936994555
2025-10-17 11:40:58,015 - INFO - mIoU: 0.9619; OA: 0.982; AA: 0.9788; F1: 0.9805; Kappa: 0.969;
2025-10-17 11:40:58,016 - INFO - spatial_LccAccuracy: 0.918; spatial_PA: 0.9825; spatial_UA: 0.991; spatial_F1: 0.9867
2025-10-17 11:40:58,016 - INFO - temporal_CdAccuracy: 0.7334; temporal_PA: 0.9439; temporal_UA: 0.9314; temporal_F1: 0.9376
2025-10-17 11:40:58,017 - INFO - Confusion Matrix
 [78370.	 1532.	    4.	   13.	   35.]
 [  829.	58679.	   65.	   10.	   44.]
 [    8.	  102.	 2579.	    0.	    0.]
 [   19.	    9.	    0.	 1484.	    0.]
 [    2.	  123.	    0.	    0.	11133.]
2025-10-17 11:40:58,136 - INFO - Epoch 37 saved.
2025-10-17 11:40:58,137 - INFO - model saved 32 times, last saved epoch: 37.

2025-10-17 11:41:01,569 - INFO - Epoch 38, Train loss: 0.4096612587571144
2025-10-17 11:41:02,882 - INFO - mIoU: 0.9637; OA: 0.9834; AA: 0.979; F1: 0.9814; Kappa: 0.9713;
2025-10-17 11:41:02,882 - INFO - spatial_LccAccuracy: 0.9211; spatial_PA: 0.9794; spatial_UA: 0.9918; spatial_F1: 0.9856
2025-10-17 11:41:02,882 - INFO - temporal_CdAccuracy: 0.7415; temporal_PA: 0.9503; temporal_UA: 0.9371; temporal_F1: 0.9437
2025-10-17 11:41:02,882 - INFO - Confusion Matrix
 [78997.	  933.	    4.	   12.	    8.]
 [ 1241.	58279.	   63.	   12.	   32.]
 [   12.	  111.	 2566.	    0.	    0.]
 [   19.	    1.	    0.	 1492.	    0.]
 [    3.	  128.	    0.	    0.	11127.]
2025-10-17 11:41:02,944 - INFO - Epoch 38 saved.
2025-10-17 11:41:02,945 - INFO - model saved 33 times, last saved epoch: 38.

2025-10-17 11:41:06,275 - INFO - Epoch 39, Train loss: 0.40921605434268715
2025-10-17 11:41:07,477 - INFO - mIoU: 0.9641; OA: 0.9825; AA: 0.9821; F1: 0.9816; Kappa: 0.9699;
2025-10-17 11:41:07,477 - INFO - spatial_LccAccuracy: 0.9218; spatial_PA: 0.9895; spatial_UA: 0.9921; spatial_F1: 0.9908
2025-10-17 11:41:07,477 - INFO - temporal_CdAccuracy: 0.7345; temporal_PA: 0.9476; temporal_UA: 0.9317; temporal_F1: 0.9396
2025-10-17 11:41:07,477 - INFO - Confusion Matrix
 [78818.	 1094.	    4.	   15.	   23.]
 [ 1232.	58245.	   74.	   17.	   59.]
 [   16.	   70.	 2603.	    0.	    0.]
 [   18.	    0.	    0.	 1494.	    0.]
 [    1.	   89.	    0.	    0.	11168.]
2025-10-17 11:41:07,539 - INFO - Epoch 39 saved.
2025-10-17 11:41:07,540 - INFO - model saved 34 times, last saved epoch: 39.

2025-10-17 11:41:10,974 - INFO - Epoch 40, Train loss: 0.4086850294843316
2025-10-17 11:41:12,177 - INFO - mIoU: 0.9633; OA: 0.9833; AA: 0.98; F1: 0.9812; Kappa: 0.9711;
2025-10-17 11:41:12,178 - INFO - spatial_LccAccuracy: 0.9265; spatial_PA: 0.9837; spatial_UA: 0.9921; spatial_F1: 0.9879
2025-10-17 11:41:12,178 - INFO - temporal_CdAccuracy: 0.7415; temporal_PA: 0.9468; temporal_UA: 0.9376; temporal_F1: 0.9422
2025-10-17 11:41:12,178 - INFO - Confusion Matrix
 [78992.	  920.	    4.	   15.	   23.]
 [ 1266.	58231.	   56.	   19.	   55.]
 [   13.	  103.	 2573.	    0.	    0.]
 [   18.	    1.	    0.	 1493.	    0.]
 [    1.	  101.	    0.	    0.	11156.]
2025-10-17 11:41:12,179 - INFO - model saved 34 times, last saved epoch: 39.

2025-10-17 11:41:15,661 - INFO - Epoch 41, Train loss: 0.4076831886544824
2025-10-17 11:41:16,934 - INFO - mIoU: 0.9644; OA: 0.9831; AA: 0.9828; F1: 0.9818; Kappa: 0.9709;
2025-10-17 11:41:16,934 - INFO - spatial_LccAccuracy: 0.9241; spatial_PA: 0.9846; spatial_UA: 0.9924; spatial_F1: 0.9885
2025-10-17 11:41:16,934 - INFO - temporal_CdAccuracy: 0.7454; temporal_PA: 0.9498; temporal_UA: 0.9409; temporal_F1: 0.9453
2025-10-17 11:41:16,934 - INFO - Confusion Matrix
 [79015.	  899.	    3.	   12.	   25.]
 [ 1324.	58138.	  106.	   10.	   49.]
 [   16.	   50.	 2623.	    0.	    0.]
 [   21.	    3.	    0.	 1488.	    0.]
 [    1.	  100.	    0.	    0.	11157.]
2025-10-17 11:41:16,995 - INFO - Epoch 41 saved.
2025-10-17 11:41:16,996 - INFO - model saved 35 times, last saved epoch: 41.

2025-10-17 11:41:20,430 - INFO - Epoch 42, Train loss: 0.40809966064989567
2025-10-17 11:41:21,549 - INFO - mIoU: 0.9647; OA: 0.9828; AA: 0.9834; F1: 0.982; Kappa: 0.9703;
2025-10-17 11:41:21,550 - INFO - spatial_LccAccuracy: 0.9245; spatial_PA: 0.9797; spatial_UA: 0.9928; spatial_F1: 0.9862
2025-10-17 11:41:21,550 - INFO - temporal_CdAccuracy: 0.743; temporal_PA: 0.9482; temporal_UA: 0.9421; temporal_F1: 0.9451
2025-10-17 11:41:21,550 - INFO - Confusion Matrix
 [79357.	  553.	    4.	   15.	   25.]
 [ 1724.	57704.	   87.	   14.	   98.]
 [   15.	   52.	 2622.	    0.	    0.]
 [   19.	    0.	    0.	 1493.	    0.]
 [    1.	   66.	    0.	    0.	11191.]
2025-10-17 11:41:21,611 - INFO - Epoch 42 saved.
2025-10-17 11:41:21,611 - INFO - model saved 36 times, last saved epoch: 42.

2025-10-17 11:41:25,025 - INFO - Epoch 43, Train loss: 0.405771735496819
2025-10-17 11:41:26,236 - INFO - mIoU: 0.9604; OA: 0.9832; AA: 0.9746; F1: 0.9796; Kappa: 0.971;
2025-10-17 11:41:26,236 - INFO - spatial_LccAccuracy: 0.9241; spatial_PA: 0.9846; spatial_UA: 0.9924; spatial_F1: 0.9885
2025-10-17 11:41:26,237 - INFO - temporal_CdAccuracy: 0.7477; temporal_PA: 0.9474; temporal_UA: 0.9414; temporal_F1: 0.9444
2025-10-17 11:41:26,237 - INFO - Confusion Matrix
 [78892.	 1030.	    4.	   12.	   16.]
 [ 1130.	58403.	   42.	   12.	   40.]
 [   12.	  174.	 2503.	    0.	    0.]
 [   18.	    3.	    0.	 1491.	    0.]
 [    1.	  111.	    0.	    0.	11146.]
2025-10-17 11:41:26,238 - INFO - model saved 36 times, last saved epoch: 42.

2025-10-17 11:41:29,879 - INFO - Epoch 44, Train loss: 0.4054158331826329
2025-10-17 11:41:31,224 - INFO - mIoU: 0.9643; OA: 0.9834; AA: 0.9785; F1: 0.9817; Kappa: 0.9713;
2025-10-17 11:41:31,224 - INFO - spatial_LccAccuracy: 0.9234; spatial_PA: 0.9808; spatial_UA: 0.9939; spatial_F1: 0.9873
2025-10-17 11:41:31,224 - INFO - temporal_CdAccuracy: 0.7426; temporal_PA: 0.952; temporal_UA: 0.9341; temporal_F1: 0.943
2025-10-17 11:41:31,225 - INFO - Confusion Matrix
 [79013.	  917.	    4.	   13.	    7.]
 [ 1266.	58264.	   51.	    8.	   38.]
 [    9.	  113.	 2567.	    0.	    0.]
 [   18.	    7.	    0.	 1487.	    0.]
 [    1.	  125.	    0.	    0.	11132.]
2025-10-17 11:41:31,226 - INFO - model saved 36 times, last saved epoch: 42.

2025-10-17 11:41:34,770 - INFO - Epoch 45, Train loss: 0.4041190093383193
2025-10-17 11:41:35,757 - INFO - mIoU: 0.9658; OA: 0.9837; AA: 0.9812; F1: 0.9825; Kappa: 0.9719;
2025-10-17 11:41:35,757 - INFO - spatial_LccAccuracy: 0.928; spatial_PA: 0.9808; spatial_UA: 0.9939; spatial_F1: 0.9873
2025-10-17 11:41:35,758 - INFO - temporal_CdAccuracy: 0.7531; temporal_PA: 0.9496; temporal_UA: 0.9427; temporal_F1: 0.9462
2025-10-17 11:41:35,758 - INFO - Confusion Matrix
 [79087.	  836.	    4.	   12.	   15.]
 [ 1311.	58201.	   60.	   14.	   41.]
 [   13.	   88.	 2588.	    0.	    0.]
 [   17.	    0.	    0.	 1495.	    0.]
 [    0.	  118.	    0.	    0.	11140.]
2025-10-17 11:41:35,841 - INFO - Epoch 45 saved.
2025-10-17 11:41:35,842 - INFO - model saved 37 times, last saved epoch: 45.

2025-10-17 11:41:38,831 - INFO - Epoch 46, Train loss: 0.40438800342381
2025-10-17 11:41:39,953 - INFO - mIoU: 0.9666; OA: 0.9837; AA: 0.9845; F1: 0.983; Kappa: 0.9719;
2025-10-17 11:41:39,953 - INFO - spatial_LccAccuracy: 0.9319; spatial_PA: 0.9842; spatial_UA: 0.994; spatial_F1: 0.9891
2025-10-17 11:41:39,954 - INFO - temporal_CdAccuracy: 0.7434; temporal_PA: 0.9502; temporal_UA: 0.9397; temporal_F1: 0.9449
2025-10-17 11:41:39,954 - INFO - Confusion Matrix
 [78937.	  975.	    8.	   13.	   21.]
 [ 1189.	58286.	   83.	   15.	   54.]
 [    4.	   58.	 2627.	    0.	    0.]
 [   17.	    0.	    0.	 1495.	    0.]
 [    1.	   90.	    0.	    0.	11167.]
2025-10-17 11:41:40,037 - INFO - Epoch 46 saved.
2025-10-17 11:41:40,037 - INFO - model saved 38 times, last saved epoch: 46.

2025-10-17 11:41:43,545 - INFO - Epoch 47, Train loss: 0.4040805157274008
2025-10-17 11:41:44,777 - INFO - mIoU: 0.9667; OA: 0.9838; AA: 0.9832; F1: 0.983; Kappa: 0.9721;
2025-10-17 11:41:44,777 - INFO - spatial_LccAccuracy: 0.933; spatial_PA: 0.983; spatial_UA: 0.9928; spatial_F1: 0.9879
2025-10-17 11:41:44,777 - INFO - temporal_CdAccuracy: 0.7465; temporal_PA: 0.9539; temporal_UA: 0.9414; temporal_F1: 0.9477
2025-10-17 11:41:44,777 - INFO - Confusion Matrix
 [79016.	  888.	    4.	   11.	   35.]
 [ 1246.	58226.	   69.	   12.	   74.]
 [   12.	   71.	 2606.	    0.	    0.]
 [   18.	    0.	    0.	 1494.	    0.]
 [    1.	   69.	    0.	    0.	11188.]
2025-10-17 11:41:44,838 - INFO - Epoch 47 saved.
2025-10-17 11:41:44,839 - INFO - model saved 39 times, last saved epoch: 47.

2025-10-17 11:41:48,081 - INFO - Epoch 48, Train loss: 0.4028330286964774
2025-10-17 11:41:49,217 - INFO - mIoU: 0.9644; OA: 0.9834; AA: 0.9779; F1: 0.9818; Kappa: 0.9714;
2025-10-17 11:41:49,217 - INFO - spatial_LccAccuracy: 0.9183; spatial_PA: 0.9794; spatial_UA: 0.9918; spatial_F1: 0.9856
2025-10-17 11:41:49,217 - INFO - temporal_CdAccuracy: 0.7396; temporal_PA: 0.9454; temporal_UA: 0.9388; temporal_F1: 0.9421
2025-10-17 11:41:49,218 - INFO - Confusion Matrix
 [78621.	 1289.	    4.	   12.	   28.]
 [  858.	58704.	   50.	    2.	   13.]
 [    4.	  110.	 2575.	    0.	    0.]
 [   17.	   15.	    0.	 1480.	    0.]
 [    0.	  168.	    0.	    0.	11090.]
2025-10-17 11:41:49,219 - INFO - model saved 39 times, last saved epoch: 47.

2025-10-17 11:41:52,429 - INFO - Epoch 49, Train loss: 0.4021781250834465
2025-10-17 11:41:53,438 - INFO - mIoU: 0.9599; OA: 0.9825; AA: 0.9734; F1: 0.9794; Kappa: 0.9699;
2025-10-17 11:41:53,438 - INFO - spatial_LccAccuracy: 0.9211; spatial_PA: 0.9797; spatial_UA: 0.9928; spatial_F1: 0.9862
2025-10-17 11:41:53,439 - INFO - temporal_CdAccuracy: 0.7396; temporal_PA: 0.9433; temporal_UA: 0.9381; temporal_F1: 0.9407
2025-10-17 11:41:53,439 - INFO - Confusion Matrix
 [78526.	 1379.	    4.	   11.	   34.]
 [  869.	58684.	   42.	    2.	   30.]
 [    7.	  175.	 2507.	    0.	    0.]
 [   15.	   16.	    0.	 1481.	    0.]
 [    0.	  124.	    0.	    0.	11134.]
2025-10-17 11:41:53,439 - INFO - model saved 39 times, last saved epoch: 47.

2025-10-17 11:41:56,980 - INFO - Epoch 50, Train loss: 0.40203673783689736
2025-10-17 11:41:58,517 - INFO - mIoU: 0.9622; OA: 0.9828; AA: 0.9775; F1: 0.9806; Kappa: 0.9704;
2025-10-17 11:41:58,518 - INFO - spatial_LccAccuracy: 0.9253; spatial_PA: 0.986; spatial_UA: 0.9945; spatial_F1: 0.9902
2025-10-17 11:41:58,518 - INFO - temporal_CdAccuracy: 0.743; temporal_PA: 0.9442; temporal_UA: 0.9374; temporal_F1: 0.9408
2025-10-17 11:41:58,518 - INFO - Confusion Matrix
 [78556.	 1348.	    4.	   13.	   33.]
 [  888.	58646.	   61.	    6.	   26.]
 [    6.	  118.	 2565.	    0.	    0.]
 [   17.	   14.	    0.	 1481.	    0.]
 [    0.	  133.	    0.	    0.	11125.]
2025-10-17 11:41:58,518 - INFO - model saved 39 times, last saved epoch: 47.

2025-10-17 11:42:02,167 - INFO - Epoch 51, Train loss: 0.4022838618606329
2025-10-17 11:42:03,435 - INFO - mIoU: 0.9655; OA: 0.9832; AA: 0.9832; F1: 0.9824; Kappa: 0.9711;
2025-10-17 11:42:03,435 - INFO - spatial_LccAccuracy: 0.9284; spatial_PA: 0.9842; spatial_UA: 0.994; spatial_F1: 0.9891
2025-10-17 11:42:03,435 - INFO - temporal_CdAccuracy: 0.7461; temporal_PA: 0.9553; temporal_UA: 0.9382; temporal_F1: 0.9467
2025-10-17 11:42:03,436 - INFO - Confusion Matrix
 [79115.	  798.	    4.	   12.	   25.]
 [ 1421.	58034.	   87.	   12.	   73.]
 [   14.	   62.	 2613.	    0.	    0.]
 [   18.	    0.	    0.	 1494.	    0.]
 [    0.	   73.	    0.	    0.	11185.]
2025-10-17 11:42:03,436 - INFO - model saved 39 times, last saved epoch: 47.

2025-10-17 11:42:06,895 - INFO - Epoch 52, Train loss: 0.4014165110886097
2025-10-17 11:42:08,096 - INFO - mIoU: 0.9677; OA: 0.983; AA: 0.9849; F1: 0.9835; Kappa: 0.9708;
2025-10-17 11:42:08,096 - INFO - spatial_LccAccuracy: 0.9307; spatial_PA: 0.9906; spatial_UA: 0.9932; spatial_F1: 0.9919
2025-10-17 11:42:08,096 - INFO - temporal_CdAccuracy: 0.7388; temporal_PA: 0.9517; temporal_UA: 0.9329; temporal_F1: 0.9422
2025-10-17 11:42:08,097 - INFO - Confusion Matrix
 [78686.	 1234.	    4.	    4.	   26.]
 [ 1048.	58407.	   89.	   12.	   71.]
 [    8.	   45.	 2636.	    0.	    0.]
 [   20.	    0.	    0.	 1492.	    0.]
 [    0.	   69.	    0.	    0.	11189.]
2025-10-17 11:42:08,167 - INFO - Epoch 52 saved.
2025-10-17 11:42:08,168 - INFO - model saved 40 times, last saved epoch: 52.

2025-10-17 11:42:11,544 - INFO - Epoch 53, Train loss: 0.40094623640179633
2025-10-17 11:42:12,775 - INFO - mIoU: 0.9638; OA: 0.984; AA: 0.9767; F1: 0.9815; Kappa: 0.9724;
2025-10-17 11:42:12,776 - INFO - spatial_LccAccuracy: 0.9303; spatial_PA: 0.9875; spatial_UA: 0.9941; spatial_F1: 0.9908
2025-10-17 11:42:12,776 - INFO - temporal_CdAccuracy: 0.7508; temporal_PA: 0.9532; temporal_UA: 0.9444; temporal_F1: 0.9488
2025-10-17 11:42:12,777 - INFO - Confusion Matrix
 [79038.	  884.	    4.	   11.	   17.]
 [ 1197.	58354.	   45.	    5.	   26.]
 [   13.	  112.	 2564.	    0.	    0.]
 [   21.	   18.	    0.	 1473.	    0.]
 [    1.	  129.	    0.	    0.	11128.]
2025-10-17 11:42:12,778 - INFO - model saved 40 times, last saved epoch: 52.

2025-10-17 11:42:16,070 - INFO - Epoch 54, Train loss: 0.3998379159718752
2025-10-17 11:42:17,254 - INFO - mIoU: 0.9641; OA: 0.9839; AA: 0.9766; F1: 0.9816; Kappa: 0.9723;
2025-10-17 11:42:17,254 - INFO - spatial_LccAccuracy: 0.928; spatial_PA: 0.9783; spatial_UA: 0.9942; spatial_F1: 0.9862
2025-10-17 11:42:17,254 - INFO - temporal_CdAccuracy: 0.7492; temporal_PA: 0.952; temporal_UA: 0.9409; temporal_F1: 0.9464
2025-10-17 11:42:17,255 - INFO - Confusion Matrix
 [79104.	  806.	    3.	    9.	   32.]
 [ 1294.	58236.	   41.	    2.	   54.]
 [   10.	  136.	 2543.	    0.	    0.]
 [   18.	   16.	    0.	 1478.	    0.]
 [    2.	   67.	    0.	    0.	11189.]
2025-10-17 11:42:17,255 - INFO - model saved 40 times, last saved epoch: 52.

2025-10-17 11:42:20,366 - INFO - Epoch 55, Train loss: 0.4015179915353656
2025-10-17 11:42:21,608 - INFO - mIoU: 0.968; OA: 0.9843; AA: 0.9837; F1: 0.9837; Kappa: 0.973;
2025-10-17 11:42:21,608 - INFO - spatial_LccAccuracy: 0.9361; spatial_PA: 0.9826; spatial_UA: 0.9944; spatial_F1: 0.9885
2025-10-17 11:42:21,608 - INFO - temporal_CdAccuracy: 0.7535; temporal_PA: 0.9542; temporal_UA: 0.9448; temporal_F1: 0.9495
2025-10-17 11:42:21,609 - INFO - Confusion Matrix
 [78984.	  933.	    5.	   10.	   22.]
 [ 1153.	58341.	   70.	   12.	   51.]
 [    8.	   69.	 2612.	    0.	    0.]
 [   18.	    0.	    0.	 1494.	    0.]
 [    1.	   78.	    0.	    0.	11179.]
2025-10-17 11:42:21,675 - INFO - Epoch 55 saved.
2025-10-17 11:42:21,676 - INFO - model saved 41 times, last saved epoch: 55.

2025-10-17 11:42:25,102 - INFO - Epoch 56, Train loss: 0.4007309129461646
2025-10-17 11:42:26,460 - INFO - mIoU: 0.9616; OA: 0.9838; AA: 0.9734; F1: 0.9803; Kappa: 0.972;
2025-10-17 11:42:26,461 - INFO - spatial_LccAccuracy: 0.9211; spatial_PA: 0.9799; spatial_UA: 0.9937; spatial_F1: 0.9868
2025-10-17 11:42:26,461 - INFO - temporal_CdAccuracy: 0.7465; temporal_PA: 0.9521; temporal_UA: 0.9397; temporal_F1: 0.9459
2025-10-17 11:42:26,461 - INFO - Confusion Matrix
 [78957.	  953.	    3.	    4.	   37.]
 [ 1121.	58420.	   41.	    0.	   45.]
 [   11.	  143.	 2535.	    0.	    0.]
 [   18.	   33.	    0.	 1461.	    0.]
 [    0.	  106.	    0.	    0.	11152.]
2025-10-17 11:42:26,461 - INFO - model saved 41 times, last saved epoch: 55.

2025-10-17 11:42:30,138 - INFO - Epoch 57, Train loss: 0.3993758011609316
2025-10-17 11:42:31,277 - INFO - mIoU: 0.9658; OA: 0.9832; AA: 0.98; F1: 0.9825; Kappa: 0.9711;
2025-10-17 11:42:31,277 - INFO - spatial_LccAccuracy: 0.9315; spatial_PA: 0.9905; spatial_UA: 0.9957; spatial_F1: 0.9931
2025-10-17 11:42:31,277 - INFO - temporal_CdAccuracy: 0.7415; temporal_PA: 0.9532; temporal_UA: 0.9374; temporal_F1: 0.9452
2025-10-17 11:42:31,277 - INFO - Confusion Matrix
 [78467.	 1423.	    4.	   11.	   49.]
 [  806.	58724.	   43.	    4.	   50.]
 [    5.	  120.	 2564.	    0.	    0.]
 [   17.	    4.	    0.	 1491.	    0.]
 [    0.	   68.	    0.	    0.	11190.]
2025-10-17 11:42:31,278 - INFO - model saved 41 times, last saved epoch: 55.

2025-10-17 11:42:35,055 - INFO - Epoch 58, Train loss: 0.39904673881828784
2025-10-17 11:42:36,479 - INFO - mIoU: 0.9649; OA: 0.9832; AA: 0.9773; F1: 0.9821; Kappa: 0.9711;
2025-10-17 11:42:36,479 - INFO - spatial_LccAccuracy: 0.923; spatial_PA: 0.983; spatial_UA: 0.9928; spatial_F1: 0.9879
2025-10-17 11:42:36,479 - INFO - temporal_CdAccuracy: 0.7446; temporal_PA: 0.9513; temporal_UA: 0.9379; temporal_F1: 0.9446
2025-10-17 11:42:36,480 - INFO - Confusion Matrix
 [78636.	 1264.	    3.	    8.	   43.]
 [  933.	58621.	   38.	    0.	   35.]
 [    4.	  118.	 2567.	    0.	    0.]
 [   18.	   19.	    0.	 1475.	    0.]
 [    0.	  114.	    0.	    0.	11144.]
2025-10-17 11:42:36,480 - INFO - model saved 41 times, last saved epoch: 55.

2025-10-17 11:42:40,252 - INFO - Epoch 59, Train loss: 0.40073105692863464
2025-10-17 11:42:41,412 - INFO - mIoU: 0.9663; OA: 0.9834; AA: 0.983; F1: 0.9828; Kappa: 0.9713;
2025-10-17 11:42:41,413 - INFO - spatial_LccAccuracy: 0.9168; spatial_PA: 0.9844; spatial_UA: 0.9949; spatial_F1: 0.9896
2025-10-17 11:42:41,413 - INFO - temporal_CdAccuracy: 0.7426; temporal_PA: 0.9538; temporal_UA: 0.9407; temporal_F1: 0.9472
2025-10-17 11:42:41,413 - INFO - Confusion Matrix
 [78924.	 1002.	    6.	   13.	    9.]
 [ 1212.	58295.	   87.	    9.	   24.]
 [    3.	   74.	 2612.	    0.	    0.]
 [   12.	    3.	    0.	 1497.	    0.]
 [    0.	  125.	    0.	    0.	11133.]
2025-10-17 11:42:41,413 - INFO - model saved 41 times, last saved epoch: 55.

2025-10-17 11:42:44,709 - INFO - Epoch 60, Train loss: 0.40051023885607717
2025-10-17 11:42:45,940 - INFO - mIoU: 0.9552; OA: 0.9812; AA: 0.9686; F1: 0.9769; Kappa: 0.9677;
2025-10-17 11:42:45,940 - INFO - spatial_LccAccuracy: 0.9133; spatial_PA: 0.9835; spatial_UA: 0.9947; spatial_F1: 0.9891
2025-10-17 11:42:45,940 - INFO - temporal_CdAccuracy: 0.7357; temporal_PA: 0.9483; temporal_UA: 0.9337; temporal_F1: 0.941
2025-10-17 11:42:45,940 - INFO - Confusion Matrix
 [78227.	 1669.	    5.	   11.	   42.]
 [  744.	58818.	   28.	    0.	   37.]
 [    3.	  204.	 2482.	    0.	    0.]
 [   13.	   40.	    0.	 1459.	    0.]
 [    0.	  113.	    0.	    0.	11145.]
2025-10-17 11:42:45,941 - INFO - model saved 41 times, last saved epoch: 55.

2025-10-17 11:42:49,474 - INFO - Epoch 61, Train loss: 0.39811504278331994
2025-10-17 11:42:50,643 - INFO - mIoU: 0.9684; OA: 0.9847; AA: 0.9847; F1: 0.9839; Kappa: 0.9736;
2025-10-17 11:42:50,643 - INFO - spatial_LccAccuracy: 0.9307; spatial_PA: 0.9842; spatial_UA: 0.994; spatial_F1: 0.9891
2025-10-17 11:42:50,644 - INFO - temporal_CdAccuracy: 0.7546; temporal_PA: 0.9566; temporal_UA: 0.9468; temporal_F1: 0.9517
2025-10-17 11:42:50,644 - INFO - Confusion Matrix
 [79130.	  777.	    7.	    6.	   34.]
 [ 1229.	58244.	   82.	   12.	   60.]
 [    4.	   59.	 2626.	    0.	    0.]
 [   18.	    0.	    0.	 1494.	    0.]
 [    0.	   88.	    0.	    0.	11170.]
2025-10-17 11:42:50,708 - INFO - Epoch 61 saved.
2025-10-17 11:42:50,708 - INFO - model saved 42 times, last saved epoch: 61.

2025-10-17 11:42:54,180 - INFO - Epoch 62, Train loss: 0.4001266036182642
2025-10-17 11:42:55,482 - INFO - mIoU: 0.9678; OA: 0.985; AA: 0.9848; F1: 0.9836; Kappa: 0.9741;
2025-10-17 11:42:55,482 - INFO - spatial_LccAccuracy: 0.9327; spatial_PA: 0.9833; spatial_UA: 0.9937; spatial_F1: 0.9885
2025-10-17 11:42:55,482 - INFO - temporal_CdAccuracy: 0.7465; temporal_PA: 0.9557; temporal_UA: 0.9426; temporal_F1: 0.9491
2025-10-17 11:42:55,483 - INFO - Confusion Matrix
 [78774.	 1127.	    7.	   12.	   34.]
 [  842.	58638.	   94.	    6.	   47.]
 [    6.	   56.	 2627.	    0.	    0.]
 [   15.	    7.	    0.	 1490.	    0.]
 [    0.	   80.	    0.	    0.	11178.]
2025-10-17 11:42:55,483 - INFO - model saved 42 times, last saved epoch: 61.

2025-10-17 11:42:58,651 - INFO - Epoch 63, Train loss: 0.399492053873837
2025-10-17 11:43:00,129 - INFO - mIoU: 0.9684; OA: 0.9849; AA: 0.9808; F1: 0.9839; Kappa: 0.9739;
2025-10-17 11:43:00,129 - INFO - spatial_LccAccuracy: 0.9369; spatial_PA: 0.9878; spatial_UA: 0.995; spatial_F1: 0.9914
2025-10-17 11:43:00,129 - INFO - temporal_CdAccuracy: 0.755; temporal_PA: 0.9564; temporal_UA: 0.9487; temporal_F1: 0.9525
2025-10-17 11:43:00,130 - INFO - Confusion Matrix
 [79179.	  748.	    4.	    3.	   20.]
 [ 1250.	58262.	   52.	    5.	   58.]
 [    4.	   97.	 2588.	    0.	    0.]
 [   18.	   11.	    0.	 1483.	    0.]
 [    0.	   75.	    0.	    0.	11183.]
2025-10-17 11:43:00,131 - INFO - model saved 42 times, last saved epoch: 61.

2025-10-17 11:43:03,621 - INFO - Epoch 64, Train loss: 0.3972861997783184
2025-10-17 11:43:04,796 - INFO - mIoU: 0.9667; OA: 0.9833; AA: 0.9847; F1: 0.983; Kappa: 0.9712;
2025-10-17 11:43:04,796 - INFO - spatial_LccAccuracy: 0.9222; spatial_PA: 0.9826; spatial_UA: 0.9944; spatial_F1: 0.9885
2025-10-17 11:43:04,796 - INFO - temporal_CdAccuracy: 0.7485; temporal_PA: 0.9516; temporal_UA: 0.9435; temporal_F1: 0.9475
2025-10-17 11:43:04,797 - INFO - Confusion Matrix
 [79383.	  517.	    8.	   10.	   36.]
 [ 1694.	57751.	  103.	    6.	   73.]
 [    3.	   46.	 2640.	    0.	    0.]
 [   14.	    6.	    0.	 1492.	    0.]
 [    0.	   75.	    0.	    0.	11183.]
2025-10-17 11:43:04,798 - INFO - model saved 42 times, last saved epoch: 61.

2025-10-17 11:43:08,423 - INFO - Epoch 65, Train loss: 0.3987149493768811
2025-10-17 11:43:09,395 - INFO - mIoU: 0.9683; OA: 0.9841; AA: 0.9816; F1: 0.9839; Kappa: 0.9726;
2025-10-17 11:43:09,395 - INFO - spatial_LccAccuracy: 0.9226; spatial_PA: 0.9848; spatial_UA: 0.9933; spatial_F1: 0.989
2025-10-17 11:43:09,395 - INFO - temporal_CdAccuracy: 0.7488; temporal_PA: 0.9535; temporal_UA: 0.9418; temporal_F1: 0.9476
2025-10-17 11:43:09,395 - INFO - Confusion Matrix
 [79085.	  830.	    8.	    3.	   28.]
 [ 1292.	58213.	   63.	    0.	   59.]
 [    4.	   59.	 2626.	    0.	    0.]
 [   23.	   18.	    0.	 1471.	    0.]
 [    0.	   77.	    0.	    0.	11181.]
2025-10-17 11:43:09,396 - INFO - model saved 42 times, last saved epoch: 61.

2025-10-17 11:43:12,747 - INFO - Epoch 66, Train loss: 0.3992212550714612
2025-10-17 11:43:13,869 - INFO - mIoU: 0.9604; OA: 0.9841; AA: 0.9727; F1: 0.9797; Kappa: 0.9727;
2025-10-17 11:43:13,869 - INFO - spatial_LccAccuracy: 0.9222; spatial_PA: 0.9848; spatial_UA: 0.9933; spatial_F1: 0.989
2025-10-17 11:43:13,869 - INFO - temporal_CdAccuracy: 0.7531; temporal_PA: 0.9517; temporal_UA: 0.9475; temporal_F1: 0.9496
2025-10-17 11:43:13,870 - INFO - Confusion Matrix
 [78880.	 1039.	    4.	   11.	   20.]
 [  978.	58573.	   43.	    0.	   33.]
 [    4.	  163.	 2522.	    0.	    0.]
 [   12.	   38.	    0.	 1462.	    0.]
 [    0.	  114.	    0.	    0.	11144.]
2025-10-17 11:43:13,870 - INFO - model saved 42 times, last saved epoch: 61.

2025-10-17 11:43:17,102 - INFO - Epoch 67, Train loss: 0.3967710742726922
2025-10-17 11:43:18,006 - INFO - mIoU: 0.9634; OA: 0.9823; AA: 0.9835; F1: 0.9813; Kappa: 0.9695;
2025-10-17 11:43:18,006 - INFO - spatial_LccAccuracy: 0.9234; spatial_PA: 0.9902; spatial_UA: 0.9948; spatial_F1: 0.9925
2025-10-17 11:43:18,006 - INFO - temporal_CdAccuracy: 0.7426; temporal_PA: 0.9508; temporal_UA: 0.9388; temporal_F1: 0.9448
2025-10-17 11:43:18,007 - INFO - Confusion Matrix
 [78311.	 1592.	    5.	    4.	   42.]
 [  696.	58776.	  124.	   16.	   15.]
 [    3.	   57.	 2629.	    0.	    0.]
 [   11.	    3.	    0.	 1498.	    0.]
 [    0.	  180.	    0.	    0.	11078.]
2025-10-17 11:43:18,007 - INFO - model saved 42 times, last saved epoch: 61.

2025-10-17 11:43:21,223 - INFO - Epoch 68, Train loss: 0.3968126107007265
2025-10-17 11:43:22,412 - INFO - mIoU: 0.9665; OA: 0.9833; AA: 0.9828; F1: 0.9829; Kappa: 0.9713;
2025-10-17 11:43:22,413 - INFO - spatial_LccAccuracy: 0.9172; spatial_PA: 0.9817; spatial_UA: 0.9942; spatial_F1: 0.9879
2025-10-17 11:43:22,413 - INFO - temporal_CdAccuracy: 0.7396; temporal_PA: 0.9508; temporal_UA: 0.939; temporal_F1: 0.9449
2025-10-17 11:43:22,413 - INFO - Confusion Matrix
 [79424.	  498.	    6.	    2.	   24.]
 [ 1711.	57731.	   87.	   10.	   88.]
 [    6.	   67.	 2616.	    0.	    0.]
 [   20.	    3.	    0.	 1489.	    0.]
 [    0.	   60.	    0.	    0.	11198.]
2025-10-17 11:43:22,414 - INFO - model saved 42 times, last saved epoch: 61.

2025-10-17 11:43:25,481 - INFO - Epoch 69, Train loss: 0.3964420221745968
2025-10-17 11:43:26,578 - INFO - mIoU: 0.9707; OA: 0.9847; AA: 0.9848; F1: 0.9851; Kappa: 0.9736;
2025-10-17 11:43:26,579 - INFO - spatial_LccAccuracy: 0.93; spatial_PA: 0.986; spatial_UA: 0.9945; spatial_F1: 0.9902
2025-10-17 11:43:26,579 - INFO - temporal_CdAccuracy: 0.755; temporal_PA: 0.9548; temporal_UA: 0.95; temporal_F1: 0.9524
2025-10-17 11:43:26,579 - INFO - Confusion Matrix
 [79191.	  718.	    5.	    2.	   38.]
 [ 1320.	58172.	   70.	    6.	   59.]
 [    4.	   61.	 2624.	    0.	    0.]
 [   15.	    2.	    0.	 1495.	    0.]
 [    0.	   77.	    0.	    0.	11181.]
2025-10-17 11:43:26,639 - INFO - Epoch 69 saved.
2025-10-17 11:43:26,640 - INFO - model saved 43 times, last saved epoch: 69.

2025-10-17 11:43:30,165 - INFO - Epoch 70, Train loss: 0.39657877627760174
2025-10-17 11:43:31,318 - INFO - mIoU: 0.957; OA: 0.9832; AA: 0.9702; F1: 0.9777; Kappa: 0.9711;
2025-10-17 11:43:31,318 - INFO - spatial_LccAccuracy: 0.9172; spatial_PA: 0.988; spatial_UA: 0.9959; spatial_F1: 0.9919
2025-10-17 11:43:31,318 - INFO - temporal_CdAccuracy: 0.7469; temporal_PA: 0.9496; temporal_UA: 0.9424; temporal_F1: 0.946
2025-10-17 11:43:31,318 - INFO - Confusion Matrix
 [78558.	 1345.	    5.	    7.	   39.]
 [  732.	58815.	   45.	    3.	   32.]
 [    3.	  249.	 2437.	    0.	    0.]
 [   15.	    6.	    0.	 1491.	    0.]
 [    0.	  116.	    0.	    0.	11142.]
2025-10-17 11:43:31,319 - INFO - model saved 43 times, last saved epoch: 69.

2025-10-17 11:43:34,503 - INFO - Epoch 71, Train loss: 0.3974576165899634
2025-10-17 11:43:35,667 - INFO - mIoU: 0.9681; OA: 0.9848; AA: 0.9822; F1: 0.9837; Kappa: 0.9738;
2025-10-17 11:43:35,667 - INFO - spatial_LccAccuracy: 0.9214; spatial_PA: 0.9851; spatial_UA: 0.9942; spatial_F1: 0.9896
2025-10-17 11:43:35,667 - INFO - temporal_CdAccuracy: 0.7496; temporal_PA: 0.9555; temporal_UA: 0.9467; temporal_F1: 0.9511
2025-10-17 11:43:35,667 - INFO - Confusion Matrix
 [79143.	  772.	    5.	   11.	   23.]
 [ 1228.	58285.	   59.	    6.	   49.]
 [    4.	   86.	 2599.	    0.	    0.]
 [   14.	    9.	    0.	 1489.	    0.]
 [    0.	   88.	    0.	    0.	11170.]
2025-10-17 11:43:35,668 - INFO - model saved 43 times, last saved epoch: 69.

2025-10-17 11:43:38,973 - INFO - Epoch 72, Train loss: 0.39576663412153723
2025-10-17 11:43:40,054 - INFO - mIoU: 0.9584; OA: 0.9792; AA: 0.9814; F1: 0.9787; Kappa: 0.9642;
2025-10-17 11:43:40,054 - INFO - spatial_LccAccuracy: 0.906; spatial_PA: 0.9735; spatial_UA: 0.9885; spatial_F1: 0.9809
2025-10-17 11:43:40,054 - INFO - temporal_CdAccuracy: 0.7202; temporal_PA: 0.9446; temporal_UA: 0.9204; temporal_F1: 0.9324
2025-10-17 11:43:40,054 - INFO - Confusion Matrix
 [79475.	  440.	    4.	    5.	   30.]
 [ 2321.	57030.	  133.	   22.	  121.]
 [   22.	   40.	 2627.	    0.	    0.]
 [   23.	    0.	    0.	 1489.	    0.]
 [    6.	   52.	    0.	    0.	11200.]
2025-10-17 11:43:40,055 - INFO - model saved 43 times, last saved epoch: 69.

2025-10-17 11:43:43,543 - INFO - Epoch 73, Train loss: 0.39714702144265174
2025-10-17 11:43:44,823 - INFO - mIoU: 0.9682; OA: 0.9848; AA: 0.9831; F1: 0.9838; Kappa: 0.9738;
2025-10-17 11:43:44,824 - INFO - spatial_LccAccuracy: 0.9315; spatial_PA: 0.9875; spatial_UA: 0.9941; spatial_F1: 0.9908
2025-10-17 11:43:44,824 - INFO - temporal_CdAccuracy: 0.755; temporal_PA: 0.9581; temporal_UA: 0.9477; temporal_F1: 0.9529
2025-10-17 11:43:44,825 - INFO - Confusion Matrix
 [78755.	 1153.	    6.	    5.	   35.]
 [  843.	58670.	   79.	    6.	   29.]
 [    7.	   82.	 2600.	    0.	    0.]
 [   16.	    2.	    0.	 1494.	    0.]
 [    0.	   96.	    0.	    0.	11162.]
2025-10-17 11:43:44,826 - INFO - model saved 43 times, last saved epoch: 69.

2025-10-17 11:43:48,250 - INFO - Epoch 74, Train loss: 0.39763238206505774
2025-10-17 11:43:49,548 - INFO - mIoU: 0.9663; OA: 0.9831; AA: 0.9844; F1: 0.9828; Kappa: 0.9708;
2025-10-17 11:43:49,549 - INFO - spatial_LccAccuracy: 0.9238; spatial_PA: 0.9754; spatial_UA: 0.9925; spatial_F1: 0.9839
2025-10-17 11:43:49,549 - INFO - temporal_CdAccuracy: 0.7454; temporal_PA: 0.9559; temporal_UA: 0.9421; temporal_F1: 0.9489
2025-10-17 11:43:49,550 - INFO - Confusion Matrix
 [79337.	  558.	    7.	   10.	   42.]
 [ 1681.	57767.	  103.	    6.	   70.]
 [    4.	   54.	 2631.	    0.	    0.]
 [    8.	    9.	    0.	 1495.	    0.]
 [    0.	   72.	    0.	    0.	11186.]
2025-10-17 11:43:49,551 - INFO - model saved 43 times, last saved epoch: 69.

2025-10-17 11:43:52,955 - INFO - Epoch 75, Train loss: 0.39688736349344256
2025-10-17 11:43:54,355 - INFO - mIoU: 0.968; OA: 0.9846; AA: 0.9833; F1: 0.9837; Kappa: 0.9735;
2025-10-17 11:43:54,355 - INFO - spatial_LccAccuracy: 0.9307; spatial_PA: 0.9871; spatial_UA: 0.9956; spatial_F1: 0.9914
2025-10-17 11:43:54,355 - INFO - temporal_CdAccuracy: 0.7508; temporal_PA: 0.9609; temporal_UA: 0.944; temporal_F1: 0.9524
2025-10-17 11:43:54,356 - INFO - Confusion Matrix
 [78924.	  981.	    7.	    2.	   40.]
 [ 1004.	58471.	   88.	    3.	   61.]
 [    2.	   78.	 2609.	    0.	    0.]
 [   18.	    1.	    0.	 1493.	    0.]
 [    9.	   93.	    0.	    0.	11156.]
2025-10-17 11:43:54,356 - INFO - model saved 43 times, last saved epoch: 69.

2025-10-17 11:43:57,718 - INFO - Epoch 76, Train loss: 0.395949337258935
2025-10-17 11:43:58,993 - INFO - mIoU: 0.9696; OA: 0.9853; AA: 0.9825; F1: 0.9845; Kappa: 0.9747;
2025-10-17 11:43:58,993 - INFO - spatial_LccAccuracy: 0.9358; spatial_PA: 0.988; spatial_UA: 0.9959; spatial_F1: 0.9919
2025-10-17 11:43:58,993 - INFO - temporal_CdAccuracy: 0.7465; temporal_PA: 0.9596; temporal_UA: 0.9433; temporal_F1: 0.9514
2025-10-17 11:43:58,994 - INFO - Confusion Matrix
 [79092.	  809.	    5.	    3.	   45.]
 [ 1098.	58408.	   61.	    2.	   58.]
 [    1.	   95.	 2593.	    0.	    0.]
 [   15.	    5.	    0.	 1492.	    0.]
 [    0.	   80.	    0.	    0.	11178.]
2025-10-17 11:43:58,995 - INFO - model saved 43 times, last saved epoch: 69.

2025-10-17 11:44:02,344 - INFO - Epoch 77, Train loss: 0.39668439198285343
2025-10-17 11:44:03,500 - INFO - mIoU: 0.9703; OA: 0.9857; AA: 0.9828; F1: 0.9848; Kappa: 0.9754;
2025-10-17 11:44:03,501 - INFO - spatial_LccAccuracy: 0.935; spatial_PA: 0.9869; spatial_UA: 0.9947; spatial_F1: 0.9908
2025-10-17 11:44:03,501 - INFO - temporal_CdAccuracy: 0.7539; temporal_PA: 0.9598; temporal_UA: 0.9447; temporal_F1: 0.9522
2025-10-17 11:44:03,502 - INFO - Confusion Matrix
 [78974.	  944.	    3.	    3.	   30.]
 [  918.	58606.	   58.	    5.	   40.]
 [    4.	   93.	 2592.	    0.	    0.]
 [   15.	    3.	    0.	 1494.	    0.]
 [    0.	   99.	    0.	    0.	11159.]
2025-10-17 11:44:03,503 - INFO - model saved 43 times, last saved epoch: 69.

2025-10-17 11:44:06,973 - INFO - Epoch 78, Train loss: 0.3953858621418476
2025-10-17 11:44:08,302 - INFO - mIoU: 0.968; OA: 0.9845; AA: 0.9857; F1: 0.9837; Kappa: 0.9734;
2025-10-17 11:44:08,302 - INFO - spatial_LccAccuracy: 0.9296; spatial_PA: 0.9887; spatial_UA: 0.9952; spatial_F1: 0.9919
2025-10-17 11:44:08,302 - INFO - temporal_CdAccuracy: 0.7515; temporal_PA: 0.959; temporal_UA: 0.9399; temporal_F1: 0.9494
2025-10-17 11:44:08,303 - INFO - Confusion Matrix
 [79156.	  767.	    6.	    2.	   23.]
 [ 1269.	58164.	  119.	    9.	   66.]
 [    4.	   56.	 2629.	    0.	    0.]
 [   14.	    0.	    0.	 1498.	    0.]
 [    0.	   62.	    0.	    0.	11196.]
2025-10-17 11:44:08,304 - INFO - model saved 43 times, last saved epoch: 69.

2025-10-17 11:44:11,803 - INFO - Epoch 79, Train loss: 0.39596673510968683
2025-10-17 11:44:13,244 - INFO - mIoU: 0.9644; OA: 0.9838; AA: 0.9802; F1: 0.9818; Kappa: 0.972;
2025-10-17 11:44:13,244 - INFO - spatial_LccAccuracy: 0.9241; spatial_PA: 0.9842; spatial_UA: 0.994; spatial_F1: 0.9891
2025-10-17 11:44:13,245 - INFO - temporal_CdAccuracy: 0.7446; temporal_PA: 0.9566; temporal_UA: 0.9389; temporal_F1: 0.9477
2025-10-17 11:44:13,245 - INFO - Confusion Matrix
 [79216.	  686.	    4.	    0.	   48.]
 [ 1397.	58037.	   75.	   11.	  107.]
 [    4.	  114.	 2571.	    0.	    0.]
 [   23.	    0.	    0.	 1489.	    0.]
 [    0.	   47.	    0.	    0.	11211.]
2025-10-17 11:44:13,246 - INFO - model saved 43 times, last saved epoch: 69.

2025-10-17 11:44:16,822 - INFO - Epoch 80, Train loss: 0.39674470890313385
2025-10-17 11:44:18,052 - INFO - mIoU: 0.9675; OA: 0.9851; AA: 0.9841; F1: 0.9834; Kappa: 0.9743;
2025-10-17 11:44:18,052 - INFO - spatial_LccAccuracy: 0.935; spatial_PA: 0.9878; spatial_UA: 0.995; spatial_F1: 0.9914
2025-10-17 11:44:18,052 - INFO - temporal_CdAccuracy: 0.7539; temporal_PA: 0.9576; temporal_UA: 0.9476; temporal_F1: 0.9526
2025-10-17 11:44:18,053 - INFO - Confusion Matrix
 [79112.	  799.	    6.	    4.	   33.]
 [ 1126.	58346.	   97.	   12.	   46.]
 [    3.	   71.	 2615.	    0.	    0.]
 [   17.	    0.	    0.	 1495.	    0.]
 [    0.	   99.	    0.	    0.	11159.]
2025-10-17 11:44:18,054 - INFO - model saved 43 times, last saved epoch: 69.

2025-10-17 11:44:21,148 - INFO - Epoch 81, Train loss: 0.39484492000192406
2025-10-17 11:44:22,268 - INFO - mIoU: 0.9637; OA: 0.9832; AA: 0.9783; F1: 0.9814; Kappa: 0.9711;
2025-10-17 11:44:22,268 - INFO - spatial_LccAccuracy: 0.9187; spatial_PA: 0.9781; spatial_UA: 0.9932; spatial_F1: 0.9856
2025-10-17 11:44:22,268 - INFO - temporal_CdAccuracy: 0.745; temporal_PA: 0.946; temporal_UA: 0.9423; temporal_F1: 0.9441
2025-10-17 11:44:22,268 - INFO - Confusion Matrix
 [78903.	  998.	    3.	   10.	   40.]
 [ 1186.	58338.	   57.	    7.	   39.]
 [    2.	  127.	 2560.	    0.	    0.]
 [   20.	    4.	    0.	 1488.	    0.]
 [    0.	  109.	    0.	    0.	11149.]
2025-10-17 11:44:22,269 - INFO - model saved 43 times, last saved epoch: 69.

2025-10-17 11:44:25,359 - INFO - Epoch 82, Train loss: 0.3982835877686739
2025-10-17 11:44:26,725 - INFO - mIoU: 0.9649; OA: 0.982; AA: 0.9805; F1: 0.9821; Kappa: 0.9691;
2025-10-17 11:44:26,725 - INFO - spatial_LccAccuracy: 0.9156; spatial_PA: 0.9907; spatial_UA: 0.9966; spatial_F1: 0.9937
2025-10-17 11:44:26,725 - INFO - temporal_CdAccuracy: 0.7434; temporal_PA: 0.9417; temporal_UA: 0.9385; temporal_F1: 0.9401
2025-10-17 11:44:26,726 - INFO - Confusion Matrix
 [78083.	 1812.	    6.	    6.	   47.]
 [  581.	58913.	   54.	    5.	   74.]
 [    1.	   95.	 2593.	    0.	    0.]
 [   18.	   12.	    0.	 1482.	    0.]
 [    0.	   74.	    0.	    0.	11184.]
2025-10-17 11:44:26,727 - INFO - model saved 43 times, last saved epoch: 69.

2025-10-17 11:44:29,605 - INFO - Epoch 83, Train loss: 0.3951480293646455
2025-10-17 11:44:30,677 - INFO - mIoU: 0.9692; OA: 0.9859; AA: 0.9823; F1: 0.9843; Kappa: 0.9756;
2025-10-17 11:44:30,678 - INFO - spatial_LccAccuracy: 0.9392; spatial_PA: 0.9887; spatial_UA: 0.9952; spatial_F1: 0.9919
2025-10-17 11:44:30,678 - INFO - temporal_CdAccuracy: 0.7585; temporal_PA: 0.9577; temporal_UA: 0.95; temporal_F1: 0.9538
2025-10-17 11:44:30,679 - INFO - Confusion Matrix
 [79163.	  756.	    5.	    2.	   28.]
 [ 1057.	58426.	   64.	    4.	   76.]
 [    2.	   93.	 2594.	    0.	    0.]
 [   15.	    9.	    0.	 1488.	    0.]
 [    0.	   80.	    0.	    0.	11178.]
2025-10-17 11:44:30,680 - INFO - model saved 43 times, last saved epoch: 69.

2025-10-17 11:44:33,382 - INFO - Epoch 84, Train loss: 0.3942934097722173
2025-10-17 11:44:34,696 - INFO - mIoU: 0.9683; OA: 0.9843; AA: 0.9822; F1: 0.9838; Kappa: 0.973;
2025-10-17 11:44:34,696 - INFO - spatial_LccAccuracy: 0.9319; spatial_PA: 0.9907; spatial_UA: 0.9966; spatial_F1: 0.9937
2025-10-17 11:44:34,697 - INFO - temporal_CdAccuracy: 0.7457; temporal_PA: 0.9538; temporal_UA: 0.9431; temporal_F1: 0.9484
2025-10-17 11:44:34,697 - INFO - Confusion Matrix
 [78767.	 1165.	    6.	    3.	   13.]
 [  910.	58584.	   63.	    6.	   64.]
 [    3.	   93.	 2593.	    0.	    0.]
 [   17.	    4.	    0.	 1491.	    0.]
 [    0.	   80.	    0.	    0.	11178.]
2025-10-17 11:44:34,698 - INFO - model saved 43 times, last saved epoch: 69.

2025-10-17 11:44:37,954 - INFO - Epoch 85, Train loss: 0.3961190111935139
2025-10-17 11:44:39,317 - INFO - mIoU: 0.9666; OA: 0.9851; AA: 0.9794; F1: 0.9829; Kappa: 0.9743;
2025-10-17 11:44:39,318 - INFO - spatial_LccAccuracy: 0.933; spatial_PA: 0.9889; spatial_UA: 0.9961; spatial_F1: 0.9925
2025-10-17 11:44:39,318 - INFO - temporal_CdAccuracy: 0.7535; temporal_PA: 0.9573; temporal_UA: 0.948; temporal_F1: 0.9526
2025-10-17 11:44:39,319 - INFO - Confusion Matrix
 [78855.	 1047.	    6.	    5.	   41.]
 [  853.	58667.	   52.	    2.	   53.]
 [    3.	  120.	 2566.	    0.	    0.]
 [   15.	   12.	    0.	 1485.	    0.]
 [    0.	  106.	    0.	    0.	11152.]
2025-10-17 11:44:39,320 - INFO - model saved 43 times, last saved epoch: 69.

2025-10-17 11:44:42,810 - INFO - Epoch 86, Train loss: 0.3946475250646472
2025-10-17 11:44:44,092 - INFO - mIoU: 0.9665; OA: 0.9852; AA: 0.9783; F1: 0.9828; Kappa: 0.9745;
2025-10-17 11:44:44,092 - INFO - spatial_LccAccuracy: 0.9315; spatial_PA: 0.9844; spatial_UA: 0.9949; spatial_F1: 0.9896
2025-10-17 11:44:44,093 - INFO - temporal_CdAccuracy: 0.7515; temporal_PA: 0.9584; temporal_UA: 0.9449; temporal_F1: 0.9516
2025-10-17 11:44:44,093 - INFO - Confusion Matrix
 [79135.	  769.	    4.	    5.	   41.]
 [ 1105.	58431.	   39.	    5.	   47.]
 [    1.	  162.	 2526.	    0.	    0.]
 [   11.	    2.	    0.	 1499.	    0.]
 [    1.	   98.	    0.	    0.	11159.]
2025-10-17 11:44:44,093 - INFO - model saved 43 times, last saved epoch: 69.

2025-10-17 11:44:47,153 - INFO - Epoch 87, Train loss: 0.3934396181255579
2025-10-17 11:44:48,264 - INFO - mIoU: 0.9671; OA: 0.9855; AA: 0.986; F1: 0.9832; Kappa: 0.975;
2025-10-17 11:44:48,264 - INFO - spatial_LccAccuracy: 0.9315; spatial_PA: 0.9919; spatial_UA: 0.9978; spatial_F1: 0.9948
2025-10-17 11:44:48,264 - INFO - temporal_CdAccuracy: 0.7508; temporal_PA: 0.9577; temporal_UA: 0.9458; temporal_F1: 0.9517
2025-10-17 11:44:48,265 - INFO - Confusion Matrix
 [79027.	  895.	    5.	    4.	   23.]
 [  984.	58458.	  120.	   22.	   43.]
 [    6.	   47.	 2636.	    0.	    0.]
 [   17.	    0.	    0.	 1495.	    0.]
 [    1.	   85.	    0.	    0.	11172.]
2025-10-17 11:44:48,265 - INFO - model saved 43 times, last saved epoch: 69.

2025-10-17 11:44:51,870 - INFO - Epoch 88, Train loss: 0.39420383237302303
2025-10-17 11:44:53,043 - INFO - mIoU: 0.967; OA: 0.9856; AA: 0.9797; F1: 0.9831; Kappa: 0.9752;
2025-10-17 11:44:53,044 - INFO - spatial_LccAccuracy: 0.93; spatial_PA: 0.9905; spatial_UA: 0.9957; spatial_F1: 0.9931
2025-10-17 11:44:53,044 - INFO - temporal_CdAccuracy: 0.7597; temporal_PA: 0.955; temporal_UA: 0.9516; temporal_F1: 0.9533
2025-10-17 11:44:53,045 - INFO - Confusion Matrix
 [79070.	  838.	    7.	    3.	   36.]
 [  983.	58512.	   59.	    0.	   73.]
 [    2.	  121.	 2566.	    0.	    0.]
 [   15.	   14.	    0.	 1483.	    0.]
 [    0.	   79.	    0.	    0.	11179.]
2025-10-17 11:44:53,046 - INFO - model saved 43 times, last saved epoch: 69.

2025-10-17 11:44:56,528 - INFO - Epoch 89, Train loss: 0.3941197210922837
2025-10-17 11:44:57,695 - INFO - mIoU: 0.9651; OA: 0.9852; AA: 0.9768; F1: 0.9822; Kappa: 0.9745;
2025-10-17 11:44:57,695 - INFO - spatial_LccAccuracy: 0.9323; spatial_PA: 0.9869; spatial_UA: 0.9947; spatial_F1: 0.9908
2025-10-17 11:44:57,695 - INFO - temporal_CdAccuracy: 0.757; temporal_PA: 0.958; temporal_UA: 0.9493; temporal_F1: 0.9536
2025-10-17 11:44:57,695 - INFO - Confusion Matrix
 [79188.	  721.	    3.	    2.	   40.]
 [ 1148.	58382.	   54.	    0.	   43.]
 [    2.	  123.	 2564.	    0.	    0.]
 [   18.	   26.	    0.	 1468.	    0.]
 [    0.	  113.	    0.	    0.	11145.]
2025-10-17 11:44:57,696 - INFO - model saved 43 times, last saved epoch: 69.

