2025-08-25 15:43:03,814 - INFO - Epoch 0, Train loss: 1.4624230861663818.
2025-08-25 15:43:05,348 - INFO - mIoU: 0.1037; OA: 0.517; AA: 0.2003, [np.float64(0.9996), np.float64(0.0017), np.float64(0.0), np.float64(0.0), np.float64(0.0)]; F1: 0.3424; Kappa: 0.0013;
2025-08-25 15:43:05,348 - INFO - spatial_LccAccuracy: 0.0323; spatial_PA: 0.4831; spatial_UA: 0.4172; spatial_F1: 0.4477
2025-08-25 15:43:05,349 - INFO - temporal_CdAccuracy: 0.1932; temporal_PA: 0.5; temporal_UA: 0.5001; temporal_F1: 0.5001
2025-08-25 15:43:05,410 - INFO - Epoch 0 saved.
2025-08-25 15:43:05,410 - INFO - model saved 1 times, last saved epoch: 0.

2025-08-25 15:43:09,149 - INFO - Epoch 1, Train loss: 1.1864863634109497.
2025-08-25 15:43:10,615 - INFO - mIoU: 0.1813; OA: 0.6284; AA: 0.2622, [np.float64(0.9472), np.float64(0.3638), np.float64(0.0), np.float64(0.0), np.float64(0.0)]; F1: 0.6142; Kappa: 0.267;
2025-08-25 15:43:10,616 - INFO - spatial_LccAccuracy: 0.1337; spatial_PA: 0.66; spatial_UA: 0.6093; spatial_F1: 0.6336
2025-08-25 15:43:10,616 - INFO - temporal_CdAccuracy: 0.1785; temporal_PA: 0.5325; temporal_UA: 0.528; temporal_F1: 0.5302
2025-08-25 15:43:10,695 - INFO - Epoch 1 saved.
2025-08-25 15:43:10,696 - INFO - model saved 2 times, last saved epoch: 1.

2025-08-25 15:43:14,505 - INFO - Epoch 2, Train loss: 0.9373305439949036.
2025-08-25 15:43:15,905 - INFO - mIoU: 0.2392; OA: 0.7158; AA: 0.3129, [np.float64(0.8766), np.float64(0.6879), np.float64(0.0), np.float64(0.0), np.float64(0.0)]; F1: 0.748; Kappa: 0.4637;
2025-08-25 15:43:15,905 - INFO - spatial_LccAccuracy: 0.1992; spatial_PA: 0.773; spatial_UA: 0.6848; spatial_F1: 0.7262
2025-08-25 15:43:15,905 - INFO - temporal_CdAccuracy: 0.2302; temporal_PA: 0.6471; temporal_UA: 0.5992; temporal_F1: 0.6222
2025-08-25 15:43:16,026 - INFO - Epoch 2 saved.
2025-08-25 15:43:16,027 - INFO - model saved 3 times, last saved epoch: 2.

2025-08-25 15:43:19,849 - INFO - Epoch 3, Train loss: 0.7037239074707031.
2025-08-25 15:43:21,324 - INFO - mIoU: 0.2973; OA: 0.8011; AA: 0.3611, [np.float64(0.8872), np.float64(0.8911), np.float64(0.0), np.float64(0.0), np.float64(0.0273)]; F1: 0.5801; Kappa: 0.6319;
2025-08-25 15:43:21,324 - INFO - spatial_LccAccuracy: 0.314; spatial_PA: 0.8187; spatial_UA: 0.8102; spatial_F1: 0.8144
2025-08-25 15:43:21,324 - INFO - temporal_CdAccuracy: 0.2667; temporal_PA: 0.7316; temporal_UA: 0.6335; temporal_F1: 0.679
2025-08-25 15:43:21,375 - INFO - Epoch 3 saved.
2025-08-25 15:43:21,376 - INFO - model saved 4 times, last saved epoch: 3.

2025-08-25 15:43:25,121 - INFO - Epoch 4, Train loss: 0.4865167438983917.
2025-08-25 15:43:26,692 - INFO - mIoU: 0.5015; OA: 0.8844; AA: 0.5443, [np.float64(0.9229), np.float64(0.8933), np.float64(0.0), np.float64(0.0), np.float64(0.9055)]; F1: 0.9097; Kappa: 0.796;
2025-08-25 15:43:26,692 - INFO - spatial_LccAccuracy: 0.4333; spatial_PA: 0.9007; spatial_UA: 0.8599; spatial_F1: 0.8798
2025-08-25 15:43:26,692 - INFO - temporal_CdAccuracy: 0.3394; temporal_PA: 0.7415; temporal_UA: 0.6599; temporal_F1: 0.6984
2025-08-25 15:43:26,734 - INFO - Epoch 4 saved.
2025-08-25 15:43:26,735 - INFO - model saved 5 times, last saved epoch: 4.

2025-08-25 15:43:30,744 - INFO - Epoch 5, Train loss: 0.36932310461997986.
2025-08-25 15:43:32,362 - INFO - mIoU: 0.5588; OA: 0.9021; AA: 0.5972, [np.float64(0.9321), np.float64(0.9153), np.float64(0.2272), np.float64(0.0), np.float64(0.9111)]; F1: 0.7835; Kappa: 0.828;
2025-08-25 15:43:32,362 - INFO - spatial_LccAccuracy: 0.4943; spatial_PA: 0.9233; spatial_UA: 0.8732; spatial_F1: 0.8976
2025-08-25 15:43:32,362 - INFO - temporal_CdAccuracy: 0.373; temporal_PA: 0.7606; temporal_UA: 0.6823; temporal_F1: 0.7193
2025-08-25 15:43:32,406 - INFO - Epoch 5 saved.
2025-08-25 15:43:32,406 - INFO - model saved 6 times, last saved epoch: 5.

2025-08-25 15:43:36,223 - INFO - Epoch 6, Train loss: 0.3018445074558258.
2025-08-25 15:43:37,722 - INFO - mIoU: 0.6348; OA: 0.9175; AA: 0.6704, [np.float64(0.9458), np.float64(0.9205), np.float64(0.5748), np.float64(0.0), np.float64(0.9112)]; F1: 0.8777; Kappa: 0.8555;
2025-08-25 15:43:37,722 - INFO - spatial_LccAccuracy: 0.5629; spatial_PA: 0.9309; spatial_UA: 0.878; spatial_F1: 0.9037
2025-08-25 15:43:37,723 - INFO - temporal_CdAccuracy: 0.426; temporal_PA: 0.7776; temporal_UA: 0.7128; temporal_F1: 0.7438
2025-08-25 15:43:37,765 - INFO - Epoch 6 saved.
2025-08-25 15:43:37,766 - INFO - model saved 7 times, last saved epoch: 6.

2025-08-25 15:43:41,670 - INFO - Epoch 7, Train loss: 0.2554260492324829.
2025-08-25 15:43:43,740 - INFO - mIoU: 0.6693; OA: 0.9254; AA: 0.7102, [np.float64(0.9501), np.float64(0.9251), np.float64(0.7553), np.float64(0.0022), np.float64(0.9182)]; F1: 0.7279; Kappa: 0.8698;
2025-08-25 15:43:43,740 - INFO - spatial_LccAccuracy: 0.5905; spatial_PA: 0.9286; spatial_UA: 0.8882; spatial_F1: 0.9079
2025-08-25 15:43:43,740 - INFO - temporal_CdAccuracy: 0.4519; temporal_PA: 0.7853; temporal_UA: 0.7285; temporal_F1: 0.7559
2025-08-25 15:43:43,797 - INFO - Epoch 7 saved.
2025-08-25 15:43:43,797 - INFO - model saved 8 times, last saved epoch: 7.

2025-08-25 15:43:48,444 - INFO - Epoch 8, Train loss: 0.21980546414852142.
2025-08-25 15:43:50,397 - INFO - mIoU: 0.7133; OA: 0.9348; AA: 0.7483, [np.float64(0.95), np.float64(0.944), np.float64(0.7676), np.float64(0.1548), np.float64(0.9253)]; F1: 0.7878; Kappa: 0.8866;
2025-08-25 15:43:50,397 - INFO - spatial_LccAccuracy: 0.6358; spatial_PA: 0.9313; spatial_UA: 0.8897; spatial_F1: 0.91
2025-08-25 15:43:50,398 - INFO - temporal_CdAccuracy: 0.4992; temporal_PA: 0.8013; temporal_UA: 0.7532; temporal_F1: 0.7765
2025-08-25 15:43:50,524 - INFO - Epoch 8 saved.
2025-08-25 15:43:50,525 - INFO - model saved 9 times, last saved epoch: 8.

2025-08-25 15:43:55,224 - INFO - Epoch 9, Train loss: 0.18926826119422913.
2025-08-25 15:43:57,474 - INFO - mIoU: 0.7579; OA: 0.9424; AA: 0.7928, [np.float64(0.9584), np.float64(0.9451), np.float64(0.8207), np.float64(0.3087), np.float64(0.9311)]; F1: 0.8362; Kappa: 0.9;
2025-08-25 15:43:57,474 - INFO - spatial_LccAccuracy: 0.6818; spatial_PA: 0.9382; spatial_UA: 0.8957; spatial_F1: 0.9165
2025-08-25 15:43:57,475 - INFO - temporal_CdAccuracy: 0.5357; temporal_PA: 0.812; temporal_UA: 0.7767; temporal_F1: 0.794
2025-08-25 15:43:57,533 - INFO - Epoch 9 saved.
2025-08-25 15:43:57,533 - INFO - model saved 10 times, last saved epoch: 9.

2025-08-25 15:44:01,853 - INFO - Epoch 10, Train loss: 0.16577698290348053.
2025-08-25 15:44:03,948 - INFO - mIoU: 0.8035; OA: 0.9475; AA: 0.849, [np.float64(0.952), np.float64(0.9567), np.float64(0.8223), np.float64(0.5638), np.float64(0.9503)]; F1: 0.8813; Kappa: 0.9094;
2025-08-25 15:44:03,948 - INFO - spatial_LccAccuracy: 0.7093; spatial_PA: 0.9463; spatial_UA: 0.924; spatial_F1: 0.935
2025-08-25 15:44:03,948 - INFO - temporal_CdAccuracy: 0.5794; temporal_PA: 0.8402; temporal_UA: 0.7967; temporal_F1: 0.8178
2025-08-25 15:44:04,006 - INFO - Epoch 10 saved.
2025-08-25 15:44:04,007 - INFO - model saved 11 times, last saved epoch: 10.

2025-08-25 15:44:08,443 - INFO - Epoch 11, Train loss: 0.14590205252170563.
2025-08-25 15:44:10,425 - INFO - mIoU: 0.8335; OA: 0.9544; AA: 0.8714, [np.float64(0.9694), np.float64(0.9479), np.float64(0.8759), np.float64(0.6174), np.float64(0.9463)]; F1: 0.9026; Kappa: 0.921;
2025-08-25 15:44:10,426 - INFO - spatial_LccAccuracy: 0.7496; spatial_PA: 0.9503; spatial_UA: 0.9314; spatial_F1: 0.9407
2025-08-25 15:44:10,426 - INFO - temporal_CdAccuracy: 0.6159; temporal_PA: 0.8511; temporal_UA: 0.824; temporal_F1: 0.8373
2025-08-25 15:44:10,473 - INFO - Epoch 11 saved.
2025-08-25 15:44:10,474 - INFO - model saved 12 times, last saved epoch: 11.

2025-08-25 15:44:14,958 - INFO - Epoch 12, Train loss: 0.1314488798379898.
2025-08-25 15:44:17,216 - INFO - mIoU: 0.8508; OA: 0.9576; AA: 0.8908, [np.float64(0.9659), np.float64(0.9587), np.float64(0.8672), np.float64(0.7142), np.float64(0.9478)]; F1: 0.9153; Kappa: 0.9267;
2025-08-25 15:44:17,216 - INFO - spatial_LccAccuracy: 0.7706; spatial_PA: 0.9601; spatial_UA: 0.955; spatial_F1: 0.9575
2025-08-25 15:44:17,216 - INFO - temporal_CdAccuracy: 0.6399; temporal_PA: 0.871; temporal_UA: 0.8382; temporal_F1: 0.8543
2025-08-25 15:44:17,258 - INFO - Epoch 12 saved.
2025-08-25 15:44:17,259 - INFO - model saved 13 times, last saved epoch: 12.

2025-08-25 15:44:21,255 - INFO - Epoch 13, Train loss: 0.11776166409254074.
2025-08-25 15:44:22,968 - INFO - mIoU: 0.8762; OA: 0.9613; AA: 0.9184, [np.float64(0.9689), np.float64(0.9601), np.float64(0.883), np.float64(0.8276), np.float64(0.9523)]; F1: 0.9323; Kappa: 0.9333;
2025-08-25 15:44:22,969 - INFO - spatial_LccAccuracy: 0.7897; spatial_PA: 0.9596; spatial_UA: 0.9815; spatial_F1: 0.9704
2025-08-25 15:44:22,969 - INFO - temporal_CdAccuracy: 0.6645; temporal_PA: 0.889; temporal_UA: 0.8502; temporal_F1: 0.8692
2025-08-25 15:44:23,015 - INFO - Epoch 13 saved.
2025-08-25 15:44:23,016 - INFO - model saved 14 times, last saved epoch: 13.

2025-08-25 15:44:26,989 - INFO - Epoch 14, Train loss: 0.10816184431314468.
2025-08-25 15:44:28,464 - INFO - mIoU: 0.8805; OA: 0.9619; AA: 0.9241, [np.float64(0.9823), np.float64(0.9414), np.float64(0.9073), np.float64(0.8342), np.float64(0.9555)]; F1: 0.9349; Kappa: 0.9341;
2025-08-25 15:44:28,464 - INFO - spatial_LccAccuracy: 0.7998; spatial_PA: 0.9613; spatial_UA: 0.9679; spatial_F1: 0.9646
2025-08-25 15:44:28,464 - INFO - temporal_CdAccuracy: 0.6531; temporal_PA: 0.8748; temporal_UA: 0.8555; temporal_F1: 0.865
2025-08-25 15:44:28,507 - INFO - Epoch 14 saved.
2025-08-25 15:44:28,508 - INFO - model saved 15 times, last saved epoch: 14.

2025-08-25 15:44:32,289 - INFO - Epoch 15, Train loss: 0.10292530804872513.
2025-08-25 15:44:33,732 - INFO - mIoU: 0.8903; OA: 0.9649; AA: 0.9335, [np.float64(0.9627), np.float64(0.9718), np.float64(0.9014), np.float64(0.8575), np.float64(0.9744)]; F1: 0.9406; Kappa: 0.9396;
2025-08-25 15:44:33,733 - INFO - spatial_LccAccuracy: 0.7894; spatial_PA: 0.9583; spatial_UA: 0.9837; spatial_F1: 0.9708
2025-08-25 15:44:33,733 - INFO - temporal_CdAccuracy: 0.6684; temporal_PA: 0.8959; temporal_UA: 0.8542; temporal_F1: 0.8746
2025-08-25 15:44:33,897 - INFO - Epoch 15 saved.
2025-08-25 15:44:33,898 - INFO - model saved 16 times, last saved epoch: 15.

2025-08-25 15:44:37,725 - INFO - Epoch 16, Train loss: 0.0947813168168068.
2025-08-25 15:44:39,168 - INFO - mIoU: 0.8989; OA: 0.9677; AA: 0.9454, [np.float64(0.9805), np.float64(0.9561), np.float64(0.9221), np.float64(0.9112), np.float64(0.9569)]; F1: 0.9459; Kappa: 0.9443;
2025-08-25 15:44:39,168 - INFO - spatial_LccAccuracy: 0.8192; spatial_PA: 0.9618; spatial_UA: 0.9834; spatial_F1: 0.9724
2025-08-25 15:44:39,169 - INFO - temporal_CdAccuracy: 0.6901; temporal_PA: 0.9038; temporal_UA: 0.8787; temporal_F1: 0.8911
2025-08-25 15:44:39,211 - INFO - Epoch 16 saved.
2025-08-25 15:44:39,213 - INFO - model saved 17 times, last saved epoch: 16.

2025-08-25 15:44:43,016 - INFO - Epoch 17, Train loss: 0.09069430828094482.
2025-08-25 15:44:44,583 - INFO - mIoU: 0.8986; OA: 0.9688; AA: 0.9409, [np.float64(0.9712), np.float64(0.9693), np.float64(0.9276), np.float64(0.8624), np.float64(0.9741)]; F1: 0.9455; Kappa: 0.9464;
2025-08-25 15:44:44,584 - INFO - spatial_LccAccuracy: 0.8163; spatial_PA: 0.9716; spatial_UA: 0.9806; spatial_F1: 0.9761
2025-08-25 15:44:44,584 - INFO - temporal_CdAccuracy: 0.6837; temporal_PA: 0.9023; temporal_UA: 0.8742; temporal_F1: 0.888
2025-08-25 15:44:44,585 - INFO - model saved 17 times, last saved epoch: 16.

2025-08-25 15:44:48,509 - INFO - Epoch 18, Train loss: 0.08541835099458694.
2025-08-25 15:44:50,062 - INFO - mIoU: 0.8962; OA: 0.9688; AA: 0.9328, [np.float64(0.9864), np.float64(0.9548), np.float64(0.929), np.float64(0.8509), np.float64(0.9429)]; F1: 0.9441; Kappa: 0.946;
2025-08-25 15:44:50,062 - INFO - spatial_LccAccuracy: 0.8246; spatial_PA: 0.9687; spatial_UA: 0.9741; spatial_F1: 0.9714
2025-08-25 15:44:50,062 - INFO - temporal_CdAccuracy: 0.6888; temporal_PA: 0.905; temporal_UA: 0.8839; temporal_F1: 0.8943
2025-08-25 15:44:50,064 - INFO - model saved 17 times, last saved epoch: 16.

2025-08-25 15:44:53,838 - INFO - Epoch 19, Train loss: 0.08145127445459366.
2025-08-25 15:44:55,309 - INFO - mIoU: 0.9141; OA: 0.9734; AA: 0.9495, [np.float64(0.9804), np.float64(0.9662), np.float64(0.9042), np.float64(0.9099), np.float64(0.987)]; F1: 0.9544; Kappa: 0.9541;
2025-08-25 15:44:55,310 - INFO - spatial_LccAccuracy: 0.8443; spatial_PA: 0.9688; spatial_UA: 0.981; spatial_F1: 0.9749
2025-08-25 15:44:55,310 - INFO - temporal_CdAccuracy: 0.7033; temporal_PA: 0.9165; temporal_UA: 0.8955; temporal_F1: 0.9059
2025-08-25 15:44:55,353 - INFO - Epoch 19 saved.
2025-08-25 15:44:55,353 - INFO - model saved 18 times, last saved epoch: 19.

2025-08-25 15:44:59,297 - INFO - Epoch 20, Train loss: 0.07790731638669968.
2025-08-25 15:45:00,783 - INFO - mIoU: 0.9089; OA: 0.972; AA: 0.9584, [np.float64(0.9877), np.float64(0.9502), np.float64(0.9353), np.float64(0.9296), np.float64(0.9891)]; F1: 0.9513; Kappa: 0.9517;
2025-08-25 15:45:00,783 - INFO - spatial_LccAccuracy: 0.8492; spatial_PA: 0.9724; spatial_UA: 0.9768; spatial_F1: 0.9746
2025-08-25 15:45:00,783 - INFO - temporal_CdAccuracy: 0.702; temporal_PA: 0.9122; temporal_UA: 0.8969; temporal_F1: 0.9045
2025-08-25 15:45:00,785 - INFO - model saved 18 times, last saved epoch: 19.

2025-08-25 15:45:04,811 - INFO - Epoch 21, Train loss: 0.07483840733766556.
2025-08-25 15:45:06,351 - INFO - mIoU: 0.9179; OA: 0.9743; AA: 0.959, [np.float64(0.9777), np.float64(0.9707), np.float64(0.9323), np.float64(0.9296), np.float64(0.9848)]; F1: 0.9565; Kappa: 0.9558;
2025-08-25 15:45:06,351 - INFO - spatial_LccAccuracy: 0.8541; spatial_PA: 0.9739; spatial_UA: 0.9848; spatial_F1: 0.9793
2025-08-25 15:45:06,351 - INFO - temporal_CdAccuracy: 0.7031; temporal_PA: 0.9261; temporal_UA: 0.8978; temporal_F1: 0.9117
2025-08-25 15:45:06,393 - INFO - Epoch 21 saved.
2025-08-25 15:45:06,394 - INFO - model saved 19 times, last saved epoch: 21.

2025-08-25 15:45:10,314 - INFO - Epoch 22, Train loss: 0.07332480698823929.
2025-08-25 15:45:11,801 - INFO - mIoU: 0.9189; OA: 0.9752; AA: 0.9508, [np.float64(0.9788), np.float64(0.9736), np.float64(0.9257), np.float64(0.8945), np.float64(0.9814)]; F1: 0.9569; Kappa: 0.9574;
2025-08-25 15:45:11,801 - INFO - spatial_LccAccuracy: 0.8536; spatial_PA: 0.9721; spatial_UA: 0.9825; spatial_F1: 0.9773
2025-08-25 15:45:11,801 - INFO - temporal_CdAccuracy: 0.7036; temporal_PA: 0.9268; temporal_UA: 0.9004; temporal_F1: 0.9134
2025-08-25 15:45:11,886 - INFO - Epoch 22 saved.
2025-08-25 15:45:11,888 - INFO - model saved 20 times, last saved epoch: 22.

2025-08-25 15:45:15,799 - INFO - Epoch 23, Train loss: 0.0696338415145874.
2025-08-25 15:45:17,295 - INFO - mIoU: 0.9195; OA: 0.9762; AA: 0.9509, [np.float64(0.9834), np.float64(0.9687), np.float64(0.9245), np.float64(0.8883), np.float64(0.9897)]; F1: 0.9572; Kappa: 0.9591;
2025-08-25 15:45:17,295 - INFO - spatial_LccAccuracy: 0.8608; spatial_PA: 0.963; spatial_UA: 0.9837; spatial_F1: 0.9733
2025-08-25 15:45:17,295 - INFO - temporal_CdAccuracy: 0.7046; temporal_PA: 0.931; temporal_UA: 0.9081; temporal_F1: 0.9194
2025-08-25 15:45:17,339 - INFO - Epoch 23 saved.
2025-08-25 15:45:17,340 - INFO - model saved 21 times, last saved epoch: 23.

2025-08-25 15:45:21,194 - INFO - Epoch 24, Train loss: 0.06695960462093353.
2025-08-25 15:45:22,709 - INFO - mIoU: 0.9205; OA: 0.9756; AA: 0.9562, [np.float64(0.9776), np.float64(0.9734), np.float64(0.9219), np.float64(0.9142), np.float64(0.994)]; F1: 0.958; Kappa: 0.9581;
2025-08-25 15:45:22,709 - INFO - spatial_LccAccuracy: 0.8603; spatial_PA: 0.9728; spatial_UA: 0.9851; spatial_F1: 0.9789
2025-08-25 15:45:22,709 - INFO - temporal_CdAccuracy: 0.7074; temporal_PA: 0.9307; temporal_UA: 0.9009; temporal_F1: 0.9156
2025-08-25 15:45:22,755 - INFO - Epoch 24 saved.
2025-08-25 15:45:22,755 - INFO - model saved 22 times, last saved epoch: 24.

2025-08-25 15:45:26,745 - INFO - Epoch 25, Train loss: 0.06663056463003159.
2025-08-25 15:45:28,204 - INFO - mIoU: 0.9088; OA: 0.9748; AA: 0.9307, [np.float64(0.9774), np.float64(0.9788), np.float64(0.9247), np.float64(0.8004), np.float64(0.972)]; F1: 0.9508; Kappa: 0.9567;
2025-08-25 15:45:28,204 - INFO - spatial_LccAccuracy: 0.8458; spatial_PA: 0.9718; spatial_UA: 0.986; spatial_F1: 0.9789
2025-08-25 15:45:28,204 - INFO - temporal_CdAccuracy: 0.6901; temporal_PA: 0.9228; temporal_UA: 0.8951; temporal_F1: 0.9087
2025-08-25 15:45:28,206 - INFO - model saved 22 times, last saved epoch: 24.

2025-08-25 15:45:32,078 - INFO - Epoch 26, Train loss: 0.06239550560712814.
2025-08-25 15:45:33,596 - INFO - mIoU: 0.9232; OA: 0.9764; AA: 0.9503, [np.float64(0.9863), np.float64(0.9691), np.float64(0.9139), np.float64(0.9134), np.float64(0.9688)]; F1: 0.9595; Kappa: 0.9593;
2025-08-25 15:45:33,596 - INFO - spatial_LccAccuracy: 0.8681; spatial_PA: 0.976; spatial_UA: 0.9819; spatial_F1: 0.9789
2025-08-25 15:45:33,596 - INFO - temporal_CdAccuracy: 0.71; temporal_PA: 0.9315; temporal_UA: 0.9087; temporal_F1: 0.92
2025-08-25 15:45:33,638 - INFO - Epoch 26 saved.
2025-08-25 15:45:33,639 - INFO - model saved 23 times, last saved epoch: 26.

2025-08-25 15:45:37,439 - INFO - Epoch 27, Train loss: 0.06287717819213867.
2025-08-25 15:45:39,003 - INFO - mIoU: 0.9298; OA: 0.9781; AA: 0.9632, [np.float64(0.98), np.float64(0.9762), np.float64(0.9342), np.float64(0.9345), np.float64(0.9913)]; F1: 0.9631; Kappa: 0.9623;
2025-08-25 15:45:39,003 - INFO - spatial_LccAccuracy: 0.8836; spatial_PA: 0.9778; spatial_UA: 0.9888; spatial_F1: 0.9833
2025-08-25 15:45:39,003 - INFO - temporal_CdAccuracy: 0.7196; temporal_PA: 0.9345; temporal_UA: 0.9186; temporal_F1: 0.9265
2025-08-25 15:45:39,045 - INFO - Epoch 27 saved.
2025-08-25 15:45:39,046 - INFO - model saved 24 times, last saved epoch: 27.

2025-08-25 15:45:42,981 - INFO - Epoch 28, Train loss: 0.05940455198287964.
2025-08-25 15:45:44,480 - INFO - mIoU: 0.9177; OA: 0.9744; AA: 0.9731, [np.float64(0.971), np.float64(0.9764), np.float64(0.9597), np.float64(0.9653), np.float64(0.993)]; F1: 0.9564; Kappa: 0.9561;
2025-08-25 15:45:44,480 - INFO - spatial_LccAccuracy: 0.8531; spatial_PA: 0.9751; spatial_UA: 0.9875; spatial_F1: 0.9813
2025-08-25 15:45:44,480 - INFO - temporal_CdAccuracy: 0.6989; temporal_PA: 0.9304; temporal_UA: 0.8959; temporal_F1: 0.9128
2025-08-25 15:45:44,482 - INFO - model saved 24 times, last saved epoch: 27.

2025-08-25 15:45:48,309 - INFO - Epoch 29, Train loss: 0.05829706788063049.
2025-08-25 15:45:49,772 - INFO - mIoU: 0.9318; OA: 0.9786; AA: 0.9602, [np.float64(0.9885), np.float64(0.9671), np.float64(0.9318), np.float64(0.927), np.float64(0.9868)]; F1: 0.9643; Kappa: 0.9631;
2025-08-25 15:45:49,772 - INFO - spatial_LccAccuracy: 0.8885; spatial_PA: 0.977; spatial_UA: 0.9856; spatial_F1: 0.9813
2025-08-25 15:45:49,772 - INFO - temporal_CdAccuracy: 0.7258; temporal_PA: 0.933; temporal_UA: 0.9214; temporal_F1: 0.9272
2025-08-25 15:45:49,822 - INFO - Epoch 29 saved.
2025-08-25 15:45:49,823 - INFO - model saved 25 times, last saved epoch: 29.

2025-08-25 15:45:53,748 - INFO - Epoch 30, Train loss: 0.05718664452433586.
2025-08-25 15:45:55,225 - INFO - mIoU: 0.9287; OA: 0.9786; AA: 0.9694, [np.float64(0.9831), np.float64(0.9723), np.float64(0.9552), np.float64(0.9455), np.float64(0.991)]; F1: 0.9625; Kappa: 0.9633;
2025-08-25 15:45:55,225 - INFO - spatial_LccAccuracy: 0.8826; spatial_PA: 0.9825; spatial_UA: 0.9866; spatial_F1: 0.9845
2025-08-25 15:45:55,225 - INFO - temporal_CdAccuracy: 0.7126; temporal_PA: 0.9427; temporal_UA: 0.9175; temporal_F1: 0.9299
2025-08-25 15:45:55,227 - INFO - model saved 25 times, last saved epoch: 29.

2025-08-25 15:45:59,125 - INFO - Epoch 31, Train loss: 0.053353067487478256.
2025-08-25 15:46:00,688 - INFO - mIoU: 0.9285; OA: 0.9776; AA: 0.9462, [np.float64(0.9763), np.float64(0.9842), np.float64(0.9151), np.float64(0.8729), np.float64(0.9824)]; F1: 0.9624; Kappa: 0.9615;
2025-08-25 15:46:00,688 - INFO - spatial_LccAccuracy: 0.8761; spatial_PA: 0.9808; spatial_UA: 0.9782; spatial_F1: 0.9795
2025-08-25 15:46:00,688 - INFO - temporal_CdAccuracy: 0.7074; temporal_PA: 0.9333; temporal_UA: 0.9149; temporal_F1: 0.924
2025-08-25 15:46:00,689 - INFO - model saved 25 times, last saved epoch: 29.

2025-08-25 15:46:04,745 - INFO - Epoch 32, Train loss: 0.052129458636045456.
2025-08-25 15:46:06,208 - INFO - mIoU: 0.9397; OA: 0.9798; AA: 0.9627, [np.float64(0.9829), np.float64(0.9783), np.float64(0.925), np.float64(0.9433), np.float64(0.9839)]; F1: 0.9686; Kappa: 0.9652;
2025-08-25 15:46:06,209 - INFO - spatial_LccAccuracy: 0.8989; spatial_PA: 0.9821; spatial_UA: 0.983; spatial_F1: 0.9826
2025-08-25 15:46:06,209 - INFO - temporal_CdAccuracy: 0.7271; temporal_PA: 0.9385; temporal_UA: 0.9277; temporal_F1: 0.9331
2025-08-25 15:46:06,258 - INFO - Epoch 32 saved.
2025-08-25 15:46:06,259 - INFO - model saved 26 times, last saved epoch: 32.

2025-08-25 15:46:10,081 - INFO - Epoch 33, Train loss: 0.05190030485391617.
2025-08-25 15:46:11,558 - INFO - mIoU: 0.9381; OA: 0.9799; AA: 0.9726, [np.float64(0.9837), np.float64(0.9742), np.float64(0.9523), np.float64(0.9595), np.float64(0.993)]; F1: 0.9677; Kappa: 0.9655;
2025-08-25 15:46:11,558 - INFO - spatial_LccAccuracy: 0.8901; spatial_PA: 0.9773; spatial_UA: 0.9893; spatial_F1: 0.9833
2025-08-25 15:46:11,558 - INFO - temporal_CdAccuracy: 0.7142; temporal_PA: 0.951; temporal_UA: 0.9219; temporal_F1: 0.9362
2025-08-25 15:46:11,560 - INFO - model saved 26 times, last saved epoch: 32.

2025-08-25 15:46:16,167 - INFO - Epoch 34, Train loss: 0.04943934828042984.
2025-08-25 15:46:18,285 - INFO - mIoU: 0.9426; OA: 0.9811; AA: 0.9625, [np.float64(0.9869), np.float64(0.9765), np.float64(0.9202), np.float64(0.9442), np.float64(0.9848)]; F1: 0.9702; Kappa: 0.9675;
2025-08-25 15:46:18,285 - INFO - spatial_LccAccuracy: 0.9077; spatial_PA: 0.9809; spatial_UA: 0.9897; spatial_F1: 0.9853
2025-08-25 15:46:18,285 - INFO - temporal_CdAccuracy: 0.7305; temporal_PA: 0.9428; temporal_UA: 0.9327; temporal_F1: 0.9377
2025-08-25 15:46:18,344 - INFO - Epoch 34 saved.
2025-08-25 15:46:18,344 - INFO - model saved 27 times, last saved epoch: 34.

2025-08-25 15:46:23,137 - INFO - Epoch 35, Train loss: 0.04790379852056503.
2025-08-25 15:46:25,088 - INFO - mIoU: 0.9463; OA: 0.9816; AA: 0.9702, [np.float64(0.9877), np.float64(0.974), np.float64(0.9372), np.float64(0.96), np.float64(0.9921)]; F1: 0.9722; Kappa: 0.9683;
2025-08-25 15:46:25,088 - INFO - spatial_LccAccuracy: 0.9097; spatial_PA: 0.9798; spatial_UA: 0.9853; spatial_F1: 0.9825
2025-08-25 15:46:25,088 - INFO - temporal_CdAccuracy: 0.7315; temporal_PA: 0.9492; temporal_UA: 0.9344; temporal_F1: 0.9417
2025-08-25 15:46:25,131 - INFO - Epoch 35 saved.
2025-08-25 15:46:25,132 - INFO - model saved 28 times, last saved epoch: 35.

2025-08-25 15:46:29,034 - INFO - Epoch 36, Train loss: 0.046432286500930786.
2025-08-25 15:46:30,614 - INFO - mIoU: 0.9443; OA: 0.9816; AA: 0.9652, [np.float64(0.985), np.float64(0.9778), np.float64(0.942), np.float64(0.927), np.float64(0.9943)]; F1: 0.9711; Kappa: 0.9683;
2025-08-25 15:46:30,614 - INFO - spatial_LccAccuracy: 0.903; spatial_PA: 0.9797; spatial_UA: 0.9893; spatial_F1: 0.9845
2025-08-25 15:46:30,614 - INFO - temporal_CdAccuracy: 0.731; temporal_PA: 0.9489; temporal_UA: 0.9308; temporal_F1: 0.9397
2025-08-25 15:46:30,615 - INFO - model saved 28 times, last saved epoch: 35.

2025-08-25 15:46:34,522 - INFO - Epoch 37, Train loss: 0.044946130365133286.
2025-08-25 15:46:35,970 - INFO - mIoU: 0.9366; OA: 0.9803; AA: 0.9595, [np.float64(0.9837), np.float64(0.9798), np.float64(0.8728), np.float64(0.9741), np.float64(0.9871)]; F1: 0.9668; Kappa: 0.9661;
2025-08-25 15:46:35,970 - INFO - spatial_LccAccuracy: 0.8999; spatial_PA: 0.9832; spatial_UA: 0.9828; spatial_F1: 0.983
2025-08-25 15:46:35,970 - INFO - temporal_CdAccuracy: 0.7289; temporal_PA: 0.9453; temporal_UA: 0.9335; temporal_F1: 0.9394
2025-08-25 15:46:35,972 - INFO - model saved 28 times, last saved epoch: 35.

2025-08-25 15:46:39,953 - INFO - Epoch 38, Train loss: 0.04527580365538597.
2025-08-25 15:46:41,485 - INFO - mIoU: 0.9477; OA: 0.9821; AA: 0.9722, [np.float64(0.9896), np.float64(0.9716), np.float64(0.9594), np.float64(0.9468), np.float64(0.9935)]; F1: 0.973; Kappa: 0.9691;
2025-08-25 15:46:41,485 - INFO - spatial_LccAccuracy: 0.9082; spatial_PA: 0.9798; spatial_UA: 0.9876; spatial_F1: 0.9837
2025-08-25 15:46:41,485 - INFO - temporal_CdAccuracy: 0.73; temporal_PA: 0.9543; temporal_UA: 0.9345; temporal_F1: 0.9443
2025-08-25 15:46:41,527 - INFO - Epoch 38 saved.
2025-08-25 15:46:41,528 - INFO - model saved 29 times, last saved epoch: 38.

2025-08-25 15:46:45,346 - INFO - Epoch 39, Train loss: 0.04394131526350975.
2025-08-25 15:46:46,863 - INFO - mIoU: 0.9438; OA: 0.9817; AA: 0.9639, [np.float64(0.9891), np.float64(0.9748), np.float64(0.8945), np.float64(0.9727), np.float64(0.9882)]; F1: 0.9708; Kappa: 0.9684;
2025-08-25 15:46:46,863 - INFO - spatial_LccAccuracy: 0.9133; spatial_PA: 0.9825; spatial_UA: 0.9913; spatial_F1: 0.9869
2025-08-25 15:46:46,863 - INFO - temporal_CdAccuracy: 0.7359; temporal_PA: 0.9458; temporal_UA: 0.9363; temporal_F1: 0.941
2025-08-25 15:46:46,864 - INFO - model saved 29 times, last saved epoch: 38.

2025-08-25 15:46:50,734 - INFO - Epoch 40, Train loss: 0.043812185525894165.
2025-08-25 15:46:52,238 - INFO - mIoU: 0.947; OA: 0.9825; AA: 0.9791, [np.float64(0.9878), np.float64(0.9751), np.float64(0.9507), np.float64(0.9912), np.float64(0.9905)]; F1: 0.9726; Kappa: 0.9699;
2025-08-25 15:46:52,238 - INFO - spatial_LccAccuracy: 0.9131; spatial_PA: 0.9821; spatial_UA: 0.9918; spatial_F1: 0.9869
2025-08-25 15:46:52,238 - INFO - temporal_CdAccuracy: 0.7387; temporal_PA: 0.9529; temporal_UA: 0.9395; temporal_F1: 0.9461
2025-08-25 15:46:52,240 - INFO - model saved 29 times, last saved epoch: 38.

2025-08-25 15:46:56,064 - INFO - Epoch 41, Train loss: 0.0415051206946373.
2025-08-25 15:46:57,585 - INFO - mIoU: 0.9535; OA: 0.9824; AA: 0.981, [np.float64(0.9886), np.float64(0.9725), np.float64(0.9674), np.float64(0.9828), np.float64(0.9937)]; F1: 0.9761; Kappa: 0.9697;
2025-08-25 15:46:57,585 - INFO - spatial_LccAccuracy: 0.9113; spatial_PA: 0.9758; spatial_UA: 0.9901; spatial_F1: 0.9829
2025-08-25 15:46:57,585 - INFO - temporal_CdAccuracy: 0.7344; temporal_PA: 0.9551; temporal_UA: 0.9352; temporal_F1: 0.9451
2025-08-25 15:46:57,629 - INFO - Epoch 41 saved.
2025-08-25 15:46:57,630 - INFO - model saved 30 times, last saved epoch: 41.

2025-08-25 15:47:01,485 - INFO - Epoch 42, Train loss: 0.04122525081038475.
2025-08-25 15:47:02,992 - INFO - mIoU: 0.9522; OA: 0.982; AA: 0.9755, [np.float64(0.9826), np.float64(0.9809), np.float64(0.9568), np.float64(0.9657), np.float64(0.9916)]; F1: 0.9754; Kappa: 0.969;
2025-08-25 15:47:02,993 - INFO - spatial_LccAccuracy: 0.9133; spatial_PA: 0.9838; spatial_UA: 0.9893; spatial_F1: 0.9865
2025-08-25 15:47:02,993 - INFO - temporal_CdAccuracy: 0.7367; temporal_PA: 0.9487; temporal_UA: 0.9376; temporal_F1: 0.9431
2025-08-25 15:47:02,994 - INFO - model saved 30 times, last saved epoch: 41.

2025-08-25 15:47:06,804 - INFO - Epoch 43, Train loss: 0.041092172265052795.
2025-08-25 15:47:08,371 - INFO - mIoU: 0.9508; OA: 0.9819; AA: 0.9692, [np.float64(0.9896), np.float64(0.9724), np.float64(0.9299), np.float64(0.9604), np.float64(0.9934)]; F1: 0.9747; Kappa: 0.9689;
2025-08-25 15:47:08,371 - INFO - spatial_LccAccuracy: 0.9102; spatial_PA: 0.9783; spatial_UA: 0.9908; spatial_F1: 0.9845
2025-08-25 15:47:08,372 - INFO - temporal_CdAccuracy: 0.7375; temporal_PA: 0.9533; temporal_UA: 0.9341; temporal_F1: 0.9436
2025-08-25 15:47:08,373 - INFO - model saved 30 times, last saved epoch: 41.

2025-08-25 15:47:12,247 - INFO - Epoch 44, Train loss: 0.03908562660217285.
2025-08-25 15:47:13,698 - INFO - mIoU: 0.9515; OA: 0.9825; AA: 0.9751, [np.float64(0.9822), np.float64(0.9833), np.float64(0.9396), np.float64(0.9785), np.float64(0.9918)]; F1: 0.975; Kappa: 0.9699;
2025-08-25 15:47:13,698 - INFO - spatial_LccAccuracy: 0.9131; spatial_PA: 0.9822; spatial_UA: 0.99; spatial_F1: 0.9861
2025-08-25 15:47:13,699 - INFO - temporal_CdAccuracy: 0.7341; temporal_PA: 0.9512; temporal_UA: 0.9344; temporal_F1: 0.9427
2025-08-25 15:47:13,700 - INFO - model saved 30 times, last saved epoch: 41.

2025-08-25 15:47:17,581 - INFO - Epoch 45, Train loss: 0.0383412167429924.
2025-08-25 15:47:19,054 - INFO - mIoU: 0.9539; OA: 0.9826; AA: 0.9772, [np.float64(0.982), np.float64(0.9837), np.float64(0.9391), np.float64(0.9908), np.float64(0.9907)]; F1: 0.9763; Kappa: 0.97;
2025-08-25 15:47:19,054 - INFO - spatial_LccAccuracy: 0.9128; spatial_PA: 0.9841; spatial_UA: 0.9905; spatial_F1: 0.9873
2025-08-25 15:47:19,055 - INFO - temporal_CdAccuracy: 0.738; temporal_PA: 0.9543; temporal_UA: 0.9345; temporal_F1: 0.9443
2025-08-25 15:47:19,097 - INFO - Epoch 45 saved.
2025-08-25 15:47:19,098 - INFO - model saved 31 times, last saved epoch: 45.

2025-08-25 15:47:22,857 - INFO - Epoch 46, Train loss: 0.03773392364382744.
2025-08-25 15:47:24,333 - INFO - mIoU: 0.9499; OA: 0.9836; AA: 0.9785, [np.float64(0.9888), np.float64(0.9768), np.float64(0.945), np.float64(0.9912), np.float64(0.9905)]; F1: 0.9741; Kappa: 0.9717;
2025-08-25 15:47:24,333 - INFO - spatial_LccAccuracy: 0.9162; spatial_PA: 0.9835; spatial_UA: 0.9927; spatial_F1: 0.9881
2025-08-25 15:47:24,334 - INFO - temporal_CdAccuracy: 0.7439; temporal_PA: 0.9578; temporal_UA: 0.9427; temporal_F1: 0.9502
2025-08-25 15:47:24,335 - INFO - model saved 31 times, last saved epoch: 45.

2025-08-25 15:47:28,248 - INFO - Epoch 47, Train loss: 0.03748012334108353.
2025-08-25 15:47:29,705 - INFO - mIoU: 0.9591; OA: 0.9838; AA: 0.976, [np.float64(0.9846), np.float64(0.9836), np.float64(0.9585), np.float64(0.9657), np.float64(0.9878)]; F1: 0.979; Kappa: 0.9721;
2025-08-25 15:47:29,706 - INFO - spatial_LccAccuracy: 0.9203; spatial_PA: 0.986; spatial_UA: 0.991; spatial_F1: 0.9885
2025-08-25 15:47:29,706 - INFO - temporal_CdAccuracy: 0.7424; temporal_PA: 0.9525; temporal_UA: 0.9419; temporal_F1: 0.9472
2025-08-25 15:47:29,748 - INFO - Epoch 47 saved.
2025-08-25 15:47:29,749 - INFO - model saved 32 times, last saved epoch: 47.

2025-08-25 15:47:33,532 - INFO - Epoch 48, Train loss: 0.03682459145784378.
2025-08-25 15:47:35,023 - INFO - mIoU: 0.9593; OA: 0.9837; AA: 0.9804, [np.float64(0.9878), np.float64(0.9777), np.float64(0.9653), np.float64(0.9793), np.float64(0.9916)]; F1: 0.9791; Kappa: 0.972;
2025-08-25 15:47:35,023 - INFO - spatial_LccAccuracy: 0.9237; spatial_PA: 0.9832; spatial_UA: 0.9915; spatial_F1: 0.9873
2025-08-25 15:47:35,023 - INFO - temporal_CdAccuracy: 0.7393; temporal_PA: 0.9544; temporal_UA: 0.9364; temporal_F1: 0.9453
2025-08-25 15:47:35,071 - INFO - Epoch 48 saved.
2025-08-25 15:47:35,071 - INFO - model saved 33 times, last saved epoch: 48.

2025-08-25 15:47:38,850 - INFO - Epoch 49, Train loss: 0.03626704216003418.
2025-08-25 15:47:40,356 - INFO - mIoU: 0.9551; OA: 0.9829; AA: 0.9746, [np.float64(0.9893), np.float64(0.9746), np.float64(0.9438), np.float64(0.9736), np.float64(0.9918)]; F1: 0.9769; Kappa: 0.9705;
2025-08-25 15:47:40,356 - INFO - spatial_LccAccuracy: 0.9165; spatial_PA: 0.983; spatial_UA: 0.9908; spatial_F1: 0.9869
2025-08-25 15:47:40,357 - INFO - temporal_CdAccuracy: 0.7431; temporal_PA: 0.952; temporal_UA: 0.9434; temporal_F1: 0.9477
2025-08-25 15:47:40,358 - INFO - model saved 33 times, last saved epoch: 48.

2025-08-25 15:47:44,246 - INFO - Epoch 50, Train loss: 0.03519970551133156.
2025-08-25 15:47:45,783 - INFO - mIoU: 0.9598; OA: 0.9843; AA: 0.9801, [np.float64(0.9892), np.float64(0.977), np.float64(0.9632), np.float64(0.978), np.float64(0.9931)]; F1: 0.9794; Kappa: 0.9729;
2025-08-25 15:47:45,784 - INFO - spatial_LccAccuracy: 0.9281; spatial_PA: 0.9818; spatial_UA: 0.9929; spatial_F1: 0.9873
2025-08-25 15:47:45,784 - INFO - temporal_CdAccuracy: 0.7468; temporal_PA: 0.9557; temporal_UA: 0.9458; temporal_F1: 0.9507
2025-08-25 15:47:45,826 - INFO - Epoch 50 saved.
2025-08-25 15:47:45,826 - INFO - model saved 34 times, last saved epoch: 50.

2025-08-25 15:47:49,653 - INFO - Epoch 51, Train loss: 0.03394327312707901.
2025-08-25 15:47:51,053 - INFO - mIoU: 0.9572; OA: 0.9839; AA: 0.9761, [np.float64(0.9898), np.float64(0.9769), np.float64(0.9313), np.float64(0.9916), np.float64(0.9908)]; F1: 0.978; Kappa: 0.9722;
2025-08-25 15:47:51,053 - INFO - spatial_LccAccuracy: 0.9255; spatial_PA: 0.9836; spatial_UA: 0.9934; spatial_F1: 0.9885
2025-08-25 15:47:51,054 - INFO - temporal_CdAccuracy: 0.7496; temporal_PA: 0.9552; temporal_UA: 0.9437; temporal_F1: 0.9494
2025-08-25 15:47:51,055 - INFO - model saved 34 times, last saved epoch: 50.

2025-08-25 15:47:54,953 - INFO - Epoch 52, Train loss: 0.03279975429177284.
2025-08-25 15:47:56,452 - INFO - mIoU: 0.9597; OA: 0.9822; AA: 0.9775, [np.float64(0.9791), np.float64(0.9863), np.float64(0.9504), np.float64(0.9802), np.float64(0.9914)]; F1: 0.9794; Kappa: 0.9695;
2025-08-25 15:47:56,453 - INFO - spatial_LccAccuracy: 0.9123; spatial_PA: 0.9849; spatial_UA: 0.989; spatial_F1: 0.9869
2025-08-25 15:47:56,453 - INFO - temporal_CdAccuracy: 0.7364; temporal_PA: 0.9544; temporal_UA: 0.9351; temporal_F1: 0.9447
2025-08-25 15:47:56,454 - INFO - model saved 34 times, last saved epoch: 50.

2025-08-25 15:48:00,341 - INFO - Epoch 53, Train loss: 0.03318456932902336.
2025-08-25 15:48:01,859 - INFO - mIoU: 0.9523; OA: 0.9829; AA: 0.9756, [np.float64(0.993), np.float64(0.969), np.float64(0.9415), np.float64(0.9798), np.float64(0.9946)]; F1: 0.9754; Kappa: 0.9705;
2025-08-25 15:48:01,860 - INFO - spatial_LccAccuracy: 0.917; spatial_PA: 0.9808; spatial_UA: 0.989; spatial_F1: 0.9849
2025-08-25 15:48:01,860 - INFO - temporal_CdAccuracy: 0.7375; temporal_PA: 0.9563; temporal_UA: 0.9401; temporal_F1: 0.9481
2025-08-25 15:48:01,861 - INFO - model saved 34 times, last saved epoch: 50.

2025-08-25 15:48:05,984 - INFO - Epoch 54, Train loss: 0.03388538211584091.
2025-08-25 15:48:07,456 - INFO - mIoU: 0.9575; OA: 0.9828; AA: 0.9781, [np.float64(0.9899), np.float64(0.9729), np.float64(0.9481), np.float64(0.9864), np.float64(0.9933)]; F1: 0.9782; Kappa: 0.9704;
2025-08-25 15:48:07,456 - INFO - spatial_LccAccuracy: 0.9263; spatial_PA: 0.983; spatial_UA: 0.9932; spatial_F1: 0.9881
2025-08-25 15:48:07,456 - INFO - temporal_CdAccuracy: 0.7367; temporal_PA: 0.955; temporal_UA: 0.939; temporal_F1: 0.9469
2025-08-25 15:48:07,458 - INFO - model saved 34 times, last saved epoch: 50.

2025-08-25 15:48:11,275 - INFO - Epoch 55, Train loss: 0.03275476023554802.
2025-08-25 15:48:12,697 - INFO - mIoU: 0.96; OA: 0.9842; AA: 0.9773, [np.float64(0.9907), np.float64(0.9756), np.float64(0.9566), np.float64(0.9719), np.float64(0.9916)]; F1: 0.9795; Kappa: 0.9728;
2025-08-25 15:48:12,697 - INFO - spatial_LccAccuracy: 0.925; spatial_PA: 0.9796; spatial_UA: 0.9911; spatial_F1: 0.9853
2025-08-25 15:48:12,697 - INFO - temporal_CdAccuracy: 0.7442; temporal_PA: 0.9566; temporal_UA: 0.9424; temporal_F1: 0.9495
2025-08-25 15:48:12,739 - INFO - Epoch 55 saved.
2025-08-25 15:48:12,740 - INFO - model saved 35 times, last saved epoch: 55.

2025-08-25 15:48:16,594 - INFO - Epoch 56, Train loss: 0.032443828880786896.
2025-08-25 15:48:18,131 - INFO - mIoU: 0.947; OA: 0.9835; AA: 0.9811, [np.float64(0.9911), np.float64(0.9721), np.float64(0.9587), np.float64(0.9886), np.float64(0.9949)]; F1: 0.9725; Kappa: 0.9716;
2025-08-25 15:48:18,131 - INFO - spatial_LccAccuracy: 0.9162; spatial_PA: 0.983; spatial_UA: 0.9908; spatial_F1: 0.9869
2025-08-25 15:48:18,131 - INFO - temporal_CdAccuracy: 0.7413; temporal_PA: 0.9598; temporal_UA: 0.9425; temporal_F1: 0.9511
2025-08-25 15:48:18,133 - INFO - model saved 35 times, last saved epoch: 55.

2025-08-25 15:48:22,172 - INFO - Epoch 57, Train loss: 0.031233638525009155.
2025-08-25 15:48:23,675 - INFO - mIoU: 0.9616; OA: 0.9846; AA: 0.98, [np.float64(0.9872), np.float64(0.9812), np.float64(0.9571), np.float64(0.9828), np.float64(0.9914)]; F1: 0.9803; Kappa: 0.9736;
2025-08-25 15:48:23,675 - INFO - spatial_LccAccuracy: 0.9322; spatial_PA: 0.9841; spatial_UA: 0.9905; spatial_F1: 0.9873
2025-08-25 15:48:23,676 - INFO - temporal_CdAccuracy: 0.7483; temporal_PA: 0.9596; temporal_UA: 0.9485; temporal_F1: 0.954
2025-08-25 15:48:23,721 - INFO - Epoch 57 saved.
2025-08-25 15:48:23,722 - INFO - model saved 36 times, last saved epoch: 57.

2025-08-25 15:48:27,532 - INFO - Epoch 58, Train loss: 0.030027898028492928.
2025-08-25 15:48:29,111 - INFO - mIoU: 0.9617; OA: 0.9852; AA: 0.9787, [np.float64(0.9873), np.float64(0.9828), np.float64(0.9479), np.float64(0.9833), np.float64(0.9923)]; F1: 0.9804; Kappa: 0.9745;
2025-08-25 15:48:29,111 - INFO - spatial_LccAccuracy: 0.9278; spatial_PA: 0.9863; spatial_UA: 0.9899; spatial_F1: 0.9881
2025-08-25 15:48:29,111 - INFO - temporal_CdAccuracy: 0.7439; temporal_PA: 0.9626; temporal_UA: 0.9454; temporal_F1: 0.9539
2025-08-25 15:48:29,152 - INFO - Epoch 58 saved.
2025-08-25 15:48:29,153 - INFO - model saved 37 times, last saved epoch: 58.

2025-08-25 15:48:33,491 - INFO - Epoch 59, Train loss: 0.030060352757573128.
2025-08-25 15:48:35,266 - INFO - mIoU: 0.9594; OA: 0.9841; AA: 0.975, [np.float64(0.9859), np.float64(0.9819), np.float64(0.9394), np.float64(0.9723), np.float64(0.9956)]; F1: 0.9792; Kappa: 0.9726;
2025-08-25 15:48:35,267 - INFO - spatial_LccAccuracy: 0.9286; spatial_PA: 0.9844; spatial_UA: 0.9894; spatial_F1: 0.9869
2025-08-25 15:48:35,267 - INFO - temporal_CdAccuracy: 0.7488; temporal_PA: 0.9607; temporal_UA: 0.9432; temporal_F1: 0.9519
2025-08-25 15:48:35,268 - INFO - model saved 37 times, last saved epoch: 58.

2025-08-25 15:48:39,775 - INFO - Epoch 60, Train loss: 0.029627494513988495.
2025-08-25 15:48:41,837 - INFO - mIoU: 0.956; OA: 0.984; AA: 0.9688, [np.float64(0.9862), np.float64(0.9829), np.float64(0.9353), np.float64(0.9477), np.float64(0.9917)]; F1: 0.9774; Kappa: 0.9725;
2025-08-25 15:48:41,838 - INFO - spatial_LccAccuracy: 0.926; spatial_PA: 0.9853; spatial_UA: 0.9885; spatial_F1: 0.9869
2025-08-25 15:48:41,838 - INFO - temporal_CdAccuracy: 0.7473; temporal_PA: 0.962; temporal_UA: 0.945; temporal_F1: 0.9534
2025-08-25 15:48:41,838 - INFO - model saved 37 times, last saved epoch: 58.

2025-08-25 15:48:46,276 - INFO - Epoch 61, Train loss: 0.029360873624682426.
2025-08-25 15:48:48,554 - INFO - mIoU: 0.9606; OA: 0.9842; AA: 0.9805, [np.float64(0.9912), np.float64(0.9734), np.float64(0.9712), np.float64(0.9701), np.float64(0.9966)]; F1: 0.9798; Kappa: 0.9729;
2025-08-25 15:48:48,554 - INFO - spatial_LccAccuracy: 0.9276; spatial_PA: 0.9816; spatial_UA: 0.9922; spatial_F1: 0.9869
2025-08-25 15:48:48,554 - INFO - temporal_CdAccuracy: 0.7442; temporal_PA: 0.9646; temporal_UA: 0.9411; temporal_F1: 0.9527
2025-08-25 15:48:48,555 - INFO - model saved 37 times, last saved epoch: 58.

2025-08-25 15:48:53,169 - INFO - Epoch 62, Train loss: 0.02805444784462452.
2025-08-25 15:48:55,314 - INFO - mIoU: 0.951; OA: 0.9836; AA: 0.9801, [np.float64(0.9883), np.float64(0.9766), np.float64(0.9471), np.float64(0.9934), np.float64(0.9951)]; F1: 0.9747; Kappa: 0.9718;
2025-08-25 15:48:55,314 - INFO - spatial_LccAccuracy: 0.9214; spatial_PA: 0.9852; spatial_UA: 0.9902; spatial_F1: 0.9877
2025-08-25 15:48:55,314 - INFO - temporal_CdAccuracy: 0.7496; temporal_PA: 0.959; temporal_UA: 0.9458; temporal_F1: 0.9524
2025-08-25 15:48:55,315 - INFO - model saved 37 times, last saved epoch: 58.

2025-08-25 15:48:59,947 - INFO - Epoch 63, Train loss: 0.027955086901783943.
2025-08-25 15:49:01,988 - INFO - mIoU: 0.9617; OA: 0.9848; AA: 0.9829, [np.float64(0.9843), np.float64(0.9857), np.float64(0.9641), np.float64(0.993), np.float64(0.9874)]; F1: 0.9804; Kappa: 0.9739;
2025-08-25 15:49:01,988 - INFO - spatial_LccAccuracy: 0.9252; spatial_PA: 0.9871; spatial_UA: 0.9931; spatial_F1: 0.9901
2025-08-25 15:49:01,989 - INFO - temporal_CdAccuracy: 0.7421; temporal_PA: 0.9599; temporal_UA: 0.9438; temporal_F1: 0.9518
2025-08-25 15:49:02,050 - INFO - Epoch 63 saved.
2025-08-25 15:49:02,051 - INFO - model saved 38 times, last saved epoch: 63.

2025-08-25 15:49:06,564 - INFO - Epoch 64, Train loss: 0.02745726890861988.
2025-08-25 15:49:08,810 - INFO - mIoU: 0.9608; OA: 0.9837; AA: 0.982, [np.float64(0.9826), np.float64(0.9838), np.float64(0.9587), np.float64(0.9886), np.float64(0.9962)]; F1: 0.9799; Kappa: 0.972;
2025-08-25 15:49:08,810 - INFO - spatial_LccAccuracy: 0.9307; spatial_PA: 0.9885; spatial_UA: 0.9894; spatial_F1: 0.9889
2025-08-25 15:49:08,810 - INFO - temporal_CdAccuracy: 0.7478; temporal_PA: 0.9583; temporal_UA: 0.9453; temporal_F1: 0.9517
2025-08-25 15:49:08,811 - INFO - model saved 38 times, last saved epoch: 63.

2025-08-25 15:49:13,504 - INFO - Epoch 65, Train loss: 0.027313927188515663.
2025-08-25 15:49:15,528 - INFO - mIoU: 0.9604; OA: 0.9842; AA: 0.9794, [np.float64(0.9923), np.float64(0.9731), np.float64(0.9481), np.float64(0.9903), np.float64(0.9933)]; F1: 0.9797; Kappa: 0.9728;
2025-08-25 15:49:15,528 - INFO - spatial_LccAccuracy: 0.9296; spatial_PA: 0.9842; spatial_UA: 0.9912; spatial_F1: 0.9877
2025-08-25 15:49:15,528 - INFO - temporal_CdAccuracy: 0.7465; temporal_PA: 0.9589; temporal_UA: 0.9448; temporal_F1: 0.9518
2025-08-25 15:49:15,530 - INFO - model saved 38 times, last saved epoch: 63.

2025-08-25 15:49:20,276 - INFO - Epoch 66, Train loss: 0.026183679699897766.
2025-08-25 15:49:22,449 - INFO - mIoU: 0.9622; OA: 0.9851; AA: 0.9809, [np.float64(0.9924), np.float64(0.975), np.float64(0.9729), np.float64(0.9723), np.float64(0.9918)]; F1: 0.9806; Kappa: 0.9744;
2025-08-25 15:49:22,450 - INFO - spatial_LccAccuracy: 0.9302; spatial_PA: 0.9797; spatial_UA: 0.9917; spatial_F1: 0.9857
2025-08-25 15:49:22,450 - INFO - temporal_CdAccuracy: 0.745; temporal_PA: 0.9647; temporal_UA: 0.9448; temporal_F1: 0.9547
2025-08-25 15:49:22,527 - INFO - Epoch 66 saved.
2025-08-25 15:49:22,528 - INFO - model saved 39 times, last saved epoch: 66.

2025-08-25 15:49:27,228 - INFO - Epoch 67, Train loss: 0.02635464072227478.
2025-08-25 15:49:29,556 - INFO - mIoU: 0.9596; OA: 0.985; AA: 0.9789, [np.float64(0.9903), np.float64(0.9781), np.float64(0.963), np.float64(0.9719), np.float64(0.9911)]; F1: 0.9793; Kappa: 0.9742;
2025-08-25 15:49:29,556 - INFO - spatial_LccAccuracy: 0.9302; spatial_PA: 0.9827; spatial_UA: 0.9919; spatial_F1: 0.9873
2025-08-25 15:49:29,556 - INFO - temporal_CdAccuracy: 0.7501; temporal_PA: 0.9623; temporal_UA: 0.9497; temporal_F1: 0.956
2025-08-25 15:49:29,557 - INFO - model saved 39 times, last saved epoch: 66.

2025-08-25 15:49:34,027 - INFO - Epoch 68, Train loss: 0.025428496301174164.
2025-08-25 15:49:35,952 - INFO - mIoU: 0.96; OA: 0.985; AA: 0.9823, [np.float64(0.9902), np.float64(0.9775), np.float64(0.9658), np.float64(0.985), np.float64(0.9929)]; F1: 0.9794; Kappa: 0.9743;
2025-08-25 15:49:35,953 - INFO - spatial_LccAccuracy: 0.9296; spatial_PA: 0.9832; spatial_UA: 0.9939; spatial_F1: 0.9885
2025-08-25 15:49:35,953 - INFO - temporal_CdAccuracy: 0.7514; temporal_PA: 0.964; temporal_UA: 0.9466; temporal_F1: 0.9552
2025-08-25 15:49:35,954 - INFO - model saved 39 times, last saved epoch: 66.

2025-08-25 15:49:40,814 - INFO - Epoch 69, Train loss: 0.025210827589035034.
2025-08-25 15:49:42,859 - INFO - mIoU: 0.959; OA: 0.9851; AA: 0.9815, [np.float64(0.9898), np.float64(0.9784), np.float64(0.9533), np.float64(0.9934), np.float64(0.9927)]; F1: 0.979; Kappa: 0.9743;
2025-08-25 15:49:42,859 - INFO - spatial_LccAccuracy: 0.9255; spatial_PA: 0.9833; spatial_UA: 0.9874; spatial_F1: 0.9853
2025-08-25 15:49:42,859 - INFO - temporal_CdAccuracy: 0.7473; temporal_PA: 0.9619; temporal_UA: 0.9446; temporal_F1: 0.9532
2025-08-25 15:49:42,861 - INFO - model saved 39 times, last saved epoch: 66.

2025-08-25 15:49:47,599 - INFO - Epoch 70, Train loss: 0.02467328868806362.
2025-08-25 15:49:49,568 - INFO - mIoU: 0.9635; OA: 0.9856; AA: 0.9842, [np.float64(0.9871), np.float64(0.9836), np.float64(0.9684), np.float64(0.9934), np.float64(0.9885)]; F1: 0.9813; Kappa: 0.9753;
2025-08-25 15:49:49,568 - INFO - spatial_LccAccuracy: 0.9361; spatial_PA: 0.9867; spatial_UA: 0.9895; spatial_F1: 0.9881
2025-08-25 15:49:49,568 - INFO - temporal_CdAccuracy: 0.7512; temporal_PA: 0.9634; temporal_UA: 0.9509; temporal_F1: 0.9571
2025-08-25 15:49:49,607 - INFO - Epoch 70 saved.
2025-08-25 15:49:49,608 - INFO - model saved 40 times, last saved epoch: 70.

2025-08-25 15:49:54,376 - INFO - Epoch 71, Train loss: 0.024462321773171425.
2025-08-25 15:49:56,572 - INFO - mIoU: 0.966; OA: 0.9859; AA: 0.9812, [np.float64(0.9918), np.float64(0.978), np.float64(0.9587), np.float64(0.9859), np.float64(0.9914)]; F1: 0.9826; Kappa: 0.9756;
2025-08-25 15:49:56,573 - INFO - spatial_LccAccuracy: 0.9322; spatial_PA: 0.9839; spatial_UA: 0.9923; spatial_F1: 0.9881
2025-08-25 15:49:56,573 - INFO - temporal_CdAccuracy: 0.7501; temporal_PA: 0.9652; temporal_UA: 0.9457; temporal_F1: 0.9553
2025-08-25 15:49:56,613 - INFO - Epoch 71 saved.
2025-08-25 15:49:56,613 - INFO - model saved 41 times, last saved epoch: 71.

2025-08-25 15:50:01,568 - INFO - Epoch 72, Train loss: 0.02422473393380642.
2025-08-25 15:50:03,617 - INFO - mIoU: 0.9639; OA: 0.9849; AA: 0.9816, [np.float64(0.9848), np.float64(0.9845), np.float64(0.9547), np.float64(0.989), np.float64(0.9952)]; F1: 0.9816; Kappa: 0.9741;
2025-08-25 15:50:03,617 - INFO - spatial_LccAccuracy: 0.9283; spatial_PA: 0.9864; spatial_UA: 0.9906; spatial_F1: 0.9885
2025-08-25 15:50:03,617 - INFO - temporal_CdAccuracy: 0.7486; temporal_PA: 0.9591; temporal_UA: 0.9449; temporal_F1: 0.952
2025-08-25 15:50:03,618 - INFO - model saved 41 times, last saved epoch: 71.

2025-08-25 15:50:08,242 - INFO - Epoch 73, Train loss: 0.023979539051651955.
2025-08-25 15:50:10,477 - INFO - mIoU: 0.959; OA: 0.985; AA: 0.9716, [np.float64(0.9911), np.float64(0.9781), np.float64(0.9346), np.float64(0.9591), np.float64(0.995)]; F1: 0.979; Kappa: 0.9743;
2025-08-25 15:50:10,477 - INFO - spatial_LccAccuracy: 0.933; spatial_PA: 0.9839; spatial_UA: 0.9923; spatial_F1: 0.9881
2025-08-25 15:50:10,477 - INFO - temporal_CdAccuracy: 0.7538; temporal_PA: 0.9627; temporal_UA: 0.9494; temporal_F1: 0.956
2025-08-25 15:50:10,478 - INFO - model saved 41 times, last saved epoch: 71.

2025-08-25 15:50:14,895 - INFO - Epoch 74, Train loss: 0.023027412593364716.
2025-08-25 15:50:16,957 - INFO - mIoU: 0.9643; OA: 0.9864; AA: 0.9772, [np.float64(0.9894), np.float64(0.9836), np.float64(0.937), np.float64(0.9842), np.float64(0.9919)]; F1: 0.9817; Kappa: 0.9766;
2025-08-25 15:50:16,957 - INFO - spatial_LccAccuracy: 0.9335; spatial_PA: 0.9863; spatial_UA: 0.9923; spatial_F1: 0.9893
2025-08-25 15:50:16,957 - INFO - temporal_CdAccuracy: 0.7509; temporal_PA: 0.9638; temporal_UA: 0.9481; temporal_F1: 0.9559
2025-08-25 15:50:16,959 - INFO - model saved 41 times, last saved epoch: 71.

2025-08-25 15:50:21,504 - INFO - Epoch 75, Train loss: 0.02269439771771431.
2025-08-25 15:50:23,830 - INFO - mIoU: 0.9591; OA: 0.9856; AA: 0.9711, [np.float64(0.9898), np.float64(0.9813), np.float64(0.9417), np.float64(0.9485), np.float64(0.9939)]; F1: 0.979; Kappa: 0.9752;
2025-08-25 15:50:23,830 - INFO - spatial_LccAccuracy: 0.9346; spatial_PA: 0.9889; spatial_UA: 0.9912; spatial_F1: 0.9901
2025-08-25 15:50:23,830 - INFO - temporal_CdAccuracy: 0.7499; temporal_PA: 0.9641; temporal_UA: 0.9488; temporal_F1: 0.9564
2025-08-25 15:50:23,830 - INFO - model saved 41 times, last saved epoch: 71.

2025-08-25 15:50:28,502 - INFO - Epoch 76, Train loss: 0.021886887028813362.
2025-08-25 15:50:30,513 - INFO - mIoU: 0.9571; OA: 0.985; AA: 0.9728, [np.float64(0.9903), np.float64(0.9793), np.float64(0.9358), np.float64(0.9653), np.float64(0.9931)]; F1: 0.978; Kappa: 0.9742;
2025-08-25 15:50:30,513 - INFO - spatial_LccAccuracy: 0.9307; spatial_PA: 0.9866; spatial_UA: 0.9936; spatial_F1: 0.9901
2025-08-25 15:50:30,513 - INFO - temporal_CdAccuracy: 0.7499; temporal_PA: 0.9671; temporal_UA: 0.9424; temporal_F1: 0.9546
2025-08-25 15:50:30,514 - INFO - model saved 41 times, last saved epoch: 71.

2025-08-25 15:50:35,187 - INFO - Epoch 77, Train loss: 0.022170603275299072.
2025-08-25 15:50:37,308 - INFO - mIoU: 0.9661; OA: 0.986; AA: 0.9799, [np.float64(0.9874), np.float64(0.9849), np.float64(0.9476), np.float64(0.9881), np.float64(0.9916)]; F1: 0.9827; Kappa: 0.9759;
2025-08-25 15:50:37,308 - INFO - spatial_LccAccuracy: 0.94; spatial_PA: 0.9897; spatial_UA: 0.992; spatial_F1: 0.9909
2025-08-25 15:50:37,308 - INFO - temporal_CdAccuracy: 0.7558; temporal_PA: 0.9635; temporal_UA: 0.9524; temporal_F1: 0.9579
2025-08-25 15:50:37,356 - INFO - Epoch 77 saved.
2025-08-25 15:50:37,357 - INFO - model saved 42 times, last saved epoch: 77.

2025-08-25 15:50:41,981 - INFO - Epoch 78, Train loss: 0.02052410878241062.
2025-08-25 15:50:44,233 - INFO - mIoU: 0.9623; OA: 0.9856; AA: 0.9757, [np.float64(0.9901), np.float64(0.9809), np.float64(0.9273), np.float64(0.9881), np.float64(0.9921)]; F1: 0.9806; Kappa: 0.9752;
2025-08-25 15:50:44,233 - INFO - spatial_LccAccuracy: 0.9335; spatial_PA: 0.9874; spatial_UA: 0.9944; spatial_F1: 0.9909
2025-08-25 15:50:44,233 - INFO - temporal_CdAccuracy: 0.7543; temporal_PA: 0.963; temporal_UA: 0.9495; temporal_F1: 0.9562
2025-08-25 15:50:44,235 - INFO - model saved 42 times, last saved epoch: 77.

2025-08-25 15:50:48,541 - INFO - Epoch 79, Train loss: 0.02089107036590576.
2025-08-25 15:50:50,349 - INFO - mIoU: 0.9655; OA: 0.9857; AA: 0.9822, [np.float64(0.9857), np.float64(0.9856), np.float64(0.9566), np.float64(0.9903), np.float64(0.9929)]; F1: 0.9824; Kappa: 0.9754;
2025-08-25 15:50:50,349 - INFO - spatial_LccAccuracy: 0.9356; spatial_PA: 0.9901; spatial_UA: 0.9933; spatial_F1: 0.9917
2025-08-25 15:50:50,349 - INFO - temporal_CdAccuracy: 0.7563; temporal_PA: 0.9618; temporal_UA: 0.9507; temporal_F1: 0.9562
2025-08-25 15:50:50,349 - INFO - model saved 42 times, last saved epoch: 77.

2025-08-25 15:50:54,563 - INFO - Epoch 80, Train loss: 0.020830513909459114.
2025-08-25 15:50:56,612 - INFO - mIoU: 0.9642; OA: 0.986; AA: 0.977, [np.float64(0.9892), np.float64(0.9825), np.float64(0.9474), np.float64(0.9732), np.float64(0.9928)]; F1: 0.9817; Kappa: 0.9759;
2025-08-25 15:50:56,612 - INFO - spatial_LccAccuracy: 0.9384; spatial_PA: 0.9853; spatial_UA: 0.9909; spatial_F1: 0.9881
2025-08-25 15:50:56,612 - INFO - temporal_CdAccuracy: 0.7566; temporal_PA: 0.9652; temporal_UA: 0.9501; temporal_F1: 0.9576
2025-08-25 15:50:56,613 - INFO - model saved 42 times, last saved epoch: 77.

2025-08-25 15:51:01,262 - INFO - Epoch 81, Train loss: 0.01954357884824276.
2025-08-25 15:51:03,127 - INFO - mIoU: 0.967; OA: 0.9864; AA: 0.9865, [np.float64(0.9877), np.float64(0.984), np.float64(0.9785), np.float64(0.9908), np.float64(0.9915)]; F1: 0.9832; Kappa: 0.9767;
2025-08-25 15:51:03,128 - INFO - spatial_LccAccuracy: 0.9387; spatial_PA: 0.9841; spatial_UA: 0.9929; spatial_F1: 0.9885
2025-08-25 15:51:03,128 - INFO - temporal_CdAccuracy: 0.7525; temporal_PA: 0.9648; temporal_UA: 0.9502; temporal_F1: 0.9575
2025-08-25 15:51:03,169 - INFO - Epoch 81 saved.
2025-08-25 15:51:03,170 - INFO - model saved 43 times, last saved epoch: 81.

2025-08-25 15:51:07,607 - INFO - Epoch 82, Train loss: 0.019641844555735588.
2025-08-25 15:51:09,588 - INFO - mIoU: 0.9624; OA: 0.9864; AA: 0.9826, [np.float64(0.9897), np.float64(0.9826), np.float64(0.9639), np.float64(0.9881), np.float64(0.9887)]; F1: 0.9807; Kappa: 0.9766;
2025-08-25 15:51:09,588 - INFO - spatial_LccAccuracy: 0.9366; spatial_PA: 0.9857; spatial_UA: 0.9945; spatial_F1: 0.9901
2025-08-25 15:51:09,588 - INFO - temporal_CdAccuracy: 0.7556; temporal_PA: 0.9686; temporal_UA: 0.9493; temporal_F1: 0.9588
2025-08-25 15:51:09,590 - INFO - model saved 43 times, last saved epoch: 81.

2025-08-25 15:51:14,356 - INFO - Epoch 83, Train loss: 0.019580237567424774.
2025-08-25 15:51:16,519 - INFO - mIoU: 0.9664; OA: 0.9864; AA: 0.9803, [np.float64(0.9869), np.float64(0.9864), np.float64(0.9504), np.float64(0.9864), np.float64(0.9916)]; F1: 0.9829; Kappa: 0.9766;
2025-08-25 15:51:16,519 - INFO - spatial_LccAccuracy: 0.9387; spatial_PA: 0.9894; spatial_UA: 0.9908; spatial_F1: 0.9901
2025-08-25 15:51:16,519 - INFO - temporal_CdAccuracy: 0.7571; temporal_PA: 0.9622; temporal_UA: 0.9541; temporal_F1: 0.9581
2025-08-25 15:51:16,520 - INFO - model saved 43 times, last saved epoch: 81.

2025-08-25 15:51:21,226 - INFO - Epoch 84, Train loss: 0.01976834423840046.
2025-08-25 15:51:23,285 - INFO - mIoU: 0.9599; OA: 0.9854; AA: 0.973, [np.float64(0.987), np.float64(0.9845), np.float64(0.9318), np.float64(0.9679), np.float64(0.9938)]; F1: 0.9794; Kappa: 0.9748;
2025-08-25 15:51:23,285 - INFO - spatial_LccAccuracy: 0.934; spatial_PA: 0.9894; spatial_UA: 0.9908; spatial_F1: 0.9901
2025-08-25 15:51:23,285 - INFO - temporal_CdAccuracy: 0.7538; temporal_PA: 0.9658; temporal_UA: 0.9488; temporal_F1: 0.9572
2025-08-25 15:51:23,286 - INFO - model saved 43 times, last saved epoch: 81.

2025-08-25 15:51:28,103 - INFO - Epoch 85, Train loss: 0.01831955835223198.
2025-08-25 15:51:30,256 - INFO - mIoU: 0.9619; OA: 0.9855; AA: 0.9795, [np.float64(0.9861), np.float64(0.9855), np.float64(0.9448), np.float64(0.9903), np.float64(0.991)]; F1: 0.9805; Kappa: 0.975;
2025-08-25 15:51:30,256 - INFO - spatial_LccAccuracy: 0.9291; spatial_PA: 0.9886; spatial_UA: 0.9877; spatial_F1: 0.9881
2025-08-25 15:51:30,256 - INFO - temporal_CdAccuracy: 0.7462; temporal_PA: 0.9684; temporal_UA: 0.9495; temporal_F1: 0.9589
2025-08-25 15:51:30,257 - INFO - model saved 43 times, last saved epoch: 81.

2025-08-25 15:51:34,921 - INFO - Epoch 86, Train loss: 0.018344325944781303.
2025-08-25 15:51:37,114 - INFO - mIoU: 0.9669; OA: 0.9865; AA: 0.9836, [np.float64(0.9906), np.float64(0.9804), np.float64(0.9615), np.float64(0.9899), np.float64(0.9954)]; F1: 0.9831; Kappa: 0.9768;
2025-08-25 15:51:37,114 - INFO - spatial_LccAccuracy: 0.9371; spatial_PA: 0.9862; spatial_UA: 0.994; spatial_F1: 0.9901
2025-08-25 15:51:37,114 - INFO - temporal_CdAccuracy: 0.7566; temporal_PA: 0.9644; temporal_UA: 0.9524; temporal_F1: 0.9583
2025-08-25 15:51:37,115 - INFO - model saved 43 times, last saved epoch: 81.

2025-08-25 15:51:41,690 - INFO - Epoch 87, Train loss: 0.017806602641940117.
2025-08-25 15:51:43,761 - INFO - mIoU: 0.9635; OA: 0.986; AA: 0.9757, [np.float64(0.9913), np.float64(0.9795), np.float64(0.9545), np.float64(0.9591), np.float64(0.9943)]; F1: 0.9813; Kappa: 0.9759;
2025-08-25 15:51:43,761 - INFO - spatial_LccAccuracy: 0.9374; spatial_PA: 0.9868; spatial_UA: 0.9942; spatial_F1: 0.9905
2025-08-25 15:51:43,761 - INFO - temporal_CdAccuracy: 0.7548; temporal_PA: 0.9657; temporal_UA: 0.9501; temporal_F1: 0.9578
2025-08-25 15:51:43,762 - INFO - model saved 43 times, last saved epoch: 81.

2025-08-25 15:51:48,347 - INFO - Epoch 88, Train loss: 0.01828584261238575.
2025-08-25 15:51:50,226 - INFO - mIoU: 0.9667; OA: 0.9863; AA: 0.981, [np.float64(0.9873), np.float64(0.985), np.float64(0.9535), np.float64(0.9855), np.float64(0.9939)]; F1: 0.983; Kappa: 0.9764;
2025-08-25 15:51:50,226 - INFO - spatial_LccAccuracy: 0.9384; spatial_PA: 0.9879; spatial_UA: 0.9915; spatial_F1: 0.9897
2025-08-25 15:51:50,226 - INFO - temporal_CdAccuracy: 0.7556; temporal_PA: 0.9625; temporal_UA: 0.9537; temporal_F1: 0.9581
2025-08-25 15:51:50,227 - INFO - model saved 43 times, last saved epoch: 81.

2025-08-25 15:51:55,143 - INFO - Epoch 89, Train loss: 0.017075251787900925.
2025-08-25 15:51:57,207 - INFO - mIoU: 0.9653; OA: 0.9868; AA: 0.9775, [np.float64(0.9897), np.float64(0.9839), np.float64(0.954), np.float64(0.9675), np.float64(0.9923)]; F1: 0.9823; Kappa: 0.9772;
2025-08-25 15:51:57,207 - INFO - spatial_LccAccuracy: 0.9408; spatial_PA: 0.9885; spatial_UA: 0.9941; spatial_F1: 0.9913
2025-08-25 15:51:57,207 - INFO - temporal_CdAccuracy: 0.7592; temporal_PA: 0.9654; temporal_UA: 0.954; temporal_F1: 0.9596
2025-08-25 15:51:57,208 - INFO - model saved 43 times, last saved epoch: 81.

2025-08-25 15:52:01,996 - INFO - Epoch 90, Train loss: 0.01699431985616684.
2025-08-25 15:52:04,176 - INFO - mIoU: 0.9646; OA: 0.9853; AA: 0.9812, [np.float64(0.9842), np.float64(0.9862), np.float64(0.9608), np.float64(0.9798), np.float64(0.9948)]; F1: 0.982; Kappa: 0.9747;
2025-08-25 15:52:04,176 - INFO - spatial_LccAccuracy: 0.9335; spatial_PA: 0.9897; spatial_UA: 0.992; spatial_F1: 0.9909
2025-08-25 15:52:04,176 - INFO - temporal_CdAccuracy: 0.7535; temporal_PA: 0.9626; temporal_UA: 0.9488; temporal_F1: 0.9557
2025-08-25 15:52:04,177 - INFO - model saved 43 times, last saved epoch: 81.

2025-08-25 15:52:08,905 - INFO - Epoch 91, Train loss: 0.016304315999150276.
2025-08-25 15:52:11,236 - INFO - mIoU: 0.9633; OA: 0.9863; AA: 0.978, [np.float64(0.9884), np.float64(0.9847), np.float64(0.942), np.float64(0.9842), np.float64(0.9907)]; F1: 0.9812; Kappa: 0.9764;
2025-08-25 15:52:11,236 - INFO - spatial_LccAccuracy: 0.9374; spatial_PA: 0.9901; spatial_UA: 0.9933; spatial_F1: 0.9917
2025-08-25 15:52:11,236 - INFO - temporal_CdAccuracy: 0.7571; temporal_PA: 0.9655; temporal_UA: 0.9527; temporal_F1: 0.9591
2025-08-25 15:52:11,237 - INFO - model saved 43 times, last saved epoch: 81.

2025-08-25 15:52:15,905 - INFO - Epoch 92, Train loss: 0.01719631254673004.
2025-08-25 15:52:18,162 - INFO - mIoU: 0.9625; OA: 0.986; AA: 0.9811, [np.float64(0.9917), np.float64(0.9783), np.float64(0.9592), np.float64(0.9833), np.float64(0.9928)]; F1: 0.9808; Kappa: 0.9759;
2025-08-25 15:52:18,162 - INFO - spatial_LccAccuracy: 0.9327; spatial_PA: 0.988; spatial_UA: 0.9945; spatial_F1: 0.9913
2025-08-25 15:52:18,162 - INFO - temporal_CdAccuracy: 0.7538; temporal_PA: 0.9651; temporal_UA: 0.9484; temporal_F1: 0.9567
2025-08-25 15:52:18,163 - INFO - model saved 43 times, last saved epoch: 81.

2025-08-25 15:52:23,084 - INFO - Epoch 93, Train loss: 0.015603412874042988.
2025-08-25 15:52:25,309 - INFO - mIoU: 0.9625; OA: 0.9853; AA: 0.9814, [np.float64(0.9882), np.float64(0.9808), np.float64(0.9726), np.float64(0.9714), np.float64(0.9939)]; F1: 0.9808; Kappa: 0.9748;
2025-08-25 15:52:25,309 - INFO - spatial_LccAccuracy: 0.9322; spatial_PA: 0.9883; spatial_UA: 0.9888; spatial_F1: 0.9885
2025-08-25 15:52:25,309 - INFO - temporal_CdAccuracy: 0.7491; temporal_PA: 0.9652; temporal_UA: 0.948; temporal_F1: 0.9565
2025-08-25 15:52:25,310 - INFO - model saved 43 times, last saved epoch: 81.

2025-08-25 15:52:29,958 - INFO - Epoch 94, Train loss: 0.016046671196818352.
2025-08-25 15:52:32,048 - INFO - mIoU: 0.9556; OA: 0.9847; AA: 0.9675, [np.float64(0.9841), np.float64(0.9881), np.float64(0.9129), np.float64(0.9595), np.float64(0.9927)]; F1: 0.9771; Kappa: 0.9737;
2025-08-25 15:52:32,048 - INFO - spatial_LccAccuracy: 0.9229; spatial_PA: 0.9889; spatial_UA: 0.9912; spatial_F1: 0.9901
2025-08-25 15:52:32,048 - INFO - temporal_CdAccuracy: 0.7535; temporal_PA: 0.9565; temporal_UA: 0.9467; temporal_F1: 0.9516
2025-08-25 15:52:32,049 - INFO - model saved 43 times, last saved epoch: 81.

2025-08-25 15:52:36,807 - INFO - Epoch 95, Train loss: 0.015847036615014076.
2025-08-25 15:52:38,646 - INFO - mIoU: 0.9613; OA: 0.9855; AA: 0.9819, [np.float64(0.9902), np.float64(0.9784), np.float64(0.9585), np.float64(0.9868), np.float64(0.9953)]; F1: 0.9801; Kappa: 0.975;
2025-08-25 15:52:38,646 - INFO - spatial_LccAccuracy: 0.9348; spatial_PA: 0.9891; spatial_UA: 0.9942; spatial_F1: 0.9917
2025-08-25 15:52:38,646 - INFO - temporal_CdAccuracy: 0.7561; temporal_PA: 0.9644; temporal_UA: 0.9501; temporal_F1: 0.9572
2025-08-25 15:52:38,647 - INFO - model saved 43 times, last saved epoch: 81.

2025-08-25 15:52:43,564 - INFO - Epoch 96, Train loss: 0.014963398687541485.
2025-08-25 15:52:45,458 - INFO - mIoU: 0.9653; OA: 0.9862; AA: 0.9796, [np.float64(0.9889), np.float64(0.9823), np.float64(0.958), np.float64(0.9736), np.float64(0.9953)]; F1: 0.9823; Kappa: 0.9762;
2025-08-25 15:52:45,458 - INFO - spatial_LccAccuracy: 0.9382; spatial_PA: 0.9887; spatial_UA: 0.9947; spatial_F1: 0.9917
2025-08-25 15:52:45,458 - INFO - temporal_CdAccuracy: 0.7527; temporal_PA: 0.9685; temporal_UA: 0.9483; temporal_F1: 0.9583
2025-08-25 15:52:45,459 - INFO - model saved 43 times, last saved epoch: 81.

2025-08-25 15:52:50,200 - INFO - Epoch 97, Train loss: 0.01481454074382782.
2025-08-25 15:52:52,196 - INFO - mIoU: 0.9575; OA: 0.9856; AA: 0.9693, [np.float64(0.9867), np.float64(0.9873), np.float64(0.9002), np.float64(0.9811), np.float64(0.9914)]; F1: 0.978; Kappa: 0.9753;
2025-08-25 15:52:52,196 - INFO - spatial_LccAccuracy: 0.9294; spatial_PA: 0.9907; spatial_UA: 0.9935; spatial_F1: 0.9921
2025-08-25 15:52:52,196 - INFO - temporal_CdAccuracy: 0.7548; temporal_PA: 0.9636; temporal_UA: 0.9503; temporal_F1: 0.9569
2025-08-25 15:52:52,197 - INFO - model saved 43 times, last saved epoch: 81.

2025-08-25 15:52:56,793 - INFO - Epoch 98, Train loss: 0.01452629268169403.
2025-08-25 15:52:58,656 - INFO - mIoU: 0.9644; OA: 0.9859; AA: 0.9838, [np.float64(0.9873), np.float64(0.9834), np.float64(0.9634), np.float64(0.9908), np.float64(0.9941)]; F1: 0.9818; Kappa: 0.9758;
2025-08-25 15:52:58,656 - INFO - spatial_LccAccuracy: 0.9356; spatial_PA: 0.9894; spatial_UA: 0.9908; spatial_F1: 0.9901
2025-08-25 15:52:58,656 - INFO - temporal_CdAccuracy: 0.7553; temporal_PA: 0.964; temporal_UA: 0.9533; temporal_F1: 0.9586
2025-08-25 15:52:58,658 - INFO - model saved 43 times, last saved epoch: 81.

2025-08-25 15:53:03,182 - INFO - Epoch 99, Train loss: 0.015018343925476074.
2025-08-25 15:53:05,185 - INFO - mIoU: 0.9648; OA: 0.9854; AA: 0.9799, [np.float64(0.9855), np.float64(0.9857), np.float64(0.9559), np.float64(0.9802), np.float64(0.9921)]; F1: 0.982; Kappa: 0.975;
2025-08-25 15:53:05,186 - INFO - spatial_LccAccuracy: 0.9333; spatial_PA: 0.9869; spatial_UA: 0.9878; spatial_F1: 0.9873
2025-08-25 15:53:05,186 - INFO - temporal_CdAccuracy: 0.7563; temporal_PA: 0.9624; temporal_UA: 0.9506; temporal_F1: 0.9565
2025-08-25 15:53:05,187 - INFO - model saved 43 times, last saved epoch: 81.

2025-08-25 15:53:09,657 - INFO - Epoch 100, Train loss: 0.014174181967973709.
2025-08-25 15:53:11,817 - INFO - mIoU: 0.9625; OA: 0.9862; AA: 0.9741, [np.float64(0.9878), np.float64(0.9859), np.float64(0.9398), np.float64(0.9657), np.float64(0.9914)]; F1: 0.9808; Kappa: 0.9763;
2025-08-25 15:53:11,817 - INFO - spatial_LccAccuracy: 0.9364; spatial_PA: 0.9913; spatial_UA: 0.9936; spatial_F1: 0.9925
2025-08-25 15:53:11,817 - INFO - temporal_CdAccuracy: 0.7558; temporal_PA: 0.962; temporal_UA: 0.954; temporal_F1: 0.958
2025-08-25 15:53:11,818 - INFO - model saved 43 times, last saved epoch: 81.

2025-08-25 15:53:16,298 - INFO - Epoch 101, Train loss: 0.014317577704787254.
2025-08-25 15:53:18,376 - INFO - mIoU: 0.9658; OA: 0.9866; AA: 0.9814, [np.float64(0.9905), np.float64(0.9823), np.float64(0.9641), np.float64(0.982), np.float64(0.9882)]; F1: 0.9825; Kappa: 0.977;
2025-08-25 15:53:18,376 - INFO - spatial_LccAccuracy: 0.9382; spatial_PA: 0.9903; spatial_UA: 0.9963; spatial_F1: 0.9933
2025-08-25 15:53:18,376 - INFO - temporal_CdAccuracy: 0.7548; temporal_PA: 0.9662; temporal_UA: 0.9505; temporal_F1: 0.9583
2025-08-25 15:53:18,377 - INFO - model saved 43 times, last saved epoch: 81.

2025-08-25 15:53:22,764 - INFO - Epoch 102, Train loss: 0.013890194706618786.
2025-08-25 15:53:24,617 - INFO - mIoU: 0.9654; OA: 0.9868; AA: 0.9853, [np.float64(0.9901), np.float64(0.9821), np.float64(0.9677), np.float64(0.9943), np.float64(0.9921)]; F1: 0.9823; Kappa: 0.9773;
2025-08-25 15:53:24,618 - INFO - spatial_LccAccuracy: 0.9379; spatial_PA: 0.9862; spatial_UA: 0.994; spatial_F1: 0.9901
2025-08-25 15:53:24,618 - INFO - temporal_CdAccuracy: 0.7556; temporal_PA: 0.9666; temporal_UA: 0.9544; temporal_F1: 0.9605
2025-08-25 15:53:24,618 - INFO - model saved 43 times, last saved epoch: 81.

2025-08-25 15:53:29,014 - INFO - Epoch 103, Train loss: 0.013922280631959438.
2025-08-25 15:53:30,866 - INFO - mIoU: 0.9646; OA: 0.9863; AA: 0.9828, [np.float64(0.9879), np.float64(0.9839), np.float64(0.9637), np.float64(0.9842), np.float64(0.9943)]; F1: 0.9819; Kappa: 0.9765;
2025-08-25 15:53:30,866 - INFO - spatial_LccAccuracy: 0.9379; spatial_PA: 0.9894; spatial_UA: 0.9931; spatial_F1: 0.9913
2025-08-25 15:53:30,867 - INFO - temporal_CdAccuracy: 0.754; temporal_PA: 0.9668; temporal_UA: 0.9518; temporal_F1: 0.9592
2025-08-25 15:53:30,868 - INFO - model saved 43 times, last saved epoch: 81.

2025-08-25 15:53:35,143 - INFO - Epoch 104, Train loss: 0.013184404000639915.
2025-08-25 15:53:37,017 - INFO - mIoU: 0.9667; OA: 0.9868; AA: 0.9794, [np.float64(0.9895), np.float64(0.9842), np.float64(0.9462), np.float64(0.9846), np.float64(0.9923)]; F1: 0.9829; Kappa: 0.9774;
2025-08-25 15:53:37,017 - INFO - spatial_LccAccuracy: 0.9431; spatial_PA: 0.9904; spatial_UA: 0.9945; spatial_F1: 0.9925
2025-08-25 15:53:37,017 - INFO - temporal_CdAccuracy: 0.7576; temporal_PA: 0.9661; temporal_UA: 0.9551; temporal_F1: 0.9606
2025-08-25 15:53:37,018 - INFO - model saved 43 times, last saved epoch: 81.

2025-08-25 15:53:41,383 - INFO - Epoch 105, Train loss: 0.013145088218152523.
2025-08-25 15:53:43,303 - INFO - mIoU: 0.9663; OA: 0.9865; AA: 0.9814, [np.float64(0.9878), np.float64(0.9847), np.float64(0.9599), np.float64(0.9807), np.float64(0.994)]; F1: 0.9828; Kappa: 0.9767;
2025-08-25 15:53:43,304 - INFO - spatial_LccAccuracy: 0.9397; spatial_PA: 0.9883; spatial_UA: 0.9934; spatial_F1: 0.9909
2025-08-25 15:53:43,304 - INFO - temporal_CdAccuracy: 0.7576; temporal_PA: 0.9667; temporal_UA: 0.9509; temporal_F1: 0.9587
2025-08-25 15:53:43,306 - INFO - model saved 43 times, last saved epoch: 81.

2025-08-25 15:53:47,573 - INFO - Epoch 106, Train loss: 0.013021818362176418.
2025-08-25 15:53:49,608 - INFO - mIoU: 0.9664; OA: 0.986; AA: 0.983, [np.float64(0.9895), np.float64(0.9809), np.float64(0.962), np.float64(0.9886), np.float64(0.9943)]; F1: 0.9829; Kappa: 0.976;
2025-08-25 15:53:49,608 - INFO - spatial_LccAccuracy: 0.9413; spatial_PA: 0.9909; spatial_UA: 0.9941; spatial_F1: 0.9925
2025-08-25 15:53:49,608 - INFO - temporal_CdAccuracy: 0.7587; temporal_PA: 0.966; temporal_UA: 0.9528; temporal_F1: 0.9593
2025-08-25 15:53:49,608 - INFO - model saved 43 times, last saved epoch: 81.

