2025-09-14 20:40:24,798 - INFO - Epoch 0, Train loss: 1.6667155027389526
2025-09-14 20:40:25,678 - INFO - mIoU: 0.0721; OA: 0.3305; AA: 0.172; F1: 0.1892; Kappa: -0.0643;
2025-09-14 20:40:25,678 - INFO - spatial_LccAccuracy: 0.0609; spatial_PA: 0.5268; spatial_UA: 0.5189; spatial_F1: 0.5228
2025-09-14 20:40:25,679 - INFO - temporal_CdAccuracy: 0.1383; temporal_PA: 0.5135; temporal_UA: 0.5081; temporal_F1: 0.5108
2025-09-14 20:40:25,680 - INFO - Confusion Matrix
 [ 3451.	66608.	   60.	    0.	   70.]
 [ 3843.	40862.	  124.	    0.	 5632.]
 [   11.	 2205.	    2.	    0.	   13.]
 [    0.	 1285.	    0.	    0.	    5.]
 [   15.	 9914.	    0.	    0.	    0.]
2025-09-14 20:40:25,737 - INFO - Epoch 0 saved.
2025-09-14 20:40:25,737 - INFO - model saved 1 times, last saved epoch: 0.

2025-09-14 20:40:28,520 - INFO - Epoch 1, Train loss: 1.3836711645126343
2025-09-14 20:40:29,433 - INFO - mIoU: 0.1954; OA: 0.6267; AA: 0.2772; F1: 0.6559; Kappa: 0.3076;
2025-09-14 20:40:29,434 - INFO - spatial_LccAccuracy: 0.0362; spatial_PA: 0.6688; spatial_UA: 0.8612; spatial_F1: 0.7529
2025-09-14 20:40:29,434 - INFO - temporal_CdAccuracy: 0.0779; temporal_PA: 0.6705; temporal_UA: 0.5405; temporal_F1: 0.5985
2025-09-14 20:40:29,435 - INFO - Confusion Matrix
 [50145.	20044.	    0.	    0.	    0.]
 [16566.	33895.	    0.	    0.	    0.]
 [  107.	 2124.	    0.	    0.	    0.]
 [  867.	  423.	    0.	    0.	    0.]
 [ 9385.	  544.	    0.	    0.	    0.]
2025-09-14 20:40:29,487 - INFO - Epoch 1 saved.
2025-09-14 20:40:29,488 - INFO - model saved 2 times, last saved epoch: 1.

2025-09-14 20:40:32,288 - INFO - Epoch 2, Train loss: 1.0804696083068848
2025-09-14 20:40:33,124 - INFO - mIoU: 0.2181; OA: 0.6807; AA: 0.2936; F1: 0.7044; Kappa: 0.3872;
2025-09-14 20:40:33,124 - INFO - spatial_LccAccuracy: 0.1383; spatial_PA: 0.6724; spatial_UA: 0.6205; spatial_F1: 0.6454
2025-09-14 20:40:33,124 - INFO - temporal_CdAccuracy: 0.1973; temporal_PA: 0.583; temporal_UA: 0.554; temporal_F1: 0.5681
2025-09-14 20:40:33,125 - INFO - Confusion Matrix
 [61189.	 9000.	    0.	    0.	    0.]
 [20368.	30093.	    0.	    0.	    0.]
 [  908.	 1323.	    0.	    0.	    0.]
 [ 1273.	   17.	    0.	    0.	    0.]
 [ 9826.	  103.	    0.	    0.	    0.]
2025-09-14 20:40:33,167 - INFO - Epoch 2 saved.
2025-09-14 20:40:33,168 - INFO - model saved 3 times, last saved epoch: 2.

2025-09-14 20:40:36,071 - INFO - Epoch 3, Train loss: 0.8473843932151794
2025-09-14 20:40:36,965 - INFO - mIoU: 0.2612; OA: 0.7512; AA: 0.3325; F1: 0.7901; Kappa: 0.535;
2025-09-14 20:40:36,966 - INFO - spatial_LccAccuracy: 0.2072; spatial_PA: 0.7927; spatial_UA: 0.7011; spatial_F1: 0.7441
2025-09-14 20:40:36,966 - INFO - temporal_CdAccuracy: 0.2483; temporal_PA: 0.6574; temporal_UA: 0.5991; temporal_F1: 0.6269
2025-09-14 20:40:36,967 - INFO - Confusion Matrix
 [59892.	10297.	    0.	    0.	    0.]
 [ 9623.	40838.	    0.	    0.	    0.]
 [  113.	 2118.	    0.	    0.	    0.]
 [ 1261.	   29.	    0.	    0.	    0.]
 [ 9785.	  144.	    0.	    0.	    0.]
2025-09-14 20:40:37,013 - INFO - Epoch 3 saved.
2025-09-14 20:40:37,014 - INFO - model saved 4 times, last saved epoch: 3.

2025-09-14 20:40:39,853 - INFO - Epoch 4, Train loss: 0.6077519655227661
2025-09-14 20:40:40,714 - INFO - mIoU: 0.4918; OA: 0.8708; AA: 0.5386; F1: 0.8996; Kappa: 0.7726;
2025-09-14 20:40:40,714 - INFO - spatial_LccAccuracy: 0.43; spatial_PA: 0.93; spatial_UA: 0.8628; spatial_F1: 0.8952
2025-09-14 20:40:40,714 - INFO - temporal_CdAccuracy: 0.3324; temporal_PA: 0.7336; temporal_UA: 0.6329; temporal_F1: 0.6795
2025-09-14 20:40:40,715 - INFO - Confusion Matrix
 [62226.	 7963.	    0.	    0.	    0.]
 [ 4876.	45584.	    0.	    0.	    1.]
 [   18.	 2213.	    0.	    0.	    0.]
 [ 1263.	   27.	    0.	    0.	    0.]
 [  794.	  167.	    0.	    0.	 8968.]
2025-09-14 20:40:40,768 - INFO - Epoch 4 saved.
2025-09-14 20:40:40,768 - INFO - model saved 5 times, last saved epoch: 4.

2025-09-14 20:40:43,725 - INFO - Epoch 5, Train loss: 0.44023510813713074
2025-09-14 20:40:44,593 - INFO - mIoU: 0.5112; OA: 0.8938; AA: 0.5512; F1: 0.6929; Kappa: 0.8123;
2025-09-14 20:40:44,593 - INFO - spatial_LccAccuracy: 0.4872; spatial_PA: 0.9227; spatial_UA: 0.8679; spatial_F1: 0.8945
2025-09-14 20:40:44,593 - INFO - temporal_CdAccuracy: 0.3718; temporal_PA: 0.7553; temporal_UA: 0.6652; temporal_F1: 0.7074
2025-09-14 20:40:44,594 - INFO - Confusion Matrix
 [64844.	 5345.	    0.	    0.	    0.]
 [ 4517.	45936.	    0.	    0.	    8.]
 [   29.	 2180.	   22.	    0.	    0.]
 [ 1269.	   21.	    0.	    0.	    0.]
 [  739.	  136.	    0.	    0.	 9054.]
2025-09-14 20:40:44,640 - INFO - Epoch 5 saved.
2025-09-14 20:40:44,641 - INFO - model saved 6 times, last saved epoch: 5.

2025-09-14 20:40:47,433 - INFO - Epoch 6, Train loss: 0.3492502272129059
2025-09-14 20:40:48,296 - INFO - mIoU: 0.5945; OA: 0.9104; AA: 0.6303; F1: 0.8322; Kappa: 0.8423;
2025-09-14 20:40:48,297 - INFO - spatial_LccAccuracy: 0.5154; spatial_PA: 0.9247; spatial_UA: 0.8725; spatial_F1: 0.8978
2025-09-14 20:40:48,297 - INFO - temporal_CdAccuracy: 0.387; temporal_PA: 0.775; temporal_UA: 0.6843; temporal_F1: 0.7268
2025-09-14 20:40:48,298 - INFO - Confusion Matrix
 [65531.	 4652.	    0.	    0.	    6.]
 [ 3778.	46640.	   32.	    0.	   11.]
 [   27.	 1354.	  850.	    0.	    0.]
 [ 1230.	   60.	    0.	    0.	    0.]
 [  731.	  138.	    0.	    0.	 9060.]
2025-09-14 20:40:48,339 - INFO - Epoch 6 saved.
2025-09-14 20:40:48,340 - INFO - model saved 7 times, last saved epoch: 6.

2025-09-14 20:40:51,098 - INFO - Epoch 7, Train loss: 0.29409343004226685
2025-09-14 20:40:51,980 - INFO - mIoU: 0.6387; OA: 0.9193; AA: 0.6755; F1: 0.8811; Kappa: 0.8587;
2025-09-14 20:40:51,981 - INFO - spatial_LccAccuracy: 0.5557; spatial_PA: 0.9285; spatial_UA: 0.8775; spatial_F1: 0.9023
2025-09-14 20:40:51,981 - INFO - temporal_CdAccuracy: 0.4367; temporal_PA: 0.7909; temporal_UA: 0.7065; temporal_F1: 0.7463
2025-09-14 20:40:51,982 - INFO - Confusion Matrix
 [65461.	 4712.	    3.	    0.	   13.]
 [ 2922.	47439.	   86.	    0.	   14.]
 [   14.	  896.	 1321.	    0.	    0.]
 [ 1124.	  164.	    2.	    0.	    0.]
 [  713.	  156.	    0.	    0.	 9060.]
2025-09-14 20:40:52,028 - INFO - Epoch 7 saved.
2025-09-14 20:40:52,029 - INFO - model saved 8 times, last saved epoch: 7.

2025-09-14 20:40:54,897 - INFO - Epoch 8, Train loss: 0.2555168867111206
2025-09-14 20:40:55,790 - INFO - mIoU: 0.6706; OA: 0.9289; AA: 0.7061; F1: 0.73; Kappa: 0.8752;
2025-09-14 20:40:55,790 - INFO - spatial_LccAccuracy: 0.6; spatial_PA: 0.9294; spatial_UA: 0.8758; spatial_F1: 0.9018
2025-09-14 20:40:55,790 - INFO - temporal_CdAccuracy: 0.4635; temporal_PA: 0.7883; temporal_UA: 0.7299; temporal_F1: 0.758
2025-09-14 20:40:55,791 - INFO - Confusion Matrix
 [67109.	 3050.	    5.	    0.	   25.]
 [ 3559.	46766.	  115.	    0.	   21.]
 [   16.	  594.	 1621.	    0.	    0.]
 [ 1133.	  144.	    2.	   11.	    0.]
 [  744.	  123.	    0.	    0.	 9062.]
2025-09-14 20:40:55,836 - INFO - Epoch 8 saved.
2025-09-14 20:40:55,837 - INFO - model saved 9 times, last saved epoch: 8.

2025-09-14 20:40:58,631 - INFO - Epoch 9, Train loss: 0.22564861178398132
2025-09-14 20:40:59,420 - INFO - mIoU: 0.7226; OA: 0.9381; AA: 0.7565; F1: 0.7873; Kappa: 0.8913;
2025-09-14 20:40:59,421 - INFO - spatial_LccAccuracy: 0.651; spatial_PA: 0.9269; spatial_UA: 0.8756; spatial_F1: 0.9005
2025-09-14 20:40:59,421 - INFO - temporal_CdAccuracy: 0.4908; temporal_PA: 0.7947; temporal_UA: 0.7553; temporal_F1: 0.7745
2025-09-14 20:40:59,422 - INFO - Confusion Matrix
 [67907.	 2233.	    8.	   13.	   28.]
 [ 3583.	46718.	  117.	   19.	   24.]
 [   16.	  310.	 1905.	    0.	    0.]
 [ 1037.	  100.	    1.	  152.	    0.]
 [  687.	  130.	    0.	    0.	 9112.]
2025-09-14 20:40:59,465 - INFO - Epoch 9 saved.
2025-09-14 20:40:59,466 - INFO - model saved 10 times, last saved epoch: 9.

2025-09-14 20:41:02,276 - INFO - Epoch 10, Train loss: 0.19813776016235352
2025-09-14 20:41:03,172 - INFO - mIoU: 0.7723; OA: 0.9444; AA: 0.8165; F1: 0.8466; Kappa: 0.903;
2025-09-14 20:41:03,173 - INFO - spatial_LccAccuracy: 0.6702; spatial_PA: 0.9126; spatial_UA: 0.8773; spatial_F1: 0.8946
2025-09-14 20:41:03,173 - INFO - temporal_CdAccuracy: 0.5213; temporal_PA: 0.81; temporal_UA: 0.7668; temporal_F1: 0.7878
2025-09-14 20:41:03,174 - INFO - Confusion Matrix
 [67779.	 2252.	   17.	   66.	   75.]
 [ 3048.	47142.	  195.	   52.	   24.]
 [   10.	  179.	 2042.	    0.	    0.]
 [  729.	  125.	    3.	  433.	    0.]
 [  530.	  148.	    0.	    0.	 9251.]
2025-09-14 20:41:03,215 - INFO - Epoch 10 saved.
2025-09-14 20:41:03,216 - INFO - model saved 11 times, last saved epoch: 10.

2025-09-14 20:41:05,935 - INFO - Epoch 11, Train loss: 0.17453987896442413
2025-09-14 20:41:06,802 - INFO - mIoU: 0.8036; OA: 0.9501; AA: 0.8406; F1: 0.8747; Kappa: 0.9131;
2025-09-14 20:41:06,802 - INFO - spatial_LccAccuracy: 0.6966; spatial_PA: 0.9261; spatial_UA: 0.8859; spatial_F1: 0.9056
2025-09-14 20:41:06,802 - INFO - temporal_CdAccuracy: 0.5499; temporal_PA: 0.8244; temporal_UA: 0.7905; temporal_F1: 0.8071
2025-09-14 20:41:06,802 - INFO - Confusion Matrix
 [67810.	 2101.	   10.	   28.	  240.]
 [ 2700.	47573.	   78.	   69.	   41.]
 [    7.	  203.	 2021.	    0.	    0.]
 [  595.	  129.	    1.	  565.	    0.]
 [  348.	  145.	    0.	    0.	 9436.]
2025-09-14 20:41:06,841 - INFO - Epoch 11 saved.
2025-09-14 20:41:06,842 - INFO - model saved 12 times, last saved epoch: 11.

2025-09-14 20:41:09,541 - INFO - Epoch 12, Train loss: 0.15504665672779083
2025-09-14 20:41:10,384 - INFO - mIoU: 0.8136; OA: 0.9524; AA: 0.8487; F1: 0.8825; Kappa: 0.9172;
2025-09-14 20:41:10,385 - INFO - spatial_LccAccuracy: 0.7047; spatial_PA: 0.9258; spatial_UA: 0.8852; spatial_F1: 0.9051
2025-09-14 20:41:10,385 - INFO - temporal_CdAccuracy: 0.5669; temporal_PA: 0.8334; temporal_UA: 0.8006; temporal_F1: 0.8166
2025-09-14 20:41:10,386 - INFO - Confusion Matrix
 [67712.	 2248.	   10.	   17.	  202.]
 [ 2326.	47973.	   84.	   60.	   18.]
 [    5.	  160.	 2066.	    0.	    0.]
 [  554.	  144.	    1.	  591.	    0.]
 [  428.	  129.	    0.	    0.	 9372.]
2025-09-14 20:41:10,446 - INFO - Epoch 12 saved.
2025-09-14 20:41:10,446 - INFO - model saved 13 times, last saved epoch: 12.

2025-09-14 20:41:13,324 - INFO - Epoch 13, Train loss: 0.1408901959657669
2025-09-14 20:41:14,219 - INFO - mIoU: 0.8473; OA: 0.9566; AA: 0.8876; F1: 0.9099; Kappa: 0.9246;
2025-09-14 20:41:14,219 - INFO - spatial_LccAccuracy: 0.753; spatial_PA: 0.9393; spatial_UA: 0.9169; spatial_F1: 0.928
2025-09-14 20:41:14,219 - INFO - temporal_CdAccuracy: 0.596; temporal_PA: 0.8382; temporal_UA: 0.8171; temporal_F1: 0.8275
2025-09-14 20:41:14,220 - INFO - Confusion Matrix
 [68466.	 1437.	    8.	   13.	  265.]
 [ 2865.	47339.	   96.	  104.	   57.]
 [    6.	  109.	 2116.	    0.	    0.]
 [  391.	  109.	    0.	  790.	    0.]
 [  253.	  107.	    0.	    0.	 9569.]
2025-09-14 20:41:14,262 - INFO - Epoch 13 saved.
2025-09-14 20:41:14,263 - INFO - model saved 14 times, last saved epoch: 13.

2025-09-14 20:41:17,198 - INFO - Epoch 14, Train loss: 0.1286647617816925
2025-09-14 20:41:18,073 - INFO - mIoU: 0.8717; OA: 0.9622; AA: 0.9118; F1: 0.9273; Kappa: 0.9345;
2025-09-14 20:41:18,074 - INFO - spatial_LccAccuracy: 0.7852; spatial_PA: 0.9363; spatial_UA: 0.9478; spatial_F1: 0.942
2025-09-14 20:41:18,074 - INFO - temporal_CdAccuracy: 0.6362; temporal_PA: 0.8744; temporal_UA: 0.8366; temporal_F1: 0.8551
2025-09-14 20:41:18,075 - INFO - Confusion Matrix
 [68265.	 1646.	    8.	   17.	  253.]
 [ 2115.	48106.	   80.	  111.	   49.]
 [    3.	  105.	 2123.	    0.	    0.]
 [  240.	  128.	    2.	  920.	    0.]
 [  189.	  126.	    0.	    0.	 9614.]
2025-09-14 20:41:18,119 - INFO - Epoch 14 saved.
2025-09-14 20:41:18,120 - INFO - model saved 15 times, last saved epoch: 14.

2025-09-14 20:41:20,989 - INFO - Epoch 15, Train loss: 0.12027846276760101
2025-09-14 20:41:21,878 - INFO - mIoU: 0.8818; OA: 0.9644; AA: 0.9274; F1: 0.9342; Kappa: 0.9384;
2025-09-14 20:41:21,878 - INFO - spatial_LccAccuracy: 0.7964; spatial_PA: 0.9469; spatial_UA: 0.9692; spatial_F1: 0.9579
2025-09-14 20:41:21,879 - INFO - temporal_CdAccuracy: 0.6492; temporal_PA: 0.8866; temporal_UA: 0.8474; temporal_F1: 0.8665
2025-09-14 20:41:21,879 - INFO - Confusion Matrix
 [68080.	 1859.	    9.	   30.	  211.]
 [ 1673.	48509.	  114.	  126.	   39.]
 [    4.	   75.	 2152.	    0.	    0.]
 [  165.	  117.	    7.	 1001.	    0.]
 [  219.	  127.	    0.	    0.	 9583.]
2025-09-14 20:41:21,940 - INFO - Epoch 15 saved.
2025-09-14 20:41:21,941 - INFO - model saved 16 times, last saved epoch: 15.

2025-09-14 20:41:24,686 - INFO - Epoch 16, Train loss: 0.11120276898145676
2025-09-14 20:41:25,558 - INFO - mIoU: 0.8931; OA: 0.9653; AA: 0.9393; F1: 0.9414; Kappa: 0.9398;
2025-09-14 20:41:25,558 - INFO - spatial_LccAccuracy: 0.813; spatial_PA: 0.9495; spatial_UA: 0.9719; spatial_F1: 0.9606
2025-09-14 20:41:25,559 - INFO - temporal_CdAccuracy: 0.664; temporal_PA: 0.884; temporal_UA: 0.8553; temporal_F1: 0.8694
2025-09-14 20:41:25,560 - INFO - Confusion Matrix
 [69023.	  968.	    8.	   17.	  173.]
 [ 2630.	47492.	  104.	  159.	   76.]
 [    6.	   70.	 2155.	    0.	    0.]
 [  141.	   80.	    0.	 1069.	    0.]
 [  152.	   75.	    0.	    0.	 9702.]
2025-09-14 20:41:25,601 - INFO - Epoch 16 saved.
2025-09-14 20:41:25,602 - INFO - model saved 17 times, last saved epoch: 16.

2025-09-14 20:41:28,331 - INFO - Epoch 17, Train loss: 0.10406412929296494
2025-09-14 20:41:29,146 - INFO - mIoU: 0.8969; OA: 0.9681; AA: 0.9404; F1: 0.9433; Kappa: 0.9448;
2025-09-14 20:41:29,146 - INFO - spatial_LccAccuracy: 0.8161; spatial_PA: 0.9484; spatial_UA: 0.9677; spatial_F1: 0.9579
2025-09-14 20:41:29,147 - INFO - temporal_CdAccuracy: 0.6783; temporal_PA: 0.8953; temporal_UA: 0.8693; temporal_F1: 0.8821
2025-09-14 20:41:29,148 - INFO - Confusion Matrix
 [68493.	 1508.	    7.	   14.	  167.]
 [ 1758.	48402.	   90.	  157.	   54.]
 [    9.	   58.	 2164.	    0.	    0.]
 [  150.	   81.	    1.	 1058.	    0.]
 [  127.	  101.	    0.	    0.	 9701.]
2025-09-14 20:41:29,189 - INFO - Epoch 17 saved.
2025-09-14 20:41:29,189 - INFO - model saved 18 times, last saved epoch: 17.

2025-09-14 20:41:32,050 - INFO - Epoch 18, Train loss: 0.09886950999498367
2025-09-14 20:41:32,897 - INFO - mIoU: 0.906; OA: 0.9699; AA: 0.9493; F1: 0.9491; Kappa: 0.948;
2025-09-14 20:41:32,897 - INFO - spatial_LccAccuracy: 0.8206; spatial_PA: 0.9517; spatial_UA: 0.9766; spatial_F1: 0.964
2025-09-14 20:41:32,897 - INFO - temporal_CdAccuracy: 0.6837; temporal_PA: 0.9014; temporal_UA: 0.8739; temporal_F1: 0.8875
2025-09-14 20:41:32,898 - INFO - Confusion Matrix
 [68193.	 1742.	    7.	   19.	  228.]
 [ 1338.	48833.	   84.	  136.	   70.]
 [    4.	   66.	 2161.	    0.	    0.]
 [   77.	  108.	    2.	 1103.	    0.]
 [   48.	  114.	    0.	    0.	 9767.]
2025-09-14 20:41:32,941 - INFO - Epoch 18 saved.
2025-09-14 20:41:32,941 - INFO - model saved 19 times, last saved epoch: 18.

2025-09-14 20:41:35,694 - INFO - Epoch 19, Train loss: 0.09256596118211746
2025-09-14 20:41:36,590 - INFO - mIoU: 0.9048; OA: 0.9695; AA: 0.952; F1: 0.9483; Kappa: 0.9474;
2025-09-14 20:41:36,591 - INFO - spatial_LccAccuracy: 0.8179; spatial_PA: 0.9582; spatial_UA: 0.9726; spatial_F1: 0.9654
2025-09-14 20:41:36,591 - INFO - temporal_CdAccuracy: 0.681; temporal_PA: 0.8991; temporal_UA: 0.8704; temporal_F1: 0.8845
2025-09-14 20:41:36,592 - INFO - Confusion Matrix
 [68584.	 1306.	    6.	   14.	  279.]
 [ 1777.	48324.	   80.	  170.	  110.]
 [   10.	   51.	 2170.	    0.	    0.]
 [  127.	   48.	    2.	 1113.	    0.]
 [   23.	   81.	    0.	    0.	 9825.]
2025-09-14 20:41:36,593 - INFO - model saved 19 times, last saved epoch: 18.

2025-09-14 20:41:39,479 - INFO - Epoch 20, Train loss: 0.0883936807513237
2025-09-14 20:41:40,360 - INFO - mIoU: 0.911; OA: 0.9709; AA: 0.9662; F1: 0.952; Kappa: 0.9497;
2025-09-14 20:41:40,361 - INFO - spatial_LccAccuracy: 0.8403; spatial_PA: 0.9487; spatial_UA: 0.9798; spatial_F1: 0.964
2025-09-14 20:41:40,361 - INFO - temporal_CdAccuracy: 0.6886; temporal_PA: 0.9122; temporal_UA: 0.8821; temporal_F1: 0.8969
2025-09-14 20:41:40,362 - INFO - Confusion Matrix
 [69002.	 1035.	   10.	   31.	  111.]
 [ 1999.	48047.	  108.	  229.	   78.]
 [    5.	   41.	 2184.	    1.	    0.]
 [   43.	   42.	    1.	 1204.	    0.]
 [   63.	  101.	    0.	    0.	 9765.]
2025-09-14 20:41:40,403 - INFO - Epoch 20 saved.
2025-09-14 20:41:40,404 - INFO - model saved 20 times, last saved epoch: 20.

2025-09-14 20:41:43,167 - INFO - Epoch 21, Train loss: 0.08611342310905457
2025-09-14 20:41:44,036 - INFO - mIoU: 0.9142; OA: 0.9725; AA: 0.961; F1: 0.9539; Kappa: 0.9526;
2025-09-14 20:41:44,036 - INFO - spatial_LccAccuracy: 0.8447; spatial_PA: 0.9691; spatial_UA: 0.9778; spatial_F1: 0.9735
2025-09-14 20:41:44,036 - INFO - temporal_CdAccuracy: 0.6922; temporal_PA: 0.9087; temporal_UA: 0.8844; temporal_F1: 0.8964
2025-09-14 20:41:44,037 - INFO - Confusion Matrix
 [68363.	 1655.	    9.	   16.	  146.]
 [ 1202.	48905.	  117.	  158.	   79.]
 [    6.	   42.	 2183.	    0.	    0.]
 [   51.	   80.	    4.	 1155.	    0.]
 [   23.	   94.	    0.	    0.	 9812.]
2025-09-14 20:41:44,086 - INFO - Epoch 21 saved.
2025-09-14 20:41:44,087 - INFO - model saved 21 times, last saved epoch: 21.

2025-09-14 20:41:46,806 - INFO - Epoch 22, Train loss: 0.08250792324542999
2025-09-14 20:41:47,679 - INFO - mIoU: 0.9183; OA: 0.9742; AA: 0.9696; F1: 0.9562; Kappa: 0.9553;
2025-09-14 20:41:47,679 - INFO - spatial_LccAccuracy: 0.8515; spatial_PA: 0.9572; spatial_UA: 0.9832; spatial_F1: 0.9701
2025-09-14 20:41:47,679 - INFO - temporal_CdAccuracy: 0.7007; temporal_PA: 0.9209; temporal_UA: 0.8903; temporal_F1: 0.9053
2025-09-14 20:41:47,680 - INFO - Confusion Matrix
 [69285.	  827.	   10.	   30.	   37.]
 [ 1885.	48179.	  129.	  202.	   66.]
 [    6.	   35.	 2190.	    0.	    0.]
 [   33.	   43.	    0.	 1214.	    0.]
 [   64.	   99.	    0.	    0.	 9766.]
2025-09-14 20:41:47,732 - INFO - Epoch 22 saved.
2025-09-14 20:41:47,733 - INFO - model saved 22 times, last saved epoch: 22.

2025-09-14 20:41:50,635 - INFO - Epoch 23, Train loss: 0.07982370257377625
2025-09-14 20:41:51,498 - INFO - mIoU: 0.9221; OA: 0.9756; AA: 0.9689; F1: 0.9584; Kappa: 0.9578;
2025-09-14 20:41:51,498 - INFO - spatial_LccAccuracy: 0.8568; spatial_PA: 0.959; spatial_UA: 0.9827; spatial_F1: 0.9707
2025-09-14 20:41:51,498 - INFO - temporal_CdAccuracy: 0.7011; temporal_PA: 0.923; temporal_UA: 0.8936; temporal_F1: 0.9081
2025-09-14 20:41:51,499 - INFO - Confusion Matrix
 [69111.	  955.	    9.	   23.	   91.]
 [ 1577.	48516.	  110.	  175.	   83.]
 [    7.	   39.	 2185.	    0.	    0.]
 [   35.	   55.	    0.	 1200.	    0.]
 [   19.	   93.	    0.	    0.	 9817.]
2025-09-14 20:41:51,547 - INFO - Epoch 23 saved.
2025-09-14 20:41:51,547 - INFO - model saved 23 times, last saved epoch: 23.

2025-09-14 20:41:54,265 - INFO - Epoch 24, Train loss: 0.07507497817277908
2025-09-14 20:41:55,112 - INFO - mIoU: 0.9233; OA: 0.9722; AA: 0.9579; F1: 0.9591; Kappa: 0.9521;
2025-09-14 20:41:55,112 - INFO - spatial_LccAccuracy: 0.8322; spatial_PA: 0.9631; spatial_UA: 0.9799; spatial_F1: 0.9714
2025-09-14 20:41:55,112 - INFO - temporal_CdAccuracy: 0.6756; temporal_PA: 0.9091; temporal_UA: 0.8732; temporal_F1: 0.8908
2025-09-14 20:41:55,113 - INFO - Confusion Matrix
 [67644.	 2431.	    5.	   24.	   85.]
 [  643.	49618.	   52.	   97.	   51.]
 [    3.	   59.	 2169.	    0.	    0.]
 [   19.	  132.	    0.	 1139.	    0.]
 [    0.	  125.	    0.	    0.	 9804.]
2025-09-14 20:41:55,152 - INFO - Epoch 24 saved.
2025-09-14 20:41:55,153 - INFO - model saved 24 times, last saved epoch: 24.

2025-09-14 20:41:57,957 - INFO - Epoch 25, Train loss: 0.07520808279514313
2025-09-14 20:41:58,805 - INFO - mIoU: 0.9214; OA: 0.9701; AA: 0.951; F1: 0.9579; Kappa: 0.9485;
2025-09-14 20:41:58,805 - INFO - spatial_LccAccuracy: 0.8166; spatial_PA: 0.9616; spatial_UA: 0.9746; spatial_F1: 0.9681
2025-09-14 20:41:58,805 - INFO - temporal_CdAccuracy: 0.664; temporal_PA: 0.9063; temporal_UA: 0.8656; temporal_F1: 0.8854
2025-09-14 20:41:58,806 - INFO - Confusion Matrix
 [67342.	 2791.	    5.	   11.	   40.]
 [  608.	49685.	   42.	   74.	   52.]
 [    4.	   62.	 2165.	    0.	    0.]
 [   38.	  150.	    0.	 1102.	    0.]
 [   18.	  117.	    0.	    0.	 9794.]
2025-09-14 20:41:58,807 - INFO - model saved 24 times, last saved epoch: 24.

2025-09-14 20:42:01,611 - INFO - Epoch 26, Train loss: 0.07199916988611221
2025-09-14 20:42:02,414 - INFO - mIoU: 0.9243; OA: 0.9755; AA: 0.9739; F1: 0.9597; Kappa: 0.9577;
2025-09-14 20:42:02,414 - INFO - spatial_LccAccuracy: 0.8685; spatial_PA: 0.9696; spatial_UA: 0.9867; spatial_F1: 0.9781
2025-09-14 20:42:02,414 - INFO - temporal_CdAccuracy: 0.7221; temporal_PA: 0.9233; temporal_UA: 0.903; temporal_F1: 0.913
2025-09-14 20:42:02,415 - INFO - Confusion Matrix
 [69171.	  814.	    7.	   28.	  169.]
 [ 1667.	48356.	   46.	  209.	  183.]
 [    5.	   74.	 2150.	    2.	    0.]
 [   28.	   16.	    0.	 1246.	    0.]
 [    0.	   37.	    0.	    0.	 9892.]
2025-09-14 20:42:02,465 - INFO - Epoch 26 saved.
2025-09-14 20:42:02,465 - INFO - model saved 25 times, last saved epoch: 26.

2025-09-14 20:42:05,185 - INFO - Epoch 27, Train loss: 0.07000043988227844
2025-09-14 20:42:05,994 - INFO - mIoU: 0.9302; OA: 0.974; AA: 0.9757; F1: 0.9631; Kappa: 0.9553;
2025-09-14 20:42:05,995 - INFO - spatial_LccAccuracy: 0.8604; spatial_PA: 0.9693; spatial_UA: 0.975; spatial_F1: 0.9722
2025-09-14 20:42:05,995 - INFO - temporal_CdAccuracy: 0.6993; temporal_PA: 0.9198; temporal_UA: 0.8936; temporal_F1: 0.9065
2025-09-14 20:42:05,996 - INFO - Confusion Matrix
 [67901.	 2189.	    7.	   37.	   55.]
 [  711.	49438.	   65.	  164.	   83.]
 [    4.	   46.	 2180.	    1.	    0.]
 [   14.	   36.	    0.	 1240.	    0.]
 [    0.	   69.	    0.	    0.	 9860.]
2025-09-14 20:42:06,037 - INFO - Epoch 27 saved.
2025-09-14 20:42:06,038 - INFO - model saved 26 times, last saved epoch: 27.

2025-09-14 20:42:08,802 - INFO - Epoch 28, Train loss: 0.06908711045980453
2025-09-14 20:42:09,669 - INFO - mIoU: 0.9337; OA: 0.9787; AA: 0.9767; F1: 0.9649; Kappa: 0.9633;
2025-09-14 20:42:09,669 - INFO - spatial_LccAccuracy: 0.8796; spatial_PA: 0.9713; spatial_UA: 0.9891; spatial_F1: 0.9801
2025-09-14 20:42:09,669 - INFO - temporal_CdAccuracy: 0.7163; temporal_PA: 0.9312; temporal_UA: 0.9041; temporal_F1: 0.9175
2025-09-14 20:42:09,670 - INFO - Confusion Matrix
 [69068.	 1036.	    7.	   33.	   45.]
 [ 1238.	48916.	   62.	  174.	   71.]
 [    5.	   45.	 2179.	    2.	    0.]
 [   15.	   34.	    0.	 1241.	    0.]
 [    1.	   85.	    0.	    0.	 9843.]
2025-09-14 20:42:09,713 - INFO - Epoch 28 saved.
2025-09-14 20:42:09,713 - INFO - model saved 27 times, last saved epoch: 28.

2025-09-14 20:42:12,455 - INFO - Epoch 29, Train loss: 0.06483031809329987
2025-09-14 20:42:13,309 - INFO - mIoU: 0.9271; OA: 0.9766; AA: 0.9676; F1: 0.961; Kappa: 0.9595;
2025-09-14 20:42:13,309 - INFO - spatial_LccAccuracy: 0.8711; spatial_PA: 0.9773; spatial_UA: 0.9766; spatial_F1: 0.9769
2025-09-14 20:42:13,310 - INFO - temporal_CdAccuracy: 0.7087; temporal_PA: 0.9203; temporal_UA: 0.8969; temporal_F1: 0.9085
2025-09-14 20:42:13,311 - INFO - Confusion Matrix
 [68991.	 1180.	    1.	   16.	    1.]
 [ 1322.	48861.	   24.	  211.	   43.]
 [   14.	   80.	 2137.	    0.	    0.]
 [   61.	    8.	    0.	 1221.	    0.]
 [   44.	  132.	    0.	    0.	 9753.]
2025-09-14 20:42:13,312 - INFO - model saved 27 times, last saved epoch: 28.

2025-09-14 20:42:16,183 - INFO - Epoch 30, Train loss: 0.06432349979877472
2025-09-14 20:42:17,077 - INFO - mIoU: 0.9347; OA: 0.9793; AA: 0.9656; F1: 0.9654; Kappa: 0.9641;
2025-09-14 20:42:17,078 - INFO - spatial_LccAccuracy: 0.8823; spatial_PA: 0.9716; spatial_UA: 0.9833; spatial_F1: 0.9774
2025-09-14 20:42:17,078 - INFO - temporal_CdAccuracy: 0.7154; temporal_PA: 0.9304; temporal_UA: 0.9076; temporal_F1: 0.9188
2025-09-14 20:42:17,079 - INFO - Confusion Matrix
 [69287.	  880.	    5.	   13.	    4.]
 [ 1348.	48890.	   57.	  115.	   51.]
 [    9.	   51.	 2171.	    0.	    0.]
 [   58.	   55.	    0.	 1177.	    0.]
 [   36.	  100.	    0.	    0.	 9793.]
2025-09-14 20:42:17,125 - INFO - Epoch 30 saved.
2025-09-14 20:42:17,126 - INFO - model saved 28 times, last saved epoch: 30.

2025-09-14 20:42:19,956 - INFO - Epoch 31, Train loss: 0.06335734575986862
2025-09-14 20:42:20,793 - INFO - mIoU: 0.9374; OA: 0.98; AA: 0.9776; F1: 0.967; Kappa: 0.9656;
2025-09-14 20:42:20,793 - INFO - spatial_LccAccuracy: 0.8864; spatial_PA: 0.9751; spatial_UA: 0.9892; spatial_F1: 0.9821
2025-09-14 20:42:20,793 - INFO - temporal_CdAccuracy: 0.7136; temporal_PA: 0.9347; temporal_UA: 0.9096; temporal_F1: 0.922
2025-09-14 20:42:20,794 - INFO - Confusion Matrix
 [69030.	 1108.	    7.	   24.	   20.]
 [ 1022.	49100.	   85.	  147.	  107.]
 [    6.	   37.	 2188.	    0.	    0.]
 [   18.	   38.	    0.	 1234.	    0.]
 [    1.	   56.	    0.	    0.	 9872.]
2025-09-14 20:42:20,836 - INFO - Epoch 31 saved.
2025-09-14 20:42:20,837 - INFO - model saved 29 times, last saved epoch: 31.

2025-09-14 20:42:23,597 - INFO - Epoch 32, Train loss: 0.06004960089921951
2025-09-14 20:42:24,420 - INFO - mIoU: 0.9298; OA: 0.978; AA: 0.9671; F1: 0.9626; Kappa: 0.9619;
2025-09-14 20:42:24,420 - INFO - spatial_LccAccuracy: 0.8694; spatial_PA: 0.9721; spatial_UA: 0.975; spatial_F1: 0.9736
2025-09-14 20:42:24,420 - INFO - temporal_CdAccuracy: 0.719; temporal_PA: 0.9269; temporal_UA: 0.9104; temporal_F1: 0.9186
2025-09-14 20:42:24,421 - INFO - Confusion Matrix
 [69681.	  495.	    0.	   13.	    0.]
 [ 1881.	48278.	   26.	  189.	   87.]
 [   13.	   99.	 2119.	    0.	    0.]
 [   65.	    8.	    0.	 1217.	    0.]
 [    6.	   64.	    0.	    0.	 9859.]
2025-09-14 20:42:24,422 - INFO - model saved 29 times, last saved epoch: 31.

2025-09-14 20:42:27,156 - INFO - Epoch 33, Train loss: 0.060573384165763855
2025-09-14 20:42:27,994 - INFO - mIoU: 0.9337; OA: 0.9798; AA: 0.9793; F1: 0.9651; Kappa: 0.9651;
2025-09-14 20:42:27,995 - INFO - spatial_LccAccuracy: 0.881; spatial_PA: 0.9711; spatial_UA: 0.9851; spatial_F1: 0.9781
2025-09-14 20:42:27,995 - INFO - temporal_CdAccuracy: 0.7204; temporal_PA: 0.9402; temporal_UA: 0.915; temporal_F1: 0.9274
2025-09-14 20:42:27,996 - INFO - Confusion Matrix
 [69515.	  616.	    7.	   17.	   34.]
 [ 1488.	48573.	  160.	  154.	   86.]
 [    7.	   26.	 2198.	    0.	    0.]
 [   30.	   15.	    0.	 1245.	    0.]
 [    1.	   66.	    0.	    0.	 9862.]
2025-09-14 20:42:27,997 - INFO - model saved 29 times, last saved epoch: 31.

2025-09-14 20:42:30,742 - INFO - Epoch 34, Train loss: 0.05722789838910103
2025-09-14 20:42:31,614 - INFO - mIoU: 0.9434; OA: 0.981; AA: 0.9662; F1: 0.9704; Kappa: 0.9671;
2025-09-14 20:42:31,615 - INFO - spatial_LccAccuracy: 0.9011; spatial_PA: 0.9693; spatial_UA: 0.9817; spatial_F1: 0.9754
2025-09-14 20:42:31,615 - INFO - temporal_CdAccuracy: 0.7284; temporal_PA: 0.939; temporal_UA: 0.9224; temporal_F1: 0.9307
2025-09-14 20:42:31,616 - INFO - Confusion Matrix
 [69609.	  557.	    5.	   11.	    7.]
 [ 1516.	48713.	   44.	   54.	  134.]
 [    6.	   60.	 2165.	    0.	    0.]
 [   43.	   77.	    0.	 1170.	    0.]
 [    0.	   36.	    0.	    0.	 9893.]
2025-09-14 20:42:31,658 - INFO - Epoch 34 saved.
2025-09-14 20:42:31,659 - INFO - model saved 30 times, last saved epoch: 34.

2025-09-14 20:42:34,433 - INFO - Epoch 35, Train loss: 0.056243348866701126
2025-09-14 20:42:35,326 - INFO - mIoU: 0.943; OA: 0.981; AA: 0.976; F1: 0.9702; Kappa: 0.9673;
2025-09-14 20:42:35,326 - INFO - spatial_LccAccuracy: 0.8895; spatial_PA: 0.9751; spatial_UA: 0.9892; spatial_F1: 0.9821
2025-09-14 20:42:35,327 - INFO - temporal_CdAccuracy: 0.7284; temporal_PA: 0.9372; temporal_UA: 0.9159; temporal_F1: 0.9264
2025-09-14 20:42:35,327 - INFO - Confusion Matrix
 [68847.	 1275.	    5.	   28.	   34.]
 [  764.	49468.	   33.	  120.	   76.]
 [    4.	   88.	 2139.	    0.	    0.]
 [    9.	   33.	    0.	 1248.	    0.]
 [    0.	   75.	    0.	    0.	 9854.]
2025-09-14 20:42:35,328 - INFO - model saved 30 times, last saved epoch: 34.

2025-09-14 20:42:38,109 - INFO - Epoch 36, Train loss: 0.055093422532081604
2025-09-14 20:42:38,989 - INFO - mIoU: 0.9339; OA: 0.9808; AA: 0.9505; F1: 0.965; Kappa: 0.9668;
2025-09-14 20:42:38,989 - INFO - spatial_LccAccuracy: 0.8913; spatial_PA: 0.9689; spatial_UA: 0.9875; spatial_F1: 0.9781
2025-09-14 20:42:38,989 - INFO - temporal_CdAccuracy: 0.7235; temporal_PA: 0.931; temporal_UA: 0.9171; temporal_F1: 0.924
2025-09-14 20:42:38,990 - INFO - Confusion Matrix
 [69290.	  870.	    4.	    7.	   18.]
 [ 1156.	49202.	   18.	   35.	   50.]
 [    4.	  140.	 2087.	    0.	    0.]
 [   36.	  139.	    0.	 1115.	    0.]
 [    0.	   95.	    0.	    0.	 9834.]
2025-09-14 20:42:38,991 - INFO - model saved 30 times, last saved epoch: 34.

2025-09-14 20:42:41,711 - INFO - Epoch 37, Train loss: 0.05263650789856911
2025-09-14 20:42:42,589 - INFO - mIoU: 0.9486; OA: 0.9822; AA: 0.9709; F1: 0.9733; Kappa: 0.9692;
2025-09-14 20:42:42,589 - INFO - spatial_LccAccuracy: 0.9029; spatial_PA: 0.9772; spatial_UA: 0.9898; spatial_F1: 0.9834
2025-09-14 20:42:42,589 - INFO - temporal_CdAccuracy: 0.7226; temporal_PA: 0.9435; temporal_UA: 0.9202; temporal_F1: 0.9317
2025-09-14 20:42:42,590 - INFO - Confusion Matrix
 [69094.	 1045.	    4.	   18.	   28.]
 [  884.	49428.	   56.	   42.	   51.]
 [    7.	   51.	 2173.	    0.	    0.]
 [   12.	   81.	    0.	 1197.	    0.]
 [    0.	  114.	    0.	    0.	 9815.]
2025-09-14 20:42:42,631 - INFO - Epoch 37 saved.
2025-09-14 20:42:42,632 - INFO - model saved 31 times, last saved epoch: 37.

2025-09-14 20:42:45,387 - INFO - Epoch 38, Train loss: 0.052233245223760605
2025-09-14 20:42:46,238 - INFO - mIoU: 0.9464; OA: 0.9815; AA: 0.9798; F1: 0.972; Kappa: 0.9681;
2025-09-14 20:42:46,238 - INFO - spatial_LccAccuracy: 0.8953; spatial_PA: 0.9782; spatial_UA: 0.9901; spatial_F1: 0.9841
2025-09-14 20:42:46,239 - INFO - temporal_CdAccuracy: 0.7342; temporal_PA: 0.9452; temporal_UA: 0.9197; temporal_F1: 0.9323
2025-09-14 20:42:46,239 - INFO - Confusion Matrix
 [69015.	 1113.	    7.	   19.	   35.]
 [  889.	49326.	   49.	  123.	   74.]
 [    4.	   48.	 2179.	    0.	    0.]
 [   20.	   19.	    0.	 1251.	    0.]
 [    0.	   81.	    0.	    0.	 9848.]
2025-09-14 20:42:46,240 - INFO - model saved 31 times, last saved epoch: 37.

2025-09-14 20:42:48,971 - INFO - Epoch 39, Train loss: 0.050710517913103104
2025-09-14 20:42:49,872 - INFO - mIoU: 0.9489; OA: 0.9807; AA: 0.9711; F1: 0.9735; Kappa: 0.9666;
2025-09-14 20:42:49,872 - INFO - spatial_LccAccuracy: 0.8966; spatial_PA: 0.98; spatial_UA: 0.9829; spatial_F1: 0.9815
2025-09-14 20:42:49,872 - INFO - temporal_CdAccuracy: 0.7154; temporal_PA: 0.9439; temporal_UA: 0.9153; temporal_F1: 0.9294
2025-09-14 20:42:49,873 - INFO - Confusion Matrix
 [68965.	 1206.	    2.	   12.	    4.]
 [  972.	49303.	   74.	   32.	   80.]
 [   12.	   34.	 2185.	    0.	    0.]
 [   23.	   76.	    0.	 1191.	    0.]
 [    0.	   65.	    0.	    0.	 9864.]
2025-09-14 20:42:49,920 - INFO - Epoch 39 saved.
2025-09-14 20:42:49,921 - INFO - model saved 32 times, last saved epoch: 39.

2025-09-14 20:42:52,702 - INFO - Epoch 40, Train loss: 0.04948686435818672
2025-09-14 20:42:53,566 - INFO - mIoU: 0.9496; OA: 0.9834; AA: 0.9788; F1: 0.9739; Kappa: 0.9712;
2025-09-14 20:42:53,567 - INFO - spatial_LccAccuracy: 0.9101; spatial_PA: 0.9769; spatial_UA: 0.9887; spatial_F1: 0.9828
2025-09-14 20:42:53,567 - INFO - temporal_CdAccuracy: 0.7329; temporal_PA: 0.9499; temporal_UA: 0.927; temporal_F1: 0.9383
2025-09-14 20:42:53,568 - INFO - Confusion Matrix
 [69395.	  757.	    6.	   11.	   20.]
 [ 1015.	49202.	  107.	   73.	   64.]
 [    5.	   28.	 2198.	    0.	    0.]
 [   25.	   35.	    0.	 1230.	    0.]
 [    0.	   85.	    0.	    0.	 9844.]
2025-09-14 20:42:53,609 - INFO - Epoch 40 saved.
2025-09-14 20:42:53,610 - INFO - model saved 33 times, last saved epoch: 40.

2025-09-14 20:42:56,447 - INFO - Epoch 41, Train loss: 0.049570780247449875
2025-09-14 20:42:57,347 - INFO - mIoU: 0.9477; OA: 0.982; AA: 0.9667; F1: 0.9728; Kappa: 0.969;
2025-09-14 20:42:57,347 - INFO - spatial_LccAccuracy: 0.8998; spatial_PA: 0.9803; spatial_UA: 0.9906; spatial_F1: 0.9854
2025-09-14 20:42:57,348 - INFO - temporal_CdAccuracy: 0.7342; temporal_PA: 0.9453; temporal_UA: 0.9241; temporal_F1: 0.9346
2025-09-14 20:42:57,348 - INFO - Confusion Matrix
 [68962.	 1173.	    3.	   24.	   27.]
 [  769.	49572.	   27.	   27.	   66.]
 [    7.	   88.	 2136.	    0.	    0.]
 [    8.	   93.	    0.	 1188.	    1.]
 [    0.	   95.	    0.	    0.	 9834.]
2025-09-14 20:42:57,350 - INFO - model saved 33 times, last saved epoch: 40.

2025-09-14 20:43:00,104 - INFO - Epoch 42, Train loss: 0.04660739004611969
2025-09-14 20:43:00,943 - INFO - mIoU: 0.9479; OA: 0.9832; AA: 0.9816; F1: 0.973; Kappa: 0.971;
2025-09-14 20:43:00,944 - INFO - spatial_LccAccuracy: 0.9123; spatial_PA: 0.9733; spatial_UA: 0.9897; spatial_F1: 0.9814
2025-09-14 20:43:00,944 - INFO - temporal_CdAccuracy: 0.7347; temporal_PA: 0.9513; temporal_UA: 0.9307; temporal_F1: 0.9409
2025-09-14 20:43:00,944 - INFO - Confusion Matrix
 [69450.	  677.	    8.	   20.	   34.]
 [ 1078.	49049.	  129.	   73.	  132.]
 [    5.	   28.	 2198.	    0.	    0.]
 [    8.	   35.	    0.	 1243.	    4.]
 [    0.	   24.	    0.	    0.	 9905.]
2025-09-14 20:43:00,945 - INFO - model saved 33 times, last saved epoch: 40.

2025-09-14 20:43:03,704 - INFO - Epoch 43, Train loss: 0.04636956378817558
2025-09-14 20:43:04,564 - INFO - mIoU: 0.9503; OA: 0.9811; AA: 0.9735; F1: 0.9743; Kappa: 0.9673;
2025-09-14 20:43:04,564 - INFO - spatial_LccAccuracy: 0.8949; spatial_PA: 0.9764; spatial_UA: 0.9906; spatial_F1: 0.9834
2025-09-14 20:43:04,564 - INFO - temporal_CdAccuracy: 0.7289; temporal_PA: 0.9447; temporal_UA: 0.9174; temporal_F1: 0.9309
2025-09-14 20:43:04,565 - INFO - Confusion Matrix
 [68737.	 1400.	    4.	   18.	   30.]
 [  692.	49630.	   47.	   48.	   44.]
 [    6.	   54.	 2171.	    0.	    0.]
 [   16.	   56.	    0.	 1218.	    0.]
 [    0.	  126.	    0.	    0.	 9803.]
2025-09-14 20:43:04,606 - INFO - Epoch 43 saved.
2025-09-14 20:43:04,607 - INFO - model saved 34 times, last saved epoch: 43.

2025-09-14 20:43:07,353 - INFO - Epoch 44, Train loss: 0.044844191521406174
2025-09-14 20:43:08,180 - INFO - mIoU: 0.9455; OA: 0.9828; AA: 0.9591; F1: 0.9715; Kappa: 0.9703;
2025-09-14 20:43:08,180 - INFO - spatial_LccAccuracy: 0.9123; spatial_PA: 0.9744; spatial_UA: 0.9832; spatial_F1: 0.9788
2025-09-14 20:43:08,180 - INFO - temporal_CdAccuracy: 0.7409; temporal_PA: 0.9505; temporal_UA: 0.9353; temporal_F1: 0.9428
2025-09-14 20:43:08,181 - INFO - Confusion Matrix
 [69614.	  550.	    0.	    3.	   22.]
 [ 1292.	49047.	   18.	   21.	   83.]
 [    8.	   81.	 2142.	    0.	    0.]
 [  106.	   51.	    0.	 1133.	    0.]
 [    3.	   64.	    0.	    0.	 9862.]
2025-09-14 20:43:08,182 - INFO - model saved 34 times, last saved epoch: 43.

2025-09-14 20:43:10,915 - INFO - Epoch 45, Train loss: 0.04488137364387512
2025-09-14 20:43:11,771 - INFO - mIoU: 0.9506; OA: 0.9834; AA: 0.9833; F1: 0.9744; Kappa: 0.9713;
2025-09-14 20:43:11,772 - INFO - spatial_LccAccuracy: 0.9141; spatial_PA: 0.9708; spatial_UA: 0.991; spatial_F1: 0.9808
2025-09-14 20:43:11,772 - INFO - temporal_CdAccuracy: 0.7383; temporal_PA: 0.958; temporal_UA: 0.9346; temporal_F1: 0.9462
2025-09-14 20:43:11,773 - INFO - Confusion Matrix
 [69511.	  606.	    7.	   27.	   38.]
 [ 1154.	49055.	   82.	   95.	   75.]
 [    4.	   31.	 2196.	    0.	    0.]
 [    9.	   20.	    0.	 1261.	    0.]
 [    0.	   76.	    0.	    0.	 9853.]
2025-09-14 20:43:11,840 - INFO - Epoch 45 saved.
2025-09-14 20:43:11,841 - INFO - model saved 35 times, last saved epoch: 45.

2025-09-14 20:43:14,831 - INFO - Epoch 46, Train loss: 0.04506172239780426
2025-09-14 20:43:15,712 - INFO - mIoU: 0.9433; OA: 0.9797; AA: 0.9567; F1: 0.9703; Kappa: 0.965;
2025-09-14 20:43:15,713 - INFO - spatial_LccAccuracy: 0.8828; spatial_PA: 0.9772; spatial_UA: 0.9898; spatial_F1: 0.9834
2025-09-14 20:43:15,713 - INFO - temporal_CdAccuracy: 0.7204; temporal_PA: 0.9394; temporal_UA: 0.9169; temporal_F1: 0.928
2025-09-14 20:43:15,713 - INFO - Confusion Matrix
 [68424.	 1736.	    1.	    6.	   22.]
 [  512.	49896.	    3.	   12.	   38.]
 [    4.	   85.	 2142.	    0.	    0.]
 [   12.	  151.	    0.	 1127.	    0.]
 [    0.	  140.	    0.	    0.	 9789.]
2025-09-14 20:43:15,714 - INFO - model saved 35 times, last saved epoch: 45.

2025-09-14 20:43:18,482 - INFO - Epoch 47, Train loss: 0.04188043251633644
2025-09-14 20:43:19,305 - INFO - mIoU: 0.9553; OA: 0.9844; AA: 0.9697; F1: 0.9769; Kappa: 0.973;
2025-09-14 20:43:19,305 - INFO - spatial_LccAccuracy: 0.9208; spatial_PA: 0.9769; spatial_UA: 0.9887; spatial_F1: 0.9828
2025-09-14 20:43:19,305 - INFO - temporal_CdAccuracy: 0.7477; temporal_PA: 0.9543; temporal_UA: 0.9398; temporal_F1: 0.947
2025-09-14 20:43:19,306 - INFO - Confusion Matrix
 [69524.	  650.	    2.	    8.	    5.]
 [ 1008.	49373.	   38.	   20.	   22.]
 [    8.	   60.	 2163.	    0.	    0.]
 [   38.	   55.	    0.	 1197.	    0.]
 [    2.	  177.	    0.	    0.	 9750.]
2025-09-14 20:43:19,376 - INFO - Epoch 47 saved.
2025-09-14 20:43:19,376 - INFO - model saved 36 times, last saved epoch: 47.

2025-09-14 20:43:22,148 - INFO - Epoch 48, Train loss: 0.044167399406433105
2025-09-14 20:43:23,082 - INFO - mIoU: 0.9552; OA: 0.9839; AA: 0.9717; F1: 0.9769; Kappa: 0.9721;
2025-09-14 20:43:23,082 - INFO - spatial_LccAccuracy: 0.9087; spatial_PA: 0.9774; spatial_UA: 0.9908; spatial_F1: 0.9841
2025-09-14 20:43:23,082 - INFO - temporal_CdAccuracy: 0.74; temporal_PA: 0.9543; temporal_UA: 0.9319; temporal_F1: 0.943
2025-09-14 20:43:23,083 - INFO - Confusion Matrix
 [69243.	  911.	    4.	    9.	   22.]
 [  862.	49445.	   45.	   16.	   93.]
 [    7.	   48.	 2176.	    0.	    0.]
 [   21.	   80.	    0.	 1189.	    0.]
 [    0.	   47.	    0.	    0.	 9882.]
2025-09-14 20:43:23,084 - INFO - model saved 36 times, last saved epoch: 47.

2025-09-14 20:43:25,833 - INFO - Epoch 49, Train loss: 0.04176653176546097
2025-09-14 20:43:26,763 - INFO - mIoU: 0.9584; OA: 0.9839; AA: 0.9793; F1: 0.9786; Kappa: 0.9722;
2025-09-14 20:43:26,763 - INFO - spatial_LccAccuracy: 0.9208; spatial_PA: 0.972; spatial_UA: 0.9883; spatial_F1: 0.9801
2025-09-14 20:43:26,763 - INFO - temporal_CdAccuracy: 0.7454; temporal_PA: 0.9554; temporal_UA: 0.9389; temporal_F1: 0.9471
2025-09-14 20:43:26,764 - INFO - Confusion Matrix
 [69622.	  547.	    5.	   10.	    5.]
 [ 1232.	49063.	   57.	   47.	   62.]
 [    6.	   38.	 2187.	    0.	    0.]
 [   20.	   29.	    0.	 1241.	    0.]
 [    0.	   97.	    0.	    0.	 9832.]
2025-09-14 20:43:26,816 - INFO - Epoch 49 saved.
2025-09-14 20:43:26,816 - INFO - model saved 37 times, last saved epoch: 49.

2025-09-14 20:43:29,580 - INFO - Epoch 50, Train loss: 0.0396624393761158
2025-09-14 20:43:30,480 - INFO - mIoU: 0.9579; OA: 0.9839; AA: 0.9802; F1: 0.9784; Kappa: 0.9721;
2025-09-14 20:43:30,480 - INFO - spatial_LccAccuracy: 0.9078; spatial_PA: 0.9772; spatial_UA: 0.9898; spatial_F1: 0.9834
2025-09-14 20:43:30,480 - INFO - temporal_CdAccuracy: 0.7427; temporal_PA: 0.9561; temporal_UA: 0.9361; temporal_F1: 0.946
2025-09-14 20:43:30,481 - INFO - Confusion Matrix
 [69658.	  461.	    7.	   21.	   42.]
 [ 1296.	48973.	   72.	   28.	   92.]
 [    7.	   29.	 2195.	    0.	    0.]
 [   11.	   41.	    0.	 1238.	    0.]
 [    0.	   54.	    0.	    0.	 9875.]
2025-09-14 20:43:30,482 - INFO - model saved 37 times, last saved epoch: 49.

2025-09-14 20:43:33,401 - INFO - Epoch 51, Train loss: 0.03977476805448532
2025-09-14 20:43:34,287 - INFO - mIoU: 0.9554; OA: 0.9844; AA: 0.9689; F1: 0.9771; Kappa: 0.973;
2025-09-14 20:43:34,287 - INFO - spatial_LccAccuracy: 0.915; spatial_PA: 0.9792; spatial_UA: 0.9904; spatial_F1: 0.9848
2025-09-14 20:43:34,287 - INFO - temporal_CdAccuracy: 0.7445; temporal_PA: 0.9554; temporal_UA: 0.9366; temporal_F1: 0.9459
2025-09-14 20:43:34,288 - INFO - Confusion Matrix
 [69239.	  901.	    3.	    5.	   41.]
 [  767.	49590.	   20.	   14.	   70.]
 [    4.	   94.	 2133.	    0.	    0.]
 [   19.	   72.	    0.	 1196.	    3.]
 [    0.	   79.	    0.	    0.	 9850.]
2025-09-14 20:43:34,289 - INFO - model saved 37 times, last saved epoch: 49.

2025-09-14 20:43:37,192 - INFO - Epoch 52, Train loss: 0.03981228545308113
2025-09-14 20:43:38,050 - INFO - mIoU: 0.9514; OA: 0.9839; AA: 0.9842; F1: 0.9748; Kappa: 0.9722;
2025-09-14 20:43:38,050 - INFO - spatial_LccAccuracy: 0.9128; spatial_PA: 0.9705; spatial_UA: 0.9899; spatial_F1: 0.9801
2025-09-14 20:43:38,050 - INFO - temporal_CdAccuracy: 0.7423; temporal_PA: 0.9553; temporal_UA: 0.9343; temporal_F1: 0.9447
2025-09-14 20:43:38,051 - INFO - Confusion Matrix
 [69137.	  965.	   10.	   56.	   21.]
 [  753.	49482.	   69.	   72.	   85.]
 [    5.	   40.	 2186.	    0.	    0.]
 [    4.	   18.	    0.	 1266.	    2.]
 [    0.	   60.	    0.	    0.	 9869.]
2025-09-14 20:43:38,052 - INFO - model saved 37 times, last saved epoch: 49.

2025-09-14 20:43:40,822 - INFO - Epoch 53, Train loss: 0.03842467814683914
2025-09-14 20:43:41,708 - INFO - mIoU: 0.962; OA: 0.9854; AA: 0.98; F1: 0.9806; Kappa: 0.9748;
2025-09-14 20:43:41,709 - INFO - spatial_LccAccuracy: 0.9284; spatial_PA: 0.9798; spatial_UA: 0.9925; spatial_F1: 0.9861
2025-09-14 20:43:41,709 - INFO - temporal_CdAccuracy: 0.7517; temporal_PA: 0.961; temporal_UA: 0.9433; temporal_F1: 0.9521
2025-09-14 20:43:41,710 - INFO - Confusion Matrix
 [69643.	  514.	    4.	   11.	   17.]
 [ 1092.	49205.	   32.	   38.	   94.]
 [    7.	   56.	 2168.	    0.	    0.]
 [   12.	   33.	    0.	 1245.	    0.]
 [    0.	   44.	    0.	    0.	 9885.]
2025-09-14 20:43:41,751 - INFO - Epoch 53 saved.
2025-09-14 20:43:41,752 - INFO - model saved 38 times, last saved epoch: 53.

2025-09-14 20:43:44,479 - INFO - Epoch 54, Train loss: 0.0373239628970623
2025-09-14 20:43:45,341 - INFO - mIoU: 0.9449; OA: 0.9841; AA: 0.9842; F1: 0.971; Kappa: 0.9725;
2025-09-14 20:43:45,341 - INFO - spatial_LccAccuracy: 0.9092; spatial_PA: 0.9774; spatial_UA: 0.9908; spatial_F1: 0.9841
2025-09-14 20:43:45,342 - INFO - temporal_CdAccuracy: 0.7459; temporal_PA: 0.9617; temporal_UA: 0.94; temporal_F1: 0.9507
2025-09-14 20:43:45,342 - INFO - Confusion Matrix
 [69619.	  531.	    5.	   18.	   16.]
 [ 1108.	49029.	   60.	  180.	   84.]
 [    5.	   38.	 2188.	    0.	    0.]
 [   11.	   10.	    0.	 1269.	    0.]
 [    0.	   70.	    0.	    0.	 9859.]
2025-09-14 20:43:45,342 - INFO - model saved 38 times, last saved epoch: 53.

2025-09-14 20:43:48,087 - INFO - Epoch 55, Train loss: 0.0371214933693409
2025-09-14 20:43:48,976 - INFO - mIoU: 0.9572; OA: 0.9845; AA: 0.9817; F1: 0.9779; Kappa: 0.9731;
2025-09-14 20:43:48,977 - INFO - spatial_LccAccuracy: 0.9186; spatial_PA: 0.9767; spatial_UA: 0.9916; spatial_F1: 0.9841
2025-09-14 20:43:48,977 - INFO - temporal_CdAccuracy: 0.749; temporal_PA: 0.9577; temporal_UA: 0.9385; temporal_F1: 0.948
2025-09-14 20:43:48,978 - INFO - Confusion Matrix
 [69594.	  523.	    5.	   44.	   23.]
 [ 1169.	49114.	   28.	   52.	   98.]
 [    7.	   53.	 2171.	    0.	    0.]
 [    8.	   22.	    0.	 1259.	    1.]
 [    0.	   52.	    0.	    0.	 9877.]
2025-09-14 20:43:48,979 - INFO - model saved 38 times, last saved epoch: 53.

2025-09-14 20:43:51,894 - INFO - Epoch 56, Train loss: 0.03611265495419502
2025-09-14 20:43:52,740 - INFO - mIoU: 0.9571; OA: 0.9851; AA: 0.9841; F1: 0.9779; Kappa: 0.9743;
2025-09-14 20:43:52,740 - INFO - spatial_LccAccuracy: 0.923; spatial_PA: 0.9723; spatial_UA: 0.9894; spatial_F1: 0.9808
2025-09-14 20:43:52,740 - INFO - temporal_CdAccuracy: 0.7445; temporal_PA: 0.9612; temporal_UA: 0.9419; temporal_F1: 0.9514
2025-09-14 20:43:52,741 - INFO - Confusion Matrix
 [69693.	  462.	   10.	   24.	    0.]
 [ 1138.	49092.	   76.	   64.	   91.]
 [    3.	   32.	 2196.	    0.	    0.]
 [   11.	   19.	    0.	 1260.	    0.]
 [    3.	   60.	    0.	    0.	 9866.]
2025-09-14 20:43:52,742 - INFO - model saved 38 times, last saved epoch: 53.

2025-09-14 20:43:55,600 - INFO - Epoch 57, Train loss: 0.03607046231627464
2025-09-14 20:43:56,436 - INFO - mIoU: 0.9601; OA: 0.9838; AA: 0.9831; F1: 0.9795; Kappa: 0.9721;
2025-09-14 20:43:56,437 - INFO - spatial_LccAccuracy: 0.9217; spatial_PA: 0.9859; spatial_UA: 0.9903; spatial_F1: 0.9881
2025-09-14 20:43:56,437 - INFO - temporal_CdAccuracy: 0.7477; temporal_PA: 0.9579; temporal_UA: 0.9398; temporal_F1: 0.9488
2025-09-14 20:43:56,438 - INFO - Confusion Matrix
 [69075.	 1088.	    3.	   14.	    9.]
 [  718.	49580.	   48.	   60.	   55.]
 [    7.	   35.	 2189.	    0.	    0.]
 [   10.	   18.	    0.	 1262.	    0.]
 [    0.	  104.	    0.	    0.	 9825.]
2025-09-14 20:43:56,439 - INFO - model saved 38 times, last saved epoch: 53.

2025-09-14 20:43:59,241 - INFO - Epoch 58, Train loss: 0.03549635037779808
2025-09-14 20:44:00,136 - INFO - mIoU: 0.9637; OA: 0.9849; AA: 0.9795; F1: 0.9815; Kappa: 0.9738;
2025-09-14 20:44:00,136 - INFO - spatial_LccAccuracy: 0.9217; spatial_PA: 0.9795; spatial_UA: 0.9914; spatial_F1: 0.9854
2025-09-14 20:44:00,136 - INFO - temporal_CdAccuracy: 0.7445; temporal_PA: 0.9615; temporal_UA: 0.939; temporal_F1: 0.9501
2025-09-14 20:44:00,137 - INFO - Confusion Matrix
 [69623.	  530.	    0.	    5.	   31.]
 [ 1132.	49202.	   33.	   30.	   64.]
 [    9.	   49.	 2173.	    0.	    0.]
 [   20.	   23.	    0.	 1247.	    0.]
 [    0.	  103.	    0.	    0.	 9826.]
2025-09-14 20:44:00,177 - INFO - Epoch 58 saved.
2025-09-14 20:44:00,177 - INFO - model saved 39 times, last saved epoch: 58.

2025-09-14 20:44:03,000 - INFO - Epoch 59, Train loss: 0.03455178812146187
2025-09-14 20:44:03,841 - INFO - mIoU: 0.9617; OA: 0.9844; AA: 0.9831; F1: 0.9804; Kappa: 0.973;
2025-09-14 20:44:03,841 - INFO - spatial_LccAccuracy: 0.9177; spatial_PA: 0.9808; spatial_UA: 0.9928; spatial_F1: 0.9868
2025-09-14 20:44:03,842 - INFO - temporal_CdAccuracy: 0.7463; temporal_PA: 0.9552; temporal_UA: 0.9352; temporal_F1: 0.9451
2025-09-14 20:44:03,843 - INFO - Confusion Matrix
 [69130.	 1015.	    6.	   13.	   25.]
 [  709.	49587.	   53.	   43.	   69.]
 [    5.	   40.	 2186.	    0.	    0.]
 [   10.	   20.	    0.	 1260.	    0.]
 [    0.	   85.	    0.	    0.	 9844.]
2025-09-14 20:44:03,844 - INFO - model saved 39 times, last saved epoch: 58.

2025-09-14 20:44:06,577 - INFO - Epoch 60, Train loss: 0.034319404512643814
2025-09-14 20:44:07,387 - INFO - mIoU: 0.9599; OA: 0.9848; AA: 0.9838; F1: 0.9794; Kappa: 0.9737;
2025-09-14 20:44:07,388 - INFO - spatial_LccAccuracy: 0.9226; spatial_PA: 0.9718; spatial_UA: 0.9913; spatial_F1: 0.9815
2025-09-14 20:44:07,388 - INFO - temporal_CdAccuracy: 0.757; temporal_PA: 0.9579; temporal_UA: 0.9473; temporal_F1: 0.9526
2025-09-14 20:44:07,389 - INFO - Confusion Matrix
 [69524.	  626.	    8.	   28.	    3.]
 [ 1043.	49214.	   60.	   44.	  100.]
 [    5.	   35.	 2191.	    0.	    0.]
 [    7.	   21.	    0.	 1261.	    1.]
 [    0.	   62.	    0.	    0.	 9867.]
2025-09-14 20:44:07,390 - INFO - model saved 39 times, last saved epoch: 58.

2025-09-14 20:44:10,211 - INFO - Epoch 61, Train loss: 0.03390299901366234
2025-09-14 20:44:11,061 - INFO - mIoU: 0.9613; OA: 0.9829; AA: 0.9835; F1: 0.9802; Kappa: 0.9705;
2025-09-14 20:44:11,061 - INFO - spatial_LccAccuracy: 0.9163; spatial_PA: 0.9788; spatial_UA: 0.9854; spatial_F1: 0.9821
2025-09-14 20:44:11,061 - INFO - temporal_CdAccuracy: 0.7414; temporal_PA: 0.9541; temporal_UA: 0.9393; temporal_F1: 0.9467
2025-09-14 20:44:11,061 - INFO - Confusion Matrix
 [68954.	 1213.	    5.	   15.	    2.]
 [  730.	49569.	   49.	   47.	   66.]
 [    7.	   33.	 2191.	    0.	    0.]
 [    9.	   16.	    0.	 1265.	    0.]
 [    0.	  100.	    0.	    0.	 9829.]
2025-09-14 20:44:11,062 - INFO - model saved 39 times, last saved epoch: 58.

2025-09-14 20:44:13,837 - INFO - Epoch 62, Train loss: 0.03353166580200195
2025-09-14 20:44:14,687 - INFO - mIoU: 0.9611; OA: 0.9859; AA: 0.9768; F1: 0.9801; Kappa: 0.9756;
2025-09-14 20:44:14,687 - INFO - spatial_LccAccuracy: 0.9257; spatial_PA: 0.9795; spatial_UA: 0.9914; spatial_F1: 0.9854
2025-09-14 20:44:14,688 - INFO - temporal_CdAccuracy: 0.7544; temporal_PA: 0.9596; temporal_UA: 0.947; temporal_F1: 0.9533
2025-09-14 20:44:14,688 - INFO - Confusion Matrix
 [69535.	  627.	    0.	   10.	   17.]
 [  879.	49447.	    3.	   43.	   89.]
 [    7.	  111.	 2113.	    0.	    0.]
 [   13.	   21.	    0.	 1256.	    0.]
 [    0.	   71.	    0.	    0.	 9858.]
2025-09-14 20:44:14,690 - INFO - model saved 39 times, last saved epoch: 58.

2025-09-14 20:44:17,600 - INFO - Epoch 63, Train loss: 0.03240833804011345
2025-09-14 20:44:18,463 - INFO - mIoU: 0.9612; OA: 0.9836; AA: 0.9773; F1: 0.9802; Kappa: 0.9716;
2025-09-14 20:44:18,463 - INFO - spatial_LccAccuracy: 0.9141; spatial_PA: 0.9831; spatial_UA: 0.9905; spatial_F1: 0.9868
2025-09-14 20:44:18,463 - INFO - temporal_CdAccuracy: 0.7441; temporal_PA: 0.9521; temporal_UA: 0.9352; temporal_F1: 0.9436
2025-09-14 20:44:18,463 - INFO - Confusion Matrix
 [68858.	 1305.	    3.	    7.	   16.]
 [  539.	49785.	   43.	   14.	   80.]
 [    6.	   58.	 2167.	    0.	    0.]
 [   14.	   44.	    0.	 1232.	    0.]
 [    0.	   74.	    0.	    0.	 9855.]
2025-09-14 20:44:18,464 - INFO - model saved 39 times, last saved epoch: 58.

2025-09-14 20:44:21,304 - INFO - Epoch 64, Train loss: 0.03205292299389839
2025-09-14 20:44:22,191 - INFO - mIoU: 0.9645; OA: 0.9854; AA: 0.9824; F1: 0.9819; Kappa: 0.9747;
2025-09-14 20:44:22,191 - INFO - spatial_LccAccuracy: 0.9244; spatial_PA: 0.9792; spatial_UA: 0.9904; spatial_F1: 0.9848
2025-09-14 20:44:22,191 - INFO - temporal_CdAccuracy: 0.7459; temporal_PA: 0.9589; temporal_UA: 0.9414; temporal_F1: 0.9501
2025-09-14 20:44:22,192 - INFO - Confusion Matrix
 [69318.	  856.	    4.	   11.	    0.]
 [  775.	49557.	   49.	   32.	   48.]
 [    7.	   32.	 2192.	    0.	    0.]
 [   13.	   24.	    0.	 1253.	    0.]
 [    4.	  109.	    0.	    0.	 9816.]
2025-09-14 20:44:22,236 - INFO - Epoch 64 saved.
2025-09-14 20:44:22,237 - INFO - model saved 40 times, last saved epoch: 64.

2025-09-14 20:44:24,943 - INFO - Epoch 65, Train loss: 0.03209222853183746
2025-09-14 20:44:25,852 - INFO - mIoU: 0.939; OA: 0.9837; AA: 0.9714; F1: 0.9675; Kappa: 0.9719;
2025-09-14 20:44:25,853 - INFO - spatial_LccAccuracy: 0.9154; spatial_PA: 0.9839; spatial_UA: 0.9936; spatial_F1: 0.9888
2025-09-14 20:44:25,853 - INFO - temporal_CdAccuracy: 0.7485; temporal_PA: 0.9588; temporal_UA: 0.9371; temporal_F1: 0.9478
2025-09-14 20:44:25,854 - INFO - Confusion Matrix
 [69166.	  861.	    4.	  154.	    4.]
 [  788.	49567.	   39.	   11.	   56.]
 [    5.	   52.	 2174.	    0.	    0.]
 [    6.	   88.	    0.	 1195.	    1.]
 [    0.	  116.	    0.	    0.	 9813.]
2025-09-14 20:44:25,855 - INFO - model saved 40 times, last saved epoch: 64.

2025-09-14 20:44:28,583 - INFO - Epoch 66, Train loss: 0.029947953298687935
2025-09-14 20:44:29,370 - INFO - mIoU: 0.9656; OA: 0.9852; AA: 0.9822; F1: 0.9825; Kappa: 0.9745;
2025-09-14 20:44:29,370 - INFO - spatial_LccAccuracy: 0.9275; spatial_PA: 0.976; spatial_UA: 0.9924; spatial_F1: 0.9841
2025-09-14 20:44:29,370 - INFO - temporal_CdAccuracy: 0.7557; temporal_PA: 0.9624; temporal_UA: 0.946; temporal_F1: 0.9541
2025-09-14 20:44:29,371 - INFO - Confusion Matrix
 [69412.	  748.	    4.	   13.	   12.]
 [  893.	49406.	   44.	   16.	  102.]
 [    5.	   43.	 2183.	    0.	    0.]
 [   11.	   26.	    0.	 1252.	    1.]
 [    0.	   61.	    0.	    0.	 9868.]
2025-09-14 20:44:29,413 - INFO - Epoch 66 saved.
2025-09-14 20:44:29,413 - INFO - model saved 41 times, last saved epoch: 66.

2025-09-14 20:44:32,174 - INFO - Epoch 67, Train loss: 0.0296313613653183
2025-09-14 20:44:33,007 - INFO - mIoU: 0.9641; OA: 0.9846; AA: 0.9821; F1: 0.9817; Kappa: 0.9735;
2025-09-14 20:44:33,007 - INFO - spatial_LccAccuracy: 0.9248; spatial_PA: 0.9813; spatial_UA: 0.9909; spatial_F1: 0.9861
2025-09-14 20:44:33,007 - INFO - temporal_CdAccuracy: 0.7512; temporal_PA: 0.9584; temporal_UA: 0.9428; temporal_F1: 0.9505
2025-09-14 20:44:33,008 - INFO - Confusion Matrix
 [69138.	 1027.	    5.	   10.	    9.]
 [  658.	49691.	   67.	   21.	   24.]
 [    7.	   23.	 2201.	    0.	    0.]
 [   10.	   27.	    0.	 1253.	    0.]
 [    0.	  172.	    0.	    0.	 9757.]
2025-09-14 20:44:33,009 - INFO - model saved 41 times, last saved epoch: 66.

2025-09-14 20:44:35,977 - INFO - Epoch 68, Train loss: 0.030207253992557526
2025-09-14 20:44:36,838 - INFO - mIoU: 0.9616; OA: 0.9851; AA: 0.9822; F1: 0.9803; Kappa: 0.9742;
2025-09-14 20:44:36,838 - INFO - spatial_LccAccuracy: 0.928; spatial_PA: 0.9839; spatial_UA: 0.9936; spatial_F1: 0.9888
2025-09-14 20:44:36,838 - INFO - temporal_CdAccuracy: 0.757; temporal_PA: 0.9578; temporal_UA: 0.945; temporal_F1: 0.9514
2025-09-14 20:44:36,839 - INFO - Confusion Matrix
 [69259.	  871.	    3.	   42.	   14.]
 [  778.	49552.	   48.	   17.	   66.]
 [    7.	   43.	 2181.	    0.	    0.]
 [    7.	   28.	    0.	 1254.	    1.]
 [    0.	   74.	    0.	    0.	 9855.]
2025-09-14 20:44:36,840 - INFO - model saved 41 times, last saved epoch: 66.

2025-09-14 20:44:39,816 - INFO - Epoch 69, Train loss: 0.030132627114653587
2025-09-14 20:44:40,679 - INFO - mIoU: 0.9663; OA: 0.986; AA: 0.985; F1: 0.9828; Kappa: 0.9759;
2025-09-14 20:44:40,679 - INFO - spatial_LccAccuracy: 0.9275; spatial_PA: 0.9829; spatial_UA: 0.9933; spatial_F1: 0.9881
2025-09-14 20:44:40,679 - INFO - temporal_CdAccuracy: 0.7544; temporal_PA: 0.9594; temporal_UA: 0.948; temporal_F1: 0.9537
2025-09-14 20:44:40,680 - INFO - Confusion Matrix
 [69371.	  792.	    1.	    7.	   18.]
 [  741.	49555.	   67.	   30.	   68.]
 [    6.	   25.	 2200.	    0.	    0.]
 [   11.	   17.	    0.	 1261.	    1.]
 [    0.	   90.	    0.	    0.	 9839.]
2025-09-14 20:44:40,722 - INFO - Epoch 69 saved.
2025-09-14 20:44:40,722 - INFO - model saved 42 times, last saved epoch: 69.

2025-09-14 20:44:43,460 - INFO - Epoch 70, Train loss: 0.028848931193351746
2025-09-14 20:44:44,261 - INFO - mIoU: 0.9631; OA: 0.9853; AA: 0.9764; F1: 0.9811; Kappa: 0.9747;
2025-09-14 20:44:44,261 - INFO - spatial_LccAccuracy: 0.9204; spatial_PA: 0.9733; spatial_UA: 0.9897; spatial_F1: 0.9814
2025-09-14 20:44:44,261 - INFO - temporal_CdAccuracy: 0.7553; temporal_PA: 0.9592; temporal_UA: 0.9456; temporal_F1: 0.9524
2025-09-14 20:44:44,262 - INFO - Confusion Matrix
 [69433.	  737.	    3.	    7.	    9.]
 [  867.	49492.	   33.	   12.	   57.]
 [    5.	   59.	 2167.	    0.	    0.]
 [   13.	   49.	    0.	 1228.	    0.]
 [    0.	  114.	    0.	    0.	 9815.]
2025-09-14 20:44:44,263 - INFO - model saved 42 times, last saved epoch: 69.

2025-09-14 20:44:46,984 - INFO - Epoch 71, Train loss: 0.029241526499390602
2025-09-14 20:44:47,869 - INFO - mIoU: 0.9616; OA: 0.9863; AA: 0.9832; F1: 0.9803; Kappa: 0.9762;
2025-09-14 20:44:47,869 - INFO - spatial_LccAccuracy: 0.9221; spatial_PA: 0.9823; spatial_UA: 0.9912; spatial_F1: 0.9868
2025-09-14 20:44:47,870 - INFO - temporal_CdAccuracy: 0.7526; temporal_PA: 0.9657; temporal_UA: 0.9484; temporal_F1: 0.9569
2025-09-14 20:44:47,870 - INFO - Confusion Matrix
 [69613.	  557.	    0.	    9.	   10.]
 [  931.	49344.	   39.	   70.	   77.]
 [    7.	   46.	 2178.	    0.	    0.]
 [   16.	   14.	    0.	 1260.	    0.]
 [    0.	   66.	    0.	    0.	 9863.]
2025-09-14 20:44:47,872 - INFO - model saved 42 times, last saved epoch: 69.

2025-09-14 20:44:50,687 - INFO - Epoch 72, Train loss: 0.027968093752861023
2025-09-14 20:44:51,503 - INFO - mIoU: 0.9667; OA: 0.9862; AA: 0.9803; F1: 0.983; Kappa: 0.9762;
2025-09-14 20:44:51,503 - INFO - spatial_LccAccuracy: 0.9253; spatial_PA: 0.981; spatial_UA: 0.9899; spatial_F1: 0.9854
2025-09-14 20:44:51,503 - INFO - temporal_CdAccuracy: 0.7548; temporal_PA: 0.9637; temporal_UA: 0.947; temporal_F1: 0.9553
2025-09-14 20:44:51,504 - INFO - Confusion Matrix
 [69432.	  732.	    2.	    2.	   21.]
 [  788.	49522.	   33.	   15.	  103.]
 [    7.	   52.	 2172.	    0.	    0.]
 [   21.	   27.	    0.	 1240.	    2.]
 [    0.	   41.	    0.	    0.	 9888.]
2025-09-14 20:44:51,557 - INFO - Epoch 72 saved.
2025-09-14 20:44:51,558 - INFO - model saved 43 times, last saved epoch: 72.

2025-09-14 20:44:54,285 - INFO - Epoch 73, Train loss: 0.02766861766576767
2025-09-14 20:44:55,167 - INFO - mIoU: 0.9593; OA: 0.9851; AA: 0.9859; F1: 0.9791; Kappa: 0.9743;
2025-09-14 20:44:55,167 - INFO - spatial_LccAccuracy: 0.9186; spatial_PA: 0.9808; spatial_UA: 0.9928; spatial_F1: 0.9868
2025-09-14 20:44:55,167 - INFO - temporal_CdAccuracy: 0.753; temporal_PA: 0.9592; temporal_UA: 0.9471; temporal_F1: 0.9531
2025-09-14 20:44:55,168 - INFO - Confusion Matrix
 [69425.	  723.	    6.	   11.	   24.]
 [  867.	49383.	   73.	   76.	   62.]
 [    6.	   29.	 2196.	    0.	    0.]
 [    8.	    7.	    0.	 1274.	    1.]
 [    0.	   99.	    0.	    0.	 9830.]
2025-09-14 20:44:55,169 - INFO - model saved 43 times, last saved epoch: 72.

2025-09-14 20:44:58,064 - INFO - Epoch 74, Train loss: 0.028381939977407455
2025-09-14 20:44:58,878 - INFO - mIoU: 0.9671; OA: 0.9857; AA: 0.9805; F1: 0.9832; Kappa: 0.9753;
2025-09-14 20:44:58,878 - INFO - spatial_LccAccuracy: 0.9284; spatial_PA: 0.9823; spatial_UA: 0.9912; spatial_F1: 0.9868
2025-09-14 20:44:58,878 - INFO - temporal_CdAccuracy: 0.7517; temporal_PA: 0.9626; temporal_UA: 0.9472; temporal_F1: 0.9548
2025-09-14 20:44:58,879 - INFO - Confusion Matrix
 [69290.	  882.	    2.	    3.	   12.]
 [  708.	49631.	   38.	   12.	   72.]
 [    7.	   42.	 2182.	    0.	    0.]
 [   19.	   28.	    0.	 1242.	    1.]
 [    0.	   91.	    0.	    0.	 9838.]
2025-09-14 20:44:58,938 - INFO - Epoch 74 saved.
2025-09-14 20:44:58,939 - INFO - model saved 44 times, last saved epoch: 74.

2025-09-14 20:45:01,700 - INFO - Epoch 75, Train loss: 0.026431307196617126
2025-09-14 20:45:02,623 - INFO - mIoU: 0.9594; OA: 0.9856; AA: 0.9847; F1: 0.9791; Kappa: 0.9752;
2025-09-14 20:45:02,624 - INFO - spatial_LccAccuracy: 0.9266; spatial_PA: 0.9819; spatial_UA: 0.9931; spatial_F1: 0.9874
2025-09-14 20:45:02,624 - INFO - temporal_CdAccuracy: 0.7606; temporal_PA: 0.9625; temporal_UA: 0.9513; temporal_F1: 0.9569
2025-09-14 20:45:02,625 - INFO - Confusion Matrix
 [69520.	  638.	    1.	   15.	   15.]
 [  907.	49353.	   37.	   89.	   75.]
 [    6.	   40.	 2185.	    0.	    0.]
 [   14.	    7.	    0.	 1269.	    0.]
 [    0.	   81.	    0.	    0.	 9848.]
2025-09-14 20:45:02,626 - INFO - model saved 44 times, last saved epoch: 74.

2025-09-14 20:45:05,355 - INFO - Epoch 76, Train loss: 0.026481913402676582
2025-09-14 20:45:06,314 - INFO - mIoU: 0.9648; OA: 0.9848; AA: 0.9833; F1: 0.9821; Kappa: 0.9736;
2025-09-14 20:45:06,314 - INFO - spatial_LccAccuracy: 0.9262; spatial_PA: 0.9788; spatial_UA: 0.9922; spatial_F1: 0.9854
2025-09-14 20:45:06,314 - INFO - temporal_CdAccuracy: 0.7499; temporal_PA: 0.9633; temporal_UA: 0.9434; temporal_F1: 0.9532
2025-09-14 20:45:06,315 - INFO - Confusion Matrix
 [69681.	  488.	    2.	    6.	   12.]
 [ 1214.	49063.	   62.	   29.	   93.]
 [    6.	   30.	 2195.	    0.	    0.]
 [   17.	   15.	    0.	 1257.	    1.]
 [    0.	   68.	    0.	    0.	 9861.]
2025-09-14 20:45:06,316 - INFO - model saved 44 times, last saved epoch: 74.

2025-09-14 20:45:09,205 - INFO - Epoch 77, Train loss: 0.02551390789449215
2025-09-14 20:45:10,037 - INFO - mIoU: 0.9622; OA: 0.9857; AA: 0.9772; F1: 0.9807; Kappa: 0.9754;
2025-09-14 20:45:10,038 - INFO - spatial_LccAccuracy: 0.9235; spatial_PA: 0.9851; spatial_UA: 0.9911; spatial_F1: 0.9881
2025-09-14 20:45:10,038 - INFO - temporal_CdAccuracy: 0.7553; temporal_PA: 0.9563; temporal_UA: 0.9451; temporal_F1: 0.9507
2025-09-14 20:45:10,039 - INFO - Confusion Matrix
 [69204.	  960.	    5.	   12.	    8.]
 [  592.	49771.	   46.	   12.	   40.]
 [    5.	   46.	 2180.	    0.	    0.]
 [    8.	   57.	    0.	 1224.	    1.]
 [    0.	  120.	    0.	    0.	 9809.]
2025-09-14 20:45:10,040 - INFO - model saved 44 times, last saved epoch: 74.

2025-09-14 20:45:12,784 - INFO - Epoch 78, Train loss: 0.026808278635144234
2025-09-14 20:45:13,645 - INFO - mIoU: 0.968; OA: 0.9866; AA: 0.9839; F1: 0.9837; Kappa: 0.9769;
2025-09-14 20:45:13,645 - INFO - spatial_LccAccuracy: 0.9329; spatial_PA: 0.9813; spatial_UA: 0.9909; spatial_F1: 0.9861
2025-09-14 20:45:13,645 - INFO - temporal_CdAccuracy: 0.7562; temporal_PA: 0.9617; temporal_UA: 0.9499; temporal_F1: 0.9558
2025-09-14 20:45:13,646 - INFO - Confusion Matrix
 [69655.	  513.	    3.	    7.	   11.]
 [  957.	49360.	   41.	   28.	   75.]
 [    5.	   36.	 2190.	    0.	    0.]
 [   11.	   20.	    0.	 1259.	    0.]
 [    0.	   87.	    0.	    0.	 9842.]
2025-09-14 20:45:13,691 - INFO - Epoch 78 saved.
2025-09-14 20:45:13,692 - INFO - model saved 45 times, last saved epoch: 78.

2025-09-14 20:45:16,536 - INFO - Epoch 79, Train loss: 0.025635361671447754
2025-09-14 20:45:17,334 - INFO - mIoU: 0.9572; OA: 0.9861; AA: 0.9778; F1: 0.9779; Kappa: 0.976;
2025-09-14 20:45:17,335 - INFO - spatial_LccAccuracy: 0.9275; spatial_PA: 0.9847; spatial_UA: 0.9929; spatial_F1: 0.9888
2025-09-14 20:45:17,335 - INFO - temporal_CdAccuracy: 0.7606; temporal_PA: 0.966; temporal_UA: 0.9462; temporal_F1: 0.956
2025-09-14 20:45:17,336 - INFO - Confusion Matrix
 [69451.	  666.	    2.	   68.	    2.]
 [  819.	49522.	   26.	   11.	   83.]
 [    5.	   69.	 2157.	    0.	    0.]
 [    9.	   45.	    0.	 1235.	    1.]
 [    0.	   58.	    0.	    0.	 9871.]
2025-09-14 20:45:17,337 - INFO - model saved 45 times, last saved epoch: 78.

2025-09-14 20:45:20,234 - INFO - Epoch 80, Train loss: 0.02511231228709221
2025-09-14 20:45:21,074 - INFO - mIoU: 0.9647; OA: 0.9862; AA: 0.9867; F1: 0.982; Kappa: 0.9762;
2025-09-14 20:45:21,074 - INFO - spatial_LccAccuracy: 0.9298; spatial_PA: 0.9801; spatial_UA: 0.9936; spatial_F1: 0.9868
2025-09-14 20:45:21,074 - INFO - temporal_CdAccuracy: 0.7494; temporal_PA: 0.9567; temporal_UA: 0.9455; temporal_F1: 0.9511
2025-09-14 20:45:21,075 - INFO - Confusion Matrix
 [69392.	  765.	    8.	   13.	   11.]
 [  729.	49530.	   80.	   36.	   86.]
 [    5.	   24.	 2202.	    0.	    0.]
 [    9.	   11.	    0.	 1269.	    1.]
 [    0.	   73.	    0.	    0.	 9856.]
2025-09-14 20:45:21,076 - INFO - model saved 45 times, last saved epoch: 78.

2025-09-14 20:45:23,802 - INFO - Epoch 81, Train loss: 0.024661824107170105
2025-09-14 20:45:24,678 - INFO - mIoU: 0.9683; OA: 0.9865; AA: 0.9829; F1: 0.9839; Kappa: 0.9767;
2025-09-14 20:45:24,678 - INFO - spatial_LccAccuracy: 0.9302; spatial_PA: 0.9754; spatial_UA: 0.9903; spatial_F1: 0.9828
2025-09-14 20:45:24,678 - INFO - temporal_CdAccuracy: 0.7566; temporal_PA: 0.9649; temporal_UA: 0.9472; temporal_F1: 0.9559
2025-09-14 20:45:24,679 - INFO - Confusion Matrix
 [69525.	  630.	    6.	   12.	   16.]
 [  873.	49479.	   33.	   17.	   59.]
 [    6.	   53.	 2172.	    0.	    0.]
 [    9.	   19.	    0.	 1261.	    1.]
 [    0.	   74.	    0.	    0.	 9855.]
2025-09-14 20:45:24,721 - INFO - Epoch 81 saved.
2025-09-14 20:45:24,722 - INFO - model saved 46 times, last saved epoch: 81.

2025-09-14 20:45:27,443 - INFO - Epoch 82, Train loss: 0.02344856783747673
2025-09-14 20:45:28,256 - INFO - mIoU: 0.9666; OA: 0.9863; AA: 0.9849; F1: 0.9829; Kappa: 0.9764;
2025-09-14 20:45:28,256 - INFO - spatial_LccAccuracy: 0.9333; spatial_PA: 0.9844; spatial_UA: 0.9918; spatial_F1: 0.9881
2025-09-14 20:45:28,256 - INFO - temporal_CdAccuracy: 0.7588; temporal_PA: 0.9654; temporal_UA: 0.9518; temporal_F1: 0.9585
2025-09-14 20:45:28,257 - INFO - Confusion Matrix
 [69584.	  576.	    3.	   15.	   11.]
 [  921.	49394.	   37.	   39.	   70.]
 [    7.	   41.	 2183.	    0.	    0.]
 [    8.	   10.	    0.	 1271.	    1.]
 [    0.	   94.	    0.	    0.	 9835.]
2025-09-14 20:45:28,258 - INFO - model saved 46 times, last saved epoch: 81.

2025-09-14 20:45:30,979 - INFO - Epoch 83, Train loss: 0.02388942241668701
2025-09-14 20:45:31,844 - INFO - mIoU: 0.9681; OA: 0.9871; AA: 0.9835; F1: 0.9838; Kappa: 0.9777;
2025-09-14 20:45:31,845 - INFO - spatial_LccAccuracy: 0.9356; spatial_PA: 0.981; spatial_UA: 0.9899; spatial_F1: 0.9854
2025-09-14 20:45:31,845 - INFO - temporal_CdAccuracy: 0.7611; temporal_PA: 0.966; temporal_UA: 0.9537; temporal_F1: 0.9598
2025-09-14 20:45:31,846 - INFO - Confusion Matrix
 [69445.	  711.	    7.	   14.	   12.]
 [  696.	49606.	   36.	   14.	  109.]
 [    4.	   49.	 2178.	    0.	    0.]
 [    9.	   24.	    0.	 1256.	    1.]
 [    0.	   46.	    0.	    0.	 9883.]
2025-09-14 20:45:31,847 - INFO - model saved 46 times, last saved epoch: 81.

2025-09-14 20:45:34,813 - INFO - Epoch 84, Train loss: 0.024113008752465248
2025-09-14 20:45:35,671 - INFO - mIoU: 0.9655; OA: 0.9861; AA: 0.9831; F1: 0.9824; Kappa: 0.9759;
2025-09-14 20:45:35,673 - INFO - spatial_LccAccuracy: 0.9333; spatial_PA: 0.9757; spatial_UA: 0.9914; spatial_F1: 0.9834
2025-09-14 20:45:35,673 - INFO - temporal_CdAccuracy: 0.7606; temporal_PA: 0.9623; temporal_UA: 0.9518; temporal_F1: 0.957
2025-09-14 20:45:35,673 - INFO - Confusion Matrix
 [69699.	  456.	    3.	   29.	    2.]
 [ 1090.	49221.	   34.	   20.	   96.]
 [    7.	   44.	 2180.	    0.	    0.]
 [    7.	   22.	    0.	 1259.	    2.]
 [    0.	   58.	    0.	    0.	 9871.]
2025-09-14 20:45:35,674 - INFO - model saved 46 times, last saved epoch: 81.

2025-09-14 20:45:38,523 - INFO - Epoch 85, Train loss: 0.022756855934858322
2025-09-14 20:45:39,365 - INFO - mIoU: 0.966; OA: 0.9852; AA: 0.9818; F1: 0.9827; Kappa: 0.9743;
2025-09-14 20:45:39,366 - INFO - spatial_LccAccuracy: 0.9342; spatial_PA: 0.9785; spatial_UA: 0.9911; spatial_F1: 0.9848
2025-09-14 20:45:39,366 - INFO - temporal_CdAccuracy: 0.7611; temporal_PA: 0.9606; temporal_UA: 0.9523; temporal_F1: 0.9564
2025-09-14 20:45:39,367 - INFO - Confusion Matrix
 [69772.	  410.	    0.	    7.	    0.]
 [ 1254.	49061.	   39.	   28.	   79.]
 [    6.	   45.	 2180.	    0.	    0.]
 [   16.	   16.	    0.	 1257.	    1.]
 [    0.	   90.	    0.	    0.	 9839.]
2025-09-14 20:45:39,368 - INFO - model saved 46 times, last saved epoch: 81.

2025-09-14 20:45:42,099 - INFO - Epoch 86, Train loss: 0.02244023233652115
2025-09-14 20:45:42,957 - INFO - mIoU: 0.9694; OA: 0.9863; AA: 0.9837; F1: 0.9845; Kappa: 0.9763;
2025-09-14 20:45:42,957 - INFO - spatial_LccAccuracy: 0.9298; spatial_PA: 0.9792; spatial_UA: 0.9904; spatial_F1: 0.9848
2025-09-14 20:45:42,957 - INFO - temporal_CdAccuracy: 0.7575; temporal_PA: 0.9613; temporal_UA: 0.9485; temporal_F1: 0.9549
2025-09-14 20:45:42,958 - INFO - Confusion Matrix
 [69526.	  654.	    2.	    5.	    2.]
 [  876.	49430.	   42.	   15.	   98.]
 [    7.	   37.	 2187.	    0.	    0.]
 [   13.	   19.	    0.	 1257.	    1.]
 [    0.	   65.	    0.	    0.	 9864.]
2025-09-14 20:45:43,000 - INFO - Epoch 86 saved.
2025-09-14 20:45:43,000 - INFO - model saved 47 times, last saved epoch: 86.

2025-09-14 20:45:45,748 - INFO - Epoch 87, Train loss: 0.021823657676577568
2025-09-14 20:45:46,570 - INFO - mIoU: 0.9673; OA: 0.9866; AA: 0.9812; F1: 0.9834; Kappa: 0.9769;
2025-09-14 20:45:46,570 - INFO - spatial_LccAccuracy: 0.9302; spatial_PA: 0.9813; spatial_UA: 0.9909; spatial_F1: 0.9861
2025-09-14 20:45:46,570 - INFO - temporal_CdAccuracy: 0.7606; temporal_PA: 0.9648; temporal_UA: 0.9539; temporal_F1: 0.9593
2025-09-14 20:45:46,570 - INFO - Confusion Matrix
 [69443.	  735.	    4.	    6.	    1.]
 [  710.	49639.	   49.	   12.	   51.]
 [    6.	   38.	 2187.	    0.	    0.]
 [   12.	   30.	    0.	 1247.	    1.]
 [    0.	  139.	    0.	    0.	 9790.]
2025-09-14 20:45:46,571 - INFO - model saved 47 times, last saved epoch: 86.

2025-09-14 20:45:49,282 - INFO - Epoch 88, Train loss: 0.021680297330021858
2025-09-14 20:45:50,164 - INFO - mIoU: 0.9672; OA: 0.9863; AA: 0.9788; F1: 0.9833; Kappa: 0.9763;
2025-09-14 20:45:50,165 - INFO - spatial_LccAccuracy: 0.9275; spatial_PA: 0.982; spatial_UA: 0.9902; spatial_F1: 0.9861
2025-09-14 20:45:50,165 - INFO - temporal_CdAccuracy: 0.7579; temporal_PA: 0.9611; temporal_UA: 0.9485; temporal_F1: 0.9548
2025-09-14 20:45:50,166 - INFO - Confusion Matrix
 [69503.	  671.	    1.	    2.	   12.]
 [  834.	49516.	   21.	   14.	   76.]
 [    6.	   65.	 2160.	    0.	    0.]
 [   18.	   30.	    0.	 1242.	    0.]
 [    0.	   84.	    0.	    0.	 9845.]
2025-09-14 20:45:50,167 - INFO - model saved 47 times, last saved epoch: 86.

2025-09-14 20:45:53,008 - INFO - Epoch 89, Train loss: 0.021715346723794937
2025-09-14 20:45:53,830 - INFO - mIoU: 0.9534; OA: 0.9857; AA: 0.9753; F1: 0.9758; Kappa: 0.9753;
2025-09-14 20:45:53,830 - INFO - spatial_LccAccuracy: 0.9186; spatial_PA: 0.9823; spatial_UA: 0.9912; spatial_F1: 0.9868
2025-09-14 20:45:53,831 - INFO - temporal_CdAccuracy: 0.7526; temporal_PA: 0.9643; temporal_UA: 0.9481; temporal_F1: 0.9561
2025-09-14 20:45:53,831 - INFO - Confusion Matrix
 [69409.	  707.	    6.	   66.	    1.]
 [  799.	49545.	   48.	    9.	   60.]
 [    3.	   34.	 2194.	    0.	    0.]
 [    6.	   81.	    0.	 1202.	    1.]
 [    0.	   93.	    0.	    0.	 9836.]
2025-09-14 20:45:53,832 - INFO - model saved 47 times, last saved epoch: 86.

2025-09-14 20:45:56,785 - INFO - Epoch 90, Train loss: 0.02064180001616478
2025-09-14 20:45:57,619 - INFO - mIoU: 0.9498; OA: 0.9856; AA: 0.9879; F1: 0.9738; Kappa: 0.9752;
2025-09-14 20:45:57,619 - INFO - spatial_LccAccuracy: 0.9168; spatial_PA: 0.9811; spatial_UA: 0.9938; spatial_F1: 0.9874
2025-09-14 20:45:57,619 - INFO - temporal_CdAccuracy: 0.7494; temporal_PA: 0.9631; temporal_UA: 0.9439; temporal_F1: 0.9534
2025-09-14 20:45:57,620 - INFO - Confusion Matrix
 [69480.	  623.	    5.	   75.	    6.]
 [  843.	49368.	   87.	  100.	   63.]
 [    7.	   21.	 2203.	    0.	    0.]
 [    6.	    2.	    0.	 1281.	    1.]
 [    0.	   89.	    0.	    0.	 9840.]
2025-09-14 20:45:57,621 - INFO - model saved 47 times, last saved epoch: 86.

2025-09-14 20:46:00,339 - INFO - Epoch 91, Train loss: 0.02098131738603115
2025-09-14 20:46:01,273 - INFO - mIoU: 0.9635; OA: 0.9859; AA: 0.9784; F1: 0.9813; Kappa: 0.9756;
2025-09-14 20:46:01,273 - INFO - spatial_LccAccuracy: 0.9248; spatial_PA: 0.9844; spatial_UA: 0.9918; spatial_F1: 0.9881
2025-09-14 20:46:01,273 - INFO - temporal_CdAccuracy: 0.7562; temporal_PA: 0.9621; temporal_UA: 0.9511; temporal_F1: 0.9566
2025-09-14 20:46:01,274 - INFO - Confusion Matrix
 [69396.	  776.	    2.	    2.	   13.]
 [  753.	49583.	   67.	   11.	   47.]
 [    7.	   29.	 2195.	    0.	    0.]
 [   12.	   53.	    0.	 1224.	    1.]
 [    0.	  121.	    0.	    0.	 9808.]
2025-09-14 20:46:01,275 - INFO - model saved 47 times, last saved epoch: 86.

2025-09-14 20:46:04,067 - INFO - Epoch 92, Train loss: 0.019599275663495064
2025-09-14 20:46:04,910 - INFO - mIoU: 0.9658; OA: 0.9862; AA: 0.978; F1: 0.9825; Kappa: 0.9762;
2025-09-14 20:46:04,910 - INFO - spatial_LccAccuracy: 0.9275; spatial_PA: 0.9816; spatial_UA: 0.992; spatial_F1: 0.9868
2025-09-14 20:46:04,910 - INFO - temporal_CdAccuracy: 0.7629; temporal_PA: 0.965; temporal_UA: 0.9528; temporal_F1: 0.9588
2025-09-14 20:46:04,911 - INFO - Confusion Matrix
 [69620.	  553.	    3.	    2.	   11.]
 [  969.	49353.	   30.	   10.	   99.]
 [    6.	   58.	 2167.	    0.	    0.]
 [   19.	   39.	    0.	 1230.	    2.]
 [    0.	   47.	    0.	    0.	 9882.]
2025-09-14 20:46:04,912 - INFO - model saved 47 times, last saved epoch: 86.

2025-09-14 20:46:07,651 - INFO - Epoch 93, Train loss: 0.019766826182603836
2025-09-14 20:46:08,480 - INFO - mIoU: 0.9658; OA: 0.9862; AA: 0.9864; F1: 0.9826; Kappa: 0.9761;
2025-09-14 20:46:08,481 - INFO - spatial_LccAccuracy: 0.9333; spatial_PA: 0.9834; spatial_UA: 0.9915; spatial_F1: 0.9874
2025-09-14 20:46:08,481 - INFO - temporal_CdAccuracy: 0.7566; temporal_PA: 0.9663; temporal_UA: 0.9534; temporal_F1: 0.9598
2025-09-14 20:46:08,482 - INFO - Confusion Matrix
 [69538.	  630.	    2.	    8.	   11.]
 [  873.	49413.	   74.	   41.	   60.]
 [    7.	   20.	 2204.	    0.	    0.]
 [   10.	    9.	    0.	 1270.	    1.]
 [    0.	  105.	    0.	    0.	 9824.]
2025-09-14 20:46:08,483 - INFO - model saved 47 times, last saved epoch: 86.

2025-09-14 20:46:11,238 - INFO - Epoch 94, Train loss: 0.020023204386234283
2025-09-14 20:46:12,115 - INFO - mIoU: 0.968; OA: 0.986; AA: 0.9843; F1: 0.9837; Kappa: 0.9759;
2025-09-14 20:46:12,115 - INFO - spatial_LccAccuracy: 0.9208; spatial_PA: 0.9826; spatial_UA: 0.9923; spatial_F1: 0.9874
2025-09-14 20:46:12,115 - INFO - temporal_CdAccuracy: 0.7512; temporal_PA: 0.9635; temporal_UA: 0.9472; temporal_F1: 0.9553
2025-09-14 20:46:12,116 - INFO - Confusion Matrix
 [69221.	  945.	    2.	    9.	   12.]
 [  634.	49679.	   59.	   15.	   74.]
 [    6.	   33.	 2192.	    0.	    0.]
 [    9.	   24.	    0.	 1256.	    1.]
 [    0.	   51.	    0.	    0.	 9878.]
2025-09-14 20:46:12,117 - INFO - model saved 47 times, last saved epoch: 86.

2025-09-14 20:46:15,128 - INFO - Epoch 95, Train loss: 0.020977932959794998
2025-09-14 20:46:15,951 - INFO - mIoU: 0.9663; OA: 0.9867; AA: 0.9814; F1: 0.9828; Kappa: 0.977;
2025-09-14 20:46:15,951 - INFO - spatial_LccAccuracy: 0.9289; spatial_PA: 0.9847; spatial_UA: 0.9929; spatial_F1: 0.9888
2025-09-14 20:46:15,951 - INFO - temporal_CdAccuracy: 0.7615; temporal_PA: 0.9592; temporal_UA: 0.9528; temporal_F1: 0.956
2025-09-14 20:46:15,952 - INFO - Confusion Matrix
 [69436.	  726.	    3.	   10.	   14.]
 [  714.	49627.	   28.	   26.	   66.]
 [    6.	   77.	 2148.	    0.	    0.]
 [    8.	   17.	    0.	 1264.	    1.]
 [    0.	   85.	    0.	    0.	 9844.]
2025-09-14 20:46:15,953 - INFO - model saved 47 times, last saved epoch: 86.

2025-09-14 20:46:18,796 - INFO - Epoch 96, Train loss: 0.018731456249952316
2025-09-14 20:46:19,729 - INFO - mIoU: 0.9683; OA: 0.9867; AA: 0.9797; F1: 0.9838; Kappa: 0.9769;
2025-09-14 20:46:19,729 - INFO - spatial_LccAccuracy: 0.9306; spatial_PA: 0.9841; spatial_UA: 0.9908; spatial_F1: 0.9874
2025-09-14 20:46:19,729 - INFO - temporal_CdAccuracy: 0.7584; temporal_PA: 0.964; temporal_UA: 0.951; temporal_F1: 0.9575
2025-09-14 20:46:19,730 - INFO - Confusion Matrix
 [69439.	  736.	    2.	    1.	   11.]
 [  748.	49634.	   32.	   12.	   35.]
 [    7.	   39.	 2185.	    0.	    0.]
 [   28.	   27.	    0.	 1235.	    0.]
 [    0.	  111.	    0.	    0.	 9818.]
2025-09-14 20:46:19,731 - INFO - model saved 47 times, last saved epoch: 86.

2025-09-14 20:46:22,666 - INFO - Epoch 97, Train loss: 0.018861619755625725
2025-09-14 20:46:23,579 - INFO - mIoU: 0.9567; OA: 0.9852; AA: 0.9731; F1: 0.9777; Kappa: 0.9744;
2025-09-14 20:46:23,580 - INFO - spatial_LccAccuracy: 0.9181; spatial_PA: 0.9838; spatial_UA: 0.9897; spatial_F1: 0.9868
2025-09-14 20:46:23,580 - INFO - temporal_CdAccuracy: 0.7494; temporal_PA: 0.9635; temporal_UA: 0.9444; temporal_F1: 0.9538
2025-09-14 20:46:23,581 - INFO - Confusion Matrix
 [69265.	  906.	    5.	    0.	   13.]
 [  649.	49681.	   92.	    7.	   32.]
 [    6.	   19.	 2206.	    0.	    0.]
 [   41.	   61.	    0.	 1188.	    0.]
 [    6.	  150.	    0.	    0.	 9773.]
2025-09-14 20:46:23,582 - INFO - model saved 47 times, last saved epoch: 86.

2025-09-14 20:46:26,349 - INFO - Epoch 98, Train loss: 0.018919646739959717
2025-09-14 20:46:27,195 - INFO - mIoU: 0.9569; OA: 0.986; AA: 0.9817; F1: 0.9777; Kappa: 0.9757;
2025-09-14 20:46:27,196 - INFO - spatial_LccAccuracy: 0.9293; spatial_PA: 0.9836; spatial_UA: 0.9926; spatial_F1: 0.9881
2025-09-14 20:46:27,196 - INFO - temporal_CdAccuracy: 0.7575; temporal_PA: 0.9621; temporal_UA: 0.9503; temporal_F1: 0.9562
2025-09-14 20:46:27,197 - INFO - Confusion Matrix
 [69629.	  479.	    2.	   78.	    1.]
 [ 1013.	49320.	   64.	   14.	   50.]
 [    6.	   21.	 2204.	    0.	    0.]
 [    7.	   42.	    0.	 1241.	    0.]
 [    0.	  105.	    0.	    0.	 9824.]
2025-09-14 20:46:27,198 - INFO - model saved 47 times, last saved epoch: 86.

2025-09-14 20:46:29,919 - INFO - Epoch 99, Train loss: 0.01721453107893467
2025-09-14 20:46:30,799 - INFO - mIoU: 0.9654; OA: 0.9862; AA: 0.9842; F1: 0.9823; Kappa: 0.9761;
2025-09-14 20:46:30,800 - INFO - spatial_LccAccuracy: 0.9311; spatial_PA: 0.982; spatial_UA: 0.9902; spatial_F1: 0.9861
2025-09-14 20:46:30,800 - INFO - temporal_CdAccuracy: 0.7579; temporal_PA: 0.9655; temporal_UA: 0.9513; temporal_F1: 0.9584
2025-09-14 20:46:30,801 - INFO - Confusion Matrix
 [69573.	  597.	    1.	    7.	   11.]
 [  920.	49388.	   39.	   51.	   63.]
 [    8.	   41.	 2182.	    0.	    0.]
 [   16.	    7.	    0.	 1267.	    0.]
 [    0.	   91.	    0.	    0.	 9838.]
2025-09-14 20:46:30,802 - INFO - model saved 47 times, last saved epoch: 86.

2025-09-14 20:46:33,668 - INFO - Epoch 100, Train loss: 0.01742350496351719
2025-09-14 20:46:34,478 - INFO - mIoU: 0.9669; OA: 0.9862; AA: 0.9841; F1: 0.9831; Kappa: 0.9762;
2025-09-14 20:46:34,478 - INFO - spatial_LccAccuracy: 0.9347; spatial_PA: 0.9789; spatial_UA: 0.9893; spatial_F1: 0.9841
2025-09-14 20:46:34,478 - INFO - temporal_CdAccuracy: 0.7562; temporal_PA: 0.967; temporal_UA: 0.9517; temporal_F1: 0.9593
2025-09-14 20:46:34,479 - INFO - Confusion Matrix
 [69645.	  526.	    4.	    3.	   11.]
 [  995.	49272.	   69.	   20.	  105.]
 [    7.	   31.	 2193.	    0.	    0.]
 [   18.	   16.	    0.	 1255.	    1.]
 [    0.	   42.	    0.	    0.	 9887.]
2025-09-14 20:46:34,481 - INFO - model saved 47 times, last saved epoch: 86.

2025-09-14 20:46:37,191 - INFO - Epoch 101, Train loss: 0.016708992421627045
2025-09-14 20:46:38,104 - INFO - mIoU: 0.9651; OA: 0.9856; AA: 0.9864; F1: 0.9822; Kappa: 0.9751;
2025-09-14 20:46:38,105 - INFO - spatial_LccAccuracy: 0.9266; spatial_PA: 0.9767; spatial_UA: 0.9916; spatial_F1: 0.9841
2025-09-14 20:46:38,105 - INFO - temporal_CdAccuracy: 0.7553; temporal_PA: 0.9647; temporal_UA: 0.9468; temporal_F1: 0.9557
2025-09-14 20:46:38,106 - INFO - Confusion Matrix
 [69607.	  551.	    4.	   11.	   16.]
 [ 1022.	49232.	   58.	   45.	  104.]
 [    6.	   31.	 2194.	    0.	    0.]
 [   10.	    5.	    0.	 1275.	    0.]
 [    0.	   70.	    0.	    0.	 9859.]
2025-09-14 20:46:38,107 - INFO - model saved 47 times, last saved epoch: 86.

2025-09-14 20:46:40,902 - INFO - Epoch 102, Train loss: 0.01639380119740963
2025-09-14 20:46:41,745 - INFO - mIoU: 0.9666; OA: 0.9862; AA: 0.983; F1: 0.983; Kappa: 0.9761;
2025-09-14 20:46:41,746 - INFO - spatial_LccAccuracy: 0.9306; spatial_PA: 0.9826; spatial_UA: 0.9923; spatial_F1: 0.9874
2025-09-14 20:46:41,746 - INFO - temporal_CdAccuracy: 0.7588; temporal_PA: 0.9602; temporal_UA: 0.9509; temporal_F1: 0.9555
2025-09-14 20:46:41,747 - INFO - Confusion Matrix
 [69615.	  563.	    2.	    8.	    1.]
 [  952.	49357.	   67.	   17.	   68.]
 [    6.	   32.	 2193.	    0.	    0.]
 [   11.	   24.	    0.	 1254.	    1.]
 [    0.	  100.	    0.	    0.	 9829.]
2025-09-14 20:46:41,748 - INFO - model saved 47 times, last saved epoch: 86.

2025-09-14 20:46:44,552 - INFO - Epoch 103, Train loss: 0.015968257561326027
2025-09-14 20:46:45,400 - INFO - mIoU: 0.9642; OA: 0.9864; AA: 0.9803; F1: 0.9817; Kappa: 0.9765;
2025-09-14 20:46:45,400 - INFO - spatial_LccAccuracy: 0.932; spatial_PA: 0.9816; spatial_UA: 0.992; spatial_F1: 0.9868
2025-09-14 20:46:45,401 - INFO - temporal_CdAccuracy: 0.7647; temporal_PA: 0.9641; temporal_UA: 0.9564; temporal_F1: 0.9602
2025-09-14 20:46:45,401 - INFO - Confusion Matrix
 [69497.	  655.	    1.	   27.	    9.]
 [  804.	49549.	   43.	   11.	   54.]
 [    6.	   43.	 2182.	    0.	    0.]
 [    7.	   39.	    0.	 1243.	    1.]
 [    0.	  119.	    0.	    0.	 9810.]
2025-09-14 20:46:45,402 - INFO - model saved 47 times, last saved epoch: 86.

2025-09-14 20:46:48,128 - INFO - Epoch 104, Train loss: 0.01586765982210636
2025-09-14 20:46:48,961 - INFO - mIoU: 0.9686; OA: 0.9859; AA: 0.9818; F1: 0.984; Kappa: 0.9756;
2025-09-14 20:46:48,962 - INFO - spatial_LccAccuracy: 0.9306; spatial_PA: 0.9791; spatial_UA: 0.9933; spatial_F1: 0.9861
2025-09-14 20:46:48,962 - INFO - temporal_CdAccuracy: 0.7588; temporal_PA: 0.9648; temporal_UA: 0.9534; temporal_F1: 0.9591
2025-09-14 20:46:48,963 - INFO - Confusion Matrix
 [69531.	  641.	    3.	    4.	   10.]
 [  930.	49417.	   30.	   17.	   67.]
 [    6.	   47.	 2178.	    0.	    0.]
 [   12.	   23.	    0.	 1255.	    0.]
 [    0.	   99.	    0.	    0.	 9830.]
2025-09-14 20:46:48,964 - INFO - model saved 47 times, last saved epoch: 86.

2025-09-14 20:46:51,750 - INFO - Epoch 105, Train loss: 0.016673864796757698
2025-09-14 20:46:52,612 - INFO - mIoU: 0.9672; OA: 0.9869; AA: 0.9853; F1: 0.9833; Kappa: 0.9774;
2025-09-14 20:46:52,613 - INFO - spatial_LccAccuracy: 0.9333; spatial_PA: 0.9839; spatial_UA: 0.9936; spatial_F1: 0.9888
2025-09-14 20:46:52,613 - INFO - temporal_CdAccuracy: 0.7593; temporal_PA: 0.9658; temporal_UA: 0.955; temporal_F1: 0.9604
2025-09-14 20:46:52,614 - INFO - Confusion Matrix
 [69466.	  704.	    3.	   15.	    1.]
 [  741.	49565.	   77.	   17.	   61.]
 [    6.	   19.	 2206.	    0.	    0.]
 [    6.	   26.	    0.	 1256.	    2.]
 [    0.	   79.	    0.	    0.	 9850.]
2025-09-14 20:46:52,615 - INFO - model saved 47 times, last saved epoch: 86.

2025-09-14 20:46:55,328 - INFO - Epoch 106, Train loss: 0.015070821158587933
2025-09-14 20:46:56,184 - INFO - mIoU: 0.9662; OA: 0.9861; AA: 0.9873; F1: 0.9828; Kappa: 0.9761;
2025-09-14 20:46:56,185 - INFO - spatial_LccAccuracy: 0.9333; spatial_PA: 0.9834; spatial_UA: 0.9915; spatial_F1: 0.9874
2025-09-14 20:46:56,185 - INFO - temporal_CdAccuracy: 0.7508; temporal_PA: 0.9624; temporal_UA: 0.948; temporal_F1: 0.9552
2025-09-14 20:46:56,186 - INFO - Confusion Matrix
 [69251.	  913.	    4.	   20.	    1.]
 [  624.	49659.	   73.	   29.	   76.]
 [    6.	   24.	 2201.	    0.	    0.]
 [    7.	   10.	    0.	 1272.	    1.]
 [    0.	   70.	    0.	    0.	 9859.]
2025-09-14 20:46:56,187 - INFO - model saved 47 times, last saved epoch: 86.

2025-09-14 20:46:59,076 - INFO - Epoch 107, Train loss: 0.01602874882519245
2025-09-14 20:46:59,950 - INFO - mIoU: 0.9355; OA: 0.9839; AA: 0.9862; F1: 0.9654; Kappa: 0.9723;
2025-09-14 20:46:59,950 - INFO - spatial_LccAccuracy: 0.923; spatial_PA: 0.9798; spatial_UA: 0.9925; spatial_F1: 0.9861
2025-09-14 20:46:59,951 - INFO - temporal_CdAccuracy: 0.7517; temporal_PA: 0.9597; temporal_UA: 0.9418; temporal_F1: 0.9507
2025-09-14 20:46:59,951 - INFO - Confusion Matrix
 [69300.	  612.	    4.	  255.	   18.]
 [  962.	49296.	   69.	   40.	   94.]
 [    6.	   32.	 2193.	    0.	    0.]
 [    2.	   12.	    0.	 1275.	    1.]
 [    0.	   48.	    0.	    0.	 9881.]
2025-09-14 20:46:59,952 - INFO - model saved 47 times, last saved epoch: 86.

2025-09-14 20:47:02,779 - INFO - Epoch 108, Train loss: 0.01502531673759222
2025-09-14 20:47:03,617 - INFO - mIoU: 0.9592; OA: 0.9856; AA: 0.9845; F1: 0.979; Kappa: 0.9751;
2025-09-14 20:47:03,617 - INFO - spatial_LccAccuracy: 0.9293; spatial_PA: 0.9839; spatial_UA: 0.9936; spatial_F1: 0.9888
2025-09-14 20:47:03,618 - INFO - temporal_CdAccuracy: 0.7521; temporal_PA: 0.965; temporal_UA: 0.9449; temporal_F1: 0.9549
2025-09-14 20:47:03,619 - INFO - Confusion Matrix
 [69554.	  571.	    1.	   62.	    1.]
 [  981.	49311.	   43.	   39.	   87.]
 [    6.	   43.	 2182.	    0.	    0.]
 [    6.	   13.	    0.	 1270.	    1.]
 [    0.	   81.	    0.	    0.	 9848.]
2025-09-14 20:47:03,620 - INFO - model saved 47 times, last saved epoch: 86.

2025-09-14 20:47:06,334 - INFO - Epoch 109, Train loss: 0.013558412902057171
2025-09-14 20:47:07,206 - INFO - mIoU: 0.9651; OA: 0.9863; AA: 0.9798; F1: 0.9822; Kappa: 0.9764;
2025-09-14 20:47:07,206 - INFO - spatial_LccAccuracy: 0.9293; spatial_PA: 0.9834; spatial_UA: 0.9915; spatial_F1: 0.9874
2025-09-14 20:47:07,206 - INFO - temporal_CdAccuracy: 0.7579; temporal_PA: 0.9633; temporal_UA: 0.9537; temporal_F1: 0.9585
2025-09-14 20:47:07,207 - INFO - Confusion Matrix
 [69563.	  617.	    7.	    1.	    1.]
 [  872.	49466.	   69.	   11.	   43.]
 [    5.	   27.	 2199.	    0.	    0.]
 [   16.	   42.	    0.	 1231.	    1.]
 [    2.	  119.	    0.	    0.	 9808.]
2025-09-14 20:47:07,208 - INFO - model saved 47 times, last saved epoch: 86.

2025-09-14 20:47:09,934 - INFO - Epoch 110, Train loss: 0.014800737611949444
2025-09-14 20:47:10,764 - INFO - mIoU: 0.9686; OA: 0.9869; AA: 0.9851; F1: 0.984; Kappa: 0.9773;
2025-09-14 20:47:10,764 - INFO - spatial_LccAccuracy: 0.9311; spatial_PA: 0.9854; spatial_UA: 0.9921; spatial_F1: 0.9888
2025-09-14 20:47:10,765 - INFO - temporal_CdAccuracy: 0.7584; temporal_PA: 0.9671; temporal_UA: 0.9525; temporal_F1: 0.9597
2025-09-14 20:47:10,766 - INFO - Confusion Matrix
 [69423.	  741.	    2.	   12.	   11.]
 [  708.	49592.	   48.	   21.	   92.]
 [    6.	   35.	 2190.	    0.	    0.]
 [    9.	   18.	    0.	 1261.	    2.]
 [    0.	   55.	    0.	    0.	 9874.]
2025-09-14 20:47:10,767 - INFO - model saved 47 times, last saved epoch: 86.

2025-09-14 20:47:13,491 - INFO - Epoch 111, Train loss: 0.014393867924809456
2025-09-14 20:47:14,408 - INFO - mIoU: 0.9685; OA: 0.9863; AA: 0.9844; F1: 0.984; Kappa: 0.9764;
2025-09-14 20:47:14,408 - INFO - spatial_LccAccuracy: 0.9342; spatial_PA: 0.9844; spatial_UA: 0.9918; spatial_F1: 0.9881
2025-09-14 20:47:14,408 - INFO - temporal_CdAccuracy: 0.757; temporal_PA: 0.962; temporal_UA: 0.9523; temporal_F1: 0.9571
2025-09-14 20:47:14,409 - INFO - Confusion Matrix
 [69624.	  550.	    3.	   11.	    1.]
 [  963.	49361.	   51.	   19.	   67.]
 [    6.	   32.	 2193.	    0.	    0.]
 [    8.	   18.	    0.	 1263.	    1.]
 [    0.	  102.	    0.	    0.	 9827.]
2025-09-14 20:47:14,410 - INFO - model saved 47 times, last saved epoch: 86.

2025-09-14 20:47:17,199 - INFO - Epoch 112, Train loss: 0.012953486293554306
2025-09-14 20:47:18,034 - INFO - mIoU: 0.9662; OA: 0.9866; AA: 0.985; F1: 0.9828; Kappa: 0.9768;
2025-09-14 20:47:18,035 - INFO - spatial_LccAccuracy: 0.9356; spatial_PA: 0.9844; spatial_UA: 0.9918; spatial_F1: 0.9881
2025-09-14 20:47:18,035 - INFO - temporal_CdAccuracy: 0.7611; temporal_PA: 0.9655; temporal_UA: 0.9584; temporal_F1: 0.9619
2025-09-14 20:47:18,036 - INFO - Confusion Matrix
 [69561.	  609.	    3.	    8.	    8.]
 [  838.	49426.	   84.	   20.	   93.]
 [    6.	   17.	 2208.	    0.	    0.]
 [    9.	   25.	    0.	 1255.	    1.]
 [    0.	   81.	    0.	    0.	 9848.]
2025-09-14 20:47:18,037 - INFO - model saved 47 times, last saved epoch: 86.

2025-09-14 20:47:20,828 - INFO - Epoch 113, Train loss: 0.01378876157104969
2025-09-14 20:47:21,654 - INFO - mIoU: 0.9651; OA: 0.9861; AA: 0.9845; F1: 0.9822; Kappa: 0.976;
2025-09-14 20:47:21,654 - INFO - spatial_LccAccuracy: 0.928; spatial_PA: 0.9875; spatial_UA: 0.9927; spatial_F1: 0.9901
2025-09-14 20:47:21,654 - INFO - temporal_CdAccuracy: 0.753; temporal_PA: 0.9609; temporal_UA: 0.9486; temporal_F1: 0.9548
2025-09-14 20:47:21,655 - INFO - Confusion Matrix
 [69345.	  815.	    1.	   22.	    6.]
 [  695.	49622.	   82.	   16.	   46.]
 [    6.	   20.	 2205.	    0.	    0.]
 [    6.	   25.	    0.	 1258.	    1.]
 [    0.	  121.	    0.	    0.	 9808.]
2025-09-14 20:47:21,656 - INFO - model saved 47 times, last saved epoch: 86.

2025-09-14 20:47:24,408 - INFO - Epoch 114, Train loss: 0.013192606158554554
2025-09-14 20:47:25,224 - INFO - mIoU: 0.9671; OA: 0.9861; AA: 0.9846; F1: 0.9833; Kappa: 0.9759;
2025-09-14 20:47:25,224 - INFO - spatial_LccAccuracy: 0.9257; spatial_PA: 0.9867; spatial_UA: 0.9934; spatial_F1: 0.9901
2025-09-14 20:47:25,224 - INFO - temporal_CdAccuracy: 0.7503; temporal_PA: 0.9656; temporal_UA: 0.9453; temporal_F1: 0.9553
2025-09-14 20:47:25,225 - INFO - Confusion Matrix
 [69319.	  859.	    0.	    3.	    8.]
 [  685.	49615.	   79.	   21.	   61.]
 [    6.	   17.	 2208.	    0.	    0.]
 [   15.	   20.	    0.	 1254.	    1.]
 [    0.	   95.	    0.	    0.	 9834.]
2025-09-14 20:47:25,226 - INFO - model saved 47 times, last saved epoch: 86.

2025-09-14 20:47:28,019 - INFO - Epoch 115, Train loss: 0.012545599602162838
2025-09-14 20:47:28,809 - INFO - mIoU: 0.9683; OA: 0.9862; AA: 0.9849; F1: 0.9839; Kappa: 0.9762;
2025-09-14 20:47:28,809 - INFO - spatial_LccAccuracy: 0.9266; spatial_PA: 0.985; spatial_UA: 0.9939; spatial_F1: 0.9894
2025-09-14 20:47:28,809 - INFO - temporal_CdAccuracy: 0.7562; temporal_PA: 0.9657; temporal_UA: 0.9512; temporal_F1: 0.9584
2025-09-14 20:47:28,810 - INFO - Confusion Matrix
 [69471.	  698.	    2.	    6.	   12.]
 [  821.	49482.	   65.	   18.	   75.]
 [    6.	   23.	 2202.	    0.	    0.]
 [   11.	   19.	    0.	 1259.	    1.]
 [    0.	   88.	    0.	    0.	 9841.]
2025-09-14 20:47:28,811 - INFO - model saved 47 times, last saved epoch: 86.

