2025-09-14 23:34:00,827 - INFO - Epoch 0, Train loss: 1.4695521593093872
2025-09-14 23:34:02,896 - INFO - mIoU: 0.1425; OA: 0.5577; AA: 0.2267; F1: 0.5002; Kappa: 0.1191;
2025-09-14 23:34:02,896 - INFO - spatial_LccAccuracy: 0.0731; spatial_PA: 0.6932; spatial_UA: 0.7363; spatial_F1: 0.7141
2025-09-14 23:34:02,896 - INFO - temporal_CdAccuracy: 0.1292; temporal_PA: 0.5801; temporal_UA: 0.5325; temporal_F1: 0.5553
2025-09-14 23:34:02,896 - INFO - Confusion Matrix
 [110918.	  9116.	     0.	     0.	     0.]
 [ 70134.	 18588.	     0.	     0.	     0.]
 [   683.	  3497.	     0.	     0.	     0.]
 [   862.	  1410.	     0.	     0.	     0.]
 [ 16922.	    70.	     0.	     0.	     0.]
2025-09-14 23:34:03,060 - INFO - Epoch 0 saved.
2025-09-14 23:34:03,061 - INFO - model saved 1 times, last saved epoch: 0.

2025-09-14 23:34:07,950 - INFO - Epoch 1, Train loss: 1.1725616455078125
2025-09-14 23:34:10,212 - INFO - mIoU: 0.1718; OA: 0.6135; AA: 0.2541; F1: 0.5871; Kappa: 0.2354;
2025-09-14 23:34:10,212 - INFO - spatial_LccAccuracy: 0.1026; spatial_PA: 0.6163; spatial_UA: 0.5778; spatial_F1: 0.5964
2025-09-14 23:34:10,212 - INFO - temporal_CdAccuracy: 0.1649; temporal_PA: 0.5699; temporal_UA: 0.5365; temporal_F1: 0.5527
2025-09-14 23:34:10,213 - INFO - Confusion Matrix
 [113972.	  6062.	     0.	     0.	     0.]
 [ 60239.	 28483.	     0.	     0.	     0.]
 [   170.	  4010.	     0.	     0.	     0.]
 [  2263.	     9.	     0.	     0.	     0.]
 [ 16913.	    79.	     0.	     0.	     0.]
2025-09-14 23:34:10,283 - INFO - Epoch 1 saved.
2025-09-14 23:34:10,284 - INFO - model saved 2 times, last saved epoch: 1.

2025-09-14 23:34:15,155 - INFO - Epoch 2, Train loss: 0.9104049205780029
2025-09-14 23:34:17,334 - INFO - mIoU: 0.2539; OA: 0.7401; AA: 0.3253; F1: 0.7765; Kappa: 0.512;
2025-09-14 23:34:17,334 - INFO - spatial_LccAccuracy: 0.2101; spatial_PA: 0.7822; spatial_UA: 0.7057; spatial_F1: 0.7419
2025-09-14 23:34:17,334 - INFO - temporal_CdAccuracy: 0.2176; temporal_PA: 0.6362; temporal_UA: 0.5765; temporal_F1: 0.6049
2025-09-14 23:34:17,336 - INFO - Confusion Matrix
 [105539.	 14495.	     0.	     0.	     0.]
 [ 22405.	 66317.	     0.	     0.	     0.]
 [    48.	  4132.	     0.	     0.	     0.]
 [  2219.	    53.	     0.	     0.	     0.]
 [ 16701.	   291.	     0.	     0.	     0.]
2025-09-14 23:34:17,389 - INFO - Epoch 2 saved.
2025-09-14 23:34:17,390 - INFO - model saved 3 times, last saved epoch: 2.

2025-09-14 23:34:22,179 - INFO - Epoch 3, Train loss: 0.6605743169784546
2025-09-14 23:34:24,367 - INFO - mIoU: 0.4826; OA: 0.8597; AA: 0.5314; F1: 0.89; Kappa: 0.7528;
2025-09-14 23:34:24,367 - INFO - spatial_LccAccuracy: 0.3959; spatial_PA: 0.9208; spatial_UA: 0.8536; spatial_F1: 0.8859
2025-09-14 23:34:24,367 - INFO - temporal_CdAccuracy: 0.2951; temporal_PA: 0.7161; temporal_UA: 0.6254; temporal_F1: 0.6677
2025-09-14 23:34:24,367 - INFO - Confusion Matrix
 [106675.	 13359.	     0.	     0.	     0.]
 [ 10916.	 77806.	     0.	     0.	     0.]
 [    19.	  4161.	     0.	     0.	     0.]
 [  2201.	    71.	     0.	     0.	     0.]
 [  1530.	   318.	     0.	     0.	 15144.]
2025-09-14 23:34:24,407 - INFO - Epoch 3 saved.
2025-09-14 23:34:24,407 - INFO - model saved 4 times, last saved epoch: 3.

2025-09-14 23:34:28,963 - INFO - Epoch 4, Train loss: 0.46124839782714844
2025-09-14 23:34:31,142 - INFO - mIoU: 0.5079; OA: 0.8848; AA: 0.5503; F1: 0.6957; Kappa: 0.7972;
2025-09-14 23:34:31,142 - INFO - spatial_LccAccuracy: 0.4408; spatial_PA: 0.9298; spatial_UA: 0.8742; spatial_F1: 0.9011
2025-09-14 23:34:31,142 - INFO - temporal_CdAccuracy: 0.3457; temporal_PA: 0.7411; temporal_UA: 0.6547; temporal_F1: 0.6952
2025-09-14 23:34:31,143 - INFO - Confusion Matrix
 [109619.	 10415.	     0.	     0.	     0.]
 [  8417.	 80301.	     2.	     0.	     2.]
 [    29.	  4043.	   108.	     0.	     0.]
 [  2215.	    57.	     0.	     0.	     0.]
 [  1278.	   294.	     0.	     0.	 15420.]
2025-09-14 23:34:31,197 - INFO - Epoch 4 saved.
2025-09-14 23:34:31,197 - INFO - model saved 5 times, last saved epoch: 4.

2025-09-14 23:34:35,905 - INFO - Epoch 5, Train loss: 0.3488239347934723
2025-09-14 23:34:38,184 - INFO - mIoU: 0.6131; OA: 0.9058; AA: 0.6508; F1: 0.857; Kappa: 0.835;
2025-09-14 23:34:38,185 - INFO - spatial_LccAccuracy: 0.4938; spatial_PA: 0.927; spatial_UA: 0.8812; spatial_F1: 0.9035
2025-09-14 23:34:38,185 - INFO - temporal_CdAccuracy: 0.3767; temporal_PA: 0.7647; temporal_UA: 0.6758; temporal_F1: 0.7175
2025-09-14 23:34:38,185 - INFO - Confusion Matrix
 [111423.	  8598.	     9.	     0.	     4.]
 [  7250.	 81386.	    78.	     0.	     8.]
 [   150.	  1936.	  2094.	     0.	     0.]
 [  2113.	   157.	     2.	     0.	     0.]
 [  1298.	   274.	     0.	     0.	 15420.]
2025-09-14 23:34:38,226 - INFO - Epoch 5 saved.
2025-09-14 23:34:38,227 - INFO - model saved 6 times, last saved epoch: 5.

2025-09-14 23:34:42,964 - INFO - Epoch 6, Train loss: 0.28314584493637085
2025-09-14 23:34:44,965 - INFO - mIoU: 0.6586; OA: 0.9201; AA: 0.694; F1: 0.9002; Kappa: 0.8601;
2025-09-14 23:34:44,965 - INFO - spatial_LccAccuracy: 0.5527; spatial_PA: 0.9269; spatial_UA: 0.8851; spatial_F1: 0.9055
2025-09-14 23:34:44,965 - INFO - temporal_CdAccuracy: 0.4251; temporal_PA: 0.7783; temporal_UA: 0.7055; temporal_F1: 0.7401
2025-09-14 23:34:44,965 - INFO - Confusion Matrix
 [113663.	  6358.	    10.	     0.	     3.]
 [  6920.	 81655.	   140.	     0.	     7.]
 [    55.	  1220.	  2905.	     0.	     0.]
 [  1922.	   348.	     2.	     0.	     0.]
 [  1283.	   287.	     0.	     0.	 15422.]
2025-09-14 23:34:45,027 - INFO - Epoch 6 saved.
2025-09-14 23:34:45,027 - INFO - model saved 7 times, last saved epoch: 6.

2025-09-14 23:34:49,697 - INFO - Epoch 7, Train loss: 0.23994821310043335
2025-09-14 23:34:51,655 - INFO - mIoU: 0.6884; OA: 0.9284; AA: 0.7228; F1: 0.7575; Kappa: 0.8749;
2025-09-14 23:34:51,655 - INFO - spatial_LccAccuracy: 0.5935; spatial_PA: 0.9294; spatial_UA: 0.8901; spatial_F1: 0.9093
2025-09-14 23:34:51,655 - INFO - temporal_CdAccuracy: 0.4535; temporal_PA: 0.7846; temporal_UA: 0.7235; temporal_F1: 0.7528
2025-09-14 23:34:51,656 - INFO - Confusion Matrix
 [114435.	  5478.	    20.	    24.	    77.]
 [  6193.	 82341.	   138.	     6.	    44.]
 [    12.	  1055.	  3113.	     0.	     0.]
 [  1631.	   468.	     2.	   171.	     0.]
 [  1158.	   326.	     0.	     0.	 15508.]
2025-09-14 23:34:51,694 - INFO - Epoch 7 saved.
2025-09-14 23:34:51,695 - INFO - model saved 8 times, last saved epoch: 7.

2025-09-14 23:34:56,344 - INFO - Epoch 8, Train loss: 0.20755106210708618
2025-09-14 23:34:58,448 - INFO - mIoU: 0.7273; OA: 0.9353; AA: 0.7605; F1: 0.8028; Kappa: 0.8869;
2025-09-14 23:34:58,448 - INFO - spatial_LccAccuracy: 0.6607; spatial_PA: 0.9326; spatial_UA: 0.8905; spatial_F1: 0.911
2025-09-14 23:34:58,449 - INFO - temporal_CdAccuracy: 0.4822; temporal_PA: 0.7829; temporal_UA: 0.7463; temporal_F1: 0.7642
2025-09-14 23:34:58,450 - INFO - Confusion Matrix
 [116300.	  3585.	    10.	    31.	   108.]
 [  7013.	 81453.	   149.	    30.	    77.]
 [    11.	   796.	  3373.	     0.	     0.]
 [  1474.	   367.	     1.	   430.	     0.]
 [  1055.	   318.	     0.	     0.	 15619.]
2025-09-14 23:34:58,499 - INFO - Epoch 8 saved.
2025-09-14 23:34:58,499 - INFO - model saved 9 times, last saved epoch: 8.

2025-09-14 23:35:03,260 - INFO - Epoch 9, Train loss: 0.18021073937416077
2025-09-14 23:35:05,298 - INFO - mIoU: 0.7866; OA: 0.9442; AA: 0.8238; F1: 0.867; Kappa: 0.9034;
2025-09-14 23:35:05,299 - INFO - spatial_LccAccuracy: 0.6796; spatial_PA: 0.9408; spatial_UA: 0.9135; spatial_F1: 0.9269
2025-09-14 23:35:05,299 - INFO - temporal_CdAccuracy: 0.5393; temporal_PA: 0.8236; temporal_UA: 0.7724; temporal_F1: 0.7972
2025-09-14 23:35:05,299 - INFO - Confusion Matrix
 [114553.	  5219.	     8.	    87.	   167.]
 [  3957.	 84446.	   120.	   109.	    90.]
 [     7.	   779.	  3394.	     0.	     0.]
 [   816.	   383.	     1.	  1072.	     0.]
 [   733.	   474.	     0.	     0.	 15785.]
2025-09-14 23:35:05,343 - INFO - Epoch 9 saved.
2025-09-14 23:35:05,343 - INFO - model saved 10 times, last saved epoch: 9.

2025-09-14 23:35:10,318 - INFO - Epoch 10, Train loss: 0.1592530608177185
2025-09-14 23:35:12,440 - INFO - mIoU: 0.8192; OA: 0.95; AA: 0.8547; F1: 0.893; Kappa: 0.9131;
2025-09-14 23:35:12,440 - INFO - spatial_LccAccuracy: 0.723; spatial_PA: 0.9417; spatial_UA: 0.9267; spatial_F1: 0.9341
2025-09-14 23:35:12,441 - INFO - temporal_CdAccuracy: 0.5711; temporal_PA: 0.8346; temporal_UA: 0.7966; temporal_F1: 0.8151
2025-09-14 23:35:12,441 - INFO - Confusion Matrix
 [116349.	  3554.	     6.	    53.	    72.]
 [  4714.	 83693.	   140.	   137.	    38.]
 [     5.	   614.	  3561.	     0.	     0.]
 [   645.	   289.	     1.	  1337.	     0.]
 [   915.	   433.	     0.	     0.	 15644.]
2025-09-14 23:35:12,480 - INFO - Epoch 10 saved.
2025-09-14 23:35:12,481 - INFO - model saved 11 times, last saved epoch: 10.

2025-09-14 23:35:17,427 - INFO - Epoch 11, Train loss: 0.14244669675827026
2025-09-14 23:35:19,503 - INFO - mIoU: 0.8485; OA: 0.9561; AA: 0.8889; F1: 0.914; Kappa: 0.9241;
2025-09-14 23:35:19,503 - INFO - spatial_LccAccuracy: 0.7519; spatial_PA: 0.9495; spatial_UA: 0.9616; spatial_F1: 0.9555
2025-09-14 23:35:19,503 - INFO - temporal_CdAccuracy: 0.6189; temporal_PA: 0.865; temporal_UA: 0.8215; temporal_F1: 0.8427
2025-09-14 23:35:19,504 - INFO - Confusion Matrix
 [116043.	  3728.	     6.	    53.	   204.]
 [  3684.	 84599.	   133.	   198.	   108.]
 [     2.	   578.	  3600.	     0.	     0.]
 [   404.	   248.	     1.	  1619.	     0.]
 [   441.	   405.	     0.	     0.	 16146.]
2025-09-14 23:35:19,545 - INFO - Epoch 11 saved.
2025-09-14 23:35:19,546 - INFO - model saved 12 times, last saved epoch: 11.

2025-09-14 23:35:24,388 - INFO - Epoch 12, Train loss: 0.1285196989774704
2025-09-14 23:35:26,505 - INFO - mIoU: 0.8447; OA: 0.9558; AA: 0.8831; F1: 0.911; Kappa: 0.9239;
2025-09-14 23:35:26,505 - INFO - spatial_LccAccuracy: 0.7416; spatial_PA: 0.9527; spatial_UA: 0.9544; spatial_F1: 0.9535
2025-09-14 23:35:26,505 - INFO - temporal_CdAccuracy: 0.615; temporal_PA: 0.873; temporal_UA: 0.8245; temporal_F1: 0.8481
2025-09-14 23:35:26,506 - INFO - Confusion Matrix
 [114499.	  5058.	     6.	    10.	   461.]
 [  2368.	 85917.	   126.	   150.	   161.]
 [     2.	   563.	  3615.	     0.	     0.]
 [   389.	   375.	     0.	  1508.	     0.]
 [   218.	   382.	     0.	     0.	 16392.]
2025-09-14 23:35:26,507 - INFO - model saved 12 times, last saved epoch: 11.

2025-09-14 23:35:31,484 - INFO - Epoch 13, Train loss: 0.1187601238489151
2025-09-14 23:35:33,801 - INFO - mIoU: 0.8745; OA: 0.9608; AA: 0.935; F1: 0.9311; Kappa: 0.9326;
2025-09-14 23:35:33,801 - INFO - spatial_LccAccuracy: 0.777; spatial_PA: 0.9525; spatial_UA: 0.9753; spatial_F1: 0.9638
2025-09-14 23:35:33,801 - INFO - temporal_CdAccuracy: 0.6504; temporal_PA: 0.8949; temporal_UA: 0.8473; temporal_F1: 0.8704
2025-09-14 23:35:33,802 - INFO - Confusion Matrix
 [115099.	  4292.	     6.	   164.	   473.]
 [  2292.	 85718.	   195.	   302.	   215.]
 [     2.	   418.	  3760.	     0.	     0.]
 [   173.	   101.	     2.	  1996.	     0.]
 [   178.	   300.	     0.	     0.	 16514.]
2025-09-14 23:35:33,854 - INFO - Epoch 13 saved.
2025-09-14 23:35:33,854 - INFO - model saved 13 times, last saved epoch: 13.

2025-09-14 23:35:38,810 - INFO - Epoch 14, Train loss: 0.10789971053600311
2025-09-14 23:35:40,927 - INFO - mIoU: 0.8834; OA: 0.9645; AA: 0.9391; F1: 0.9365; Kappa: 0.9389;
2025-09-14 23:35:40,928 - INFO - spatial_LccAccuracy: 0.786; spatial_PA: 0.9455; spatial_UA: 0.9777; spatial_F1: 0.9614
2025-09-14 23:35:40,928 - INFO - temporal_CdAccuracy: 0.6636; temporal_PA: 0.9016; temporal_UA: 0.8582; temporal_F1: 0.8793
2025-09-14 23:35:40,929 - INFO - Confusion Matrix
 [116437.	  3287.	     6.	   155.	   149.]
 [  2544.	 85571.	   220.	   299.	    88.]
 [     3.	   389.	  3788.	     0.	     0.]
 [   126.	    83.	     2.	  2061.	     0.]
 [   550.	   336.	     0.	     0.	 16106.]
2025-09-14 23:35:40,979 - INFO - Epoch 14 saved.
2025-09-14 23:35:40,979 - INFO - model saved 14 times, last saved epoch: 14.

2025-09-14 23:35:45,604 - INFO - Epoch 15, Train loss: 0.10024971514940262
2025-09-14 23:35:47,742 - INFO - mIoU: 0.8928; OA: 0.9674; AA: 0.9363; F1: 0.9421; Kappa: 0.9439;
2025-09-14 23:35:47,742 - INFO - spatial_LccAccuracy: 0.8049; spatial_PA: 0.9573; spatial_UA: 0.9785; spatial_F1: 0.9678
2025-09-14 23:35:47,742 - INFO - temporal_CdAccuracy: 0.678; temporal_PA: 0.9057; temporal_UA: 0.8695; temporal_F1: 0.8873
2025-09-14 23:35:47,743 - INFO - Confusion Matrix
 [116615.	  3094.	     5.	    47.	   273.]
 [  2345.	 85807.	   160.	   233.	   177.]
 [     3.	   411.	  3766.	     0.	     0.]
 [   141.	   146.	     0.	  1985.	     0.]
 [   265.	   272.	     0.	     0.	 16455.]
2025-09-14 23:35:47,782 - INFO - Epoch 15 saved.
2025-09-14 23:35:47,783 - INFO - model saved 15 times, last saved epoch: 15.

2025-09-14 23:35:52,399 - INFO - Epoch 16, Train loss: 0.0944172590970993
2025-09-14 23:35:54,209 - INFO - mIoU: 0.8764; OA: 0.9657; AA: 0.9103; F1: 0.9311; Kappa: 0.9407;
2025-09-14 23:35:54,209 - INFO - spatial_LccAccuracy: 0.8; spatial_PA: 0.9564; spatial_UA: 0.9514; spatial_F1: 0.9539
2025-09-14 23:35:54,209 - INFO - temporal_CdAccuracy: 0.6597; temporal_PA: 0.8847; temporal_UA: 0.8692; temporal_F1: 0.8769
2025-09-14 23:35:54,211 - INFO - Confusion Matrix
 [118018.	  1790.	     3.	     5.	   218.]
 [  3993.	 84239.	   124.	   183.	   183.]
 [    10.	   417.	  3753.	     0.	     0.]
 [   421.	   150.	     0.	  1701.	     0.]
 [   252.	   215.	     0.	     0.	 16525.]
2025-09-14 23:35:54,212 - INFO - model saved 15 times, last saved epoch: 15.

2025-09-14 23:35:58,884 - INFO - Epoch 17, Train loss: 0.08993741124868393
2025-09-14 23:36:00,862 - INFO - mIoU: 0.9032; OA: 0.97; AA: 0.9444; F1: 0.9482; Kappa: 0.9483;
2025-09-14 23:36:00,862 - INFO - spatial_LccAccuracy: 0.8248; spatial_PA: 0.971; spatial_UA: 0.9776; spatial_F1: 0.9743
2025-09-14 23:36:00,862 - INFO - temporal_CdAccuracy: 0.6891; temporal_PA: 0.9085; temporal_UA: 0.8833; temporal_F1: 0.8957
2025-09-14 23:36:00,862 - INFO - Confusion Matrix
 [117347.	  2497.	     4.	    31.	   155.]
 [  2553.	 85642.	   124.	   265.	   138.]
 [     6.	   405.	  3769.	     0.	     0.]
 [   137.	    64.	     0.	  2071.	     0.]
 [   325.	   254.	     0.	     0.	 16413.]
2025-09-14 23:36:00,903 - INFO - Epoch 17 saved.
2025-09-14 23:36:00,903 - INFO - model saved 16 times, last saved epoch: 17.

2025-09-14 23:36:05,666 - INFO - Epoch 18, Train loss: 0.08406160771846771
2025-09-14 23:36:07,755 - INFO - mIoU: 0.9049; OA: 0.9705; AA: 0.9579; F1: 0.9492; Kappa: 0.9491;
2025-09-14 23:36:07,755 - INFO - spatial_LccAccuracy: 0.8331; spatial_PA: 0.9554; spatial_UA: 0.9822; spatial_F1: 0.9686
2025-09-14 23:36:07,756 - INFO - temporal_CdAccuracy: 0.6871; temporal_PA: 0.9158; temporal_UA: 0.8841; temporal_F1: 0.8997
2025-09-14 23:36:07,756 - INFO - Confusion Matrix
 [118207.	  1445.	     3.	    80.	   299.]
 [  3503.	 84481.	   181.	   331.	   226.]
 [     6.	   339.	  3835.	     0.	     0.]
 [    65.	    37.	     0.	  2170.	     0.]
 [   165.	   176.	     0.	     0.	 16651.]
2025-09-14 23:36:07,796 - INFO - Epoch 18 saved.
2025-09-14 23:36:07,797 - INFO - model saved 17 times, last saved epoch: 18.

2025-09-14 23:36:12,994 - INFO - Epoch 19, Train loss: 0.08149020373821259
2025-09-14 23:36:15,457 - INFO - mIoU: 0.9125; OA: 0.9724; AA: 0.9529; F1: 0.9536; Kappa: 0.9525;
2025-09-14 23:36:15,457 - INFO - spatial_LccAccuracy: 0.8357; spatial_PA: 0.9729; spatial_UA: 0.9782; spatial_F1: 0.9755
2025-09-14 23:36:15,458 - INFO - temporal_CdAccuracy: 0.6922; temporal_PA: 0.9185; temporal_UA: 0.8885; temporal_F1: 0.9032
2025-09-14 23:36:15,458 - INFO - Confusion Matrix
 [116753.	  3100.	     4.	    29.	   148.]
 [  1614.	 86530.	   185.	   214.	   179.]
 [     3.	   310.	  3867.	     0.	     0.]
 [    76.	   112.	     0.	  2084.	     0.]
 [   231.	   209.	     0.	     0.	 16552.]
2025-09-14 23:36:15,497 - INFO - Epoch 19 saved.
2025-09-14 23:36:15,498 - INFO - model saved 18 times, last saved epoch: 19.

2025-09-14 23:36:20,363 - INFO - Epoch 20, Train loss: 0.07703127712011337
2025-09-14 23:36:22,394 - INFO - mIoU: 0.8974; OA: 0.968; AA: 0.9306; F1: 0.9444; Kappa: 0.9447;
2025-09-14 23:36:22,394 - INFO - spatial_LccAccuracy: 0.8245; spatial_PA: 0.9646; spatial_UA: 0.9527; spatial_F1: 0.9586
2025-09-14 23:36:22,394 - INFO - temporal_CdAccuracy: 0.6708; temporal_PA: 0.8923; temporal_UA: 0.8759; temporal_F1: 0.884
2025-09-14 23:36:22,395 - INFO - Confusion Matrix
 [119115.	   813.	     1.	     6.	    99.]
 [  4805.	 83347.	   109.	   187.	   274.]
 [    20.	   342.	  3818.	     0.	     0.]
 [   338.	    48.	     0.	  1886.	     0.]
 [   269.	   110.	     0.	     0.	 16613.]
2025-09-14 23:36:22,395 - INFO - model saved 18 times, last saved epoch: 19.

2025-09-14 23:36:27,290 - INFO - Epoch 21, Train loss: 0.07474086433649063
2025-09-14 23:36:29,379 - INFO - mIoU: 0.9079; OA: 0.9744; AA: 0.9291; F1: 0.9505; Kappa: 0.9559;
2025-09-14 23:36:29,380 - INFO - spatial_LccAccuracy: 0.8457; spatial_PA: 0.9712; spatial_UA: 0.9853; spatial_F1: 0.9782
2025-09-14 23:36:29,380 - INFO - temporal_CdAccuracy: 0.6982; temporal_PA: 0.9176; temporal_UA: 0.8954; temporal_F1: 0.9064
2025-09-14 23:36:29,381 - INFO - Confusion Matrix
 [117247.	  2721.	     3.	    11.	    52.]
 [  1628.	 86846.	    70.	    64.	   114.]
 [     3.	   455.	  3722.	     0.	     0.]
 [    83.	   316.	     0.	  1873.	     0.]
 [   158.	   266.	     0.	     0.	 16568.]
2025-09-14 23:36:29,382 - INFO - model saved 18 times, last saved epoch: 19.

2025-09-14 23:36:34,046 - INFO - Epoch 22, Train loss: 0.07174327224493027
2025-09-14 23:36:36,168 - INFO - mIoU: 0.9211; OA: 0.9761; AA: 0.9478; F1: 0.9582; Kappa: 0.9589;
2025-09-14 23:36:36,169 - INFO - spatial_LccAccuracy: 0.8589; spatial_PA: 0.9717; spatial_UA: 0.9872; spatial_F1: 0.9794
2025-09-14 23:36:36,169 - INFO - temporal_CdAccuracy: 0.6995; temporal_PA: 0.9259; temporal_UA: 0.8985; temporal_F1: 0.912
2025-09-14 23:36:36,169 - INFO - Confusion Matrix
 [117335.	  2559.	     3.	    24.	   113.]
 [  1613.	 86684.	   120.	    85.	   220.]
 [     5.	   336.	  3839.	     0.	     0.]
 [    46.	   232.	     0.	  1994.	     0.]
 [    48.	   146.	     0.	     0.	 16798.]
2025-09-14 23:36:36,208 - INFO - Epoch 22 saved.
2025-09-14 23:36:36,209 - INFO - model saved 19 times, last saved epoch: 22.

2025-09-14 23:36:41,205 - INFO - Epoch 23, Train loss: 0.07052349299192429
2025-09-14 23:36:43,366 - INFO - mIoU: 0.924; OA: 0.9765; AA: 0.9662; F1: 0.96; Kappa: 0.9595;
2025-09-14 23:36:43,366 - INFO - spatial_LccAccuracy: 0.863; spatial_PA: 0.9799; spatial_UA: 0.983; spatial_F1: 0.9815
2025-09-14 23:36:43,366 - INFO - temporal_CdAccuracy: 0.7111; temporal_PA: 0.9337; temporal_UA: 0.9081; temporal_F1: 0.9207
2025-09-14 23:36:43,366 - INFO - Confusion Matrix
 [117624.	  2220.	     3.	    21.	   166.]
 [  1778.	 86222.	   280.	   201.	   241.]
 [     7.	   234.	  3939.	     0.	     0.]
 [    64.	    53.	     0.	  2155.	     0.]
 [    60.	   138.	     0.	     0.	 16794.]
2025-09-14 23:36:43,406 - INFO - Epoch 23 saved.
2025-09-14 23:36:43,407 - INFO - model saved 20 times, last saved epoch: 23.

2025-09-14 23:36:48,117 - INFO - Epoch 24, Train loss: 0.06758543103933334
2025-09-14 23:36:50,234 - INFO - mIoU: 0.9256; OA: 0.9742; AA: 0.9546; F1: 0.9609; Kappa: 0.9557;
2025-09-14 23:36:50,234 - INFO - spatial_LccAccuracy: 0.8623; spatial_PA: 0.9721; spatial_UA: 0.9797; spatial_F1: 0.9759
2025-09-14 23:36:50,234 - INFO - temporal_CdAccuracy: 0.6953; temporal_PA: 0.9302; temporal_UA: 0.8942; temporal_F1: 0.9118
2025-09-14 23:36:50,235 - INFO - Confusion Matrix
 [116676.	  3208.	     3.	    27.	   120.]
 [  1428.	 86944.	   113.	   109.	   128.]
 [     3.	   334.	  3843.	     0.	     0.]
 [    35.	   144.	     0.	  2093.	     0.]
 [   104.	   232.	     0.	     0.	 16656.]
2025-09-14 23:36:50,275 - INFO - Epoch 24 saved.
2025-09-14 23:36:50,275 - INFO - model saved 21 times, last saved epoch: 24.

2025-09-14 23:36:55,026 - INFO - Epoch 25, Train loss: 0.06420964747667313
2025-09-14 23:36:57,248 - INFO - mIoU: 0.9255; OA: 0.9774; AA: 0.9595; F1: 0.9608; Kappa: 0.9611;
2025-09-14 23:36:57,249 - INFO - spatial_LccAccuracy: 0.8654; spatial_PA: 0.9783; spatial_UA: 0.9878; spatial_F1: 0.983
2025-09-14 23:36:57,249 - INFO - temporal_CdAccuracy: 0.709; temporal_PA: 0.931; temporal_UA: 0.9038; temporal_F1: 0.9172
2025-09-14 23:36:57,249 - INFO - Confusion Matrix
 [118677.	  1325.	     4.	    12.	    16.]
 [  2508.	 85695.	   233.	   172.	   114.]
 [     7.	   260.	  3913.	     0.	     0.]
 [    72.	    81.	     0.	  2119.	     0.]
 [   231.	   206.	     0.	     0.	 16555.]
2025-09-14 23:36:57,249 - INFO - model saved 21 times, last saved epoch: 24.

2025-09-14 23:37:01,395 - INFO - Epoch 26, Train loss: 0.06281395256519318
2025-09-14 23:37:03,687 - INFO - mIoU: 0.9314; OA: 0.9778; AA: 0.9643; F1: 0.9642; Kappa: 0.9618;
2025-09-14 23:37:03,687 - INFO - spatial_LccAccuracy: 0.8744; spatial_PA: 0.97; spatial_UA: 0.9874; spatial_F1: 0.9786
2025-09-14 23:37:03,687 - INFO - temporal_CdAccuracy: 0.7233; temporal_PA: 0.9381; temporal_UA: 0.9171; temporal_F1: 0.9275
2025-09-14 23:37:03,688 - INFO - Confusion Matrix
 [118063.	  1613.	     2.	    31.	   325.]
 [  2088.	 86087.	    91.	   146.	   310.]
 [     6.	   340.	  3834.	     0.	     0.]
 [    31.	    67.	     0.	  2173.	     1.]
 [    12.	    88.	     0.	     0.	 16892.]
2025-09-14 23:37:03,747 - INFO - Epoch 26 saved.
2025-09-14 23:37:03,748 - INFO - model saved 22 times, last saved epoch: 26.

2025-09-14 23:37:08,365 - INFO - Epoch 27, Train loss: 0.06050674617290497
2025-09-14 23:37:10,512 - INFO - mIoU: 0.9262; OA: 0.9784; AA: 0.9437; F1: 0.961; Kappa: 0.9628;
2025-09-14 23:37:10,512 - INFO - spatial_LccAccuracy: 0.8747; spatial_PA: 0.968; spatial_UA: 0.9862; spatial_F1: 0.977
2025-09-14 23:37:10,513 - INFO - temporal_CdAccuracy: 0.7173; temporal_PA: 0.9389; temporal_UA: 0.9146; temporal_F1: 0.9266
2025-09-14 23:37:10,513 - INFO - Confusion Matrix
 [117908.	  2023.	     4.	    13.	    86.]
 [  1715.	 86774.	    83.	    17.	   133.]
 [     3.	   354.	  3823.	     0.	     0.]
 [    33.	   288.	     0.	  1951.	     0.]
 [    57.	   198.	     0.	     0.	 16737.]
2025-09-14 23:37:10,514 - INFO - model saved 22 times, last saved epoch: 26.

2025-09-14 23:37:15,358 - INFO - Epoch 28, Train loss: 0.058506958186626434
2025-09-14 23:37:17,561 - INFO - mIoU: 0.9376; OA: 0.9806; AA: 0.9565; F1: 0.9674; Kappa: 0.9665;
2025-09-14 23:37:17,561 - INFO - spatial_LccAccuracy: 0.8902; spatial_PA: 0.9758; spatial_UA: 0.9895; spatial_F1: 0.9826
2025-09-14 23:37:17,561 - INFO - temporal_CdAccuracy: 0.7287; temporal_PA: 0.9438; temporal_UA: 0.9241; temporal_F1: 0.9338
2025-09-14 23:37:17,562 - INFO - Confusion Matrix
 [118576.	  1402.	     2.	    15.	    39.]
 [  2022.	 86408.	    78.	    52.	   162.]
 [     7.	   390.	  3783.	     0.	     0.]
 [    26.	   142.	     0.	  2104.	     0.]
 [    41.	   136.	     0.	     0.	 16815.]
2025-09-14 23:37:17,617 - INFO - Epoch 28 saved.
2025-09-14 23:37:17,617 - INFO - model saved 23 times, last saved epoch: 28.

2025-09-14 23:37:22,150 - INFO - Epoch 29, Train loss: 0.05745688080787659
2025-09-14 23:37:24,346 - INFO - mIoU: 0.9394; OA: 0.9797; AA: 0.9646; F1: 0.9685; Kappa: 0.965;
2025-09-14 23:37:24,346 - INFO - spatial_LccAccuracy: 0.8912; spatial_PA: 0.9843; spatial_UA: 0.9865; spatial_F1: 0.9854
2025-09-14 23:37:24,347 - INFO - temporal_CdAccuracy: 0.7227; temporal_PA: 0.9423; temporal_UA: 0.9207; temporal_F1: 0.9314
2025-09-14 23:37:24,347 - INFO - Confusion Matrix
 [118433.	  1542.	     4.	    15.	    40.]
 [  2091.	 86226.	   166.	    82.	   157.]
 [     7.	   256.	  3917.	     0.	     0.]
 [    57.	    78.	     0.	  2137.	     0.]
 [    78.	   143.	     0.	     0.	 16771.]
2025-09-14 23:37:24,412 - INFO - Epoch 29 saved.
2025-09-14 23:37:24,412 - INFO - model saved 24 times, last saved epoch: 29.

2025-09-14 23:37:29,078 - INFO - Epoch 30, Train loss: 0.05471052601933479
2025-09-14 23:37:31,095 - INFO - mIoU: 0.935; OA: 0.9758; AA: 0.9615; F1: 0.9661; Kappa: 0.9585;
2025-09-14 23:37:31,095 - INFO - spatial_LccAccuracy: 0.8775; spatial_PA: 0.9825; spatial_UA: 0.9777; spatial_F1: 0.9801
2025-09-14 23:37:31,096 - INFO - temporal_CdAccuracy: 0.7129; temporal_PA: 0.9395; temporal_UA: 0.9162; temporal_F1: 0.9277
2025-09-14 23:37:31,096 - INFO - Confusion Matrix
 [116517.	  3439.	     3.	    25.	    50.]
 [  1103.	 87310.	    76.	   109.	   124.]
 [     4.	   378.	  3798.	     0.	     0.]
 [    28.	    71.	     0.	  2172.	     1.]
 [    14.	   186.	     0.	     0.	 16792.]
2025-09-14 23:37:31,096 - INFO - model saved 24 times, last saved epoch: 29.

2025-09-14 23:37:35,622 - INFO - Epoch 31, Train loss: 0.05314502865076065
2025-09-14 23:37:37,775 - INFO - mIoU: 0.9316; OA: 0.9781; AA: 0.9499; F1: 0.9641; Kappa: 0.9622;
2025-09-14 23:37:37,776 - INFO - spatial_LccAccuracy: 0.8819; spatial_PA: 0.9802; spatial_UA: 0.9843; spatial_F1: 0.9822
2025-09-14 23:37:37,776 - INFO - temporal_CdAccuracy: 0.707; temporal_PA: 0.9394; temporal_UA: 0.9103; temporal_F1: 0.9246
2025-09-14 23:37:37,777 - INFO - Confusion Matrix
 [118501.	  1515.	     1.	    13.	     4.]
 [  2447.	 86012.	    98.	    35.	   130.]
 [     7.	   325.	  3848.	     0.	     0.]
 [   153.	   103.	     0.	  2016.	     0.]
 [   121.	   134.	     0.	     0.	 16737.]
2025-09-14 23:37:37,778 - INFO - model saved 24 times, last saved epoch: 29.

2025-09-14 23:37:42,456 - INFO - Epoch 32, Train loss: 0.05071811005473137
2025-09-14 23:37:44,571 - INFO - mIoU: 0.9386; OA: 0.9793; AA: 0.9589; F1: 0.968; Kappa: 0.9644;
2025-09-14 23:37:44,571 - INFO - spatial_LccAccuracy: 0.8902; spatial_PA: 0.9773; spatial_UA: 0.984; spatial_F1: 0.9806
2025-09-14 23:37:44,571 - INFO - temporal_CdAccuracy: 0.7233; temporal_PA: 0.9444; temporal_UA: 0.922; temporal_F1: 0.9331
2025-09-14 23:37:44,571 - INFO - Confusion Matrix
 [117504.	  2432.	     3.	    38.	    57.]
 [  1323.	 87124.	    72.	    34.	   169.]
 [     4.	   401.	  3775.	     0.	     0.]
 [    14.	   123.	     0.	  2133.	     2.]
 [     8.	   130.	     0.	     0.	 16854.]
2025-09-14 23:37:44,572 - INFO - model saved 24 times, last saved epoch: 29.

2025-09-14 23:37:49,426 - INFO - Epoch 33, Train loss: 0.050735585391521454
2025-09-14 23:37:51,687 - INFO - mIoU: 0.9404; OA: 0.98; AA: 0.978; F1: 0.969; Kappa: 0.9657;
2025-09-14 23:37:51,687 - INFO - spatial_LccAccuracy: 0.8884; spatial_PA: 0.9839; spatial_UA: 0.9893; spatial_F1: 0.9866
2025-09-14 23:37:51,687 - INFO - temporal_CdAccuracy: 0.7238; temporal_PA: 0.9494; temporal_UA: 0.9205; temporal_F1: 0.9347
2025-09-14 23:37:51,687 - INFO - Confusion Matrix
 [117664.	  2315.	     9.	    33.	    13.]
 [  1280.	 86777.	   306.	   138.	   221.]
 [     5.	   163.	  4012.	     0.	     0.]
 [    14.	    35.	     0.	  2222.	     1.]
 [     7.	    98.	     0.	     0.	 16887.]
2025-09-14 23:37:51,745 - INFO - Epoch 33 saved.
2025-09-14 23:37:51,745 - INFO - model saved 25 times, last saved epoch: 33.

2025-09-14 23:37:56,747 - INFO - Epoch 34, Train loss: 0.048883579671382904
2025-09-14 23:37:59,066 - INFO - mIoU: 0.9419; OA: 0.98; AA: 0.9715; F1: 0.9698; Kappa: 0.9657;
2025-09-14 23:37:59,066 - INFO - spatial_LccAccuracy: 0.8884; spatial_PA: 0.9855; spatial_UA: 0.9869; spatial_F1: 0.9862
2025-09-14 23:37:59,066 - INFO - temporal_CdAccuracy: 0.7248; temporal_PA: 0.948; temporal_UA: 0.9222; temporal_F1: 0.9349
2025-09-14 23:37:59,067 - INFO - Confusion Matrix
 [117664.	  2330.	     2.	    22.	    16.]
 [  1321.	 86916.	   118.	   148.	   219.]
 [     7.	   305.	  3868.	     0.	     0.]
 [    31.	    18.	     0.	  2222.	     1.]
 [     1.	    97.	     0.	     0.	 16894.]
2025-09-14 23:37:59,127 - INFO - Epoch 34 saved.
2025-09-14 23:37:59,128 - INFO - model saved 26 times, last saved epoch: 34.

2025-09-14 23:38:03,623 - INFO - Epoch 35, Train loss: 0.046134792268276215
2025-09-14 23:38:05,721 - INFO - mIoU: 0.9403; OA: 0.9818; AA: 0.9546; F1: 0.9688; Kappa: 0.9686;
2025-09-14 23:38:05,721 - INFO - spatial_LccAccuracy: 0.9; spatial_PA: 0.9853; spatial_UA: 0.9903; spatial_F1: 0.9878
2025-09-14 23:38:05,721 - INFO - temporal_CdAccuracy: 0.746; temporal_PA: 0.9514; temporal_UA: 0.9355; temporal_F1: 0.9434
2025-09-14 23:38:05,721 - INFO - Confusion Matrix
 [118649.	  1343.	     2.	    12.	    28.]
 [  1844.	 86686.	    68.	    16.	   108.]
 [     9.	   417.	  3754.	     0.	     0.]
 [    28.	   150.	     0.	  2094.	     0.]
 [    53.	   151.	     0.	     0.	 16788.]
2025-09-14 23:38:05,722 - INFO - model saved 26 times, last saved epoch: 34.

2025-09-14 23:38:10,526 - INFO - Epoch 36, Train loss: 0.04593387991189957
2025-09-14 23:38:12,817 - INFO - mIoU: 0.9498; OA: 0.981; AA: 0.9707; F1: 0.9741; Kappa: 0.9673;
2025-09-14 23:38:12,818 - INFO - spatial_LccAccuracy: 0.8933; spatial_PA: 0.9853; spatial_UA: 0.9903; spatial_F1: 0.9878
2025-09-14 23:38:12,818 - INFO - temporal_CdAccuracy: 0.7251; temporal_PA: 0.9511; temporal_UA: 0.9284; temporal_F1: 0.9396
2025-09-14 23:38:12,818 - INFO - Confusion Matrix
 [117834.	  2163.	     3.	    13.	    21.]
 [  1346.	 87066.	   202.	    21.	    87.]
 [     5.	   164.	  4011.	     0.	     0.]
 [    37.	    85.	     0.	  2150.	     0.]
 [    53.	   206.	     0.	     0.	 16733.]
2025-09-14 23:38:12,870 - INFO - Epoch 36 saved.
2025-09-14 23:38:12,870 - INFO - model saved 27 times, last saved epoch: 36.

2025-09-14 23:38:17,556 - INFO - Epoch 37, Train loss: 0.04520692676305771
2025-09-14 23:38:19,534 - INFO - mIoU: 0.943; OA: 0.9798; AA: 0.977; F1: 0.9705; Kappa: 0.9653;
2025-09-14 23:38:19,534 - INFO - spatial_LccAccuracy: 0.893; spatial_PA: 0.9783; spatial_UA: 0.9902; spatial_F1: 0.9842
2025-09-14 23:38:19,534 - INFO - temporal_CdAccuracy: 0.737; temporal_PA: 0.9501; temporal_UA: 0.9211; temporal_F1: 0.9354
2025-09-14 23:38:19,534 - INFO - Confusion Matrix
 [118052.	  1389.	     5.	    28.	   560.]
 [  1776.	 86301.	   175.	    83.	   387.]
 [     5.	   179.	  3996.	     0.	     0.]
 [    17.	    34.	     0.	  2216.	     5.]
 [     0.	    46.	     0.	     0.	 16946.]
2025-09-14 23:38:19,535 - INFO - model saved 27 times, last saved epoch: 36.

2025-09-14 23:38:23,999 - INFO - Epoch 38, Train loss: 0.04401765391230583
2025-09-14 23:38:26,163 - INFO - mIoU: 0.951; OA: 0.9822; AA: 0.976; F1: 0.9747; Kappa: 0.9693;
2025-09-14 23:38:26,164 - INFO - spatial_LccAccuracy: 0.9021; spatial_PA: 0.9791; spatial_UA: 0.991; spatial_F1: 0.985
2025-09-14 23:38:26,164 - INFO - temporal_CdAccuracy: 0.7266; temporal_PA: 0.9554; temporal_UA: 0.9291; temporal_F1: 0.942
2025-09-14 23:38:26,164 - INFO - Confusion Matrix
 [118458.	  1522.	     5.	    23.	    26.]
 [  1749.	 86583.	   181.	    74.	   135.]
 [     5.	   204.	  3971.	     0.	     0.]
 [    25.	    28.	     0.	  2219.	     0.]
 [    13.	   150.	     0.	     0.	 16829.]
2025-09-14 23:38:26,208 - INFO - Epoch 38 saved.
2025-09-14 23:38:26,209 - INFO - model saved 28 times, last saved epoch: 38.

2025-09-14 23:38:30,880 - INFO - Epoch 39, Train loss: 0.04291105270385742
2025-09-14 23:38:33,023 - INFO - mIoU: 0.9326; OA: 0.9816; AA: 0.9466; F1: 0.9645; Kappa: 0.9682;
2025-09-14 23:38:33,023 - INFO - spatial_LccAccuracy: 0.8925; spatial_PA: 0.9862; spatial_UA: 0.9894; spatial_F1: 0.9878
2025-09-14 23:38:33,023 - INFO - temporal_CdAccuracy: 0.7357; temporal_PA: 0.9548; temporal_UA: 0.9339; temporal_F1: 0.9442
2025-09-14 23:38:33,024 - INFO - Confusion Matrix
 [118176.	  1831.	     3.	    11.	    13.]
 [  1388.	 87104.	    58.	     8.	   164.]
 [     5.	   401.	  3774.	     0.	     0.]
 [    28.	   266.	     0.	  1977.	     1.]
 [     2.	   103.	     0.	     0.	 16887.]
2025-09-14 23:38:33,025 - INFO - model saved 28 times, last saved epoch: 38.

2025-09-14 23:38:37,783 - INFO - Epoch 40, Train loss: 0.04110757261514664
2025-09-14 23:38:40,087 - INFO - mIoU: 0.9471; OA: 0.982; AA: 0.9826; F1: 0.9726; Kappa: 0.969;
2025-09-14 23:38:40,087 - INFO - spatial_LccAccuracy: 0.9054; spatial_PA: 0.9871; spatial_UA: 0.9885; spatial_F1: 0.9878
2025-09-14 23:38:40,088 - INFO - temporal_CdAccuracy: 0.737; temporal_PA: 0.9551; temporal_UA: 0.9302; temporal_F1: 0.9425
2025-09-14 23:38:40,088 - INFO - Confusion Matrix
 [118432.	  1539.	     9.	    32.	    22.]
 [  1720.	 86406.	   372.	   100.	   124.]
 [     7.	    90.	  4083.	     0.	     0.]
 [    16.	    21.	     0.	  2234.	     1.]
 [     4.	   126.	     0.	     0.	 16862.]
2025-09-14 23:38:40,089 - INFO - model saved 28 times, last saved epoch: 38.

2025-09-14 23:38:44,936 - INFO - Epoch 41, Train loss: 0.04151367023587227
2025-09-14 23:38:46,945 - INFO - mIoU: 0.9554; OA: 0.983; AA: 0.9773; F1: 0.9771; Kappa: 0.9708;
2025-09-14 23:38:46,945 - INFO - spatial_LccAccuracy: 0.9103; spatial_PA: 0.9859; spatial_UA: 0.9904; spatial_F1: 0.9882
2025-09-14 23:38:46,945 - INFO - temporal_CdAccuracy: 0.7398; temporal_PA: 0.9521; temporal_UA: 0.9356; temporal_F1: 0.9438
2025-09-14 23:38:46,946 - INFO - Confusion Matrix
 [117983.	  2008.	     7.	    25.	    11.]
 [  1193.	 87187.	   183.	    34.	   125.]
 [     4.	   173.	  4003.	     0.	     0.]
 [    11.	    56.	     0.	  2204.	     1.]
 [     0.	   116.	     0.	     0.	 16876.]
2025-09-14 23:38:47,005 - INFO - Epoch 41 saved.
2025-09-14 23:38:47,005 - INFO - model saved 29 times, last saved epoch: 41.

2025-09-14 23:38:51,940 - INFO - Epoch 42, Train loss: 0.039140354841947556
2025-09-14 23:38:54,211 - INFO - mIoU: 0.9502; OA: 0.9825; AA: 0.9735; F1: 0.9743; Kappa: 0.97;
2025-09-14 23:38:54,211 - INFO - spatial_LccAccuracy: 0.901; spatial_PA: 0.9862; spatial_UA: 0.9917; spatial_F1: 0.989
2025-09-14 23:38:54,211 - INFO - temporal_CdAccuracy: 0.7367; temporal_PA: 0.9577; temporal_UA: 0.9308; temporal_F1: 0.9441
2025-09-14 23:38:54,211 - INFO - Confusion Matrix
 [118077.	  1901.	    11.	    13.	    32.]
 [  1292.	 86984.	   256.	    16.	   174.]
 [     4.	   136.	  4040.	     0.	     0.]
 [    24.	   107.	     0.	  2141.	     0.]
 [     0.	    89.	     0.	     0.	 16903.]
2025-09-14 23:38:54,212 - INFO - model saved 29 times, last saved epoch: 41.

2025-09-14 23:38:59,070 - INFO - Epoch 43, Train loss: 0.03958819806575775
2025-09-14 23:39:01,248 - INFO - mIoU: 0.9431; OA: 0.9827; AA: 0.9787; F1: 0.9703; Kappa: 0.9703;
2025-09-14 23:39:01,248 - INFO - spatial_LccAccuracy: 0.9016; spatial_PA: 0.9809; spatial_UA: 0.9915; spatial_F1: 0.9862
2025-09-14 23:39:01,248 - INFO - temporal_CdAccuracy: 0.7416; temporal_PA: 0.9623; temporal_UA: 0.9358; temporal_F1: 0.9489
2025-09-14 23:39:01,249 - INFO - Confusion Matrix
 [118360.	  1625.	     4.	    37.	     8.]
 [  1449.	 86761.	   148.	   227.	   137.]
 [     5.	   242.	  3933.	     0.	     0.]
 [     9.	     0.	     0.	  2263.	     0.]
 [     8.	   114.	     0.	     0.	 16870.]
2025-09-14 23:39:01,250 - INFO - model saved 29 times, last saved epoch: 41.

2025-09-14 23:39:06,035 - INFO - Epoch 44, Train loss: 0.03849409148097038
2025-09-14 23:39:08,178 - INFO - mIoU: 0.9508; OA: 0.9828; AA: 0.9756; F1: 0.9744; Kappa: 0.9704;
2025-09-14 23:39:08,178 - INFO - spatial_LccAccuracy: 0.9111; spatial_PA: 0.9854; spatial_UA: 0.9909; spatial_F1: 0.9882
2025-09-14 23:39:08,178 - INFO - temporal_CdAccuracy: 0.739; temporal_PA: 0.9598; temporal_UA: 0.9382; temporal_F1: 0.9489
2025-09-14 23:39:08,179 - INFO - Confusion Matrix
 [118172.	  1828.	     7.	    22.	     5.]
 [  1280.	 87018.	   281.	    30.	   113.]
 [     5.	   221.	  3954.	     0.	     0.]
 [    11.	    45.	     0.	  2216.	     0.]
 [     4.	   138.	     0.	     0.	 16850.]
2025-09-14 23:39:08,179 - INFO - model saved 29 times, last saved epoch: 41.

2025-09-14 23:39:13,054 - INFO - Epoch 45, Train loss: 0.037723131477832794
2025-09-14 23:39:15,213 - INFO - mIoU: 0.9483; OA: 0.9814; AA: 0.9656; F1: 0.9733; Kappa: 0.9681;
2025-09-14 23:39:15,214 - INFO - spatial_LccAccuracy: 0.8997; spatial_PA: 0.9864; spatial_UA: 0.9838; spatial_F1: 0.9851
2025-09-14 23:39:15,214 - INFO - temporal_CdAccuracy: 0.7333; temporal_PA: 0.9536; temporal_UA: 0.9273; temporal_F1: 0.9403
2025-09-14 23:39:15,214 - INFO - Confusion Matrix
 [117704.	  2206.	     2.	    12.	   110.]
 [  1192.	 87267.	    99.	    13.	   151.]
 [     8.	   233.	  3939.	     0.	     0.]
 [    45.	   118.	     0.	  2109.	     0.]
 [     0.	   119.	     0.	     0.	 16873.]
2025-09-14 23:39:15,215 - INFO - model saved 29 times, last saved epoch: 41.

2025-09-14 23:39:19,955 - INFO - Epoch 46, Train loss: 0.036111097782850266
2025-09-14 23:39:22,080 - INFO - mIoU: 0.9577; OA: 0.9836; AA: 0.9756; F1: 0.9783; Kappa: 0.9717;
2025-09-14 23:39:22,080 - INFO - spatial_LccAccuracy: 0.9176; spatial_PA: 0.9869; spatial_UA: 0.9919; spatial_F1: 0.9893
2025-09-14 23:39:22,080 - INFO - temporal_CdAccuracy: 0.7494; temporal_PA: 0.9545; temporal_UA: 0.9398; temporal_F1: 0.9471
2025-09-14 23:39:22,081 - INFO - Confusion Matrix
 [118378.	  1610.	     4.	    14.	    28.]
 [  1481.	 86945.	   117.	    31.	   148.]
 [     5.	   195.	  3980.	     0.	     0.]
 [    20.	    58.	     0.	  2194.	     0.]
 [     2.	   102.	     0.	     0.	 16888.]
2025-09-14 23:39:22,148 - INFO - Epoch 46 saved.
2025-09-14 23:39:22,149 - INFO - model saved 30 times, last saved epoch: 46.

2025-09-14 23:39:26,771 - INFO - Epoch 47, Train loss: 0.03754159435629845
2025-09-14 23:39:28,925 - INFO - mIoU: 0.9363; OA: 0.9826; AA: 0.973; F1: 0.9665; Kappa: 0.97;
2025-09-14 23:39:28,925 - INFO - spatial_LccAccuracy: 0.9041; spatial_PA: 0.9826; spatial_UA: 0.989; spatial_F1: 0.9858
2025-09-14 23:39:28,926 - INFO - temporal_CdAccuracy: 0.7486; temporal_PA: 0.9575; temporal_UA: 0.9446; temporal_F1: 0.951
2025-09-14 23:39:28,926 - INFO - Confusion Matrix
 [118446.	  1513.	     1.	    54.	    20.]
 [  1460.	 86790.	    54.	   284.	   134.]
 [     8.	   356.	  3816.	     0.	     0.]
 [     9.	     1.	     0.	  2262.	     0.]
 [     0.	   148.	     0.	     0.	 16844.]
2025-09-14 23:39:28,927 - INFO - model saved 30 times, last saved epoch: 46.

2025-09-14 23:39:34,155 - INFO - Epoch 48, Train loss: 0.03478506579995155
2025-09-14 23:39:36,482 - INFO - mIoU: 0.9548; OA: 0.9839; AA: 0.9732; F1: 0.9766; Kappa: 0.9723;
2025-09-14 23:39:36,482 - INFO - spatial_LccAccuracy: 0.922; spatial_PA: 0.987; spatial_UA: 0.9925; spatial_F1: 0.9897
2025-09-14 23:39:36,482 - INFO - temporal_CdAccuracy: 0.7457; temporal_PA: 0.9559; temporal_UA: 0.9445; temporal_F1: 0.9502
2025-09-14 23:39:36,483 - INFO - Confusion Matrix
 [119096.	   912.	     3.	    20.	     3.]
 [  2018.	 86430.	   102.	    53.	   119.]
 [     8.	   310.	  3862.	     0.	     0.]
 [    18.	    17.	     0.	  2237.	     0.]
 [     2.	   150.	     0.	     0.	 16840.]
2025-09-14 23:39:36,484 - INFO - model saved 30 times, last saved epoch: 46.

2025-09-14 23:39:41,260 - INFO - Epoch 49, Train loss: 0.03386889770627022
2025-09-14 23:39:43,315 - INFO - mIoU: 0.9611; OA: 0.9846; AA: 0.9814; F1: 0.98; Kappa: 0.9735;
2025-09-14 23:39:43,316 - INFO - spatial_LccAccuracy: 0.9199; spatial_PA: 0.987; spatial_UA: 0.9925; spatial_F1: 0.9897
2025-09-14 23:39:43,316 - INFO - temporal_CdAccuracy: 0.7504; temporal_PA: 0.96; temporal_UA: 0.9439; temporal_F1: 0.9518
2025-09-14 23:39:43,316 - INFO - Confusion Matrix
 [118925.	  1075.	     5.	    21.	     8.]
 [  1804.	 86590.	   176.	    38.	   114.]
 [     5.	   144.	  4031.	     0.	     0.]
 [    15.	    20.	     0.	  2237.	     0.]
 [    10.	   134.	     0.	     0.	 16848.]
2025-09-14 23:39:43,363 - INFO - Epoch 49 saved.
2025-09-14 23:39:43,364 - INFO - model saved 31 times, last saved epoch: 49.

2025-09-14 23:39:48,222 - INFO - Epoch 50, Train loss: 0.033755648881196976
2025-09-14 23:39:50,129 - INFO - mIoU: 0.9561; OA: 0.9841; AA: 0.9759; F1: 0.9774; Kappa: 0.9726;
2025-09-14 23:39:50,129 - INFO - spatial_LccAccuracy: 0.9207; spatial_PA: 0.9856; spatial_UA: 0.9939; spatial_F1: 0.9897
2025-09-14 23:39:50,129 - INFO - temporal_CdAccuracy: 0.7444; temporal_PA: 0.959; temporal_UA: 0.9409; temporal_F1: 0.9499
2025-09-14 23:39:50,130 - INFO - Confusion Matrix
 [118966.	  1040.	     3.	    19.	     6.]
 [  1858.	 86544.	    69.	    82.	   169.]
 [     7.	   279.	  3894.	     0.	     0.]
 [    18.	     7.	     0.	  2247.	     0.]
 [    29.	   100.	     0.	     0.	 16863.]
2025-09-14 23:39:50,131 - INFO - model saved 31 times, last saved epoch: 49.

2025-09-14 23:39:54,637 - INFO - Epoch 51, Train loss: 0.033635903149843216
2025-09-14 23:39:56,804 - INFO - mIoU: 0.9558; OA: 0.9844; AA: 0.9801; F1: 0.9772; Kappa: 0.9731;
2025-09-14 23:39:56,804 - INFO - spatial_LccAccuracy: 0.9209; spatial_PA: 0.9874; spatial_UA: 0.9897; spatial_F1: 0.9886
2025-09-14 23:39:56,805 - INFO - temporal_CdAccuracy: 0.7496; temporal_PA: 0.9605; temporal_UA: 0.9441; temporal_F1: 0.9522
2025-09-14 23:39:56,805 - INFO - Confusion Matrix
 [118307.	  1676.	     9.	    25.	    17.]
 [  1162.	 87116.	   272.	    22.	   150.]
 [     5.	   125.	  4050.	     0.	     0.]
 [    13.	    55.	     0.	  2203.	     1.]
 [     0.	    98.	     0.	     0.	 16894.]
2025-09-14 23:39:56,806 - INFO - model saved 31 times, last saved epoch: 49.

2025-09-14 23:40:01,432 - INFO - Epoch 52, Train loss: 0.03254171833395958
2025-09-14 23:40:03,364 - INFO - mIoU: 0.9602; OA: 0.9852; AA: 0.9768; F1: 0.9796; Kappa: 0.9745;
2025-09-14 23:40:03,364 - INFO - spatial_LccAccuracy: 0.9266; spatial_PA: 0.9858; spatial_UA: 0.9922; spatial_F1: 0.9889
2025-09-14 23:40:03,365 - INFO - temporal_CdAccuracy: 0.7535; temporal_PA: 0.9638; temporal_UA: 0.9471; temporal_F1: 0.9553
2025-09-14 23:40:03,365 - INFO - Confusion Matrix
 [118669.	  1343.	     2.	    16.	     4.]
 [  1413.	 87074.	   144.	    22.	    69.]
 [     5.	   181.	  3994.	     0.	     0.]
 [    22.	    50.	     0.	  2200.	     0.]
 [     6.	   162.	     0.	     0.	 16824.]
2025-09-14 23:40:03,365 - INFO - model saved 31 times, last saved epoch: 49.

2025-09-14 23:40:08,169 - INFO - Epoch 53, Train loss: 0.032587550580501556
2025-09-14 23:40:10,024 - INFO - mIoU: 0.9582; OA: 0.9844; AA: 0.9744; F1: 0.9785; Kappa: 0.9732;
2025-09-14 23:40:10,024 - INFO - spatial_LccAccuracy: 0.922; spatial_PA: 0.9862; spatial_UA: 0.9917; spatial_F1: 0.989
2025-09-14 23:40:10,024 - INFO - temporal_CdAccuracy: 0.7478; temporal_PA: 0.9571; temporal_UA: 0.9399; temporal_F1: 0.9484
2025-09-14 23:40:10,025 - INFO - Confusion Matrix
 [118742.	  1252.	     2.	    13.	    25.]
 [  1593.	 86785.	    92.	    23.	   229.]
 [     5.	   220.	  3955.	     0.	     0.]
 [    33.	    49.	     0.	  2189.	     1.]
 [     1.	    82.	     0.	     0.	 16909.]
2025-09-14 23:40:10,025 - INFO - model saved 31 times, last saved epoch: 49.

2025-09-14 23:40:14,762 - INFO - Epoch 54, Train loss: 0.03217990696430206
2025-09-14 23:40:16,896 - INFO - mIoU: 0.9581; OA: 0.9846; AA: 0.9792; F1: 0.9784; Kappa: 0.9734;
2025-09-14 23:40:16,896 - INFO - spatial_LccAccuracy: 0.9238; spatial_PA: 0.9861; spatial_UA: 0.9911; spatial_F1: 0.9886
2025-09-14 23:40:16,896 - INFO - temporal_CdAccuracy: 0.7535; temporal_PA: 0.9636; temporal_UA: 0.9471; temporal_F1: 0.9553
2025-09-14 23:40:16,897 - INFO - Confusion Matrix
 [118670.	  1324.	    11.	    18.	    11.]
 [  1516.	 86837.	   210.	    26.	   133.]
 [     5.	   167.	  4008.	     0.	     0.]
 [    18.	    35.	     0.	  2218.	     1.]
 [     0.	   109.	     0.	     0.	 16883.]
2025-09-14 23:40:16,897 - INFO - model saved 31 times, last saved epoch: 49.

2025-09-14 23:40:21,874 - INFO - Epoch 55, Train loss: 0.030639495700597763
2025-09-14 23:40:23,766 - INFO - mIoU: 0.9466; OA: 0.9803; AA: 0.9818; F1: 0.9723; Kappa: 0.9662;
2025-09-14 23:40:23,767 - INFO - spatial_LccAccuracy: 0.8915; spatial_PA: 0.9871; spatial_UA: 0.9862; spatial_F1: 0.9866
2025-09-14 23:40:23,767 - INFO - temporal_CdAccuracy: 0.7196; temporal_PA: 0.9542; temporal_UA: 0.9217; temporal_F1: 0.9377
2025-09-14 23:40:23,767 - INFO - Confusion Matrix
 [118424.	  1580.	     4.	    25.	     1.]
 [  2005.	 86063.	   388.	    86.	   180.]
 [     7.	   100.	  4073.	     0.	     0.]
 [    25.	     4.	     0.	  2243.	     0.]
 [    53.	   107.	     0.	     0.	 16832.]
2025-09-14 23:40:23,768 - INFO - model saved 31 times, last saved epoch: 49.

2025-09-14 23:40:28,577 - INFO - Epoch 56, Train loss: 0.031088219955563545
2025-09-14 23:40:30,823 - INFO - mIoU: 0.9603; OA: 0.985; AA: 0.9807; F1: 0.9796; Kappa: 0.9742;
2025-09-14 23:40:30,823 - INFO - spatial_LccAccuracy: 0.9238; spatial_PA: 0.9887; spatial_UA: 0.9947; spatial_F1: 0.9917
2025-09-14 23:40:30,823 - INFO - temporal_CdAccuracy: 0.7527; temporal_PA: 0.9614; temporal_UA: 0.9444; temporal_F1: 0.9528
2025-09-14 23:40:30,824 - INFO - Confusion Matrix
 [118626.	  1381.	     2.	    18.	     7.]
 [  1394.	 87020.	   110.	    77.	   121.]
 [     5.	   192.	  3983.	     0.	     0.]
 [    17.	     5.	     0.	  2250.	     0.]
 [    10.	   135.	     0.	     0.	 16847.]
2025-09-14 23:40:30,825 - INFO - model saved 31 times, last saved epoch: 49.

2025-09-14 23:40:36,050 - INFO - Epoch 57, Train loss: 0.029402034357190132
2025-09-14 23:40:38,161 - INFO - mIoU: 0.9608; OA: 0.9853; AA: 0.9802; F1: 0.9799; Kappa: 0.9747;
2025-09-14 23:40:38,161 - INFO - spatial_LccAccuracy: 0.9292; spatial_PA: 0.9862; spatial_UA: 0.9917; spatial_F1: 0.989
2025-09-14 23:40:38,161 - INFO - temporal_CdAccuracy: 0.7514; temporal_PA: 0.9601; temporal_UA: 0.9476; temporal_F1: 0.9538
2025-09-14 23:40:38,161 - INFO - Confusion Matrix
 [118984.	  1020.	     4.	    20.	     6.]
 [  1708.	 86696.	   178.	    31.	   109.]
 [     5.	   145.	  4030.	     0.	     0.]
 [    12.	    42.	     0.	  2218.	     0.]
 [     3.	   133.	     0.	     0.	 16856.]
2025-09-14 23:40:38,162 - INFO - model saved 31 times, last saved epoch: 49.

2025-09-14 23:40:43,274 - INFO - Epoch 58, Train loss: 0.02851603366434574
2025-09-14 23:40:45,696 - INFO - mIoU: 0.9549; OA: 0.9825; AA: 0.9725; F1: 0.9767; Kappa: 0.9699;
2025-09-14 23:40:45,696 - INFO - spatial_LccAccuracy: 0.9176; spatial_PA: 0.9865; spatial_UA: 0.9906; spatial_F1: 0.9886
2025-09-14 23:40:45,696 - INFO - temporal_CdAccuracy: 0.7416; temporal_PA: 0.9571; temporal_UA: 0.9337; temporal_F1: 0.9452
2025-09-14 23:40:45,696 - INFO - Confusion Matrix
 [118185.	  1825.	     1.	    17.	     6.]
 [  1433.	 87000.	    56.	    50.	   183.]
 [    12.	   337.	  3830.	     1.	     0.]
 [    21.	     7.	     0.	  2244.	     0.]
 [     9.	   101.	     0.	     0.	 16882.]
2025-09-14 23:40:45,697 - INFO - model saved 31 times, last saved epoch: 49.

2025-09-14 23:40:50,368 - INFO - Epoch 59, Train loss: 0.028958382084965706
2025-09-14 23:40:52,525 - INFO - mIoU: 0.9562; OA: 0.9838; AA: 0.9757; F1: 0.9775; Kappa: 0.9722;
2025-09-14 23:40:52,525 - INFO - spatial_LccAccuracy: 0.9194; spatial_PA: 0.9885; spatial_UA: 0.9894; spatial_F1: 0.989
2025-09-14 23:40:52,526 - INFO - temporal_CdAccuracy: 0.7481; temporal_PA: 0.9578; temporal_UA: 0.943; temporal_F1: 0.9503
2025-09-14 23:40:52,526 - INFO - Confusion Matrix
 [118189.	  1817.	     4.	    17.	     7.]
 [  1202.	 87266.	   202.	    21.	    31.]
 [     5.	   146.	  4029.	     0.	     0.]
 [    26.	    68.	     0.	  2178.	     0.]
 [     0.	   209.	     0.	     0.	 16783.]
2025-09-14 23:40:52,528 - INFO - model saved 31 times, last saved epoch: 49.

2025-09-14 23:40:57,069 - INFO - Epoch 60, Train loss: 0.028238695114850998
2025-09-14 23:40:59,340 - INFO - mIoU: 0.9515; OA: 0.9829; AA: 0.971; F1: 0.975; Kappa: 0.9705;
2025-09-14 23:40:59,340 - INFO - spatial_LccAccuracy: 0.9109; spatial_PA: 0.9893; spatial_UA: 0.9879; spatial_F1: 0.9886
2025-09-14 23:40:59,340 - INFO - temporal_CdAccuracy: 0.7429; temporal_PA: 0.9554; temporal_UA: 0.9398; temporal_F1: 0.9476
2025-09-14 23:40:59,341 - INFO - Confusion Matrix
 [117882.	  2125.	     3.	     8.	    16.]
 [  1045.	 87303.	   196.	    11.	   167.]
 [     5.	   139.	  4036.	     0.	     0.]
 [    44.	   116.	     0.	  2112.	     0.]
 [     3.	   100.	     0.	     0.	 16889.]
2025-09-14 23:40:59,341 - INFO - model saved 31 times, last saved epoch: 49.

2025-09-14 23:41:04,157 - INFO - Epoch 61, Train loss: 0.027850162237882614
2025-09-14 23:41:06,444 - INFO - mIoU: 0.9564; OA: 0.9843; AA: 0.9755; F1: 0.9776; Kappa: 0.9729;
2025-09-14 23:41:06,445 - INFO - spatial_LccAccuracy: 0.9152; spatial_PA: 0.9878; spatial_UA: 0.9933; spatial_F1: 0.9905
2025-09-14 23:41:06,445 - INFO - temporal_CdAccuracy: 0.7504; temporal_PA: 0.9617; temporal_UA: 0.9423; temporal_F1: 0.9519
2025-09-14 23:41:06,446 - INFO - Confusion Matrix
 [118303.	  1706.	     2.	    20.	     3.]
 [  1164.	 87298.	    58.	    78.	   124.]
 [     4.	   307.	  3869.	     0.	     0.]
 [    14.	     3.	     0.	  2255.	     0.]
 [    32.	   136.	     0.	     2.	 16822.]
2025-09-14 23:41:06,447 - INFO - model saved 31 times, last saved epoch: 49.

2025-09-14 23:41:11,250 - INFO - Epoch 62, Train loss: 0.026415320113301277
2025-09-14 23:41:13,514 - INFO - mIoU: 0.96; OA: 0.985; AA: 0.9813; F1: 0.9795; Kappa: 0.9742;
2025-09-14 23:41:13,515 - INFO - spatial_LccAccuracy: 0.9238; spatial_PA: 0.9842; spatial_UA: 0.9929; spatial_F1: 0.9886
2025-09-14 23:41:13,515 - INFO - temporal_CdAccuracy: 0.7504; temporal_PA: 0.9619; temporal_UA: 0.9448; temporal_F1: 0.9533
2025-09-14 23:41:13,516 - INFO - Confusion Matrix
 [119088.	   920.	     3.	    17.	     6.]
 [  1832.	 86522.	   194.	    48.	   126.]
 [     6.	   145.	  4029.	     0.	     0.]
 [    32.	     5.	     0.	  2235.	     0.]
 [    12.	   128.	     0.	     0.	 16852.]
2025-09-14 23:41:13,517 - INFO - model saved 31 times, last saved epoch: 49.

2025-09-14 23:41:18,574 - INFO - Epoch 63, Train loss: 0.026503438130021095
2025-09-14 23:41:20,796 - INFO - mIoU: 0.9604; OA: 0.9845; AA: 0.9831; F1: 0.9797; Kappa: 0.9734;
2025-09-14 23:41:20,796 - INFO - spatial_LccAccuracy: 0.9276; spatial_PA: 0.9847; spatial_UA: 0.9925; spatial_F1: 0.9886
2025-09-14 23:41:20,797 - INFO - temporal_CdAccuracy: 0.7537; temporal_PA: 0.9623; temporal_UA: 0.9455; temporal_F1: 0.9539
2025-09-14 23:41:20,797 - INFO - Confusion Matrix
 [118371.	  1629.	     6.	    20.	     8.]
 [  1233.	 87030.	   207.	    36.	   216.]
 [     5.	   135.	  4040.	     0.	     0.]
 [    13.	    19.	     0.	  2240.	     0.]
 [     1.	    66.	     0.	     0.	 16925.]
2025-09-14 23:41:20,798 - INFO - model saved 31 times, last saved epoch: 49.

2025-09-14 23:41:25,849 - INFO - Epoch 64, Train loss: 0.027584293857216835
2025-09-14 23:41:28,181 - INFO - mIoU: 0.9556; OA: 0.9841; AA: 0.9703; F1: 0.9772; Kappa: 0.9726;
2025-09-14 23:41:28,182 - INFO - spatial_LccAccuracy: 0.9176; spatial_PA: 0.9884; spatial_UA: 0.9911; spatial_F1: 0.9898
2025-09-14 23:41:28,182 - INFO - temporal_CdAccuracy: 0.7535; temporal_PA: 0.9546; temporal_UA: 0.9444; temporal_F1: 0.9494
2025-09-14 23:41:28,182 - INFO - Confusion Matrix
 [118102.	  1912.	     2.	    10.	     8.]
 [  1063.	 87452.	   109.	    12.	    86.]
 [     5.	   217.	  3958.	     0.	     0.]
 [    38.	    89.	     0.	  2145.	     0.]
 [     0.	   151.	     0.	     0.	 16841.]
2025-09-14 23:41:28,183 - INFO - model saved 31 times, last saved epoch: 49.

2025-09-14 23:41:33,130 - INFO - Epoch 65, Train loss: 0.026832418516278267
2025-09-14 23:41:35,301 - INFO - mIoU: 0.9595; OA: 0.9842; AA: 0.977; F1: 0.9792; Kappa: 0.9729;
2025-09-14 23:41:35,301 - INFO - spatial_LccAccuracy: 0.9245; spatial_PA: 0.9889; spatial_UA: 0.993; spatial_F1: 0.9909
2025-09-14 23:41:35,301 - INFO - temporal_CdAccuracy: 0.7548; temporal_PA: 0.9581; temporal_UA: 0.9448; temporal_F1: 0.9514
2025-09-14 23:41:35,301 - INFO - Confusion Matrix
 [118132.	  1876.	     4.	    21.	     1.]
 [  1078.	 87415.	   146.	    19.	    64.]
 [     5.	   186.	  3989.	     0.	     0.]
 [    19.	    42.	     0.	  2211.	     0.]
 [    25.	   176.	     0.	     0.	 16791.]
2025-09-14 23:41:35,302 - INFO - model saved 31 times, last saved epoch: 49.

2025-09-14 23:41:40,211 - INFO - Epoch 66, Train loss: 0.025610867887735367
2025-09-14 23:41:42,200 - INFO - mIoU: 0.9609; OA: 0.9849; AA: 0.9774; F1: 0.9799; Kappa: 0.9741;
2025-09-14 23:41:42,201 - INFO - spatial_LccAccuracy: 0.9318; spatial_PA: 0.9881; spatial_UA: 0.9922; spatial_F1: 0.9901
2025-09-14 23:41:42,201 - INFO - temporal_CdAccuracy: 0.7587; temporal_PA: 0.9587; temporal_UA: 0.9476; temporal_F1: 0.9531
2025-09-14 23:41:42,201 - INFO - Confusion Matrix
 [118817.	  1193.	     2.	    17.	     5.]
 [  1620.	 86821.	   113.	    27.	   141.]
 [     6.	   208.	  3966.	     0.	     0.]
 [    19.	    35.	     0.	  2218.	     0.]
 [     1.	   111.	     0.	     0.	 16880.]
2025-09-14 23:41:42,202 - INFO - model saved 31 times, last saved epoch: 49.

2025-09-14 23:41:47,023 - INFO - Epoch 67, Train loss: 0.025269202888011932
2025-09-14 23:41:49,001 - INFO - mIoU: 0.9462; OA: 0.9832; AA: 0.9691; F1: 0.972; Kappa: 0.9711;
2025-09-14 23:41:49,001 - INFO - spatial_LccAccuracy: 0.9054; spatial_PA: 0.9852; spatial_UA: 0.9834; spatial_F1: 0.9843
2025-09-14 23:41:49,001 - INFO - temporal_CdAccuracy: 0.7279; temporal_PA: 0.9579; temporal_UA: 0.9334; temporal_F1: 0.9455
2025-09-14 23:41:49,002 - INFO - Confusion Matrix
 [118693.	  1323.	     2.	     5.	    11.]
 [  1691.	 86608.	   164.	    85.	   174.]
 [     6.	   154.	  4020.	     0.	     0.]
 [   167.	     2.	     0.	  2103.	     0.]
 [    16.	    96.	     0.	     0.	 16880.]
2025-09-14 23:41:49,002 - INFO - model saved 31 times, last saved epoch: 49.

2025-09-14 23:41:53,795 - INFO - Epoch 68, Train loss: 0.024698104709386826
2025-09-14 23:41:56,114 - INFO - mIoU: 0.9522; OA: 0.9844; AA: 0.9752; F1: 0.9753; Kappa: 0.9731;
2025-09-14 23:41:56,114 - INFO - spatial_LccAccuracy: 0.9235; spatial_PA: 0.989; spatial_UA: 0.9913; spatial_F1: 0.9902
2025-09-14 23:41:56,115 - INFO - temporal_CdAccuracy: 0.7522; temporal_PA: 0.9611; temporal_UA: 0.9454; temporal_F1: 0.9532
2025-09-14 23:41:56,115 - INFO - Confusion Matrix
 [118617.	  1368.	     2.	    40.	     7.]
 [  1431.	 86959.	    62.	   105.	   165.]
 [     6.	   338.	  3836.	     0.	     0.]
 [     9.	     2.	     0.	  2261.	     0.]
 [     1.	    89.	     0.	     0.	 16902.]
2025-09-14 23:41:56,116 - INFO - model saved 31 times, last saved epoch: 49.

2025-09-14 23:42:00,579 - INFO - Epoch 69, Train loss: 0.02453705295920372
2025-09-14 23:42:02,545 - INFO - mIoU: 0.9607; OA: 0.9855; AA: 0.9769; F1: 0.9798; Kappa: 0.975;
2025-09-14 23:42:02,545 - INFO - spatial_LccAccuracy: 0.9279; spatial_PA: 0.9859; spatial_UA: 0.9928; spatial_F1: 0.9893
2025-09-14 23:42:02,546 - INFO - temporal_CdAccuracy: 0.7553; temporal_PA: 0.9626; temporal_UA: 0.9478; temporal_F1: 0.9551
2025-09-14 23:42:02,546 - INFO - Confusion Matrix
 [118885.	  1124.	     2.	    23.	     0.]
 [  1492.	 86975.	   108.	    25.	   122.]
 [     5.	   212.	  3963.	     0.	     0.]
 [    14.	    37.	     0.	  2221.	     0.]
 [    69.	   130.	     0.	     1.	 16792.]
2025-09-14 23:42:02,546 - INFO - model saved 31 times, last saved epoch: 49.

2025-09-14 23:42:07,151 - INFO - Epoch 70, Train loss: 0.02414533868432045
2025-09-14 23:42:09,299 - INFO - mIoU: 0.9567; OA: 0.9827; AA: 0.9715; F1: 0.9777; Kappa: 0.9703;
2025-09-14 23:42:09,299 - INFO - spatial_LccAccuracy: 0.9173; spatial_PA: 0.9891; spatial_UA: 0.9873; spatial_F1: 0.9882
2025-09-14 23:42:09,299 - INFO - temporal_CdAccuracy: 0.7509; temporal_PA: 0.9532; temporal_UA: 0.9433; temporal_F1: 0.9482
2025-09-14 23:42:09,299 - INFO - Confusion Matrix
 [117571.	  2441.	     2.	    20.	     0.]
 [   842.	 87716.	    78.	    11.	    75.]
 [     6.	   297.	  3877.	     0.	     0.]
 [    10.	    54.	     0.	  2208.	     0.]
 [     9.	   162.	     0.	     0.	 16821.]
2025-09-14 23:42:09,300 - INFO - model saved 31 times, last saved epoch: 49.

2025-09-14 23:42:13,651 - INFO - Epoch 71, Train loss: 0.022616423666477203
2025-09-14 23:42:16,065 - INFO - mIoU: 0.9611; OA: 0.9845; AA: 0.9841; F1: 0.98; Kappa: 0.9734;
2025-09-14 23:42:16,065 - INFO - spatial_LccAccuracy: 0.9287; spatial_PA: 0.9896; spatial_UA: 0.9892; spatial_F1: 0.9894
2025-09-14 23:42:16,065 - INFO - temporal_CdAccuracy: 0.7587; temporal_PA: 0.9588; temporal_UA: 0.9479; temporal_F1: 0.9533
2025-09-14 23:42:16,066 - INFO - Confusion Matrix
 [118183.	  1817.	     4.	    23.	     7.]
 [  1099.	 87252.	   221.	    42.	   108.]
 [     7.	   140.	  4033.	     0.	     0.]
 [     9.	     3.	     0.	  2260.	     0.]
 [     0.	   117.	     0.	     0.	 16875.]
2025-09-14 23:42:16,118 - INFO - Epoch 71 saved.
2025-09-14 23:42:16,118 - INFO - model saved 32 times, last saved epoch: 71.

2025-09-14 23:42:21,081 - INFO - Epoch 72, Train loss: 0.023226680234074593
2025-09-14 23:42:23,441 - INFO - mIoU: 0.9587; OA: 0.9829; AA: 0.9773; F1: 0.9788; Kappa: 0.9706;
2025-09-14 23:42:23,442 - INFO - spatial_LccAccuracy: 0.9165; spatial_PA: 0.9888; spatial_UA: 0.9861; spatial_F1: 0.9875
2025-09-14 23:42:23,442 - INFO - temporal_CdAccuracy: 0.745; temporal_PA: 0.9607; temporal_UA: 0.9398; temporal_F1: 0.9502
2025-09-14 23:42:23,442 - INFO - Confusion Matrix
 [117662.	  2342.	     3.	    22.	     5.]
 [   912.	 87469.	   115.	    21.	   205.]
 [     5.	   208.	  3967.	     0.	     0.]
 [    18.	    36.	     0.	  2218.	     0.]
 [     1.	    83.	     0.	     0.	 16908.]
2025-09-14 23:42:23,443 - INFO - model saved 32 times, last saved epoch: 71.

2025-09-14 23:42:28,213 - INFO - Epoch 73, Train loss: 0.022399593144655228
2025-09-14 23:42:30,135 - INFO - mIoU: 0.9619; OA: 0.9855; AA: 0.9824; F1: 0.9804; Kappa: 0.975;
2025-09-14 23:42:30,136 - INFO - spatial_LccAccuracy: 0.9336; spatial_PA: 0.9863; spatial_UA: 0.994; spatial_F1: 0.9901
2025-09-14 23:42:30,136 - INFO - temporal_CdAccuracy: 0.7584; temporal_PA: 0.9615; temporal_UA: 0.9518; temporal_F1: 0.9567
2025-09-14 23:42:30,136 - INFO - Confusion Matrix
 [118659.	  1354.	     4.	    13.	     4.]
 [  1304.	 87007.	   170.	    44.	   197.]
 [     5.	   179.	  3996.	     0.	     0.]
 [    15.	     4.	     0.	  2253.	     0.]
 [     2.	    83.	     0.	     0.	 16907.]
2025-09-14 23:42:30,195 - INFO - Epoch 73 saved.
2025-09-14 23:42:30,196 - INFO - model saved 33 times, last saved epoch: 73.

2025-09-14 23:42:34,870 - INFO - Epoch 74, Train loss: 0.02192550338804722
2025-09-14 23:42:36,846 - INFO - mIoU: 0.9571; OA: 0.984; AA: 0.9834; F1: 0.9779; Kappa: 0.9724;
2025-09-14 23:42:36,847 - INFO - spatial_LccAccuracy: 0.9183; spatial_PA: 0.9882; spatial_UA: 0.9905; spatial_F1: 0.9894
2025-09-14 23:42:36,847 - INFO - temporal_CdAccuracy: 0.747; temporal_PA: 0.9592; temporal_UA: 0.9441; temporal_F1: 0.9516
2025-09-14 23:42:36,847 - INFO - Confusion Matrix
 [118471.	  1529.	     6.	    19.	     9.]
 [  1362.	 86774.	   300.	    28.	   258.]
 [     7.	   109.	  4064.	     0.	     0.]
 [    27.	    11.	     0.	  2234.	     0.]
 [     1.	    58.	     0.	     0.	 16933.]
2025-09-14 23:42:36,848 - INFO - model saved 33 times, last saved epoch: 73.

2025-09-14 23:42:41,305 - INFO - Epoch 75, Train loss: 0.02181991934776306
2025-09-14 23:42:43,364 - INFO - mIoU: 0.963; OA: 0.9859; AA: 0.9815; F1: 0.981; Kappa: 0.9757;
2025-09-14 23:42:43,365 - INFO - spatial_LccAccuracy: 0.9323; spatial_PA: 0.9908; spatial_UA: 0.9935; spatial_F1: 0.9921
2025-09-14 23:42:43,365 - INFO - temporal_CdAccuracy: 0.7607; temporal_PA: 0.9618; temporal_UA: 0.9547; temporal_F1: 0.9582
2025-09-14 23:42:43,365 - INFO - Confusion Matrix
 [118595.	  1402.	     6.	    19.	    12.]
 [  1196.	 87187.	   173.	    17.	   149.]
 [     4.	   161.	  4015.	     0.	     0.]
 [    10.	    31.	     0.	  2231.	     0.]
 [     0.	   100.	     0.	     0.	 16892.]
2025-09-14 23:42:43,405 - INFO - Epoch 75 saved.
2025-09-14 23:42:43,405 - INFO - model saved 34 times, last saved epoch: 75.

2025-09-14 23:42:48,296 - INFO - Epoch 76, Train loss: 0.021157462149858475
2025-09-14 23:42:50,156 - INFO - mIoU: 0.9604; OA: 0.9847; AA: 0.9765; F1: 0.9797; Kappa: 0.9738;
2025-09-14 23:42:50,156 - INFO - spatial_LccAccuracy: 0.9233; spatial_PA: 0.9885; spatial_UA: 0.9894; spatial_F1: 0.989
2025-09-14 23:42:50,157 - INFO - temporal_CdAccuracy: 0.7543; temporal_PA: 0.9588; temporal_UA: 0.9468; temporal_F1: 0.9528
2025-09-14 23:42:50,157 - INFO - Confusion Matrix
 [118174.	  1836.	     3.	    19.	     2.]
 [  1012.	 87457.	   125.	    11.	   117.]
 [     6.	   206.	  3968.	     0.	     0.]
 [    13.	    53.	     0.	  2206.	     0.]
 [     7.	   132.	     0.	     0.	 16853.]
2025-09-14 23:42:50,158 - INFO - model saved 34 times, last saved epoch: 75.

2025-09-14 23:42:54,945 - INFO - Epoch 77, Train loss: 0.020684201270341873
2025-09-14 23:42:57,173 - INFO - mIoU: 0.9585; OA: 0.9839; AA: 0.9755; F1: 0.9787; Kappa: 0.9724;
2025-09-14 23:42:57,173 - INFO - spatial_LccAccuracy: 0.9225; spatial_PA: 0.989; spatial_UA: 0.989; spatial_F1: 0.989
2025-09-14 23:42:57,173 - INFO - temporal_CdAccuracy: 0.7463; temporal_PA: 0.9638; temporal_UA: 0.9413; temporal_F1: 0.9524
2025-09-14 23:42:57,174 - INFO - Confusion Matrix
 [118317.	  1685.	     3.	     7.	    22.]
 [  1303.	 87100.	    98.	    36.	   185.]
 [     6.	   216.	  3958.	     0.	     0.]
 [    63.	     7.	     0.	  2202.	     0.]
 [     4.	    95.	     0.	     0.	 16893.]
2025-09-14 23:42:57,174 - INFO - model saved 34 times, last saved epoch: 75.

2025-09-14 23:43:02,121 - INFO - Epoch 78, Train loss: 0.020404798910021782
2025-09-14 23:43:04,288 - INFO - mIoU: 0.9601; OA: 0.9859; AA: 0.9845; F1: 0.9795; Kappa: 0.9757;
2025-09-14 23:43:04,288 - INFO - spatial_LccAccuracy: 0.9336; spatial_PA: 0.9883; spatial_UA: 0.9928; spatial_F1: 0.9905
2025-09-14 23:43:04,288 - INFO - temporal_CdAccuracy: 0.7628; temporal_PA: 0.9672; temporal_UA: 0.9528; temporal_F1: 0.96
2025-09-14 23:43:04,289 - INFO - Confusion Matrix
 [118651.	  1328.	     9.	    40.	     6.]
 [  1221.	 87102.	   183.	    63.	   153.]
 [     3.	   157.	  4020.	     0.	     0.]
 [     6.	     2.	     0.	  2264.	     0.]
 [     2.	   101.	     0.	     0.	 16889.]
2025-09-14 23:43:04,289 - INFO - model saved 34 times, last saved epoch: 75.

2025-09-14 23:43:09,214 - INFO - Epoch 79, Train loss: 0.019197480753064156
2025-09-14 23:43:11,577 - INFO - mIoU: 0.9589; OA: 0.9852; AA: 0.9753; F1: 0.9788; Kappa: 0.9744;
2025-09-14 23:43:11,577 - INFO - spatial_LccAccuracy: 0.9292; spatial_PA: 0.9892; spatial_UA: 0.9919; spatial_F1: 0.9905
2025-09-14 23:43:11,577 - INFO - temporal_CdAccuracy: 0.7607; temporal_PA: 0.9628; temporal_UA: 0.9499; temporal_F1: 0.9563
2025-09-14 23:43:11,578 - INFO - Confusion Matrix
 [118473.	  1544.	     4.	    11.	     2.]
 [  1168.	 87300.	   160.	    13.	    81.]
 [     6.	   225.	  3949.	     0.	     0.]
 [    21.	    46.	     0.	  2205.	     0.]
 [    22.	   144.	     0.	     0.	 16826.]
2025-09-14 23:43:11,578 - INFO - model saved 34 times, last saved epoch: 75.

2025-09-14 23:43:16,437 - INFO - Epoch 80, Train loss: 0.019638825207948685
2025-09-14 23:43:18,555 - INFO - mIoU: 0.9636; OA: 0.9855; AA: 0.9843; F1: 0.9814; Kappa: 0.9751;
2025-09-14 23:43:18,556 - INFO - spatial_LccAccuracy: 0.931; spatial_PA: 0.99; spatial_UA: 0.9927; spatial_F1: 0.9913
2025-09-14 23:43:18,556 - INFO - temporal_CdAccuracy: 0.7587; temporal_PA: 0.9644; temporal_UA: 0.9518; temporal_F1: 0.958
2025-09-14 23:43:18,556 - INFO - Confusion Matrix
 [118486.	  1511.	     3.	    27.	     7.]
 [  1198.	 87156.	   148.	    44.	   176.]
 [     3.	   159.	  4018.	     0.	     0.]
 [     9.	     2.	     0.	  2261.	     0.]
 [     0.	    78.	     0.	     0.	 16914.]
2025-09-14 23:43:18,597 - INFO - Epoch 80 saved.
2025-09-14 23:43:18,598 - INFO - model saved 35 times, last saved epoch: 80.

2025-09-14 23:43:23,073 - INFO - Epoch 81, Train loss: 0.01864730380475521
2025-09-14 23:43:25,274 - INFO - mIoU: 0.9634; OA: 0.9858; AA: 0.9829; F1: 0.9812; Kappa: 0.9755;
2025-09-14 23:43:25,274 - INFO - spatial_LccAccuracy: 0.9346; spatial_PA: 0.9895; spatial_UA: 0.9932; spatial_F1: 0.9913
2025-09-14 23:43:25,275 - INFO - temporal_CdAccuracy: 0.7607; temporal_PA: 0.9649; temporal_UA: 0.9536; temporal_F1: 0.9592
2025-09-14 23:43:25,276 - INFO - Confusion Matrix
 [119110.	   897.	     5.	    17.	     5.]
 [  1704.	 86628.	   166.	    34.	   190.]
 [     6.	   159.	  4015.	     0.	     0.]
 [    15.	     5.	     0.	  2252.	     0.]
 [    13.	    88.	     0.	     0.	 16891.]
2025-09-14 23:43:25,277 - INFO - model saved 35 times, last saved epoch: 80.

2025-09-14 23:43:30,050 - INFO - Epoch 82, Train loss: 0.018581055104732513
2025-09-14 23:43:32,242 - INFO - mIoU: 0.9577; OA: 0.9852; AA: 0.9854; F1: 0.9782; Kappa: 0.9745;
2025-09-14 23:43:32,242 - INFO - spatial_LccAccuracy: 0.9297; spatial_PA: 0.9869; spatial_UA: 0.9919; spatial_F1: 0.9893
2025-09-14 23:43:32,242 - INFO - temporal_CdAccuracy: 0.7625; temporal_PA: 0.9611; temporal_UA: 0.9512; temporal_F1: 0.9561
2025-09-14 23:43:32,243 - INFO - Confusion Matrix
 [118615.	  1322.	    11.	    64.	    22.]
 [  1369.	 86923.	   222.	    55.	   153.]
 [     4.	   127.	  4049.	     0.	     0.]
 [     8.	     3.	     0.	  2261.	     0.]
 [     0.	    81.	     0.	     0.	 16911.]
2025-09-14 23:43:32,243 - INFO - model saved 35 times, last saved epoch: 80.

2025-09-14 23:43:37,371 - INFO - Epoch 83, Train loss: 0.018823664635419846
2025-09-14 23:43:39,604 - INFO - mIoU: 0.9642; OA: 0.9855; AA: 0.9829; F1: 0.9817; Kappa: 0.9751;
2025-09-14 23:43:39,604 - INFO - spatial_LccAccuracy: 0.9279; spatial_PA: 0.9864; spatial_UA: 0.9923; spatial_F1: 0.9893
2025-09-14 23:43:39,604 - INFO - temporal_CdAccuracy: 0.7535; temporal_PA: 0.962; temporal_UA: 0.9469; temporal_F1: 0.9544
2025-09-14 23:43:39,605 - INFO - Confusion Matrix
 [119031.	   976.	     5.	    13.	     9.]
 [  1718.	 86639.	   147.	    37.	   181.]
 [     5.	   163.	  4012.	     0.	     0.]
 [    14.	     5.	     0.	  2253.	     0.]
 [     1.	    87.	     0.	     0.	 16904.]
2025-09-14 23:43:39,646 - INFO - Epoch 83 saved.
2025-09-14 23:43:39,646 - INFO - model saved 36 times, last saved epoch: 83.

2025-09-14 23:43:44,637 - INFO - Epoch 84, Train loss: 0.01884853094816208
2025-09-14 23:43:46,826 - INFO - mIoU: 0.9629; OA: 0.986; AA: 0.9833; F1: 0.981; Kappa: 0.976;
2025-09-14 23:43:46,826 - INFO - spatial_LccAccuracy: 0.9362; spatial_PA: 0.9887; spatial_UA: 0.9924; spatial_F1: 0.9905
2025-09-14 23:43:46,826 - INFO - temporal_CdAccuracy: 0.7587; temporal_PA: 0.9644; temporal_UA: 0.9526; temporal_F1: 0.9585
2025-09-14 23:43:46,827 - INFO - Confusion Matrix
 [118721.	  1268.	     6.	    34.	     5.]
 [  1320.	 87099.	   160.	    40.	   103.]
 [     4.	   169.	  4007.	     0.	     0.]
 [    10.	     3.	     0.	  2259.	     0.]
 [     3.	   117.	     0.	     0.	 16872.]
2025-09-14 23:43:46,828 - INFO - model saved 36 times, last saved epoch: 83.

2025-09-14 23:43:51,657 - INFO - Epoch 85, Train loss: 0.017794769257307053
2025-09-14 23:43:53,844 - INFO - mIoU: 0.9633; OA: 0.9861; AA: 0.9778; F1: 0.9812; Kappa: 0.976;
2025-09-14 23:43:53,844 - INFO - spatial_LccAccuracy: 0.9307; spatial_PA: 0.9906; spatial_UA: 0.9906; spatial_F1: 0.9906
2025-09-14 23:43:53,845 - INFO - temporal_CdAccuracy: 0.7677; temporal_PA: 0.9604; temporal_UA: 0.9579; temporal_F1: 0.9592
2025-09-14 23:43:53,846 - INFO - Confusion Matrix
 [118755.	  1256.	     3.	    16.	     4.]
 [  1309.	 87180.	    89.	    22.	   122.]
 [     7.	   250.	  3923.	     0.	     0.]
 [    17.	    15.	     0.	  2240.	     0.]
 [     5.	   121.	     0.	     0.	 16866.]
2025-09-14 23:43:53,847 - INFO - model saved 36 times, last saved epoch: 83.

2025-09-14 23:43:58,541 - INFO - Epoch 86, Train loss: 0.016903813928365707
2025-09-14 23:44:00,690 - INFO - mIoU: 0.9589; OA: 0.9844; AA: 0.9745; F1: 0.9788; Kappa: 0.9732;
2025-09-14 23:44:00,690 - INFO - spatial_LccAccuracy: 0.9276; spatial_PA: 0.9866; spatial_UA: 0.9929; spatial_F1: 0.9897
2025-09-14 23:44:00,690 - INFO - temporal_CdAccuracy: 0.7525; temporal_PA: 0.9583; temporal_UA: 0.9427; temporal_F1: 0.9504
2025-09-14 23:44:00,691 - INFO - Confusion Matrix
 [119176.	   827.	     0.	    21.	    10.]
 [  2047.	 86409.	    53.	    40.	   173.]
 [    17.	   298.	  3865.	     0.	     0.]
 [    25.	     5.	     0.	  2242.	     0.]
 [     6.	    91.	     0.	     0.	 16895.]
2025-09-14 23:44:00,691 - INFO - model saved 36 times, last saved epoch: 83.

2025-09-14 23:44:05,340 - INFO - Epoch 87, Train loss: 0.017867449671030045
2025-09-14 23:44:07,616 - INFO - mIoU: 0.962; OA: 0.9839; AA: 0.979; F1: 0.9805; Kappa: 0.9724;
2025-09-14 23:44:07,616 - INFO - spatial_LccAccuracy: 0.9271; spatial_PA: 0.9915; spatial_UA: 0.9897; spatial_F1: 0.9906
2025-09-14 23:44:07,616 - INFO - temporal_CdAccuracy: 0.7568; temporal_PA: 0.9592; temporal_UA: 0.9474; temporal_F1: 0.9533
2025-09-14 23:44:07,616 - INFO - Confusion Matrix
 [117921.	  2088.	     3.	    21.	     1.]
 [   990.	 87511.	   116.	    24.	    81.]
 [     6.	   191.	  3983.	     0.	     0.]
 [    18.	    20.	     0.	  2234.	     0.]
 [    13.	   157.	     0.	     0.	 16822.]
2025-09-14 23:44:07,617 - INFO - model saved 36 times, last saved epoch: 83.

2025-09-14 23:44:12,730 - INFO - Epoch 88, Train loss: 0.016498390585184097
2025-09-14 23:44:15,188 - INFO - mIoU: 0.9629; OA: 0.9858; AA: 0.9768; F1: 0.9809; Kappa: 0.9755;
2025-09-14 23:44:15,188 - INFO - spatial_LccAccuracy: 0.9328; spatial_PA: 0.9887; spatial_UA: 0.9924; spatial_F1: 0.9905
2025-09-14 23:44:15,188 - INFO - temporal_CdAccuracy: 0.7566; temporal_PA: 0.9645; temporal_UA: 0.9486; temporal_F1: 0.9565
2025-09-14 23:44:15,188 - INFO - Confusion Matrix
 [118906.	  1106.	     2.	    18.	     2.]
 [  1509.	 86982.	    50.	    30.	   151.]
 [     5.	   304.	  3871.	     0.	     0.]
 [    11.	     3.	     0.	  2258.	     0.]
 [     9.	   105.	     0.	     0.	 16878.]
2025-09-14 23:44:15,189 - INFO - model saved 36 times, last saved epoch: 83.

