2025-10-19 01:53:01,722 - INFO - Epoch 0, Train loss: 1.9748168875773748
2025-10-19 01:53:02,651 - INFO - mIoU: 0.1041; OA: 0.5104; AA: 0.2019; F1: 0.3492; Kappa: 0.009;
2025-10-19 01:53:02,652 - INFO - spatial_LccAccuracy: 0.0333; spatial_PA: 0.4922; spatial_UA: 0.4795; spatial_F1: 0.4858
2025-10-19 01:53:02,652 - INFO - temporal_CdAccuracy: 0.2101; temporal_PA: 0.5048; temporal_UA: 0.5311; temporal_F1: 0.5176
2025-10-19 01:53:02,653 - INFO - Confusion Matrix
 [77546.	  145.	    0.	   77.	    0.]
 [58286.	  733.	    0.	   44.	    0.]
 [ 2546.	    3.	    0.	    0.	    0.]
 [ 1498.	    0.	    0.	    0.	    0.]
 [12482.	    0.	    0.	    0.	    0.]
2025-10-19 01:53:02,976 - INFO - Epoch 0 saved.
2025-10-19 01:53:02,977 - INFO - model saved 1 times, last saved epoch: 0.

2025-10-19 01:53:06,115 - INFO - Epoch 1, Train loss: 1.7682110240062079
2025-10-19 01:53:07,106 - INFO - mIoU: 0.1046; OA: 0.5119; AA: 0.2026; F1: 0.3511; Kappa: 0.0112;
2025-10-19 01:53:07,106 - INFO - spatial_LccAccuracy: 0.0333; spatial_PA: 0.449; spatial_UA: 0.2999; spatial_F1: 0.3596
2025-10-19 01:53:07,106 - INFO - temporal_CdAccuracy: 0.2011; temporal_PA: 0.5011; temporal_UA: 0.5077; temporal_F1: 0.5044
2025-10-19 01:53:07,107 - INFO - Confusion Matrix
 [77688.	   80.	    0.	    0.	    0.]
 [58245.	  818.	    0.	    0.	    0.]
 [ 2549.	    0.	    0.	    0.	    0.]
 [ 1498.	    0.	    0.	    0.	    0.]
 [12482.	    0.	    0.	    0.	    0.]
2025-10-19 01:53:07,149 - INFO - Epoch 1 saved.
2025-10-19 01:53:07,149 - INFO - model saved 2 times, last saved epoch: 1.

2025-10-19 01:53:10,293 - INFO - Epoch 2, Train loss: 1.6157829920450846
2025-10-19 01:53:11,234 - INFO - mIoU: 0.1221; OA: 0.5388; AA: 0.2168; F1: 0.424; Kappa: 0.0728;
2025-10-19 01:53:11,235 - INFO - spatial_LccAccuracy: 0.0415; spatial_PA: 0.4339; spatial_UA: 0.3686; spatial_F1: 0.3986
2025-10-19 01:53:11,235 - INFO - temporal_CdAccuracy: 0.1823; temporal_PA: 0.504; temporal_UA: 0.5087; temporal_F1: 0.5063
2025-10-19 01:53:11,236 - INFO - Confusion Matrix
 [77413.	  355.	    0.	    0.	    0.]
 [53842.	 5221.	    0.	    0.	    0.]
 [ 2476.	   73.	    0.	    0.	    0.]
 [ 1498.	    0.	    0.	    0.	    0.]
 [12482.	    0.	    0.	    0.	    0.]
2025-10-19 01:53:11,278 - INFO - Epoch 2 saved.
2025-10-19 01:53:11,279 - INFO - model saved 3 times, last saved epoch: 2.

2025-10-19 01:53:14,421 - INFO - Epoch 3, Train loss: 1.4551777640978496
2025-10-19 01:53:15,389 - INFO - mIoU: 0.1835; OA: 0.6235; AA: 0.2651; F1: 0.6225; Kappa: 0.2714;
2025-10-19 01:53:15,390 - INFO - spatial_LccAccuracy: 0.1021; spatial_PA: 0.6252; spatial_UA: 0.6149; spatial_F1: 0.62
2025-10-19 01:53:15,390 - INFO - temporal_CdAccuracy: 0.214; temporal_PA: 0.5437; temporal_UA: 0.5384; temporal_F1: 0.541
2025-10-19 01:53:15,391 - INFO - Confusion Matrix
 [72115.	 5653.	    0.	    0.	    0.]
 [35558.	23505.	    0.	    0.	    0.]
 [ 1782.	  767.	    0.	    0.	    0.]
 [ 1498.	    0.	    0.	    0.	    0.]
 [12475.	    7.	    0.	    0.	    0.]
2025-10-19 01:53:15,438 - INFO - Epoch 3 saved.
2025-10-19 01:53:15,439 - INFO - model saved 4 times, last saved epoch: 3.

2025-10-19 01:53:18,573 - INFO - Epoch 4, Train loss: 1.3056912571191788
2025-10-19 01:53:19,543 - INFO - mIoU: 0.2257; OA: 0.6864; AA: 0.3026; F1: 0.7212; Kappa: 0.4134;
2025-10-19 01:53:19,543 - INFO - spatial_LccAccuracy: 0.1483; spatial_PA: 0.659; spatial_UA: 0.6158; spatial_F1: 0.6367
2025-10-19 01:53:19,543 - INFO - temporal_CdAccuracy: 0.2097; temporal_PA: 0.6031; temporal_UA: 0.5718; temporal_F1: 0.5871
2025-10-19 01:53:19,544 - INFO - Confusion Matrix
 [66115.	11653.	    0.	    0.	    0.]
 [19907.	39156.	    0.	    0.	    0.]
 [ 1095.	 1454.	    0.	    0.	    0.]
 [ 1494.	    4.	    0.	    0.	    0.]
 [12382.	  100.	    0.	    0.	    0.]
2025-10-19 01:53:19,585 - INFO - Epoch 4 saved.
2025-10-19 01:53:19,586 - INFO - model saved 5 times, last saved epoch: 4.

2025-10-19 01:53:22,695 - INFO - Epoch 5, Train loss: 1.159761992096901
2025-10-19 01:53:23,613 - INFO - mIoU: 0.2578; OA: 0.7406; AA: 0.3317; F1: 0.7838; Kappa: 0.5229;
2025-10-19 01:53:23,613 - INFO - spatial_LccAccuracy: 0.1858; spatial_PA: 0.7847; spatial_UA: 0.7; spatial_F1: 0.7399
2025-10-19 01:53:23,614 - INFO - temporal_CdAccuracy: 0.2656; temporal_PA: 0.6646; temporal_UA: 0.6002; temporal_F1: 0.6307
2025-10-19 01:53:23,614 - INFO - Confusion Matrix
 [64976.	12792.	    0.	    0.	    0.]
 [10463.	48600.	    0.	    0.	    0.]
 [  198.	 2351.	    0.	    0.	    0.]
 [ 1490.	    8.	    0.	    0.	    0.]
 [12331.	  151.	    0.	    0.	    0.]
2025-10-19 01:53:23,688 - INFO - Epoch 5 saved.
2025-10-19 01:53:23,688 - INFO - model saved 6 times, last saved epoch: 5.

2025-10-19 01:53:26,899 - INFO - Epoch 6, Train loss: 0.9991083810726802
2025-10-19 01:53:27,813 - INFO - mIoU: 0.4809; OA: 0.8513; AA: 0.5318; F1: 0.8874; Kappa: 0.7418;
2025-10-19 01:53:27,813 - INFO - spatial_LccAccuracy: 0.3282; spatial_PA: 0.8809; spatial_UA: 0.7867; spatial_F1: 0.8311
2025-10-19 01:53:27,813 - INFO - temporal_CdAccuracy: 0.3063; temporal_PA: 0.7143; temporal_UA: 0.618; temporal_F1: 0.6626
2025-10-19 01:53:27,814 - INFO - Confusion Matrix
 [67638.	10130.	    0.	    0.	    0.]
 [ 7597.	51466.	    0.	    0.	    0.]
 [   35.	 2514.	    0.	    0.	    0.]
 [ 1489.	    9.	    0.	    0.	    0.]
 [  899.	  128.	    0.	    0.	11455.]
2025-10-19 01:53:27,860 - INFO - Epoch 6 saved.
2025-10-19 01:53:27,861 - INFO - model saved 7 times, last saved epoch: 6.

2025-10-19 01:53:31,007 - INFO - Epoch 7, Train loss: 0.8516405527790387
2025-10-19 01:53:31,960 - INFO - mIoU: 0.4961; OA: 0.8707; AA: 0.5423; F1: 0.9034; Kappa: 0.7753;
2025-10-19 01:53:31,960 - INFO - spatial_LccAccuracy: 0.3717; spatial_PA: 0.9028; spatial_UA: 0.8237; spatial_F1: 0.8614
2025-10-19 01:53:31,960 - INFO - temporal_CdAccuracy: 0.329; temporal_PA: 0.736; temporal_UA: 0.6294; temporal_F1: 0.6785
2025-10-19 01:53:31,961 - INFO - Confusion Matrix
 [69393.	 8375.	    0.	    0.	    0.]
 [ 6533.	52528.	    0.	    0.	    2.]
 [   25.	 2524.	    0.	    0.	    0.]
 [ 1487.	   11.	    0.	    0.	    0.]
 [  764.	  113.	    0.	    0.	11605.]
2025-10-19 01:53:32,007 - INFO - Epoch 7 saved.
2025-10-19 01:53:32,008 - INFO - model saved 8 times, last saved epoch: 7.

2025-10-19 01:53:35,185 - INFO - Epoch 8, Train loss: 0.7782316982746125
2025-10-19 01:53:36,096 - INFO - mIoU: 0.5067; OA: 0.885; AA: 0.55; F1: 0.9145; Kappa: 0.8007;
2025-10-19 01:53:36,096 - INFO - spatial_LccAccuracy: 0.4237; spatial_PA: 0.9241; spatial_UA: 0.8758; spatial_F1: 0.8993
2025-10-19 01:53:36,096 - INFO - temporal_CdAccuracy: 0.3517; temporal_PA: 0.7661; temporal_UA: 0.6472; temporal_F1: 0.7016
2025-10-19 01:53:36,097 - INFO - Confusion Matrix
 [69630.	 8131.	    0.	    0.	    7.]
 [ 4604.	54449.	    0.	    0.	   10.]
 [   19.	 2530.	    0.	    0.	    0.]
 [ 1473.	   25.	    0.	    0.	    0.]
 [  703.	  139.	    0.	    0.	11640.]
2025-10-19 01:53:36,143 - INFO - Epoch 8 saved.
2025-10-19 01:53:36,144 - INFO - model saved 9 times, last saved epoch: 8.

2025-10-19 01:53:39,310 - INFO - Epoch 9, Train loss: 0.7492921064297359
2025-10-19 01:53:40,312 - INFO - mIoU: 0.531; OA: 0.8923; AA: 0.5717; F1: 0.7343; Kappa: 0.8131;
2025-10-19 01:53:40,312 - INFO - spatial_LccAccuracy: 0.4413; spatial_PA: 0.9121; spatial_UA: 0.8717; spatial_F1: 0.8915
2025-10-19 01:53:40,312 - INFO - temporal_CdAccuracy: 0.3455; temporal_PA: 0.7677; temporal_UA: 0.6555; temporal_F1: 0.7071
2025-10-19 01:53:40,313 - INFO - Confusion Matrix
 [71183.	 6573.	    0.	    0.	   12.]
 [ 5254.	53769.	   24.	    0.	   16.]
 [   56.	 2238.	  255.	    0.	    0.]
 [ 1472.	   26.	    0.	    0.	    0.]
 [  718.	  124.	    0.	    0.	11640.]
2025-10-19 01:53:41,043 - INFO - Epoch 9 saved.
2025-10-19 01:53:41,044 - INFO - model saved 10 times, last saved epoch: 9.

2025-10-19 01:53:44,204 - INFO - Epoch 10, Train loss: 0.719411791364352
2025-10-19 01:53:45,204 - INFO - mIoU: 0.576; OA: 0.9009; AA: 0.6149; F1: 0.8082; Kappa: 0.8282;
2025-10-19 01:53:45,204 - INFO - spatial_LccAccuracy: 0.4585; spatial_PA: 0.9101; spatial_UA: 0.8716; spatial_F1: 0.8904
2025-10-19 01:53:45,205 - INFO - temporal_CdAccuracy: 0.3517; temporal_PA: 0.7754; temporal_UA: 0.6625; temporal_F1: 0.7145
2025-10-19 01:53:45,206 - INFO - Confusion Matrix
 [71918.	 5838.	    0.	    0.	   12.]
 [ 5165.	53824.	   58.	    0.	   16.]
 [   60.	 1709.	  780.	    0.	    0.]
 [ 1460.	   38.	    0.	    0.	    0.]
 [  704.	  138.	    0.	    0.	11640.]
2025-10-19 01:53:45,248 - INFO - Epoch 10 saved.
2025-10-19 01:53:45,249 - INFO - model saved 11 times, last saved epoch: 10.

2025-10-19 01:53:48,472 - INFO - Epoch 11, Train loss: 0.7017014836271603
2025-10-19 01:53:49,502 - INFO - mIoU: 0.6109; OA: 0.9107; AA: 0.6481; F1: 0.851; Kappa: 0.8455;
2025-10-19 01:53:49,502 - INFO - spatial_LccAccuracy: 0.5; spatial_PA: 0.9262; spatial_UA: 0.879; spatial_F1: 0.902
2025-10-19 01:53:49,503 - INFO - temporal_CdAccuracy: 0.3889; temporal_PA: 0.7887; temporal_UA: 0.6791; temporal_F1: 0.7298
2025-10-19 01:53:49,503 - INFO - Confusion Matrix
 [72281.	 5469.	    1.	    0.	   17.]
 [ 4393.	54580.	   71.	    0.	   19.]
 [   50.	 1341.	 1158.	    0.	    0.]
 [ 1423.	   75.	    0.	    0.	    0.]
 [  675.	  167.	    0.	    0.	11640.]
2025-10-19 01:53:49,543 - INFO - Epoch 11 saved.
2025-10-19 01:53:49,544 - INFO - model saved 12 times, last saved epoch: 11.

2025-10-19 01:53:52,719 - INFO - Epoch 12, Train loss: 0.6799598763386409
2025-10-19 01:53:53,680 - INFO - mIoU: 0.6458; OA: 0.919; AA: 0.6821; F1: 0.8872; Kappa: 0.8599;
2025-10-19 01:53:53,680 - INFO - spatial_LccAccuracy: 0.5438; spatial_PA: 0.9284; spatial_UA: 0.881; spatial_F1: 0.9041
2025-10-19 01:53:53,680 - INFO - temporal_CdAccuracy: 0.4163; temporal_PA: 0.7888; temporal_UA: 0.6892; temporal_F1: 0.7356
2025-10-19 01:53:53,681 - INFO - Confusion Matrix
 [73234.	 4507.	    5.	    0.	   22.]
 [ 4450.	54494.	   96.	    0.	   23.]
 [   30.	  955.	 1564.	    0.	    0.]
 [ 1385.	  113.	    0.	    0.	    0.]
 [  652.	  190.	    0.	    0.	11640.]
2025-10-19 01:53:53,727 - INFO - Epoch 12 saved.
2025-10-19 01:53:53,728 - INFO - model saved 13 times, last saved epoch: 12.

2025-10-19 01:53:56,924 - INFO - Epoch 13, Train loss: 0.6602109784881274
2025-10-19 01:53:57,913 - INFO - mIoU: 0.6803; OA: 0.9256; AA: 0.7156; F1: 0.7443; Kappa: 0.8714;
2025-10-19 01:53:57,913 - INFO - spatial_LccAccuracy: 0.581; spatial_PA: 0.9261; spatial_UA: 0.8803; spatial_F1: 0.9026
2025-10-19 01:53:57,913 - INFO - temporal_CdAccuracy: 0.4351; temporal_PA: 0.7817; temporal_UA: 0.7026; temporal_F1: 0.74
2025-10-19 01:53:57,913 - INFO - Confusion Matrix
 [74352.	 3387.	   10.	    0.	   19.]
 [ 4901.	54031.	  109.	    0.	   22.]
 [   27.	  651.	 1871.	    0.	    0.]
 [ 1280.	  157.	    0.	   61.	    0.]
 [  645.	  197.	    0.	    0.	11640.]
2025-10-19 01:53:57,954 - INFO - Epoch 13 saved.
2025-10-19 01:53:57,955 - INFO - model saved 14 times, last saved epoch: 13.

2025-10-19 01:54:01,066 - INFO - Epoch 14, Train loss: 0.6419170791904132
2025-10-19 01:54:02,023 - INFO - mIoU: 0.7612; OA: 0.9369; AA: 0.7949; F1: 0.8431; Kappa: 0.8915;
2025-10-19 01:54:02,023 - INFO - spatial_LccAccuracy: 0.6322; spatial_PA: 0.9349; spatial_UA: 0.8896; spatial_F1: 0.9117
2025-10-19 01:54:02,023 - INFO - temporal_CdAccuracy: 0.491; temporal_PA: 0.8077; temporal_UA: 0.7291; temporal_F1: 0.7664
2025-10-19 01:54:02,024 - INFO - Confusion Matrix
 [74053.	 3685.	   18.	    0.	   12.]
 [ 3518.	55403.	  115.	    6.	   21.]
 [   12.	  462.	 2075.	    0.	    0.]
 [  785.	  207.	    0.	  506.	    0.]
 [  575.	  266.	    0.	    0.	11641.]
2025-10-19 01:54:02,067 - INFO - Epoch 14 saved.
2025-10-19 01:54:02,067 - INFO - model saved 15 times, last saved epoch: 14.

2025-10-19 01:54:05,405 - INFO - Epoch 15, Train loss: 0.6236951256791751
2025-10-19 01:54:06,371 - INFO - mIoU: 0.7648; OA: 0.9417; AA: 0.7954; F1: 0.8436; Kappa: 0.8997;
2025-10-19 01:54:06,371 - INFO - spatial_LccAccuracy: 0.6596; spatial_PA: 0.9361; spatial_UA: 0.8893; spatial_F1: 0.9121
2025-10-19 01:54:06,371 - INFO - temporal_CdAccuracy: 0.5149; temporal_PA: 0.8041; temporal_UA: 0.7469; temporal_F1: 0.7744
2025-10-19 01:54:06,372 - INFO - Confusion Matrix
 [74637.	 3102.	   20.	    0.	    9.]
 [ 3394.	55560.	   95.	    0.	   14.]
 [    8.	  446.	 2095.	    0.	    0.]
 [  762.	  254.	    0.	  482.	    0.]
 [  563.	  273.	    0.	    0.	11646.]
2025-10-19 01:54:06,415 - INFO - Epoch 15 saved.
2025-10-19 01:54:06,415 - INFO - model saved 16 times, last saved epoch: 15.

2025-10-19 01:54:09,572 - INFO - Epoch 16, Train loss: 0.6081253712375959
2025-10-19 01:54:10,533 - INFO - mIoU: 0.7969; OA: 0.9446; AA: 0.828; F1: 0.8742; Kappa: 0.905;
2025-10-19 01:54:10,534 - INFO - spatial_LccAccuracy: 0.6694; spatial_PA: 0.937; spatial_UA: 0.893; spatial_F1: 0.9145
2025-10-19 01:54:10,534 - INFO - temporal_CdAccuracy: 0.5415; temporal_PA: 0.8156; temporal_UA: 0.7623; temporal_F1: 0.788
2025-10-19 01:54:10,535 - INFO - Confusion Matrix
 [74224.	 3463.	   18.	   14.	   49.]
 [ 2810.	56132.	   70.	   22.	   29.]
 [    6.	  404.	 2139.	    0.	    0.]
 [  590.	  218.	    0.	  690.	    0.]
 [  509.	  294.	    0.	    0.	11679.]
2025-10-19 01:54:10,576 - INFO - Epoch 16 saved.
2025-10-19 01:54:10,577 - INFO - model saved 17 times, last saved epoch: 16.

2025-10-19 01:54:13,795 - INFO - Epoch 17, Train loss: 0.5953864338497321
2025-10-19 01:54:14,793 - INFO - mIoU: 0.8086; OA: 0.947; AA: 0.8451; F1: 0.8831; Kappa: 0.9095;
2025-10-19 01:54:14,793 - INFO - spatial_LccAccuracy: 0.6784; spatial_PA: 0.9381; spatial_UA: 0.8989; spatial_F1: 0.9181
2025-10-19 01:54:14,794 - INFO - temporal_CdAccuracy: 0.5649; temporal_PA: 0.8287; temporal_UA: 0.7695; temporal_F1: 0.798
2025-10-19 01:54:14,794 - INFO - Confusion Matrix
 [73883.	 3707.	   29.	   18.	  131.]
 [ 2265.	56606.	  101.	   48.	   43.]
 [    5.	  316.	 2228.	    0.	    0.]
 [  527.	  222.	    0.	  749.	    0.]
 [  428.	  281.	    0.	    0.	11773.]
2025-10-19 01:54:14,837 - INFO - Epoch 17 saved.
2025-10-19 01:54:14,838 - INFO - model saved 18 times, last saved epoch: 17.

2025-10-19 01:54:17,988 - INFO - Epoch 18, Train loss: 0.5823877041538557
2025-10-19 01:54:18,973 - INFO - mIoU: 0.8214; OA: 0.9517; AA: 0.8572; F1: 0.8919; Kappa: 0.9171;
2025-10-19 01:54:18,974 - INFO - spatial_LccAccuracy: 0.7199; spatial_PA: 0.9373; spatial_UA: 0.8936; spatial_F1: 0.9149
2025-10-19 01:54:18,974 - INFO - temporal_CdAccuracy: 0.5677; temporal_PA: 0.8162; temporal_UA: 0.7979; temporal_F1: 0.8069
2025-10-19 01:54:18,975 - INFO - Confusion Matrix
 [75970.	 1724.	   28.	    5.	   41.]
 [ 3684.	55152.	  159.	   58.	   10.]
 [    7.	  218.	 2324.	    0.	    0.]
 [  600.	  113.	    0.	  785.	    0.]
 [  527.	  227.	    0.	    0.	11728.]
2025-10-19 01:54:19,016 - INFO - Epoch 18 saved.
2025-10-19 01:54:19,017 - INFO - model saved 19 times, last saved epoch: 18.

2025-10-19 01:54:22,153 - INFO - Epoch 19, Train loss: 0.5680108157296976
2025-10-19 01:54:23,123 - INFO - mIoU: 0.8402; OA: 0.9552; AA: 0.8829; F1: 0.9068; Kappa: 0.9235;
2025-10-19 01:54:23,123 - INFO - spatial_LccAccuracy: 0.7234; spatial_PA: 0.944; spatial_UA: 0.9367; spatial_F1: 0.9403
2025-10-19 01:54:23,123 - INFO - temporal_CdAccuracy: 0.6158; temporal_PA: 0.8507; temporal_UA: 0.8022; temporal_F1: 0.8257
2025-10-19 01:54:23,124 - INFO - Confusion Matrix
 [74664.	 2842.	   26.	   57.	  179.]
 [ 2145.	56652.	   95.	  119.	   52.]
 [    3.	  276.	 2270.	    0.	    0.]
 [  370.	  156.	    0.	  972.	    0.]
 [  303.	  249.	    0.	    0.	11930.]
2025-10-19 01:54:23,167 - INFO - Epoch 19 saved.
2025-10-19 01:54:23,168 - INFO - model saved 20 times, last saved epoch: 19.

2025-10-19 01:54:26,346 - INFO - Epoch 20, Train loss: 0.5530162577827772
2025-10-19 01:54:27,321 - INFO - mIoU: 0.8448; OA: 0.9575; AA: 0.8779; F1: 0.9095; Kappa: 0.9272;
2025-10-19 01:54:27,321 - INFO - spatial_LccAccuracy: 0.7523; spatial_PA: 0.956; spatial_UA: 0.9326; spatial_F1: 0.9442
2025-10-19 01:54:27,321 - INFO - temporal_CdAccuracy: 0.6338; temporal_PA: 0.8459; temporal_UA: 0.8254; temporal_F1: 0.8355
2025-10-19 01:54:27,322 - INFO - Confusion Matrix
 [75576.	 2099.	   21.	    5.	   67.]
 [ 2657.	56204.	   84.	   98.	   20.]
 [    6.	  268.	 2275.	    0.	    0.]
 [  432.	  131.	    0.	  935.	    0.]
 [  418.	  211.	    0.	    0.	11853.]
2025-10-19 01:54:27,365 - INFO - Epoch 20 saved.
2025-10-19 01:54:27,365 - INFO - model saved 21 times, last saved epoch: 20.

2025-10-19 01:54:30,623 - INFO - Epoch 21, Train loss: 0.5352640454967816
2025-10-19 01:54:31,555 - INFO - mIoU: 0.8722; OA: 0.9602; AA: 0.918; F1: 0.9292; Kappa: 0.9321;
2025-10-19 01:54:31,555 - INFO - spatial_LccAccuracy: 0.7727; spatial_PA: 0.9532; spatial_UA: 0.9714; spatial_F1: 0.9622
2025-10-19 01:54:31,555 - INFO - temporal_CdAccuracy: 0.6592; temporal_PA: 0.8691; temporal_UA: 0.8292; temporal_F1: 0.8487
2025-10-19 01:54:31,557 - INFO - Confusion Matrix
 [75215.	 2405.	   21.	   56.	   71.]
 [ 2124.	56658.	   93.	  168.	   20.]
 [    5.	  238.	 2306.	    0.	    0.]
 [  209.	   79.	    0.	 1210.	    0.]
 [  396.	  214.	    0.	    0.	11872.]
2025-10-19 01:54:31,623 - INFO - Epoch 21 saved.
2025-10-19 01:54:31,623 - INFO - model saved 22 times, last saved epoch: 21.

2025-10-19 01:54:34,830 - INFO - Epoch 22, Train loss: 0.5232358279327551
2025-10-19 01:54:35,802 - INFO - mIoU: 0.8802; OA: 0.9626; AA: 0.9263; F1: 0.934; Kappa: 0.9361;
2025-10-19 01:54:35,802 - INFO - spatial_LccAccuracy: 0.802; spatial_PA: 0.9586; spatial_UA: 0.9739; spatial_F1: 0.9662
2025-10-19 01:54:35,802 - INFO - temporal_CdAccuracy: 0.6757; temporal_PA: 0.8707; temporal_UA: 0.8465; temporal_F1: 0.8584
2025-10-19 01:54:35,803 - INFO - Confusion Matrix
 [76047.	 1598.	   24.	   39.	   60.]
 [ 2691.	56048.	  107.	  185.	   32.]
 [   11.	  191.	 2347.	    0.	    0.]
 [  203.	   56.	    0.	 1239.	    0.]
 [  352.	  185.	    0.	    0.	11945.]
2025-10-19 01:54:35,845 - INFO - Epoch 22 saved.
2025-10-19 01:54:35,846 - INFO - model saved 23 times, last saved epoch: 22.

2025-10-19 01:54:39,017 - INFO - Epoch 23, Train loss: 0.5144464030861855
2025-10-19 01:54:39,992 - INFO - mIoU: 0.8653; OA: 0.9581; AA: 0.9047; F1: 0.9242; Kappa: 0.9281;
2025-10-19 01:54:39,992 - INFO - spatial_LccAccuracy: 0.7872; spatial_PA: 0.9525; spatial_UA: 0.9439; spatial_F1: 0.9482
2025-10-19 01:54:39,993 - INFO - temporal_CdAccuracy: 0.6342; temporal_PA: 0.8394; temporal_UA: 0.8329; temporal_F1: 0.8361
2025-10-19 01:54:39,993 - INFO - Confusion Matrix
 [76688.	 1022.	   21.	    7.	   30.]
 [ 3810.	54974.	  100.	  160.	   19.]
 [   15.	  179.	 2355.	    0.	    0.]
 [  344.	   52.	    0.	 1102.	    0.]
 [  503.	  160.	    0.	    0.	11819.]
2025-10-19 01:54:39,994 - INFO - model saved 23 times, last saved epoch: 22.

2025-10-19 01:54:43,183 - INFO - Epoch 24, Train loss: 0.5089077423016231
2025-10-19 01:54:44,165 - INFO - mIoU: 0.889; OA: 0.965; AA: 0.9278; F1: 0.9395; Kappa: 0.9402;
2025-10-19 01:54:44,165 - INFO - spatial_LccAccuracy: 0.802; spatial_PA: 0.954; spatial_UA: 0.9799; spatial_F1: 0.9668
2025-10-19 01:54:44,166 - INFO - temporal_CdAccuracy: 0.678; temporal_PA: 0.8797; temporal_UA: 0.8451; temporal_F1: 0.862
2025-10-19 01:54:44,166 - INFO - Confusion Matrix
 [75635.	 2010.	   14.	   36.	   73.]
 [ 2050.	56776.	   64.	  144.	   29.]
 [    6.	  234.	 2309.	    0.	    0.]
 [  141.	  103.	    0.	 1254.	    0.]
 [  283.	  187.	    0.	    0.	12012.]
2025-10-19 01:54:44,209 - INFO - Epoch 24 saved.
2025-10-19 01:54:44,210 - INFO - model saved 24 times, last saved epoch: 24.

2025-10-19 01:54:47,352 - INFO - Epoch 25, Train loss: 0.5004283020893733
2025-10-19 01:54:48,322 - INFO - mIoU: 0.8968; OA: 0.9652; AA: 0.941; F1: 0.9443; Kappa: 0.9407;
2025-10-19 01:54:48,322 - INFO - spatial_LccAccuracy: 0.8173; spatial_PA: 0.964; spatial_UA: 0.9788; spatial_F1: 0.9713
2025-10-19 01:54:48,323 - INFO - temporal_CdAccuracy: 0.6862; temporal_PA: 0.8744; temporal_UA: 0.8553; temporal_F1: 0.8647
2025-10-19 01:54:48,324 - INFO - Confusion Matrix
 [75832.	 1837.	   18.	   37.	   44.]
 [ 2267.	56500.	   75.	  184.	   37.]
 [   11.	  201.	 2337.	    0.	    0.]
 [  104.	   56.	    0.	 1338.	    0.]
 [  290.	  171.	    0.	    0.	12021.]
2025-10-19 01:54:48,367 - INFO - Epoch 25 saved.
2025-10-19 01:54:48,367 - INFO - model saved 25 times, last saved epoch: 25.

2025-10-19 01:54:51,635 - INFO - Epoch 26, Train loss: 0.4939264081418514
2025-10-19 01:54:52,580 - INFO - mIoU: 0.8943; OA: 0.967; AA: 0.9289; F1: 0.9425; Kappa: 0.9436;
2025-10-19 01:54:52,580 - INFO - spatial_LccAccuracy: 0.8165; spatial_PA: 0.9673; spatial_UA: 0.9766; spatial_F1: 0.9719
2025-10-19 01:54:52,580 - INFO - temporal_CdAccuracy: 0.687; temporal_PA: 0.878; temporal_UA: 0.8579; temporal_F1: 0.8678
2025-10-19 01:54:52,581 - INFO - Confusion Matrix
 [75847.	 1874.	   11.	    6.	   30.]
 [ 1961.	56863.	   75.	  138.	   26.]
 [   10.	  191.	 2348.	    0.	    0.]
 [  166.	   98.	    0.	 1234.	    0.]
 [  295.	  185.	    0.	    0.	12002.]
2025-10-19 01:54:52,582 - INFO - model saved 25 times, last saved epoch: 25.

2025-10-19 01:54:55,765 - INFO - Epoch 27, Train loss: 0.4912909967203935
2025-10-19 01:54:56,736 - INFO - mIoU: 0.8988; OA: 0.9675; AA: 0.9381; F1: 0.9451; Kappa: 0.9447;
2025-10-19 01:54:56,737 - INFO - spatial_LccAccuracy: 0.82; spatial_PA: 0.9745; spatial_UA: 0.9774; spatial_F1: 0.976
2025-10-19 01:54:56,737 - INFO - temporal_CdAccuracy: 0.6948; temporal_PA: 0.882; temporal_UA: 0.8648; temporal_F1: 0.8733
2025-10-19 01:54:56,738 - INFO - Confusion Matrix
 [75696.	 1942.	   13.	    6.	  111.]
 [ 1910.	56855.	   76.	  169.	   53.]
 [   12.	  172.	 2365.	    0.	    0.]
 [  175.	   50.	    0.	 1273.	    0.]
 [  127.	  161.	    0.	    0.	12194.]
2025-10-19 01:54:56,780 - INFO - Epoch 27 saved.
2025-10-19 01:54:56,781 - INFO - model saved 26 times, last saved epoch: 27.

2025-10-19 01:54:59,941 - INFO - Epoch 28, Train loss: 0.48753455355763436
2025-10-19 01:55:00,938 - INFO - mIoU: 0.9022; OA: 0.9692; AA: 0.9374; F1: 0.9472; Kappa: 0.9474;
2025-10-19 01:55:00,938 - INFO - spatial_LccAccuracy: 0.8314; spatial_PA: 0.968; spatial_UA: 0.9793; spatial_F1: 0.9736
2025-10-19 01:55:00,938 - INFO - temporal_CdAccuracy: 0.7066; temporal_PA: 0.8949; temporal_UA: 0.8723; temporal_F1: 0.8835
2025-10-19 01:55:00,939 - INFO - Confusion Matrix
 [76041.	 1623.	    9.	    8.	   87.]
 [ 1954.	56850.	   52.	  152.	   55.]
 [   12.	  198.	 2339.	    0.	    0.]
 [  138.	   75.	    0.	 1285.	    0.]
 [  203.	  158.	    0.	    0.	12121.]
2025-10-19 01:55:00,981 - INFO - Epoch 28 saved.
2025-10-19 01:55:00,982 - INFO - model saved 27 times, last saved epoch: 28.

2025-10-19 01:55:04,146 - INFO - Epoch 29, Train loss: 0.48974509090185164
2025-10-19 01:55:05,114 - INFO - mIoU: 0.8982; OA: 0.9682; AA: 0.9304; F1: 0.945; Kappa: 0.9457;
2025-10-19 01:55:05,114 - INFO - spatial_LccAccuracy: 0.8333; spatial_PA: 0.9749; spatial_UA: 0.9814; spatial_F1: 0.9781
2025-10-19 01:55:05,114 - INFO - temporal_CdAccuracy: 0.7003; temporal_PA: 0.883; temporal_UA: 0.8717; temporal_F1: 0.8773
2025-10-19 01:55:05,115 - INFO - Confusion Matrix
 [76516.	 1195.	    5.	    9.	   43.]
 [ 2471.	56375.	   35.	  144.	   38.]
 [   16.	  241.	 2292.	    0.	    0.]
 [  141.	   83.	    0.	 1274.	    0.]
 [  290.	  160.	    0.	    0.	12032.]
2025-10-19 01:55:05,116 - INFO - model saved 27 times, last saved epoch: 28.

2025-10-19 01:55:08,282 - INFO - Epoch 30, Train loss: 0.48351675147811574
2025-10-19 01:55:09,218 - INFO - mIoU: 0.9075; OA: 0.97; AA: 0.9438; F1: 0.9504; Kappa: 0.9489;
2025-10-19 01:55:09,218 - INFO - spatial_LccAccuracy: 0.8372; spatial_PA: 0.9765; spatial_UA: 0.9843; spatial_F1: 0.9804
2025-10-19 01:55:09,218 - INFO - temporal_CdAccuracy: 0.7074; temporal_PA: 0.8933; temporal_UA: 0.8794; temporal_F1: 0.8863
2025-10-19 01:55:09,219 - INFO - Confusion Matrix
 [76187.	 1511.	    7.	    9.	   54.]
 [ 1943.	56840.	   89.	  145.	   46.]
 [   15.	  140.	 2394.	    0.	    0.]
 [  115.	   74.	    0.	 1309.	    0.]
 [  290.	  157.	    0.	    0.	12035.]
2025-10-19 01:55:09,261 - INFO - Epoch 30 saved.
2025-10-19 01:55:09,262 - INFO - model saved 28 times, last saved epoch: 30.

2025-10-19 01:55:12,537 - INFO - Epoch 31, Train loss: 0.4810998380184174
2025-10-19 01:55:13,472 - INFO - mIoU: 0.91; OA: 0.9705; AA: 0.9437; F1: 0.9519; Kappa: 0.9495;
2025-10-19 01:55:13,472 - INFO - spatial_LccAccuracy: 0.8447; spatial_PA: 0.9699; spatial_UA: 0.983; spatial_F1: 0.9764
2025-10-19 01:55:13,473 - INFO - temporal_CdAccuracy: 0.716; temporal_PA: 0.894; temporal_UA: 0.8813; temporal_F1: 0.8876
2025-10-19 01:55:13,474 - INFO - Confusion Matrix
 [76628.	 1100.	    7.	   15.	   18.]
 [ 2325.	56504.	   45.	  150.	   39.]
 [   16.	  182.	 2351.	    0.	    0.]
 [   90.	   72.	    0.	 1336.	    0.]
 [  313.	  155.	    0.	    0.	12014.]
2025-10-19 01:55:13,533 - INFO - Epoch 31 saved.
2025-10-19 01:55:13,534 - INFO - model saved 29 times, last saved epoch: 31.

2025-10-19 01:55:16,702 - INFO - Epoch 32, Train loss: 0.479568071415027
2025-10-19 01:55:17,627 - INFO - mIoU: 0.913; OA: 0.971; AA: 0.9508; F1: 0.9535; Kappa: 0.9507;
2025-10-19 01:55:17,628 - INFO - spatial_LccAccuracy: 0.8326; spatial_PA: 0.9682; spatial_UA: 0.9825; spatial_F1: 0.9753
2025-10-19 01:55:17,628 - INFO - temporal_CdAccuracy: 0.707; temporal_PA: 0.9052; temporal_UA: 0.877; temporal_F1: 0.8909
2025-10-19 01:55:17,629 - INFO - Confusion Matrix
 [75408.	 2248.	    9.	   27.	   76.]
 [ 1217.	57588.	   86.	  135.	   37.]
 [   10.	  136.	 2403.	    0.	    0.]
 [   55.	  109.	    0.	 1334.	    0.]
 [  116.	  184.	    0.	    0.	12182.]
2025-10-19 01:55:17,715 - INFO - Epoch 32 saved.
2025-10-19 01:55:17,716 - INFO - model saved 30 times, last saved epoch: 32.

2025-10-19 01:55:20,930 - INFO - Epoch 33, Train loss: 0.47541055356462797
2025-10-19 01:55:21,877 - INFO - mIoU: 0.9164; OA: 0.973; AA: 0.9532; F1: 0.9554; Kappa: 0.954;
2025-10-19 01:55:21,877 - INFO - spatial_LccAccuracy: 0.8462; spatial_PA: 0.9759; spatial_UA: 0.9849; spatial_F1: 0.9804
2025-10-19 01:55:21,877 - INFO - temporal_CdAccuracy: 0.7187; temporal_PA: 0.9108; temporal_UA: 0.8895; temporal_F1: 0.9
2025-10-19 01:55:21,877 - INFO - Confusion Matrix
 [75965.	 1683.	    8.	   13.	   99.]
 [ 1510.	57269.	   79.	  149.	   56.]
 [   14.	  134.	 2401.	    0.	    0.]
 [   86.	   68.	    0.	 1344.	    0.]
 [   85.	  162.	    0.	    0.	12235.]
2025-10-19 01:55:21,920 - INFO - Epoch 33 saved.
2025-10-19 01:55:21,921 - INFO - model saved 31 times, last saved epoch: 33.

2025-10-19 01:55:25,078 - INFO - Epoch 34, Train loss: 0.4734951727092266
2025-10-19 01:55:26,147 - INFO - mIoU: 0.9158; OA: 0.9708; AA: 0.9481; F1: 0.9552; Kappa: 0.9503;
2025-10-19 01:55:26,147 - INFO - spatial_LccAccuracy: 0.8279; spatial_PA: 0.976; spatial_UA: 0.9825; spatial_F1: 0.9793
2025-10-19 01:55:26,147 - INFO - temporal_CdAccuracy: 0.6952; temporal_PA: 0.9042; temporal_UA: 0.8726; temporal_F1: 0.8881
2025-10-19 01:55:26,148 - INFO - Confusion Matrix
 [75083.	 2515.	    5.	   15.	  150.]
 [ 1044.	57804.	   48.	  106.	   61.]
 [   15.	  159.	 2375.	    0.	    0.]
 [   58.	  123.	    0.	 1317.	    0.]
 [   34.	  148.	    0.	    0.	12300.]
2025-10-19 01:55:26,149 - INFO - model saved 31 times, last saved epoch: 33.

2025-10-19 01:55:29,407 - INFO - Epoch 35, Train loss: 0.4727968859175841
2025-10-19 01:55:30,409 - INFO - mIoU: 0.9172; OA: 0.974; AA: 0.9441; F1: 0.9559; Kappa: 0.9556;
2025-10-19 01:55:30,409 - INFO - spatial_LccAccuracy: 0.8513; spatial_PA: 0.9812; spatial_UA: 0.9842; spatial_F1: 0.9827
2025-10-19 01:55:30,410 - INFO - temporal_CdAccuracy: 0.7191; temporal_PA: 0.9108; temporal_UA: 0.8943; temporal_F1: 0.9025
2025-10-19 01:55:30,410 - INFO - Confusion Matrix
 [76112.	 1620.	    5.	   10.	   21.]
 [ 1475.	57405.	   28.	  106.	   49.]
 [   13.	  222.	 2314.	    0.	    0.]
 [   63.	  111.	    0.	 1324.	    0.]
 [  113.	  159.	    0.	    0.	12210.]
2025-10-19 01:55:30,452 - INFO - Epoch 35 saved.
2025-10-19 01:55:30,453 - INFO - model saved 32 times, last saved epoch: 35.

2025-10-19 01:55:33,605 - INFO - Epoch 36, Train loss: 0.46802789345383644
2025-10-19 01:55:34,547 - INFO - mIoU: 0.9229; OA: 0.9753; AA: 0.9579; F1: 0.959; Kappa: 0.958;
2025-10-19 01:55:34,547 - INFO - spatial_LccAccuracy: 0.8615; spatial_PA: 0.977; spatial_UA: 0.986; spatial_F1: 0.9815
2025-10-19 01:55:34,548 - INFO - temporal_CdAccuracy: 0.7191; temporal_PA: 0.9155; temporal_UA: 0.8982; temporal_F1: 0.9068
2025-10-19 01:55:34,549 - INFO - Confusion Matrix
 [76096.	 1606.	    8.	   26.	   32.]
 [ 1394.	57402.	   94.	  124.	   49.]
 [   14.	  127.	 2408.	    0.	    0.]
 [   45.	   92.	    0.	 1361.	    0.]
 [   22.	  155.	    0.	    0.	12305.]
2025-10-19 01:55:34,594 - INFO - Epoch 36 saved.
2025-10-19 01:55:34,595 - INFO - model saved 33 times, last saved epoch: 36.

2025-10-19 01:55:37,750 - INFO - Epoch 37, Train loss: 0.46539412761727966
2025-10-19 01:55:38,739 - INFO - mIoU: 0.9207; OA: 0.9761; AA: 0.9452; F1: 0.9577; Kappa: 0.9592;
2025-10-19 01:55:38,739 - INFO - spatial_LccAccuracy: 0.8615; spatial_PA: 0.9789; spatial_UA: 0.9842; spatial_F1: 0.9815
2025-10-19 01:55:38,739 - INFO - temporal_CdAccuracy: 0.7226; temporal_PA: 0.9142; temporal_UA: 0.8992; temporal_F1: 0.9067
2025-10-19 01:55:38,740 - INFO - Confusion Matrix
 [76548.	 1198.	    1.	    2.	   19.]
 [ 1668.	57200.	   28.	  103.	   64.]
 [   18.	  196.	 2335.	    0.	    0.]
 [  108.	   84.	    0.	 1306.	    0.]
 [   45.	  137.	    0.	    0.	12300.]
2025-10-19 01:55:38,741 - INFO - model saved 33 times, last saved epoch: 36.

2025-10-19 01:55:41,888 - INFO - Epoch 38, Train loss: 0.4659813364346822
2025-10-19 01:55:42,819 - INFO - mIoU: 0.919; OA: 0.9758; AA: 0.9428; F1: 0.9567; Kappa: 0.9588;
2025-10-19 01:55:42,820 - INFO - spatial_LccAccuracy: 0.8588; spatial_PA: 0.9799; spatial_UA: 0.9877; spatial_F1: 0.9838
2025-10-19 01:55:42,820 - INFO - temporal_CdAccuracy: 0.7187; temporal_PA: 0.9181; temporal_UA: 0.8969; temporal_F1: 0.9074
2025-10-19 01:55:42,821 - INFO - Confusion Matrix
 [76126.	 1589.	    3.	    4.	   46.]
 [ 1287.	57602.	   57.	   70.	   47.]
 [   13.	  162.	 2374.	    0.	    0.]
 [   78.	  156.	    0.	 1264.	    0.]
 [   23.	  169.	    0.	    0.	12290.]
2025-10-19 01:55:42,822 - INFO - model saved 33 times, last saved epoch: 36.

2025-10-19 01:55:46,046 - INFO - Epoch 39, Train loss: 0.4605158294240634
2025-10-19 01:55:47,017 - INFO - mIoU: 0.9266; OA: 0.9764; AA: 0.9645; F1: 0.9612; Kappa: 0.9598;
2025-10-19 01:55:47,017 - INFO - spatial_LccAccuracy: 0.865; spatial_PA: 0.98; spatial_UA: 0.9853; spatial_F1: 0.9826
2025-10-19 01:55:47,017 - INFO - temporal_CdAccuracy: 0.7238; temporal_PA: 0.9211; temporal_UA: 0.9022; temporal_F1: 0.9115
2025-10-19 01:55:47,018 - INFO - Confusion Matrix
 [75997.	 1709.	    8.	   27.	   27.]
 [ 1137.	57626.	   99.	  146.	   55.]
 [   13.	  121.	 2415.	    0.	    0.]
 [   37.	   57.	    0.	 1404.	    0.]
 [   32.	  158.	    0.	    0.	12292.]
2025-10-19 01:55:47,060 - INFO - Epoch 39 saved.
2025-10-19 01:55:47,061 - INFO - model saved 34 times, last saved epoch: 39.

2025-10-19 01:55:50,318 - INFO - Epoch 40, Train loss: 0.45949851150314014
2025-10-19 01:55:51,262 - INFO - mIoU: 0.9264; OA: 0.9743; AA: 0.9604; F1: 0.9611; Kappa: 0.9564;
2025-10-19 01:55:51,262 - INFO - spatial_LccAccuracy: 0.8603; spatial_PA: 0.9808; spatial_UA: 0.9856; spatial_F1: 0.9832
2025-10-19 01:55:51,263 - INFO - temporal_CdAccuracy: 0.7144; temporal_PA: 0.921; temporal_UA: 0.8922; temporal_F1: 0.9064
2025-10-19 01:55:51,263 - INFO - Confusion Matrix
 [75399.	 2304.	    5.	   18.	   42.]
 [  894.	57911.	   75.	  124.	   59.]
 [   11.	  130.	 2408.	    0.	    0.]
 [   43.	   77.	    0.	 1378.	    0.]
 [    5.	  150.	    0.	    0.	12327.]
2025-10-19 01:55:51,265 - INFO - model saved 34 times, last saved epoch: 39.

2025-10-19 01:55:54,429 - INFO - Epoch 41, Train loss: 0.4587298636635145
2025-10-19 01:55:55,475 - INFO - mIoU: 0.9251; OA: 0.9761; AA: 0.9531; F1: 0.9603; Kappa: 0.9592;
2025-10-19 01:55:55,476 - INFO - spatial_LccAccuracy: 0.8682; spatial_PA: 0.9741; spatial_UA: 0.9788; spatial_F1: 0.9765
2025-10-19 01:55:55,476 - INFO - temporal_CdAccuracy: 0.7175; temporal_PA: 0.9161; temporal_UA: 0.9017; temporal_F1: 0.9088
2025-10-19 01:55:55,477 - INFO - Confusion Matrix
 [77041.	  714.	    1.	    2.	   10.]
 [ 2208.	56591.	   75.	  107.	   82.]
 [   15.	  126.	 2408.	    0.	    0.]
 [  117.	   56.	    0.	 1325.	    0.]
 [   45.	  108.	    0.	    0.	12329.]
2025-10-19 01:55:55,478 - INFO - model saved 34 times, last saved epoch: 39.

2025-10-19 01:55:58,657 - INFO - Epoch 42, Train loss: 0.45810532917579017
2025-10-19 01:55:59,667 - INFO - mIoU: 0.931; OA: 0.9779; AA: 0.9638; F1: 0.9636; Kappa: 0.9624;
2025-10-19 01:55:59,667 - INFO - spatial_LccAccuracy: 0.8756; spatial_PA: 0.9778; spatial_UA: 0.9808; spatial_F1: 0.9793
2025-10-19 01:55:59,667 - INFO - temporal_CdAccuracy: 0.734; temporal_PA: 0.9232; temporal_UA: 0.9115; temporal_F1: 0.9173
2025-10-19 01:55:59,668 - INFO - Confusion Matrix
 [76928.	  821.	    2.	    7.	   10.]
 [ 1880.	56873.	   85.	  142.	   83.]
 [   14.	  119.	 2416.	    0.	    0.]
 [   65.	   42.	    0.	 1391.	    0.]
 [   14.	  102.	    0.	    0.	12366.]
2025-10-19 01:55:59,714 - INFO - Epoch 42 saved.
2025-10-19 01:55:59,714 - INFO - model saved 35 times, last saved epoch: 42.

2025-10-19 01:56:02,871 - INFO - Epoch 43, Train loss: 0.4529397688806057
2025-10-19 01:56:03,854 - INFO - mIoU: 0.9327; OA: 0.9784; AA: 0.9624; F1: 0.9646; Kappa: 0.9632;
2025-10-19 01:56:03,854 - INFO - spatial_LccAccuracy: 0.8685; spatial_PA: 0.9828; spatial_UA: 0.987; spatial_F1: 0.9849
2025-10-19 01:56:03,855 - INFO - temporal_CdAccuracy: 0.7297; temporal_PA: 0.9292; temporal_UA: 0.9121; temporal_F1: 0.9205
2025-10-19 01:56:03,856 - INFO - Confusion Matrix
 [76401.	 1325.	    1.	    5.	   36.]
 [ 1297.	57492.	   49.	  131.	   94.]
 [   15.	  157.	 2377.	    0.	    0.]
 [   63.	   39.	    0.	 1396.	    0.]
 [    1.	  100.	    0.	    0.	12381.]
2025-10-19 01:56:03,897 - INFO - Epoch 43 saved.
2025-10-19 01:56:03,897 - INFO - model saved 36 times, last saved epoch: 43.

2025-10-19 01:56:07,131 - INFO - Epoch 44, Train loss: 0.45253708586096764
2025-10-19 01:56:08,056 - INFO - mIoU: 0.9365; OA: 0.9795; AA: 0.9598; F1: 0.9667; Kappa: 0.9651;
2025-10-19 01:56:08,057 - INFO - spatial_LccAccuracy: 0.8822; spatial_PA: 0.9776; spatial_UA: 0.9854; spatial_F1: 0.9815
2025-10-19 01:56:08,057 - INFO - temporal_CdAccuracy: 0.7379; temporal_PA: 0.9303; temporal_UA: 0.9177; temporal_F1: 0.924
2025-10-19 01:56:08,058 - INFO - Confusion Matrix
 [76769.	  970.	    1.	    3.	   25.]
 [ 1521.	57336.	   40.	   88.	   78.]
 [   14.	  151.	 2384.	    0.	    0.]
 [   56.	   71.	    0.	 1371.	    0.]
 [    2.	  117.	    0.	    0.	12363.]
2025-10-19 01:56:08,100 - INFO - Epoch 44 saved.
2025-10-19 01:56:08,100 - INFO - model saved 37 times, last saved epoch: 44.

2025-10-19 01:56:11,277 - INFO - Epoch 45, Train loss: 0.45337236548463505
2025-10-19 01:56:12,217 - INFO - mIoU: 0.9374; OA: 0.9795; AA: 0.9665; F1: 0.9672; Kappa: 0.9651;
2025-10-19 01:56:12,218 - INFO - spatial_LccAccuracy: 0.8779; spatial_PA: 0.9802; spatial_UA: 0.9862; spatial_F1: 0.9832
2025-10-19 01:56:12,218 - INFO - temporal_CdAccuracy: 0.7324; temporal_PA: 0.9327; temporal_UA: 0.909; temporal_F1: 0.9207
2025-10-19 01:56:12,219 - INFO - Confusion Matrix
 [76341.	 1409.	    1.	    9.	    8.]
 [ 1110.	57702.	   71.	  115.	   65.]
 [   13.	  115.	 2421.	    0.	    0.]
 [   38.	   60.	    0.	 1400.	    0.]
 [    8.	  125.	    0.	    0.	12349.]
2025-10-19 01:56:12,260 - INFO - Epoch 45 saved.
2025-10-19 01:56:12,261 - INFO - model saved 38 times, last saved epoch: 45.

2025-10-19 01:56:15,425 - INFO - Epoch 46, Train loss: 0.4490156029661497
2025-10-19 01:56:16,408 - INFO - mIoU: 0.9298; OA: 0.9765; AA: 0.9719; F1: 0.963; Kappa: 0.96;
2025-10-19 01:56:16,408 - INFO - spatial_LccAccuracy: 0.8635; spatial_PA: 0.9846; spatial_UA: 0.9799; spatial_F1: 0.9823
2025-10-19 01:56:16,409 - INFO - temporal_CdAccuracy: 0.723; temporal_PA: 0.9327; temporal_UA: 0.9077; temporal_F1: 0.92
2025-10-19 01:56:16,410 - INFO - Confusion Matrix
 [75922.	 1819.	    7.	   11.	    9.]
 [ 1092.	57580.	  136.	  175.	   80.]
 [   13.	   84.	 2452.	    0.	    0.]
 [   49.	   17.	    0.	 1432.	    0.]
 [    2.	  116.	    0.	    0.	12364.]
2025-10-19 01:56:16,411 - INFO - model saved 38 times, last saved epoch: 45.

2025-10-19 01:56:19,538 - INFO - Epoch 47, Train loss: 0.4485396648446719
2025-10-19 01:56:20,588 - INFO - mIoU: 0.9327; OA: 0.9793; AA: 0.9728; F1: 0.9645; Kappa: 0.9648;
2025-10-19 01:56:20,589 - INFO - spatial_LccAccuracy: 0.8815; spatial_PA: 0.9822; spatial_UA: 0.9876; spatial_F1: 0.9849
2025-10-19 01:56:20,589 - INFO - temporal_CdAccuracy: 0.7465; temporal_PA: 0.9347; temporal_UA: 0.923; temporal_F1: 0.9288
2025-10-19 01:56:20,590 - INFO - Confusion Matrix
 [76732.	 1007.	    4.	   15.	   10.]
 [ 1467.	57211.	   81.	  202.	  102.]
 [   14.	  111.	 2424.	    0.	    0.]
 [   38.	   13.	    0.	 1447.	    0.]
 [    2.	  102.	    0.	    0.	12378.]
2025-10-19 01:56:20,591 - INFO - model saved 38 times, last saved epoch: 45.

2025-10-19 01:56:23,798 - INFO - Epoch 48, Train loss: 0.4483058606584867
2025-10-19 01:56:24,790 - INFO - mIoU: 0.9365; OA: 0.9801; AA: 0.9542; F1: 0.9666; Kappa: 0.9661;
2025-10-19 01:56:24,790 - INFO - spatial_LccAccuracy: 0.8818; spatial_PA: 0.9789; spatial_UA: 0.9842; spatial_F1: 0.9815
2025-10-19 01:56:24,791 - INFO - temporal_CdAccuracy: 0.7347; temporal_PA: 0.9305; temporal_UA: 0.9194; temporal_F1: 0.9249
2025-10-19 01:56:24,791 - INFO - Confusion Matrix
 [76650.	 1110.	    1.	    3.	    4.]
 [ 1319.	57581.	   49.	   37.	   77.]
 [   15.	  141.	 2393.	    0.	    0.]
 [   43.	  136.	    0.	 1319.	    0.]
 [    4.	  108.	    0.	    0.	12370.]
2025-10-19 01:56:24,792 - INFO - model saved 38 times, last saved epoch: 45.

2025-10-19 01:56:28,021 - INFO - Epoch 49, Train loss: 0.448420862108469
2025-10-19 01:56:29,050 - INFO - mIoU: 0.9394; OA: 0.9787; AA: 0.9687; F1: 0.9684; Kappa: 0.9638;
2025-10-19 01:56:29,050 - INFO - spatial_LccAccuracy: 0.8748; spatial_PA: 0.9817; spatial_UA: 0.9859; spatial_F1: 0.9838
2025-10-19 01:56:29,050 - INFO - temporal_CdAccuracy: 0.7312; temporal_PA: 0.9368; temporal_UA: 0.9107; temporal_F1: 0.9236
2025-10-19 01:56:29,051 - INFO - Confusion Matrix
 [76049.	 1695.	    1.	   19.	    4.]
 [  967.	57872.	   54.	  112.	   58.]
 [   14.	  131.	 2404.	    0.	    0.]
 [   28.	   42.	    0.	 1428.	    0.]
 [    1.	  134.	    0.	    0.	12347.]
2025-10-19 01:56:29,100 - INFO - Epoch 49 saved.
2025-10-19 01:56:29,100 - INFO - model saved 39 times, last saved epoch: 49.

2025-10-19 01:56:32,254 - INFO - Epoch 50, Train loss: 0.44676984871427217
2025-10-19 01:56:33,189 - INFO - mIoU: 0.9362; OA: 0.9796; AA: 0.9769; F1: 0.9666; Kappa: 0.9654;
2025-10-19 01:56:33,189 - INFO - spatial_LccAccuracy: 0.883; spatial_PA: 0.9816; spatial_UA: 0.9882; spatial_F1: 0.9849
2025-10-19 01:56:33,189 - INFO - temporal_CdAccuracy: 0.7371; temporal_PA: 0.9344; temporal_UA: 0.9153; temporal_F1: 0.9247
2025-10-19 01:56:33,190 - INFO - Confusion Matrix
 [76290.	 1418.	    5.	   23.	   32.]
 [ 1022.	57646.	  147.	  148.	  100.]
 [   13.	   80.	 2456.	    0.	    0.]
 [   20.	   22.	    0.	 1455.	    1.]
 [    0.	   92.	    0.	    0.	12390.]
2025-10-19 01:56:33,191 - INFO - model saved 39 times, last saved epoch: 49.

2025-10-19 01:56:36,406 - INFO - Epoch 51, Train loss: 0.44542559757828715
2025-10-19 01:56:37,361 - INFO - mIoU: 0.9249; OA: 0.9801; AA: 0.9389; F1: 0.9597; Kappa: 0.9661;
2025-10-19 01:56:37,361 - INFO - spatial_LccAccuracy: 0.8713; spatial_PA: 0.9789; spatial_UA: 0.9842; spatial_F1: 0.9815
2025-10-19 01:56:37,361 - INFO - temporal_CdAccuracy: 0.7371; temporal_PA: 0.9395; temporal_UA: 0.9216; temporal_F1: 0.9305
2025-10-19 01:56:37,362 - INFO - Confusion Matrix
 [76802.	  932.	    1.	    4.	   29.]
 [ 1391.	57540.	   34.	    8.	   90.]
 [   15.	  150.	 2384.	    0.	    0.]
 [   42.	  249.	    0.	 1207.	    0.]
 [    1.	  105.	    0.	    0.	12376.]
2025-10-19 01:56:37,363 - INFO - model saved 39 times, last saved epoch: 49.

2025-10-19 01:56:40,499 - INFO - Epoch 52, Train loss: 0.44189086705446246
2025-10-19 01:56:41,516 - INFO - mIoU: 0.9422; OA: 0.9801; AA: 0.9636; F1: 0.9699; Kappa: 0.9661;
2025-10-19 01:56:41,516 - INFO - spatial_LccAccuracy: 0.8936; spatial_PA: 0.9771; spatial_UA: 0.9837; spatial_F1: 0.9804
2025-10-19 01:56:41,516 - INFO - temporal_CdAccuracy: 0.7363; temporal_PA: 0.9294; temporal_UA: 0.9165; temporal_F1: 0.9229
2025-10-19 01:56:41,517 - INFO - Confusion Matrix
 [76401.	 1359.	    1.	    7.	    0.]
 [ 1113.	57771.	   77.	   48.	   54.]
 [   15.	  101.	 2433.	    0.	    0.]
 [   42.	   85.	    0.	 1371.	    0.]
 [    8.	  146.	    0.	    0.	12328.]
2025-10-19 01:56:41,560 - INFO - Epoch 52 saved.
2025-10-19 01:56:41,561 - INFO - model saved 40 times, last saved epoch: 52.

2025-10-19 01:56:44,810 - INFO - Epoch 53, Train loss: 0.4445195458829403
2025-10-19 01:56:45,724 - INFO - mIoU: 0.9433; OA: 0.9814; AA: 0.9594; F1: 0.9704; Kappa: 0.9683;
2025-10-19 01:56:45,724 - INFO - spatial_LccAccuracy: 0.8928; spatial_PA: 0.9823; spatial_UA: 0.9853; spatial_F1: 0.9838
2025-10-19 01:56:45,725 - INFO - temporal_CdAccuracy: 0.741; temporal_PA: 0.9378; temporal_UA: 0.9253; temporal_F1: 0.9315
2025-10-19 01:56:45,725 - INFO - Confusion Matrix
 [76710.	 1054.	    1.	    3.	    0.]
 [ 1237.	57672.	   55.	   23.	   76.]
 [   15.	  112.	 2422.	    0.	    0.]
 [   50.	  110.	    0.	 1338.	    0.]
 [    2.	  113.	    0.	    0.	12367.]
2025-10-19 01:56:45,767 - INFO - Epoch 53 saved.
2025-10-19 01:56:45,768 - INFO - model saved 41 times, last saved epoch: 53.

2025-10-19 01:56:48,984 - INFO - Epoch 54, Train loss: 0.4433194898068905
2025-10-19 01:56:49,927 - INFO - mIoU: 0.9447; OA: 0.9808; AA: 0.9623; F1: 0.9713; Kappa: 0.9673;
2025-10-19 01:56:49,927 - INFO - spatial_LccAccuracy: 0.8908; spatial_PA: 0.982; spatial_UA: 0.9867; spatial_F1: 0.9843
2025-10-19 01:56:49,927 - INFO - temporal_CdAccuracy: 0.7332; temporal_PA: 0.9358; temporal_UA: 0.9186; temporal_F1: 0.9271
2025-10-19 01:56:49,927 - INFO - Confusion Matrix
 [76362.	 1399.	    1.	    6.	    0.]
 [  988.	57942.	   42.	   39.	   52.]
 [   12.	  131.	 2406.	    0.	    0.]
 [   32.	   93.	    0.	 1373.	    0.]
 [    2.	  147.	    0.	    0.	12333.]
2025-10-19 01:56:49,969 - INFO - Epoch 54 saved.
2025-10-19 01:56:49,969 - INFO - model saved 42 times, last saved epoch: 54.

2025-10-19 01:56:53,203 - INFO - Epoch 55, Train loss: 0.44163480028510094
2025-10-19 01:56:54,228 - INFO - mIoU: 0.9464; OA: 0.9811; AA: 0.9664; F1: 0.9722; Kappa: 0.9678;
2025-10-19 01:56:54,228 - INFO - spatial_LccAccuracy: 0.8959; spatial_PA: 0.9862; spatial_UA: 0.9904; spatial_F1: 0.9883
2025-10-19 01:56:54,228 - INFO - temporal_CdAccuracy: 0.7398; temporal_PA: 0.9382; temporal_UA: 0.9203; temporal_F1: 0.9292
2025-10-19 01:56:54,229 - INFO - Confusion Matrix
 [76329.	 1423.	    1.	   14.	    1.]
 [  928.	57976.	   35.	   54.	   70.]
 [   15.	  158.	 2376.	    0.	    0.]
 [   24.	   56.	    0.	 1418.	    0.]
 [    1.	  119.	    0.	    0.	12362.]
2025-10-19 01:56:54,272 - INFO - Epoch 55 saved.
2025-10-19 01:56:54,273 - INFO - model saved 43 times, last saved epoch: 55.

2025-10-19 01:56:57,428 - INFO - Epoch 56, Train loss: 0.43895511428515116
2025-10-19 01:56:58,448 - INFO - mIoU: 0.9447; OA: 0.9814; AA: 0.9653; F1: 0.9713; Kappa: 0.9683;
2025-10-19 01:56:58,448 - INFO - spatial_LccAccuracy: 0.8959; spatial_PA: 0.9799; spatial_UA: 0.9877; spatial_F1: 0.9838
2025-10-19 01:56:58,448 - INFO - temporal_CdAccuracy: 0.7418; temporal_PA: 0.941; temporal_UA: 0.927; temporal_F1: 0.934
2025-10-19 01:56:58,449 - INFO - Confusion Matrix
 [76625.	 1106.	    3.	    9.	   25.]
 [ 1178.	57660.	   98.	   22.	  105.]
 [   10.	   85.	 2454.	    0.	    0.]
 [   21.	  114.	    0.	 1361.	    2.]
 [    0.	   79.	    0.	    0.	12403.]
2025-10-19 01:56:58,450 - INFO - model saved 43 times, last saved epoch: 55.

2025-10-19 01:57:01,686 - INFO - Epoch 57, Train loss: 0.4405395781000455
2025-10-19 01:57:02,657 - INFO - mIoU: 0.9415; OA: 0.9806; AA: 0.9773; F1: 0.9695; Kappa: 0.967;
2025-10-19 01:57:02,657 - INFO - spatial_LccAccuracy: 0.8865; spatial_PA: 0.9854; spatial_UA: 0.9878; spatial_F1: 0.9866
2025-10-19 01:57:02,657 - INFO - temporal_CdAccuracy: 0.7426; temporal_PA: 0.9435; temporal_UA: 0.9207; temporal_F1: 0.9319
2025-10-19 01:57:02,658 - INFO - Confusion Matrix
 [76397.	 1346.	    4.	   17.	    4.]
 [ 1045.	57690.	   97.	  149.	   82.]
 [   11.	   88.	 2450.	    0.	    0.]
 [   19.	   19.	    0.	 1459.	    1.]
 [    1.	   95.	    0.	    0.	12386.]
2025-10-19 01:57:02,659 - INFO - model saved 43 times, last saved epoch: 55.

2025-10-19 01:57:05,856 - INFO - Epoch 58, Train loss: 0.4378677695989609
2025-10-19 01:57:06,810 - INFO - mIoU: 0.9492; OA: 0.9819; AA: 0.9741; F1: 0.9737; Kappa: 0.9692;
2025-10-19 01:57:06,811 - INFO - spatial_LccAccuracy: 0.8979; spatial_PA: 0.9857; spatial_UA: 0.9886; spatial_F1: 0.9871
2025-10-19 01:57:06,811 - INFO - temporal_CdAccuracy: 0.7477; temporal_PA: 0.9474; temporal_UA: 0.9302; temporal_F1: 0.9387
2025-10-19 01:57:06,812 - INFO - Confusion Matrix
 [76669.	 1086.	    4.	    9.	    0.]
 [ 1168.	57655.	   93.	   68.	   79.]
 [   10.	   88.	 2451.	    0.	    0.]
 [   25.	   42.	    0.	 1431.	    0.]
 [    0.	  102.	    0.	    0.	12380.]
2025-10-19 01:57:06,853 - INFO - Epoch 58 saved.
2025-10-19 01:57:06,854 - INFO - model saved 44 times, last saved epoch: 58.

2025-10-19 01:57:09,998 - INFO - Epoch 59, Train loss: 0.44053798417250317
2025-10-19 01:57:11,045 - INFO - mIoU: 0.9463; OA: 0.982; AA: 0.9611; F1: 0.9721; Kappa: 0.9694;
2025-10-19 01:57:11,046 - INFO - spatial_LccAccuracy: 0.9014; spatial_PA: 0.9834; spatial_UA: 0.9864; spatial_F1: 0.9849
2025-10-19 01:57:11,046 - INFO - temporal_CdAccuracy: 0.7461; temporal_PA: 0.9389; temporal_UA: 0.9317; temporal_F1: 0.9353
2025-10-19 01:57:11,048 - INFO - Confusion Matrix
 [76679.	 1083.	    0.	    2.	    4.]
 [ 1141.	57745.	   49.	   14.	  114.]
 [   14.	  117.	 2418.	    0.	    0.]
 [   38.	  113.	    0.	 1346.	    1.]
 [    0.	   68.	    0.	    0.	12414.]
2025-10-19 01:57:11,048 - INFO - model saved 44 times, last saved epoch: 58.

2025-10-19 01:57:14,265 - INFO - Epoch 60, Train loss: 0.4393234223127365
2025-10-19 01:57:15,327 - INFO - mIoU: 0.9461; OA: 0.982; AA: 0.9601; F1: 0.972; Kappa: 0.9692;
2025-10-19 01:57:15,327 - INFO - spatial_LccAccuracy: 0.9022; spatial_PA: 0.9865; spatial_UA: 0.9889; spatial_F1: 0.9877
2025-10-19 01:57:15,328 - INFO - temporal_CdAccuracy: 0.7461; temporal_PA: 0.9432; temporal_UA: 0.9311; temporal_F1: 0.9371
2025-10-19 01:57:15,329 - INFO - Confusion Matrix
 [76739.	 1019.	    1.	    7.	    2.]
 [ 1205.	57744.	   43.	   11.	   60.]
 [   14.	  122.	 2413.	    0.	    0.]
 [   26.	  124.	    0.	 1348.	    0.]
 [    1.	  132.	    0.	    0.	12349.]
2025-10-19 01:57:15,330 - INFO - model saved 44 times, last saved epoch: 58.

2025-10-19 01:57:18,489 - INFO - Epoch 61, Train loss: 0.43815549338857335
2025-10-19 01:57:19,522 - INFO - mIoU: 0.9434; OA: 0.9823; AA: 0.9777; F1: 0.9704; Kappa: 0.9699;
2025-10-19 01:57:19,522 - INFO - spatial_LccAccuracy: 0.8959; spatial_PA: 0.9801; spatial_UA: 0.9885; spatial_F1: 0.9843
2025-10-19 01:57:19,522 - INFO - temporal_CdAccuracy: 0.7555; temporal_PA: 0.9454; temporal_UA: 0.9319; temporal_F1: 0.9386
2025-10-19 01:57:19,523 - INFO - Confusion Matrix
 [76815.	  921.	    1.	   25.	    6.]
 [ 1214.	57546.	   63.	  159.	   81.]
 [   15.	  109.	 2425.	    0.	    0.]
 [   16.	   10.	    0.	 1472.	    0.]
 [    1.	   95.	    0.	    0.	12386.]
2025-10-19 01:57:19,524 - INFO - model saved 44 times, last saved epoch: 58.

2025-10-19 01:57:22,783 - INFO - Epoch 62, Train loss: 0.43657243649164834
2025-10-19 01:57:23,790 - INFO - mIoU: 0.9305; OA: 0.9794; AA: 0.9451; F1: 0.963; Kappa: 0.9649;
2025-10-19 01:57:23,790 - INFO - spatial_LccAccuracy: 0.8862; spatial_PA: 0.9871; spatial_UA: 0.9883; spatial_F1: 0.9877
2025-10-19 01:57:23,790 - INFO - temporal_CdAccuracy: 0.7351; temporal_PA: 0.9455; temporal_UA: 0.9223; temporal_F1: 0.9338
2025-10-19 01:57:23,791 - INFO - Confusion Matrix
 [76095.	 1673.	    0.	    0.	    0.]
 [  849.	58093.	   55.	    5.	   61.]
 [   13.	  110.	 2426.	    0.	    0.]
 [   28.	  239.	    0.	 1231.	    0.]
 [    4.	  120.	    0.	    0.	12358.]
2025-10-19 01:57:23,792 - INFO - model saved 44 times, last saved epoch: 58.

2025-10-19 01:57:26,967 - INFO - Epoch 63, Train loss: 0.4366433687508106
2025-10-19 01:57:27,944 - INFO - mIoU: 0.9496; OA: 0.9825; AA: 0.9804; F1: 0.9739; Kappa: 0.9703;
2025-10-19 01:57:27,945 - INFO - spatial_LccAccuracy: 0.9049; spatial_PA: 0.9793; spatial_UA: 0.9883; spatial_F1: 0.9838
2025-10-19 01:57:27,945 - INFO - temporal_CdAccuracy: 0.7512; temporal_PA: 0.945; temporal_UA: 0.9295; temporal_F1: 0.9372
2025-10-19 01:57:27,946 - INFO - Confusion Matrix
 [76617.	 1126.	    7.	   18.	    0.]
 [ 1032.	57732.	  116.	   95.	   88.]
 [    9.	   65.	 2475.	    0.	    0.]
 [   15.	   22.	    0.	 1461.	    0.]
 [    0.	   85.	    0.	    0.	12397.]
2025-10-19 01:57:27,988 - INFO - Epoch 63 saved.
2025-10-19 01:57:27,988 - INFO - model saved 45 times, last saved epoch: 63.

2025-10-19 01:57:31,245 - INFO - Epoch 64, Train loss: 0.4323673022290071
2025-10-19 01:57:32,248 - INFO - mIoU: 0.9495; OA: 0.9818; AA: 0.9649; F1: 0.9739; Kappa: 0.969;
2025-10-19 01:57:32,248 - INFO - spatial_LccAccuracy: 0.8979; spatial_PA: 0.988; spatial_UA: 0.9886; spatial_F1: 0.9883
2025-10-19 01:57:32,248 - INFO - temporal_CdAccuracy: 0.7473; temporal_PA: 0.9444; temporal_UA: 0.9296; temporal_F1: 0.9369
2025-10-19 01:57:32,249 - INFO - Confusion Matrix
 [76480.	 1274.	    2.	   12.	    0.]
 [  991.	57949.	   21.	   27.	   75.]
 [   14.	  176.	 2359.	    0.	    0.]
 [   24.	   61.	    0.	 1413.	    0.]
 [    6.	  104.	    0.	    0.	12372.]
2025-10-19 01:57:32,250 - INFO - model saved 45 times, last saved epoch: 63.

2025-10-19 01:57:35,389 - INFO - Epoch 65, Train loss: 0.43454213067889214
2025-10-19 01:57:36,426 - INFO - mIoU: 0.9527; OA: 0.9815; AA: 0.9747; F1: 0.9756; Kappa: 0.9684;
2025-10-19 01:57:36,427 - INFO - spatial_LccAccuracy: 0.8995; spatial_PA: 0.9843; spatial_UA: 0.9791; spatial_F1: 0.9817
2025-10-19 01:57:36,427 - INFO - temporal_CdAccuracy: 0.7437; temporal_PA: 0.9452; temporal_UA: 0.9299; temporal_F1: 0.9375
2025-10-19 01:57:36,428 - INFO - Confusion Matrix
 [76993.	  763.	    1.	   11.	    0.]
 [ 1588.	57232.	   87.	   43.	  113.]
 [   15.	   80.	 2454.	    0.	    0.]
 [   32.	   30.	    0.	 1435.	    1.]
 [    2.	   74.	    0.	    0.	12406.]
2025-10-19 01:57:36,473 - INFO - Epoch 65 saved.
2025-10-19 01:57:36,473 - INFO - model saved 46 times, last saved epoch: 65.

2025-10-19 01:57:39,675 - INFO - Epoch 66, Train loss: 0.43317761495709417
2025-10-19 01:57:40,674 - INFO - mIoU: 0.9484; OA: 0.9829; AA: 0.9612; F1: 0.9733; Kappa: 0.9708;
2025-10-19 01:57:40,674 - INFO - spatial_LccAccuracy: 0.9038; spatial_PA: 0.9807; spatial_UA: 0.9879; spatial_F1: 0.9843
2025-10-19 01:57:40,674 - INFO - temporal_CdAccuracy: 0.7535; temporal_PA: 0.947; temporal_UA: 0.9335; temporal_F1: 0.9402
2025-10-19 01:57:40,674 - INFO - Confusion Matrix
 [76862.	  897.	    0.	    9.	    0.]
 [ 1183.	57792.	   13.	   21.	   54.]
 [   12.	  207.	 2330.	    0.	    0.]
 [   26.	   71.	    0.	 1401.	    0.]
 [    4.	  125.	    0.	    0.	12353.]
2025-10-19 01:57:40,675 - INFO - model saved 46 times, last saved epoch: 65.

2025-10-19 01:57:43,888 - INFO - Epoch 67, Train loss: 0.4327274200816949
2025-10-19 01:57:44,868 - INFO - mIoU: 0.9498; OA: 0.9831; AA: 0.963; F1: 0.974; Kappa: 0.9711;
2025-10-19 01:57:44,868 - INFO - spatial_LccAccuracy: 0.9057; spatial_PA: 0.9827; spatial_UA: 0.9893; spatial_F1: 0.986
2025-10-19 01:57:44,868 - INFO - temporal_CdAccuracy: 0.7555; temporal_PA: 0.9447; temporal_UA: 0.9367; temporal_F1: 0.9407
2025-10-19 01:57:44,869 - INFO - Confusion Matrix
 [76892.	  870.	    0.	    3.	    3.]
 [ 1220.	57677.	   38.	   10.	  118.]
 [   14.	  121.	 2414.	    0.	    0.]
 [   34.	  101.	    0.	 1360.	    3.]
 [    0.	   63.	    0.	    0.	12419.]
2025-10-19 01:57:44,870 - INFO - model saved 46 times, last saved epoch: 65.

2025-10-19 01:57:48,116 - INFO - Epoch 68, Train loss: 0.43084644973278047
2025-10-19 01:57:49,074 - INFO - mIoU: 0.9517; OA: 0.9816; AA: 0.9765; F1: 0.9751; Kappa: 0.9686;
2025-10-19 01:57:49,074 - INFO - spatial_LccAccuracy: 0.9065; spatial_PA: 0.9896; spatial_UA: 0.986; spatial_F1: 0.9878
2025-10-19 01:57:49,074 - INFO - temporal_CdAccuracy: 0.7574; temporal_PA: 0.9497; temporal_UA: 0.9388; temporal_F1: 0.9443
2025-10-19 01:57:49,075 - INFO - Confusion Matrix
 [76396.	 1356.	    2.	   14.	    0.]
 [  994.	57869.	   31.	   97.	   72.]
 [    9.	  130.	 2410.	    0.	    0.]
 [   13.	   13.	    0.	 1472.	    0.]
 [    1.	   96.	    0.	    0.	12385.]
2025-10-19 01:57:49,076 - INFO - model saved 46 times, last saved epoch: 65.

2025-10-19 01:57:52,315 - INFO - Epoch 69, Train loss: 0.4308044970035553
2025-10-19 01:57:53,239 - INFO - mIoU: 0.9393; OA: 0.9771; AA: 0.9556; F1: 0.9683; Kappa: 0.961;
2025-10-19 01:57:53,239 - INFO - spatial_LccAccuracy: 0.8721; spatial_PA: 0.9904; spatial_UA: 0.9863; spatial_F1: 0.9884
2025-10-19 01:57:53,239 - INFO - temporal_CdAccuracy: 0.7164; temporal_PA: 0.9339; temporal_UA: 0.9109; temporal_F1: 0.9223
2025-10-19 01:57:53,240 - INFO - Confusion Matrix
 [75453.	 2301.	    1.	   13.	    0.]
 [  659.	58309.	   40.	    5.	   50.]
 [   11.	  121.	 2417.	    0.	    0.]
 [   21.	  153.	    0.	 1323.	    1.]
 [    1.	  137.	    0.	    0.	12344.]
2025-10-19 01:57:53,241 - INFO - model saved 46 times, last saved epoch: 65.

2025-10-19 01:57:56,403 - INFO - Epoch 70, Train loss: 0.429701130092144
2025-10-19 01:57:57,386 - INFO - mIoU: 0.9461; OA: 0.9784; AA: 0.9648; F1: 0.9721; Kappa: 0.9633;
2025-10-19 01:57:57,387 - INFO - spatial_LccAccuracy: 0.8936; spatial_PA: 0.9844; spatial_UA: 0.9844; spatial_F1: 0.9844
2025-10-19 01:57:57,387 - INFO - temporal_CdAccuracy: 0.7297; temporal_PA: 0.9371; temporal_UA: 0.916; temporal_F1: 0.9264
2025-10-19 01:57:57,388 - INFO - Confusion Matrix
 [75503.	 2230.	    3.	   17.	   15.]
 [  569.	58364.	   55.	   12.	   63.]
 [    9.	   87.	 2453.	    0.	    0.]
 [    8.	  123.	    0.	 1367.	    0.]
 [    0.	  125.	    0.	    0.	12357.]
2025-10-19 01:57:57,389 - INFO - model saved 46 times, last saved epoch: 65.

2025-10-19 01:58:00,626 - INFO - Epoch 71, Train loss: 0.43037969172000884
2025-10-19 01:58:01,597 - INFO - mIoU: 0.9585; OA: 0.9838; AA: 0.9753; F1: 0.9787; Kappa: 0.9724;
2025-10-19 01:58:01,598 - INFO - spatial_LccAccuracy: 0.9194; spatial_PA: 0.985; spatial_UA: 0.9892; spatial_F1: 0.9871
2025-10-19 01:58:01,598 - INFO - temporal_CdAccuracy: 0.7555; temporal_PA: 0.952; temporal_UA: 0.9372; temporal_F1: 0.9445
2025-10-19 01:58:01,599 - INFO - Confusion Matrix
 [76655.	 1098.	    2.	   13.	    0.]
 [  962.	57959.	   52.	   27.	   63.]
 [   10.	   91.	 2448.	    0.	    0.]
 [   14.	   49.	    0.	 1435.	    0.]
 [    0.	  108.	    0.	    0.	12374.]
2025-10-19 01:58:01,640 - INFO - Epoch 71 saved.
2025-10-19 01:58:01,641 - INFO - model saved 47 times, last saved epoch: 71.

2025-10-19 01:58:04,837 - INFO - Epoch 72, Train loss: 0.4287975274026394
2025-10-19 01:58:05,871 - INFO - mIoU: 0.9606; OA: 0.984; AA: 0.9794; F1: 0.9798; Kappa: 0.9728;
2025-10-19 01:58:05,871 - INFO - spatial_LccAccuracy: 0.9225; spatial_PA: 0.9844; spatial_UA: 0.9898; spatial_F1: 0.9871
2025-10-19 01:58:05,871 - INFO - temporal_CdAccuracy: 0.7508; temporal_PA: 0.9507; temporal_UA: 0.9374; temporal_F1: 0.944
2025-10-19 01:58:05,872 - INFO - Confusion Matrix
 [76727.	 1015.	    4.	   10.	   12.]
 [  999.	57850.	   80.	   24.	  110.]
 [    9.	   69.	 2471.	    0.	    0.]
 [   12.	   36.	    0.	 1449.	    1.]
 [    0.	   72.	    0.	    0.	12410.]
2025-10-19 01:58:05,914 - INFO - Epoch 72 saved.
2025-10-19 01:58:05,914 - INFO - model saved 48 times, last saved epoch: 72.

2025-10-19 01:58:09,168 - INFO - Epoch 73, Train loss: 0.4304239230851332
2025-10-19 01:58:10,094 - INFO - mIoU: 0.9584; OA: 0.9835; AA: 0.973; F1: 0.9786; Kappa: 0.9719;
2025-10-19 01:58:10,094 - INFO - spatial_LccAccuracy: 0.9116; spatial_PA: 0.9843; spatial_UA: 0.9867; spatial_F1: 0.9855
2025-10-19 01:58:10,094 - INFO - temporal_CdAccuracy: 0.7574; temporal_PA: 0.9524; temporal_UA: 0.9392; temporal_F1: 0.9458
2025-10-19 01:58:10,095 - INFO - Confusion Matrix
 [77275.	  486.	    2.	    5.	    0.]
 [ 1594.	57302.	   36.	   25.	  106.]
 [   12.	  124.	 2413.	    0.	    0.]
 [   25.	   34.	    0.	 1439.	    0.]
 [    0.	   75.	    0.	    0.	12407.]
2025-10-19 01:58:10,096 - INFO - model saved 48 times, last saved epoch: 72.

2025-10-19 01:58:13,225 - INFO - Epoch 74, Train loss: 0.42834691976507505
2025-10-19 01:58:14,175 - INFO - mIoU: 0.9498; OA: 0.9835; AA: 0.9628; F1: 0.9739; Kappa: 0.9719;
2025-10-19 01:58:14,175 - INFO - spatial_LccAccuracy: 0.9073; spatial_PA: 0.9836; spatial_UA: 0.9896; spatial_F1: 0.9866
2025-10-19 01:58:14,175 - INFO - temporal_CdAccuracy: 0.7527; temporal_PA: 0.9531; temporal_UA: 0.9355; temporal_F1: 0.9442
2025-10-19 01:58:14,176 - INFO - Confusion Matrix
 [76940.	  818.	    0.	   10.	    0.]
 [ 1214.	57738.	   46.	    5.	   60.]
 [   12.	  103.	 2434.	    0.	    0.]
 [   11.	  137.	    0.	 1350.	    0.]
 [    0.	  113.	    0.	    0.	12369.]
2025-10-19 01:58:14,177 - INFO - model saved 48 times, last saved epoch: 72.

2025-10-19 01:58:17,335 - INFO - Epoch 75, Train loss: 0.4285171166062355
2025-10-19 01:58:18,289 - INFO - mIoU: 0.9586; OA: 0.9842; AA: 0.977; F1: 0.9787; Kappa: 0.9731;
2025-10-19 01:58:18,289 - INFO - spatial_LccAccuracy: 0.9194; spatial_PA: 0.9857; spatial_UA: 0.9886; spatial_F1: 0.9871
2025-10-19 01:58:18,289 - INFO - temporal_CdAccuracy: 0.7629; temporal_PA: 0.9546; temporal_UA: 0.9398; temporal_F1: 0.9471
2025-10-19 01:58:18,291 - INFO - Confusion Matrix
 [76999.	  758.	    0.	   11.	    0.]
 [ 1222.	57677.	   29.	   59.	   76.]
 [   12.	  127.	 2410.	    0.	    0.]
 [   14.	   14.	    0.	 1470.	    0.]
 [    1.	  102.	    0.	    0.	12379.]
2025-10-19 01:58:18,292 - INFO - model saved 48 times, last saved epoch: 72.

2025-10-19 01:58:21,481 - INFO - Epoch 76, Train loss: 0.42932375545303025
2025-10-19 01:58:22,491 - INFO - mIoU: 0.9501; OA: 0.9833; AA: 0.9641; F1: 0.9742; Kappa: 0.9715;
2025-10-19 01:58:22,491 - INFO - spatial_LccAccuracy: 0.9077; spatial_PA: 0.975; spatial_UA: 0.987; spatial_F1: 0.9809
2025-10-19 01:58:22,491 - INFO - temporal_CdAccuracy: 0.7512; temporal_PA: 0.9533; temporal_UA: 0.9344; temporal_F1: 0.9438
2025-10-19 01:58:22,491 - INFO - Confusion Matrix
 [76747.	  996.	    2.	   23.	    0.]
 [ 1054.	57934.	   20.	   14.	   41.]
 [    9.	  147.	 2393.	    0.	    0.]
 [   12.	  100.	    0.	 1386.	    0.]
 [    0.	  144.	    0.	    0.	12338.]
2025-10-19 01:58:22,492 - INFO - model saved 48 times, last saved epoch: 72.

2025-10-19 01:58:25,722 - INFO - Epoch 77, Train loss: 0.4264802100757758
2025-10-19 01:58:26,733 - INFO - mIoU: 0.9594; OA: 0.9833; AA: 0.978; F1: 0.9792; Kappa: 0.9716;
2025-10-19 01:58:26,733 - INFO - spatial_LccAccuracy: 0.9143; spatial_PA: 0.9823; spatial_UA: 0.9853; spatial_F1: 0.9838
2025-10-19 01:58:26,733 - INFO - temporal_CdAccuracy: 0.752; temporal_PA: 0.9514; temporal_UA: 0.9374; temporal_F1: 0.9443
2025-10-19 01:58:26,733 - INFO - Confusion Matrix
 [77132.	  625.	    2.	    6.	    3.]
 [ 1476.	57329.	   69.	   30.	  159.]
 [   12.	   76.	 2461.	    0.	    0.]
 [   24.	   25.	    0.	 1447.	    2.]
 [    0.	   47.	    0.	    0.	12435.]
2025-10-19 01:58:26,734 - INFO - model saved 48 times, last saved epoch: 72.

2025-10-19 01:58:29,969 - INFO - Epoch 78, Train loss: 0.42842934727668763
2025-10-19 01:58:31,002 - INFO - mIoU: 0.9562; OA: 0.9837; AA: 0.9694; F1: 0.9775; Kappa: 0.9721;
2025-10-19 01:58:31,002 - INFO - spatial_LccAccuracy: 0.9135; spatial_PA: 0.9857; spatial_UA: 0.9886; spatial_F1: 0.9871
2025-10-19 01:58:31,003 - INFO - temporal_CdAccuracy: 0.7523; temporal_PA: 0.9561; temporal_UA: 0.9332; temporal_F1: 0.9445
2025-10-19 01:58:31,003 - INFO - Confusion Matrix
 [77163.	  605.	    0.	    0.	    0.]
 [ 1433.	57485.	   24.	   27.	   94.]
 [   12.	  167.	 2370.	    0.	    0.]
 [   40.	   23.	    0.	 1435.	    0.]
 [    0.	   80.	    0.	    0.	12402.]
2025-10-19 01:58:31,005 - INFO - model saved 48 times, last saved epoch: 72.

2025-10-19 01:58:34,172 - INFO - Epoch 79, Train loss: 0.4263307665785154
2025-10-19 01:58:35,169 - INFO - mIoU: 0.9585; OA: 0.9817; AA: 0.978; F1: 0.9787; Kappa: 0.9687;
2025-10-19 01:58:35,170 - INFO - spatial_LccAccuracy: 0.9124; spatial_PA: 0.973; spatial_UA: 0.9856; spatial_F1: 0.9792
2025-10-19 01:58:35,170 - INFO - temporal_CdAccuracy: 0.752; temporal_PA: 0.9544; temporal_UA: 0.927; temporal_F1: 0.9405
2025-10-19 01:58:35,171 - INFO - Confusion Matrix
 [77301.	  447.	    2.	    4.	   14.]
 [ 1881.	56887.	   70.	   30.	  195.]
 [    6.	   84.	 2459.	    0.	    0.]
 [   22.	   21.	    0.	 1455.	    0.]
 [    0.	   37.	    0.	    0.	12445.]
2025-10-19 01:58:35,172 - INFO - model saved 48 times, last saved epoch: 72.

2025-10-19 01:58:38,481 - INFO - Epoch 80, Train loss: 0.42716688066720965
2025-10-19 01:58:39,424 - INFO - mIoU: 0.9543; OA: 0.9846; AA: 0.9682; F1: 0.9765; Kappa: 0.9738;
2025-10-19 01:58:39,424 - INFO - spatial_LccAccuracy: 0.9171; spatial_PA: 0.9831; spatial_UA: 0.9878; spatial_F1: 0.9855
2025-10-19 01:58:39,424 - INFO - temporal_CdAccuracy: 0.7594; temporal_PA: 0.9553; temporal_UA: 0.9412; temporal_F1: 0.9482
2025-10-19 01:58:39,425 - INFO - Confusion Matrix
 [77080.	  687.	    1.	    0.	    0.]
 [ 1198.	57685.	   67.	    9.	  104.]
 [   10.	  104.	 2435.	    0.	    0.]
 [   40.	   74.	    0.	 1383.	    1.]
 [    0.	   65.	    0.	    0.	12417.]
2025-10-19 01:58:39,426 - INFO - model saved 48 times, last saved epoch: 72.

2025-10-19 01:58:42,584 - INFO - Epoch 81, Train loss: 0.425431847323974
2025-10-19 01:58:43,575 - INFO - mIoU: 0.9599; OA: 0.9832; AA: 0.9785; F1: 0.9794; Kappa: 0.9714;
2025-10-19 01:58:43,575 - INFO - spatial_LccAccuracy: 0.9108; spatial_PA: 0.9888; spatial_UA: 0.9888; spatial_F1: 0.9888
2025-10-19 01:58:43,575 - INFO - temporal_CdAccuracy: 0.7547; temporal_PA: 0.9535; temporal_UA: 0.9358; temporal_F1: 0.9446
2025-10-19 01:58:43,576 - INFO - Confusion Matrix
 [76961.	  799.	    0.	    8.	    0.]
 [ 1349.	57554.	   39.	   54.	   67.]
 [   15.	  104.	 2430.	    0.	    0.]
 [   17.	    6.	    0.	 1475.	    0.]
 [   14.	  103.	    0.	    1.	12364.]
2025-10-19 01:58:43,577 - INFO - model saved 48 times, last saved epoch: 72.

2025-10-19 01:58:46,816 - INFO - Epoch 82, Train loss: 0.4246023498475552
2025-10-19 01:58:47,758 - INFO - mIoU: 0.9625; OA: 0.985; AA: 0.9852; F1: 0.9808; Kappa: 0.9744;
2025-10-19 01:58:47,758 - INFO - spatial_LccAccuracy: 0.9233; spatial_PA: 0.9841; spatial_UA: 0.9913; spatial_F1: 0.9877
2025-10-19 01:58:47,759 - INFO - temporal_CdAccuracy: 0.7664; temporal_PA: 0.9577; temporal_UA: 0.9459; temporal_F1: 0.9518
2025-10-19 01:58:47,759 - INFO - Confusion Matrix
 [77036.	  721.	    4.	    7.	    0.]
 [ 1156.	57658.	  138.	   34.	   77.]
 [    6.	   38.	 2505.	    0.	    0.]
 [    9.	   14.	    0.	 1475.	    0.]
 [    1.	  103.	    0.	    0.	12378.]
2025-10-19 01:58:47,801 - INFO - Epoch 82 saved.
2025-10-19 01:58:47,802 - INFO - model saved 49 times, last saved epoch: 82.

2025-10-19 01:58:51,006 - INFO - Epoch 83, Train loss: 0.42311236013968784
2025-10-19 01:58:52,023 - INFO - mIoU: 0.9561; OA: 0.9838; AA: 0.9767; F1: 0.9774; Kappa: 0.9724;
2025-10-19 01:58:52,024 - INFO - spatial_LccAccuracy: 0.9151; spatial_PA: 0.9882; spatial_UA: 0.9894; spatial_F1: 0.9888
2025-10-19 01:58:52,024 - INFO - temporal_CdAccuracy: 0.7625; temporal_PA: 0.9595; temporal_UA: 0.9453; temporal_F1: 0.9523
2025-10-19 01:58:52,025 - INFO - Confusion Matrix
 [76809.	  945.	    4.	   10.	    0.]
 [ 1081.	57756.	  117.	   21.	   88.]
 [    7.	   38.	 2504.	    0.	    0.]
 [   12.	   74.	    0.	 1412.	    0.]
 [    0.	   89.	    0.	    0.	12393.]
2025-10-19 01:58:52,026 - INFO - model saved 49 times, last saved epoch: 82.

2025-10-19 01:58:55,190 - INFO - Epoch 84, Train loss: 0.42355376730362576
2025-10-19 01:58:56,174 - INFO - mIoU: 0.963; OA: 0.9844; AA: 0.9799; F1: 0.9811; Kappa: 0.9734;
2025-10-19 01:58:56,174 - INFO - spatial_LccAccuracy: 0.9198; spatial_PA: 0.9859; spatial_UA: 0.9895; spatial_F1: 0.9877
2025-10-19 01:58:56,174 - INFO - temporal_CdAccuracy: 0.7625; temporal_PA: 0.9602; temporal_UA: 0.937; temporal_F1: 0.9485
2025-10-19 01:58:56,175 - INFO - Confusion Matrix
 [77121.	  638.	    3.	    6.	    0.]
 [ 1334.	57545.	   77.	   22.	   85.]
 [    6.	   67.	 2476.	    0.	    0.]
 [   15.	   28.	    0.	 1455.	    0.]
 [   42.	   70.	    0.	    0.	12370.]
2025-10-19 01:58:56,216 - INFO - Epoch 84 saved.
2025-10-19 01:58:56,217 - INFO - model saved 50 times, last saved epoch: 84.

2025-10-19 01:58:59,378 - INFO - Epoch 85, Train loss: 0.4238500195244948
2025-10-19 01:59:00,349 - INFO - mIoU: 0.9636; OA: 0.9854; AA: 0.9827; F1: 0.9814; Kappa: 0.9751;
2025-10-19 01:59:00,350 - INFO - spatial_LccAccuracy: 0.9292; spatial_PA: 0.9838; spatial_UA: 0.9904; spatial_F1: 0.9871
2025-10-19 01:59:00,350 - INFO - temporal_CdAccuracy: 0.766; temporal_PA: 0.9626; temporal_UA: 0.942; temporal_F1: 0.9522
2025-10-19 01:59:00,351 - INFO - Confusion Matrix
 [77233.	  528.	    2.	    5.	    0.]
 [ 1318.	57525.	  127.	   17.	   76.]
 [    5.	   38.	 2506.	    0.	    0.]
 [   13.	   32.	    0.	 1453.	    0.]
 [    0.	   84.	    0.	    0.	12398.]
2025-10-19 01:59:00,483 - INFO - Epoch 85 saved.
2025-10-19 01:59:00,484 - INFO - model saved 51 times, last saved epoch: 85.

2025-10-19 01:59:03,694 - INFO - Epoch 86, Train loss: 0.422100451340278
2025-10-19 01:59:04,641 - INFO - mIoU: 0.9606; OA: 0.9852; AA: 0.9872; F1: 0.9798; Kappa: 0.9748;
2025-10-19 01:59:04,642 - INFO - spatial_LccAccuracy: 0.9214; spatial_PA: 0.9886; spatial_UA: 0.9935; spatial_F1: 0.9911
2025-10-19 01:59:04,642 - INFO - temporal_CdAccuracy: 0.766; temporal_PA: 0.9589; temporal_UA: 0.9453; temporal_F1: 0.9521
2025-10-19 01:59:04,643 - INFO - Confusion Matrix
 [76929.	  821.	    4.	   14.	    0.]
 [ 1019.	57782.	  129.	   66.	   67.]
 [    6.	   41.	 2502.	    0.	    0.]
 [    6.	    2.	    0.	 1490.	    0.]
 [    0.	   98.	    0.	    0.	12384.]
2025-10-19 01:59:04,644 - INFO - model saved 51 times, last saved epoch: 85.

2025-10-19 01:59:07,887 - INFO - Epoch 87, Train loss: 0.4221154682338238
2025-10-19 01:59:08,883 - INFO - mIoU: 0.961; OA: 0.984; AA: 0.9815; F1: 0.98; Kappa: 0.9727;
2025-10-19 01:59:08,884 - INFO - spatial_LccAccuracy: 0.919; spatial_PA: 0.9866; spatial_UA: 0.9866; spatial_F1: 0.9866
2025-10-19 01:59:08,884 - INFO - temporal_CdAccuracy: 0.7574; temporal_PA: 0.9572; temporal_UA: 0.9368; temporal_F1: 0.9469
2025-10-19 01:59:08,885 - INFO - Confusion Matrix
 [76948.	  778.	    0.	    3.	   39.]
 [ 1194.	57607.	   72.	   46.	  144.]
 [    7.	   87.	 2455.	    0.	    0.]
 [   17.	    5.	    0.	 1475.	    1.]
 [    0.	   63.	    0.	    0.	12419.]
2025-10-19 01:59:08,886 - INFO - model saved 51 times, last saved epoch: 85.

2025-10-19 01:59:12,018 - INFO - Epoch 88, Train loss: 0.42090136408805845
2025-10-19 01:59:12,977 - INFO - mIoU: 0.9618; OA: 0.9838; AA: 0.9798; F1: 0.9804; Kappa: 0.9724;
2025-10-19 01:59:12,977 - INFO - spatial_LccAccuracy: 0.9202; spatial_PA: 0.9858; spatial_UA: 0.9918; spatial_F1: 0.9888
2025-10-19 01:59:12,977 - INFO - temporal_CdAccuracy: 0.7598; temporal_PA: 0.9564; temporal_UA: 0.941; temporal_F1: 0.9487
2025-10-19 01:59:12,978 - INFO - Confusion Matrix
 [77266.	  496.	    2.	    4.	    0.]
 [ 1561.	57310.	  106.	   18.	   68.]
 [    8.	   38.	 2503.	    0.	    0.]
 [   13.	   42.	    0.	 1443.	    0.]
 [   27.	   98.	    0.	    0.	12357.]
2025-10-19 01:59:12,979 - INFO - model saved 51 times, last saved epoch: 85.

2025-10-19 01:59:16,163 - INFO - Epoch 89, Train loss: 0.42170472418268523
2025-10-19 01:59:17,080 - INFO - mIoU: 0.9623; OA: 0.985; AA: 0.9856; F1: 0.9807; Kappa: 0.9744;
2025-10-19 01:59:17,081 - INFO - spatial_LccAccuracy: 0.9261; spatial_PA: 0.9884; spatial_UA: 0.9926; spatial_F1: 0.9905
2025-10-19 01:59:17,081 - INFO - temporal_CdAccuracy: 0.7617; temporal_PA: 0.9601; temporal_UA: 0.9412; temporal_F1: 0.9506
2025-10-19 01:59:17,082 - INFO - Confusion Matrix
 [77205.	  553.	    1.	    6.	    3.]
 [ 1327.	57443.	   91.	   63.	  139.]
 [    7.	   55.	 2487.	    0.	    0.]
 [   11.	    2.	    0.	 1484.	    1.]
 [    0.	   48.	    0.	    0.	12434.]
2025-10-19 01:59:17,083 - INFO - model saved 51 times, last saved epoch: 85.

2025-10-19 01:59:20,242 - INFO - Epoch 90, Train loss: 0.42104261641701063
2025-10-19 01:59:21,205 - INFO - mIoU: 0.9641; OA: 0.9845; AA: 0.983; F1: 0.9817; Kappa: 0.9737;
2025-10-19 01:59:21,205 - INFO - spatial_LccAccuracy: 0.9257; spatial_PA: 0.9761; spatial_UA: 0.9881; spatial_F1: 0.9821
2025-10-19 01:59:21,205 - INFO - temporal_CdAccuracy: 0.7688; temporal_PA: 0.9606; temporal_UA: 0.9433; temporal_F1: 0.9519
2025-10-19 01:59:21,206 - INFO - Confusion Matrix
 [77199.	  561.	    2.	    6.	    0.]
 [ 1428.	57432.	   61.	   48.	   94.]
 [    6.	   65.	 2478.	    0.	    0.]
 [   14.	   10.	    0.	 1474.	    0.]
 [    0.	   75.	    0.	    0.	12407.]
2025-10-19 01:59:21,248 - INFO - Epoch 90 saved.
2025-10-19 01:59:21,249 - INFO - model saved 52 times, last saved epoch: 90.

2025-10-19 01:59:24,617 - INFO - Epoch 91, Train loss: 0.4214825933178266
2025-10-19 01:59:25,601 - INFO - mIoU: 0.9503; OA: 0.9843; AA: 0.9628; F1: 0.9742; Kappa: 0.9732;
2025-10-19 01:59:25,601 - INFO - spatial_LccAccuracy: 0.9128; spatial_PA: 0.9859; spatial_UA: 0.9895; spatial_F1: 0.9877
2025-10-19 01:59:25,602 - INFO - temporal_CdAccuracy: 0.7625; temporal_PA: 0.9573; temporal_UA: 0.9424; temporal_F1: 0.9498
2025-10-19 01:59:25,602 - INFO - Confusion Matrix
 [76699.	 1063.	    4.	    2.	    0.]
 [  858.	58068.	   48.	    3.	   86.]
 [    7.	  117.	 2425.	    0.	    0.]
 [   12.	  139.	    0.	 1347.	    0.]
 [    1.	   75.	    0.	    0.	12406.]
2025-10-19 01:59:25,603 - INFO - model saved 52 times, last saved epoch: 90.

2025-10-19 01:59:28,862 - INFO - Epoch 92, Train loss: 0.41775651027758914
2025-10-19 01:59:29,775 - INFO - mIoU: 0.9651; OA: 0.9851; AA: 0.9806; F1: 0.9822; Kappa: 0.9747;
2025-10-19 01:59:29,776 - INFO - spatial_LccAccuracy: 0.9268; spatial_PA: 0.9885; spatial_UA: 0.9903; spatial_F1: 0.9894
2025-10-19 01:59:29,776 - INFO - temporal_CdAccuracy: 0.768; temporal_PA: 0.9595; temporal_UA: 0.9457; temporal_F1: 0.9526
2025-10-19 01:59:29,777 - INFO - Confusion Matrix
 [76685.	 1070.	    2.	   10.	    1.]
 [  832.	58087.	   54.	   21.	   69.]
 [    6.	   99.	 2444.	    0.	    0.]
 [    7.	   20.	    0.	 1471.	    0.]
 [    0.	   93.	    0.	    0.	12389.]
2025-10-19 01:59:29,823 - INFO - Epoch 92 saved.
2025-10-19 01:59:29,823 - INFO - model saved 53 times, last saved epoch: 92.

2025-10-19 01:59:32,963 - INFO - Epoch 93, Train loss: 0.41866671641667685
2025-10-19 01:59:33,955 - INFO - mIoU: 0.9613; OA: 0.9839; AA: 0.9823; F1: 0.9802; Kappa: 0.9725;
2025-10-19 01:59:33,955 - INFO - spatial_LccAccuracy: 0.9139; spatial_PA: 0.9871; spatial_UA: 0.9883; spatial_F1: 0.9877
2025-10-19 01:59:33,955 - INFO - temporal_CdAccuracy: 0.7649; temporal_PA: 0.9558; temporal_UA: 0.9418; temporal_F1: 0.9487
2025-10-19 01:59:33,956 - INFO - Confusion Matrix
 [77242.	  524.	    0.	    1.	    1.]
 [ 1556.	57272.	   50.	   74.	  111.]
 [   11.	   72.	 2466.	    0.	    0.]
 [   20.	    2.	    0.	 1476.	    0.]
 [    0.	   53.	    0.	    0.	12429.]
2025-10-19 01:59:33,957 - INFO - model saved 53 times, last saved epoch: 92.

2025-10-19 01:59:37,113 - INFO - Epoch 94, Train loss: 0.41826916858553886
2025-10-19 01:59:38,065 - INFO - mIoU: 0.9662; OA: 0.9851; AA: 0.983; F1: 0.9827; Kappa: 0.9746;
2025-10-19 01:59:38,065 - INFO - spatial_LccAccuracy: 0.9245; spatial_PA: 0.9806; spatial_UA: 0.9903; spatial_F1: 0.9854
2025-10-19 01:59:38,066 - INFO - temporal_CdAccuracy: 0.7656; temporal_PA: 0.9593; temporal_UA: 0.942; temporal_F1: 0.9505
2025-10-19 01:59:38,066 - INFO - Confusion Matrix
 [77351.	  406.	    2.	    9.	    0.]
 [ 1511.	57377.	   75.	   24.	   76.]
 [    7.	   64.	 2478.	    0.	    0.]
 [   14.	   11.	    0.	 1473.	    0.]
 [    0.	   83.	    0.	    0.	12399.]
2025-10-19 01:59:38,111 - INFO - Epoch 94 saved.
2025-10-19 01:59:38,112 - INFO - model saved 54 times, last saved epoch: 94.

2025-10-19 01:59:41,263 - INFO - Epoch 95, Train loss: 0.41998211791117984
2025-10-19 01:59:42,196 - INFO - mIoU: 0.9673; OA: 0.9858; AA: 0.982; F1: 0.9833; Kappa: 0.9758;
2025-10-19 01:59:42,196 - INFO - spatial_LccAccuracy: 0.9323; spatial_PA: 0.9905; spatial_UA: 0.9917; spatial_F1: 0.9911
2025-10-19 01:59:42,196 - INFO - temporal_CdAccuracy: 0.7727; temporal_PA: 0.9634; temporal_UA: 0.9492; temporal_F1: 0.9563
2025-10-19 01:59:42,197 - INFO - Confusion Matrix
 [76925.	  836.	    2.	    4.	    1.]
 [  977.	57933.	   71.	   15.	   67.]
 [    6.	   68.	 2475.	    0.	    0.]
 [   15.	   20.	    0.	 1463.	    0.]
 [    0.	   94.	    0.	    0.	12388.]
2025-10-19 01:59:42,240 - INFO - Epoch 95 saved.
2025-10-19 01:59:42,240 - INFO - model saved 55 times, last saved epoch: 95.

2025-10-19 01:59:45,435 - INFO - Epoch 96, Train loss: 0.41717313254872956
2025-10-19 01:59:46,465 - INFO - mIoU: 0.9644; OA: 0.9854; AA: 0.978; F1: 0.9818; Kappa: 0.9752;
2025-10-19 01:59:46,465 - INFO - spatial_LccAccuracy: 0.9276; spatial_PA: 0.9919; spatial_UA: 0.9913; spatial_F1: 0.9916
2025-10-19 01:59:46,465 - INFO - temporal_CdAccuracy: 0.7668; temporal_PA: 0.9597; temporal_UA: 0.9434; temporal_F1: 0.9515
2025-10-19 01:59:46,466 - INFO - Confusion Matrix
 [76812.	  944.	    3.	    6.	    3.]
 [  899.	58019.	   57.	    8.	   80.]
 [    6.	  107.	 2436.	    0.	    0.]
 [   14.	   29.	    0.	 1454.	    1.]
 [    0.	   77.	    0.	    0.	12405.]
2025-10-19 01:59:46,467 - INFO - model saved 55 times, last saved epoch: 95.

2025-10-19 01:59:49,617 - INFO - Epoch 97, Train loss: 0.41532925218343736
2025-10-19 01:59:50,595 - INFO - mIoU: 0.9669; OA: 0.9862; AA: 0.9803; F1: 0.9831; Kappa: 0.9765;
2025-10-19 01:59:50,595 - INFO - spatial_LccAccuracy: 0.9362; spatial_PA: 0.9878; spatial_UA: 0.9932; spatial_F1: 0.9905
2025-10-19 01:59:50,595 - INFO - temporal_CdAccuracy: 0.7735; temporal_PA: 0.9628; temporal_UA: 0.9503; temporal_F1: 0.9565
2025-10-19 01:59:50,595 - INFO - Confusion Matrix
 [77142.	  618.	    0.	    7.	    1.]
 [ 1124.	57805.	   55.	   14.	   65.]
 [    8.	   97.	 2444.	    0.	    0.]
 [    9.	   21.	    0.	 1468.	    0.]
 [    0.	   97.	    0.	    0.	12385.]
2025-10-19 01:59:50,596 - INFO - model saved 55 times, last saved epoch: 95.

2025-10-19 01:59:53,760 - INFO - Epoch 98, Train loss: 0.41751550436019896
2025-10-19 01:59:54,785 - INFO - mIoU: 0.9458; OA: 0.9837; AA: 0.9605; F1: 0.9717; Kappa: 0.9723;
2025-10-19 01:59:54,785 - INFO - spatial_LccAccuracy: 0.9139; spatial_PA: 0.9882; spatial_UA: 0.9894; spatial_F1: 0.9888
2025-10-19 01:59:54,786 - INFO - temporal_CdAccuracy: 0.7688; temporal_PA: 0.9572; temporal_UA: 0.947; temporal_F1: 0.9521
2025-10-19 01:59:54,786 - INFO - Confusion Matrix
 [76878.	  885.	    3.	    2.	    0.]
 [ 1059.	57854.	   87.	    1.	   62.]
 [    9.	   76.	 2464.	    0.	    0.]
 [   18.	  165.	    0.	 1315.	    0.]
 [    0.	  126.	    0.	    0.	12356.]
2025-10-19 01:59:54,788 - INFO - model saved 55 times, last saved epoch: 95.

2025-10-19 01:59:57,941 - INFO - Epoch 99, Train loss: 0.41547391613324486
2025-10-19 01:59:58,920 - INFO - mIoU: 0.9677; OA: 0.9857; AA: 0.9825; F1: 0.9835; Kappa: 0.9757;
2025-10-19 01:59:58,920 - INFO - spatial_LccAccuracy: 0.9347; spatial_PA: 0.9858; spatial_UA: 0.9918; spatial_F1: 0.9888
2025-10-19 01:59:58,921 - INFO - temporal_CdAccuracy: 0.77; temporal_PA: 0.9606; temporal_UA: 0.9489; temporal_F1: 0.9547
2025-10-19 01:59:58,921 - INFO - Confusion Matrix
 [76835.	  922.	    1.	    9.	    1.]
 [  906.	57997.	   40.	   25.	   95.]
 [    4.	  101.	 2444.	    0.	    0.]
 [    8.	    8.	    0.	 1482.	    0.]
 [    0.	   69.	    0.	    0.	12413.]
2025-10-19 01:59:58,963 - INFO - Epoch 99 saved.
2025-10-19 01:59:58,964 - INFO - model saved 56 times, last saved epoch: 99.

2025-10-19 02:00:02,232 - INFO - Epoch 100, Train loss: 0.41682228818535805
2025-10-19 02:00:03,203 - INFO - mIoU: 0.9636; OA: 0.9852; AA: 0.9768; F1: 0.9814; Kappa: 0.9747;
2025-10-19 02:00:03,203 - INFO - spatial_LccAccuracy: 0.93; spatial_PA: 0.9891; spatial_UA: 0.9897; spatial_F1: 0.9894
2025-10-19 02:00:03,204 - INFO - temporal_CdAccuracy: 0.7727; temporal_PA: 0.9623; temporal_UA: 0.9485; temporal_F1: 0.9553
2025-10-19 02:00:03,204 - INFO - Confusion Matrix
 [76919.	  837.	    0.	    1.	   11.]
 [ 1040.	57869.	   59.	    9.	   86.]
 [    8.	   72.	 2469.	    0.	    0.]
 [   28.	   42.	    0.	 1428.	    0.]
 [    0.	   83.	    0.	    0.	12399.]
2025-10-19 02:00:03,205 - INFO - model saved 56 times, last saved epoch: 99.

2025-10-19 02:00:06,393 - INFO - Epoch 101, Train loss: 0.4150304526090622
2025-10-19 02:00:07,375 - INFO - mIoU: 0.9631; OA: 0.9843; AA: 0.9762; F1: 0.9811; Kappa: 0.9732;
2025-10-19 02:00:07,376 - INFO - spatial_LccAccuracy: 0.9261; spatial_PA: 0.9881; spatial_UA: 0.9863; spatial_F1: 0.9872
2025-10-19 02:00:07,376 - INFO - temporal_CdAccuracy: 0.7656; temporal_PA: 0.9594; temporal_UA: 0.9466; temporal_F1: 0.9529
2025-10-19 02:00:07,377 - INFO - Confusion Matrix
 [76495.	 1264.	    1.	    7.	    1.]
 [  765.	58189.	   40.	   11.	   58.]
 [    6.	  112.	 2431.	    0.	    0.]
 [    7.	   44.	    0.	 1447.	    0.]
 [    0.	   95.	    0.	    0.	12387.]
2025-10-19 02:00:07,378 - INFO - model saved 56 times, last saved epoch: 99.

2025-10-19 02:00:10,544 - INFO - Epoch 102, Train loss: 0.41540631478031476
2025-10-19 02:00:11,514 - INFO - mIoU: 0.9607; OA: 0.9845; AA: 0.9726; F1: 0.9798; Kappa: 0.9735;
2025-10-19 02:00:11,514 - INFO - spatial_LccAccuracy: 0.9194; spatial_PA: 0.9857; spatial_UA: 0.9886; spatial_F1: 0.9871
2025-10-19 02:00:11,514 - INFO - temporal_CdAccuracy: 0.7668; temporal_PA: 0.9582; temporal_UA: 0.9437; temporal_F1: 0.9509
2025-10-19 02:00:11,515 - INFO - Confusion Matrix
 [77067.	  701.	    0.	    0.	    0.]
 [ 1238.	57721.	   27.	   20.	   57.]
 [    8.	  162.	 2379.	    0.	    0.]
 [   33.	   10.	    0.	 1455.	    0.]
 [    2.	  122.	    0.	    0.	12358.]
2025-10-19 02:00:11,516 - INFO - model saved 56 times, last saved epoch: 99.

2025-10-19 02:00:14,701 - INFO - Epoch 103, Train loss: 0.4142404851814111
2025-10-19 02:00:15,726 - INFO - mIoU: 0.9658; OA: 0.9858; AA: 0.9803; F1: 0.9825; Kappa: 0.9759;
2025-10-19 02:00:15,726 - INFO - spatial_LccAccuracy: 0.9335; spatial_PA: 0.9867; spatial_UA: 0.9921; spatial_F1: 0.9894
2025-10-19 02:00:15,727 - INFO - temporal_CdAccuracy: 0.7739; temporal_PA: 0.9589; temporal_UA: 0.9525; temporal_F1: 0.9557
2025-10-19 02:00:15,727 - INFO - Confusion Matrix
 [77080.	  673.	    1.	   13.	    1.]
 [ 1130.	57793.	   34.	   25.	   81.]
 [    6.	  122.	 2421.	    0.	    0.]
 [    9.	   10.	    0.	 1479.	    0.]
 [    0.	   68.	    0.	    0.	12414.]
2025-10-19 02:00:15,728 - INFO - model saved 56 times, last saved epoch: 99.

2025-10-19 02:00:18,944 - INFO - Epoch 104, Train loss: 0.41438722958167395
2025-10-19 02:00:19,895 - INFO - mIoU: 0.9657; OA: 0.9845; AA: 0.9854; F1: 0.9825; Kappa: 0.9736;
2025-10-19 02:00:19,896 - INFO - spatial_LccAccuracy: 0.9292; spatial_PA: 0.9912; spatial_UA: 0.9888; spatial_F1: 0.99
2025-10-19 02:00:19,896 - INFO - temporal_CdAccuracy: 0.7703; temporal_PA: 0.9644; temporal_UA: 0.9462; temporal_F1: 0.9552
2025-10-19 02:00:19,897 - INFO - Confusion Matrix
 [76575.	 1186.	    3.	    4.	    0.]
 [  831.	58036.	   74.	   45.	   77.]
 [    5.	   62.	 2482.	    0.	    0.]
 [    9.	    2.	    0.	 1487.	    0.]
 [    0.	   86.	    0.	    0.	12396.]
2025-10-19 02:00:19,898 - INFO - model saved 56 times, last saved epoch: 99.

2025-10-19 02:00:23,134 - INFO - Epoch 105, Train loss: 0.4122643771270911
2025-10-19 02:00:24,112 - INFO - mIoU: 0.9666; OA: 0.9858; AA: 0.9824; F1: 0.9829; Kappa: 0.9759;
2025-10-19 02:00:24,112 - INFO - spatial_LccAccuracy: 0.9327; spatial_PA: 0.9841; spatial_UA: 0.9913; spatial_F1: 0.9877
2025-10-19 02:00:24,112 - INFO - temporal_CdAccuracy: 0.7707; temporal_PA: 0.9619; temporal_UA: 0.9483; temporal_F1: 0.9551
2025-10-19 02:00:24,113 - INFO - Confusion Matrix
 [77113.	  647.	    2.	    6.	    0.]
 [ 1157.	57753.	   37.	   41.	   75.]
 [    5.	  106.	 2438.	    0.	    0.]
 [    8.	    3.	    0.	 1487.	    0.]
 [    0.	   84.	    0.	    0.	12398.]
2025-10-19 02:00:24,114 - INFO - model saved 56 times, last saved epoch: 99.

2025-10-19 02:00:27,315 - INFO - Epoch 106, Train loss: 0.4147041641175747
2025-10-19 02:00:28,279 - INFO - mIoU: 0.9638; OA: 0.9846; AA: 0.9835; F1: 0.9815; Kappa: 0.9737;
2025-10-19 02:00:28,280 - INFO - spatial_LccAccuracy: 0.9276; spatial_PA: 0.9902; spatial_UA: 0.9855; spatial_F1: 0.9878
2025-10-19 02:00:28,280 - INFO - temporal_CdAccuracy: 0.7696; temporal_PA: 0.9565; temporal_UA: 0.9512; temporal_F1: 0.9538
2025-10-19 02:00:28,281 - INFO - Confusion Matrix
 [76731.	 1025.	    6.	    5.	    1.]
 [  914.	57951.	  142.	    9.	   47.]
 [    7.	   36.	 2506.	    0.	    0.]
 [   12.	   21.	    0.	 1465.	    0.]
 [    0.	  141.	    0.	    0.	12341.]
2025-10-19 02:00:28,282 - INFO - model saved 56 times, last saved epoch: 99.

2025-10-19 02:00:31,492 - INFO - Epoch 107, Train loss: 0.41370452468593916
2025-10-19 02:00:32,517 - INFO - mIoU: 0.9665; OA: 0.9856; AA: 0.985; F1: 0.9829; Kappa: 0.9755;
2025-10-19 02:00:32,517 - INFO - spatial_LccAccuracy: 0.9308; spatial_PA: 0.9867; spatial_UA: 0.9921; spatial_F1: 0.9894
2025-10-19 02:00:32,519 - INFO - temporal_CdAccuracy: 0.7727; temporal_PA: 0.9634; temporal_UA: 0.9485; temporal_F1: 0.9559
2025-10-19 02:00:32,519 - INFO - Confusion Matrix
 [77226.	  533.	    1.	    8.	    0.]
 [ 1300.	57547.	   90.	   29.	   97.]
 [    8.	   57.	 2484.	    0.	    0.]
 [   10.	    8.	    0.	 1480.	    0.]
 [    0.	   63.	    0.	    0.	12419.]
2025-10-19 02:00:32,520 - INFO - model saved 56 times, last saved epoch: 99.

2025-10-19 02:00:35,665 - INFO - Epoch 108, Train loss: 0.41251577784617743
2025-10-19 02:00:36,682 - INFO - mIoU: 0.9612; OA: 0.9841; AA: 0.9721; F1: 0.98; Kappa: 0.9728;
2025-10-19 02:00:36,683 - INFO - spatial_LccAccuracy: 0.9264; spatial_PA: 0.9915; spatial_UA: 0.9874; spatial_F1: 0.9895
2025-10-19 02:00:36,683 - INFO - temporal_CdAccuracy: 0.7719; temporal_PA: 0.9624; temporal_UA: 0.9489; temporal_F1: 0.9556
2025-10-19 02:00:36,684 - INFO - Confusion Matrix
 [76686.	 1076.	    0.	    5.	    1.]
 [  960.	58008.	   12.	   11.	   72.]
 [    7.	  194.	 2348.	    0.	    0.]
 [   11.	   23.	    0.	 1464.	    0.]
 [    0.	   74.	    0.	    0.	12408.]
2025-10-19 02:00:36,685 - INFO - model saved 56 times, last saved epoch: 99.

2025-10-19 02:00:39,995 - INFO - Epoch 109, Train loss: 0.4118508947392305
2025-10-19 02:00:40,936 - INFO - mIoU: 0.9595; OA: 0.9852; AA: 0.9712; F1: 0.9791; Kappa: 0.9747;
2025-10-19 02:00:40,937 - INFO - spatial_LccAccuracy: 0.9229; spatial_PA: 0.9873; spatial_UA: 0.9915; spatial_F1: 0.9894
2025-10-19 02:00:40,937 - INFO - temporal_CdAccuracy: 0.7735; temporal_PA: 0.9586; temporal_UA: 0.9503; temporal_F1: 0.9544
2025-10-19 02:00:40,938 - INFO - Confusion Matrix
 [76913.	  845.	    0.	   10.	    0.]
 [  948.	58036.	   10.	   20.	   49.]
 [    6.	  224.	 2319.	    0.	    0.]
 [   10.	   11.	    0.	 1477.	    0.]
 [    0.	  141.	    0.	    0.	12341.]
2025-10-19 02:00:40,939 - INFO - model saved 56 times, last saved epoch: 99.

2025-10-19 02:00:44,200 - INFO - Epoch 110, Train loss: 0.4118287816643715
2025-10-19 02:00:45,182 - INFO - mIoU: 0.9661; OA: 0.9847; AA: 0.9806; F1: 0.9827; Kappa: 0.9739;
2025-10-19 02:00:45,183 - INFO - spatial_LccAccuracy: 0.9261; spatial_PA: 0.9918; spatial_UA: 0.9882; spatial_F1: 0.99
2025-10-19 02:00:45,183 - INFO - temporal_CdAccuracy: 0.7664; temporal_PA: 0.9664; temporal_UA: 0.9467; temporal_F1: 0.9564
2025-10-19 02:00:45,184 - INFO - Confusion Matrix
 [76821.	  942.	    0.	    5.	    0.]
 [ 1052.	57877.	   56.	   18.	   60.]
 [    8.	   98.	 2443.	    0.	    0.]
 [    7.	   17.	    0.	 1474.	    0.]
 [    0.	   91.	    0.	    0.	12391.]
2025-10-19 02:00:45,185 - INFO - model saved 56 times, last saved epoch: 99.

2025-10-19 02:00:48,395 - INFO - Epoch 111, Train loss: 0.4126004420220852
2025-10-19 02:00:49,345 - INFO - mIoU: 0.9651; OA: 0.9851; AA: 0.982; F1: 0.9822; Kappa: 0.9746;
2025-10-19 02:00:49,346 - INFO - spatial_LccAccuracy: 0.9272; spatial_PA: 0.987; spatial_UA: 0.9906; spatial_F1: 0.9888
2025-10-19 02:00:49,346 - INFO - temporal_CdAccuracy: 0.7688; temporal_PA: 0.9649; temporal_UA: 0.9455; temporal_F1: 0.9551
2025-10-19 02:00:49,347 - INFO - Confusion Matrix
 [77053.	  709.	    1.	    4.	    1.]
 [ 1218.	57629.	  102.	   10.	  104.]
 [    6.	   40.	 2503.	    0.	    0.]
 [   14.	   39.	    0.	 1445.	    0.]
 [    0.	   41.	    0.	    0.	12441.]
2025-10-19 02:00:49,348 - INFO - model saved 56 times, last saved epoch: 99.

2025-10-19 02:00:52,494 - INFO - Epoch 112, Train loss: 0.4110531161228816
2025-10-19 02:00:53,417 - INFO - mIoU: 0.9671; OA: 0.985; AA: 0.9805; F1: 0.9832; Kappa: 0.9745;
2025-10-19 02:00:53,417 - INFO - spatial_LccAccuracy: 0.9327; spatial_PA: 0.9881; spatial_UA: 0.9863; spatial_F1: 0.9872
2025-10-19 02:00:53,417 - INFO - temporal_CdAccuracy: 0.7782; temporal_PA: 0.9618; temporal_UA: 0.9573; temporal_F1: 0.9595
2025-10-19 02:00:53,418 - INFO - Confusion Matrix
 [76868.	  897.	    0.	    3.	    0.]
 [ 1051.	57880.	   44.	   18.	   70.]
 [    9.	  104.	 2436.	    0.	    0.]
 [   17.	    6.	    0.	 1475.	    0.]
 [    0.	   80.	    0.	    0.	12402.]
2025-10-19 02:00:53,419 - INFO - model saved 56 times, last saved epoch: 99.

2025-10-19 02:00:56,567 - INFO - Epoch 113, Train loss: 0.41150350992878276
2025-10-19 02:00:57,554 - INFO - mIoU: 0.9686; OA: 0.9854; AA: 0.9825; F1: 0.984; Kappa: 0.9751;
2025-10-19 02:00:57,555 - INFO - spatial_LccAccuracy: 0.9323; spatial_PA: 0.9888; spatial_UA: 0.9888; spatial_F1: 0.9888
2025-10-19 02:00:57,555 - INFO - temporal_CdAccuracy: 0.7766; temporal_PA: 0.9639; temporal_UA: 0.9534; temporal_F1: 0.9586
2025-10-19 02:00:57,556 - INFO - Confusion Matrix
 [76893.	  867.	    0.	    2.	    6.]
 [ 1020.	57885.	   71.	    8.	   79.]
 [    7.	   62.	 2480.	    0.	    0.]
 [   19.	   14.	    0.	 1465.	    0.]
 [    0.	   87.	    0.	    0.	12395.]
2025-10-19 02:00:57,598 - INFO - Epoch 113 saved.
2025-10-19 02:00:57,599 - INFO - model saved 57 times, last saved epoch: 113.

2025-10-19 02:01:00,883 - INFO - Epoch 114, Train loss: 0.40981626907984414
2025-10-19 02:01:01,882 - INFO - mIoU: 0.9608; OA: 0.9844; AA: 0.9714; F1: 0.9799; Kappa: 0.9734;
2025-10-19 02:01:01,883 - INFO - spatial_LccAccuracy: 0.9261; spatial_PA: 0.9898; spatial_UA: 0.9869; spatial_F1: 0.9883
2025-10-19 02:01:01,883 - INFO - temporal_CdAccuracy: 0.7715; temporal_PA: 0.9624; temporal_UA: 0.9492; temporal_F1: 0.9558
2025-10-19 02:01:01,884 - INFO - Confusion Matrix
 [76714.	 1053.	    0.	    1.	    0.]
 [  929.	58039.	   31.	    4.	   60.]
 [    9.	  109.	 2431.	    0.	    0.]
 [   20.	   65.	    0.	 1413.	    0.]
 [    9.	  104.	    0.	    0.	12369.]
2025-10-19 02:01:01,885 - INFO - model saved 57 times, last saved epoch: 113.

2025-10-19 02:01:05,123 - INFO - Epoch 115, Train loss: 0.41051241184274356
2025-10-19 02:01:06,156 - INFO - mIoU: 0.9572; OA: 0.984; AA: 0.9673; F1: 0.978; Kappa: 0.9727;
2025-10-19 02:01:06,157 - INFO - spatial_LccAccuracy: 0.9206; spatial_PA: 0.991; spatial_UA: 0.9857; spatial_F1: 0.9884
2025-10-19 02:01:06,157 - INFO - temporal_CdAccuracy: 0.7719; temporal_PA: 0.9643; temporal_UA: 0.9496; temporal_F1: 0.9569
2025-10-19 02:01:06,158 - INFO - Confusion Matrix
 [76733.	 1030.	    0.	    5.	    0.]
 [  972.	58020.	   17.	    3.	   51.]
 [    7.	  173.	 2369.	    0.	    0.]
 [   10.	   69.	    0.	 1419.	    0.]
 [    2.	  115.	    0.	    0.	12365.]
2025-10-19 02:01:06,159 - INFO - model saved 57 times, last saved epoch: 113.

2025-10-19 02:01:09,425 - INFO - Epoch 116, Train loss: 0.4116790031393369
2025-10-19 02:01:10,357 - INFO - mIoU: 0.9668; OA: 0.9857; AA: 0.9827; F1: 0.983; Kappa: 0.9756;
2025-10-19 02:01:10,357 - INFO - spatial_LccAccuracy: 0.9354; spatial_PA: 0.9883; spatial_UA: 0.9872; spatial_F1: 0.9877
2025-10-19 02:01:10,357 - INFO - temporal_CdAccuracy: 0.7758; temporal_PA: 0.9673; temporal_UA: 0.9564; temporal_F1: 0.9618
2025-10-19 02:01:10,358 - INFO - Confusion Matrix
 [77002.	  764.	    1.	    1.	    0.]
 [ 1080.	57780.	  109.	    5.	   89.]
 [    5.	   39.	 2505.	    0.	    0.]
 [   17.	   33.	    0.	 1448.	    0.]
 [    0.	   51.	    0.	    0.	12431.]
2025-10-19 02:01:10,359 - INFO - model saved 57 times, last saved epoch: 113.

2025-10-19 02:01:13,504 - INFO - Epoch 117, Train loss: 0.41081961890061697
2025-10-19 02:01:14,500 - INFO - mIoU: 0.9599; OA: 0.9842; AA: 0.9879; F1: 0.9794; Kappa: 0.9731;
2025-10-19 02:01:14,500 - INFO - spatial_LccAccuracy: 0.9225; spatial_PA: 0.9902; spatial_UA: 0.9855; spatial_F1: 0.9878
2025-10-19 02:01:14,500 - INFO - temporal_CdAccuracy: 0.7668; temporal_PA: 0.9649; temporal_UA: 0.9471; temporal_F1: 0.9559
2025-10-19 02:01:14,501 - INFO - Confusion Matrix
 [76799.	  961.	    1.	    7.	    0.]
 [ 1044.	57705.	  146.	   70.	   98.]
 [    6.	   26.	 2517.	    0.	    0.]
 [   11.	    1.	    0.	 1486.	    0.]
 [    0.	   53.	    0.	    0.	12429.]
2025-10-19 02:01:14,502 - INFO - model saved 57 times, last saved epoch: 113.

2025-10-19 02:01:17,713 - INFO - Epoch 118, Train loss: 0.4095373866458734
2025-10-19 02:01:18,697 - INFO - mIoU: 0.9663; OA: 0.9852; AA: 0.9855; F1: 0.9828; Kappa: 0.9748;
2025-10-19 02:01:18,697 - INFO - spatial_LccAccuracy: 0.9311; spatial_PA: 0.9881; spatial_UA: 0.9863; spatial_F1: 0.9872
2025-10-19 02:01:18,697 - INFO - temporal_CdAccuracy: 0.77; temporal_PA: 0.9666; temporal_UA: 0.9491; temporal_F1: 0.9578
2025-10-19 02:01:18,698 - INFO - Confusion Matrix
 [76931.	  831.	    3.	    3.	    0.]
 [ 1077.	57763.	  143.	    9.	   71.]
 [    4.	   17.	 2528.	    0.	    0.]
 [   11.	   27.	    0.	 1460.	    0.]
 [    0.	   75.	    0.	    0.	12407.]
2025-10-19 02:01:18,699 - INFO - model saved 57 times, last saved epoch: 113.

2025-10-19 02:01:21,887 - INFO - Epoch 119, Train loss: 0.4098701956371466
2025-10-19 02:01:22,917 - INFO - mIoU: 0.966; OA: 0.9853; AA: 0.9893; F1: 0.9826; Kappa: 0.975;
2025-10-19 02:01:22,918 - INFO - spatial_LccAccuracy: 0.9319; spatial_PA: 0.9892; spatial_UA: 0.9874; spatial_F1: 0.9883
2025-10-19 02:01:22,918 - INFO - temporal_CdAccuracy: 0.7696; temporal_PA: 0.966; temporal_UA: 0.9501; temporal_F1: 0.958
2025-10-19 02:01:22,919 - INFO - Confusion Matrix
 [76775.	  982.	    3.	    7.	    1.]
 [  915.	57898.	  147.	   35.	   68.]
 [    3.	   16.	 2530.	    0.	    0.]
 [    8.	    4.	    0.	 1486.	    0.]
 [    0.	   69.	    0.	    0.	12413.]
2025-10-19 02:01:22,920 - INFO - model saved 57 times, last saved epoch: 113.

2025-10-19 02:01:26,165 - INFO - Epoch 120, Train loss: 0.40809133400519687
2025-10-19 02:01:27,178 - INFO - mIoU: 0.9651; OA: 0.9853; AA: 0.9866; F1: 0.9821; Kappa: 0.9749;
2025-10-19 02:01:27,178 - INFO - spatial_LccAccuracy: 0.9351; spatial_PA: 0.988; spatial_UA: 0.9886; spatial_F1: 0.9883
2025-10-19 02:01:27,178 - INFO - temporal_CdAccuracy: 0.7688; temporal_PA: 0.9612; temporal_UA: 0.9472; temporal_F1: 0.9542
2025-10-19 02:01:27,179 - INFO - Confusion Matrix
 [76639.	 1107.	    5.	   17.	    0.]
 [  770.	58066.	  112.	   26.	   89.]
 [    3.	   45.	 2501.	    0.	    0.]
 [    7.	   10.	    0.	 1481.	    0.]
 [    0.	   70.	    0.	    0.	12412.]
2025-10-19 02:01:27,180 - INFO - model saved 57 times, last saved epoch: 113.

2025-10-19 02:01:30,369 - INFO - Epoch 121, Train loss: 0.41026100715001423
2025-10-19 02:01:31,327 - INFO - mIoU: 0.9551; OA: 0.9855; AA: 0.9689; F1: 0.9768; Kappa: 0.9753;
2025-10-19 02:01:31,327 - INFO - spatial_LccAccuracy: 0.9268; spatial_PA: 0.9885; spatial_UA: 0.9903; spatial_F1: 0.9894
2025-10-19 02:01:31,327 - INFO - temporal_CdAccuracy: 0.7735; temporal_PA: 0.9617; temporal_UA: 0.951; temporal_F1: 0.9563
2025-10-19 02:01:31,328 - INFO - Confusion Matrix
 [77073.	  694.	    0.	    1.	    0.]
 [ 1084.	57798.	   84.	    0.	   97.]
 [    6.	   49.	 2494.	    0.	    0.]
 [   23.	  125.	    0.	 1350.	    0.]
 [    0.	   62.	    0.	    0.	12420.]
2025-10-19 02:01:31,329 - INFO - model saved 57 times, last saved epoch: 113.

2025-10-19 02:01:34,483 - INFO - Epoch 122, Train loss: 0.4089169738193353
2025-10-19 02:01:35,466 - INFO - mIoU: 0.9691; OA: 0.9858; AA: 0.9824; F1: 0.9842; Kappa: 0.9759;
2025-10-19 02:01:35,466 - INFO - spatial_LccAccuracy: 0.9378; spatial_PA: 0.9903; spatial_UA: 0.9885; spatial_F1: 0.9894
2025-10-19 02:01:35,466 - INFO - temporal_CdAccuracy: 0.7809; temporal_PA: 0.9642; temporal_UA: 0.9588; temporal_F1: 0.9615
2025-10-19 02:01:35,467 - INFO - Confusion Matrix
 [76762.	  997.	    0.	    8.	    1.]
 [  830.	58102.	   49.	   12.	   70.]
 [    6.	   93.	 2450.	    0.	    0.]
 [    8.	   11.	    0.	 1479.	    0.]
 [    0.	   88.	    0.	    0.	12394.]
2025-10-19 02:01:35,510 - INFO - Epoch 122 saved.
2025-10-19 02:01:35,510 - INFO - model saved 58 times, last saved epoch: 122.

2025-10-19 02:01:38,755 - INFO - Epoch 123, Train loss: 0.40688504874706266
2025-10-19 02:01:39,761 - INFO - mIoU: 0.9638; OA: 0.985; AA: 0.9826; F1: 0.9815; Kappa: 0.9744;
2025-10-19 02:01:39,762 - INFO - spatial_LccAccuracy: 0.9296; spatial_PA: 0.9875; spatial_UA: 0.9869; spatial_F1: 0.9872
2025-10-19 02:01:39,762 - INFO - temporal_CdAccuracy: 0.7719; temporal_PA: 0.9643; temporal_UA: 0.9499; temporal_F1: 0.957
2025-10-19 02:01:39,763 - INFO - Confusion Matrix
 [76929.	  835.	    0.	    0.	    4.]
 [ 1072.	57736.	   71.	   42.	  142.]
 [    8.	   59.	 2482.	    0.	    0.]
 [   35.	    2.	    0.	 1461.	    0.]
 [    0.	   37.	    0.	    0.	12445.]
2025-10-19 02:01:39,764 - INFO - model saved 58 times, last saved epoch: 122.

2025-10-19 02:01:43,000 - INFO - Epoch 124, Train loss: 0.40795549750328064
2025-10-19 02:01:43,919 - INFO - mIoU: 0.9588; OA: 0.9849; AA: 0.9722; F1: 0.9788; Kappa: 0.9744;
2025-10-19 02:01:43,919 - INFO - spatial_LccAccuracy: 0.9292; spatial_PA: 0.9896; spatial_UA: 0.986; spatial_F1: 0.9878
2025-10-19 02:01:43,919 - INFO - temporal_CdAccuracy: 0.7715; temporal_PA: 0.962; temporal_UA: 0.9509; temporal_F1: 0.9564
2025-10-19 02:01:43,920 - INFO - Confusion Matrix
 [76844.	  920.	    1.	    3.	    0.]
 [  978.	57913.	   64.	    3.	  105.]
 [    6.	   75.	 2468.	    0.	    0.]
 [   23.	   85.	    0.	 1390.	    0.]
 [    0.	   46.	    0.	    0.	12436.]
2025-10-19 02:01:43,921 - INFO - model saved 58 times, last saved epoch: 122.

2025-10-19 02:01:47,178 - INFO - Epoch 125, Train loss: 0.408255194624265
2025-10-19 02:01:48,217 - INFO - mIoU: 0.9706; OA: 0.9866; AA: 0.9863; F1: 0.985; Kappa: 0.9772;
2025-10-19 02:01:48,218 - INFO - spatial_LccAccuracy: 0.9366; spatial_PA: 0.9899; spatial_UA: 0.9923; spatial_F1: 0.9911
2025-10-19 02:01:48,218 - INFO - temporal_CdAccuracy: 0.777; temporal_PA: 0.9637; temporal_UA: 0.9511; temporal_F1: 0.9574
2025-10-19 02:01:48,219 - INFO - Confusion Matrix
 [77082.	  676.	    3.	    7.	    0.]
 [ 1037.	57862.	   67.	   24.	   73.]
 [    4.	   54.	 2491.	    0.	    0.]
 [   10.	    3.	    0.	 1485.	    0.]
 [    0.	   97.	    0.	    0.	12385.]
2025-10-19 02:01:48,261 - INFO - Epoch 125 saved.
2025-10-19 02:01:48,261 - INFO - model saved 59 times, last saved epoch: 125.

2025-10-19 02:01:51,412 - INFO - Epoch 126, Train loss: 0.4064598515629768
2025-10-19 02:01:52,430 - INFO - mIoU: 0.9704; OA: 0.986; AA: 0.9848; F1: 0.9849; Kappa: 0.9762;
2025-10-19 02:01:52,430 - INFO - spatial_LccAccuracy: 0.9401; spatial_PA: 0.9903; spatial_UA: 0.9885; spatial_F1: 0.9894
2025-10-19 02:01:52,431 - INFO - temporal_CdAccuracy: 0.775; temporal_PA: 0.9646; temporal_UA: 0.9561; temporal_F1: 0.9603
2025-10-19 02:01:52,431 - INFO - Confusion Matrix
 [76910.	  856.	    1.	    1.	    0.]
 [  953.	57941.	   73.	   14.	   82.]
 [    5.	   63.	 2481.	    0.	    0.]
 [   13.	    7.	    0.	 1478.	    0.]
 [    0.	   74.	    0.	    0.	12408.]
2025-10-19 02:01:52,433 - INFO - model saved 59 times, last saved epoch: 125.

2025-10-19 02:01:55,719 - INFO - Epoch 127, Train loss: 0.4055821339289347
2025-10-19 02:01:56,784 - INFO - mIoU: 0.9698; OA: 0.9855; AA: 0.9863; F1: 0.9846; Kappa: 0.9754;
2025-10-19 02:01:56,784 - INFO - spatial_LccAccuracy: 0.9409; spatial_PA: 0.9892; spatial_UA: 0.9874; spatial_F1: 0.9883
2025-10-19 02:01:56,784 - INFO - temporal_CdAccuracy: 0.7696; temporal_PA: 0.9671; temporal_UA: 0.9479; temporal_F1: 0.9574
2025-10-19 02:01:56,785 - INFO - Confusion Matrix
 [76786.	  970.	    2.	    3.	    7.]
 [  911.	57953.	   96.	   11.	   92.]
 [    4.	   43.	 2502.	    0.	    0.]
 [   11.	   10.	    0.	 1477.	    0.]
 [    0.	   57.	    0.	    0.	12425.]
2025-10-19 02:01:56,786 - INFO - model saved 59 times, last saved epoch: 125.

2025-10-19 02:01:59,955 - INFO - Epoch 128, Train loss: 0.4082737269500891
2025-10-19 02:02:00,937 - INFO - mIoU: 0.9676; OA: 0.9853; AA: 0.9806; F1: 0.9835; Kappa: 0.9751;
2025-10-19 02:02:00,938 - INFO - spatial_LccAccuracy: 0.9339; spatial_PA: 0.9904; spatial_UA: 0.9863; spatial_F1: 0.9884
2025-10-19 02:02:00,938 - INFO - temporal_CdAccuracy: 0.7731; temporal_PA: 0.962; temporal_UA: 0.9536; temporal_F1: 0.9578
2025-10-19 02:02:00,939 - INFO - Confusion Matrix
 [76713.	 1052.	    0.	    3.	    0.]
 [  859.	58069.	   53.	   10.	   72.]
 [   10.	   75.	 2464.	    0.	    0.]
 [   12.	   29.	    0.	 1457.	    0.]
 [    0.	   73.	    0.	    0.	12409.]
2025-10-19 02:02:00,940 - INFO - model saved 59 times, last saved epoch: 125.

