2025-11-10 02:02:07,142 - INFO - Epoch 0, Train loss: 1.667189121246338
2025-11-10 02:02:08,060 - INFO - mIoU: 0.0717; OA: 0.187; AA: 0.1834; F1: 0.1281; Kappa: -0.0204;
2025-11-10 02:02:08,060 - INFO - spatial_LccAccuracy: 0.0; spatial_PA: 0.5; spatial_UA: 0.6456; spatial_F1: 0.5635
2025-11-10 02:02:08,060 - INFO - temporal_CdAccuracy: 0.0; temporal_PA: 0.6282; temporal_UA: 0.5165; temporal_F1: 0.5669
2025-11-10 02:02:08,061 - INFO - Confusion Matrix
 [11139.	19468.	14228.	 4488.	30035.]
 [12305.	12505.	 7818.	 1602.	24474.]
 [  626.	  455.	  309.	   21.	 1078.]
 [  262.	  411.	  231.	   33.	  712.]
 [  467.	 2204.	 2684.	 1159.	 4706.]
2025-11-10 02:02:08,122 - INFO - Epoch 0 saved.
2025-11-10 02:02:08,123 - INFO - model saved 1 times, last saved epoch: 0.

2025-11-10 02:02:10,328 - INFO - Epoch 1, Train loss: 1.610987901687622
2025-11-10 02:02:11,150 - INFO - mIoU: 0.1116; OA: 0.3186; AA: 0.2022; F1: 0.1833; Kappa: 0.0264;
2025-11-10 02:02:11,150 - INFO - spatial_LccAccuracy: 0.0027; spatial_PA: 0.5; spatial_UA: 0.6456; spatial_F1: 0.5635
2025-11-10 02:02:11,151 - INFO - temporal_CdAccuracy: 0.0; temporal_PA: 0.5781; temporal_UA: 0.5132; temporal_F1: 0.5437
2025-11-10 02:02:11,151 - INFO - Confusion Matrix
 [29903.	19062.	 5385.	 3132.	21876.]
 [19454.	15584.	 3149.	  646.	19871.]
 [  766.	  612.	  158.	    4.	  949.]
 [  443.	  391.	  137.	   32.	  646.]
 [ 2540.	 3459.	  975.	 1039.	 3207.]
2025-11-10 02:02:11,214 - INFO - Epoch 1 saved.
2025-11-10 02:02:11,215 - INFO - model saved 2 times, last saved epoch: 1.

2025-11-10 02:02:13,563 - INFO - Epoch 2, Train loss: 1.3845207691192627
2025-11-10 02:02:14,347 - INFO - mIoU: 0.1443; OA: 0.5316; AA: 0.2218; F1: 0.2057; Kappa: 0.1225;
2025-11-10 02:02:14,347 - INFO - spatial_LccAccuracy: 0.1275; spatial_PA: 0.4954; spatial_UA: 0.465; spatial_F1: 0.4797
2025-11-10 02:02:14,347 - INFO - temporal_CdAccuracy: 0.0059; temporal_PA: 0.5081; temporal_UA: 0.504; temporal_F1: 0.506
2025-11-10 02:02:14,348 - INFO - Confusion Matrix
 [69758.	 5055.	   99.	   74.	 4372.]
 [40449.	11496.	  128.	   41.	 6590.]
 [ 1555.	  595.	    3.	    0.	  336.]
 [ 1250.	  227.	    9.	   12.	  151.]
 [10307.	  578.	    8.	   40.	  287.]
2025-11-10 02:02:14,411 - INFO - Epoch 2 saved.
2025-11-10 02:02:14,411 - INFO - model saved 3 times, last saved epoch: 2.

2025-11-10 02:02:16,617 - INFO - Epoch 3, Train loss: 0.9683851003646851
2025-11-10 02:02:17,441 - INFO - mIoU: 0.236; OA: 0.7086; AA: 0.3091; F1: 0.4948; Kappa: 0.4503;
2025-11-10 02:02:17,442 - INFO - spatial_LccAccuracy: 0.1748; spatial_PA: 0.5149; spatial_UA: 0.6281; spatial_F1: 0.5659
2025-11-10 02:02:17,442 - INFO - temporal_CdAccuracy: 0.0235; temporal_PA: 0.5665; temporal_UA: 0.53; temporal_F1: 0.5476
2025-11-10 02:02:17,443 - INFO - Confusion Matrix
 [69331.	10004.	   11.	    0.	   12.]
 [18698.	39365.	    8.	    0.	  633.]
 [  935.	 1497.	    0.	    0.	   57.]
 [ 1410.	  239.	    0.	    0.	    0.]
 [10655.	  552.	    0.	    0.	   13.]
2025-11-10 02:02:17,505 - INFO - Epoch 3 saved.
2025-11-10 02:02:17,505 - INFO - model saved 4 times, last saved epoch: 3.

2025-11-10 02:02:19,799 - INFO - Epoch 4, Train loss: 0.6888515949249268
2025-11-10 02:02:20,552 - INFO - mIoU: 0.2906; OA: 0.7969; AA: 0.3533; F1: 0.5675; Kappa: 0.6197;
2025-11-10 02:02:20,552 - INFO - spatial_LccAccuracy: 0.3606; spatial_PA: 0.5893; spatial_UA: 0.7574; spatial_F1: 0.6628
2025-11-10 02:02:20,552 - INFO - temporal_CdAccuracy: 0.1111; temporal_PA: 0.5815; temporal_UA: 0.5587; temporal_F1: 0.5698
2025-11-10 02:02:20,553 - INFO - Confusion Matrix
 [74075.	 5281.	    0.	    0.	    2.]
 [10582.	48012.	    0.	    0.	  110.]
 [  467.	 2010.	    0.	    0.	   12.]
 [ 1458.	  191.	    0.	    0.	    0.]
 [ 8917.	 2132.	    0.	    0.	  171.]
2025-11-10 02:02:20,636 - INFO - Epoch 4 saved.
2025-11-10 02:02:20,637 - INFO - model saved 5 times, last saved epoch: 4.

2025-11-10 02:02:22,778 - INFO - Epoch 5, Train loss: 0.5107156038284302
2025-11-10 02:02:23,608 - INFO - mIoU: 0.3987; OA: 0.8538; AA: 0.4502; F1: 0.7852; Kappa: 0.7351;
2025-11-10 02:02:23,608 - INFO - spatial_LccAccuracy: 0.4842; spatial_PA: 0.7138; spatial_UA: 0.7371; spatial_F1: 0.7253
2025-11-10 02:02:23,608 - INFO - temporal_CdAccuracy: 0.2366; temporal_PA: 0.5985; temporal_UA: 0.5724; temporal_F1: 0.5852
2025-11-10 02:02:23,609 - INFO - Confusion Matrix
 [74127.	 5231.	    0.	    0.	    0.]
 [ 6670.	52025.	    0.	    0.	    9.]
 [  201.	 2286.	    0.	    0.	    2.]
 [ 1494.	  155.	    0.	    0.	    0.]
 [ 3104.	 3269.	    1.	   12.	 4834.]
2025-11-10 02:02:23,675 - INFO - Epoch 5 saved.
2025-11-10 02:02:23,675 - INFO - model saved 6 times, last saved epoch: 5.

2025-11-10 02:02:25,960 - INFO - Epoch 6, Train loss: 0.4087466895580292
2025-11-10 02:02:26,743 - INFO - mIoU: 0.4904; OA: 0.8947; AA: 0.5301; F1: 0.6746; Kappa: 0.8131;
2025-11-10 02:02:26,743 - INFO - spatial_LccAccuracy: 0.4994; spatial_PA: 0.7289; spatial_UA: 0.7334; spatial_F1: 0.7312
2025-11-10 02:02:26,744 - INFO - temporal_CdAccuracy: 0.3074; temporal_PA: 0.6373; temporal_UA: 0.6559; temporal_F1: 0.6465
2025-11-10 02:02:26,744 - INFO - Confusion Matrix
 [74857.	 4501.	    0.	    0.	    0.]
 [ 5222.	53482.	    0.	    0.	    0.]
 [   87.	 2400.	    2.	    0.	    0.]
 [ 1233.	  416.	    0.	    0.	    0.]
 [  799.	 1484.	    0.	   11.	 8926.]
2025-11-10 02:02:26,809 - INFO - Epoch 6 saved.
2025-11-10 02:02:26,810 - INFO - model saved 7 times, last saved epoch: 6.

2025-11-10 02:02:28,931 - INFO - Epoch 7, Train loss: 0.32107236981391907
2025-11-10 02:02:29,764 - INFO - mIoU: 0.5234; OA: 0.9073; AA: 0.5585; F1: 0.7105; Kappa: 0.8357;
2025-11-10 02:02:29,764 - INFO - spatial_LccAccuracy: 0.5503; spatial_PA: 0.8393; spatial_UA: 0.7843; spatial_F1: 0.8108
2025-11-10 02:02:29,765 - INFO - temporal_CdAccuracy: 0.3618; temporal_PA: 0.6447; temporal_UA: 0.683; temporal_F1: 0.6633
2025-11-10 02:02:29,765 - INFO - Confusion Matrix
 [76166.	 3189.	    0.	    0.	    3.]
 [ 5821.	52881.	    0.	    0.	    2.]
 [  131.	 2261.	   87.	    0.	   10.]
 [ 1264.	  383.	    2.	    0.	    0.]
 [  711.	  445.	    0.	    0.	10064.]
2025-11-10 02:02:29,826 - INFO - Epoch 7 saved.
2025-11-10 02:02:29,827 - INFO - model saved 8 times, last saved epoch: 7.

2025-11-10 02:02:32,072 - INFO - Epoch 8, Train loss: 0.258028119802475
2025-11-10 02:02:32,943 - INFO - mIoU: 0.5654; OA: 0.9215; AA: 0.5976; F1: 0.6249; Kappa: 0.8617;
2025-11-10 02:02:32,943 - INFO - spatial_LccAccuracy: 0.5933; spatial_PA: 0.9085; spatial_UA: 0.8444; spatial_F1: 0.8753
2025-11-10 02:02:32,943 - INFO - temporal_CdAccuracy: 0.4466; temporal_PA: 0.6865; temporal_UA: 0.7254; temporal_F1: 0.7054
2025-11-10 02:02:32,944 - INFO - Confusion Matrix
 [76049.	 3282.	    0.	    0.	   27.]
 [ 4037.	54652.	    1.	    0.	   14.]
 [   73.	 1908.	  469.	    0.	   39.]
 [  996.	  647.	    5.	    1.	    0.]
 [  583.	  431.	    0.	    0.	10206.]
2025-11-10 02:02:33,002 - INFO - Epoch 8 saved.
2025-11-10 02:02:33,003 - INFO - model saved 9 times, last saved epoch: 8.

2025-11-10 02:02:35,376 - INFO - Epoch 9, Train loss: 0.22153283655643463
2025-11-10 02:02:36,163 - INFO - mIoU: 0.6116; OA: 0.9283; AA: 0.6425; F1: 0.6832; Kappa: 0.8743;
2025-11-10 02:02:36,163 - INFO - spatial_LccAccuracy: 0.6101; spatial_PA: 0.9275; spatial_UA: 0.8639; spatial_F1: 0.8946
2025-11-10 02:02:36,163 - INFO - temporal_CdAccuracy: 0.4673; temporal_PA: 0.7194; temporal_UA: 0.7511; temporal_F1: 0.7349
2025-11-10 02:02:36,164 - INFO - Confusion Matrix
 [75340.	 3969.	    1.	    0.	   48.]
 [ 2795.	55883.	    8.	    0.	   18.]
 [   52.	 1482.	  920.	    0.	   35.]
 [  913.	  684.	    2.	   50.	    0.]
 [  572.	  423.	    0.	    0.	10225.]
2025-11-10 02:02:36,229 - INFO - Epoch 9 saved.
2025-11-10 02:02:36,230 - INFO - model saved 10 times, last saved epoch: 9.

2025-11-10 02:02:38,378 - INFO - Epoch 10, Train loss: 0.19484081864356995
2025-11-10 02:02:39,179 - INFO - mIoU: 0.6935; OA: 0.9388; AA: 0.7216; F1: 0.7757; Kappa: 0.8928;
2025-11-10 02:02:39,179 - INFO - spatial_LccAccuracy: 0.6449; spatial_PA: 0.9159; spatial_UA: 0.8681; spatial_F1: 0.8913
2025-11-10 02:02:39,179 - INFO - temporal_CdAccuracy: 0.4943; temporal_PA: 0.7551; temporal_UA: 0.7784; temporal_F1: 0.7666
2025-11-10 02:02:39,180 - INFO - Confusion Matrix
 [76831.	 2451.	    8.	    1.	   67.]
 [ 3514.	55124.	   37.	    4.	   25.]
 [   39.	  892.	 1548.	    0.	   10.]
 [  847.	  530.	    0.	  272.	    0.]
 [  559.	  407.	    0.	    0.	10254.]
2025-11-10 02:02:39,242 - INFO - Epoch 10 saved.
2025-11-10 02:02:39,243 - INFO - model saved 11 times, last saved epoch: 10.

2025-11-10 02:02:41,487 - INFO - Epoch 11, Train loss: 0.1676996946334839
2025-11-10 02:02:42,294 - INFO - mIoU: 0.7776; OA: 0.9471; AA: 0.8111; F1: 0.8622; Kappa: 0.9081;
2025-11-10 02:02:42,294 - INFO - spatial_LccAccuracy: 0.682; spatial_PA: 0.9353; spatial_UA: 0.8861; spatial_F1: 0.91
2025-11-10 02:02:42,294 - INFO - temporal_CdAccuracy: 0.5256; temporal_PA: 0.7937; temporal_UA: 0.7973; temporal_F1: 0.7955
2025-11-10 02:02:42,295 - INFO - Confusion Matrix
 [76241.	 2959.	   18.	    6.	  134.]
 [ 2460.	56033.	   98.	   39.	   74.]
 [   14.	  613.	 1855.	    0.	    7.]
 [  658.	  220.	    0.	  771.	    0.]
 [  418.	  394.	    0.	    0.	10408.]
2025-11-10 02:02:42,358 - INFO - Epoch 11 saved.
2025-11-10 02:02:42,359 - INFO - model saved 12 times, last saved epoch: 11.

2025-11-10 02:02:44,414 - INFO - Epoch 12, Train loss: 0.14821657538414001
2025-11-10 02:02:45,194 - INFO - mIoU: 0.7892; OA: 0.952; AA: 0.8166; F1: 0.8697; Kappa: 0.9167;
2025-11-10 02:02:45,194 - INFO - spatial_LccAccuracy: 0.6985; spatial_PA: 0.937; spatial_UA: 0.8906; spatial_F1: 0.9132
2025-11-10 02:02:45,194 - INFO - temporal_CdAccuracy: 0.5479; temporal_PA: 0.8139; temporal_UA: 0.8149; temporal_F1: 0.8144
2025-11-10 02:02:45,195 - INFO - Confusion Matrix
 [76457.	 2798.	    4.	    2.	   97.]
 [ 2132.	56430.	   68.	   12.	   62.]
 [   22.	  596.	 1869.	    0.	    2.]
 [  613.	  263.	    0.	  773.	    0.]
 [  327.	  358.	    3.	    0.	10532.]
2025-11-10 02:02:45,258 - INFO - Epoch 12 saved.
2025-11-10 02:02:45,259 - INFO - model saved 13 times, last saved epoch: 12.

2025-11-10 02:02:47,380 - INFO - Epoch 13, Train loss: 0.13060763478279114
2025-11-10 02:02:48,139 - INFO - mIoU: 0.8238; OA: 0.956; AA: 0.8554; F1: 0.896; Kappa: 0.9236;
2025-11-10 02:02:48,139 - INFO - spatial_LccAccuracy: 0.7341; spatial_PA: 0.9299; spatial_UA: 0.8923; spatial_F1: 0.9107
2025-11-10 02:02:48,140 - INFO - temporal_CdAccuracy: 0.5804; temporal_PA: 0.8311; temporal_UA: 0.8356; temporal_F1: 0.8334
2025-11-10 02:02:48,140 - INFO - Confusion Matrix
 [77641.	 1646.	   11.	    6.	   54.]
 [ 3044.	55424.	  115.	   61.	   60.]
 [   19.	  405.	 2064.	    0.	    1.]
 [  518.	  172.	    0.	  959.	    0.]
 [  333.	  294.	    4.	    0.	10589.]
2025-11-10 02:02:48,201 - INFO - Epoch 13 saved.
2025-11-10 02:02:48,202 - INFO - model saved 14 times, last saved epoch: 13.

2025-11-10 02:02:50,393 - INFO - Epoch 14, Train loss: 0.11712537705898285
2025-11-10 02:02:51,230 - INFO - mIoU: 0.8471; OA: 0.9619; AA: 0.8818; F1: 0.9115; Kappa: 0.934;
2025-11-10 02:02:51,231 - INFO - spatial_LccAccuracy: 0.7536; spatial_PA: 0.9465; spatial_UA: 0.9217; spatial_F1: 0.9339
2025-11-10 02:02:51,231 - INFO - temporal_CdAccuracy: 0.6031; temporal_PA: 0.8531; temporal_UA: 0.8488; temporal_F1: 0.8509
2025-11-10 02:02:51,232 - INFO - Confusion Matrix
 [77360.	 1889.	   10.	   21.	   78.]
 [ 2228.	56180.	  112.	  102.	   82.]
 [   10.	  337.	 2142.	    0.	    0.]
 [  405.	  166.	    1.	 1077.	    0.]
 [  147.	  261.	    0.	    0.	10812.]
2025-11-10 02:02:51,292 - INFO - Epoch 14 saved.
2025-11-10 02:02:51,293 - INFO - model saved 15 times, last saved epoch: 14.

2025-11-10 02:02:53,393 - INFO - Epoch 15, Train loss: 0.10640659928321838
2025-11-10 02:02:54,204 - INFO - mIoU: 0.8582; OA: 0.9642; AA: 0.8935; F1: 0.9188; Kappa: 0.9381;
2025-11-10 02:02:54,204 - INFO - spatial_LccAccuracy: 0.7708; spatial_PA: 0.9467; spatial_UA: 0.9298; spatial_F1: 0.9382
2025-11-10 02:02:54,204 - INFO - temporal_CdAccuracy: 0.6167; temporal_PA: 0.8662; temporal_UA: 0.8557; temporal_F1: 0.8609
2025-11-10 02:02:54,205 - INFO - Confusion Matrix
 [77370.	 1907.	    8.	   15.	   58.]
 [ 2051.	56315.	  146.	   84.	  108.]
 [   11.	  267.	 2210.	    1.	    0.]
 [  364.	  171.	    6.	 1108.	    0.]
 [   97.	  199.	    2.	    0.	10922.]
2025-11-10 02:02:54,267 - INFO - Epoch 15 saved.
2025-11-10 02:02:54,267 - INFO - model saved 16 times, last saved epoch: 15.

2025-11-10 02:02:56,572 - INFO - Epoch 16, Train loss: 0.10152728110551834
2025-11-10 02:02:57,441 - INFO - mIoU: 0.8664; OA: 0.9653; AA: 0.9; F1: 0.9243; Kappa: 0.9401;
2025-11-10 02:02:57,442 - INFO - spatial_LccAccuracy: 0.774; spatial_PA: 0.9537; spatial_UA: 0.9446; spatial_F1: 0.9491
2025-11-10 02:02:57,442 - INFO - temporal_CdAccuracy: 0.6203; temporal_PA: 0.8796; temporal_UA: 0.8567; temporal_F1: 0.868
2025-11-10 02:02:57,443 - INFO - Confusion Matrix
 [76859.	 2408.	    9.	   19.	   63.]
 [ 1474.	56938.	   98.	   97.	   97.]
 [    7.	  289.	 2193.	    0.	    0.]
 [  307.	  176.	    2.	 1163.	    1.]
 [   63.	  215.	    1.	    0.	10941.]
2025-11-10 02:02:57,504 - INFO - Epoch 16 saved.
2025-11-10 02:02:57,504 - INFO - model saved 17 times, last saved epoch: 16.

2025-11-10 02:02:59,661 - INFO - Epoch 17, Train loss: 0.09028542041778564
2025-11-10 02:03:00,440 - INFO - mIoU: 0.8632; OA: 0.9652; AA: 0.9163; F1: 0.9223; Kappa: 0.9399;
2025-11-10 02:03:00,440 - INFO - spatial_LccAccuracy: 0.7732; spatial_PA: 0.9565; spatial_UA: 0.9456; spatial_F1: 0.951
2025-11-10 02:03:00,440 - INFO - temporal_CdAccuracy: 0.5948; temporal_PA: 0.8786; temporal_UA: 0.8488; temporal_F1: 0.8634
2025-11-10 02:03:00,441 - INFO - Confusion Matrix
 [77881.	 1395.	   22.	   26.	   34.]
 [ 2460.	55629.	  288.	  175.	  152.]
 [    8.	  160.	 2321.	    0.	    0.]
 [  362.	   61.	   10.	 1214.	    2.]
 [   64.	  116.	    4.	    0.	11036.]
2025-11-10 02:03:00,442 - INFO - model saved 17 times, last saved epoch: 16.

2025-11-10 02:03:02,799 - INFO - Epoch 18, Train loss: 0.08484440296888351
2025-11-10 02:03:03,605 - INFO - mIoU: 0.8715; OA: 0.9672; AA: 0.8975; F1: 0.9273; Kappa: 0.9434;
2025-11-10 02:03:03,606 - INFO - spatial_LccAccuracy: 0.7857; spatial_PA: 0.9619; spatial_UA: 0.9612; spatial_F1: 0.9616
2025-11-10 02:03:03,606 - INFO - temporal_CdAccuracy: 0.621; temporal_PA: 0.8754; temporal_UA: 0.857; temporal_F1: 0.8661
2025-11-10 02:03:03,607 - INFO - Confusion Matrix
 [76808.	 2520.	    2.	   13.	   15.]
 [ 1182.	57324.	   68.	   58.	   72.]
 [   10.	  304.	 2175.	    0.	    0.]
 [  264.	  239.	    1.	 1145.	    0.]
 [   54.	  226.	    0.	    0.	10940.]
2025-11-10 02:03:03,687 - INFO - Epoch 18 saved.
2025-11-10 02:03:03,688 - INFO - model saved 18 times, last saved epoch: 18.

2025-11-10 02:03:05,824 - INFO - Epoch 19, Train loss: 0.0796491801738739
2025-11-10 02:03:06,659 - INFO - mIoU: 0.8859; OA: 0.9706; AA: 0.9129; F1: 0.9367; Kappa: 0.9491;
2025-11-10 02:03:06,660 - INFO - spatial_LccAccuracy: 0.8088; spatial_PA: 0.9535; spatial_UA: 0.9619; spatial_F1: 0.9577
2025-11-10 02:03:06,660 - INFO - temporal_CdAccuracy: 0.6504; temporal_PA: 0.8993; temporal_UA: 0.8793; temporal_F1: 0.8892
2025-11-10 02:03:06,661 - INFO - Confusion Matrix
 [78018.	 1301.	    3.	   21.	   15.]
 [ 2015.	56453.	  101.	   49.	   86.]
 [   11.	  244.	 2234.	    0.	    0.]
 [  211.	  207.	    4.	 1227.	    0.]
 [   58.	  189.	    0.	    0.	10973.]
2025-11-10 02:03:06,723 - INFO - Epoch 19 saved.
2025-11-10 02:03:06,724 - INFO - model saved 19 times, last saved epoch: 19.

2025-11-10 02:03:08,700 - INFO - Epoch 20, Train loss: 0.0756426677107811
2025-11-10 02:03:09,504 - INFO - mIoU: 0.8853; OA: 0.9692; AA: 0.9127; F1: 0.9365; Kappa: 0.9468;
2025-11-10 02:03:09,505 - INFO - spatial_LccAccuracy: 0.7959; spatial_PA: 0.9721; spatial_UA: 0.9584; spatial_F1: 0.9652
2025-11-10 02:03:09,505 - INFO - temporal_CdAccuracy: 0.6398; temporal_PA: 0.8915; temporal_UA: 0.8652; temporal_F1: 0.8782
2025-11-10 02:03:09,506 - INFO - Confusion Matrix
 [76827.	 2492.	    5.	   10.	   24.]
 [ 1040.	57424.	   77.	   64.	   99.]
 [    7.	  269.	 2213.	    0.	    0.]
 [  270.	  143.	    2.	 1234.	    0.]
 [   52.	  175.	    0.	    0.	10993.]
2025-11-10 02:03:09,507 - INFO - model saved 19 times, last saved epoch: 19.

2025-11-10 02:03:11,752 - INFO - Epoch 21, Train loss: 0.06780670583248138
2025-11-10 02:03:12,576 - INFO - mIoU: 0.8974; OA: 0.9724; AA: 0.9304; F1: 0.944; Kappa: 0.9524;
2025-11-10 02:03:12,576 - INFO - spatial_LccAccuracy: 0.8236; spatial_PA: 0.9675; spatial_UA: 0.9754; spatial_F1: 0.9714
2025-11-10 02:03:12,576 - INFO - temporal_CdAccuracy: 0.6645; temporal_PA: 0.9055; temporal_UA: 0.8795; temporal_F1: 0.8923
2025-11-10 02:03:12,577 - INFO - Confusion Matrix
 [77103.	 2210.	   13.	   16.	   16.]
 [  966.	57418.	  164.	   56.	  100.]
 [    4.	  181.	 2304.	    0.	    0.]
 [  139.	  195.	    6.	 1306.	    3.]
 [   38.	  128.	    4.	    0.	11050.]
2025-11-10 02:03:12,639 - INFO - Epoch 21 saved.
2025-11-10 02:03:12,640 - INFO - model saved 20 times, last saved epoch: 21.

2025-11-10 02:03:14,847 - INFO - Epoch 22, Train loss: 0.06293907016515732
2025-11-10 02:03:15,672 - INFO - mIoU: 0.9083; OA: 0.9728; AA: 0.9541; F1: 0.9508; Kappa: 0.9532;
2025-11-10 02:03:15,673 - INFO - spatial_LccAccuracy: 0.8553; spatial_PA: 0.9724; spatial_UA: 0.9811; spatial_F1: 0.9768
2025-11-10 02:03:15,673 - INFO - temporal_CdAccuracy: 0.6793; temporal_PA: 0.9134; temporal_UA: 0.8897; temporal_F1: 0.9014
2025-11-10 02:03:15,674 - INFO - Confusion Matrix
 [77066.	 2191.	   15.	   45.	   41.]
 [  977.	57258.	  201.	  117.	  151.]
 [    4.	  125.	 2360.	    0.	    0.]
 [   99.	   70.	   13.	 1462.	    5.]
 [   15.	  105.	    0.	    0.	11100.]
2025-11-10 02:03:15,735 - INFO - Epoch 22 saved.
2025-11-10 02:03:15,736 - INFO - model saved 21 times, last saved epoch: 22.

2025-11-10 02:03:17,911 - INFO - Epoch 23, Train loss: 0.05867543816566467
2025-11-10 02:03:18,729 - INFO - mIoU: 0.9035; OA: 0.9746; AA: 0.9239; F1: 0.9476; Kappa: 0.956;
2025-11-10 02:03:18,729 - INFO - spatial_LccAccuracy: 0.8408; spatial_PA: 0.9636; spatial_UA: 0.9804; spatial_F1: 0.9719
2025-11-10 02:03:18,729 - INFO - temporal_CdAccuracy: 0.6742; temporal_PA: 0.9121; temporal_UA: 0.8923; temporal_F1: 0.9021
2025-11-10 02:03:18,730 - INFO - Confusion Matrix
 [77836.	 1503.	    7.	   12.	    0.]
 [ 1404.	57153.	   60.	   29.	   58.]
 [    7.	  264.	 2218.	    0.	    0.]
 [  113.	  224.	    3.	 1309.	    0.]
 [   52.	  168.	    0.	    0.	11000.]
2025-11-10 02:03:18,731 - INFO - model saved 21 times, last saved epoch: 22.

2025-11-10 02:03:20,976 - INFO - Epoch 24, Train loss: 0.05653911828994751
2025-11-10 02:03:21,885 - INFO - mIoU: 0.8895; OA: 0.9621; AA: 0.9165; F1: 0.9397; Kappa: 0.9342;
2025-11-10 02:03:21,885 - INFO - spatial_LccAccuracy: 0.8131; spatial_PA: 0.9371; spatial_UA: 0.9395; spatial_F1: 0.9383
2025-11-10 02:03:21,885 - INFO - temporal_CdAccuracy: 0.6101; temporal_PA: 0.8756; temporal_UA: 0.8507; temporal_F1: 0.8629
2025-11-10 02:03:21,886 - INFO - Confusion Matrix
 [78742.	  607.	    0.	    2.	    7.]
 [ 4154.	54323.	   71.	   69.	   87.]
 [   35.	  215.	 2239.	    0.	    0.]
 [  319.	   36.	    1.	 1293.	    0.]
 [   93.	  117.	    0.	    0.	11010.]
2025-11-10 02:03:21,887 - INFO - model saved 21 times, last saved epoch: 22.

2025-11-10 02:03:24,121 - INFO - Epoch 25, Train loss: 0.05283112823963165
2025-11-10 02:03:24,917 - INFO - mIoU: 0.9185; OA: 0.9754; AA: 0.9544; F1: 0.9566; Kappa: 0.9576;
2025-11-10 02:03:24,918 - INFO - spatial_LccAccuracy: 0.8631; spatial_PA: 0.9695; spatial_UA: 0.9701; spatial_F1: 0.9698
2025-11-10 02:03:24,918 - INFO - temporal_CdAccuracy: 0.6856; temporal_PA: 0.9199; temporal_UA: 0.8992; temporal_F1: 0.9095
2025-11-10 02:03:24,919 - INFO - Confusion Matrix
 [78206.	 1106.	   11.	   13.	   22.]
 [ 1794.	56524.	  150.	  107.	  129.]
 [    7.	  131.	 2350.	    1.	    0.]
 [  150.	   23.	    8.	 1467.	    1.]
 [   27.	   87.	    0.	    0.	11106.]
2025-11-10 02:03:24,981 - INFO - Epoch 25 saved.
2025-11-10 02:03:24,982 - INFO - model saved 22 times, last saved epoch: 25.

2025-11-10 02:03:27,174 - INFO - Epoch 26, Train loss: 0.0477297380566597
2025-11-10 02:03:28,081 - INFO - mIoU: 0.9166; OA: 0.9751; AA: 0.9376; F1: 0.9557; Kappa: 0.957;
2025-11-10 02:03:28,082 - INFO - spatial_LccAccuracy: 0.8643; spatial_PA: 0.9828; spatial_UA: 0.975; spatial_F1: 0.9789
2025-11-10 02:03:28,082 - INFO - temporal_CdAccuracy: 0.6918; temporal_PA: 0.9156; temporal_UA: 0.9017; temporal_F1: 0.9086
2025-11-10 02:03:28,083 - INFO - Confusion Matrix
 [77507.	 1836.	    6.	    7.	    2.]
 [ 1077.	57479.	   45.	   49.	   54.]
 [   10.	  273.	 2206.	    0.	    0.]
 [  140.	   79.	    0.	 1430.	    0.]
 [   43.	  198.	    0.	    0.	10979.]
2025-11-10 02:03:28,084 - INFO - model saved 22 times, last saved epoch: 25.

2025-11-10 02:03:30,384 - INFO - Epoch 27, Train loss: 0.04216809570789337
2025-11-10 02:03:31,215 - INFO - mIoU: 0.9243; OA: 0.9725; AA: 0.9505; F1: 0.9602; Kappa: 0.9527;
2025-11-10 02:03:31,215 - INFO - spatial_LccAccuracy: 0.8498; spatial_PA: 0.9785; spatial_UA: 0.9778; spatial_F1: 0.9781
2025-11-10 02:03:31,216 - INFO - temporal_CdAccuracy: 0.6731; temporal_PA: 0.9082; temporal_UA: 0.8833; temporal_F1: 0.8956
2025-11-10 02:03:31,216 - INFO - Confusion Matrix
 [76571.	 2759.	   14.	   11.	    3.]
 [  704.	57784.	  103.	   24.	   89.]
 [    2.	  154.	 2333.	    0.	    0.]
 [  105.	   85.	    8.	 1451.	    0.]
 [   30.	  126.	    0.	    0.	11064.]
2025-11-10 02:03:31,290 - INFO - Epoch 27 saved.
2025-11-10 02:03:31,291 - INFO - model saved 23 times, last saved epoch: 27.

2025-11-10 02:03:33,476 - INFO - Epoch 28, Train loss: 0.04324138164520264
2025-11-10 02:03:34,301 - INFO - mIoU: 0.9256; OA: 0.9759; AA: 0.9494; F1: 0.9608; Kappa: 0.9585;
2025-11-10 02:03:34,301 - INFO - spatial_LccAccuracy: 0.8702; spatial_PA: 0.9824; spatial_UA: 0.9798; spatial_F1: 0.9811
2025-11-10 02:03:34,302 - INFO - temporal_CdAccuracy: 0.6926; temporal_PA: 0.9118; temporal_UA: 0.896; temporal_F1: 0.9038
2025-11-10 02:03:34,302 - INFO - Confusion Matrix
 [77320.	 2021.	    7.	    9.	    1.]
 [  902.	57619.	   74.	   53.	   56.]
 [    7.	  187.	 2294.	    1.	    0.]
 [  133.	   52.	    2.	 1462.	    0.]
 [   37.	  153.	    0.	    0.	11030.]
2025-11-10 02:03:34,365 - INFO - Epoch 28 saved.
2025-11-10 02:03:34,366 - INFO - model saved 24 times, last saved epoch: 28.

2025-11-10 02:03:36,704 - INFO - Epoch 29, Train loss: 0.04058082401752472
2025-11-10 02:03:37,480 - INFO - mIoU: 0.9295; OA: 0.9752; AA: 0.9635; F1: 0.963; Kappa: 0.9573;
2025-11-10 02:03:37,481 - INFO - spatial_LccAccuracy: 0.8709; spatial_PA: 0.9856; spatial_UA: 0.9883; spatial_F1: 0.987
2025-11-10 02:03:37,481 - INFO - temporal_CdAccuracy: 0.6942; temporal_PA: 0.9243; temporal_UA: 0.8991; temporal_F1: 0.9115
2025-11-10 02:03:37,482 - INFO - Confusion Matrix
 [77131.	 2186.	   12.	   29.	    0.]
 [  884.	57514.	  140.	   67.	   99.]
 [    4.	  104.	 2379.	    2.	    0.]
 [   71.	   47.	    8.	 1523.	    0.]
 [   34.	  117.	    1.	    0.	11068.]
2025-11-10 02:03:37,543 - INFO - Epoch 29 saved.
2025-11-10 02:03:37,544 - INFO - model saved 25 times, last saved epoch: 29.

2025-11-10 02:03:39,624 - INFO - Epoch 30, Train loss: 0.03680572286248207
2025-11-10 02:03:40,446 - INFO - mIoU: 0.9204; OA: 0.9775; AA: 0.973; F1: 0.9579; Kappa: 0.9613;
2025-11-10 02:03:40,447 - INFO - spatial_LccAccuracy: 0.8811; spatial_PA: 0.9684; spatial_UA: 0.989; spatial_F1: 0.9786
2025-11-10 02:03:40,447 - INFO - temporal_CdAccuracy: 0.7102; temporal_PA: 0.9279; temporal_UA: 0.9086; temporal_F1: 0.9181
2025-11-10 02:03:40,448 - INFO - Confusion Matrix
 [78215.	 1017.	   24.	   46.	   56.]
 [ 1386.	56573.	  258.	  121.	  366.]
 [    3.	   58.	 2426.	    2.	    0.]
 [   55.	   19.	   11.	 1555.	    9.]
 [    1.	   24.	    0.	    0.	11195.]
2025-11-10 02:03:40,449 - INFO - model saved 25 times, last saved epoch: 29.

2025-11-10 02:03:42,605 - INFO - Epoch 31, Train loss: 0.03463665768504143
2025-11-10 02:03:43,390 - INFO - mIoU: 0.9367; OA: 0.979; AA: 0.9634; F1: 0.9669; Kappa: 0.9638;
2025-11-10 02:03:43,390 - INFO - spatial_LccAccuracy: 0.8893; spatial_PA: 0.9789; spatial_UA: 0.9796; spatial_F1: 0.9793
2025-11-10 02:03:43,390 - INFO - temporal_CdAccuracy: 0.711; temporal_PA: 0.9319; temporal_UA: 0.9174; temporal_F1: 0.9246
2025-11-10 02:03:43,391 - INFO - Confusion Matrix
 [77939.	 1401.	    7.	   11.	    0.]
 [ 1161.	57310.	   86.	   81.	   66.]
 [   13.	  135.	 2338.	    3.	    0.]
 [   87.	   24.	    1.	 1537.	    0.]
 [   25.	  118.	    0.	    0.	11077.]
2025-11-10 02:03:43,449 - INFO - Epoch 31 saved.
2025-11-10 02:03:43,450 - INFO - model saved 26 times, last saved epoch: 31.

2025-11-10 02:03:45,677 - INFO - Epoch 32, Train loss: 0.03362889587879181
2025-11-10 02:03:46,491 - INFO - mIoU: 0.9364; OA: 0.978; AA: 0.9569; F1: 0.9668; Kappa: 0.9621;
2025-11-10 02:03:46,491 - INFO - spatial_LccAccuracy: 0.8862; spatial_PA: 0.9873; spatial_UA: 0.9914; spatial_F1: 0.9893
2025-11-10 02:03:46,491 - INFO - temporal_CdAccuracy: 0.7083; temporal_PA: 0.9306; temporal_UA: 0.9103; temporal_F1: 0.9203
2025-11-10 02:03:46,492 - INFO - Confusion Matrix
 [77499.	 1843.	    7.	    8.	    1.]
 [  854.	57720.	   67.	   37.	   26.]
 [    5.	  175.	 2309.	    0.	    0.]
 [   80.	   55.	    3.	 1511.	    0.]
 [   38.	  177.	    0.	    0.	11005.]
2025-11-10 02:03:46,493 - INFO - model saved 26 times, last saved epoch: 31.

2025-11-10 02:03:48,601 - INFO - Epoch 33, Train loss: 0.02993902936577797
2025-11-10 02:03:49,422 - INFO - mIoU: 0.9418; OA: 0.9798; AA: 0.9687; F1: 0.9697; Kappa: 0.9652;
2025-11-10 02:03:49,422 - INFO - spatial_LccAccuracy: 0.8917; spatial_PA: 0.9781; spatial_UA: 0.9862; spatial_F1: 0.9821
2025-11-10 02:03:49,422 - INFO - temporal_CdAccuracy: 0.7165; temporal_PA: 0.9335; temporal_UA: 0.9181; temporal_F1: 0.9257
2025-11-10 02:03:49,423 - INFO - Confusion Matrix
 [78058.	 1274.	    8.	   18.	    0.]
 [ 1203.	57269.	   86.	   77.	   69.]
 [    6.	  119.	 2361.	    3.	    0.]
 [   65.	   19.	    0.	 1565.	    0.]
 [   39.	  112.	    0.	    0.	11069.]
2025-11-10 02:03:49,483 - INFO - Epoch 33 saved.
2025-11-10 02:03:49,484 - INFO - model saved 27 times, last saved epoch: 33.

2025-11-10 02:03:51,671 - INFO - Epoch 34, Train loss: 0.0270339734852314
2025-11-10 02:03:52,452 - INFO - mIoU: 0.9413; OA: 0.9795; AA: 0.9635; F1: 0.9695; Kappa: 0.9647;
2025-11-10 02:03:52,453 - INFO - spatial_LccAccuracy: 0.887; spatial_PA: 0.988; spatial_UA: 0.9907; spatial_F1: 0.9893
2025-11-10 02:03:52,453 - INFO - temporal_CdAccuracy: 0.7102; temporal_PA: 0.9282; temporal_UA: 0.911; temporal_F1: 0.9195
2025-11-10 02:03:52,454 - INFO - Confusion Matrix
 [77767.	 1575.	   10.	    6.	    0.]
 [  951.	57501.	  104.	   20.	  128.]
 [    4.	  110.	 2373.	    2.	    0.]
 [   79.	   64.	    1.	 1505.	    0.]
 [   18.	   74.	    0.	    0.	11128.]
2025-11-10 02:03:52,455 - INFO - model saved 27 times, last saved epoch: 33.

2025-11-10 02:03:54,641 - INFO - Epoch 35, Train loss: 0.02455534227192402
2025-11-10 02:03:55,483 - INFO - mIoU: 0.9368; OA: 0.9776; AA: 0.9644; F1: 0.9671; Kappa: 0.9613;
2025-11-10 02:03:55,483 - INFO - spatial_LccAccuracy: 0.8823; spatial_PA: 0.9709; spatial_UA: 0.9722; spatial_F1: 0.9716
2025-11-10 02:03:55,483 - INFO - temporal_CdAccuracy: 0.7067; temporal_PA: 0.9309; temporal_UA: 0.9117; temporal_F1: 0.9212
2025-11-10 02:03:55,484 - INFO - Confusion Matrix
 [78687.	  665.	    3.	    3.	    0.]
 [ 2087.	56262.	   87.	   84.	  184.]
 [   18.	  113.	 2355.	    3.	    0.]
 [   99.	   11.	    0.	 1539.	    0.]
 [   37.	   46.	    0.	    0.	11137.]
2025-11-10 02:03:55,485 - INFO - model saved 27 times, last saved epoch: 33.

2025-11-10 02:03:57,680 - INFO - Epoch 36, Train loss: 0.027946537360548973
2025-11-10 02:03:58,504 - INFO - mIoU: 0.9454; OA: 0.9807; AA: 0.9655; F1: 0.9717; Kappa: 0.9667;
2025-11-10 02:03:58,504 - INFO - spatial_LccAccuracy: 0.8971; spatial_PA: 0.9763; spatial_UA: 0.9893; spatial_F1: 0.9827
2025-11-10 02:03:58,505 - INFO - temporal_CdAccuracy: 0.7196; temporal_PA: 0.9371; temporal_UA: 0.9202; temporal_F1: 0.9286
2025-11-10 02:03:58,506 - INFO - Confusion Matrix
 [78234.	 1105.	    6.	    6.	    7.]
 [ 1259.	57200.	   89.	   20.	  136.]
 [    8.	  119.	 2362.	    0.	    0.]
 [   69.	   53.	    0.	 1527.	    0.]
 [   19.	   69.	    0.	    0.	11132.]
2025-11-10 02:03:58,568 - INFO - Epoch 36 saved.
2025-11-10 02:03:58,569 - INFO - model saved 28 times, last saved epoch: 36.

2025-11-10 02:04:00,768 - INFO - Epoch 37, Train loss: 0.02069520391523838
2025-11-10 02:04:01,563 - INFO - mIoU: 0.9376; OA: 0.9793; AA: 0.9523; F1: 0.9675; Kappa: 0.9643;
2025-11-10 02:04:01,563 - INFO - spatial_LccAccuracy: 0.894; spatial_PA: 0.9776; spatial_UA: 0.9809; spatial_F1: 0.9792
2025-11-10 02:04:01,563 - INFO - temporal_CdAccuracy: 0.7133; temporal_PA: 0.9376; temporal_UA: 0.9139; temporal_F1: 0.9256
2025-11-10 02:04:01,564 - INFO - Confusion Matrix
 [78048.	 1300.	    5.	    5.	    0.]
 [ 1174.	57439.	   48.	    7.	   36.]
 [    6.	  213.	 2270.	    0.	    0.]
 [  100.	   52.	    0.	 1497.	    0.]
 [   42.	  182.	    0.	    1.	10995.]
2025-11-10 02:04:01,565 - INFO - model saved 28 times, last saved epoch: 36.

2025-11-10 02:04:03,836 - INFO - Epoch 38, Train loss: 0.02028976008296013
2025-11-10 02:04:04,651 - INFO - mIoU: 0.9445; OA: 0.9795; AA: 0.9631; F1: 0.9713; Kappa: 0.9647;
2025-11-10 02:04:04,652 - INFO - spatial_LccAccuracy: 0.8944; spatial_PA: 0.9824; spatial_UA: 0.9891; spatial_F1: 0.9857
2025-11-10 02:04:04,652 - INFO - temporal_CdAccuracy: 0.7172; temporal_PA: 0.9311; temporal_UA: 0.917; temporal_F1: 0.924
2025-11-10 02:04:04,653 - INFO - Confusion Matrix
 [77612.	 1727.	   10.	    9.	    0.]
 [  819.	57705.	   70.	   10.	  100.]
 [    3.	  152.	 2334.	    0.	    0.]
 [   64.	   54.	    1.	 1530.	    0.]
 [   25.	   98.	    0.	    0.	11097.]
2025-11-10 02:04:04,654 - INFO - model saved 28 times, last saved epoch: 36.

2025-11-10 02:04:06,563 - INFO - Epoch 39, Train loss: 0.01978210359811783
2025-11-10 02:04:07,383 - INFO - mIoU: 0.9425; OA: 0.9793; AA: 0.9756; F1: 0.9701; Kappa: 0.9644;
2025-11-10 02:04:07,383 - INFO - spatial_LccAccuracy: 0.8932; spatial_PA: 0.9746; spatial_UA: 0.9861; spatial_F1: 0.9803
2025-11-10 02:04:07,383 - INFO - temporal_CdAccuracy: 0.7063; temporal_PA: 0.9392; temporal_UA: 0.9128; temporal_F1: 0.9258
2025-11-10 02:04:07,384 - INFO - Confusion Matrix
 [78317.	 1022.	   11.	    8.	    0.]
 [ 1543.	56799.	  143.	   98.	  121.]
 [    5.	   65.	 2416.	    3.	    0.]
 [   58.	    7.	    0.	 1584.	    0.]
 [   22.	   67.	    0.	    0.	11131.]
2025-11-10 02:04:07,385 - INFO - model saved 28 times, last saved epoch: 36.

2025-11-10 02:04:09,620 - INFO - Epoch 40, Train loss: 0.017322462052106857
2025-11-10 02:04:10,434 - INFO - mIoU: 0.9264; OA: 0.9788; AA: 0.9813; F1: 0.9611; Kappa: 0.9635;
2025-11-10 02:04:10,434 - INFO - spatial_LccAccuracy: 0.8921; spatial_PA: 0.9821; spatial_UA: 0.9882; spatial_F1: 0.9851
2025-11-10 02:04:10,435 - INFO - temporal_CdAccuracy: 0.7223; temporal_PA: 0.9409; temporal_UA: 0.9164; temporal_F1: 0.9285
2025-11-10 02:04:10,435 - INFO - Confusion Matrix
 [78170.	 1122.	   22.	   32.	   12.]
 [ 1272.	56762.	  311.	  165.	  194.]
 [    3.	   22.	 2461.	    3.	    0.]
 [   49.	    0.	    0.	 1600.	    0.]
 [   17.	   31.	    0.	    0.	11172.]
2025-11-10 02:04:10,437 - INFO - model saved 28 times, last saved epoch: 36.

2025-11-10 02:04:12,429 - INFO - Epoch 41, Train loss: 0.017802279442548752
2025-11-10 02:04:13,249 - INFO - mIoU: 0.9502; OA: 0.9811; AA: 0.9716; F1: 0.9743; Kappa: 0.9674;
2025-11-10 02:04:13,250 - INFO - spatial_LccAccuracy: 0.9097; spatial_PA: 0.9796; spatial_UA: 0.9919; spatial_F1: 0.9857
2025-11-10 02:04:13,250 - INFO - temporal_CdAccuracy: 0.7208; temporal_PA: 0.9443; temporal_UA: 0.9194; temporal_F1: 0.9317
2025-11-10 02:04:13,251 - INFO - Confusion Matrix
 [78080.	 1246.	   11.	   14.	    7.]
 [ 1068.	57341.	   91.	   12.	  192.]
 [    4.	  108.	 2377.	    0.	    0.]
 [   51.	   34.	    1.	 1563.	    0.]
 [   13.	   48.	    0.	    0.	11159.]
2025-11-10 02:04:13,312 - INFO - Epoch 41 saved.
2025-11-10 02:04:13,313 - INFO - model saved 29 times, last saved epoch: 41.

2025-11-10 02:04:15,273 - INFO - Epoch 42, Train loss: 0.016723837703466415
2025-11-10 02:04:16,130 - INFO - mIoU: 0.9425; OA: 0.9798; AA: 0.9718; F1: 0.9701; Kappa: 0.9651;
2025-11-10 02:04:16,130 - INFO - spatial_LccAccuracy: 0.8901; spatial_PA: 0.9799; spatial_UA: 0.9799; spatial_F1: 0.9799
2025-11-10 02:04:16,130 - INFO - temporal_CdAccuracy: 0.7145; temporal_PA: 0.9385; temporal_UA: 0.917; temporal_F1: 0.9276
2025-11-10 02:04:16,131 - INFO - Confusion Matrix
 [78445.	  904.	    5.	    4.	    0.]
 [ 1596.	56774.	  101.	  100.	  133.]
 [   10.	   78.	 2398.	    3.	    0.]
 [   86.	    1.	    0.	 1562.	    0.]
 [   30.	   54.	    0.	    0.	11136.]
2025-11-10 02:04:16,132 - INFO - model saved 29 times, last saved epoch: 41.

2025-11-10 02:04:18,470 - INFO - Epoch 43, Train loss: 0.016195302829146385
2025-11-10 02:04:19,239 - INFO - mIoU: 0.9446; OA: 0.9761; AA: 0.9732; F1: 0.9714; Kappa: 0.9589;
2025-11-10 02:04:19,239 - INFO - spatial_LccAccuracy: 0.8768; spatial_PA: 0.9828; spatial_UA: 0.9875; spatial_F1: 0.9852
2025-11-10 02:04:19,239 - INFO - temporal_CdAccuracy: 0.6942; temporal_PA: 0.9351; temporal_UA: 0.902; temporal_F1: 0.9183
2025-11-10 02:04:19,240 - INFO - Confusion Matrix
 [77198.	 2140.	    9.	    7.	    4.]
 [  953.	57436.	  107.	   57.	  151.]
 [    8.	   72.	 2407.	    2.	    0.]
 [   64.	   11.	    0.	 1574.	    0.]
 [   12.	   66.	    0.	    0.	11142.]
2025-11-10 02:04:19,241 - INFO - model saved 29 times, last saved epoch: 41.

2025-11-10 02:04:21,653 - INFO - Epoch 44, Train loss: 0.015910496935248375
2025-11-10 02:04:22,479 - INFO - mIoU: 0.951; OA: 0.9805; AA: 0.97; F1: 0.9748; Kappa: 0.9663;
2025-11-10 02:04:22,480 - INFO - spatial_LccAccuracy: 0.9014; spatial_PA: 0.9837; spatial_UA: 0.9878; spatial_F1: 0.9858
2025-11-10 02:04:22,480 - INFO - temporal_CdAccuracy: 0.7227; temporal_PA: 0.9393; temporal_UA: 0.9221; temporal_F1: 0.9306
2025-11-10 02:04:22,481 - INFO - Confusion Matrix
 [77820.	 1524.	    7.	    7.	    0.]
 [  907.	57673.	   70.	   32.	   22.]
 [    3.	  110.	 2376.	    0.	    0.]
 [   56.	   20.	    0.	 1573.	    0.]
 [   61.	  178.	    0.	    1.	10980.]
2025-11-10 02:04:22,543 - INFO - Epoch 44 saved.
2025-11-10 02:04:22,544 - INFO - model saved 30 times, last saved epoch: 44.

2025-11-10 02:04:24,701 - INFO - Epoch 45, Train loss: 0.014375991187989712
2025-11-10 02:04:25,504 - INFO - mIoU: 0.9466; OA: 0.979; AA: 0.9765; F1: 0.9724; Kappa: 0.9638;
2025-11-10 02:04:25,504 - INFO - spatial_LccAccuracy: 0.8827; spatial_PA: 0.9814; spatial_UA: 0.9889; spatial_F1: 0.9851
2025-11-10 02:04:25,504 - INFO - temporal_CdAccuracy: 0.7047; temporal_PA: 0.9483; temporal_UA: 0.9138; temporal_F1: 0.9308
2025-11-10 02:04:25,505 - INFO - Confusion Matrix
 [77938.	 1392.	    8.	   20.	    0.]
 [ 1271.	57134.	  115.	   75.	  109.]
 [    7.	   74.	 2408.	    0.	    0.]
 [   47.	    5.	    0.	 1597.	    0.]
 [   21.	   78.	    0.	    0.	11121.]
2025-11-10 02:04:25,506 - INFO - model saved 30 times, last saved epoch: 44.

2025-11-10 02:04:27,398 - INFO - Epoch 46, Train loss: 0.014050444588065147
2025-11-10 02:04:28,214 - INFO - mIoU: 0.9527; OA: 0.9807; AA: 0.9725; F1: 0.9756; Kappa: 0.9668;
2025-11-10 02:04:28,214 - INFO - spatial_LccAccuracy: 0.9085; spatial_PA: 0.9795; spatial_UA: 0.9884; spatial_F1: 0.9839
2025-11-10 02:04:28,215 - INFO - temporal_CdAccuracy: 0.7239; temporal_PA: 0.9458; temporal_UA: 0.9228; temporal_F1: 0.9342
2025-11-10 02:04:28,215 - INFO - Confusion Matrix
 [78415.	  934.	    4.	    5.	    0.]
 [ 1504.	57006.	  105.	   21.	   68.]
 [    8.	   74.	 2407.	    0.	    0.]
 [   67.	   16.	    0.	 1566.	    0.]
 [   55.	   94.	    0.	    0.	11071.]
2025-11-10 02:04:28,280 - INFO - Epoch 46 saved.
2025-11-10 02:04:28,281 - INFO - model saved 31 times, last saved epoch: 46.

2025-11-10 02:04:30,441 - INFO - Epoch 47, Train loss: 0.0143728693947196
2025-11-10 02:04:31,246 - INFO - mIoU: 0.9543; OA: 0.9828; AA: 0.976; F1: 0.9765; Kappa: 0.9703;
2025-11-10 02:04:31,247 - INFO - spatial_LccAccuracy: 0.9132; spatial_PA: 0.9768; spatial_UA: 0.9912; spatial_F1: 0.9839
2025-11-10 02:04:31,247 - INFO - temporal_CdAccuracy: 0.7317; temporal_PA: 0.9488; temporal_UA: 0.9268; temporal_F1: 0.9377
2025-11-10 02:04:31,248 - INFO - Confusion Matrix
 [78170.	 1160.	    7.	   21.	    0.]
 [  988.	57483.	   87.	   29.	  117.]
 [    5.	  100.	 2384.	    0.	    0.]
 [   45.	   14.	    0.	 1590.	    0.]
 [    6.	   66.	    0.	    0.	11148.]
2025-11-10 02:04:31,311 - INFO - Epoch 47 saved.
2025-11-10 02:04:31,311 - INFO - model saved 32 times, last saved epoch: 47.

2025-11-10 02:04:33,384 - INFO - Epoch 48, Train loss: 0.014840074814856052
2025-11-10 02:04:34,245 - INFO - mIoU: 0.9388; OA: 0.9777; AA: 0.956; F1: 0.9682; Kappa: 0.9615;
2025-11-10 02:04:34,245 - INFO - spatial_LccAccuracy: 0.887; spatial_PA: 0.968; spatial_UA: 0.9773; spatial_F1: 0.9726
2025-11-10 02:04:34,245 - INFO - temporal_CdAccuracy: 0.7118; temporal_PA: 0.9378; temporal_UA: 0.9076; temporal_F1: 0.9224
2025-11-10 02:04:34,246 - INFO - Confusion Matrix
 [78532.	  824.	    0.	    2.	    0.]
 [ 1937.	56654.	   44.	   40.	   29.]
 [   13.	  180.	 2296.	    0.	    0.]
 [  115.	   12.	    0.	 1522.	    0.]
 [   84.	  139.	    0.	    0.	10997.]
2025-11-10 02:04:34,247 - INFO - model saved 32 times, last saved epoch: 47.

2025-11-10 02:04:36,568 - INFO - Epoch 49, Train loss: 0.013478895649313927
2025-11-10 02:04:37,332 - INFO - mIoU: 0.9533; OA: 0.982; AA: 0.9684; F1: 0.9759; Kappa: 0.969;
2025-11-10 02:04:37,332 - INFO - spatial_LccAccuracy: 0.9093; spatial_PA: 0.9749; spatial_UA: 0.9907; spatial_F1: 0.9827
2025-11-10 02:04:37,332 - INFO - temporal_CdAccuracy: 0.7298; temporal_PA: 0.9425; temporal_UA: 0.9221; temporal_F1: 0.9322
2025-11-10 02:04:37,333 - INFO - Confusion Matrix
 [78133.	 1215.	    4.	    6.	    0.]
 [ 1047.	57519.	   56.	   10.	   72.]
 [    6.	  126.	 2357.	    0.	    0.]
 [   56.	   42.	    0.	 1551.	    0.]
 [   43.	   71.	    0.	    0.	11106.]
2025-11-10 02:04:37,334 - INFO - model saved 32 times, last saved epoch: 47.

2025-11-10 02:04:39,613 - INFO - Epoch 50, Train loss: 0.011371271684765816
2025-11-10 02:04:40,392 - INFO - mIoU: 0.9529; OA: 0.981; AA: 0.9786; F1: 0.9758; Kappa: 0.9673;
2025-11-10 02:04:40,393 - INFO - spatial_LccAccuracy: 0.9069; spatial_PA: 0.978; spatial_UA: 0.9924; spatial_F1: 0.9851
2025-11-10 02:04:40,393 - INFO - temporal_CdAccuracy: 0.7243; temporal_PA: 0.9422; temporal_UA: 0.9149; temporal_F1: 0.9283
2025-11-10 02:04:40,394 - INFO - Confusion Matrix
 [77732.	 1581.	   10.	   13.	   22.]
 [  764.	57576.	  138.	   15.	  211.]
 [    4.	   58.	 2427.	    0.	    0.]
 [   43.	   21.	    0.	 1585.	    0.]
 [    8.	   31.	    0.	    0.	11181.]
2025-11-10 02:04:40,395 - INFO - model saved 32 times, last saved epoch: 47.

2025-11-10 02:04:42,663 - INFO - Epoch 51, Train loss: 0.013695971108973026
2025-11-10 02:04:43,535 - INFO - mIoU: 0.9493; OA: 0.981; AA: 0.9657; F1: 0.9738; Kappa: 0.9672;
2025-11-10 02:04:43,536 - INFO - spatial_LccAccuracy: 0.9069; spatial_PA: 0.987; spatial_UA: 0.987; spatial_F1: 0.987
2025-11-10 02:04:43,536 - INFO - temporal_CdAccuracy: 0.7298; temporal_PA: 0.9395; temporal_UA: 0.9248; temporal_F1: 0.9321
2025-11-10 02:04:43,537 - INFO - Confusion Matrix
 [78083.	 1259.	    8.	    8.	    0.]
 [ 1062.	57495.	   58.	   12.	   77.]
 [    6.	  143.	 2340.	    0.	    0.]
 [   76.	   21.	    0.	 1552.	    0.]
 [   80.	  103.	    0.	    0.	11037.]
2025-11-10 02:04:43,538 - INFO - model saved 32 times, last saved epoch: 47.

2025-11-10 02:04:45,641 - INFO - Epoch 52, Train loss: 0.011099967174232006
2025-11-10 02:04:46,467 - INFO - mIoU: 0.9474; OA: 0.98; AA: 0.9807; F1: 0.9727; Kappa: 0.9655;
2025-11-10 02:04:46,467 - INFO - spatial_LccAccuracy: 0.8928; spatial_PA: 0.981; spatial_UA: 0.9941; spatial_F1: 0.9875
2025-11-10 02:04:46,468 - INFO - temporal_CdAccuracy: 0.7137; temporal_PA: 0.9475; temporal_UA: 0.9123; temporal_F1: 0.9296
2025-11-10 02:04:46,468 - INFO - Confusion Matrix
 [77606.	 1704.	   22.	   24.	    2.]
 [  777.	57534.	  217.	   25.	  151.]
 [    3.	   43.	 2443.	    0.	    0.]
 [   36.	   15.	    0.	 1598.	    0.]
 [    9.	   47.	    0.	    0.	11164.]
2025-11-10 02:04:46,470 - INFO - model saved 32 times, last saved epoch: 47.

2025-11-10 02:04:48,748 - INFO - Epoch 53, Train loss: 0.011209242977201939
2025-11-10 02:04:49,546 - INFO - mIoU: 0.9514; OA: 0.9815; AA: 0.9774; F1: 0.975; Kappa: 0.9682;
2025-11-10 02:04:49,546 - INFO - spatial_LccAccuracy: 0.9046; spatial_PA: 0.9831; spatial_UA: 0.992; spatial_F1: 0.9875
2025-11-10 02:04:49,547 - INFO - temporal_CdAccuracy: 0.7259; temporal_PA: 0.946; temporal_UA: 0.9235; temporal_F1: 0.9346
2025-11-10 02:04:49,547 - INFO - Confusion Matrix
 [78013.	 1323.	    9.	   13.	    0.]
 [  986.	57458.	  120.	   52.	   88.]
 [    4.	   82.	 2402.	    1.	    0.]
 [   42.	    8.	    0.	 1599.	    0.]
 [   35.	   73.	    0.	    0.	11112.]
2025-11-10 02:04:49,549 - INFO - model saved 32 times, last saved epoch: 47.

2025-11-10 02:04:51,830 - INFO - Epoch 54, Train loss: 0.011877240613102913
2025-11-10 02:04:52,619 - INFO - mIoU: 0.954; OA: 0.9812; AA: 0.9694; F1: 0.9764; Kappa: 0.9676;
2025-11-10 02:04:52,620 - INFO - spatial_LccAccuracy: 0.8987; spatial_PA: 0.9735; spatial_UA: 0.9922; spatial_F1: 0.9828
2025-11-10 02:04:52,620 - INFO - temporal_CdAccuracy: 0.7259; temporal_PA: 0.9395; temporal_UA: 0.9215; temporal_F1: 0.9304
2025-11-10 02:04:52,621 - INFO - Confusion Matrix
 [77648.	 1693.	    6.	   11.	    0.]
 [  704.	57906.	   49.	    9.	   36.]
 [    4.	  134.	 2351.	    0.	    0.]
 [   39.	   40.	    0.	 1570.	    0.]
 [   22.	  139.	    0.	    0.	11059.]
2025-11-10 02:04:52,622 - INFO - model saved 32 times, last saved epoch: 47.

2025-11-10 02:04:54,951 - INFO - Epoch 55, Train loss: 0.009974873624742031
2025-11-10 02:04:55,738 - INFO - mIoU: 0.9531; OA: 0.9812; AA: 0.9706; F1: 0.9758; Kappa: 0.9675;
2025-11-10 02:04:55,738 - INFO - spatial_LccAccuracy: 0.9081; spatial_PA: 0.9732; spatial_UA: 0.9875; spatial_F1: 0.9803
2025-11-10 02:04:55,739 - INFO - temporal_CdAccuracy: 0.7298; temporal_PA: 0.9449; temporal_UA: 0.9241; temporal_F1: 0.9343
2025-11-10 02:04:55,740 - INFO - Confusion Matrix
 [78558.	  794.	    1.	    5.	    0.]
 [ 1591.	56909.	   68.	   22.	  114.]
 [   20.	  127.	 2342.	    0.	    0.]
 [   50.	   17.	    0.	 1582.	    0.]
 [   34.	   43.	    0.	    0.	11143.]
2025-11-10 02:04:55,741 - INFO - model saved 32 times, last saved epoch: 47.

2025-11-10 02:04:58,156 - INFO - Epoch 56, Train loss: 0.011804070323705673
2025-11-10 02:04:59,009 - INFO - mIoU: 0.9549; OA: 0.9816; AA: 0.9767; F1: 0.9769; Kappa: 0.9682;
2025-11-10 02:04:59,009 - INFO - spatial_LccAccuracy: 0.9089; spatial_PA: 0.9803; spatial_UA: 0.9912; spatial_F1: 0.9857
2025-11-10 02:04:59,009 - INFO - temporal_CdAccuracy: 0.7294; temporal_PA: 0.9495; temporal_UA: 0.9202; temporal_F1: 0.9346
2025-11-10 02:04:59,010 - INFO - Confusion Matrix
 [78245.	 1097.	    7.	    9.	    0.]
 [ 1214.	57242.	  110.	   23.	  115.]
 [    3.	   67.	 2419.	    0.	    0.]
 [   48.	   16.	    0.	 1585.	    0.]
 [   52.	   68.	    1.	    0.	11099.]
2025-11-10 02:04:59,071 - INFO - Epoch 56 saved.
2025-11-10 02:04:59,072 - INFO - model saved 33 times, last saved epoch: 56.

2025-11-10 02:05:01,198 - INFO - Epoch 57, Train loss: 0.009675459936261177
2025-11-10 02:05:01,980 - INFO - mIoU: 0.9542; OA: 0.9818; AA: 0.9698; F1: 0.9764; Kappa: 0.9686;
2025-11-10 02:05:01,981 - INFO - spatial_LccAccuracy: 0.9073; spatial_PA: 0.9852; spatial_UA: 0.9934; spatial_F1: 0.9893
2025-11-10 02:05:01,981 - INFO - temporal_CdAccuracy: 0.736; temporal_PA: 0.9468; temporal_UA: 0.9253; temporal_F1: 0.9359
2025-11-10 02:05:01,982 - INFO - Confusion Matrix
 [77749.	 1595.	   10.	    4.	    0.]
 [  707.	57873.	   60.	    9.	   55.]
 [    2.	  138.	 2349.	    0.	    0.]
 [   52.	   27.	    0.	 1570.	    0.]
 [   36.	  101.	    0.	    0.	11083.]
2025-11-10 02:05:01,983 - INFO - model saved 33 times, last saved epoch: 56.

2025-11-10 02:05:04,223 - INFO - Epoch 58, Train loss: 0.009127763099968433
2025-11-10 02:05:05,048 - INFO - mIoU: 0.9525; OA: 0.982; AA: 0.9757; F1: 0.9755; Kappa: 0.969;
2025-11-10 02:05:05,049 - INFO - spatial_LccAccuracy: 0.9081; spatial_PA: 0.9777; spatial_UA: 0.9915; spatial_F1: 0.9845
2025-11-10 02:05:05,049 - INFO - temporal_CdAccuracy: 0.7278; temporal_PA: 0.9476; temporal_UA: 0.9245; temporal_F1: 0.9359
2025-11-10 02:05:05,050 - INFO - Confusion Matrix
 [78104.	 1219.	   11.	   24.	    0.]
 [ 1034.	57461.	   61.	   56.	   92.]
 [    4.	  115.	 2370.	    0.	    0.]
 [   38.	    8.	    0.	 1603.	    0.]
 [   22.	   76.	    0.	    0.	11122.]
2025-11-10 02:05:05,050 - INFO - model saved 33 times, last saved epoch: 56.

2025-11-10 02:05:07,307 - INFO - Epoch 59, Train loss: 0.011187703348696232
2025-11-10 02:05:08,196 - INFO - mIoU: 0.957; OA: 0.9813; AA: 0.9734; F1: 0.9779; Kappa: 0.9677;
2025-11-10 02:05:08,196 - INFO - spatial_LccAccuracy: 0.9077; spatial_PA: 0.9579; spatial_UA: 0.9891; spatial_F1: 0.9732
2025-11-10 02:05:08,197 - INFO - temporal_CdAccuracy: 0.7313; temporal_PA: 0.9543; temporal_UA: 0.9211; temporal_F1: 0.9374
2025-11-10 02:05:08,198 - INFO - Confusion Matrix
 [78635.	  714.	    3.	    6.	    0.]
 [ 1714.	56796.	   71.	    8.	  115.]
 [    6.	   91.	 2392.	    0.	    0.]
 [   38.	   38.	    0.	 1573.	    0.]
 [   14.	   56.	    0.	    0.	11150.]
2025-11-10 02:05:08,259 - INFO - Epoch 59 saved.
2025-11-10 02:05:08,260 - INFO - model saved 34 times, last saved epoch: 59.

2025-11-10 02:05:10,352 - INFO - Epoch 60, Train loss: 0.008694490417838097
2025-11-10 02:05:11,208 - INFO - mIoU: 0.9527; OA: 0.9821; AA: 0.9678; F1: 0.9756; Kappa: 0.9692;
2025-11-10 02:05:11,208 - INFO - spatial_LccAccuracy: 0.9069; spatial_PA: 0.9845; spatial_UA: 0.9941; spatial_F1: 0.9893
2025-11-10 02:05:11,208 - INFO - temporal_CdAccuracy: 0.7348; temporal_PA: 0.9473; temporal_UA: 0.9259; temporal_F1: 0.9365
2025-11-10 02:05:11,208 - INFO - Confusion Matrix
 [77878.	 1465.	   10.	    5.	    0.]
 [  766.	57815.	   55.	    8.	   60.]
 [    3.	  146.	 2340.	    0.	    0.]
 [   50.	   41.	    0.	 1558.	    0.]
 [   30.	  105.	    0.	    0.	11085.]
2025-11-10 02:05:11,209 - INFO - model saved 34 times, last saved epoch: 59.

2025-11-10 02:05:13,546 - INFO - Epoch 61, Train loss: 0.009470858611166477
2025-11-10 02:05:14,378 - INFO - mIoU: 0.9546; OA: 0.9829; AA: 0.9798; F1: 0.9766; Kappa: 0.9705;
2025-11-10 02:05:14,379 - INFO - spatial_LccAccuracy: 0.9128; spatial_PA: 0.9871; spatial_UA: 0.9939; spatial_F1: 0.9905
2025-11-10 02:05:14,379 - INFO - temporal_CdAccuracy: 0.7372; temporal_PA: 0.9527; temporal_UA: 0.9257; temporal_F1: 0.939
2025-11-10 02:05:14,380 - INFO - Confusion Matrix
 [78416.	  920.	   12.	    9.	    1.]
 [ 1178.	57231.	  141.	   38.	  116.]
 [    4.	   55.	 2430.	    0.	    0.]
 [   41.	   11.	    0.	 1597.	    0.]
 [   25.	   72.	    0.	    0.	11123.]
2025-11-10 02:05:14,381 - INFO - model saved 34 times, last saved epoch: 59.

2025-11-10 02:05:16,640 - INFO - Epoch 62, Train loss: 0.009580976329743862
2025-11-10 02:05:17,404 - INFO - mIoU: 0.9508; OA: 0.982; AA: 0.9811; F1: 0.9746; Kappa: 0.969;
2025-11-10 02:05:17,405 - INFO - spatial_LccAccuracy: 0.9034; spatial_PA: 0.9815; spatial_UA: 0.9924; spatial_F1: 0.9869
2025-11-10 02:05:17,405 - INFO - temporal_CdAccuracy: 0.7282; temporal_PA: 0.9585; temporal_UA: 0.9238; temporal_F1: 0.9408
2025-11-10 02:05:17,406 - INFO - Confusion Matrix
 [78207.	 1122.	   11.	   18.	    0.]
 [ 1106.	57260.	  154.	   64.	  120.]
 [    4.	   49.	 2436.	    0.	    0.]
 [   41.	    5.	    0.	 1603.	    0.]
 [   30.	   40.	    0.	    0.	11150.]
2025-11-10 02:05:17,407 - INFO - model saved 34 times, last saved epoch: 59.

2025-11-10 02:05:19,532 - INFO - Epoch 63, Train loss: 0.007940282113850117
2025-11-10 02:05:20,305 - INFO - mIoU: 0.954; OA: 0.9836; AA: 0.9679; F1: 0.9763; Kappa: 0.9718;
2025-11-10 02:05:20,306 - INFO - spatial_LccAccuracy: 0.9089; spatial_PA: 0.9798; spatial_UA: 0.9893; spatial_F1: 0.9845
2025-11-10 02:05:20,306 - INFO - temporal_CdAccuracy: 0.747; temporal_PA: 0.9496; temporal_UA: 0.9314; temporal_F1: 0.9404
2025-11-10 02:05:20,307 - INFO - Confusion Matrix
 [78355.	  991.	    3.	    9.	    0.]
 [  979.	57633.	   52.	   12.	   28.]
 [    2.	  154.	 2333.	    0.	    0.]
 [   54.	   27.	    0.	 1568.	    0.]
 [   71.	  128.	    0.	    0.	11021.]
2025-11-10 02:05:20,308 - INFO - model saved 34 times, last saved epoch: 59.

2025-11-10 02:05:22,679 - INFO - Epoch 64, Train loss: 0.008080942556262016
2025-11-10 02:05:23,506 - INFO - mIoU: 0.9599; OA: 0.9832; AA: 0.9798; F1: 0.9794; Kappa: 0.971;
2025-11-10 02:05:23,506 - INFO - spatial_LccAccuracy: 0.9167; spatial_PA: 0.9824; spatial_UA: 0.9927; spatial_F1: 0.9875
2025-11-10 02:05:23,507 - INFO - temporal_CdAccuracy: 0.7352; temporal_PA: 0.9563; temporal_UA: 0.9281; temporal_F1: 0.942
2025-11-10 02:05:23,507 - INFO - Confusion Matrix
 [77829.	 1502.	   12.	   15.	    0.]
 [  658.	57839.	   91.	   14.	  102.]
 [    3.	   66.	 2420.	    0.	    0.]
 [   36.	   19.	    0.	 1594.	    0.]
 [   20.	   46.	    0.	    0.	11154.]
2025-11-10 02:05:23,570 - INFO - Epoch 64 saved.
2025-11-10 02:05:23,571 - INFO - model saved 35 times, last saved epoch: 64.

2025-11-10 02:05:25,627 - INFO - Epoch 65, Train loss: 0.007645719684660435
2025-11-10 02:05:26,431 - INFO - mIoU: 0.9513; OA: 0.9798; AA: 0.9717; F1: 0.9749; Kappa: 0.9651;
2025-11-10 02:05:26,431 - INFO - spatial_LccAccuracy: 0.9007; spatial_PA: 0.9735; spatial_UA: 0.9885; spatial_F1: 0.9809
2025-11-10 02:05:26,431 - INFO - temporal_CdAccuracy: 0.7172; temporal_PA: 0.9497; temporal_UA: 0.9105; temporal_F1: 0.9297
2025-11-10 02:05:26,432 - INFO - Confusion Matrix
 [78588.	  761.	    3.	    6.	    0.]
 [ 1832.	56652.	  109.	   18.	   93.]
 [   10.	   85.	 2394.	    0.	    0.]
 [   66.	   15.	    0.	 1568.	    0.]
 [   63.	   41.	    0.	    1.	11115.]
2025-11-10 02:05:26,433 - INFO - model saved 35 times, last saved epoch: 64.

