2025-11-10 01:24:14,081 - INFO - Epoch 0, Train loss: 1.615107536315918
2025-11-10 01:24:14,893 - INFO - mIoU: 0.0831; OA: 0.2089; AA: 0.2036; F1: 0.1464; Kappa: 0.0199;
2025-11-10 01:24:14,893 - INFO - spatial_LccAccuracy: 0.0; spatial_PA: 0.5; spatial_UA: 0.6436; spatial_F1: 0.5628
2025-11-10 01:24:14,894 - INFO - temporal_CdAccuracy: 0.0; temporal_PA: 0.6712; temporal_UA: 0.5184; temporal_F1: 0.585
2025-11-10 01:24:14,894 - INFO - Confusion Matrix
 [15466.	13526.	15309.	 7135.	28330.]
 [ 9956.	11025.	 8435.	 7394.	21264.]
 [  482.	  618.	  302.	  320.	  749.]
 [  469.	  177.	  307.	  104.	  550.]
 [ 1943.	 1220.	 2584.	  607.	 5148.]
2025-11-10 01:24:14,952 - INFO - Epoch 0 saved.
2025-11-10 01:24:14,953 - INFO - model saved 1 times, last saved epoch: 0.

2025-11-10 01:24:17,200 - INFO - Epoch 1, Train loss: 1.5587879419326782
2025-11-10 01:24:18,042 - INFO - mIoU: 0.1384; OA: 0.3761; AA: 0.2428; F1: 0.222; Kappa: 0.0856;
2025-11-10 01:24:18,042 - INFO - spatial_LccAccuracy: 0.0; spatial_PA: 0.5; spatial_UA: 0.6436; spatial_F1: 0.5628
2025-11-10 01:24:18,042 - INFO - temporal_CdAccuracy: 0.0; temporal_PA: 0.6395; temporal_UA: 0.518; temporal_F1: 0.5724
2025-11-10 01:24:18,043 - INFO - Confusion Matrix
 [27618.	26811.	 6555.	 4431.	14351.]
 [15233.	25832.	 3383.	 3952.	 9674.]
 [  658.	 1156.	  106.	  135.	  416.]
 [  840.	  344.	  111.	   37.	  275.]
 [ 3720.	 2178.	  980.	  515.	 4109.]
2025-11-10 01:24:18,107 - INFO - Epoch 1 saved.
2025-11-10 01:24:18,107 - INFO - model saved 2 times, last saved epoch: 1.

2025-11-10 01:24:20,451 - INFO - Epoch 2, Train loss: 1.3456456661224365
2025-11-10 01:24:21,240 - INFO - mIoU: 0.1436; OA: 0.4818; AA: 0.2306; F1: 0.2703; Kappa: 0.1016;
2025-11-10 01:24:21,241 - INFO - spatial_LccAccuracy: 0.0043; spatial_PA: 0.5029; spatial_UA: 0.6024; spatial_F1: 0.5482
2025-11-10 01:24:21,241 - INFO - temporal_CdAccuracy: 0.002; temporal_PA: 0.5918; temporal_UA: 0.5194; temporal_F1: 0.5532
2025-11-10 01:24:21,242 - INFO - Confusion Matrix
 [32373.	44933.	   97.	  222.	 2141.]
 [15996.	41101.	   62.	  141.	  774.]
 [  678.	 1723.	    2.	    8.	   60.]
 [ 1173.	  407.	    1.	    0.	   26.]
 [ 7325.	 3634.	   26.	   71.	  446.]
2025-11-10 01:24:21,301 - INFO - Epoch 2 saved.
2025-11-10 01:24:21,302 - INFO - model saved 3 times, last saved epoch: 2.

2025-11-10 01:24:23,621 - INFO - Epoch 3, Train loss: 0.9422357678413391
2025-11-10 01:24:24,437 - INFO - mIoU: 0.2174; OA: 0.6616; AA: 0.2943; F1: 0.4802; Kappa: 0.3657;
2025-11-10 01:24:24,437 - INFO - spatial_LccAccuracy: 0.0078; spatial_PA: 0.5156; spatial_UA: 0.8963; spatial_F1: 0.6546
2025-11-10 01:24:24,437 - INFO - temporal_CdAccuracy: 0.0066; temporal_PA: 0.5687; temporal_UA: 0.5208; temporal_F1: 0.5437
2025-11-10 01:24:24,438 - INFO - Confusion Matrix
 [64984.	13650.	    0.	    3.	 1129.]
 [21720.	36122.	    0.	    0.	  232.]
 [ 1143.	 1301.	    0.	    0.	   27.]
 [ 1543.	   63.	    0.	    0.	    1.]
 [10009.	 1079.	    9.	    6.	  399.]
2025-11-10 01:24:24,498 - INFO - Epoch 3 saved.
2025-11-10 01:24:24,499 - INFO - model saved 4 times, last saved epoch: 3.

2025-11-10 01:24:26,944 - INFO - Epoch 4, Train loss: 0.6731085181236267
2025-11-10 01:24:27,723 - INFO - mIoU: 0.3677; OA: 0.8106; AA: 0.4305; F1: 0.7487; Kappa: 0.6561;
2025-11-10 01:24:27,723 - INFO - spatial_LccAccuracy: 0.106; spatial_PA: 0.6947; spatial_UA: 0.8893; spatial_F1: 0.7801
2025-11-10 01:24:27,724 - INFO - temporal_CdAccuracy: 0.0856; temporal_PA: 0.5592; temporal_UA: 0.53; temporal_F1: 0.5442
2025-11-10 01:24:27,724 - INFO - Confusion Matrix
 [70901.	 8245.	    0.	    0.	  620.]
 [ 9493.	48542.	    0.	    0.	   39.]
 [  962.	 1483.	    0.	    0.	   26.]
 [ 1559.	   48.	    0.	    0.	    0.]
 [ 6026.	  529.	   25.	    2.	 4920.]
2025-11-10 01:24:27,786 - INFO - Epoch 4 saved.
2025-11-10 01:24:27,787 - INFO - model saved 5 times, last saved epoch: 4.

2025-11-10 01:24:30,092 - INFO - Epoch 5, Train loss: 0.4990442097187042
2025-11-10 01:24:30,854 - INFO - mIoU: 0.4834; OA: 0.8795; AA: 0.5317; F1: 0.8923; Kappa: 0.7863;
2025-11-10 01:24:30,855 - INFO - spatial_LccAccuracy: 0.1803; spatial_PA: 0.8231; spatial_UA: 0.9258; spatial_F1: 0.8714
2025-11-10 01:24:30,855 - INFO - temporal_CdAccuracy: 0.1424; temporal_PA: 0.5918; temporal_UA: 0.5639; temporal_F1: 0.5775
2025-11-10 01:24:30,856 - INFO - Confusion Matrix
 [73867.	 5465.	    0.	    0.	  434.]
 [ 6771.	51299.	    0.	    0.	    4.]
 [  956.	 1497.	    0.	    0.	   18.]
 [ 1527.	   80.	    0.	    0.	    0.]
 [ 1343.	  394.	    0.	    1.	 9764.]
2025-11-10 01:24:30,919 - INFO - Epoch 5 saved.
2025-11-10 01:24:30,920 - INFO - model saved 6 times, last saved epoch: 5.

2025-11-10 01:24:33,089 - INFO - Epoch 6, Train loss: 0.38467586040496826
2025-11-10 01:24:33,892 - INFO - mIoU: 0.5149; OA: 0.9036; AA: 0.5515; F1: 0.6927; Kappa: 0.8293;
2025-11-10 01:24:33,892 - INFO - spatial_LccAccuracy: 0.4134; spatial_PA: 0.901; spatial_UA: 0.8723; spatial_F1: 0.8864
2025-11-10 01:24:33,892 - INFO - temporal_CdAccuracy: 0.2624; temporal_PA: 0.6302; temporal_UA: 0.6243; temporal_F1: 0.6273
2025-11-10 01:24:33,893 - INFO - Confusion Matrix
 [75590.	 4135.	    0.	    0.	   41.]
 [ 5409.	52664.	    0.	    0.	    1.]
 [ 1142.	 1315.	    1.	    0.	   13.]
 [ 1368.	  239.	    0.	    0.	    0.]
 [  762.	  360.	    0.	    0.	10380.]
2025-11-10 01:24:33,954 - INFO - Epoch 6 saved.
2025-11-10 01:24:33,954 - INFO - model saved 7 times, last saved epoch: 6.

2025-11-10 01:24:36,396 - INFO - Epoch 7, Train loss: 0.3087421655654907
2025-11-10 01:24:37,202 - INFO - mIoU: 0.5337; OA: 0.9157; AA: 0.566; F1: 0.5764; Kappa: 0.8507;
2025-11-10 01:24:37,202 - INFO - spatial_LccAccuracy: 0.5487; spatial_PA: 0.9084; spatial_UA: 0.8575; spatial_F1: 0.8822
2025-11-10 01:24:37,202 - INFO - temporal_CdAccuracy: 0.3864; temporal_PA: 0.6571; temporal_UA: 0.6887; temporal_F1: 0.6725
2025-11-10 01:24:37,203 - INFO - Confusion Matrix
 [76541.	 3223.	    0.	    1.	    1.]
 [ 4681.	53391.	    2.	    0.	    0.]
 [ 1113.	 1246.	   98.	    2.	   12.]
 [ 1161.	  441.	    0.	    5.	    0.]
 [  704.	  351.	    0.	    0.	10447.]
2025-11-10 01:24:37,262 - INFO - Epoch 7 saved.
2025-11-10 01:24:37,263 - INFO - model saved 8 times, last saved epoch: 7.

2025-11-10 01:24:39,456 - INFO - Epoch 8, Train loss: 0.2557997703552246
2025-11-10 01:24:40,366 - INFO - mIoU: 0.5909; OA: 0.926; AA: 0.6207; F1: 0.6608; Kappa: 0.8697;
2025-11-10 01:24:40,367 - INFO - spatial_LccAccuracy: 0.6007; spatial_PA: 0.915; spatial_UA: 0.8644; spatial_F1: 0.889
2025-11-10 01:24:40,367 - INFO - temporal_CdAccuracy: 0.4564; temporal_PA: 0.6949; temporal_UA: 0.7301; temporal_F1: 0.7121
2025-11-10 01:24:40,368 - INFO - Confusion Matrix
 [76530.	 3233.	    0.	    1.	    2.]
 [ 3701.	54347.	   16.	    3.	    7.]
 [  746.	 1089.	  617.	    1.	   18.]
 [ 1088.	  446.	    0.	   73.	    0.]
 [  660.	  339.	    3.	    0.	10500.]
2025-11-10 01:24:40,453 - INFO - Epoch 8 saved.
2025-11-10 01:24:40,454 - INFO - model saved 9 times, last saved epoch: 8.

2025-11-10 01:24:42,687 - INFO - Epoch 9, Train loss: 0.21474717557430267
2025-11-10 01:24:43,469 - INFO - mIoU: 0.6789; OA: 0.9352; AA: 0.7081; F1: 0.7665; Kappa: 0.8863;
2025-11-10 01:24:43,469 - INFO - spatial_LccAccuracy: 0.6234; spatial_PA: 0.9266; spatial_UA: 0.8856; spatial_F1: 0.9057
2025-11-10 01:24:43,469 - INFO - temporal_CdAccuracy: 0.4705; temporal_PA: 0.7367; temporal_UA: 0.7515; temporal_F1: 0.744
2025-11-10 01:24:43,470 - INFO - Confusion Matrix
 [77237.	 2507.	   10.	    4.	    8.]
 [ 3904.	54081.	   67.	   14.	    8.]
 [  372.	  762.	 1329.	    2.	    6.]
 [ 1001.	  304.	    1.	  301.	    0.]
 [  680.	  285.	    2.	    0.	10535.]
2025-11-10 01:24:43,530 - INFO - Epoch 9 saved.
2025-11-10 01:24:43,530 - INFO - model saved 10 times, last saved epoch: 9.

2025-11-10 01:24:45,795 - INFO - Epoch 10, Train loss: 0.18388958275318146
2025-11-10 01:24:46,611 - INFO - mIoU: 0.752; OA: 0.9449; AA: 0.7809; F1: 0.8413; Kappa: 0.9039;
2025-11-10 01:24:46,611 - INFO - spatial_LccAccuracy: 0.6691; spatial_PA: 0.9297; spatial_UA: 0.8897; spatial_F1: 0.9092
2025-11-10 01:24:46,611 - INFO - temporal_CdAccuracy: 0.5248; temporal_PA: 0.7726; temporal_UA: 0.7856; temporal_F1: 0.7791
2025-11-10 01:24:46,612 - INFO - Confusion Matrix
 [77203.	 2505.	   16.	    3.	   39.]
 [ 3110.	54845.	   77.	   17.	   25.]
 [  184.	  673.	 1608.	    2.	    4.]
 [  728.	  211.	    0.	  668.	    0.]
 [  564.	  283.	    5.	    0.	10650.]
2025-11-10 01:24:46,671 - INFO - Epoch 10 saved.
2025-11-10 01:24:46,672 - INFO - model saved 11 times, last saved epoch: 10.

2025-11-10 01:24:48,933 - INFO - Epoch 11, Train loss: 0.1572445034980774
2025-11-10 01:24:49,726 - INFO - mIoU: 0.7898; OA: 0.9487; AA: 0.823; F1: 0.8729; Kappa: 0.9106;
2025-11-10 01:24:49,726 - INFO - spatial_LccAccuracy: 0.675; spatial_PA: 0.9282; spatial_UA: 0.8858; spatial_F1: 0.9065
2025-11-10 01:24:49,727 - INFO - temporal_CdAccuracy: 0.5315; temporal_PA: 0.7953; temporal_UA: 0.7976; temporal_F1: 0.7964
2025-11-10 01:24:49,727 - INFO - Confusion Matrix
 [77825.	 1872.	   23.	    5.	   41.]
 [ 3519.	54332.	  153.	   31.	   39.]
 [  156.	  487.	 1827.	    0.	    1.]
 [  675.	   76.	    0.	  856.	    0.]
 [  552.	  230.	    4.	    0.	10716.]
2025-11-10 01:24:49,788 - INFO - Epoch 11 saved.
2025-11-10 01:24:49,788 - INFO - model saved 12 times, last saved epoch: 11.

2025-11-10 01:24:51,902 - INFO - Epoch 12, Train loss: 0.13703355193138123
2025-11-10 01:24:52,787 - INFO - mIoU: 0.8129; OA: 0.9543; AA: 0.8413; F1: 0.8899; Kappa: 0.9206;
2025-11-10 01:24:52,788 - INFO - spatial_LccAccuracy: 0.7098; spatial_PA: 0.9348; spatial_UA: 0.9014; spatial_F1: 0.9178
2025-11-10 01:24:52,788 - INFO - temporal_CdAccuracy: 0.5804; temporal_PA: 0.8156; temporal_UA: 0.832; temporal_F1: 0.8237
2025-11-10 01:24:52,789 - INFO - Confusion Matrix
 [77259.	 2459.	   12.	    8.	   28.]
 [ 2355.	55571.	   79.	   37.	   32.]
 [   66.	  578.	 1826.	    1.	    0.]
 [  521.	  115.	    0.	  971.	    0.]
 [  453.	  261.	    4.	    0.	10784.]
2025-11-10 01:24:52,846 - INFO - Epoch 12 saved.
2025-11-10 01:24:52,847 - INFO - model saved 13 times, last saved epoch: 12.

2025-11-10 01:24:55,170 - INFO - Epoch 13, Train loss: 0.12242583185434341
2025-11-10 01:24:55,953 - INFO - mIoU: 0.8223; OA: 0.9538; AA: 0.8542; F1: 0.8958; Kappa: 0.9194;
2025-11-10 01:24:55,953 - INFO - spatial_LccAccuracy: 0.7274; spatial_PA: 0.9284; spatial_UA: 0.8924; spatial_F1: 0.91
2025-11-10 01:24:55,953 - INFO - temporal_CdAccuracy: 0.5694; temporal_PA: 0.8175; temporal_UA: 0.8229; temporal_F1: 0.8202
2025-11-10 01:24:55,954 - INFO - Confusion Matrix
 [78553.	 1182.	   11.	    6.	   14.]
 [ 3940.	53890.	  134.	   58.	   52.]
 [   59.	  424.	 1987.	    1.	    0.]
 [  572.	   64.	    0.	  971.	    0.]
 [  391.	  183.	    0.	    0.	10928.]
2025-11-10 01:24:56,015 - INFO - Epoch 13 saved.
2025-11-10 01:24:56,016 - INFO - model saved 14 times, last saved epoch: 13.

2025-11-10 01:24:58,360 - INFO - Epoch 14, Train loss: 0.11062457412481308
2025-11-10 01:24:59,194 - INFO - mIoU: 0.8299; OA: 0.9547; AA: 0.8655; F1: 0.9011; Kappa: 0.9211;
2025-11-10 01:24:59,194 - INFO - spatial_LccAccuracy: 0.7427; spatial_PA: 0.9309; spatial_UA: 0.8991; spatial_F1: 0.9147
2025-11-10 01:24:59,194 - INFO - temporal_CdAccuracy: 0.5722; temporal_PA: 0.8267; temporal_UA: 0.8204; temporal_F1: 0.8236
2025-11-10 01:24:59,195 - INFO - Confusion Matrix
 [78738.	  991.	   12.	    8.	   17.]
 [ 4088.	53673.	  176.	   67.	   70.]
 [   30.	  379.	 2061.	    1.	    0.]
 [  521.	   79.	    0.	 1007.	    0.]
 [  352.	  163.	    0.	    0.	10987.]
2025-11-10 01:24:59,255 - INFO - Epoch 14 saved.
2025-11-10 01:24:59,256 - INFO - model saved 15 times, last saved epoch: 14.

2025-11-10 01:25:01,352 - INFO - Epoch 15, Train loss: 0.10120163857936859
2025-11-10 01:25:02,241 - INFO - mIoU: 0.8468; OA: 0.9591; AA: 0.8826; F1: 0.9127; Kappa: 0.9289;
2025-11-10 01:25:02,242 - INFO - spatial_LccAccuracy: 0.7454; spatial_PA: 0.9453; spatial_UA: 0.9321; spatial_F1: 0.9386
2025-11-10 01:25:02,242 - INFO - temporal_CdAccuracy: 0.5862; temporal_PA: 0.8511; temporal_UA: 0.8331; temporal_F1: 0.842
2025-11-10 01:25:02,243 - INFO - Confusion Matrix
 [78450.	 1290.	    9.	   16.	    1.]
 [ 3258.	54524.	  150.	   99.	   43.]
 [   23.	  369.	 2078.	    1.	    0.]
 [  424.	   65.	    0.	 1118.	    0.]
 [  365.	  167.	    0.	    0.	10970.]
2025-11-10 01:25:02,302 - INFO - Epoch 15 saved.
2025-11-10 01:25:02,303 - INFO - model saved 16 times, last saved epoch: 15.

2025-11-10 01:25:04,583 - INFO - Epoch 16, Train loss: 0.09039336442947388
2025-11-10 01:25:05,435 - INFO - mIoU: 0.8637; OA: 0.9641; AA: 0.8966; F1: 0.9238; Kappa: 0.9379;
2025-11-10 01:25:05,435 - INFO - spatial_LccAccuracy: 0.7579; spatial_PA: 0.9566; spatial_UA: 0.968; spatial_F1: 0.9623
2025-11-10 01:25:05,436 - INFO - temporal_CdAccuracy: 0.6234; temporal_PA: 0.8705; temporal_UA: 0.8474; temporal_F1: 0.8588
2025-11-10 01:25:05,436 - INFO - Confusion Matrix
 [77402.	 2319.	    7.	   31.	    7.]
 [ 1644.	56194.	  123.	   71.	   42.]
 [    8.	  415.	 2048.	    0.	    0.]
 [  252.	  141.	    0.	 1214.	    0.]
 [  254.	  195.	    0.	    0.	11053.]
2025-11-10 01:25:05,498 - INFO - Epoch 16 saved.
2025-11-10 01:25:05,498 - INFO - model saved 17 times, last saved epoch: 16.

2025-11-10 01:25:07,546 - INFO - Epoch 17, Train loss: 0.08272694051265717
2025-11-10 01:25:08,389 - INFO - mIoU: 0.8729; OA: 0.967; AA: 0.9088; F1: 0.9294; Kappa: 0.9429;
2025-11-10 01:25:08,389 - INFO - spatial_LccAccuracy: 0.7806; spatial_PA: 0.9519; spatial_UA: 0.9726; spatial_F1: 0.9622
2025-11-10 01:25:08,389 - INFO - temporal_CdAccuracy: 0.6437; temporal_PA: 0.8874; temporal_UA: 0.8636; temporal_F1: 0.8753
2025-11-10 01:25:08,390 - INFO - Confusion Matrix
 [77867.	 1844.	   12.	   38.	    5.]
 [ 1836.	55938.	  188.	   54.	   58.]
 [    6.	  335.	 2130.	    0.	    0.]
 [  180.	  183.	    5.	 1238.	    1.]
 [  138.	  184.	    0.	    0.	11180.]
2025-11-10 01:25:08,449 - INFO - Epoch 17 saved.
2025-11-10 01:25:08,450 - INFO - model saved 18 times, last saved epoch: 17.

2025-11-10 01:25:10,670 - INFO - Epoch 18, Train loss: 0.07708550244569778
2025-11-10 01:25:11,453 - INFO - mIoU: 0.8743; OA: 0.9656; AA: 0.9011; F1: 0.9303; Kappa: 0.9407;
2025-11-10 01:25:11,453 - INFO - spatial_LccAccuracy: 0.779; spatial_PA: 0.9593; spatial_UA: 0.9748; spatial_F1: 0.967
2025-11-10 01:25:11,453 - INFO - temporal_CdAccuracy: 0.6359; temporal_PA: 0.8694; temporal_UA: 0.8574; temporal_F1: 0.8633
2025-11-10 01:25:11,454 - INFO - Confusion Matrix
 [76962.	 2755.	    6.	   39.	    4.]
 [ 1201.	56741.	   69.	   30.	   33.]
 [    6.	  405.	 2060.	    0.	    0.]
 [  155.	  230.	    1.	 1220.	    1.]
 [   94.	  241.	    0.	    0.	11167.]
2025-11-10 01:25:11,515 - INFO - Epoch 18 saved.
2025-11-10 01:25:11,515 - INFO - model saved 19 times, last saved epoch: 18.

2025-11-10 01:25:13,576 - INFO - Epoch 19, Train loss: 0.07163671404123306
2025-11-10 01:25:14,379 - INFO - mIoU: 0.8773; OA: 0.9686; AA: 0.901; F1: 0.9323; Kappa: 0.9457;
2025-11-10 01:25:14,379 - INFO - spatial_LccAccuracy: 0.7982; spatial_PA: 0.961; spatial_UA: 0.9719; spatial_F1: 0.9664
2025-11-10 01:25:14,379 - INFO - temporal_CdAccuracy: 0.6633; temporal_PA: 0.8886; temporal_UA: 0.8744; temporal_F1: 0.8815
2025-11-10 01:25:14,380 - INFO - Confusion Matrix
 [78052.	 1694.	    4.	   13.	    3.]
 [ 1724.	56195.	  117.	    9.	   29.]
 [    9.	  371.	 2091.	    0.	    0.]
 [  179.	  221.	    1.	 1206.	    0.]
 [  211.	  226.	    0.	    0.	11065.]
2025-11-10 01:25:14,439 - INFO - Epoch 19 saved.
2025-11-10 01:25:14,440 - INFO - model saved 20 times, last saved epoch: 19.

2025-11-10 01:25:16,915 - INFO - Epoch 20, Train loss: 0.06601466238498688
2025-11-10 01:25:17,755 - INFO - mIoU: 0.8933; OA: 0.9697; AA: 0.937; F1: 0.9421; Kappa: 0.9477;
2025-11-10 01:25:17,755 - INFO - spatial_LccAccuracy: 0.8123; spatial_PA: 0.9524; spatial_UA: 0.9846; spatial_F1: 0.9682
2025-11-10 01:25:17,756 - INFO - temporal_CdAccuracy: 0.6582; temporal_PA: 0.8996; temporal_UA: 0.8722; temporal_F1: 0.8857
2025-11-10 01:25:17,756 - INFO - Confusion Matrix
 [77882.	 1784.	   19.	   78.	    3.]
 [ 1651.	56088.	  238.	   59.	   38.]
 [    4.	  279.	 2188.	    0.	    0.]
 [   45.	  133.	    7.	 1422.	    0.]
 [  109.	  204.	    1.	    0.	11188.]
2025-11-10 01:25:17,818 - INFO - Epoch 20 saved.
2025-11-10 01:25:17,818 - INFO - model saved 21 times, last saved epoch: 20.

2025-11-10 01:25:20,212 - INFO - Epoch 21, Train loss: 0.061320509761571884
2025-11-10 01:25:20,959 - INFO - mIoU: 0.9025; OA: 0.972; AA: 0.9394; F1: 0.9474; Kappa: 0.9518;
2025-11-10 01:25:20,959 - INFO - spatial_LccAccuracy: 0.8354; spatial_PA: 0.9609; spatial_UA: 0.9779; spatial_F1: 0.9693
2025-11-10 01:25:20,959 - INFO - temporal_CdAccuracy: 0.6809; temporal_PA: 0.9101; temporal_UA: 0.8847; temporal_F1: 0.8972
2025-11-10 01:25:20,960 - INFO - Confusion Matrix
 [78067.	 1649.	    9.	   34.	    7.]
 [ 1551.	56120.	  255.	   28.	  120.]
 [   11.	  251.	 2209.	    0.	    0.]
 [   90.	  111.	    2.	 1403.	    1.]
 [   53.	  118.	    0.	    0.	11331.]
2025-11-10 01:25:21,023 - INFO - Epoch 21 saved.
2025-11-10 01:25:21,023 - INFO - model saved 22 times, last saved epoch: 21.

2025-11-10 01:25:23,249 - INFO - Epoch 22, Train loss: 0.057118359953165054
2025-11-10 01:25:24,054 - INFO - mIoU: 0.8954; OA: 0.9692; AA: 0.9379; F1: 0.9434; Kappa: 0.9469;
2025-11-10 01:25:24,054 - INFO - spatial_LccAccuracy: 0.824; spatial_PA: 0.9689; spatial_UA: 0.967; spatial_F1: 0.968
2025-11-10 01:25:24,055 - INFO - temporal_CdAccuracy: 0.6558; temporal_PA: 0.901; temporal_UA: 0.8749; temporal_F1: 0.8878
2025-11-10 01:25:24,056 - INFO - Confusion Matrix
 [77788.	 1957.	    6.	   14.	    1.]
 [ 1618.	56042.	  256.	  104.	   54.]
 [   25.	  238.	 2207.	    1.	    0.]
 [  160.	   31.	    3.	 1412.	    1.]
 [  111.	  148.	    0.	    0.	11243.]
2025-11-10 01:25:24,057 - INFO - model saved 22 times, last saved epoch: 21.

2025-11-10 01:25:26,312 - INFO - Epoch 23, Train loss: 0.05134138464927673
2025-11-10 01:25:27,203 - INFO - mIoU: 0.9062; OA: 0.9724; AA: 0.9562; F1: 0.9495; Kappa: 0.9524;
2025-11-10 01:25:27,203 - INFO - spatial_LccAccuracy: 0.8451; spatial_PA: 0.9563; spatial_UA: 0.9866; spatial_F1: 0.9712
2025-11-10 01:25:27,203 - INFO - temporal_CdAccuracy: 0.6856; temporal_PA: 0.9096; temporal_UA: 0.8895; temporal_F1: 0.8995
2025-11-10 01:25:27,203 - INFO - Confusion Matrix
 [78323.	 1351.	   23.	   62.	    7.]
 [ 1801.	55734.	  335.	   69.	  135.]
 [    8.	  197.	 2266.	    0.	    0.]
 [   35.	   63.	    5.	 1503.	    1.]
 [   38.	  109.	    0.	    0.	11355.]
2025-11-10 01:25:27,264 - INFO - Epoch 23 saved.
2025-11-10 01:25:27,264 - INFO - model saved 23 times, last saved epoch: 23.

2025-11-10 01:25:29,443 - INFO - Epoch 24, Train loss: 0.0499921590089798
2025-11-10 01:25:30,298 - INFO - mIoU: 0.9148; OA: 0.9735; AA: 0.9452; F1: 0.9546; Kappa: 0.9543;
2025-11-10 01:25:30,298 - INFO - spatial_LccAccuracy: 0.8541; spatial_PA: 0.975; spatial_UA: 0.9863; spatial_F1: 0.9806
2025-11-10 01:25:30,298 - INFO - temporal_CdAccuracy: 0.6965; temporal_PA: 0.9072; temporal_UA: 0.9001; temporal_F1: 0.9036
2025-11-10 01:25:30,299 - INFO - Confusion Matrix
 [77596.	 2118.	   12.	   38.	    2.]
 [ 1008.	56833.	  168.	   19.	   46.]
 [    4.	  275.	 2192.	    0.	    0.]
 [   35.	  114.	    0.	 1458.	    0.]
 [   47.	  182.	    0.	    0.	11273.]
2025-11-10 01:25:30,359 - INFO - Epoch 24 saved.
2025-11-10 01:25:30,360 - INFO - model saved 24 times, last saved epoch: 24.

2025-11-10 01:25:32,480 - INFO - Epoch 25, Train loss: 0.04673551023006439
2025-11-10 01:25:33,294 - INFO - mIoU: 0.9208; OA: 0.9755; AA: 0.954; F1: 0.9579; Kappa: 0.9577;
2025-11-10 01:25:33,294 - INFO - spatial_LccAccuracy: 0.8741; spatial_PA: 0.9765; spatial_UA: 0.9884; spatial_F1: 0.9824
2025-11-10 01:25:33,295 - INFO - temporal_CdAccuracy: 0.7075; temporal_PA: 0.9166; temporal_UA: 0.9104; temporal_F1: 0.9135
2025-11-10 01:25:33,295 - INFO - Confusion Matrix
 [78159.	 1567.	    6.	   27.	    7.]
 [ 1307.	56447.	  162.	   67.	   91.]
 [    8.	  270.	 2193.	    0.	    0.]
 [   51.	   37.	    0.	 1519.	    0.]
 [   43.	  123.	    0.	    0.	11336.]
2025-11-10 01:25:33,359 - INFO - Epoch 25 saved.
2025-11-10 01:25:33,360 - INFO - model saved 25 times, last saved epoch: 25.

2025-11-10 01:25:35,773 - INFO - Epoch 26, Train loss: 0.04307551309466362
2025-11-10 01:25:36,617 - INFO - mIoU: 0.9195; OA: 0.9749; AA: 0.9557; F1: 0.9572; Kappa: 0.9568;
2025-11-10 01:25:36,617 - INFO - spatial_LccAccuracy: 0.8655; spatial_PA: 0.9733; spatial_UA: 0.9893; spatial_F1: 0.9812
2025-11-10 01:25:36,618 - INFO - temporal_CdAccuracy: 0.7047; temporal_PA: 0.9146; temporal_UA: 0.902; temporal_F1: 0.9083
2025-11-10 01:25:36,618 - INFO - Confusion Matrix
 [77958.	 1751.	   15.	   30.	   12.]
 [ 1174.	56523.	  237.	   33.	  107.]
 [    3.	  230.	 2238.	    0.	    0.]
 [   25.	   72.	    4.	 1503.	    3.]
 [   30.	  123.	    0.	    0.	11349.]
2025-11-10 01:25:36,619 - INFO - model saved 25 times, last saved epoch: 25.

2025-11-10 01:25:38,769 - INFO - Epoch 27, Train loss: 0.04067754000425339
2025-11-10 01:25:39,688 - INFO - mIoU: 0.9134; OA: 0.972; AA: 0.9448; F1: 0.9539; Kappa: 0.9515;
2025-11-10 01:25:39,688 - INFO - spatial_LccAccuracy: 0.858; spatial_PA: 0.9639; spatial_UA: 0.967; spatial_F1: 0.9655
2025-11-10 01:25:39,689 - INFO - temporal_CdAccuracy: 0.6758; temporal_PA: 0.9095; temporal_UA: 0.8858; temporal_F1: 0.8975
2025-11-10 01:25:39,690 - INFO - Confusion Matrix
 [79066.	  670.	    3.	   12.	   15.]
 [ 2635.	55048.	  152.	   57.	  182.]
 [   24.	  276.	 2171.	    0.	    0.]
 [  118.	   11.	    0.	 1477.	    1.]
 [   56.	   90.	    0.	    0.	11356.]
2025-11-10 01:25:39,691 - INFO - model saved 25 times, last saved epoch: 25.

2025-11-10 01:25:41,857 - INFO - Epoch 28, Train loss: 0.03869974985718727
2025-11-10 01:25:42,681 - INFO - mIoU: 0.9236; OA: 0.9763; AA: 0.9504; F1: 0.9594; Kappa: 0.9591;
2025-11-10 01:25:42,681 - INFO - spatial_LccAccuracy: 0.8799; spatial_PA: 0.9735; spatial_UA: 0.9902; spatial_F1: 0.9818
2025-11-10 01:25:42,682 - INFO - temporal_CdAccuracy: 0.7114; temporal_PA: 0.9241; temporal_UA: 0.9087; temporal_F1: 0.9164
2025-11-10 01:25:42,682 - INFO - Confusion Matrix
 [78268.	 1474.	    5.	   18.	    1.]
 [ 1298.	56534.	  158.	   28.	   56.]
 [   12.	  293.	 2166.	    0.	    0.]
 [   32.	   68.	    0.	 1507.	    0.]
 [   49.	  145.	    0.	    0.	11308.]
2025-11-10 01:25:42,934 - INFO - Epoch 28 saved.
2025-11-10 01:25:42,934 - INFO - model saved 26 times, last saved epoch: 28.

2025-11-10 01:25:45,192 - INFO - Epoch 29, Train loss: 0.03470870852470398
2025-11-10 01:25:46,023 - INFO - mIoU: 0.9235; OA: 0.9748; AA: 0.9619; F1: 0.9594; Kappa: 0.9565;
2025-11-10 01:25:46,023 - INFO - spatial_LccAccuracy: 0.8745; spatial_PA: 0.9663; spatial_UA: 0.9856; spatial_F1: 0.9759
2025-11-10 01:25:46,023 - INFO - temporal_CdAccuracy: 0.6856; temporal_PA: 0.9224; temporal_UA: 0.8938; temporal_F1: 0.9079
2025-11-10 01:25:46,023 - INFO - Confusion Matrix
 [78962.	  779.	    4.	   18.	    3.]
 [ 2197.	55430.	  265.	   63.	  119.]
 [   11.	  201.	 2259.	    0.	    0.]
 [   33.	   26.	    0.	 1548.	    0.]
 [   36.	  107.	    0.	    0.	11359.]
2025-11-10 01:25:46,024 - INFO - model saved 26 times, last saved epoch: 28.

2025-11-10 01:25:48,301 - INFO - Epoch 30, Train loss: 0.03159509226679802
2025-11-10 01:25:49,123 - INFO - mIoU: 0.9227; OA: 0.9754; AA: 0.945; F1: 0.9591; Kappa: 0.9574;
2025-11-10 01:25:49,123 - INFO - spatial_LccAccuracy: 0.8827; spatial_PA: 0.977; spatial_UA: 0.9809; spatial_F1: 0.9789
2025-11-10 01:25:49,124 - INFO - temporal_CdAccuracy: 0.7075; temporal_PA: 0.9205; temporal_UA: 0.9059; temporal_F1: 0.9131
2025-11-10 01:25:49,124 - INFO - Confusion Matrix
 [78704.	 1056.	    1.	    4.	    1.]
 [ 1871.	56012.	  113.	   31.	   47.]
 [   19.	  285.	 2167.	    0.	    0.]
 [  101.	   34.	    0.	 1472.	    0.]
 [   56.	  162.	    0.	    0.	11284.]
2025-11-10 01:25:49,126 - INFO - model saved 26 times, last saved epoch: 28.

2025-11-10 01:25:51,280 - INFO - Epoch 31, Train loss: 0.031150763854384422
2025-11-10 01:25:52,090 - INFO - mIoU: 0.9246; OA: 0.9747; AA: 0.949; F1: 0.9601; Kappa: 0.9563;
2025-11-10 01:25:52,091 - INFO - spatial_LccAccuracy: 0.8803; spatial_PA: 0.9791; spatial_UA: 0.9857; spatial_F1: 0.9824
2025-11-10 01:25:52,091 - INFO - temporal_CdAccuracy: 0.7016; temporal_PA: 0.927; temporal_UA: 0.9004; temporal_F1: 0.9135
2025-11-10 01:25:52,092 - INFO - Confusion Matrix
 [78729.	 1029.	    1.	    6.	    1.]
 [ 1976.	55884.	  159.	   20.	   35.]
 [   16.	  254.	 2201.	    0.	    0.]
 [   75.	   41.	    0.	 1491.	    0.]
 [   94.	  169.	    0.	    0.	11239.]
2025-11-10 01:25:52,151 - INFO - Epoch 31 saved.
2025-11-10 01:25:52,152 - INFO - model saved 27 times, last saved epoch: 31.

2025-11-10 01:25:54,374 - INFO - Epoch 32, Train loss: 0.02784016542136669
2025-11-10 01:25:55,168 - INFO - mIoU: 0.9225; OA: 0.9767; AA: 0.9395; F1: 0.9588; Kappa: 0.9598;
2025-11-10 01:25:55,169 - INFO - spatial_LccAccuracy: 0.8788; spatial_PA: 0.9744; spatial_UA: 0.9905; spatial_F1: 0.9824
2025-11-10 01:25:55,169 - INFO - temporal_CdAccuracy: 0.7184; temporal_PA: 0.9268; temporal_UA: 0.9136; temporal_F1: 0.9202
2025-11-10 01:25:55,170 - INFO - Confusion Matrix
 [78354.	 1393.	    1.	   17.	    1.]
 [ 1306.	56670.	   60.	    4.	   34.]
 [    9.	  382.	 2080.	    0.	    0.]
 [   29.	  103.	    0.	 1475.	    0.]
 [   52.	  178.	    0.	    0.	11272.]
2025-11-10 01:25:55,171 - INFO - model saved 27 times, last saved epoch: 31.

2025-11-10 01:25:57,328 - INFO - Epoch 33, Train loss: 0.02581694722175598
2025-11-10 01:25:58,130 - INFO - mIoU: 0.9268; OA: 0.9753; AA: 0.9552; F1: 0.9613; Kappa: 0.9574;
2025-11-10 01:25:58,130 - INFO - spatial_LccAccuracy: 0.8831; spatial_PA: 0.9757; spatial_UA: 0.9856; spatial_F1: 0.9806
2025-11-10 01:25:58,131 - INFO - temporal_CdAccuracy: 0.7071; temporal_PA: 0.9253; temporal_UA: 0.9053; temporal_F1: 0.9152
2025-11-10 01:25:58,131 - INFO - Confusion Matrix
 [78746.	 1003.	    1.	    8.	    8.]
 [ 1941.	55776.	  189.	   24.	  144.]
 [   16.	  221.	 2234.	    0.	    0.]
 [   67.	   36.	    0.	 1504.	    0.]
 [   40.	   91.	    0.	    0.	11371.]
2025-11-10 01:25:58,192 - INFO - Epoch 33 saved.
2025-11-10 01:25:58,192 - INFO - model saved 28 times, last saved epoch: 33.

2025-11-10 01:26:00,396 - INFO - Epoch 34, Train loss: 0.02546510472893715
2025-11-10 01:26:01,253 - INFO - mIoU: 0.9308; OA: 0.976; AA: 0.9513; F1: 0.9636; Kappa: 0.9586;
2025-11-10 01:26:01,253 - INFO - spatial_LccAccuracy: 0.8846; spatial_PA: 0.9774; spatial_UA: 0.9886; spatial_F1: 0.983
2025-11-10 01:26:01,254 - INFO - temporal_CdAccuracy: 0.7169; temporal_PA: 0.9211; temporal_UA: 0.9148; temporal_F1: 0.9179
2025-11-10 01:26:01,254 - INFO - Confusion Matrix
 [77818.	 1931.	    3.	   13.	    1.]
 [  994.	56891.	   95.	    3.	   91.]
 [    4.	  292.	 2175.	    0.	    0.]
 [   24.	   81.	    0.	 1502.	    0.]
 [   30.	  124.	    0.	    0.	11348.]
2025-11-10 01:26:01,337 - INFO - Epoch 34 saved.
2025-11-10 01:26:01,337 - INFO - model saved 29 times, last saved epoch: 34.

2025-11-10 01:26:03,539 - INFO - Epoch 35, Train loss: 0.021897360682487488
2025-11-10 01:26:04,411 - INFO - mIoU: 0.9271; OA: 0.974; AA: 0.9561; F1: 0.9615; Kappa: 0.955;
2025-11-10 01:26:04,411 - INFO - spatial_LccAccuracy: 0.8897; spatial_PA: 0.977; spatial_UA: 0.9842; spatial_F1: 0.9806
2025-11-10 01:26:04,411 - INFO - temporal_CdAccuracy: 0.7067; temporal_PA: 0.9262; temporal_UA: 0.902; temporal_F1: 0.914
2025-11-10 01:26:04,412 - INFO - Confusion Matrix
 [78973.	  782.	    1.	   10.	    0.]
 [ 2372.	55426.	  196.	   32.	   48.]
 [   20.	  212.	 2238.	    1.	    0.]
 [   56.	   23.	    0.	 1528.	    0.]
 [   92.	  143.	    0.	    0.	11267.]
2025-11-10 01:26:04,413 - INFO - model saved 29 times, last saved epoch: 34.

2025-11-10 01:26:06,662 - INFO - Epoch 36, Train loss: 0.02639929950237274
2025-11-10 01:26:07,487 - INFO - mIoU: 0.9341; OA: 0.9777; AA: 0.9612; F1: 0.9652; Kappa: 0.9615;
2025-11-10 01:26:07,487 - INFO - spatial_LccAccuracy: 0.8944; spatial_PA: 0.9755; spatial_UA: 0.9881; spatial_F1: 0.9818
2025-11-10 01:26:07,487 - INFO - temporal_CdAccuracy: 0.7282; temporal_PA: 0.9317; temporal_UA: 0.9208; temporal_F1: 0.9262
2025-11-10 01:26:07,488 - INFO - Confusion Matrix
 [78216.	 1518.	    4.	   22.	    6.]
 [ 1146.	56668.	  154.	   27.	   79.]
 [    6.	  251.	 2214.	    0.	    0.]
 [   19.	   31.	    0.	 1555.	    2.]
 [   32.	  128.	    0.	    0.	11342.]
2025-11-10 01:26:07,544 - INFO - Epoch 36 saved.
2025-11-10 01:26:07,544 - INFO - model saved 30 times, last saved epoch: 36.

2025-11-10 01:26:09,843 - INFO - Epoch 37, Train loss: 0.018982913345098495
2025-11-10 01:26:10,666 - INFO - mIoU: 0.935; OA: 0.9778; AA: 0.9547; F1: 0.9657; Kappa: 0.9616;
2025-11-10 01:26:10,666 - INFO - spatial_LccAccuracy: 0.8936; spatial_PA: 0.9765; spatial_UA: 0.9919; spatial_F1: 0.9842
2025-11-10 01:26:10,666 - INFO - temporal_CdAccuracy: 0.7255; temporal_PA: 0.9333; temporal_UA: 0.916; temporal_F1: 0.9246
2025-11-10 01:26:10,666 - INFO - Confusion Matrix
 [78381.	 1369.	    2.	   14.	    0.]
 [ 1310.	56613.	  106.	    5.	   40.]
 [   10.	  294.	 2167.	    0.	    0.]
 [   14.	   57.	    0.	 1536.	    0.]
 [   39.	  153.	    0.	    0.	11310.]
2025-11-10 01:26:10,725 - INFO - Epoch 37 saved.
2025-11-10 01:26:10,726 - INFO - model saved 31 times, last saved epoch: 37.

2025-11-10 01:26:13,001 - INFO - Epoch 38, Train loss: 0.01829831674695015
2025-11-10 01:26:13,777 - INFO - mIoU: 0.9357; OA: 0.9778; AA: 0.9642; F1: 0.9661; Kappa: 0.9617;
2025-11-10 01:26:13,777 - INFO - spatial_LccAccuracy: 0.8987; spatial_PA: 0.9788; spatial_UA: 0.9908; spatial_F1: 0.9847
2025-11-10 01:26:13,777 - INFO - temporal_CdAccuracy: 0.7219; temporal_PA: 0.9314; temporal_UA: 0.9214; temporal_F1: 0.9264
2025-11-10 01:26:13,778 - INFO - Confusion Matrix
 [78509.	 1219.	    8.	   22.	    8.]
 [ 1431.	56340.	  158.	   32.	  113.]
 [    5.	  241.	 2225.	    0.	    0.]
 [   12.	   23.	    0.	 1572.	    0.]
 [   26.	  112.	    0.	    0.	11364.]
2025-11-10 01:26:13,838 - INFO - Epoch 38 saved.
2025-11-10 01:26:13,839 - INFO - model saved 32 times, last saved epoch: 38.

2025-11-10 01:26:15,887 - INFO - Epoch 39, Train loss: 0.017661727964878082
2025-11-10 01:26:16,682 - INFO - mIoU: 0.9333; OA: 0.9782; AA: 0.9674; F1: 0.9647; Kappa: 0.9625;
2025-11-10 01:26:16,682 - INFO - spatial_LccAccuracy: 0.8975; spatial_PA: 0.9788; spatial_UA: 0.9908; spatial_F1: 0.9847
2025-11-10 01:26:16,682 - INFO - temporal_CdAccuracy: 0.7262; temporal_PA: 0.9397; temporal_UA: 0.9195; temporal_F1: 0.9295
2025-11-10 01:26:16,683 - INFO - Confusion Matrix
 [78739.	 1004.	    1.	   19.	    3.]
 [ 1530.	56159.	  291.	   24.	   70.]
 [   14.	  168.	 2289.	    0.	    0.]
 [   18.	   28.	    0.	 1561.	    0.]
 [   45.	  124.	    0.	    0.	11333.]
2025-11-10 01:26:16,684 - INFO - model saved 32 times, last saved epoch: 38.

2025-11-10 01:26:18,868 - INFO - Epoch 40, Train loss: 0.018093213438987732
2025-11-10 01:26:19,757 - INFO - mIoU: 0.9365; OA: 0.978; AA: 0.9569; F1: 0.9665; Kappa: 0.9621;
2025-11-10 01:26:19,757 - INFO - spatial_LccAccuracy: 0.8956; spatial_PA: 0.9826; spatial_UA: 0.9892; spatial_F1: 0.9859
2025-11-10 01:26:19,757 - INFO - temporal_CdAccuracy: 0.7196; temporal_PA: 0.9345; temporal_UA: 0.9159; temporal_F1: 0.9251
2025-11-10 01:26:19,758 - INFO - Confusion Matrix
 [78395.	 1360.	    1.	    9.	    1.]
 [ 1280.	56616.	  138.	    0.	   40.]
 [    7.	  260.	 2204.	    0.	    0.]
 [   26.	   51.	    0.	 1530.	    0.]
 [   42.	  154.	    0.	    0.	11306.]
2025-11-10 01:26:19,838 - INFO - Epoch 40 saved.
2025-11-10 01:26:19,838 - INFO - model saved 33 times, last saved epoch: 40.

2025-11-10 01:26:22,012 - INFO - Epoch 41, Train loss: 0.015971733257174492
2025-11-10 01:26:22,809 - INFO - mIoU: 0.9348; OA: 0.9772; AA: 0.9706; F1: 0.9656; Kappa: 0.9607;
2025-11-10 01:26:22,810 - INFO - spatial_LccAccuracy: 0.8979; spatial_PA: 0.9815; spatial_UA: 0.9881; spatial_F1: 0.9848
2025-11-10 01:26:22,810 - INFO - temporal_CdAccuracy: 0.7149; temporal_PA: 0.9374; temporal_UA: 0.9127; temporal_F1: 0.9249
2025-11-10 01:26:22,811 - INFO - Confusion Matrix
 [78886.	  866.	    3.	    7.	    4.]
 [ 1822.	55774.	  278.	   43.	  157.]
 [    9.	  161.	 2301.	    0.	    0.]
 [   19.	    9.	    0.	 1579.	    0.]
 [   27.	   87.	    0.	    0.	11388.]
2025-11-10 01:26:22,812 - INFO - model saved 33 times, last saved epoch: 40.

2025-11-10 01:26:25,141 - INFO - Epoch 42, Train loss: 0.01656038872897625
2025-11-10 01:26:25,983 - INFO - mIoU: 0.9348; OA: 0.9786; AA: 0.9665; F1: 0.9656; Kappa: 0.963;
2025-11-10 01:26:25,983 - INFO - spatial_LccAccuracy: 0.8987; spatial_PA: 0.9815; spatial_UA: 0.9881; spatial_F1: 0.9848
2025-11-10 01:26:25,983 - INFO - temporal_CdAccuracy: 0.7309; temporal_PA: 0.9372; temporal_UA: 0.9232; temporal_F1: 0.9301
2025-11-10 01:26:25,984 - INFO - Confusion Matrix
 [78615.	 1142.	    1.	    7.	    1.]
 [ 1356.	56334.	  251.	   33.	  100.]
 [    7.	  183.	 2281.	    0.	    0.]
 [   33.	   19.	    0.	 1555.	    0.]
 [   33.	  124.	    0.	    0.	11345.]
2025-11-10 01:26:25,985 - INFO - model saved 33 times, last saved epoch: 40.

2025-11-10 01:26:28,065 - INFO - Epoch 43, Train loss: 0.013870203867554665
2025-11-10 01:26:28,891 - INFO - mIoU: 0.9266; OA: 0.9739; AA: 0.9711; F1: 0.9613; Kappa: 0.9552;
2025-11-10 01:26:28,892 - INFO - spatial_LccAccuracy: 0.8709; spatial_PA: 0.9693; spatial_UA: 0.9873; spatial_F1: 0.9783
2025-11-10 01:26:28,892 - INFO - temporal_CdAccuracy: 0.702; temporal_PA: 0.915; temporal_UA: 0.9028; temporal_F1: 0.9089
2025-11-10 01:26:28,893 - INFO - Confusion Matrix
 [77110.	 2560.	   12.	   75.	    9.]
 [  644.	57056.	  248.	   52.	   74.]
 [    5.	  169.	 2297.	    0.	    0.]
 [    7.	    9.	    1.	 1590.	    0.]
 [   21.	  122.	    0.	    0.	11359.]
2025-11-10 01:26:28,894 - INFO - model saved 33 times, last saved epoch: 40.

2025-11-10 01:26:31,201 - INFO - Epoch 44, Train loss: 0.014174827374517918
2025-11-10 01:26:32,067 - INFO - mIoU: 0.9369; OA: 0.978; AA: 0.9626; F1: 0.9668; Kappa: 0.9621;
2025-11-10 01:26:32,067 - INFO - spatial_LccAccuracy: 0.8925; spatial_PA: 0.9806; spatial_UA: 0.9913; spatial_F1: 0.9859
2025-11-10 01:26:32,068 - INFO - temporal_CdAccuracy: 0.7247; temporal_PA: 0.9343; temporal_UA: 0.9159; temporal_F1: 0.925
2025-11-10 01:26:32,068 - INFO - Confusion Matrix
 [78047.	 1683.	    6.	   29.	    1.]
 [  966.	56912.	  120.	   30.	   46.]
 [    6.	  270.	 2195.	    0.	    0.]
 [    9.	   19.	    0.	 1579.	    0.]
 [   36.	  150.	    0.	    0.	11316.]
2025-11-10 01:26:32,129 - INFO - Epoch 44 saved.
2025-11-10 01:26:32,130 - INFO - model saved 34 times, last saved epoch: 44.

2025-11-10 01:26:34,114 - INFO - Epoch 45, Train loss: 0.012537239119410515
2025-11-10 01:26:34,955 - INFO - mIoU: 0.9313; OA: 0.9767; AA: 0.9726; F1: 0.9636; Kappa: 0.9599;
2025-11-10 01:26:34,955 - INFO - spatial_LccAccuracy: 0.8905; spatial_PA: 0.9783; spatial_UA: 0.9889; spatial_F1: 0.9836
2025-11-10 01:26:34,955 - INFO - temporal_CdAccuracy: 0.7145; temporal_PA: 0.9404; temporal_UA: 0.9137; temporal_F1: 0.9268
2025-11-10 01:26:34,956 - INFO - Confusion Matrix
 [78772.	  976.	    4.	   10.	    4.]
 [ 1738.	55768.	  342.	   48.	  178.]
 [    7.	  136.	 2328.	    0.	    0.]
 [   22.	    7.	    0.	 1578.	    0.]
 [   29.	   74.	    0.	    0.	11399.]
2025-11-10 01:26:34,956 - INFO - model saved 34 times, last saved epoch: 44.

2025-11-10 01:26:37,283 - INFO - Epoch 46, Train loss: 0.01536337099969387
2025-11-10 01:26:38,059 - INFO - mIoU: 0.9372; OA: 0.9785; AA: 0.9624; F1: 0.9668; Kappa: 0.9629;
2025-11-10 01:26:38,059 - INFO - spatial_LccAccuracy: 0.8956; spatial_PA: 0.9763; spatial_UA: 0.991; spatial_F1: 0.9836
2025-11-10 01:26:38,060 - INFO - temporal_CdAccuracy: 0.729; temporal_PA: 0.9376; temporal_UA: 0.9206; temporal_F1: 0.929
2025-11-10 01:26:38,060 - INFO - Confusion Matrix
 [78767.	  968.	    3.	   27.	    1.]
 [ 1594.	56241.	  164.	    9.	   66.]
 [    4.	  264.	 2203.	    0.	    0.]
 [    6.	   28.	    0.	 1573.	    0.]
 [   36.	  126.	    0.	    0.	11340.]
2025-11-10 01:26:38,141 - INFO - Epoch 46 saved.
2025-11-10 01:26:38,142 - INFO - model saved 35 times, last saved epoch: 46.

2025-11-10 01:26:40,119 - INFO - Epoch 47, Train loss: 0.014115282334387302
2025-11-10 01:26:40,943 - INFO - mIoU: 0.9388; OA: 0.9793; AA: 0.9641; F1: 0.9677; Kappa: 0.9642;
2025-11-10 01:26:40,943 - INFO - spatial_LccAccuracy: 0.9042; spatial_PA: 0.9815; spatial_UA: 0.9915; spatial_F1: 0.9865
2025-11-10 01:26:40,943 - INFO - temporal_CdAccuracy: 0.7341; temporal_PA: 0.9444; temporal_UA: 0.9249; temporal_F1: 0.9345
2025-11-10 01:26:40,944 - INFO - Confusion Matrix
 [78526.	 1222.	    6.	   11.	    1.]
 [ 1216.	56617.	  205.	    5.	   31.]
 [    7.	  208.	 2256.	    0.	    0.]
 [   18.	   35.	    0.	 1554.	    0.]
 [   47.	  169.	    0.	    0.	11286.]
2025-11-10 01:26:41,004 - INFO - Epoch 47 saved.
2025-11-10 01:26:41,005 - INFO - model saved 36 times, last saved epoch: 47.

2025-11-10 01:26:43,268 - INFO - Epoch 48, Train loss: 0.011595746502280235
2025-11-10 01:26:44,115 - INFO - mIoU: 0.9398; OA: 0.9796; AA: 0.9674; F1: 0.9684; Kappa: 0.9648;
2025-11-10 01:26:44,115 - INFO - spatial_LccAccuracy: 0.9073; spatial_PA: 0.9817; spatial_UA: 0.989; spatial_F1: 0.9853
2025-11-10 01:26:44,116 - INFO - temporal_CdAccuracy: 0.7345; temporal_PA: 0.9446; temporal_UA: 0.9201; temporal_F1: 0.9322
2025-11-10 01:26:44,117 - INFO - Confusion Matrix
 [78815.	  936.	    2.	    6.	    7.]
 [ 1453.	56276.	  190.	   31.	  124.]
 [    7.	  201.	 2263.	    0.	    0.]
 [   28.	   11.	    0.	 1568.	    0.]
 [   27.	  107.	    0.	    0.	11368.]
2025-11-10 01:26:44,176 - INFO - Epoch 48 saved.
2025-11-10 01:26:44,177 - INFO - model saved 37 times, last saved epoch: 48.

2025-11-10 01:26:46,398 - INFO - Epoch 49, Train loss: 0.011120524257421494
2025-11-10 01:26:47,172 - INFO - mIoU: 0.937; OA: 0.9766; AA: 0.961; F1: 0.9668; Kappa: 0.9597;
2025-11-10 01:26:47,172 - INFO - spatial_LccAccuracy: 0.8799; spatial_PA: 0.979; spatial_UA: 0.9917; spatial_F1: 0.9853
2025-11-10 01:26:47,172 - INFO - temporal_CdAccuracy: 0.7212; temporal_PA: 0.9336; temporal_UA: 0.9089; temporal_F1: 0.9211
2025-11-10 01:26:47,173 - INFO - Confusion Matrix
 [77601.	 2143.	    1.	   20.	    1.]
 [  761.	57120.	  137.	    9.	   47.]
 [    6.	  262.	 2203.	    0.	    0.]
 [   12.	   35.	    0.	 1560.	    0.]
 [   28.	  129.	    0.	    0.	11345.]
2025-11-10 01:26:47,174 - INFO - model saved 37 times, last saved epoch: 48.

2025-11-10 01:26:49,567 - INFO - Epoch 50, Train loss: 0.010869246907532215
2025-11-10 01:26:50,438 - INFO - mIoU: 0.9377; OA: 0.9792; AA: 0.9603; F1: 0.9672; Kappa: 0.964;
2025-11-10 01:26:50,438 - INFO - spatial_LccAccuracy: 0.8995; spatial_PA: 0.9819; spatial_UA: 0.9865; spatial_F1: 0.9842
2025-11-10 01:26:50,439 - INFO - temporal_CdAccuracy: 0.7341; temporal_PA: 0.9416; temporal_UA: 0.9232; temporal_F1: 0.9323
2025-11-10 01:26:50,439 - INFO - Confusion Matrix
 [78542.	 1217.	    1.	    5.	    1.]
 [ 1272.	56598.	  130.	   32.	   42.]
 [    8.	  247.	 2216.	    0.	    0.]
 [   53.	    9.	    0.	 1545.	    0.]
 [   57.	  124.	    0.	    0.	11321.]
2025-11-10 01:26:50,441 - INFO - model saved 37 times, last saved epoch: 48.

2025-11-10 01:26:52,251 - INFO - Epoch 51, Train loss: 0.012548421509563923
2025-11-10 01:26:53,092 - INFO - mIoU: 0.9379; OA: 0.9775; AA: 0.9591; F1: 0.9674; Kappa: 0.9613;
2025-11-10 01:26:53,092 - INFO - spatial_LccAccuracy: 0.8874; spatial_PA: 0.9744; spatial_UA: 0.9905; spatial_F1: 0.9824
2025-11-10 01:26:53,092 - INFO - temporal_CdAccuracy: 0.7255; temporal_PA: 0.9264; temporal_UA: 0.9164; temporal_F1: 0.9214
2025-11-10 01:26:53,093 - INFO - Confusion Matrix
 [78016.	 1727.	    4.	   18.	    1.]
 [ 1016.	56864.	  111.	    1.	   82.]
 [    5.	  270.	 2196.	    0.	    0.]
 [    5.	   54.	    0.	 1548.	    0.]
 [   25.	  131.	    0.	    0.	11346.]
2025-11-10 01:26:53,094 - INFO - model saved 37 times, last saved epoch: 48.

2025-11-10 01:26:55,106 - INFO - Epoch 52, Train loss: 0.011628489010035992
2025-11-10 01:26:55,991 - INFO - mIoU: 0.9409; OA: 0.9798; AA: 0.9597; F1: 0.969; Kappa: 0.9651;
2025-11-10 01:26:55,991 - INFO - spatial_LccAccuracy: 0.8991; spatial_PA: 0.9809; spatial_UA: 0.9922; spatial_F1: 0.9865
2025-11-10 01:26:55,991 - INFO - temporal_CdAccuracy: 0.7403; temporal_PA: 0.9424; temporal_UA: 0.9282; temporal_F1: 0.9352
2025-11-10 01:26:55,992 - INFO - Confusion Matrix
 [78478.	 1276.	    1.	   10.	    1.]
 [ 1154.	56758.	  117.	    1.	   44.]
 [    5.	  257.	 2209.	    0.	    0.]
 [   11.	   56.	    0.	 1540.	    0.]
 [   34.	  138.	    0.	    0.	11330.]
2025-11-10 01:26:56,050 - INFO - Epoch 52 saved.
2025-11-10 01:26:56,050 - INFO - model saved 38 times, last saved epoch: 52.

2025-11-10 01:26:58,073 - INFO - Epoch 53, Train loss: 0.010110300965607166
2025-11-10 01:26:58,909 - INFO - mIoU: 0.9434; OA: 0.9799; AA: 0.968; F1: 0.9704; Kappa: 0.9654;
2025-11-10 01:26:58,909 - INFO - spatial_LccAccuracy: 0.9073; spatial_PA: 0.9825; spatial_UA: 0.9918; spatial_F1: 0.9871
2025-11-10 01:26:58,909 - INFO - temporal_CdAccuracy: 0.7345; temporal_PA: 0.9421; temporal_UA: 0.9244; temporal_F1: 0.9331
2025-11-10 01:26:58,910 - INFO - Confusion Matrix
 [78591.	 1154.	    2.	   14.	    5.]
 [ 1272.	56584.	  116.	   46.	   56.]
 [    5.	  223.	 2243.	    0.	    0.]
 [   12.	    9.	    0.	 1586.	    0.]
 [   27.	  138.	    0.	    0.	11337.]
2025-11-10 01:26:58,974 - INFO - Epoch 53 saved.
2025-11-10 01:26:58,975 - INFO - model saved 39 times, last saved epoch: 53.

2025-11-10 01:27:01,080 - INFO - Epoch 54, Train loss: 0.010633678175508976
2025-11-10 01:27:01,853 - INFO - mIoU: 0.9438; OA: 0.9798; AA: 0.9673; F1: 0.9706; Kappa: 0.9651;
2025-11-10 01:27:01,853 - INFO - spatial_LccAccuracy: 0.9046; spatial_PA: 0.9785; spatial_UA: 0.9898; spatial_F1: 0.9842
2025-11-10 01:27:01,853 - INFO - temporal_CdAccuracy: 0.7364; temporal_PA: 0.9481; temporal_UA: 0.9255; temporal_F1: 0.9366
2025-11-10 01:27:01,854 - INFO - Confusion Matrix
 [78339.	 1393.	    2.	   31.	    1.]
 [ 1050.	56829.	  128.	   11.	   56.]
 [    7.	  216.	 2248.	    0.	    0.]
 [    4.	   25.	    0.	 1578.	    0.]
 [   33.	  148.	    0.	    0.	11321.]
2025-11-10 01:27:01,913 - INFO - Epoch 54 saved.
2025-11-10 01:27:01,914 - INFO - model saved 40 times, last saved epoch: 54.

2025-11-10 01:27:04,013 - INFO - Epoch 55, Train loss: 0.009320118464529514
2025-11-10 01:27:04,815 - INFO - mIoU: 0.9393; OA: 0.9792; AA: 0.9696; F1: 0.9681; Kappa: 0.9642;
2025-11-10 01:27:04,816 - INFO - spatial_LccAccuracy: 0.9007; spatial_PA: 0.978; spatial_UA: 0.988; spatial_F1: 0.983
2025-11-10 01:27:04,816 - INFO - temporal_CdAccuracy: 0.7348; temporal_PA: 0.9503; temporal_UA: 0.9226; temporal_F1: 0.9362
2025-11-10 01:27:04,817 - INFO - Confusion Matrix
 [78743.	 1009.	    2.	   11.	    1.]
 [ 1468.	56275.	  196.	   50.	   85.]
 [    5.	  202.	 2264.	    0.	    0.]
 [   14.	    6.	    0.	 1587.	    0.]
 [   34.	  106.	    0.	    0.	11362.]
2025-11-10 01:27:04,818 - INFO - model saved 40 times, last saved epoch: 54.

2025-11-10 01:27:07,203 - INFO - Epoch 56, Train loss: 0.009744209237396717
2025-11-10 01:27:08,000 - INFO - mIoU: 0.941; OA: 0.9801; AA: 0.9619; F1: 0.969; Kappa: 0.9657;
2025-11-10 01:27:08,000 - INFO - spatial_LccAccuracy: 0.9081; spatial_PA: 0.9769; spatial_UA: 0.9903; spatial_F1: 0.9836
2025-11-10 01:27:08,000 - INFO - temporal_CdAccuracy: 0.7419; temporal_PA: 0.9462; temporal_UA: 0.927; temporal_F1: 0.9365
2025-11-10 01:27:08,001 - INFO - Confusion Matrix
 [78776.	  975.	    1.	   10.	    4.]
 [ 1340.	56446.	  111.	   11.	  166.]
 [    6.	  272.	 2193.	    0.	    0.]
 [   16.	   30.	    0.	 1561.	    0.]
 [   26.	   79.	    0.	    0.	11397.]
2025-11-10 01:27:08,001 - INFO - model saved 40 times, last saved epoch: 54.

2025-11-10 01:27:10,363 - INFO - Epoch 57, Train loss: 0.00931848306208849
2025-11-10 01:27:11,234 - INFO - mIoU: 0.9335; OA: 0.9785; AA: 0.9739; F1: 0.9645; Kappa: 0.963;
2025-11-10 01:27:11,235 - INFO - spatial_LccAccuracy: 0.8932; spatial_PA: 0.9829; spatial_UA: 0.9902; spatial_F1: 0.9865
2025-11-10 01:27:11,235 - INFO - temporal_CdAccuracy: 0.7239; temporal_PA: 0.9483; temporal_UA: 0.9208; temporal_F1: 0.9344
2025-11-10 01:27:11,235 - INFO - Confusion Matrix
 [78467.	 1289.	    3.	    6.	    1.]
 [ 1164.	56414.	  409.	   30.	   57.]
 [    4.	  131.	 2336.	    0.	    0.]
 [   10.	   15.	    0.	 1582.	    0.]
 [   47.	  131.	    0.	    0.	11324.]
2025-11-10 01:27:11,236 - INFO - model saved 40 times, last saved epoch: 54.

2025-11-10 01:27:13,484 - INFO - Epoch 58, Train loss: 0.010152370668947697
2025-11-10 01:27:14,313 - INFO - mIoU: 0.9442; OA: 0.9804; AA: 0.9641; F1: 0.9707; Kappa: 0.9663;
2025-11-10 01:27:14,313 - INFO - spatial_LccAccuracy: 0.9065; spatial_PA: 0.982; spatial_UA: 0.9934; spatial_F1: 0.9877
2025-11-10 01:27:14,313 - INFO - temporal_CdAccuracy: 0.7478; temporal_PA: 0.9464; temporal_UA: 0.931; temporal_F1: 0.9387
2025-11-10 01:27:14,313 - INFO - Confusion Matrix
 [78511.	 1244.	    1.	    9.	    1.]
 [ 1105.	56804.	  134.	    7.	   24.]
 [    8.	  236.	 2227.	    0.	    0.]
 [    6.	   37.	    0.	 1564.	    0.]
 [   40.	  148.	    0.	    0.	11314.]
2025-11-10 01:27:14,396 - INFO - Epoch 58 saved.
2025-11-10 01:27:14,396 - INFO - model saved 41 times, last saved epoch: 58.

2025-11-10 01:27:16,675 - INFO - Epoch 59, Train loss: 0.00768708810210228
2025-11-10 01:27:17,461 - INFO - mIoU: 0.9246; OA: 0.977; AA: 0.9755; F1: 0.9599; Kappa: 0.9605;
2025-11-10 01:27:17,461 - INFO - spatial_LccAccuracy: 0.8878; spatial_PA: 0.9734; spatial_UA: 0.9867; spatial_F1: 0.98
2025-11-10 01:27:17,461 - INFO - temporal_CdAccuracy: 0.7239; temporal_PA: 0.9439; temporal_UA: 0.9143; temporal_F1: 0.9289
2025-11-10 01:27:17,462 - INFO - Confusion Matrix
 [79086.	  625.	   17.	   32.	    6.]
 [ 1944.	55471.	  352.	  102.	  205.]
 [    3.	  134.	 2334.	    0.	    0.]
 [    6.	    2.	    0.	 1598.	    1.]
 [   31.	   61.	    0.	    0.	11410.]
2025-11-10 01:27:17,463 - INFO - model saved 41 times, last saved epoch: 58.

2025-11-10 01:27:19,823 - INFO - Epoch 60, Train loss: 0.009297329001128674
2025-11-10 01:27:20,691 - INFO - mIoU: 0.9411; OA: 0.9802; AA: 0.9625; F1: 0.9691; Kappa: 0.9658;
2025-11-10 01:27:20,691 - INFO - spatial_LccAccuracy: 0.8991; spatial_PA: 0.9781; spatial_UA: 0.9915; spatial_F1: 0.9848
2025-11-10 01:27:20,691 - INFO - temporal_CdAccuracy: 0.7411; temporal_PA: 0.9467; temporal_UA: 0.9296; temporal_F1: 0.9381
2025-11-10 01:27:20,692 - INFO - Confusion Matrix
 [78625.	 1109.	   11.	   20.	    1.]
 [ 1259.	56653.	  135.	    2.	   25.]
 [    3.	  241.	 2227.	    0.	    0.]
 [    5.	   50.	    0.	 1552.	    0.]
 [   37.	  146.	    0.	    0.	11319.]
2025-11-10 01:27:20,693 - INFO - model saved 41 times, last saved epoch: 58.

