2025-10-19 00:20:51,130 - INFO - Epoch 0, Train loss: 2.0480032126108805
2025-10-19 00:20:52,041 - INFO - mIoU: 0.0927; OA: 0.2814; AA: 0.171; F1: 0.1549; Kappa: -0.0426;
2025-10-19 00:20:52,041 - INFO - spatial_LccAccuracy: 0.0004; spatial_PA: 0.5014; spatial_UA: 0.6458; spatial_F1: 0.5645
2025-10-19 00:20:52,042 - INFO - temporal_CdAccuracy: 0.0008; temporal_PA: 0.5957; temporal_UA: 0.5182; temporal_F1: 0.5543
2025-10-19 00:20:52,042 - INFO - Confusion Matrix
 [29596.	19398.	14565.	 6123.	10112.]
 [25965.	12298.	 7766.	 6077.	 6158.]
 [  941.	  661.	  411.	  657.	  182.]
 [  820.	  271.	  206.	   92.	  177.]
 [ 3523.	 4688.	 1362.	  547.	  764.]
2025-10-19 00:20:52,140 - INFO - Epoch 0 saved.
2025-10-19 00:20:52,141 - INFO - model saved 1 times, last saved epoch: 0.

2025-10-19 00:20:54,452 - INFO - Epoch 1, Train loss: 2.00028251906236
2025-10-19 00:20:55,297 - INFO - mIoU: 0.118; OA: 0.4156; AA: 0.1907; F1: 0.1832; Kappa: -0.0332;
2025-10-19 00:20:55,297 - INFO - spatial_LccAccuracy: 0.0016; spatial_PA: 0.4973; spatial_UA: 0.3951; spatial_F1: 0.4403
2025-10-19 00:20:55,297 - INFO - temporal_CdAccuracy: 0.0004; temporal_PA: 0.5422; temporal_UA: 0.5117; temporal_F1: 0.5265
2025-10-19 00:20:55,298 - INFO - Confusion Matrix
 [49037.	21992.	 4099.	 1393.	 3273.]
 [39076.	14299.	 1912.	 1399.	 1578.]
 [ 1463.	  958.	  120.	  265.	   46.]
 [ 1138.	  229.	  107.	   46.	   46.]
 [ 5544.	 4666.	  312.	  124.	  238.]
2025-10-19 00:20:55,361 - INFO - Epoch 1 saved.
2025-10-19 00:20:55,361 - INFO - model saved 2 times, last saved epoch: 1.

2025-10-19 00:20:57,715 - INFO - Epoch 2, Train loss: 1.8067733556032182
2025-10-19 00:20:58,593 - INFO - mIoU: 0.1316; OA: 0.5218; AA: 0.2121; F1: 0.236; Kappa: 0.0524;
2025-10-19 00:20:58,593 - INFO - spatial_LccAccuracy: 0.0086; spatial_PA: 0.5017; spatial_UA: 0.5322; spatial_F1: 0.5165
2025-10-19 00:20:58,593 - INFO - temporal_CdAccuracy: 0.0027; temporal_PA: 0.5064; temporal_UA: 0.5023; temporal_F1: 0.5043
2025-10-19 00:20:58,594 - INFO - Confusion Matrix
 [68369.	11315.	    3.	    3.	  104.]
 [46568.	11646.	    6.	   21.	   23.]
 [ 1850.	  975.	    0.	   22.	    5.]
 [ 1441.	  121.	    0.	    4.	    0.]
 [ 8425.	 2435.	    9.	    4.	   11.]
2025-10-19 00:20:58,678 - INFO - Epoch 2 saved.
2025-10-19 00:20:58,679 - INFO - model saved 3 times, last saved epoch: 2.

2025-10-19 00:21:00,876 - INFO - Epoch 3, Train loss: 1.551230396827062
2025-10-19 00:21:01,741 - INFO - mIoU: 0.2146; OA: 0.6714; AA: 0.2919; F1: 0.3492; Kappa: 0.3776;
2025-10-19 00:21:01,741 - INFO - spatial_LccAccuracy: 0.0164; spatial_PA: 0.5009; spatial_UA: 0.5157; spatial_F1: 0.5082
2025-10-19 00:21:01,741 - INFO - temporal_CdAccuracy: 0.0031; temporal_PA: 0.53; temporal_UA: 0.5102; temporal_F1: 0.5199
2025-10-19 00:21:01,742 - INFO - Confusion Matrix
 [67054.	12739.	    0.	    0.	    1.]
 [22373.	35886.	    0.	    3.	    2.]
 [ 1075.	 1777.	    0.	    0.	    0.]
 [ 1467.	   98.	    0.	    1.	    0.]
 [ 8853.	 1983.	   14.	    7.	   27.]
2025-10-19 00:21:01,806 - INFO - Epoch 3 saved.
2025-10-19 00:21:01,807 - INFO - model saved 4 times, last saved epoch: 3.

2025-10-19 00:21:03,686 - INFO - Epoch 4, Train loss: 1.3356897443532945
2025-10-19 00:21:04,498 - INFO - mIoU: 0.2856; OA: 0.7732; AA: 0.3535; F1: 0.5837; Kappa: 0.5795;
2025-10-19 00:21:04,498 - INFO - spatial_LccAccuracy: 0.0689; spatial_PA: 0.6084; spatial_UA: 0.7751; spatial_F1: 0.6817
2025-10-19 00:21:04,498 - INFO - temporal_CdAccuracy: 0.0516; temporal_PA: 0.5569; temporal_UA: 0.5277; temporal_F1: 0.5419
2025-10-19 00:21:04,499 - INFO - Confusion Matrix
 [70761.	 9033.	    0.	    0.	    0.]
 [11250.	47014.	    0.	    0.	    0.]
 [  693.	 2159.	    0.	    0.	    0.]
 [ 1495.	   71.	    0.	    0.	    0.]
 [ 6268.	 3574.	  210.	   31.	  801.]
2025-10-19 00:21:04,568 - INFO - Epoch 4 saved.
2025-10-19 00:21:04,569 - INFO - model saved 5 times, last saved epoch: 4.

2025-10-19 00:21:06,569 - INFO - Epoch 5, Train loss: 1.0502485558390617
2025-10-19 00:21:07,366 - INFO - mIoU: 0.4295; OA: 0.8543; AA: 0.4797; F1: 0.6241; Kappa: 0.7376;
2025-10-19 00:21:07,367 - INFO - spatial_LccAccuracy: 0.1174; spatial_PA: 0.6952; spatial_UA: 0.8542; spatial_F1: 0.7665
2025-10-19 00:21:07,367 - INFO - temporal_CdAccuracy: 0.0884; temporal_PA: 0.5995; temporal_UA: 0.5591; temporal_F1: 0.5786
2025-10-19 00:21:07,368 - INFO - Confusion Matrix
 [73437.	 6357.	    0.	    0.	    0.]
 [ 7233.	51031.	    0.	    0.	    0.]
 [  332.	 2516.	    4.	    0.	    0.]
 [ 1425.	  141.	    0.	    0.	    0.]
 [ 3025.	 1191.	   79.	   50.	 6539.]
2025-10-19 00:21:07,431 - INFO - Epoch 5 saved.
2025-10-19 00:21:07,431 - INFO - model saved 6 times, last saved epoch: 5.

2025-10-19 00:21:09,481 - INFO - Epoch 6, Train loss: 0.8949373508493106
2025-10-19 00:21:10,371 - INFO - mIoU: 0.4962; OA: 0.8902; AA: 0.537; F1: 0.5462; Kappa: 0.8045;
2025-10-19 00:21:10,371 - INFO - spatial_LccAccuracy: 0.2062; spatial_PA: 0.7237; spatial_UA: 0.7934; spatial_F1: 0.757
2025-10-19 00:21:10,371 - INFO - temporal_CdAccuracy: 0.1416; temporal_PA: 0.632; temporal_UA: 0.5991; temporal_F1: 0.6151
2025-10-19 00:21:10,372 - INFO - Confusion Matrix
 [75264.	 4509.	    4.	    0.	   17.]
 [ 6124.	52137.	    0.	    1.	    2.]
 [  136.	 2692.	   22.	    1.	    1.]
 [ 1178.	  378.	    0.	    6.	    4.]
 [ 1188.	  589.	    5.	   11.	 9091.]
2025-10-19 00:21:10,444 - INFO - Epoch 6 saved.
2025-10-19 00:21:10,445 - INFO - model saved 7 times, last saved epoch: 6.

2025-10-19 00:21:12,385 - INFO - Epoch 7, Train loss: 0.8074758688608805
2025-10-19 00:21:13,198 - INFO - mIoU: 0.52; OA: 0.9067; AA: 0.5569; F1: 0.5701; Kappa: 0.8344;
2025-10-19 00:21:13,199 - INFO - spatial_LccAccuracy: 0.4253; spatial_PA: 0.765; spatial_UA: 0.7942; spatial_F1: 0.7793
2025-10-19 00:21:13,199 - INFO - temporal_CdAccuracy: 0.3005; temporal_PA: 0.6558; temporal_UA: 0.6518; temporal_F1: 0.6538
2025-10-19 00:21:13,200 - INFO - Confusion Matrix
 [75888.	 3845.	    7.	    1.	   53.]
 [ 4614.	53648.	    0.	    1.	    1.]
 [  100.	 2677.	   55.	    5.	   15.]
 [ 1024.	  497.	    0.	   45.	    0.]
 [ 1020.	  455.	    0.	    0.	 9409.]
2025-10-19 00:21:13,261 - INFO - Epoch 7 saved.
2025-10-19 00:21:13,262 - INFO - model saved 8 times, last saved epoch: 7.

2025-10-19 00:21:15,422 - INFO - Epoch 8, Train loss: 0.7574083710710208
2025-10-19 00:21:16,296 - INFO - mIoU: 0.5475; OA: 0.9163; AA: 0.5812; F1: 0.6102; Kappa: 0.8513;
2025-10-19 00:21:16,296 - INFO - spatial_LccAccuracy: 0.5379; spatial_PA: 0.7654; spatial_UA: 0.7958; spatial_F1: 0.7803
2025-10-19 00:21:16,297 - INFO - temporal_CdAccuracy: 0.3783; temporal_PA: 0.6727; temporal_UA: 0.6962; temporal_F1: 0.6843
2025-10-19 00:21:16,297 - INFO - Confusion Matrix
 [77335.	 2401.	   12.	    1.	   45.]
 [ 4942.	53316.	    1.	    4.	    1.]
 [  133.	 2418.	  239.	    5.	   57.]
 [ 1003.	  466.	    0.	   97.	    0.]
 [  985.	  363.	    0.	    0.	 9536.]
2025-10-19 00:21:16,361 - INFO - Epoch 8 saved.
2025-10-19 00:21:16,362 - INFO - model saved 9 times, last saved epoch: 8.

2025-10-19 00:21:18,496 - INFO - Epoch 9, Train loss: 0.70609447012345
2025-10-19 00:21:19,309 - INFO - mIoU: 0.6277; OA: 0.9299; AA: 0.6591; F1: 0.7144; Kappa: 0.8767;
2025-10-19 00:21:19,309 - INFO - spatial_LccAccuracy: 0.6142; spatial_PA: 0.9023; spatial_UA: 0.8627; spatial_F1: 0.882
2025-10-19 00:21:19,309 - INFO - temporal_CdAccuracy: 0.4754; temporal_PA: 0.7099; temporal_UA: 0.7372; temporal_F1: 0.7233
2025-10-19 00:21:19,310 - INFO - Confusion Matrix
 [76636.	 3081.	   20.	    3.	   54.]
 [ 3248.	54981.	   16.	   11.	    8.]
 [   74.	 1648.	 1038.	    6.	   86.]
 [  884.	  474.	    0.	  206.	    2.]
 [  787.	  345.	    0.	    1.	 9751.]
2025-10-19 00:21:19,376 - INFO - Epoch 9 saved.
2025-10-19 00:21:19,376 - INFO - model saved 10 times, last saved epoch: 9.

2025-10-19 00:21:21,627 - INFO - Epoch 10, Train loss: 0.6118382488687834
2025-10-19 00:21:22,481 - INFO - mIoU: 0.6995; OA: 0.938; AA: 0.7288; F1: 0.7916; Kappa: 0.8911;
2025-10-19 00:21:22,481 - INFO - spatial_LccAccuracy: 0.6514; spatial_PA: 0.9185; spatial_UA: 0.8728; spatial_F1: 0.8951
2025-10-19 00:21:22,481 - INFO - temporal_CdAccuracy: 0.4898; temporal_PA: 0.7235; temporal_UA: 0.7477; temporal_F1: 0.7354
2025-10-19 00:21:22,482 - INFO - Confusion Matrix
 [77769.	 1945.	   18.	    2.	   60.]
 [ 4008.	54174.	   27.	   34.	   21.]
 [   75.	 1088.	 1618.	    3.	   68.]
 [  825.	  325.	    0.	  414.	    2.]
 [  709.	  292.	    0.	    1.	 9882.]
2025-10-19 00:21:22,563 - INFO - Epoch 10 saved.
2025-10-19 00:21:22,564 - INFO - model saved 11 times, last saved epoch: 10.

2025-10-19 00:21:24,841 - INFO - Epoch 11, Train loss: 0.5915796329577764
2025-10-19 00:21:25,716 - INFO - mIoU: 0.758; OA: 0.9474; AA: 0.7865; F1: 0.8437; Kappa: 0.9081;
2025-10-19 00:21:25,716 - INFO - spatial_LccAccuracy: 0.6784; spatial_PA: 0.927; spatial_UA: 0.8808; spatial_F1: 0.9033
2025-10-19 00:21:25,716 - INFO - temporal_CdAccuracy: 0.5352; temporal_PA: 0.7701; temporal_UA: 0.7853; temporal_F1: 0.7777
2025-10-19 00:21:25,716 - INFO - Confusion Matrix
 [77294.	 2409.	   25.	    2.	   64.]
 [ 2788.	55361.	   49.	   42.	   24.]
 [   27.	  798.	 2012.	    1.	   14.]
 [  673.	  285.	    0.	  608.	    0.]
 [  549.	  320.	    0.	    1.	10014.]
2025-10-19 00:21:25,780 - INFO - Epoch 11 saved.
2025-10-19 00:21:25,781 - INFO - model saved 12 times, last saved epoch: 11.

2025-10-19 00:21:28,096 - INFO - Epoch 12, Train loss: 0.5698005929589272
2025-10-19 00:21:28,893 - INFO - mIoU: 0.8002; OA: 0.9537; AA: 0.829; F1: 0.8787; Kappa: 0.9193;
2025-10-19 00:21:28,893 - INFO - spatial_LccAccuracy: 0.7105; spatial_PA: 0.9289; spatial_UA: 0.8897; spatial_F1: 0.9089
2025-10-19 00:21:28,893 - INFO - temporal_CdAccuracy: 0.5865; temporal_PA: 0.8115; temporal_UA: 0.8213; temporal_F1: 0.8164
2025-10-19 00:21:28,894 - INFO - Confusion Matrix
 [77611.	 2086.	   23.	    5.	   69.]
 [ 2607.	55501.	   52.	   64.	   40.]
 [   23.	  643.	 2183.	    1.	    2.]
 [  518.	  229.	    0.	  818.	    1.]
 [  477.	  261.	    0.	    1.	10145.]
2025-10-19 00:21:28,979 - INFO - Epoch 12 saved.
2025-10-19 00:21:28,980 - INFO - model saved 13 times, last saved epoch: 12.

2025-10-19 00:21:31,305 - INFO - Epoch 13, Train loss: 0.5500833091636499
2025-10-19 00:21:32,138 - INFO - mIoU: 0.8207; OA: 0.9571; AA: 0.8519; F1: 0.8933; Kappa: 0.9253;
2025-10-19 00:21:32,138 - INFO - spatial_LccAccuracy: 0.7363; spatial_PA: 0.9317; spatial_UA: 0.8932; spatial_F1: 0.912
2025-10-19 00:21:32,138 - INFO - temporal_CdAccuracy: 0.6154; temporal_PA: 0.8255; temporal_UA: 0.8387; temporal_F1: 0.832
2025-10-19 00:21:32,139 - INFO - Confusion Matrix
 [77915.	 1756.	   25.	    7.	   91.]
 [ 2700.	55351.	   67.	   89.	   57.]
 [   15.	  523.	 2313.	    1.	    0.]
 [  479.	  183.	    0.	  902.	    2.]
 [  352.	  235.	    0.	    1.	10296.]
2025-10-19 00:21:32,201 - INFO - Epoch 13 saved.
2025-10-19 00:21:32,202 - INFO - model saved 14 times, last saved epoch: 13.

2025-10-19 00:21:34,395 - INFO - Epoch 14, Train loss: 0.5293006810049216
2025-10-19 00:21:35,221 - INFO - mIoU: 0.8311; OA: 0.96; AA: 0.8589; F1: 0.9002; Kappa: 0.9306;
2025-10-19 00:21:35,221 - INFO - spatial_LccAccuracy: 0.7527; spatial_PA: 0.943; spatial_UA: 0.9114; spatial_F1: 0.927
2025-10-19 00:21:35,221 - INFO - temporal_CdAccuracy: 0.6268; temporal_PA: 0.8365; temporal_UA: 0.8508; temporal_F1: 0.8436
2025-10-19 00:21:35,222 - INFO - Confusion Matrix
 [77025.	 2649.	   23.	    5.	   92.]
 [ 1546.	56562.	   50.	   58.	   48.]
 [    8.	  503.	 2341.	    0.	    0.]
 [  391.	  258.	    0.	  915.	    2.]
 [  226.	  281.	    0.	    1.	10376.]
2025-10-19 00:21:35,285 - INFO - Epoch 14 saved.
2025-10-19 00:21:35,285 - INFO - model saved 15 times, last saved epoch: 14.

2025-10-19 00:21:37,579 - INFO - Epoch 15, Train loss: 0.5084130513171355
2025-10-19 00:21:38,395 - INFO - mIoU: 0.8457; OA: 0.9597; AA: 0.8752; F1: 0.9113; Kappa: 0.9304;
2025-10-19 00:21:38,395 - INFO - spatial_LccAccuracy: 0.7586; spatial_PA: 0.9512; spatial_UA: 0.9336; spatial_F1: 0.9423
2025-10-19 00:21:38,395 - INFO - temporal_CdAccuracy: 0.6225; temporal_PA: 0.8387; temporal_UA: 0.848; temporal_F1: 0.8433
2025-10-19 00:21:38,396 - INFO - Confusion Matrix
 [76389.	 3301.	   19.	    7.	   78.]
 [ 1114.	56986.	   45.	   73.	   46.]
 [    6.	  485.	 2361.	    0.	    0.]
 [  295.	  243.	    0.	 1026.	    2.]
 [  185.	  276.	    0.	    1.	10422.]
2025-10-19 00:21:38,458 - INFO - Epoch 15 saved.
2025-10-19 00:21:38,458 - INFO - model saved 16 times, last saved epoch: 15.

2025-10-19 00:21:40,760 - INFO - Epoch 16, Train loss: 0.497787464906772
2025-10-19 00:21:41,649 - INFO - mIoU: 0.862; OA: 0.965; AA: 0.8937; F1: 0.922; Kappa: 0.9395;
2025-10-19 00:21:41,649 - INFO - spatial_LccAccuracy: 0.7907; spatial_PA: 0.9601; spatial_UA: 0.9552; spatial_F1: 0.9576
2025-10-19 00:21:41,649 - INFO - temporal_CdAccuracy: 0.6451; temporal_PA: 0.8675; temporal_UA: 0.8602; temporal_F1: 0.8638
2025-10-19 00:21:41,650 - INFO - Confusion Matrix
 [77291.	 2407.	   10.	    8.	   78.]
 [ 1340.	56681.	   67.	  112.	   64.]
 [   10.	  427.	 2415.	    0.	    0.]
 [  276.	  168.	    0.	 1122.	    0.]
 [  181.	  212.	    0.	    1.	10490.]
2025-10-19 00:21:41,713 - INFO - Epoch 16 saved.
2025-10-19 00:21:41,714 - INFO - model saved 17 times, last saved epoch: 16.

2025-10-19 00:21:44,101 - INFO - Epoch 17, Train loss: 0.4822466418147087
2025-10-19 00:21:44,968 - INFO - mIoU: 0.8709; OA: 0.964; AA: 0.9033; F1: 0.9283; Kappa: 0.9378;
2025-10-19 00:21:44,968 - INFO - spatial_LccAccuracy: 0.8001; spatial_PA: 0.9675; spatial_UA: 0.9789; spatial_F1: 0.9732
2025-10-19 00:21:44,968 - INFO - temporal_CdAccuracy: 0.6487; temporal_PA: 0.8631; temporal_UA: 0.8569; temporal_F1: 0.86
2025-10-19 00:21:44,969 - INFO - Confusion Matrix
 [76538.	 3153.	   14.	   19.	   70.]
 [  879.	57180.	   49.	  102.	   54.]
 [    2.	  444.	 2406.	    0.	    0.]
 [  164.	  199.	    0.	 1201.	    2.]
 [  135.	  240.	    0.	    1.	10508.]
2025-10-19 00:21:45,052 - INFO - Epoch 17 saved.
2025-10-19 00:21:45,053 - INFO - model saved 18 times, last saved epoch: 17.

2025-10-19 00:21:47,434 - INFO - Epoch 18, Train loss: 0.4757778085768223
2025-10-19 00:21:48,345 - INFO - mIoU: 0.875; OA: 0.9689; AA: 0.9041; F1: 0.9303; Kappa: 0.9461;
2025-10-19 00:21:48,345 - INFO - spatial_LccAccuracy: 0.8236; spatial_PA: 0.9612; spatial_UA: 0.9651; spatial_F1: 0.9632
2025-10-19 00:21:48,345 - INFO - temporal_CdAccuracy: 0.6729; temporal_PA: 0.8872; temporal_UA: 0.8835; temporal_F1: 0.8853
2025-10-19 00:21:48,346 - INFO - Confusion Matrix
 [78336.	 1379.	    1.	    9.	   69.]
 [ 1917.	56105.	   56.	  114.	   72.]
 [   22.	  400.	 2430.	    0.	    0.]
 [  244.	  137.	    0.	 1183.	    2.]
 [  164.	  179.	    0.	    0.	10541.]
2025-10-19 00:21:48,411 - INFO - Epoch 18 saved.
2025-10-19 00:21:48,412 - INFO - model saved 19 times, last saved epoch: 18.

2025-10-19 00:21:50,555 - INFO - Epoch 19, Train loss: 0.4668044403195381
2025-10-19 00:21:51,377 - INFO - mIoU: 0.8849; OA: 0.9699; AA: 0.9113; F1: 0.9368; Kappa: 0.9478;
2025-10-19 00:21:51,377 - INFO - spatial_LccAccuracy: 0.8372; spatial_PA: 0.9661; spatial_UA: 0.9767; spatial_F1: 0.9714
2025-10-19 00:21:51,377 - INFO - temporal_CdAccuracy: 0.6823; temporal_PA: 0.8934; temporal_UA: 0.8914; temporal_F1: 0.8924
2025-10-19 00:21:51,378 - INFO - Confusion Matrix
 [78426.	 1298.	    2.	    8.	   60.]
 [ 1929.	56145.	   47.	   92.	   51.]
 [   12.	  405.	 2435.	    0.	    0.]
 [  179.	  146.	    0.	 1240.	    1.]
 [  178.	  209.	    0.	    0.	10497.]
2025-10-19 00:21:51,444 - INFO - Epoch 19 saved.
2025-10-19 00:21:51,445 - INFO - model saved 20 times, last saved epoch: 19.

2025-10-19 00:21:53,666 - INFO - Epoch 20, Train loss: 0.46249628240863483
2025-10-19 00:21:54,499 - INFO - mIoU: 0.8921; OA: 0.9722; AA: 0.9209; F1: 0.9412; Kappa: 0.9519;
2025-10-19 00:21:54,499 - INFO - spatial_LccAccuracy: 0.8466; spatial_PA: 0.9644; spatial_UA: 0.9736; spatial_F1: 0.969
2025-10-19 00:21:54,499 - INFO - temporal_CdAccuracy: 0.6964; temporal_PA: 0.9037; temporal_UA: 0.8994; temporal_F1: 0.9016
2025-10-19 00:21:54,500 - INFO - Confusion Matrix
 [78349.	 1367.	    1.	   13.	   64.]
 [ 1586.	56448.	   48.	  114.	   68.]
 [   16.	  392.	 2444.	    0.	    0.]
 [  168.	  103.	    0.	 1293.	    2.]
 [  148.	  166.	    0.	    0.	10570.]
2025-10-19 00:21:54,563 - INFO - Epoch 20 saved.
2025-10-19 00:21:54,563 - INFO - model saved 21 times, last saved epoch: 20.

2025-10-19 00:21:56,826 - INFO - Epoch 21, Train loss: 0.4547262797753016
2025-10-19 00:21:57,644 - INFO - mIoU: 0.8921; OA: 0.9698; AA: 0.9237; F1: 0.9414; Kappa: 0.9475;
2025-10-19 00:21:57,644 - INFO - spatial_LccAccuracy: 0.8431; spatial_PA: 0.9609; spatial_UA: 0.9735; spatial_F1: 0.9671
2025-10-19 00:21:57,644 - INFO - temporal_CdAccuracy: 0.6725; temporal_PA: 0.8981; temporal_UA: 0.8864; temporal_F1: 0.8922
2025-10-19 00:21:57,646 - INFO - Confusion Matrix
 [78779.	  944.	    1.	   10.	   60.]
 [ 2397.	55605.	   67.	  131.	   64.]
 [   24.	  349.	 2479.	    0.	    0.]
 [  177.	   75.	    0.	 1314.	    0.]
 [  188.	  152.	    0.	    0.	10544.]
2025-10-19 00:21:57,733 - INFO - Epoch 21 saved.
2025-10-19 00:21:57,734 - INFO - model saved 22 times, last saved epoch: 21.

2025-10-19 00:21:59,876 - INFO - Epoch 22, Train loss: 0.4532037687798341
2025-10-19 00:22:00,772 - INFO - mIoU: 0.9077; OA: 0.9734; AA: 0.9361; F1: 0.9506; Kappa: 0.954;
2025-10-19 00:22:00,773 - INFO - spatial_LccAccuracy: 0.8607; spatial_PA: 0.9605; spatial_UA: 0.9786; spatial_F1: 0.9695
2025-10-19 00:22:00,773 - INFO - temporal_CdAccuracy: 0.7003; temporal_PA: 0.9118; temporal_UA: 0.9045; temporal_F1: 0.9081
2025-10-19 00:22:00,774 - INFO - Confusion Matrix
 [78233.	 1475.	    4.	   21.	   61.]
 [ 1508.	56542.	   63.	   87.	   64.]
 [    5.	  349.	 2498.	    0.	    0.]
 [  104.	   88.	    0.	 1373.	    1.]
 [   95.	  156.	    0.	    0.	10633.]
2025-10-19 00:22:00,839 - INFO - Epoch 22 saved.
2025-10-19 00:22:00,839 - INFO - model saved 23 times, last saved epoch: 22.

2025-10-19 00:22:03,135 - INFO - Epoch 23, Train loss: 0.4448048176864783
2025-10-19 00:22:04,019 - INFO - mIoU: 0.9107; OA: 0.9721; AA: 0.938; F1: 0.9525; Kappa: 0.9519;
2025-10-19 00:22:04,020 - INFO - spatial_LccAccuracy: 0.8564; spatial_PA: 0.9708; spatial_UA: 0.9815; spatial_F1: 0.9762
2025-10-19 00:22:04,020 - INFO - temporal_CdAccuracy: 0.6917; temporal_PA: 0.9014; temporal_UA: 0.8916; temporal_F1: 0.8965
2025-10-19 00:22:04,021 - INFO - Confusion Matrix
 [77342.	 2371.	    5.	   15.	   61.]
 [  849.	57225.	   50.	   76.	   64.]
 [    4.	  369.	 2479.	    0.	    0.]
 [   95.	   75.	    0.	 1396.	    0.]
 [   68.	  172.	    0.	    0.	10644.]
2025-10-19 00:22:04,105 - INFO - Epoch 23 saved.
2025-10-19 00:22:04,106 - INFO - model saved 24 times, last saved epoch: 23.

2025-10-19 00:22:06,450 - INFO - Epoch 24, Train loss: 0.4422746017575264
2025-10-19 00:22:07,312 - INFO - mIoU: 0.916; OA: 0.9756; AA: 0.9442; F1: 0.9554; Kappa: 0.9578;
2025-10-19 00:22:07,313 - INFO - spatial_LccAccuracy: 0.874; spatial_PA: 0.9727; spatial_UA: 0.9821; spatial_F1: 0.9774
2025-10-19 00:22:07,313 - INFO - temporal_CdAccuracy: 0.7093; temporal_PA: 0.9195; temporal_UA: 0.9165; temporal_F1: 0.918
2025-10-19 00:22:07,314 - INFO - Confusion Matrix
 [78585.	 1135.	    1.	   13.	   60.]
 [ 1571.	56461.	   65.	  102.	   65.]
 [   19.	  306.	 2527.	    0.	    0.]
 [  119.	   31.	    0.	 1416.	    0.]
 [  118.	  132.	    0.	    0.	10634.]
2025-10-19 00:22:07,376 - INFO - Epoch 24 saved.
2025-10-19 00:22:07,377 - INFO - model saved 25 times, last saved epoch: 24.

2025-10-19 00:22:09,608 - INFO - Epoch 25, Train loss: 0.438570948690176
2025-10-19 00:22:10,475 - INFO - mIoU: 0.9207; OA: 0.9757; AA: 0.9454; F1: 0.9581; Kappa: 0.958;
2025-10-19 00:22:10,476 - INFO - spatial_LccAccuracy: 0.874; spatial_PA: 0.9652; spatial_UA: 0.98; spatial_F1: 0.9725
2025-10-19 00:22:10,476 - INFO - temporal_CdAccuracy: 0.7121; temporal_PA: 0.9185; temporal_UA: 0.915; temporal_F1: 0.9167
2025-10-19 00:22:10,477 - INFO - Confusion Matrix
 [78795.	  919.	    4.	   16.	   60.]
 [ 1839.	56232.	   58.	   67.	   68.]
 [    8.	  316.	 2528.	    0.	    0.]
 [   80.	   63.	    0.	 1423.	    0.]
 [   96.	  130.	    0.	    0.	10658.]
2025-10-19 00:22:10,562 - INFO - Epoch 25 saved.
2025-10-19 00:22:10,562 - INFO - model saved 26 times, last saved epoch: 25.

2025-10-19 00:22:12,873 - INFO - Epoch 26, Train loss: 0.43417323728402457
2025-10-19 00:22:13,723 - INFO - mIoU: 0.9211; OA: 0.9762; AA: 0.949; F1: 0.9583; Kappa: 0.9588;
2025-10-19 00:22:13,723 - INFO - spatial_LccAccuracy: 0.8811; spatial_PA: 0.9706; spatial_UA: 0.9841; spatial_F1: 0.9773
2025-10-19 00:22:13,723 - INFO - temporal_CdAccuracy: 0.714; temporal_PA: 0.9211; temporal_UA: 0.9141; temporal_F1: 0.9176
2025-10-19 00:22:13,724 - INFO - Confusion Matrix
 [78641.	 1072.	    0.	   21.	   60.]
 [ 1585.	56471.	   55.	   97.	   56.]
 [   16.	  313.	 2523.	    0.	    0.]
 [   73.	   36.	    0.	 1457.	    0.]
 [  117.	  150.	    0.	    1.	10616.]
2025-10-19 00:22:13,793 - INFO - Epoch 26 saved.
2025-10-19 00:22:13,793 - INFO - model saved 27 times, last saved epoch: 26.

2025-10-19 00:22:15,899 - INFO - Epoch 27, Train loss: 0.43396156032880145
2025-10-19 00:22:16,715 - INFO - mIoU: 0.9251; OA: 0.9761; AA: 0.9519; F1: 0.9606; Kappa: 0.9587;
2025-10-19 00:22:16,715 - INFO - spatial_LccAccuracy: 0.8842; spatial_PA: 0.9699; spatial_UA: 0.9813; spatial_F1: 0.9755
2025-10-19 00:22:16,715 - INFO - temporal_CdAccuracy: 0.7187; temporal_PA: 0.9272; temporal_UA: 0.9185; temporal_F1: 0.9228
2025-10-19 00:22:16,716 - INFO - Confusion Matrix
 [78772.	  947.	    1.	   14.	   60.]
 [ 1767.	56277.	   75.	   81.	   64.]
 [   13.	  275.	 2564.	    0.	    0.]
 [   78.	   31.	    0.	 1457.	    0.]
 [  127.	  126.	    0.	    0.	10631.]
2025-10-19 00:22:16,801 - INFO - Epoch 27 saved.
2025-10-19 00:22:16,802 - INFO - model saved 28 times, last saved epoch: 27.

2025-10-19 00:22:19,033 - INFO - Epoch 28, Train loss: 0.42937278126676875
2025-10-19 00:22:19,927 - INFO - mIoU: 0.9246; OA: 0.9758; AA: 0.9499; F1: 0.9603; Kappa: 0.958;
2025-10-19 00:22:19,927 - INFO - spatial_LccAccuracy: 0.8846; spatial_PA: 0.973; spatial_UA: 0.9866; spatial_F1: 0.9797
2025-10-19 00:22:19,928 - INFO - temporal_CdAccuracy: 0.7175; temporal_PA: 0.9164; temporal_UA: 0.9139; temporal_F1: 0.9151
2025-10-19 00:22:19,928 - INFO - Confusion Matrix
 [78864.	  851.	    2.	   17.	   60.]
 [ 1942.	56129.	   37.	   82.	   74.]
 [   10.	  334.	 2508.	    0.	    0.]
 [   68.	   30.	    0.	 1468.	    0.]
 [   99.	  110.	    0.	    0.	10675.]
2025-10-19 00:22:19,929 - INFO - model saved 28 times, last saved epoch: 27.

2025-10-19 00:22:22,282 - INFO - Epoch 29, Train loss: 0.4267105301221212
2025-10-19 00:22:23,132 - INFO - mIoU: 0.9277; OA: 0.9777; AA: 0.951; F1: 0.962; Kappa: 0.9614;
2025-10-19 00:22:23,133 - INFO - spatial_LccAccuracy: 0.8862; spatial_PA: 0.9749; spatial_UA: 0.9871; spatial_F1: 0.9809
2025-10-19 00:22:23,133 - INFO - temporal_CdAccuracy: 0.7175; temporal_PA: 0.9268; temporal_UA: 0.9174; temporal_F1: 0.9221
2025-10-19 00:22:23,134 - INFO - Confusion Matrix
 [78308.	 1407.	    1.	   18.	   60.]
 [ 1111.	56970.	   43.	   61.	   79.]
 [    9.	  320.	 2523.	    0.	    0.]
 [   70.	   39.	    0.	 1457.	    0.]
 [  117.	   92.	    0.	    0.	10675.]
2025-10-19 00:22:23,195 - INFO - Epoch 29 saved.
2025-10-19 00:22:23,196 - INFO - model saved 29 times, last saved epoch: 29.

2025-10-19 00:22:25,538 - INFO - Epoch 30, Train loss: 0.4232029897471269
2025-10-19 00:22:26,450 - INFO - mIoU: 0.9299; OA: 0.9759; AA: 0.9505; F1: 0.9634; Kappa: 0.9584;
2025-10-19 00:22:26,451 - INFO - spatial_LccAccuracy: 0.8877; spatial_PA: 0.98; spatial_UA: 0.9867; spatial_F1: 0.9833
2025-10-19 00:22:26,451 - INFO - temporal_CdAccuracy: 0.7093; temporal_PA: 0.9264; temporal_UA: 0.9148; temporal_F1: 0.9206
2025-10-19 00:22:26,452 - INFO - Confusion Matrix
 [77821.	 1894.	    3.	   16.	   60.]
 [  886.	57258.	   49.	   27.	   44.]
 [    4.	  284.	 2564.	    0.	    0.]
 [   61.	   58.	    0.	 1447.	    0.]
 [  140.	  166.	    0.	    2.	10576.]
2025-10-19 00:22:26,522 - INFO - Epoch 30 saved.
2025-10-19 00:22:26,523 - INFO - model saved 30 times, last saved epoch: 30.

2025-10-19 00:22:28,794 - INFO - Epoch 31, Train loss: 0.42031269893050194
2025-10-19 00:22:29,684 - INFO - mIoU: 0.9339; OA: 0.9779; AA: 0.959; F1: 0.9655; Kappa: 0.9618;
2025-10-19 00:22:29,685 - INFO - spatial_LccAccuracy: 0.8936; spatial_PA: 0.9737; spatial_UA: 0.9895; spatial_F1: 0.9815
2025-10-19 00:22:29,685 - INFO - temporal_CdAccuracy: 0.7285; temporal_PA: 0.9294; temporal_UA: 0.9248; temporal_F1: 0.9271
2025-10-19 00:22:29,686 - INFO - Confusion Matrix
 [78678.	 1034.	    1.	   20.	   61.]
 [ 1543.	56515.	   70.	   64.	   72.]
 [    6.	  255.	 2591.	    0.	    0.]
 [   53.	   29.	    0.	 1484.	    0.]
 [   81.	  103.	    0.	    0.	10700.]
2025-10-19 00:22:29,772 - INFO - Epoch 31 saved.
2025-10-19 00:22:29,773 - INFO - model saved 31 times, last saved epoch: 31.

2025-10-19 00:22:31,916 - INFO - Epoch 32, Train loss: 0.4186344377696514
2025-10-19 00:22:32,831 - INFO - mIoU: 0.9339; OA: 0.979; AA: 0.9539; F1: 0.9655; Kappa: 0.9636;
2025-10-19 00:22:32,831 - INFO - spatial_LccAccuracy: 0.8955; spatial_PA: 0.98; spatial_UA: 0.9903; spatial_F1: 0.9851
2025-10-19 00:22:32,832 - INFO - temporal_CdAccuracy: 0.7332; temporal_PA: 0.9354; temporal_UA: 0.93; temporal_F1: 0.9327
2025-10-19 00:22:32,832 - INFO - Confusion Matrix
 [78585.	 1133.	    0.	   15.	   61.]
 [ 1248.	56865.	   46.	   39.	   66.]
 [    6.	  307.	 2539.	    0.	    0.]
 [   56.	   42.	    0.	 1468.	    0.]
 [   92.	  116.	    0.	    0.	10676.]
2025-10-19 00:22:32,898 - INFO - Epoch 32 saved.
2025-10-19 00:22:32,899 - INFO - model saved 32 times, last saved epoch: 32.

2025-10-19 00:22:35,169 - INFO - Epoch 33, Train loss: 0.416435644030571
2025-10-19 00:22:36,070 - INFO - mIoU: 0.9384; OA: 0.9786; AA: 0.9612; F1: 0.9679; Kappa: 0.9631;
2025-10-19 00:22:36,071 - INFO - spatial_LccAccuracy: 0.903; spatial_PA: 0.9742; spatial_UA: 0.9878; spatial_F1: 0.9809
2025-10-19 00:22:36,071 - INFO - temporal_CdAccuracy: 0.73; temporal_PA: 0.933; temporal_UA: 0.9308; temporal_F1: 0.9319
2025-10-19 00:22:36,072 - INFO - Confusion Matrix
 [78126.	 1582.	    4.	   22.	   60.]
 [  922.	57186.	   57.	   45.	   54.]
 [    4.	  246.	 2602.	    0.	    0.]
 [   46.	   29.	    0.	 1491.	    0.]
 [   77.	  131.	    0.	    1.	10675.]
2025-10-19 00:22:36,134 - INFO - Epoch 33 saved.
2025-10-19 00:22:36,134 - INFO - model saved 33 times, last saved epoch: 33.

2025-10-19 00:22:38,264 - INFO - Epoch 34, Train loss: 0.41577768822511035
2025-10-19 00:22:39,175 - INFO - mIoU: 0.934; OA: 0.9778; AA: 0.9521; F1: 0.9655; Kappa: 0.9616;
2025-10-19 00:22:39,175 - INFO - spatial_LccAccuracy: 0.8971; spatial_PA: 0.9719; spatial_UA: 0.989; spatial_F1: 0.9803
2025-10-19 00:22:39,175 - INFO - temporal_CdAccuracy: 0.7328; temporal_PA: 0.9333; temporal_UA: 0.9245; temporal_F1: 0.9289
2025-10-19 00:22:39,176 - INFO - Confusion Matrix
 [78326.	 1393.	    1.	   14.	   60.]
 [ 1156.	56980.	   41.	   19.	   68.]
 [    9.	  300.	 2543.	    0.	    0.]
 [   54.	   54.	    0.	 1458.	    0.]
 [  151.	   87.	    0.	    1.	10645.]
2025-10-19 00:22:39,177 - INFO - model saved 33 times, last saved epoch: 33.

2025-10-19 00:22:41,607 - INFO - Epoch 35, Train loss: 0.4135711853702863
2025-10-19 00:22:42,474 - INFO - mIoU: 0.9376; OA: 0.9792; AA: 0.96; F1: 0.9675; Kappa: 0.964;
2025-10-19 00:22:42,474 - INFO - spatial_LccAccuracy: 0.9014; spatial_PA: 0.9816; spatial_UA: 0.9863; spatial_F1: 0.984
2025-10-19 00:22:42,475 - INFO - temporal_CdAccuracy: 0.7355; temporal_PA: 0.9338; temporal_UA: 0.9333; temporal_F1: 0.9336
2025-10-19 00:22:42,475 - INFO - Confusion Matrix
 [78564.	 1154.	    0.	   16.	   60.]
 [ 1236.	56865.	   48.	   59.	   56.]
 [    4.	  272.	 2576.	    0.	    0.]
 [   53.	   15.	    0.	 1498.	    0.]
 [  101.	  121.	    0.	    1.	10661.]
2025-10-19 00:22:42,477 - INFO - model saved 33 times, last saved epoch: 33.

2025-10-19 00:22:44,863 - INFO - Epoch 36, Train loss: 0.4113727296392123
2025-10-19 00:22:45,728 - INFO - mIoU: 0.9364; OA: 0.9782; AA: 0.9647; F1: 0.9669; Kappa: 0.9622;
2025-10-19 00:22:45,728 - INFO - spatial_LccAccuracy: 0.9014; spatial_PA: 0.9779; spatial_UA: 0.9888; spatial_F1: 0.9833
2025-10-19 00:22:45,729 - INFO - temporal_CdAccuracy: 0.7324; temporal_PA: 0.9321; temporal_UA: 0.9273; temporal_F1: 0.9297
2025-10-19 00:22:45,730 - INFO - Confusion Matrix
 [78995.	  717.	    6.	   16.	   60.]
 [ 1821.	56219.	   72.	   96.	   56.]
 [    7.	  215.	 2630.	    0.	    0.]
 [   44.	    7.	    0.	 1515.	    0.]
 [  123.	  106.	    0.	    1.	10654.]
2025-10-19 00:22:45,731 - INFO - model saved 33 times, last saved epoch: 33.

2025-10-19 00:22:47,938 - INFO - Epoch 37, Train loss: 0.4105180598795414
2025-10-19 00:22:48,712 - INFO - mIoU: 0.9411; OA: 0.9797; AA: 0.9604; F1: 0.9694; Kappa: 0.9649;
2025-10-19 00:22:48,712 - INFO - spatial_LccAccuracy: 0.9045; spatial_PA: 0.9779; spatial_UA: 0.9888; spatial_F1: 0.9833
2025-10-19 00:22:48,712 - INFO - temporal_CdAccuracy: 0.7402; temporal_PA: 0.9381; temporal_UA: 0.9348; temporal_F1: 0.9364
2025-10-19 00:22:48,713 - INFO - Confusion Matrix
 [78473.	 1243.	    2.	   16.	   60.]
 [ 1118.	57001.	   55.	   28.	   62.]
 [    5.	  243.	 2604.	    0.	    0.]
 [   43.	   43.	    0.	 1480.	    0.]
 [   81.	  114.	    0.	    0.	10689.]
2025-10-19 00:22:48,775 - INFO - Epoch 37 saved.
2025-10-19 00:22:48,776 - INFO - model saved 34 times, last saved epoch: 37.

2025-10-19 00:22:50,915 - INFO - Epoch 38, Train loss: 0.4094814794758956
2025-10-19 00:22:51,715 - INFO - mIoU: 0.9409; OA: 0.9796; AA: 0.9611; F1: 0.9693; Kappa: 0.9648;
2025-10-19 00:22:51,715 - INFO - spatial_LccAccuracy: 0.9085; spatial_PA: 0.9737; spatial_UA: 0.9895; spatial_F1: 0.9815
2025-10-19 00:22:51,715 - INFO - temporal_CdAccuracy: 0.7422; temporal_PA: 0.9404; temporal_UA: 0.9351; temporal_F1: 0.9377
2025-10-19 00:22:51,716 - INFO - Confusion Matrix
 [78754.	  962.	    3.	   15.	   60.]
 [ 1424.	56672.	   53.	   37.	   78.]
 [    4.	  264.	 2584.	    0.	    0.]
 [   41.	   32.	    0.	 1493.	    0.]
 [   80.	   69.	    0.	    0.	10735.]
2025-10-19 00:22:51,717 - INFO - model saved 34 times, last saved epoch: 37.

2025-10-19 00:22:54,016 - INFO - Epoch 39, Train loss: 0.4084177794555823
2025-10-19 00:22:54,936 - INFO - mIoU: 0.9428; OA: 0.9799; AA: 0.9643; F1: 0.9703; Kappa: 0.9652;
2025-10-19 00:22:54,937 - INFO - spatial_LccAccuracy: 0.9096; spatial_PA: 0.9747; spatial_UA: 0.9897; spatial_F1: 0.9821
2025-10-19 00:22:54,937 - INFO - temporal_CdAccuracy: 0.7488; temporal_PA: 0.9426; temporal_UA: 0.9406; temporal_F1: 0.9416
2025-10-19 00:22:54,938 - INFO - Confusion Matrix
 [78798.	  916.	    4.	   16.	   60.]
 [ 1470.	56622.	   69.	   40.	   63.]
 [    8.	  233.	 2611.	    0.	    0.]
 [   41.	   22.	    0.	 1503.	    0.]
 [   59.	   80.	    0.	    2.	10743.]
2025-10-19 00:22:55,009 - INFO - Epoch 39 saved.
2025-10-19 00:22:55,010 - INFO - model saved 35 times, last saved epoch: 39.

2025-10-19 00:22:57,176 - INFO - Epoch 40, Train loss: 0.4064922181268533
2025-10-19 00:22:58,031 - INFO - mIoU: 0.941; OA: 0.9799; AA: 0.9621; F1: 0.9693; Kappa: 0.9653;
2025-10-19 00:22:58,031 - INFO - spatial_LccAccuracy: 0.9057; spatial_PA: 0.981; spatial_UA: 0.9905; spatial_F1: 0.9857
2025-10-19 00:22:58,031 - INFO - temporal_CdAccuracy: 0.7398; temporal_PA: 0.9408; temporal_UA: 0.9324; temporal_F1: 0.9366
2025-10-19 00:22:58,032 - INFO - Confusion Matrix
 [78720.	  996.	    4.	   14.	   60.]
 [ 1338.	56747.	   54.	   44.	   81.]
 [    5.	  269.	 2578.	    0.	    0.]
 [   44.	   18.	    0.	 1504.	    0.]
 [   92.	   63.	    0.	    1.	10728.]
2025-10-19 00:22:58,033 - INFO - model saved 35 times, last saved epoch: 39.

2025-10-19 00:23:00,402 - INFO - Epoch 41, Train loss: 0.40624846095840134
2025-10-19 00:23:01,351 - INFO - mIoU: 0.9395; OA: 0.9798; AA: 0.9562; F1: 0.9685; Kappa: 0.9651;
2025-10-19 00:23:01,352 - INFO - spatial_LccAccuracy: 0.9018; spatial_PA: 0.977; spatial_UA: 0.9886; spatial_F1: 0.9827
2025-10-19 00:23:01,352 - INFO - temporal_CdAccuracy: 0.7398; temporal_PA: 0.9428; temporal_UA: 0.9359; temporal_F1: 0.9393
2025-10-19 00:23:01,353 - INFO - Confusion Matrix
 [78480.	 1239.	    1.	   14.	   60.]
 [ 1040.	57106.	   39.	   15.	   64.]
 [    8.	  292.	 2552.	    0.	    0.]
 [   41.	   45.	    0.	 1480.	    0.]
 [  136.	  106.	    0.	    1.	10641.]
2025-10-19 00:23:01,354 - INFO - model saved 35 times, last saved epoch: 39.

2025-10-19 00:23:03,656 - INFO - Epoch 42, Train loss: 0.4056350618600845
2025-10-19 00:23:04,567 - INFO - mIoU: 0.9428; OA: 0.9795; AA: 0.9628; F1: 0.9704; Kappa: 0.9646;
2025-10-19 00:23:04,567 - INFO - spatial_LccAccuracy: 0.9069; spatial_PA: 0.9709; spatial_UA: 0.9887; spatial_F1: 0.9797
2025-10-19 00:23:04,567 - INFO - temporal_CdAccuracy: 0.7445; temporal_PA: 0.9449; temporal_UA: 0.9352; temporal_F1: 0.94
2025-10-19 00:23:04,568 - INFO - Confusion Matrix
 [78633.	 1081.	    4.	   16.	   60.]
 [ 1300.	56839.	   45.	   40.	   40.]
 [    8.	  246.	 2598.	    0.	    0.]
 [   39.	   16.	    0.	 1511.	    0.]
 [   93.	  152.	    0.	    1.	10638.]
2025-10-19 00:23:04,631 - INFO - Epoch 42 saved.
2025-10-19 00:23:04,631 - INFO - model saved 36 times, last saved epoch: 42.

2025-10-19 00:23:06,826 - INFO - Epoch 43, Train loss: 0.40462912718454996
2025-10-19 00:23:07,670 - INFO - mIoU: 0.9393; OA: 0.9786; AA: 0.9615; F1: 0.9685; Kappa: 0.963;
2025-10-19 00:23:07,670 - INFO - spatial_LccAccuracy: 0.8987; spatial_PA: 0.979; spatial_UA: 0.9865; spatial_F1: 0.9827
2025-10-19 00:23:07,671 - INFO - temporal_CdAccuracy: 0.7297; temporal_PA: 0.94; temporal_UA: 0.9268; temporal_F1: 0.9334
2025-10-19 00:23:07,671 - INFO - Confusion Matrix
 [78354.	 1368.	    1.	   11.	   60.]
 [ 1133.	56951.	   68.	   46.	   66.]
 [    7.	  241.	 2604.	    0.	    0.]
 [   49.	   22.	    0.	 1495.	    0.]
 [  117.	   98.	    0.	    1.	10668.]
2025-10-19 00:23:07,672 - INFO - model saved 36 times, last saved epoch: 42.

2025-10-19 00:23:09,918 - INFO - Epoch 44, Train loss: 0.4044766401251157
2025-10-19 00:23:10,770 - INFO - mIoU: 0.9441; OA: 0.9807; AA: 0.9685; F1: 0.9711; Kappa: 0.9666;
2025-10-19 00:23:10,770 - INFO - spatial_LccAccuracy: 0.9081; spatial_PA: 0.9763; spatial_UA: 0.9893; spatial_F1: 0.9827
2025-10-19 00:23:10,771 - INFO - temporal_CdAccuracy: 0.7437; temporal_PA: 0.945; temporal_UA: 0.9376; temporal_F1: 0.9413
2025-10-19 00:23:10,771 - INFO - Confusion Matrix
 [78480.	 1234.	    4.	   16.	   60.]
 [ 1011.	57028.	   95.	   48.	   82.]
 [    4.	  186.	 2662.	    0.	    0.]
 [   40.	   20.	    0.	 1506.	    0.]
 [   76.	   86.	    0.	    2.	10720.]
2025-10-19 00:23:10,834 - INFO - Epoch 44 saved.
2025-10-19 00:23:10,835 - INFO - model saved 37 times, last saved epoch: 44.

2025-10-19 00:23:12,977 - INFO - Epoch 45, Train loss: 0.40293845981359483
2025-10-19 00:23:13,795 - INFO - mIoU: 0.9382; OA: 0.9788; AA: 0.9555; F1: 0.9678; Kappa: 0.9633;
2025-10-19 00:23:13,795 - INFO - spatial_LccAccuracy: 0.9069; spatial_PA: 0.9674; spatial_UA: 0.9851; spatial_F1: 0.9761
2025-10-19 00:23:13,795 - INFO - temporal_CdAccuracy: 0.7445; temporal_PA: 0.9439; temporal_UA: 0.934; temporal_F1: 0.9389
2025-10-19 00:23:13,796 - INFO - Confusion Matrix
 [78785.	  940.	    1.	    8.	   60.]
 [ 1482.	56653.	   59.	   17.	   53.]
 [   10.	  284.	 2558.	    0.	    0.]
 [   49.	   39.	    0.	 1478.	    0.]
 [  119.	  128.	    0.	    1.	10636.]
2025-10-19 00:23:13,797 - INFO - model saved 37 times, last saved epoch: 44.

2025-10-19 00:23:15,932 - INFO - Epoch 46, Train loss: 0.40287546391288437
2025-10-19 00:23:16,749 - INFO - mIoU: 0.9371; OA: 0.9754; AA: 0.9584; F1: 0.9673; Kappa: 0.9573;
2025-10-19 00:23:16,749 - INFO - spatial_LccAccuracy: 0.8948; spatial_PA: 0.9616; spatial_UA: 0.9863; spatial_F1: 0.9738
2025-10-19 00:23:16,749 - INFO - temporal_CdAccuracy: 0.7218; temporal_PA: 0.9337; temporal_UA: 0.9201; temporal_F1: 0.9268
2025-10-19 00:23:16,750 - INFO - Confusion Matrix
 [79278.	  444.	    1.	   11.	   60.]
 [ 2563.	55525.	   80.	   29.	   67.]
 [   11.	  217.	 2624.	    0.	    0.]
 [   47.	   40.	    0.	 1479.	    0.]
 [  104.	  101.	    0.	    1.	10678.]
2025-10-19 00:23:16,751 - INFO - model saved 37 times, last saved epoch: 44.

2025-10-19 00:23:19,176 - INFO - Epoch 47, Train loss: 0.40360191886623703
2025-10-19 00:23:20,178 - INFO - mIoU: 0.9398; OA: 0.9795; AA: 0.9672; F1: 0.9687; Kappa: 0.9646;
2025-10-19 00:23:20,178 - INFO - spatial_LccAccuracy: 0.9057; spatial_PA: 0.9772; spatial_UA: 0.9895; spatial_F1: 0.9833
2025-10-19 00:23:20,178 - INFO - temporal_CdAccuracy: 0.7351; temporal_PA: 0.9466; temporal_UA: 0.9308; temporal_F1: 0.9386
2025-10-19 00:23:20,179 - INFO - Confusion Matrix
 [78803.	  917.	    1.	   13.	   60.]
 [ 1445.	56570.	   96.	   80.	   73.]
 [   13.	  203.	 2636.	    0.	    0.]
 [   40.	    5.	    0.	 1521.	    0.]
 [  108.	   90.	    0.	    1.	10685.]
2025-10-19 00:23:20,180 - INFO - model saved 37 times, last saved epoch: 44.

2025-10-19 00:23:22,581 - INFO - Epoch 48, Train loss: 0.4015011834601561
2025-10-19 00:23:23,514 - INFO - mIoU: 0.9385; OA: 0.9791; AA: 0.9584; F1: 0.968; Kappa: 0.9639;
2025-10-19 00:23:23,514 - INFO - spatial_LccAccuracy: 0.9045; spatial_PA: 0.9795; spatial_UA: 0.9884; spatial_F1: 0.9839
2025-10-19 00:23:23,514 - INFO - temporal_CdAccuracy: 0.7394; temporal_PA: 0.9424; temporal_UA: 0.9328; temporal_F1: 0.9376
2025-10-19 00:23:23,515 - INFO - Confusion Matrix
 [78171.	 1549.	    2.	   12.	   60.]
 [  795.	57358.	   40.	   42.	   29.]
 [    7.	  290.	 2555.	    0.	    0.]
 [   45.	   15.	    0.	 1506.	    0.]
 [  125.	  193.	    0.	    3.	10563.]
2025-10-19 00:23:23,516 - INFO - model saved 37 times, last saved epoch: 44.

2025-10-19 00:23:25,760 - INFO - Epoch 49, Train loss: 0.4010099602242311
2025-10-19 00:23:26,565 - INFO - mIoU: 0.9417; OA: 0.9802; AA: 0.9658; F1: 0.9697; Kappa: 0.9658;
2025-10-19 00:23:26,565 - INFO - spatial_LccAccuracy: 0.9041; spatial_PA: 0.9781; spatial_UA: 0.9862; spatial_F1: 0.9821
2025-10-19 00:23:26,566 - INFO - temporal_CdAccuracy: 0.7367; temporal_PA: 0.946; temporal_UA: 0.935; temporal_F1: 0.9405
2025-10-19 00:23:26,566 - INFO - Confusion Matrix
 [78632.	 1089.	    3.	   10.	   60.]
 [ 1184.	56865.	   82.	   61.	   72.]
 [    8.	  227.	 2617.	    0.	    0.]
 [   45.	    6.	    0.	 1515.	    0.]
 [  109.	   82.	    0.	    1.	10692.]
2025-10-19 00:23:26,568 - INFO - model saved 37 times, last saved epoch: 44.

2025-10-19 00:23:28,801 - INFO - Epoch 50, Train loss: 0.4004862862328688
2025-10-19 00:23:29,664 - INFO - mIoU: 0.9425; OA: 0.9802; AA: 0.9611; F1: 0.9702; Kappa: 0.9658;
2025-10-19 00:23:29,664 - INFO - spatial_LccAccuracy: 0.9143; spatial_PA: 0.9772; spatial_UA: 0.9895; spatial_F1: 0.9833
2025-10-19 00:23:29,665 - INFO - temporal_CdAccuracy: 0.75; temporal_PA: 0.9497; temporal_UA: 0.9412; temporal_F1: 0.9454
2025-10-19 00:23:29,665 - INFO - Confusion Matrix
 [78725.	  997.	    1.	   11.	   60.]
 [ 1260.	56865.	   48.	   34.	   57.]
 [   10.	  255.	 2587.	    0.	    0.]
 [   44.	   23.	    0.	 1499.	    0.]
 [  115.	  115.	    0.	    1.	10653.]
2025-10-19 00:23:29,666 - INFO - model saved 37 times, last saved epoch: 44.

2025-10-19 00:23:31,942 - INFO - Epoch 51, Train loss: 0.40047855824232104
2025-10-19 00:23:32,772 - INFO - mIoU: 0.9414; OA: 0.98; AA: 0.9641; F1: 0.9696; Kappa: 0.9654;
2025-10-19 00:23:32,772 - INFO - spatial_LccAccuracy: 0.912; spatial_PA: 0.9835; spatial_UA: 0.9903; spatial_F1: 0.9869
2025-10-19 00:23:32,772 - INFO - temporal_CdAccuracy: 0.7375; temporal_PA: 0.9464; temporal_UA: 0.9351; temporal_F1: 0.9407
2025-10-19 00:23:32,773 - INFO - Confusion Matrix
 [78594.	 1126.	    2.	   12.	   60.]
 [ 1142.	56941.	   83.	   47.	   51.]
 [    6.	  220.	 2626.	    0.	    0.]
 [   42.	   18.	    0.	 1506.	    0.]
 [  143.	  117.	    0.	    3.	10621.]
2025-10-19 00:23:32,774 - INFO - model saved 37 times, last saved epoch: 44.

2025-10-19 00:23:35,063 - INFO - Epoch 52, Train loss: 0.39918068250020344
2025-10-19 00:23:35,903 - INFO - mIoU: 0.9397; OA: 0.9768; AA: 0.9581; F1: 0.9686; Kappa: 0.9598;
2025-10-19 00:23:35,903 - INFO - spatial_LccAccuracy: 0.9045; spatial_PA: 0.9625; spatial_UA: 0.9865; spatial_F1: 0.9744
2025-10-19 00:23:35,903 - INFO - temporal_CdAccuracy: 0.7406; temporal_PA: 0.9425; temporal_UA: 0.9307; temporal_F1: 0.9366
2025-10-19 00:23:35,904 - INFO - Confusion Matrix
 [79179.	  542.	    1.	   12.	   60.]
 [ 2256.	55856.	   47.	   21.	   84.]
 [   13.	  276.	 2563.	    0.	    0.]
 [   43.	   24.	    0.	 1499.	    0.]
 [  114.	   65.	    0.	    1.	10704.]
2025-10-19 00:23:35,905 - INFO - model saved 37 times, last saved epoch: 44.

2025-10-19 00:23:38,308 - INFO - Epoch 53, Train loss: 0.40220543891191485
2025-10-19 00:23:39,167 - INFO - mIoU: 0.9425; OA: 0.9806; AA: 0.9594; F1: 0.9701; Kappa: 0.9664;
2025-10-19 00:23:39,167 - INFO - spatial_LccAccuracy: 0.9108; spatial_PA: 0.9782; spatial_UA: 0.9898; spatial_F1: 0.9839
2025-10-19 00:23:39,167 - INFO - temporal_CdAccuracy: 0.7465; temporal_PA: 0.9501; temporal_UA: 0.9428; temporal_F1: 0.9464
2025-10-19 00:23:39,168 - INFO - Confusion Matrix
 [78543.	 1181.	    0.	   10.	   60.]
 [ 1011.	57133.	   38.	   25.	   57.]
 [   11.	  275.	 2566.	    0.	    0.]
 [   45.	   27.	    0.	 1494.	    0.]
 [   99.	  138.	    0.	    1.	10646.]
2025-10-19 00:23:39,169 - INFO - model saved 37 times, last saved epoch: 44.

2025-10-19 00:23:41,631 - INFO - Epoch 54, Train loss: 0.39836319784323376
2025-10-19 00:23:42,509 - INFO - mIoU: 0.941; OA: 0.9804; AA: 0.9562; F1: 0.9693; Kappa: 0.9661;
2025-10-19 00:23:42,510 - INFO - spatial_LccAccuracy: 0.9151; spatial_PA: 0.9812; spatial_UA: 0.9879; spatial_F1: 0.9845
2025-10-19 00:23:42,510 - INFO - temporal_CdAccuracy: 0.7512; temporal_PA: 0.9473; temporal_UA: 0.9394; temporal_F1: 0.9433
2025-10-19 00:23:42,510 - INFO - Confusion Matrix
 [78563.	 1163.	    2.	    6.	   60.]
 [ 1037.	57133.	   32.	   17.	   45.]
 [    6.	  314.	 2532.	    0.	    0.]
 [   49.	   27.	    0.	 1490.	    0.]
 [  124.	  127.	    0.	    2.	10631.]
2025-10-19 00:23:42,511 - INFO - model saved 37 times, last saved epoch: 44.

2025-10-19 00:23:44,755 - INFO - Epoch 55, Train loss: 0.3983570444087187
2025-10-19 00:23:45,644 - INFO - mIoU: 0.9427; OA: 0.9792; AA: 0.9622; F1: 0.9703; Kappa: 0.9641;
2025-10-19 00:23:45,645 - INFO - spatial_LccAccuracy: 0.9057; spatial_PA: 0.9697; spatial_UA: 0.9875; spatial_F1: 0.9785
2025-10-19 00:23:45,645 - INFO - temporal_CdAccuracy: 0.7426; temporal_PA: 0.9442; temporal_UA: 0.9328; temporal_F1: 0.9384
2025-10-19 00:23:45,646 - INFO - Confusion Matrix
 [78100.	 1616.	    4.	   12.	   62.]
 [  848.	57258.	   85.	   12.	   61.]
 [    3.	  240.	 2609.	    0.	    0.]
 [   36.	   40.	    0.	 1489.	    1.]
 [   46.	  128.	    0.	    0.	10710.]
2025-10-19 00:23:45,647 - INFO - model saved 37 times, last saved epoch: 44.

2025-10-19 00:23:47,794 - INFO - Epoch 56, Train loss: 0.39859691883126896
2025-10-19 00:23:48,736 - INFO - mIoU: 0.9453; OA: 0.9804; AA: 0.9624; F1: 0.9717; Kappa: 0.966;
2025-10-19 00:23:48,736 - INFO - spatial_LccAccuracy: 0.9128; spatial_PA: 0.974; spatial_UA: 0.9905; spatial_F1: 0.9821
2025-10-19 00:23:48,736 - INFO - temporal_CdAccuracy: 0.7473; temporal_PA: 0.95; temporal_UA: 0.937; temporal_F1: 0.9435
2025-10-19 00:23:48,737 - INFO - Confusion Matrix
 [78722.	  997.	    3.	   12.	   60.]
 [ 1246.	56883.	   66.	   10.	   59.]
 [    5.	  244.	 2603.	    0.	    0.]
 [   38.	   26.	    0.	 1502.	    0.]
 [  117.	  129.	    0.	    0.	10638.]
2025-10-19 00:23:48,805 - INFO - Epoch 56 saved.
2025-10-19 00:23:48,805 - INFO - model saved 38 times, last saved epoch: 56.

2025-10-19 00:23:51,101 - INFO - Epoch 57, Train loss: 0.3974988768498103
2025-10-19 00:23:51,985 - INFO - mIoU: 0.9403; OA: 0.9799; AA: 0.9549; F1: 0.969; Kappa: 0.9653;
2025-10-19 00:23:51,985 - INFO - spatial_LccAccuracy: 0.9014; spatial_PA: 0.9758; spatial_UA: 0.991; spatial_F1: 0.9833
2025-10-19 00:23:51,985 - INFO - temporal_CdAccuracy: 0.7344; temporal_PA: 0.9494; temporal_UA: 0.932; temporal_F1: 0.9406
2025-10-19 00:23:51,986 - INFO - Confusion Matrix
 [78425.	 1307.	    0.	    2.	   60.]
 [  979.	57183.	   38.	    9.	   55.]
 [   16.	  270.	 2566.	    0.	    0.]
 [   45.	   61.	    0.	 1460.	    0.]
 [  104.	  130.	    0.	    3.	10647.]
2025-10-19 00:23:51,987 - INFO - model saved 38 times, last saved epoch: 56.

2025-10-19 00:23:54,214 - INFO - Epoch 58, Train loss: 0.3985425780216853
2025-10-19 00:23:55,119 - INFO - mIoU: 0.9458; OA: 0.9799; AA: 0.9644; F1: 0.972; Kappa: 0.9653;
2025-10-19 00:23:55,120 - INFO - spatial_LccAccuracy: 0.9124; spatial_PA: 0.9777; spatial_UA: 0.9879; spatial_F1: 0.9827
2025-10-19 00:23:55,120 - INFO - temporal_CdAccuracy: 0.7426; temporal_PA: 0.951; temporal_UA: 0.9342; temporal_F1: 0.9425
2025-10-19 00:23:55,121 - INFO - Confusion Matrix
 [78340.	 1380.	    3.	   11.	   60.]
 [  976.	57151.	   79.	   14.	   44.]
 [    9.	  216.	 2627.	    0.	    0.]
 [   39.	   25.	    0.	 1502.	    0.]
 [   86.	  139.	    0.	    1.	10658.]
2025-10-19 00:23:55,184 - INFO - Epoch 58 saved.
2025-10-19 00:23:55,185 - INFO - model saved 39 times, last saved epoch: 58.

2025-10-19 00:23:57,480 - INFO - Epoch 59, Train loss: 0.397868296255668
2025-10-19 00:23:58,367 - INFO - mIoU: 0.944; OA: 0.9797; AA: 0.9633; F1: 0.971; Kappa: 0.965;
2025-10-19 00:23:58,367 - INFO - spatial_LccAccuracy: 0.91; spatial_PA: 0.9795; spatial_UA: 0.9884; spatial_F1: 0.9839
2025-10-19 00:23:58,368 - INFO - temporal_CdAccuracy: 0.7414; temporal_PA: 0.9487; temporal_UA: 0.9325; temporal_F1: 0.9405
2025-10-19 00:23:58,368 - INFO - Confusion Matrix
 [78113.	 1603.	    4.	   14.	   60.]
 [  770.	57380.	   48.	   32.	   34.]
 [    6.	  252.	 2594.	    0.	    0.]
 [   38.	   17.	    0.	 1511.	    0.]
 [   73.	  161.	    0.	    1.	10649.]
2025-10-19 00:23:58,369 - INFO - model saved 39 times, last saved epoch: 58.

2025-10-19 00:24:00,726 - INFO - Epoch 60, Train loss: 0.39800389210383097
2025-10-19 00:24:01,559 - INFO - mIoU: 0.9436; OA: 0.9803; AA: 0.9617; F1: 0.9707; Kappa: 0.9658;
2025-10-19 00:24:01,559 - INFO - spatial_LccAccuracy: 0.9163; spatial_PA: 0.9749; spatial_UA: 0.9907; spatial_F1: 0.9827
2025-10-19 00:24:01,559 - INFO - temporal_CdAccuracy: 0.7477; temporal_PA: 0.9523; temporal_UA: 0.9412; temporal_F1: 0.9468
2025-10-19 00:24:01,560 - INFO - Confusion Matrix
 [79045.	  679.	    0.	   10.	   60.]
 [ 1568.	56549.	   54.	   27.	   66.]
 [   12.	  253.	 2587.	    0.	    0.]
 [   41.	   18.	    0.	 1507.	    0.]
 [  138.	   99.	    0.	    3.	10644.]
2025-10-19 00:24:01,561 - INFO - model saved 39 times, last saved epoch: 58.

2025-10-19 00:24:03,799 - INFO - Epoch 61, Train loss: 0.3968590987225374
2025-10-19 00:24:04,670 - INFO - mIoU: 0.9423; OA: 0.9803; AA: 0.9621; F1: 0.9701; Kappa: 0.9659;
2025-10-19 00:24:04,670 - INFO - spatial_LccAccuracy: 0.9116; spatial_PA: 0.9677; spatial_UA: 0.9897; spatial_F1: 0.9786
2025-10-19 00:24:04,670 - INFO - temporal_CdAccuracy: 0.7433; temporal_PA: 0.9556; temporal_UA: 0.9361; temporal_F1: 0.9457
2025-10-19 00:24:04,671 - INFO - Confusion Matrix
 [78870.	  855.	    0.	    9.	   60.]
 [ 1385.	56705.	   68.	   36.	   70.]
 [   13.	  238.	 2601.	    0.	    0.]
 [   37.	   29.	    0.	 1500.	    0.]
 [  122.	  104.	    0.	    1.	10657.]
2025-10-19 00:24:04,672 - INFO - model saved 39 times, last saved epoch: 58.

2025-10-19 00:24:07,043 - INFO - Epoch 62, Train loss: 0.3970655230184396
2025-10-19 00:24:07,873 - INFO - mIoU: 0.9449; OA: 0.9811; AA: 0.9641; F1: 0.9714; Kappa: 0.9673;
2025-10-19 00:24:07,873 - INFO - spatial_LccAccuracy: 0.9194; spatial_PA: 0.9822; spatial_UA: 0.9917; spatial_F1: 0.9869
2025-10-19 00:24:07,873 - INFO - temporal_CdAccuracy: 0.7535; temporal_PA: 0.9493; temporal_UA: 0.9432; temporal_F1: 0.9463
2025-10-19 00:24:07,874 - INFO - Confusion Matrix
 [78646.	 1074.	    2.	   12.	   60.]
 [ 1084.	57033.	   47.	   40.	   60.]
 [   12.	  251.	 2589.	    0.	    0.]
 [   38.	   14.	    0.	 1514.	    0.]
 [   92.	  112.	    0.	    0.	10680.]
2025-10-19 00:24:07,875 - INFO - model saved 39 times, last saved epoch: 58.

2025-10-19 00:24:10,129 - INFO - Epoch 63, Train loss: 0.3972216951350371
2025-10-19 00:24:10,949 - INFO - mIoU: 0.9464; OA: 0.9802; AA: 0.965; F1: 0.9723; Kappa: 0.9658;
2025-10-19 00:24:10,949 - INFO - spatial_LccAccuracy: 0.9065; spatial_PA: 0.9763; spatial_UA: 0.9893; spatial_F1: 0.9827
2025-10-19 00:24:10,949 - INFO - temporal_CdAccuracy: 0.7406; temporal_PA: 0.9524; temporal_UA: 0.9313; temporal_F1: 0.9417
2025-10-19 00:24:10,950 - INFO - Confusion Matrix
 [78427.	 1293.	    4.	   10.	   60.]
 [  996.	57149.	   72.	   23.	   24.]
 [   11.	  210.	 2631.	    0.	    0.]
 [   36.	   20.	    0.	 1510.	    0.]
 [   49.	  226.	    0.	    0.	10609.]
2025-10-19 00:24:11,013 - INFO - Epoch 63 saved.
2025-10-19 00:24:11,013 - INFO - model saved 40 times, last saved epoch: 63.

2025-10-19 00:24:13,222 - INFO - Epoch 64, Train loss: 0.3975854905943076
2025-10-19 00:24:14,159 - INFO - mIoU: 0.9469; OA: 0.981; AA: 0.9623; F1: 0.9725; Kappa: 0.9671;
2025-10-19 00:24:14,160 - INFO - spatial_LccAccuracy: 0.9171; spatial_PA: 0.9761; spatial_UA: 0.9919; spatial_F1: 0.984
2025-10-19 00:24:14,160 - INFO - temporal_CdAccuracy: 0.75; temporal_PA: 0.9538; temporal_UA: 0.9407; temporal_F1: 0.9472
2025-10-19 00:24:14,161 - INFO - Confusion Matrix
 [78878.	  849.	    1.	    6.	   60.]
 [ 1345.	56780.	   42.	   14.	   83.]
 [   12.	  246.	 2594.	    0.	    0.]
 [   39.	   30.	    0.	 1497.	    0.]
 [  103.	   82.	    0.	    1.	10698.]
2025-10-19 00:24:14,229 - INFO - Epoch 64 saved.
2025-10-19 00:24:14,230 - INFO - model saved 41 times, last saved epoch: 64.

2025-10-19 00:24:16,529 - INFO - Epoch 65, Train loss: 0.39594477439920106
2025-10-19 00:24:17,375 - INFO - mIoU: 0.9444; OA: 0.9802; AA: 0.9663; F1: 0.9712; Kappa: 0.9658;
2025-10-19 00:24:17,376 - INFO - spatial_LccAccuracy: 0.9182; spatial_PA: 0.9795; spatial_UA: 0.9884; spatial_F1: 0.9839
2025-10-19 00:24:17,376 - INFO - temporal_CdAccuracy: 0.7414; temporal_PA: 0.952; temporal_UA: 0.9364; temporal_F1: 0.9441
2025-10-19 00:24:17,377 - INFO - Confusion Matrix
 [78974.	  749.	    4.	    7.	   60.]
 [ 1542.	56484.	   76.	   44.	  118.]
 [    9.	  222.	 2621.	    0.	    0.]
 [   45.	    6.	    0.	 1515.	    0.]
 [  108.	   46.	    0.	    1.	10729.]
2025-10-19 00:24:17,378 - INFO - model saved 41 times, last saved epoch: 64.

2025-10-19 00:24:19,705 - INFO - Epoch 66, Train loss: 0.3982255640129248
2025-10-19 00:24:20,633 - INFO - mIoU: 0.9458; OA: 0.9805; AA: 0.9656; F1: 0.9719; Kappa: 0.9663;
2025-10-19 00:24:20,634 - INFO - spatial_LccAccuracy: 0.9108; spatial_PA: 0.9817; spatial_UA: 0.9898; spatial_F1: 0.9857
2025-10-19 00:24:20,634 - INFO - temporal_CdAccuracy: 0.7398; temporal_PA: 0.9507; temporal_UA: 0.9329; temporal_F1: 0.9417
2025-10-19 00:24:20,635 - INFO - Confusion Matrix
 [78391.	 1328.	    5.	    8.	   62.]
 [  951.	57144.	   79.	   27.	   63.]
 [    6.	  224.	 2622.	    0.	    0.]
 [   37.	   22.	    0.	 1507.	    0.]
 [   73.	  110.	    0.	    0.	10701.]
2025-10-19 00:24:20,636 - INFO - model saved 41 times, last saved epoch: 64.

2025-10-19 00:24:22,824 - INFO - Epoch 67, Train loss: 0.3950089457134406
2025-10-19 00:24:23,688 - INFO - mIoU: 0.9445; OA: 0.981; AA: 0.961; F1: 0.9712; Kappa: 0.9671;
2025-10-19 00:24:23,688 - INFO - spatial_LccAccuracy: 0.9151; spatial_PA: 0.9775; spatial_UA: 0.9905; spatial_F1: 0.9839
2025-10-19 00:24:23,688 - INFO - temporal_CdAccuracy: 0.7516; temporal_PA: 0.9564; temporal_UA: 0.9411; temporal_F1: 0.9487
2025-10-19 00:24:23,690 - INFO - Confusion Matrix
 [78736.	  984.	    2.	   12.	   60.]
 [ 1174.	56976.	   42.	   20.	   52.]
 [   13.	  264.	 2575.	    0.	    0.]
 [   38.	   27.	    0.	 1501.	    0.]
 [  112.	  116.	    0.	    1.	10655.]
2025-10-19 00:24:23,691 - INFO - model saved 41 times, last saved epoch: 64.

2025-10-19 00:24:26,062 - INFO - Epoch 68, Train loss: 0.3965238998333613
2025-10-19 00:24:26,882 - INFO - mIoU: 0.9476; OA: 0.9811; AA: 0.965; F1: 0.9729; Kappa: 0.9674;
2025-10-19 00:24:26,882 - INFO - spatial_LccAccuracy: 0.9131; spatial_PA: 0.9784; spatial_UA: 0.9907; spatial_F1: 0.9845
2025-10-19 00:24:26,882 - INFO - temporal_CdAccuracy: 0.7437; temporal_PA: 0.9576; temporal_UA: 0.9382; temporal_F1: 0.9478
2025-10-19 00:24:26,883 - INFO - Confusion Matrix
 [78708.	 1011.	    2.	   13.	   60.]
 [ 1178.	56934.	   54.	   18.	   80.]
 [   10.	  227.	 2615.	    0.	    0.]
 [   38.	   23.	    0.	 1505.	    0.]
 [  107.	   69.	    0.	    1.	10707.]
2025-10-19 00:24:26,948 - INFO - Epoch 68 saved.
2025-10-19 00:24:26,949 - INFO - model saved 42 times, last saved epoch: 68.

2025-10-19 00:24:29,155 - INFO - Epoch 69, Train loss: 0.3953481289247672
2025-10-19 00:24:29,995 - INFO - mIoU: 0.9467; OA: 0.9809; AA: 0.9661; F1: 0.9724; Kappa: 0.9669;
2025-10-19 00:24:29,995 - INFO - spatial_LccAccuracy: 0.9139; spatial_PA: 0.976; spatial_UA: 0.9883; spatial_F1: 0.9821
2025-10-19 00:24:29,996 - INFO - temporal_CdAccuracy: 0.7441; temporal_PA: 0.9539; temporal_UA: 0.9379; temporal_F1: 0.9458
2025-10-19 00:24:29,996 - INFO - Confusion Matrix
 [78806.	  916.	    0.	   11.	   61.]
 [ 1320.	56786.	   62.	   35.	   61.]
 [   13.	  227.	 2612.	    0.	    0.]
 [   39.	   10.	    0.	 1517.	    0.]
 [   85.	   94.	    0.	    1.	10704.]
2025-10-19 00:24:29,998 - INFO - model saved 42 times, last saved epoch: 68.

2025-10-19 00:24:32,238 - INFO - Epoch 70, Train loss: 0.3981047754486402
2025-10-19 00:24:33,076 - INFO - mIoU: 0.9441; OA: 0.9806; AA: 0.9624; F1: 0.971; Kappa: 0.9664;
2025-10-19 00:24:33,076 - INFO - spatial_LccAccuracy: 0.9159; spatial_PA: 0.9707; spatial_UA: 0.9878; spatial_F1: 0.9791
2025-10-19 00:24:33,076 - INFO - temporal_CdAccuracy: 0.7477; temporal_PA: 0.9571; temporal_UA: 0.9365; temporal_F1: 0.9467
2025-10-19 00:24:33,077 - INFO - Confusion Matrix
 [78758.	  963.	    3.	   10.	   60.]
 [ 1243.	56871.	   55.	   27.	   68.]
 [   11.	  253.	 2588.	    0.	    0.]
 [   40.	   19.	    0.	 1507.	    0.]
 [  145.	   82.	    0.	    1.	10656.]
2025-10-19 00:24:33,078 - INFO - model saved 42 times, last saved epoch: 68.

2025-10-19 00:24:35,313 - INFO - Epoch 71, Train loss: 0.39482642089327175
2025-10-19 00:24:36,194 - INFO - mIoU: 0.9462; OA: 0.9818; AA: 0.9659; F1: 0.9721; Kappa: 0.9685;
2025-10-19 00:24:36,194 - INFO - spatial_LccAccuracy: 0.9214; spatial_PA: 0.9789; spatial_UA: 0.9891; spatial_F1: 0.9839
2025-10-19 00:24:36,195 - INFO - temporal_CdAccuracy: 0.7492; temporal_PA: 0.9582; temporal_UA: 0.9442; temporal_F1: 0.9512
2025-10-19 00:24:36,196 - INFO - Confusion Matrix
 [78861.	  863.	    1.	    9.	   60.]
 [ 1184.	56889.	   97.	   24.	   70.]
 [   14.	  216.	 2622.	    0.	    0.]
 [   37.	   19.	    0.	 1510.	    0.]
 [  112.	   90.	    0.	    1.	10681.]
2025-10-19 00:24:36,197 - INFO - model saved 42 times, last saved epoch: 68.

2025-10-19 00:24:38,489 - INFO - Epoch 72, Train loss: 0.39601290995875993
2025-10-19 00:24:39,330 - INFO - mIoU: 0.9467; OA: 0.9816; AA: 0.9616; F1: 0.9724; Kappa: 0.9683;
2025-10-19 00:24:39,331 - INFO - spatial_LccAccuracy: 0.9143; spatial_PA: 0.9819; spatial_UA: 0.9908; spatial_F1: 0.9863
2025-10-19 00:24:39,331 - INFO - temporal_CdAccuracy: 0.7508; temporal_PA: 0.9541; temporal_UA: 0.9399; temporal_F1: 0.947
2025-10-19 00:24:39,332 - INFO - Confusion Matrix
 [78409.	 1317.	    0.	    8.	   60.]
 [  834.	57308.	   51.	    6.	   65.]
 [    5.	  258.	 2589.	    0.	    0.]
 [   38.	   47.	    0.	 1481.	    0.]
 [   48.	   78.	    0.	    0.	10758.]
2025-10-19 00:24:39,333 - INFO - model saved 42 times, last saved epoch: 68.

2025-10-19 00:24:41,618 - INFO - Epoch 73, Train loss: 0.3946163609623909
2025-10-19 00:24:42,444 - INFO - mIoU: 0.9452; OA: 0.9812; AA: 0.9609; F1: 0.9715; Kappa: 0.9675;
2025-10-19 00:24:42,444 - INFO - spatial_LccAccuracy: 0.9143; spatial_PA: 0.9735; spatial_UA: 0.9885; spatial_F1: 0.9809
2025-10-19 00:24:42,445 - INFO - temporal_CdAccuracy: 0.7437; temporal_PA: 0.958; temporal_UA: 0.9406; temporal_F1: 0.9492
2025-10-19 00:24:42,446 - INFO - Confusion Matrix
 [78880.	  845.	    3.	    6.	   60.]
 [ 1320.	56807.	   66.	    8.	   63.]
 [   11.	  251.	 2590.	    0.	    0.]
 [   37.	   44.	    0.	 1485.	    0.]
 [   81.	   87.	    0.	    0.	10716.]
2025-10-19 00:24:42,447 - INFO - model saved 42 times, last saved epoch: 68.

2025-10-19 00:24:44,817 - INFO - Epoch 74, Train loss: 0.39517871861656506
2025-10-19 00:24:45,756 - INFO - mIoU: 0.9491; OA: 0.9812; AA: 0.9692; F1: 0.9737; Kappa: 0.9675;
2025-10-19 00:24:45,758 - INFO - spatial_LccAccuracy: 0.9139; spatial_PA: 0.9798; spatial_UA: 0.9893; spatial_F1: 0.9845
2025-10-19 00:24:45,758 - INFO - temporal_CdAccuracy: 0.7473; temporal_PA: 0.9545; temporal_UA: 0.9359; temporal_F1: 0.9451
2025-10-19 00:24:45,758 - INFO - Confusion Matrix
 [78479.	 1241.	    3.	   11.	   60.]
 [  992.	57083.	   79.	   28.	   82.]
 [   10.	  203.	 2639.	    0.	    0.]
 [   36.	   12.	    0.	 1518.	    0.]
 [   68.	   62.	    0.	    0.	10754.]
2025-10-19 00:24:45,821 - INFO - Epoch 74 saved.
2025-10-19 00:24:45,821 - INFO - model saved 43 times, last saved epoch: 74.

2025-10-19 00:24:48,025 - INFO - Epoch 75, Train loss: 0.395862832168738
2025-10-19 00:24:48,912 - INFO - mIoU: 0.9465; OA: 0.9813; AA: 0.9622; F1: 0.9723; Kappa: 0.9677;
2025-10-19 00:24:48,912 - INFO - spatial_LccAccuracy: 0.9167; spatial_PA: 0.9747; spatial_UA: 0.9897; spatial_F1: 0.9821
2025-10-19 00:24:48,912 - INFO - temporal_CdAccuracy: 0.7492; temporal_PA: 0.9572; temporal_UA: 0.9404; temporal_F1: 0.9487
2025-10-19 00:24:48,913 - INFO - Confusion Matrix
 [78722.	 1001.	    3.	    8.	   60.]
 [ 1152.	57005.	   33.	   23.	   51.]
 [   11.	  271.	 2570.	    0.	    0.]
 [   36.	   22.	    0.	 1508.	    0.]
 [   70.	  126.	    0.	    0.	10688.]
2025-10-19 00:24:48,914 - INFO - model saved 43 times, last saved epoch: 74.

2025-10-19 00:24:51,144 - INFO - Epoch 76, Train loss: 0.3951838175455729
2025-10-19 00:24:52,063 - INFO - mIoU: 0.9498; OA: 0.9818; AA: 0.9693; F1: 0.974; Kappa: 0.9686;
2025-10-19 00:24:52,063 - INFO - spatial_LccAccuracy: 0.921; spatial_PA: 0.9763; spatial_UA: 0.9893; spatial_F1: 0.9827
2025-10-19 00:24:52,063 - INFO - temporal_CdAccuracy: 0.7555; temporal_PA: 0.9573; temporal_UA: 0.9405; temporal_F1: 0.9489
2025-10-19 00:24:52,064 - INFO - Confusion Matrix
 [78643.	 1075.	    3.	   13.	   60.]
 [ 1068.	57006.	   72.	   26.	   92.]
 [   13.	  207.	 2632.	    0.	    0.]
 [   36.	   11.	    0.	 1519.	    0.]
 [   47.	   68.	    0.	    0.	10769.]
2025-10-19 00:24:52,127 - INFO - Epoch 76 saved.
2025-10-19 00:24:52,128 - INFO - model saved 44 times, last saved epoch: 76.

2025-10-19 00:24:54,393 - INFO - Epoch 77, Train loss: 0.39569992398222287
2025-10-19 00:24:55,228 - INFO - mIoU: 0.9401; OA: 0.9812; AA: 0.9526; F1: 0.9687; Kappa: 0.9676;
2025-10-19 00:24:55,228 - INFO - spatial_LccAccuracy: 0.9135; spatial_PA: 0.9779; spatial_UA: 0.9888; spatial_F1: 0.9833
2025-10-19 00:24:55,228 - INFO - temporal_CdAccuracy: 0.752; temporal_PA: 0.9527; temporal_UA: 0.9435; temporal_F1: 0.9481
2025-10-19 00:24:55,229 - INFO - Confusion Matrix
 [78584.	 1138.	    3.	    9.	   60.]
 [  942.	57264.	   23.	    0.	   35.]
 [    7.	  351.	 2494.	    0.	    0.]
 [   35.	   58.	    0.	 1473.	    0.]
 [   77.	  140.	    0.	    0.	10667.]
2025-10-19 00:24:55,230 - INFO - model saved 44 times, last saved epoch: 76.

2025-10-19 00:24:57,556 - INFO - Epoch 78, Train loss: 0.3937112515171369
2025-10-19 00:24:58,371 - INFO - mIoU: 0.9485; OA: 0.9821; AA: 0.9665; F1: 0.9734; Kappa: 0.9691;
2025-10-19 00:24:58,372 - INFO - spatial_LccAccuracy: 0.9202; spatial_PA: 0.9798; spatial_UA: 0.9893; spatial_F1: 0.9845
2025-10-19 00:24:58,372 - INFO - temporal_CdAccuracy: 0.7535; temporal_PA: 0.9593; temporal_UA: 0.9437; temporal_F1: 0.9515
2025-10-19 00:24:58,373 - INFO - Confusion Matrix
 [78538.	 1186.	    3.	    7.	   60.]
 [  878.	57229.	   62.	   27.	   68.]
 [    6.	  227.	 2619.	    0.	    0.]
 [   41.	   17.	    0.	 1508.	    0.]
 [   86.	   78.	    0.	    1.	10719.]
2025-10-19 00:24:58,374 - INFO - model saved 44 times, last saved epoch: 76.

2025-10-19 00:25:00,661 - INFO - Epoch 79, Train loss: 0.39504165450731915
2025-10-19 00:25:01,553 - INFO - mIoU: 0.9461; OA: 0.9815; AA: 0.9588; F1: 0.972; Kappa: 0.9681;
2025-10-19 00:25:01,553 - INFO - spatial_LccAccuracy: 0.9178; spatial_PA: 0.9702; spatial_UA: 0.9895; spatial_F1: 0.9798
2025-10-19 00:25:01,554 - INFO - temporal_CdAccuracy: 0.7488; temporal_PA: 0.9578; temporal_UA: 0.942; temporal_F1: 0.9498
2025-10-19 00:25:01,555 - INFO - Confusion Matrix
 [78756.	  969.	    1.	    8.	   60.]
 [ 1158.	57033.	   35.	    0.	   38.]
 [   14.	  270.	 2568.	    0.	    0.]
 [   37.	   48.	    0.	 1481.	    0.]
 [   67.	  128.	    0.	    0.	10689.]
2025-10-19 00:25:01,556 - INFO - model saved 44 times, last saved epoch: 76.

2025-10-19 00:25:03,932 - INFO - Epoch 80, Train loss: 0.39478060404459636
2025-10-19 00:25:04,740 - INFO - mIoU: 0.9443; OA: 0.9793; AA: 0.9631; F1: 0.9712; Kappa: 0.9642;
2025-10-19 00:25:04,740 - INFO - spatial_LccAccuracy: 0.9026; spatial_PA: 0.971; spatial_UA: 0.979; spatial_F1: 0.975
2025-10-19 00:25:04,740 - INFO - temporal_CdAccuracy: 0.7297; temporal_PA: 0.953; temporal_UA: 0.9283; temporal_F1: 0.9405
2025-10-19 00:25:04,741 - INFO - Confusion Matrix
 [78921.	  809.	    0.	    4.	   60.]
 [ 1618.	56486.	   67.	   29.	   64.]
 [   19.	  214.	 2619.	    0.	    0.]
 [   53.	   11.	    0.	 1502.	    0.]
 [  130.	   90.	    0.	    3.	10661.]
2025-10-19 00:25:04,742 - INFO - model saved 44 times, last saved epoch: 76.

2025-10-19 00:25:06,981 - INFO - Epoch 81, Train loss: 0.39499442726373674
2025-10-19 00:25:07,880 - INFO - mIoU: 0.9491; OA: 0.9823; AA: 0.965; F1: 0.9737; Kappa: 0.9694;
2025-10-19 00:25:07,881 - INFO - spatial_LccAccuracy: 0.9178; spatial_PA: 0.9795; spatial_UA: 0.9884; spatial_F1: 0.9839
2025-10-19 00:25:07,881 - INFO - temporal_CdAccuracy: 0.7539; temporal_PA: 0.9602; temporal_UA: 0.9455; temporal_F1: 0.9528
2025-10-19 00:25:07,882 - INFO - Confusion Matrix
 [78610.	 1112.	    2.	   10.	   60.]
 [  930.	57213.	   47.	   17.	   57.]
 [    5.	  250.	 2597.	    0.	    0.]
 [   36.	   22.	    0.	 1508.	    0.]
 [   71.	  100.	    0.	    0.	10713.]
2025-10-19 00:25:07,883 - INFO - model saved 44 times, last saved epoch: 76.

