2025-11-16 00:57:40,009 - INFO - Epoch 0, Train loss: 1.6617320775985718
2025-11-16 00:57:40,859 - INFO - mIoU: 0.0672; OA: 0.1566; AA: 0.2019; F1: 0.1188; Kappa: 0.0104;
2025-11-16 00:57:40,859 - INFO - spatial_LccAccuracy: 0.0; spatial_PA: 0.5; spatial_UA: 0.6385; spatial_F1: 0.5608
2025-11-16 00:57:40,859 - INFO - temporal_CdAccuracy: 0.0; temporal_PA: 0.6748; temporal_UA: 0.5207; temporal_F1: 0.5878
2025-11-16 00:57:40,859 - INFO - Confusion Matrix
 [ 4580.	21613.	32465.	13422.	 6784.]
 [ 2719.	16886.	25435.	11519.	 3703.]
 [  391.	  856.	 1404.	  262.	  138.]
 [   48.	  558.	  546.	  153.	  210.]
 [  510.	 1889.	 6331.	 1316.	 1242.]
2025-11-16 00:57:40,929 - INFO - Epoch 0 saved.
2025-11-16 00:57:40,929 - INFO - model saved 1 times, last saved epoch: 0.

2025-11-16 00:57:43,978 - INFO - Epoch 1, Train loss: 1.5982296466827393
2025-11-16 00:57:44,783 - INFO - mIoU: 0.1196; OA: 0.3312; AA: 0.2316; F1: 0.1946; Kappa: 0.0607;
2025-11-16 00:57:44,783 - INFO - spatial_LccAccuracy: 0.0; spatial_PA: 0.5; spatial_UA: 0.6385; spatial_F1: 0.5608
2025-11-16 00:57:44,783 - INFO - temporal_CdAccuracy: 0.0; temporal_PA: 0.6581; temporal_UA: 0.5216; temporal_F1: 0.582
2025-11-16 00:57:44,784 - INFO - Confusion Matrix
 [17063.	34599.	20680.	 3932.	 2590.]
 [ 8968.	32320.	14204.	 3139.	 1631.]
 [  830.	 1244.	  884.	   62.	   31.]
 [  304.	  884.	  221.	   38.	   68.]
 [ 2336.	 3945.	 3311.	  672.	 1024.]
2025-11-16 00:57:44,849 - INFO - Epoch 1 saved.
2025-11-16 00:57:44,849 - INFO - model saved 2 times, last saved epoch: 1.

2025-11-16 00:57:47,815 - INFO - Epoch 2, Train loss: 1.3027445077896118
2025-11-16 00:57:48,796 - INFO - mIoU: 0.1734; OA: 0.5706; AA: 0.254; F1: 0.3066; Kappa: 0.2039;
2025-11-16 00:57:48,797 - INFO - spatial_LccAccuracy: 0.0035; spatial_PA: 0.501; spatial_UA: 0.5887; spatial_F1: 0.5413
2025-11-16 00:57:48,797 - INFO - temporal_CdAccuracy: 0.0012; temporal_PA: 0.6132; temporal_UA: 0.5224; temporal_F1: 0.5642
2025-11-16 00:57:48,798 - INFO - Confusion Matrix
 [57700.	20047.	 1076.	   40.	    1.]
 [29318.	30590.	  340.	    8.	    6.]
 [ 1919.	 1058.	   74.	    0.	    0.]
 [ 1135.	  379.	    0.	    0.	    1.]
 [ 7795.	 3357.	   46.	   19.	   71.]
2025-11-16 00:57:48,861 - INFO - Epoch 2 saved.
2025-11-16 00:57:48,861 - INFO - model saved 3 times, last saved epoch: 2.

2025-11-16 00:57:51,879 - INFO - Epoch 3, Train loss: 0.8443018198013306
2025-11-16 00:57:52,727 - INFO - mIoU: 0.2405; OA: 0.7068; AA: 0.3156; F1: 0.5106; Kappa: 0.4543;
2025-11-16 00:57:52,727 - INFO - spatial_LccAccuracy: 0.1014; spatial_PA: 0.6579; spatial_UA: 0.8187; spatial_F1: 0.7296
2025-11-16 00:57:52,727 - INFO - temporal_CdAccuracy: 0.0763; temporal_PA: 0.5731; temporal_UA: 0.5362; temporal_F1: 0.5541
2025-11-16 00:57:52,728 - INFO - Confusion Matrix
 [66640.	12102.	  122.	    0.	    0.]
 [17648.	42608.	    6.	    0.	    0.]
 [ 1718.	 1333.	    0.	    0.	    0.]
 [ 1454.	   61.	    0.	    0.	    0.]
 [ 9285.	 1639.	   46.	   25.	  293.]
2025-11-16 00:57:52,799 - INFO - Epoch 3 saved.
2025-11-16 00:57:52,800 - INFO - model saved 4 times, last saved epoch: 3.

2025-11-16 00:57:55,881 - INFO - Epoch 4, Train loss: 0.6135820746421814
2025-11-16 00:57:56,687 - INFO - mIoU: 0.3915; OA: 0.8265; AA: 0.4477; F1: 0.7829; Kappa: 0.6879;
2025-11-16 00:57:56,687 - INFO - spatial_LccAccuracy: 0.1103; spatial_PA: 0.6596; spatial_UA: 0.8477; spatial_F1: 0.7419
2025-11-16 00:57:56,687 - INFO - temporal_CdAccuracy: 0.0763; temporal_PA: 0.5895; temporal_UA: 0.5472; temporal_F1: 0.5676
2025-11-16 00:57:56,688 - INFO - Confusion Matrix
 [71531.	 7308.	   25.	    0.	    0.]
 [ 9163.	51099.	    0.	    0.	    0.]
 [  481.	 2570.	    0.	    0.	    0.]
 [ 1358.	  157.	    0.	    0.	    0.]
 [ 4216.	 1296.	  252.	   66.	 5458.]
2025-11-16 00:57:56,751 - INFO - Epoch 4 saved.
2025-11-16 00:57:56,751 - INFO - model saved 5 times, last saved epoch: 4.

2025-11-16 00:57:59,905 - INFO - Epoch 5, Train loss: 0.45278283953666687
2025-11-16 00:58:00,723 - INFO - mIoU: 0.4863; OA: 0.8861; AA: 0.5285; F1: 0.6722; Kappa: 0.799;
2025-11-16 00:58:00,724 - INFO - spatial_LccAccuracy: 0.2756; spatial_PA: 0.7041; spatial_UA: 0.7831; spatial_F1: 0.7415
2025-11-16 00:58:00,724 - INFO - temporal_CdAccuracy: 0.1758; temporal_PA: 0.6246; temporal_UA: 0.6031; temporal_F1: 0.6137
2025-11-16 00:58:00,725 - INFO - Confusion Matrix
 [73383.	 5479.	    0.	    0.	    2.]
 [ 5325.	54937.	    0.	    0.	    0.]
 [  210.	 2833.	    8.	    0.	    0.]
 [  957.	  558.	    0.	    0.	    0.]
 [ 1575.	  679.	   23.	    4.	 9007.]
2025-11-16 00:58:00,792 - INFO - Epoch 5 saved.
2025-11-16 00:58:00,792 - INFO - model saved 6 times, last saved epoch: 5.

2025-11-16 00:58:03,816 - INFO - Epoch 6, Train loss: 0.3361963927745819
2025-11-16 00:58:04,699 - INFO - mIoU: 0.5145; OA: 0.904; AA: 0.5516; F1: 0.7011; Kappa: 0.8308;
2025-11-16 00:58:04,699 - INFO - spatial_LccAccuracy: 0.4785; spatial_PA: 0.7467; spatial_UA: 0.7588; spatial_F1: 0.7527
2025-11-16 00:58:04,699 - INFO - temporal_CdAccuracy: 0.3461; temporal_PA: 0.6565; temporal_UA: 0.6759; temporal_F1: 0.6661
2025-11-16 00:58:04,699 - INFO - Confusion Matrix
 [75377.	 3459.	    0.	    1.	   27.]
 [ 5371.	54878.	    6.	    1.	    6.]
 [  344.	 2610.	   79.	    0.	   18.]
 [  948.	  567.	    0.	    0.	    0.]
 [  895.	  622.	    0.	    0.	 9771.]
2025-11-16 00:58:04,774 - INFO - Epoch 6 saved.
2025-11-16 00:58:04,774 - INFO - model saved 7 times, last saved epoch: 6.

2025-11-16 00:58:07,757 - INFO - Epoch 7, Train loss: 0.25940704345703125
2025-11-16 00:58:08,669 - INFO - mIoU: 0.5674; OA: 0.9157; AA: 0.6021; F1: 0.6412; Kappa: 0.8518;
2025-11-16 00:58:08,669 - INFO - spatial_LccAccuracy: 0.5126; spatial_PA: 0.7526; spatial_UA: 0.7834; spatial_F1: 0.7676
2025-11-16 00:58:08,669 - INFO - temporal_CdAccuracy: 0.3643; temporal_PA: 0.6868; temporal_UA: 0.7018; temporal_F1: 0.6942
2025-11-16 00:58:08,670 - INFO - Confusion Matrix
 [76384.	 2415.	    0.	    0.	   65.]
 [ 5342.	54874.	   28.	    1.	   17.]
 [  338.	 2119.	  522.	    0.	   72.]
 [  839.	  567.	    0.	  108.	    1.]
 [  666.	  589.	    1.	    0.	10032.]
2025-11-16 00:58:08,735 - INFO - Epoch 7 saved.
2025-11-16 00:58:08,736 - INFO - model saved 8 times, last saved epoch: 7.

2025-11-16 00:58:11,781 - INFO - Epoch 8, Train loss: 0.20878152549266815
2025-11-16 00:58:12,668 - INFO - mIoU: 0.7185; OA: 0.9329; AA: 0.7526; F1: 0.8177; Kappa: 0.8833;
2025-11-16 00:58:12,669 - INFO - spatial_LccAccuracy: 0.609; spatial_PA: 0.894; spatial_UA: 0.8759; spatial_F1: 0.8848
2025-11-16 00:58:12,669 - INFO - temporal_CdAccuracy: 0.4712; temporal_PA: 0.742; temporal_UA: 0.7547; temporal_F1: 0.7483
2025-11-16 00:58:12,670 - INFO - Confusion Matrix
 [76146.	 2562.	   16.	    5.	  135.]
 [ 4304.	55809.	   89.	    3.	   57.]
 [   58.	 1266.	 1639.	    0.	   88.]
 [  553.	  330.	    0.	  632.	    0.]
 [  516.	  420.	    2.	    0.	10350.]
2025-11-16 00:58:12,736 - INFO - Epoch 8 saved.
2025-11-16 00:58:12,737 - INFO - model saved 9 times, last saved epoch: 8.

2025-11-16 00:58:15,999 - INFO - Epoch 9, Train loss: 0.17438998818397522
2025-11-16 00:58:16,861 - INFO - mIoU: 0.7693; OA: 0.9372; AA: 0.8; F1: 0.8606; Kappa: 0.8908;
2025-11-16 00:58:16,861 - INFO - spatial_LccAccuracy: 0.6221; spatial_PA: 0.8964; spatial_UA: 0.8611; spatial_F1: 0.8784
2025-11-16 00:58:16,861 - INFO - temporal_CdAccuracy: 0.4835; temporal_PA: 0.7563; temporal_UA: 0.7722; temporal_F1: 0.7642
2025-11-16 00:58:16,862 - INFO - Confusion Matrix
 [76794.	 1954.	   11.	    0.	  105.]
 [ 4852.	55284.	   85.	    3.	   38.]
 [   85.	  962.	 1973.	    1.	   30.]
 [  580.	  112.	    0.	  823.	    0.]
 [  578.	  337.	    1.	    0.	10372.]
2025-11-16 00:58:16,926 - INFO - Epoch 9 saved.
2025-11-16 00:58:16,926 - INFO - model saved 10 times, last saved epoch: 9.

2025-11-16 00:58:20,147 - INFO - Epoch 10, Train loss: 0.14642389118671417
2025-11-16 00:58:21,076 - INFO - mIoU: 0.8046; OA: 0.9421; AA: 0.8414; F1: 0.8868; Kappa: 0.8997;
2025-11-16 00:58:21,077 - INFO - spatial_LccAccuracy: 0.6481; spatial_PA: 0.9084; spatial_UA: 0.9084; spatial_F1: 0.9084
2025-11-16 00:58:21,077 - INFO - temporal_CdAccuracy: 0.5145; temporal_PA: 0.7934; temporal_UA: 0.7888; temporal_F1: 0.7911
2025-11-16 00:58:21,078 - INFO - Confusion Matrix
 [77215.	 1496.	   26.	   18.	  109.]
 [ 4917.	55102.	  125.	   37.	   81.]
 [   17.	  870.	 2142.	    4.	   18.]
 [  326.	  158.	    1.	 1029.	    1.]
 [  476.	  283.	    6.	    0.	10523.]
2025-11-16 00:58:21,142 - INFO - Epoch 10 saved.
2025-11-16 00:58:21,143 - INFO - model saved 11 times, last saved epoch: 10.

2025-11-16 00:58:24,341 - INFO - Epoch 11, Train loss: 0.12881731986999512
2025-11-16 00:58:25,151 - INFO - mIoU: 0.8308; OA: 0.9488; AA: 0.8682; F1: 0.9044; Kappa: 0.9119;
2025-11-16 00:58:25,151 - INFO - spatial_LccAccuracy: 0.6674; spatial_PA: 0.9207; spatial_UA: 0.9304; spatial_F1: 0.9255
2025-11-16 00:58:25,151 - INFO - temporal_CdAccuracy: 0.542; temporal_PA: 0.8072; temporal_UA: 0.8017; temporal_F1: 0.8044
2025-11-16 00:58:25,152 - INFO - Confusion Matrix
 [75632.	 3020.	   23.	   30.	  159.]
 [ 2648.	57377.	  115.	   35.	   87.]
 [   10.	  722.	 2312.	    3.	    4.]
 [  239.	  165.	    3.	 1107.	    1.]
 [  379.	  280.	    5.	    0.	10624.]
2025-11-16 00:58:25,216 - INFO - Epoch 11 saved.
2025-11-16 00:58:25,217 - INFO - model saved 12 times, last saved epoch: 11.

2025-11-16 00:58:28,373 - INFO - Epoch 12, Train loss: 0.11448933929204941
2025-11-16 00:58:29,225 - INFO - mIoU: 0.8457; OA: 0.9533; AA: 0.8814; F1: 0.9136; Kappa: 0.9196;
2025-11-16 00:58:29,226 - INFO - spatial_LccAccuracy: 0.7; spatial_PA: 0.9298; spatial_UA: 0.9426; spatial_F1: 0.9361
2025-11-16 00:58:29,226 - INFO - temporal_CdAccuracy: 0.5683; temporal_PA: 0.8325; temporal_UA: 0.8236; temporal_F1: 0.828
2025-11-16 00:58:29,227 - INFO - Confusion Matrix
 [76464.	 2262.	    9.	   24.	  105.]
 [ 2969.	57069.	  109.	   61.	   54.]
 [   12.	  635.	 2398.	    6.	    0.]
 [  239.	  119.	    6.	 1151.	    0.]
 [  358.	  262.	    4.	    0.	10664.]
2025-11-16 00:58:29,291 - INFO - Epoch 12 saved.
2025-11-16 00:58:29,292 - INFO - model saved 13 times, last saved epoch: 12.

2025-11-16 00:58:32,106 - INFO - Epoch 13, Train loss: 0.1023731604218483
2025-11-16 00:58:32,961 - INFO - mIoU: 0.8597; OA: 0.9543; AA: 0.9052; F1: 0.9227; Kappa: 0.9214;
2025-11-16 00:58:32,961 - INFO - spatial_LccAccuracy: 0.7391; spatial_PA: 0.9164; spatial_UA: 0.9629; spatial_F1: 0.9391
2025-11-16 00:58:32,962 - INFO - temporal_CdAccuracy: 0.6032; temporal_PA: 0.8506; temporal_UA: 0.8396; temporal_F1: 0.8451
2025-11-16 00:58:32,963 - INFO - Confusion Matrix
 [76964.	 1618.	   17.	   56.	  209.]
 [ 3565.	56353.	  166.	   75.	  103.]
 [    5.	  569.	 2472.	    5.	    0.]
 [  100.	  123.	   10.	 1280.	    2.]
 [  227.	  224.	    1.	    0.	10836.]
2025-11-16 00:58:33,033 - INFO - Epoch 13 saved.
2025-11-16 00:58:33,034 - INFO - model saved 14 times, last saved epoch: 13.

2025-11-16 00:58:36,000 - INFO - Epoch 14, Train loss: 0.0953705832362175
2025-11-16 00:58:36,832 - INFO - mIoU: 0.8693; OA: 0.9585; AA: 0.9033; F1: 0.9284; Kappa: 0.9286;
2025-11-16 00:58:36,833 - INFO - spatial_LccAccuracy: 0.7538; spatial_PA: 0.9321; spatial_UA: 0.965; spatial_F1: 0.9483
2025-11-16 00:58:36,833 - INFO - temporal_CdAccuracy: 0.6175; temporal_PA: 0.8604; temporal_UA: 0.8565; temporal_F1: 0.8584
2025-11-16 00:58:36,834 - INFO - Confusion Matrix
 [76324.	 2395.	   15.	   28.	  102.]
 [ 2345.	57684.	  132.	   36.	   65.]
 [    2.	  559.	 2487.	    3.	    0.]
 [   95.	  173.	    5.	 1240.	    2.]
 [  246.	  230.	    1.	    0.	10811.]
2025-11-16 00:58:36,908 - INFO - Epoch 14 saved.
2025-11-16 00:58:36,908 - INFO - model saved 15 times, last saved epoch: 14.

2025-11-16 00:58:39,929 - INFO - Epoch 15, Train loss: 0.08721648156642914
2025-11-16 00:58:40,767 - INFO - mIoU: 0.8697; OA: 0.9585; AA: 0.898; F1: 0.9286; Kappa: 0.9286;
2025-11-16 00:58:40,768 - INFO - spatial_LccAccuracy: 0.7449; spatial_PA: 0.9343; spatial_UA: 0.921; spatial_F1: 0.9276
2025-11-16 00:58:40,768 - INFO - temporal_CdAccuracy: 0.5993; temporal_PA: 0.8532; temporal_UA: 0.8461; temporal_F1: 0.8497
2025-11-16 00:58:40,769 - INFO - Confusion Matrix
 [76945.	 1837.	    5.	    7.	   70.]
 [ 2959.	57117.	  115.	   28.	   43.]
 [   25.	  532.	 2491.	    3.	    0.]
 [  238.	   73.	    2.	 1202.	    0.]
 [  269.	  218.	    0.	    0.	10801.]
2025-11-16 00:58:40,835 - INFO - Epoch 15 saved.
2025-11-16 00:58:40,836 - INFO - model saved 16 times, last saved epoch: 15.

2025-11-16 00:58:43,807 - INFO - Epoch 16, Train loss: 0.07803987711668015
2025-11-16 00:58:44,634 - INFO - mIoU: 0.8847; OA: 0.961; AA: 0.9118; F1: 0.9377; Kappa: 0.9329;
2025-11-16 00:58:44,634 - INFO - spatial_LccAccuracy: 0.7677; spatial_PA: 0.9382; spatial_UA: 0.9555; spatial_F1: 0.9468
2025-11-16 00:58:44,634 - INFO - temporal_CdAccuracy: 0.6345; temporal_PA: 0.8739; temporal_UA: 0.8663; temporal_F1: 0.87
2025-11-16 00:58:44,635 - INFO - Confusion Matrix
 [77050.	 1682.	    6.	   10.	  116.]
 [ 2823.	57270.	   96.	   21.	   52.]
 [    8.	  557.	 2485.	    1.	    0.]
 [  119.	   94.	    2.	 1299.	    1.]
 [  227.	  229.	    0.	    0.	10832.]
2025-11-16 00:58:44,699 - INFO - Epoch 16 saved.
2025-11-16 00:58:44,699 - INFO - model saved 17 times, last saved epoch: 16.

2025-11-16 00:58:47,751 - INFO - Epoch 17, Train loss: 0.07318835705518723
2025-11-16 00:58:48,668 - INFO - mIoU: 0.8927; OA: 0.9631; AA: 0.9273; F1: 0.9422; Kappa: 0.9366;
2025-11-16 00:58:48,668 - INFO - spatial_LccAccuracy: 0.7906; spatial_PA: 0.9468; spatial_UA: 0.972; spatial_F1: 0.9592
2025-11-16 00:58:48,669 - INFO - temporal_CdAccuracy: 0.645; temporal_PA: 0.8804; temporal_UA: 0.8653; temporal_F1: 0.8728
2025-11-16 00:58:48,669 - INFO - Confusion Matrix
 [77118.	 1641.	   11.	   14.	   80.]
 [ 2692.	57312.	  145.	   70.	   43.]
 [    7.	  485.	 2555.	    4.	    0.]
 [   90.	   51.	    2.	 1369.	    3.]
 [  146.	  230.	    0.	    0.	10912.]
2025-11-16 00:58:48,734 - INFO - Epoch 17 saved.
2025-11-16 00:58:48,735 - INFO - model saved 18 times, last saved epoch: 17.

2025-11-16 00:58:51,712 - INFO - Epoch 18, Train loss: 0.07115847617387772
2025-11-16 00:58:52,572 - INFO - mIoU: 0.8938; OA: 0.9627; AA: 0.9297; F1: 0.943; Kappa: 0.936;
2025-11-16 00:58:52,572 - INFO - spatial_LccAccuracy: 0.7731; spatial_PA: 0.9458; spatial_UA: 0.9627; spatial_F1: 0.9542
2025-11-16 00:58:52,573 - INFO - temporal_CdAccuracy: 0.6438; temporal_PA: 0.8786; temporal_UA: 0.8659; temporal_F1: 0.8722
2025-11-16 00:58:52,573 - INFO - Confusion Matrix
 [76575.	 2079.	   12.	   14.	  184.]
 [ 2276.	57722.	  123.	   69.	   72.]
 [   12.	  488.	 2546.	    5.	    0.]
 [   89.	   41.	    0.	 1383.	    2.]
 [  115.	  198.	    0.	    0.	10975.]
2025-11-16 00:58:52,635 - INFO - Epoch 18 saved.
2025-11-16 00:58:52,635 - INFO - model saved 19 times, last saved epoch: 18.

2025-11-16 00:58:55,313 - INFO - Epoch 19, Train loss: 0.06475861370563507
2025-11-16 00:58:56,145 - INFO - mIoU: 0.8921; OA: 0.9605; AA: 0.9231; F1: 0.942; Kappa: 0.932;
2025-11-16 00:58:56,145 - INFO - spatial_LccAccuracy: 0.7882; spatial_PA: 0.9345; spatial_UA: 0.9591; spatial_F1: 0.9466
2025-11-16 00:58:56,146 - INFO - temporal_CdAccuracy: 0.6349; temporal_PA: 0.8855; temporal_UA: 0.8609; temporal_F1: 0.873
2025-11-16 00:58:56,147 - INFO - Confusion Matrix
 [77707.	 1079.	    1.	   11.	   66.]
 [ 3654.	56395.	  134.	   50.	   29.]
 [   14.	  495.	 2539.	    3.	    0.]
 [   98.	   51.	    0.	 1364.	    2.]
 [  207.	  223.	    0.	    0.	10858.]
2025-11-16 00:58:56,148 - INFO - model saved 19 times, last saved epoch: 18.

2025-11-16 00:58:59,119 - INFO - Epoch 20, Train loss: 0.05953807756304741
2025-11-16 00:58:59,940 - INFO - mIoU: 0.8926; OA: 0.96; AA: 0.9293; F1: 0.9423; Kappa: 0.931;
2025-11-16 00:58:59,940 - INFO - spatial_LccAccuracy: 0.7863; spatial_PA: 0.9407; spatial_UA: 0.948; spatial_F1: 0.9443
2025-11-16 00:58:59,940 - INFO - temporal_CdAccuracy: 0.6256; temporal_PA: 0.8756; temporal_UA: 0.8554; temporal_F1: 0.8654
2025-11-16 00:58:59,940 - INFO - Confusion Matrix
 [78016.	  764.	    2.	   12.	   70.]
 [ 4151.	55822.	  144.	   85.	   60.]
 [   39.	  446.	 2556.	   10.	    0.]
 [  117.	    3.	    0.	 1393.	    2.]
 [  161.	  135.	    0.	    0.	10992.]
2025-11-16 00:58:59,941 - INFO - model saved 19 times, last saved epoch: 18.

2025-11-16 00:59:03,044 - INFO - Epoch 21, Train loss: 0.05782029777765274
2025-11-16 00:59:03,869 - INFO - mIoU: 0.9002; OA: 0.9607; AA: 0.9352; F1: 0.9466; Kappa: 0.9323;
2025-11-16 00:59:03,869 - INFO - spatial_LccAccuracy: 0.8033; spatial_PA: 0.939; spatial_UA: 0.9697; spatial_F1: 0.9541
2025-11-16 00:59:03,869 - INFO - temporal_CdAccuracy: 0.6446; temporal_PA: 0.8879; temporal_UA: 0.8665; temporal_F1: 0.877
2025-11-16 00:59:03,870 - INFO - Confusion Matrix
 [77933.	  835.	    3.	   14.	   79.]
 [ 4009.	55983.	  159.	   65.	   46.]
 [    6.	  455.	 2586.	    4.	    0.]
 [   69.	   20.	    0.	 1424.	    2.]
 [  177.	  148.	    0.	    0.	10963.]
2025-11-16 00:59:03,940 - INFO - Epoch 21 saved.
2025-11-16 00:59:03,941 - INFO - model saved 20 times, last saved epoch: 21.

2025-11-16 00:59:06,817 - INFO - Epoch 22, Train loss: 0.05170398950576782
2025-11-16 00:59:07,754 - INFO - mIoU: 0.8908; OA: 0.9646; AA: 0.9104; F1: 0.941; Kappa: 0.939;
2025-11-16 00:59:07,755 - INFO - spatial_LccAccuracy: 0.7913; spatial_PA: 0.9412; spatial_UA: 0.9721; spatial_F1: 0.9564
2025-11-16 00:59:07,755 - INFO - temporal_CdAccuracy: 0.6578; temporal_PA: 0.8934; temporal_UA: 0.8812; temporal_F1: 0.8873
2025-11-16 00:59:07,756 - INFO - Confusion Matrix
 [77063.	 1746.	    0.	    5.	   50.]
 [ 2287.	57908.	   59.	    3.	    5.]
 [    6.	  609.	 2436.	    0.	    0.]
 [   68.	  142.	    0.	 1304.	    1.]
 [  208.	  299.	    0.	    1.	10780.]
2025-11-16 00:59:07,757 - INFO - model saved 20 times, last saved epoch: 21.

2025-11-16 00:59:10,744 - INFO - Epoch 23, Train loss: 0.04953904449939728
2025-11-16 00:59:11,625 - INFO - mIoU: 0.9108; OA: 0.9678; AA: 0.9388; F1: 0.9524; Kappa: 0.9447;
2025-11-16 00:59:11,625 - INFO - spatial_LccAccuracy: 0.8169; spatial_PA: 0.9484; spatial_UA: 0.9751; spatial_F1: 0.9615
2025-11-16 00:59:11,626 - INFO - temporal_CdAccuracy: 0.6806; temporal_PA: 0.8999; temporal_UA: 0.8901; temporal_F1: 0.8949
2025-11-16 00:59:11,627 - INFO - Confusion Matrix
 [77163.	 1614.	    7.	   15.	   65.]
 [ 2181.	57890.	  133.	   33.	   25.]
 [    2.	  471.	 2576.	    2.	    0.]
 [   51.	   36.	    0.	 1427.	    1.]
 [  137.	  217.	    0.	    1.	10933.]
2025-11-16 00:59:11,696 - INFO - Epoch 23 saved.
2025-11-16 00:59:11,697 - INFO - model saved 21 times, last saved epoch: 23.

2025-11-16 00:59:14,583 - INFO - Epoch 24, Train loss: 0.04599008709192276
2025-11-16 00:59:15,442 - INFO - mIoU: 0.9104; OA: 0.9674; AA: 0.9394; F1: 0.9521; Kappa: 0.9441;
2025-11-16 00:59:15,442 - INFO - spatial_LccAccuracy: 0.8165; spatial_PA: 0.9565; spatial_UA: 0.9783; spatial_F1: 0.9673
2025-11-16 00:59:15,443 - INFO - temporal_CdAccuracy: 0.6616; temporal_PA: 0.8999; temporal_UA: 0.8782; temporal_F1: 0.8889
2025-11-16 00:59:15,444 - INFO - Confusion Matrix
 [76597.	 2163.	    3.	   15.	   86.]
 [ 1746.	58321.	   81.	   54.	   60.]
 [   10.	  524.	 2513.	    4.	    0.]
 [   44.	   20.	    0.	 1448.	    3.]
 [   70.	  170.	    0.	    0.	11048.]
2025-11-16 00:59:15,445 - INFO - model saved 21 times, last saved epoch: 23.

2025-11-16 00:59:18,568 - INFO - Epoch 25, Train loss: 0.04332477226853371
2025-11-16 00:59:19,405 - INFO - mIoU: 0.9153; OA: 0.9682; AA: 0.9444; F1: 0.955; Kappa: 0.9454;
2025-11-16 00:59:19,405 - INFO - spatial_LccAccuracy: 0.8266; spatial_PA: 0.9487; spatial_UA: 0.9821; spatial_F1: 0.9651
2025-11-16 00:59:19,406 - INFO - temporal_CdAccuracy: 0.6686; temporal_PA: 0.9024; temporal_UA: 0.8816; temporal_F1: 0.8919
2025-11-16 00:59:19,407 - INFO - Confusion Matrix
 [76735.	 2043.	    6.	   18.	   62.]
 [ 1753.	58305.	  143.	   34.	   27.]
 [    3.	  443.	 2603.	    2.	    0.]
 [   32.	   29.	    0.	 1451.	    3.]
 [   85.	  247.	    0.	    0.	10956.]
2025-11-16 00:59:19,487 - INFO - Epoch 25 saved.
2025-11-16 00:59:19,488 - INFO - model saved 22 times, last saved epoch: 25.

2025-11-16 00:59:22,531 - INFO - Epoch 26, Train loss: 0.03932967409491539
2025-11-16 00:59:23,383 - INFO - mIoU: 0.9146; OA: 0.9685; AA: 0.9548; F1: 0.9545; Kappa: 0.9459;
2025-11-16 00:59:23,384 - INFO - spatial_LccAccuracy: 0.8393; spatial_PA: 0.955; spatial_UA: 0.9787; spatial_F1: 0.9667
2025-11-16 00:59:23,384 - INFO - temporal_CdAccuracy: 0.6841; temporal_PA: 0.9062; temporal_UA: 0.8886; temporal_F1: 0.8973
2025-11-16 00:59:23,385 - INFO - Confusion Matrix
 [77449.	 1327.	    8.	   20.	   60.]
 [ 2473.	57411.	  253.	   82.	   43.]
 [    7.	  342.	 2700.	    2.	    0.]
 [   28.	    9.	    0.	 1477.	    1.]
 [   58.	  173.	    0.	    1.	11056.]
2025-11-16 00:59:23,386 - INFO - model saved 22 times, last saved epoch: 25.

2025-11-16 00:59:26,509 - INFO - Epoch 27, Train loss: 0.0399179570376873
2025-11-16 00:59:27,375 - INFO - mIoU: 0.9105; OA: 0.969; AA: 0.9321; F1: 0.9522; Kappa: 0.9466;
2025-11-16 00:59:27,375 - INFO - spatial_LccAccuracy: 0.8289; spatial_PA: 0.9546; spatial_UA: 0.9744; spatial_F1: 0.9644
2025-11-16 00:59:27,375 - INFO - temporal_CdAccuracy: 0.6771; temporal_PA: 0.9123; temporal_UA: 0.8935; temporal_F1: 0.9028
2025-11-16 00:59:27,376 - INFO - Confusion Matrix
 [77431.	 1362.	    4.	    6.	   61.]
 [ 2233.	57896.	  111.	    8.	   14.]
 [    6.	  509.	 2536.	    0.	    0.]
 [   71.	   49.	    0.	 1394.	    1.]
 [  105.	  269.	    1.	    0.	10913.]
2025-11-16 00:59:27,377 - INFO - model saved 22 times, last saved epoch: 25.

2025-11-16 00:59:30,623 - INFO - Epoch 28, Train loss: 0.03525688126683235
2025-11-16 00:59:31,455 - INFO - mIoU: 0.9206; OA: 0.9683; AA: 0.9496; F1: 0.9579; Kappa: 0.9456;
2025-11-16 00:59:31,455 - INFO - spatial_LccAccuracy: 0.8358; spatial_PA: 0.9402; spatial_UA: 0.9807; spatial_F1: 0.96
2025-11-16 00:59:31,455 - INFO - temporal_CdAccuracy: 0.6725; temporal_PA: 0.9158; temporal_UA: 0.8932; temporal_F1: 0.9043
2025-11-16 00:59:31,456 - INFO - Confusion Matrix
 [77230.	 1520.	    4.	   36.	   74.]
 [ 2387.	57661.	  146.	   14.	   54.]
 [    1.	  415.	 2635.	    0.	    0.]
 [   13.	   34.	    0.	 1464.	    4.]
 [   25.	  182.	    0.	    0.	11081.]
2025-11-16 00:59:31,527 - INFO - Epoch 28 saved.
2025-11-16 00:59:31,528 - INFO - model saved 23 times, last saved epoch: 28.

2025-11-16 00:59:34,450 - INFO - Epoch 29, Train loss: 0.03224988281726837
2025-11-16 00:59:35,260 - INFO - mIoU: 0.9127; OA: 0.9642; AA: 0.9416; F1: 0.9536; Kappa: 0.9384;
2025-11-16 00:59:35,260 - INFO - spatial_LccAccuracy: 0.8331; spatial_PA: 0.9472; spatial_UA: 0.9705; spatial_F1: 0.9587
2025-11-16 00:59:35,260 - INFO - temporal_CdAccuracy: 0.6659; temporal_PA: 0.9072; temporal_UA: 0.8783; temporal_F1: 0.8925
2025-11-16 00:59:35,261 - INFO - Confusion Matrix
 [78012.	  783.	    2.	   11.	   56.]
 [ 3616.	56434.	  144.	   34.	   34.]
 [    9.	  439.	 2601.	    2.	    0.]
 [   46.	   12.	    0.	 1456.	    1.]
 [  171.	  182.	    0.	    2.	10933.]
2025-11-16 00:59:35,262 - INFO - model saved 23 times, last saved epoch: 28.

2025-11-16 00:59:38,303 - INFO - Epoch 30, Train loss: 0.030883342027664185
2025-11-16 00:59:39,187 - INFO - mIoU: 0.9212; OA: 0.9686; AA: 0.9422; F1: 0.9581; Kappa: 0.9459;
2025-11-16 00:59:39,187 - INFO - spatial_LccAccuracy: 0.8362; spatial_PA: 0.9521; spatial_UA: 0.9831; spatial_F1: 0.9674
2025-11-16 00:59:39,187 - INFO - temporal_CdAccuracy: 0.6709; temporal_PA: 0.9115; temporal_UA: 0.8876; temporal_F1: 0.8994
2025-11-16 00:59:39,188 - INFO - Confusion Matrix
 [77876.	  927.	    2.	    9.	   50.]
 [ 2850.	57292.	   90.	   11.	   19.]
 [    4.	  487.	 2560.	    0.	    0.]
 [   17.	   31.	    0.	 1465.	    2.]
 [  132.	  242.	    0.	    0.	10914.]
2025-11-16 00:59:39,254 - INFO - Epoch 30 saved.
2025-11-16 00:59:39,255 - INFO - model saved 24 times, last saved epoch: 30.

2025-11-16 00:59:42,290 - INFO - Epoch 31, Train loss: 0.028827914968132973
2025-11-16 00:59:43,139 - INFO - mIoU: 0.9247; OA: 0.9708; AA: 0.956; F1: 0.9602; Kappa: 0.9499;
2025-11-16 00:59:43,140 - INFO - spatial_LccAccuracy: 0.8467; spatial_PA: 0.9573; spatial_UA: 0.9845; spatial_F1: 0.9707
2025-11-16 00:59:43,140 - INFO - temporal_CdAccuracy: 0.6918; temporal_PA: 0.9092; temporal_UA: 0.8991; temporal_F1: 0.9041
2025-11-16 00:59:43,141 - INFO - Confusion Matrix
 [77473.	 1293.	    6.	   24.	   68.]
 [ 2246.	57763.	  168.	   40.	   45.]
 [    5.	  369.	 2674.	    3.	    0.]
 [   11.	    9.	    0.	 1490.	    5.]
 [   36.	  199.	    0.	    1.	11052.]
2025-11-16 00:59:43,205 - INFO - Epoch 31 saved.
2025-11-16 00:59:43,205 - INFO - model saved 25 times, last saved epoch: 31.

2025-11-16 00:59:46,070 - INFO - Epoch 32, Train loss: 0.02652866207063198
2025-11-16 00:59:46,919 - INFO - mIoU: 0.9196; OA: 0.9695; AA: 0.9398; F1: 0.9572; Kappa: 0.9476;
2025-11-16 00:59:46,919 - INFO - spatial_LccAccuracy: 0.8397; spatial_PA: 0.9578; spatial_UA: 0.969; spatial_F1: 0.9634
2025-11-16 00:59:46,919 - INFO - temporal_CdAccuracy: 0.6829; temporal_PA: 0.9076; temporal_UA: 0.8962; temporal_F1: 0.9018
2025-11-16 00:59:46,920 - INFO - Confusion Matrix
 [77529.	 1273.	    3.	    5.	   54.]
 [ 2368.	57799.	   51.	   24.	   20.]
 [   20.	  503.	 2527.	    1.	    0.]
 [   56.	    6.	    0.	 1452.	    1.]
 [  109.	  228.	    0.	    0.	10951.]
2025-11-16 00:59:46,921 - INFO - model saved 25 times, last saved epoch: 31.

2025-11-16 00:59:50,025 - INFO - Epoch 33, Train loss: 0.02704296074807644
2025-11-16 00:59:50,871 - INFO - mIoU: 0.9277; OA: 0.9716; AA: 0.9512; F1: 0.9617; Kappa: 0.9512;
2025-11-16 00:59:50,871 - INFO - spatial_LccAccuracy: 0.8436; spatial_PA: 0.9576; spatial_UA: 0.9855; spatial_F1: 0.9713
2025-11-16 00:59:50,871 - INFO - temporal_CdAccuracy: 0.6903; temporal_PA: 0.9193; temporal_UA: 0.9009; temporal_F1: 0.91
2025-11-16 00:59:50,871 - INFO - Confusion Matrix
 [77454.	 1325.	    7.	   15.	   63.]
 [ 2139.	57976.	   94.	   22.	   31.]
 [    0.	  450.	 2599.	    2.	    0.]
 [   14.	   14.	    0.	 1485.	    2.]
 [   44.	  187.	    0.	    0.	11057.]
2025-11-16 00:59:50,936 - INFO - Epoch 33 saved.
2025-11-16 00:59:50,937 - INFO - model saved 26 times, last saved epoch: 33.

2025-11-16 00:59:53,858 - INFO - Epoch 34, Train loss: 0.023702040314674377
2025-11-16 00:59:54,642 - INFO - mIoU: 0.9233; OA: 0.9707; AA: 0.9542; F1: 0.9593; Kappa: 0.9496;
2025-11-16 00:59:54,642 - INFO - spatial_LccAccuracy: 0.8486; spatial_PA: 0.9556; spatial_UA: 0.984; spatial_F1: 0.9696
2025-11-16 00:59:54,643 - INFO - temporal_CdAccuracy: 0.6814; temporal_PA: 0.9192; temporal_UA: 0.8968; temporal_F1: 0.9079
2025-11-16 00:59:54,643 - INFO - Confusion Matrix
 [77688.	 1087.	    5.	   25.	   59.]
 [ 2487.	57546.	  143.	   51.	   35.]
 [    4.	  404.	 2639.	    4.	    0.]
 [   15.	    4.	    0.	 1493.	    3.]
 [   52.	  166.	    1.	    0.	11069.]
2025-11-16 00:59:54,644 - INFO - model saved 26 times, last saved epoch: 33.

2025-11-16 00:59:57,509 - INFO - Epoch 35, Train loss: 0.024013886228203773
2025-11-16 00:59:58,447 - INFO - mIoU: 0.9147; OA: 0.9694; AA: 0.9538; F1: 0.9545; Kappa: 0.9475;
2025-11-16 00:59:58,448 - INFO - spatial_LccAccuracy: 0.8343; spatial_PA: 0.9526; spatial_UA: 0.9789; spatial_F1: 0.9656
2025-11-16 00:59:58,448 - INFO - temporal_CdAccuracy: 0.6856; temporal_PA: 0.9151; temporal_UA: 0.8977; temporal_F1: 0.9063
2025-11-16 00:59:58,449 - INFO - Confusion Matrix
 [77841.	  930.	    3.	   14.	   76.]
 [ 2761.	57109.	  187.	  101.	  104.]
 [   23.	  406.	 2615.	    7.	    0.]
 [   14.	    1.	    0.	 1495.	    5.]
 [   22.	   85.	    0.	    0.	11181.]
2025-11-16 00:59:58,450 - INFO - model saved 26 times, last saved epoch: 33.

2025-11-16 01:00:01,386 - INFO - Epoch 36, Train loss: 0.02018297091126442
2025-11-16 01:00:02,253 - INFO - mIoU: 0.9236; OA: 0.9708; AA: 0.9511; F1: 0.9595; Kappa: 0.9498;
2025-11-16 01:00:02,253 - INFO - spatial_LccAccuracy: 0.8525; spatial_PA: 0.9576; spatial_UA: 0.9855; spatial_F1: 0.9713
2025-11-16 01:00:02,253 - INFO - temporal_CdAccuracy: 0.6895; temporal_PA: 0.9171; temporal_UA: 0.9008; temporal_F1: 0.9089
2025-11-16 01:00:02,254 - INFO - Confusion Matrix
 [77813.	  971.	    5.	   18.	   57.]
 [ 2524.	57555.	  125.	   39.	   19.]
 [    2.	  429.	 2616.	    4.	    0.]
 [   12.	   12.	    0.	 1491.	    0.]
 [   80.	  231.	    1.	    1.	10975.]
2025-11-16 01:00:02,255 - INFO - model saved 26 times, last saved epoch: 33.

2025-11-16 01:00:05,171 - INFO - Epoch 37, Train loss: 0.019620586186647415
2025-11-16 01:00:06,131 - INFO - mIoU: 0.9239; OA: 0.9708; AA: 0.9473; F1: 0.9596; Kappa: 0.9499;
2025-11-16 01:00:06,132 - INFO - spatial_LccAccuracy: 0.8378; spatial_PA: 0.9649; spatial_UA: 0.9858; spatial_F1: 0.9753
2025-11-16 01:00:06,132 - INFO - temporal_CdAccuracy: 0.6806; temporal_PA: 0.9104; temporal_UA: 0.8946; temporal_F1: 0.9024
2025-11-16 01:00:06,133 - INFO - Confusion Matrix
 [76961.	 1830.	    2.	   18.	   53.]
 [ 1694.	58453.	   52.	   34.	   29.]
 [    2.	  505.	 2541.	    3.	    0.]
 [    8.	   19.	    0.	 1488.	    0.]
 [   64.	  213.	    0.	    0.	11011.]
2025-11-16 01:00:06,134 - INFO - model saved 26 times, last saved epoch: 33.

2025-11-16 01:00:09,223 - INFO - Epoch 38, Train loss: 0.018959643319249153
2025-11-16 01:00:10,146 - INFO - mIoU: 0.9244; OA: 0.9698; AA: 0.9465; F1: 0.96; Kappa: 0.9481;
2025-11-16 01:00:10,146 - INFO - spatial_LccAccuracy: 0.8517; spatial_PA: 0.9578; spatial_UA: 0.9804; spatial_F1: 0.969
2025-11-16 01:00:10,146 - INFO - temporal_CdAccuracy: 0.6806; temporal_PA: 0.9105; temporal_UA: 0.8941; temporal_F1: 0.9022
2025-11-16 01:00:10,147 - INFO - Confusion Matrix
 [77710.	 1097.	    1.	    5.	   51.]
 [ 2561.	57556.	  105.	   19.	   21.]
 [    7.	  429.	 2614.	    1.	    0.]
 [   41.	   13.	    0.	 1461.	    0.]
 [  140.	  188.	    0.	    0.	10960.]
2025-11-16 01:00:10,148 - INFO - model saved 26 times, last saved epoch: 33.

2025-11-16 01:00:13,292 - INFO - Epoch 39, Train loss: 0.017777493223547935
2025-11-16 01:00:14,147 - INFO - mIoU: 0.9271; OA: 0.9707; AA: 0.9498; F1: 0.9615; Kappa: 0.9498;
2025-11-16 01:00:14,147 - INFO - spatial_LccAccuracy: 0.844; spatial_PA: 0.9588; spatial_UA: 0.9841; spatial_F1: 0.9713
2025-11-16 01:00:14,147 - INFO - temporal_CdAccuracy: 0.686; temporal_PA: 0.9093; temporal_UA: 0.9004; temporal_F1: 0.9048
2025-11-16 01:00:14,147 - INFO - Confusion Matrix
 [76850.	 1937.	    3.	   16.	   58.]
 [ 1580.	58585.	   73.	   24.	    0.]
 [    2.	  444.	 2604.	    1.	    0.]
 [    7.	   20.	    0.	 1487.	    1.]
 [   43.	  326.	    0.	    0.	10919.]
2025-11-16 01:00:14,148 - INFO - model saved 26 times, last saved epoch: 33.

2025-11-16 01:00:17,294 - INFO - Epoch 40, Train loss: 0.01707083359360695
2025-11-16 01:00:18,164 - INFO - mIoU: 0.9245; OA: 0.9715; AA: 0.9422; F1: 0.9599; Kappa: 0.9511;
2025-11-16 01:00:18,164 - INFO - spatial_LccAccuracy: 0.8463; spatial_PA: 0.964; spatial_UA: 0.9856; spatial_F1: 0.9747
2025-11-16 01:00:18,164 - INFO - temporal_CdAccuracy: 0.686; temporal_PA: 0.9131; temporal_UA: 0.9021; temporal_F1: 0.9076
2025-11-16 01:00:18,165 - INFO - Confusion Matrix
 [77022.	 1777.	    1.	    9.	   55.]
 [ 1607.	58592.	   44.	    7.	   12.]
 [    1.	  520.	 2530.	    0.	    0.]
 [   18.	   41.	    0.	 1456.	    0.]
 [   69.	  251.	    0.	    0.	10968.]
2025-11-16 01:00:18,166 - INFO - model saved 26 times, last saved epoch: 33.

2025-11-16 01:00:21,065 - INFO - Epoch 41, Train loss: 0.017179321497678757
2025-11-16 01:00:21,836 - INFO - mIoU: 0.9201; OA: 0.971; AA: 0.9373; F1: 0.9576; Kappa: 0.9501;
2025-11-16 01:00:21,836 - INFO - spatial_LccAccuracy: 0.8498; spatial_PA: 0.9606; spatial_UA: 0.9846; spatial_F1: 0.9724
2025-11-16 01:00:21,836 - INFO - temporal_CdAccuracy: 0.6942; temporal_PA: 0.9171; temporal_UA: 0.9056; temporal_F1: 0.9113
2025-11-16 01:00:21,837 - INFO - Confusion Matrix
 [77255.	 1563.	    0.	    2.	   44.]
 [ 1838.	58355.	   63.	    4.	    2.]
 [    1.	  494.	 2556.	    0.	    0.]
 [   25.	   73.	    0.	 1417.	    0.]
 [  118.	  270.	    2.	    0.	10898.]
2025-11-16 01:00:21,838 - INFO - model saved 26 times, last saved epoch: 33.

2025-11-16 01:00:24,800 - INFO - Epoch 42, Train loss: 0.015677301213145256
2025-11-16 01:00:25,675 - INFO - mIoU: 0.9197; OA: 0.9691; AA: 0.9426; F1: 0.9573; Kappa: 0.9469;
2025-11-16 01:00:25,675 - INFO - spatial_LccAccuracy: 0.8436; spatial_PA: 0.9461; spatial_UA: 0.9814; spatial_F1: 0.9634
2025-11-16 01:00:25,675 - INFO - temporal_CdAccuracy: 0.6868; temporal_PA: 0.9147; temporal_UA: 0.9002; temporal_F1: 0.9074
2025-11-16 01:00:25,676 - INFO - Confusion Matrix
 [77531.	 1288.	    4.	    4.	   37.]
 [ 2324.	57769.	  156.	    4.	    9.]
 [    1.	  443.	 2607.	    0.	    0.]
 [    9.	   57.	    0.	 1449.	    0.]
 [  182.	  265.	    3.	    0.	10838.]
2025-11-16 01:00:25,678 - INFO - model saved 26 times, last saved epoch: 33.

2025-11-16 01:00:28,666 - INFO - Epoch 43, Train loss: 0.014561130665242672
2025-11-16 01:00:29,500 - INFO - mIoU: 0.9276; OA: 0.9703; AA: 0.9546; F1: 0.9617; Kappa: 0.9491;
2025-11-16 01:00:29,500 - INFO - spatial_LccAccuracy: 0.8498; spatial_PA: 0.9627; spatial_UA: 0.9835; spatial_F1: 0.973
2025-11-16 01:00:29,501 - INFO - temporal_CdAccuracy: 0.6794; temporal_PA: 0.917; temporal_UA: 0.8925; temporal_F1: 0.9046
2025-11-16 01:00:29,501 - INFO - Confusion Matrix
 [77316.	 1489.	    4.	    8.	   47.]
 [ 2146.	57911.	  130.	   41.	   34.]
 [   11.	  382.	 2656.	    2.	    0.]
 [   16.	    3.	    0.	 1494.	    2.]
 [   85.	  199.	    0.	    0.	11004.]
2025-11-16 01:00:29,502 - INFO - model saved 26 times, last saved epoch: 33.

2025-11-16 01:00:32,475 - INFO - Epoch 44, Train loss: 0.014215648174285889
2025-11-16 01:00:33,275 - INFO - mIoU: 0.9203; OA: 0.9714; AA: 0.939; F1: 0.9573; Kappa: 0.9509;
2025-11-16 01:00:33,276 - INFO - spatial_LccAccuracy: 0.8471; spatial_PA: 0.962; spatial_UA: 0.9842; spatial_F1: 0.973
2025-11-16 01:00:33,276 - INFO - temporal_CdAccuracy: 0.6852; temporal_PA: 0.9112; temporal_UA: 0.9009; temporal_F1: 0.906
2025-11-16 01:00:33,277 - INFO - Confusion Matrix
 [76928.	 1870.	    2.	   15.	   49.]
 [ 1498.	58706.	   25.	   16.	   17.]
 [    0.	  605.	 2446.	    0.	    0.]
 [    8.	   38.	    0.	 1469.	    0.]
 [   56.	  235.	    0.	    0.	10997.]
2025-11-16 01:00:33,278 - INFO - model saved 26 times, last saved epoch: 33.

2025-11-16 01:00:36,505 - INFO - Epoch 45, Train loss: 0.013424456119537354
2025-11-16 01:00:37,376 - INFO - mIoU: 0.9275; OA: 0.9677; AA: 0.9562; F1: 0.9617; Kappa: 0.9445;
2025-11-16 01:00:37,376 - INFO - spatial_LccAccuracy: 0.8482; spatial_PA: 0.951; spatial_UA: 0.9758; spatial_F1: 0.9633
2025-11-16 01:00:37,376 - INFO - temporal_CdAccuracy: 0.6856; temporal_PA: 0.9147; temporal_UA: 0.8948; temporal_F1: 0.9047
2025-11-16 01:00:37,377 - INFO - Confusion Matrix
 [78076.	  721.	    4.	   11.	   52.]
 [ 3323.	56726.	  176.	   26.	   11.]
 [    9.	  328.	 2709.	    5.	    0.]
 [    9.	    6.	    0.	 1500.	    0.]
 [   96.	  221.	    2.	    1.	10968.]
2025-11-16 01:00:37,378 - INFO - model saved 26 times, last saved epoch: 33.

2025-11-16 01:00:40,502 - INFO - Epoch 46, Train loss: 0.013020633719861507
2025-11-16 01:00:41,369 - INFO - mIoU: 0.9275; OA: 0.9729; AA: 0.9549; F1: 0.9617; Kappa: 0.9536;
2025-11-16 01:00:41,369 - INFO - spatial_LccAccuracy: 0.8544; spatial_PA: 0.9606; spatial_UA: 0.9846; spatial_F1: 0.9724
2025-11-16 01:00:41,369 - INFO - temporal_CdAccuracy: 0.6899; temporal_PA: 0.9165; temporal_UA: 0.9028; temporal_F1: 0.9096
2025-11-16 01:00:41,370 - INFO - Confusion Matrix
 [77287.	 1501.	    5.	   24.	   47.]
 [ 1673.	58423.	  115.	   38.	   13.]
 [    2.	  405.	 2639.	    5.	    0.]
 [    6.	    7.	    0.	 1502.	    0.]
 [   74.	  277.	    0.	    3.	10934.]
2025-11-16 01:00:41,371 - INFO - model saved 26 times, last saved epoch: 33.

2025-11-16 01:00:44,259 - INFO - Epoch 47, Train loss: 0.011319667100906372
2025-11-16 01:00:45,127 - INFO - mIoU: 0.9245; OA: 0.9695; AA: 0.9462; F1: 0.9598; Kappa: 0.9477;
2025-11-16 01:00:45,127 - INFO - spatial_LccAccuracy: 0.837; spatial_PA: 0.9649; spatial_UA: 0.9858; spatial_F1: 0.9753
2025-11-16 01:00:45,127 - INFO - temporal_CdAccuracy: 0.6713; temporal_PA: 0.8997; temporal_UA: 0.8886; temporal_F1: 0.8941
2025-11-16 01:00:45,127 - INFO - Confusion Matrix
 [76464.	 2334.	    2.	    9.	   55.]
 [ 1380.	58792.	   44.	   27.	   19.]
 [    2.	  527.	 2520.	    2.	    0.]
 [    7.	   13.	    0.	 1495.	    0.]
 [   63.	  242.	    0.	    0.	10983.]
2025-11-16 01:00:45,128 - INFO - model saved 26 times, last saved epoch: 33.

2025-11-16 01:00:48,249 - INFO - Epoch 48, Train loss: 0.012556517496705055
2025-11-16 01:00:49,148 - INFO - mIoU: 0.9292; OA: 0.9702; AA: 0.9521; F1: 0.9626; Kappa: 0.9488;
2025-11-16 01:00:49,148 - INFO - spatial_LccAccuracy: 0.8513; spatial_PA: 0.9534; spatial_UA: 0.9757; spatial_F1: 0.9644
2025-11-16 01:00:49,148 - INFO - temporal_CdAccuracy: 0.693; temporal_PA: 0.9244; temporal_UA: 0.905; temporal_F1: 0.9146
2025-11-16 01:00:49,149 - INFO - Confusion Matrix
 [77843.	  956.	    4.	    6.	   55.]
 [ 2701.	57409.	  100.	   23.	   29.]
 [    6.	  420.	 2622.	    3.	    0.]
 [   11.	    9.	    0.	 1495.	    0.]
 [   95.	  194.	    0.	    0.	10999.]
2025-11-16 01:00:49,214 - INFO - Epoch 48 saved.
2025-11-16 01:00:49,215 - INFO - model saved 27 times, last saved epoch: 48.

2025-11-16 01:00:52,176 - INFO - Epoch 49, Train loss: 0.012005398981273174
2025-11-16 01:00:53,122 - INFO - mIoU: 0.8879; OA: 0.963; AA: 0.9042; F1: 0.9399; Kappa: 0.9359;
2025-11-16 01:00:53,122 - INFO - spatial_LccAccuracy: 0.8304; spatial_PA: 0.9413; spatial_UA: 0.9756; spatial_F1: 0.9582
2025-11-16 01:00:53,122 - INFO - temporal_CdAccuracy: 0.676; temporal_PA: 0.9029; temporal_UA: 0.8942; temporal_F1: 0.8985
2025-11-16 01:00:53,123 - INFO - Confusion Matrix
 [77870.	  994.	    0.	    0.	    0.]
 [ 2476.	57765.	   21.	    0.	    0.]
 [    2.	  583.	 2466.	    0.	    0.]
 [   69.	   82.	    0.	 1364.	    0.]
 [ 1126.	  382.	    0.	    1.	 9779.]
2025-11-16 01:00:53,124 - INFO - model saved 27 times, last saved epoch: 48.

2025-11-16 01:00:56,181 - INFO - Epoch 50, Train loss: 0.01075722835958004
2025-11-16 01:00:57,114 - INFO - mIoU: 0.9284; OA: 0.9692; AA: 0.9533; F1: 0.962; Kappa: 0.947;
2025-11-16 01:00:57,114 - INFO - spatial_LccAccuracy: 0.854; spatial_PA: 0.9525; spatial_UA: 0.9754; spatial_F1: 0.9638
2025-11-16 01:00:57,114 - INFO - temporal_CdAccuracy: 0.6868; temporal_PA: 0.9168; temporal_UA: 0.8949; temporal_F1: 0.9057
2025-11-16 01:00:57,115 - INFO - Confusion Matrix
 [78071.	  738.	    0.	    9.	   46.]
 [ 3144.	56916.	  125.	   22.	   55.]
 [    7.	  418.	 2621.	    5.	    0.]
 [    6.	    9.	    0.	 1500.	    0.]
 [   86.	  105.	    1.	    0.	11096.]
2025-11-16 01:00:57,116 - INFO - model saved 27 times, last saved epoch: 48.

2025-11-16 01:01:00,283 - INFO - Epoch 51, Train loss: 0.011379219591617584
2025-11-16 01:01:01,227 - INFO - mIoU: 0.9291; OA: 0.9721; AA: 0.9619; F1: 0.9626; Kappa: 0.9522;
2025-11-16 01:01:01,227 - INFO - spatial_LccAccuracy: 0.8556; spatial_PA: 0.9551; spatial_UA: 0.9822; spatial_F1: 0.9684
2025-11-16 01:01:01,228 - INFO - temporal_CdAccuracy: 0.6953; temporal_PA: 0.9199; temporal_UA: 0.905; temporal_F1: 0.9124
2025-11-16 01:01:01,228 - INFO - Confusion Matrix
 [77434.	 1344.	    5.	   21.	   60.]
 [ 2094.	57884.	  177.	   56.	   51.]
 [   10.	  336.	 2701.	    4.	    0.]
 [    5.	    2.	    0.	 1508.	    0.]
 [   23.	  131.	    0.	    0.	11134.]
2025-11-16 01:01:01,230 - INFO - model saved 27 times, last saved epoch: 48.

2025-11-16 01:01:04,212 - INFO - Epoch 52, Train loss: 0.009813949465751648
2025-11-16 01:01:05,167 - INFO - mIoU: 0.9295; OA: 0.9713; AA: 0.9609; F1: 0.9627; Kappa: 0.9507;
2025-11-16 01:01:05,167 - INFO - spatial_LccAccuracy: 0.8525; spatial_PA: 0.9592; spatial_UA: 0.9825; spatial_F1: 0.9707
2025-11-16 01:01:05,167 - INFO - temporal_CdAccuracy: 0.6837; temporal_PA: 0.9224; temporal_UA: 0.8963; temporal_F1: 0.9091
2025-11-16 01:01:05,168 - INFO - Confusion Matrix
 [77296.	 1512.	    1.	   11.	   44.]
 [ 1943.	58018.	  230.	   36.	   35.]
 [    4.	  313.	 2732.	    1.	    1.]
 [    6.	    3.	    0.	 1506.	    0.]
 [   87.	  226.	    1.	    0.	10974.]
2025-11-16 01:01:05,250 - INFO - Epoch 52 saved.
2025-11-16 01:01:05,251 - INFO - model saved 28 times, last saved epoch: 52.

2025-11-16 01:01:08,078 - INFO - Epoch 53, Train loss: 0.010900245979428291
2025-11-16 01:01:08,925 - INFO - mIoU: 0.9219; OA: 0.971; AA: 0.9489; F1: 0.9585; Kappa: 0.9502;
2025-11-16 01:01:08,925 - INFO - spatial_LccAccuracy: 0.8564; spatial_PA: 0.9592; spatial_UA: 0.9766; spatial_F1: 0.9678
2025-11-16 01:01:08,925 - INFO - temporal_CdAccuracy: 0.6856; temporal_PA: 0.9139; temporal_UA: 0.901; temporal_F1: 0.9074
2025-11-16 01:01:08,926 - INFO - Confusion Matrix
 [77518.	 1261.	    0.	    5.	   80.]
 [ 2265.	57787.	   91.	   61.	   58.]
 [   11.	  467.	 2570.	    2.	    1.]
 [   30.	    9.	    0.	 1476.	    0.]
 [   21.	  134.	    0.	    0.	11133.]
2025-11-16 01:01:08,927 - INFO - model saved 28 times, last saved epoch: 52.

2025-11-16 01:01:11,896 - INFO - Epoch 54, Train loss: 0.010029667988419533
2025-11-16 01:01:12,742 - INFO - mIoU: 0.9246; OA: 0.9701; AA: 0.9536; F1: 0.96; Kappa: 0.9487;
2025-11-16 01:01:12,742 - INFO - spatial_LccAccuracy: 0.8273; spatial_PA: 0.9487; spatial_UA: 0.9821; spatial_F1: 0.9651
2025-11-16 01:01:12,742 - INFO - temporal_CdAccuracy: 0.6752; temporal_PA: 0.9144; temporal_UA: 0.894; temporal_F1: 0.9041
2025-11-16 01:01:12,743 - INFO - Confusion Matrix
 [76911.	 1880.	    9.	   25.	   39.]
 [ 1676.	58382.	  163.	   27.	   14.]
 [    0.	  399.	 2652.	    0.	    0.]
 [    4.	   13.	    0.	 1498.	    0.]
 [  111.	  272.	    1.	    0.	10904.]
2025-11-16 01:01:12,744 - INFO - model saved 28 times, last saved epoch: 52.

2025-11-16 01:01:15,951 - INFO - Epoch 55, Train loss: 0.010809572413563728
2025-11-16 01:01:16,767 - INFO - mIoU: 0.9321; OA: 0.9732; AA: 0.9556; F1: 0.9641; Kappa: 0.954;
2025-11-16 01:01:16,768 - INFO - spatial_LccAccuracy: 0.8637; spatial_PA: 0.9615; spatial_UA: 0.9823; spatial_F1: 0.9718
2025-11-16 01:01:16,768 - INFO - temporal_CdAccuracy: 0.7069; temporal_PA: 0.92; temporal_UA: 0.9143; temporal_F1: 0.9171
2025-11-16 01:01:16,769 - INFO - Confusion Matrix
 [77648.	 1149.	    0.	   11.	   56.]
 [ 2080.	58002.	  119.	   23.	   38.]
 [    1.	  410.	 2638.	    2.	    0.]
 [    5.	   14.	    0.	 1496.	    0.]
 [   42.	  196.	    3.	    0.	11047.]
2025-11-16 01:01:16,834 - INFO - Epoch 55 saved.
2025-11-16 01:01:16,834 - INFO - model saved 29 times, last saved epoch: 55.

2025-11-16 01:01:19,849 - INFO - Epoch 56, Train loss: 0.008583600632846355
2025-11-16 01:01:20,735 - INFO - mIoU: 0.9289; OA: 0.971; AA: 0.9504; F1: 0.9625; Kappa: 0.9502;
2025-11-16 01:01:20,735 - INFO - spatial_LccAccuracy: 0.8502; spatial_PA: 0.9433; spatial_UA: 0.9833; spatial_F1: 0.9629
2025-11-16 01:01:20,737 - INFO - temporal_CdAccuracy: 0.6802; temporal_PA: 0.9237; temporal_UA: 0.9012; temporal_F1: 0.9123
2025-11-16 01:01:20,737 - INFO - Confusion Matrix
 [77366.	 1418.	    3.	   21.	   56.]
 [ 2065.	58105.	   78.	   12.	    2.]
 [    0.	  413.	 2638.	    0.	    0.]
 [    3.	   32.	    0.	 1480.	    0.]
 [   70.	  322.	    0.	    0.	10896.]
2025-11-16 01:01:20,737 - INFO - model saved 29 times, last saved epoch: 55.

2025-11-16 01:01:23,778 - INFO - Epoch 57, Train loss: 0.009048216044902802
2025-11-16 01:01:24,598 - INFO - mIoU: 0.9258; OA: 0.9719; AA: 0.9596; F1: 0.9609; Kappa: 0.9519;
2025-11-16 01:01:24,598 - INFO - spatial_LccAccuracy: 0.8382; spatial_PA: 0.9585; spatial_UA: 0.9857; spatial_F1: 0.9719
2025-11-16 01:01:24,599 - INFO - temporal_CdAccuracy: 0.6802; temporal_PA: 0.9256; temporal_UA: 0.8952; temporal_F1: 0.9101
2025-11-16 01:01:24,599 - INFO - Confusion Matrix
 [77011.	 1724.	    5.	   51.	   73.]
 [ 1656.	58387.	  151.	   45.	   23.]
 [    1.	  361.	 2686.	    2.	    1.]
 [    2.	    6.	    0.	 1507.	    0.]
 [   17.	  233.	    2.	    1.	11035.]
2025-11-16 01:01:24,600 - INFO - model saved 29 times, last saved epoch: 55.

