2025-09-14 21:37:47,222 - INFO - Epoch 0, Train loss: 1.6152263879776
2025-09-14 21:37:48,176 - INFO - mIoU: 0.0912; OA: 0.2487; AA: 0.1917; F1: 0.1573; Kappa: -0.0014;
2025-09-14 21:37:48,176 - INFO - spatial_LccAccuracy: 0.0031; spatial_PA: 0.5011; spatial_UA: 0.5115; spatial_F1: 0.5062
2025-09-14 21:37:48,176 - INFO - temporal_CdAccuracy: 0.004; temporal_PA: 0.5859; temporal_UA: 0.5211; temporal_F1: 0.5516
2025-09-14 21:37:48,176 - INFO - Confusion Matrix
 [15684.	17446.	 6266.	 5003.	23677.]
 [13166.	12708.	 3421.	 4832.	17251.]
 [  622.	  526.	   27.	   56.	 1318.]
 [  404.	  285.	   78.	   19.	  530.]
 [ 2522.	 2761.	  329.	  255.	 4914.]
2025-09-14 21:37:48,251 - INFO - Epoch 0 saved.
2025-09-14 21:37:48,251 - INFO - model saved 1 times, last saved epoch: 0.

2025-09-14 21:37:50,222 - INFO - Epoch 1, Train loss: 1.4609910249710083
2025-09-14 21:37:51,145 - INFO - mIoU: 0.1448; OA: 0.5405; AA: 0.2304; F1: 0.2094; Kappa: 0.11;
2025-09-14 21:37:51,145 - INFO - spatial_LccAccuracy: 0.0492; spatial_PA: 0.548; spatial_UA: 0.5326; spatial_F1: 0.5402
2025-09-14 21:37:51,145 - INFO - temporal_CdAccuracy: 0.115; temporal_PA: 0.5139; temporal_UA: 0.5128; temporal_F1: 0.5133
2025-09-14 21:37:51,146 - INFO - Confusion Matrix
 [62262.	 5079.	   84.	   64.	  587.]
 [40331.	 9802.	  124.	  200.	  921.]
 [ 1646.	  679.	    5.	    2.	  217.]
 [ 1064.	  148.	    3.	   10.	   91.]
 [ 9893.	  459.	    3.	   28.	  398.]
2025-09-14 21:37:51,218 - INFO - Epoch 1 saved.
2025-09-14 21:37:51,219 - INFO - model saved 2 times, last saved epoch: 1.

2025-09-14 21:37:53,318 - INFO - Epoch 2, Train loss: 0.886503279209137
2025-09-14 21:37:54,287 - INFO - mIoU: 0.2868; OA: 0.7407; AA: 0.3572; F1: 0.6163; Kappa: 0.5201;
2025-09-14 21:37:54,287 - INFO - spatial_LccAccuracy: 0.0819; spatial_PA: 0.478; spatial_UA: 0.4791; spatial_F1: 0.4785
2025-09-14 21:37:54,287 - INFO - temporal_CdAccuracy: 0.0501; temporal_PA: 0.5573; temporal_UA: 0.5296; temporal_F1: 0.5431
2025-09-14 21:37:54,287 - INFO - Confusion Matrix
 [61530.	 6540.	    0.	    0.	    6.]
 [15562.	35805.	    0.	    0.	   11.]
 [  748.	 1801.	    0.	    0.	    0.]
 [ 1230.	   86.	    0.	    0.	    0.]
 [ 8315.	  471.	    0.	    0.	 1995.]
2025-09-14 21:37:54,365 - INFO - Epoch 2 saved.
2025-09-14 21:37:54,366 - INFO - model saved 3 times, last saved epoch: 2.

2025-09-14 21:37:56,191 - INFO - Epoch 3, Train loss: 0.5202932357788086
2025-09-14 21:37:57,270 - INFO - mIoU: 0.4945; OA: 0.8833; AA: 0.5368; F1: 0.9032; Kappa: 0.7955;
2025-09-14 21:37:57,270 - INFO - spatial_LccAccuracy: 0.3767; spatial_PA: 0.5843; spatial_UA: 0.591; spatial_F1: 0.5876
2025-09-14 21:37:57,270 - INFO - temporal_CdAccuracy: 0.1951; temporal_PA: 0.6123; temporal_UA: 0.6136; temporal_F1: 0.6129
2025-09-14 21:37:57,270 - INFO - Confusion Matrix
 [64050.	 4019.	    0.	    0.	    7.]
 [ 6304.	45074.	    0.	    0.	    0.]
 [  176.	 2373.	    0.	    0.	    0.]
 [ 1224.	   92.	    0.	    0.	    0.]
 [ 1104.	  344.	    0.	    0.	 9333.]
2025-09-14 21:37:57,351 - INFO - Epoch 3 saved.
2025-09-14 21:37:57,352 - INFO - model saved 4 times, last saved epoch: 3.

2025-09-14 21:37:59,184 - INFO - Epoch 4, Train loss: 0.3507513999938965
2025-09-14 21:38:00,295 - INFO - mIoU: 0.5165; OA: 0.9041; AA: 0.5546; F1: 0.9247; Kappa: 0.8331;
2025-09-14 21:38:00,295 - INFO - spatial_LccAccuracy: 0.5593; spatial_PA: 0.8873; spatial_UA: 0.8338; spatial_F1: 0.8597
2025-09-14 21:38:00,295 - INFO - temporal_CdAccuracy: 0.3928; temporal_PA: 0.6492; temporal_UA: 0.697; temporal_F1: 0.6723
2025-09-14 21:38:00,296 - INFO - Confusion Matrix
 [64012.	 4009.	    0.	    0.	   55.]
 [ 3955.	47421.	    0.	    0.	    2.]
 [   35.	 2514.	    0.	    0.	    0.]
 [  735.	  581.	    0.	    0.	    0.]
 [  621.	  354.	    0.	    0.	 9806.]
2025-09-14 21:38:00,357 - INFO - Epoch 4 saved.
2025-09-14 21:38:00,357 - INFO - model saved 5 times, last saved epoch: 4.

2025-09-14 21:38:02,114 - INFO - Epoch 5, Train loss: 0.2732168436050415
2025-09-14 21:38:03,101 - INFO - mIoU: 0.5293; OA: 0.9123; AA: 0.5658; F1: 0.7136; Kappa: 0.8478;
2025-09-14 21:38:03,101 - INFO - spatial_LccAccuracy: 0.5924; spatial_PA: 0.9229; spatial_UA: 0.8661; spatial_F1: 0.8936
2025-09-14 21:38:03,101 - INFO - temporal_CdAccuracy: 0.4313; temporal_PA: 0.6686; temporal_UA: 0.7183; temporal_F1: 0.6926
2025-09-14 21:38:03,102 - INFO - Confusion Matrix
 [63939.	 4061.	    0.	    0.	   76.]
 [ 2909.	48453.	    0.	    2.	   14.]
 [   56.	 2405.	   81.	    0.	    7.]
 [  548.	  767.	    1.	    0.	    0.]
 [  609.	  310.	    0.	    0.	 9862.]
2025-09-14 21:38:03,163 - INFO - Epoch 5 saved.
2025-09-14 21:38:03,164 - INFO - model saved 6 times, last saved epoch: 5.

2025-09-14 21:38:05,150 - INFO - Epoch 6, Train loss: 0.22264838218688965
2025-09-14 21:38:06,175 - INFO - mIoU: 0.5982; OA: 0.9275; AA: 0.6304; F1: 0.6711; Kappa: 0.8745;
2025-09-14 21:38:06,176 - INFO - spatial_LccAccuracy: 0.6251; spatial_PA: 0.93; spatial_UA: 0.8869; spatial_F1: 0.9079
2025-09-14 21:38:06,176 - INFO - temporal_CdAccuracy: 0.4805; temporal_PA: 0.7071; temporal_UA: 0.737; temporal_F1: 0.7217
2025-09-14 21:38:06,177 - INFO - Confusion Matrix
 [65086.	 2909.	    1.	    2.	   78.]
 [ 2734.	48613.	    6.	    0.	   25.]
 [   70.	 1701.	  701.	    0.	   77.]
 [  557.	  686.	    0.	   73.	    0.]
 [  618.	  254.	    0.	    0.	 9909.]
2025-09-14 21:38:06,264 - INFO - Epoch 6 saved.
2025-09-14 21:38:06,264 - INFO - model saved 7 times, last saved epoch: 6.

2025-09-14 21:38:08,177 - INFO - Epoch 7, Train loss: 0.18433348834514618
2025-09-14 21:38:09,207 - INFO - mIoU: 0.7327; OA: 0.939; AA: 0.7627; F1: 0.8258; Kappa: 0.8948;
2025-09-14 21:38:09,207 - INFO - spatial_LccAccuracy: 0.6743; spatial_PA: 0.9209; spatial_UA: 0.8859; spatial_F1: 0.9031
2025-09-14 21:38:09,207 - INFO - temporal_CdAccuracy: 0.4971; temporal_PA: 0.751; temporal_UA: 0.7603; temporal_F1: 0.7556
2025-09-14 21:38:09,207 - INFO - Confusion Matrix
 [66533.	 1424.	    2.	    2.	  115.]
 [ 3989.	47269.	   22.	   17.	   81.]
 [   54.	  895.	 1530.	    0.	   70.]
 [  542.	  274.	    0.	  500.	    0.]
 [  538.	  143.	    6.	    1.	10093.]
2025-09-14 21:38:09,268 - INFO - Epoch 7 saved.
2025-09-14 21:38:09,269 - INFO - model saved 8 times, last saved epoch: 7.

2025-09-14 21:38:11,151 - INFO - Epoch 8, Train loss: 0.1524883508682251
2025-09-14 21:38:12,287 - INFO - mIoU: 0.7987; OA: 0.9515; AA: 0.8265; F1: 0.877; Kappa: 0.917;
2025-09-14 21:38:12,287 - INFO - spatial_LccAccuracy: 0.6944; spatial_PA: 0.9443; spatial_UA: 0.9136; spatial_F1: 0.9287
2025-09-14 21:38:12,287 - INFO - temporal_CdAccuracy: 0.549; temporal_PA: 0.8056; temporal_UA: 0.8039; temporal_F1: 0.8048
2025-09-14 21:38:12,288 - INFO - Confusion Matrix
 [65424.	 2534.	    2.	    6.	  110.]
 [ 1965.	49270.	   31.	   26.	   86.]
 [   18.	  610.	 1919.	    0.	    2.]
 [  347.	  308.	    0.	  661.	    0.]
 [  277.	  179.	    5.	    0.	10320.]
2025-09-14 21:38:12,352 - INFO - Epoch 8 saved.
2025-09-14 21:38:12,353 - INFO - model saved 9 times, last saved epoch: 8.

2025-09-14 21:38:14,443 - INFO - Epoch 9, Train loss: 0.127370223402977
2025-09-14 21:38:15,561 - INFO - mIoU: 0.8199; OA: 0.9572; AA: 0.844; F1: 0.8919; Kappa: 0.9267;
2025-09-14 21:38:15,561 - INFO - spatial_LccAccuracy: 0.7213; spatial_PA: 0.9394; spatial_UA: 0.9122; spatial_F1: 0.9256
2025-09-14 21:38:15,562 - INFO - temporal_CdAccuracy: 0.5767; temporal_PA: 0.8303; temporal_UA: 0.8268; temporal_F1: 0.8285
2025-09-14 21:38:15,562 - INFO - Confusion Matrix
 [66257.	 1795.	    3.	    4.	   17.]
 [ 2156.	49105.	   33.	   28.	   56.]
 [   22.	  488.	 2039.	    0.	    0.]
 [  341.	  264.	    0.	  711.	    0.]
 [  334.	  188.	    7.	    1.	10251.]
2025-09-14 21:38:15,642 - INFO - Epoch 9 saved.
2025-09-14 21:38:15,643 - INFO - model saved 10 times, last saved epoch: 9.

2025-09-14 21:38:17,609 - INFO - Epoch 10, Train loss: 0.10988481342792511
2025-09-14 21:38:18,475 - INFO - mIoU: 0.8445; OA: 0.9623; AA: 0.8676; F1: 0.9083; Kappa: 0.9355;
2025-09-14 21:38:18,475 - INFO - spatial_LccAccuracy: 0.7629; spatial_PA: 0.9482; spatial_UA: 0.9145; spatial_F1: 0.931
2025-09-14 21:38:18,475 - INFO - temporal_CdAccuracy: 0.6107; temporal_PA: 0.846; temporal_UA: 0.8551; temporal_F1: 0.8505
2025-09-14 21:38:18,475 - INFO - Confusion Matrix
 [66255.	 1788.	    2.	    5.	   26.]
 [ 1827.	49405.	   42.	   25.	   79.]
 [   12.	  359.	 2178.	    0.	    0.]
 [  294.	  258.	    0.	  764.	    0.]
 [  192.	  146.	    4.	    0.	10439.]
2025-09-14 21:38:18,536 - INFO - Epoch 10 saved.
2025-09-14 21:38:18,537 - INFO - model saved 11 times, last saved epoch: 10.

2025-09-14 21:38:20,454 - INFO - Epoch 11, Train loss: 0.09588772058486938
2025-09-14 21:38:21,652 - INFO - mIoU: 0.8545; OA: 0.9612; AA: 0.8819; F1: 0.9154; Kappa: 0.9336;
2025-09-14 21:38:21,652 - INFO - spatial_LccAccuracy: 0.7678; spatial_PA: 0.9325; spatial_UA: 0.9079; spatial_F1: 0.9201
2025-09-14 21:38:21,652 - INFO - temporal_CdAccuracy: 0.6116; temporal_PA: 0.8529; temporal_UA: 0.8445; temporal_F1: 0.8487
2025-09-14 21:38:21,653 - INFO - Confusion Matrix
 [67299.	  750.	    6.	    7.	   14.]
 [ 3162.	48000.	   99.	   28.	   89.]
 [   14.	  245.	 2290.	    0.	    0.]
 [  298.	  209.	    1.	  808.	    0.]
 [  171.	  100.	    8.	    0.	10502.]
2025-09-14 21:38:21,716 - INFO - Epoch 11 saved.
2025-09-14 21:38:21,717 - INFO - model saved 12 times, last saved epoch: 11.

2025-09-14 21:38:23,615 - INFO - Epoch 12, Train loss: 0.08446555584669113
2025-09-14 21:38:24,599 - INFO - mIoU: 0.8739; OA: 0.9676; AA: 0.899; F1: 0.9287; Kappa: 0.9447;
2025-09-14 21:38:24,600 - INFO - spatial_LccAccuracy: 0.796; spatial_PA: 0.9558; spatial_UA: 0.9718; spatial_F1: 0.9637
2025-09-14 21:38:24,600 - INFO - temporal_CdAccuracy: 0.6465; temporal_PA: 0.8896; temporal_UA: 0.866; temporal_F1: 0.8776
2025-09-14 21:38:24,600 - INFO - Confusion Matrix
 [66556.	 1442.	    6.	   15.	   57.]
 [ 1723.	49482.	   40.	   44.	   89.]
 [   10.	  293.	 2246.	    0.	    0.]
 [   80.	  322.	    0.	  914.	    0.]
 [   59.	  167.	    3.	    0.	10552.]
2025-09-14 21:38:24,680 - INFO - Epoch 12 saved.
2025-09-14 21:38:24,681 - INFO - model saved 13 times, last saved epoch: 12.

2025-09-14 21:38:26,626 - INFO - Epoch 13, Train loss: 0.07280982285737991
2025-09-14 21:38:27,617 - INFO - mIoU: 0.8829; OA: 0.9661; AA: 0.9139; F1: 0.9349; Kappa: 0.9424;
2025-09-14 21:38:27,617 - INFO - spatial_LccAccuracy: 0.8063; spatial_PA: 0.9633; spatial_UA: 0.9819; spatial_F1: 0.9725
2025-09-14 21:38:27,617 - INFO - temporal_CdAccuracy: 0.6371; temporal_PA: 0.8707; temporal_UA: 0.8644; temporal_F1: 0.8675
2025-09-14 21:38:27,618 - INFO - Confusion Matrix
 [65320.	 2658.	   11.	   30.	   57.]
 [  827.	50338.	   70.	   43.	  100.]
 [    4.	  243.	 2302.	    0.	    0.]
 [   45.	  289.	    4.	  978.	    0.]
 [   37.	  132.	    2.	    0.	10610.]
2025-09-14 21:38:27,697 - INFO - Epoch 13 saved.
2025-09-14 21:38:27,698 - INFO - model saved 14 times, last saved epoch: 13.

2025-09-14 21:38:29,540 - INFO - Epoch 14, Train loss: 0.06647831946611404
2025-09-14 21:38:30,733 - INFO - mIoU: 0.896; OA: 0.9714; AA: 0.9278; F1: 0.9431; Kappa: 0.9513;
2025-09-14 21:38:30,734 - INFO - spatial_LccAccuracy: 0.8277; spatial_PA: 0.9638; spatial_UA: 0.9733; spatial_F1: 0.9685
2025-09-14 21:38:30,734 - INFO - temporal_CdAccuracy: 0.6523; temporal_PA: 0.9034; temporal_UA: 0.8761; temporal_F1: 0.8895
2025-09-14 21:38:30,734 - INFO - Confusion Matrix
 [66823.	 1128.	    5.	   15.	  105.]
 [ 1684.	49368.	  106.	   57.	  163.]
 [   10.	  201.	 2338.	    0.	    0.]
 [   93.	  181.	    4.	 1036.	    2.]
 [   39.	   42.	    2.	    0.	10698.]
2025-09-14 21:38:30,795 - INFO - Epoch 14 saved.
2025-09-14 21:38:30,796 - INFO - model saved 15 times, last saved epoch: 14.

2025-09-14 21:38:32,691 - INFO - Epoch 15, Train loss: 0.05888010933995247
2025-09-14 21:38:33,706 - INFO - mIoU: 0.9002; OA: 0.97; AA: 0.9303; F1: 0.946; Kappa: 0.9489;
2025-09-14 21:38:33,706 - INFO - spatial_LccAccuracy: 0.8322; spatial_PA: 0.9619; spatial_UA: 0.9661; spatial_F1: 0.964
2025-09-14 21:38:33,706 - INFO - temporal_CdAccuracy: 0.6528; temporal_PA: 0.898; temporal_UA: 0.8715; temporal_F1: 0.8846
2025-09-14 21:38:33,706 - INFO - Confusion Matrix
 [67241.	  790.	    0.	   12.	   33.]
 [ 2252.	48864.	  124.	   49.	   89.]
 [   17.	  171.	 2361.	    0.	    0.]
 [  126.	  118.	    9.	 1063.	    0.]
 [  131.	   94.	    4.	    0.	10552.]
2025-09-14 21:38:33,768 - INFO - Epoch 15 saved.
2025-09-14 21:38:33,769 - INFO - model saved 16 times, last saved epoch: 15.

2025-09-14 21:38:35,596 - INFO - Epoch 16, Train loss: 0.053755663335323334
2025-09-14 21:38:36,491 - INFO - mIoU: 0.8932; OA: 0.9705; AA: 0.9131; F1: 0.9414; Kappa: 0.9496;
2025-09-14 21:38:36,491 - INFO - spatial_LccAccuracy: 0.8398; spatial_PA: 0.9625; spatial_UA: 0.9523; spatial_F1: 0.9574
2025-09-14 21:38:36,491 - INFO - temporal_CdAccuracy: 0.66; temporal_PA: 0.8948; temporal_UA: 0.8849; temporal_F1: 0.8898
2025-09-14 21:38:36,491 - INFO - Confusion Matrix
 [67315.	  739.	    0.	    8.	   14.]
 [ 2233.	49024.	   36.	   30.	   55.]
 [   26.	  268.	 2255.	    0.	    0.]
 [  171.	  144.	    2.	  999.	    0.]
 [   96.	  133.	    1.	    0.	10551.]
2025-09-14 21:38:36,492 - INFO - model saved 16 times, last saved epoch: 15.

2025-09-14 21:38:38,443 - INFO - Epoch 17, Train loss: 0.048717793077230453
2025-09-14 21:38:39,373 - INFO - mIoU: 0.9135; OA: 0.9734; AA: 0.9385; F1: 0.9538; Kappa: 0.9546;
2025-09-14 21:38:39,373 - INFO - spatial_LccAccuracy: 0.8555; spatial_PA: 0.9693; spatial_UA: 0.9721; spatial_F1: 0.9707
2025-09-14 21:38:39,373 - INFO - temporal_CdAccuracy: 0.6756; temporal_PA: 0.9093; temporal_UA: 0.8896; temporal_F1: 0.8994
2025-09-14 21:38:39,373 - INFO - Confusion Matrix
 [67057.	  993.	    2.	   10.	   14.]
 [ 1745.	49470.	   66.	   55.	   42.]
 [    9.	  215.	 2325.	    0.	    0.]
 [   94.	   94.	    5.	 1123.	    0.]
 [  110.	  116.	    0.	    1.	10554.]
2025-09-14 21:38:39,434 - INFO - Epoch 17 saved.
2025-09-14 21:38:39,435 - INFO - model saved 17 times, last saved epoch: 17.

2025-09-14 21:38:41,410 - INFO - Epoch 18, Train loss: 0.04408220574259758
2025-09-14 21:38:42,445 - INFO - mIoU: 0.9126; OA: 0.9737; AA: 0.937; F1: 0.9533; Kappa: 0.9552;
2025-09-14 21:38:42,445 - INFO - spatial_LccAccuracy: 0.8622; spatial_PA: 0.983; spatial_UA: 0.9837; spatial_F1: 0.9834
2025-09-14 21:38:42,446 - INFO - temporal_CdAccuracy: 0.6864; temporal_PA: 0.9196; temporal_UA: 0.896; temporal_F1: 0.9076
2025-09-14 21:38:42,446 - INFO - Confusion Matrix
 [66467.	 1587.	    3.	   11.	    8.]
 [ 1085.	50117.	   43.	   54.	   79.]
 [   13.	  247.	 2289.	    0.	    0.]
 [   59.	  125.	    7.	 1125.	    0.]
 [   90.	  120.	    1.	    0.	10570.]
2025-09-14 21:38:42,447 - INFO - model saved 17 times, last saved epoch: 17.

2025-09-14 21:38:44,237 - INFO - Epoch 19, Train loss: 0.04090747982263565
2025-09-14 21:38:45,180 - INFO - mIoU: 0.9252; OA: 0.9751; AA: 0.9543; F1: 0.9607; Kappa: 0.9577;
2025-09-14 21:38:45,180 - INFO - spatial_LccAccuracy: 0.8747; spatial_PA: 0.9722; spatial_UA: 0.9864; spatial_F1: 0.9793
2025-09-14 21:38:45,181 - INFO - temporal_CdAccuracy: 0.689; temporal_PA: 0.9175; temporal_UA: 0.9039; temporal_F1: 0.9106
2025-09-14 21:38:45,181 - INFO - Confusion Matrix
 [66353.	 1636.	    1.	   33.	   53.]
 [  918.	50275.	   66.	   52.	   67.]
 [   11.	  227.	 2311.	    0.	    0.]
 [   26.	   58.	   10.	 1222.	    0.]
 [   44.	  138.	    0.	    0.	10599.]
2025-09-14 21:38:45,261 - INFO - Epoch 19 saved.
2025-09-14 21:38:45,261 - INFO - model saved 18 times, last saved epoch: 19.

2025-09-14 21:38:47,131 - INFO - Epoch 20, Train loss: 0.03679421544075012
2025-09-14 21:38:48,115 - INFO - mIoU: 0.9186; OA: 0.9728; AA: 0.9423; F1: 0.9568; Kappa: 0.9538;
2025-09-14 21:38:48,115 - INFO - spatial_LccAccuracy: 0.8506; spatial_PA: 0.9753; spatial_UA: 0.9873; spatial_F1: 0.9813
2025-09-14 21:38:48,115 - INFO - temporal_CdAccuracy: 0.6765; temporal_PA: 0.9015; temporal_UA: 0.8899; temporal_F1: 0.8957
2025-09-14 21:38:48,115 - INFO - Confusion Matrix
 [65889.	 2111.	    5.	   14.	   57.]
 [  766.	50433.	   62.	   18.	   99.]
 [    4.	  196.	 2349.	    0.	    0.]
 [   34.	  154.	    7.	 1121.	    0.]
 [   36.	   84.	    1.	    0.	10660.]
2025-09-14 21:38:48,116 - INFO - model saved 18 times, last saved epoch: 19.

2025-09-14 21:38:50,111 - INFO - Epoch 21, Train loss: 0.034597594290971756
2025-09-14 21:38:51,125 - INFO - mIoU: 0.9286; OA: 0.973; AA: 0.9538; F1: 0.9626; Kappa: 0.9542;
2025-09-14 21:38:51,125 - INFO - spatial_LccAccuracy: 0.8528; spatial_PA: 0.9831; spatial_UA: 0.9876; spatial_F1: 0.9853
2025-09-14 21:38:51,125 - INFO - temporal_CdAccuracy: 0.6702; temporal_PA: 0.9127; temporal_UA: 0.8883; temporal_F1: 0.9003
2025-09-14 21:38:51,125 - INFO - Confusion Matrix
 [65903.	 2107.	    6.	   10.	   50.]
 [  829.	50356.	   97.	   18.	   78.]
 [    7.	  173.	 2369.	    0.	    0.]
 [   39.	   83.	    7.	 1187.	    0.]
 [   28.	   84.	    0.	    0.	10669.]
2025-09-14 21:38:51,186 - INFO - Epoch 21 saved.
2025-09-14 21:38:51,187 - INFO - model saved 19 times, last saved epoch: 21.

2025-09-14 21:38:52,962 - INFO - Epoch 22, Train loss: 0.02812768705189228
2025-09-14 21:38:54,059 - INFO - mIoU: 0.926; OA: 0.9758; AA: 0.9434; F1: 0.9611; Kappa: 0.9588;
2025-09-14 21:38:54,059 - INFO - spatial_LccAccuracy: 0.8877; spatial_PA: 0.9734; spatial_UA: 0.9838; spatial_F1: 0.9786
2025-09-14 21:38:54,059 - INFO - temporal_CdAccuracy: 0.6953; temporal_PA: 0.9245; temporal_UA: 0.9086; temporal_F1: 0.9165
2025-09-14 21:38:54,059 - INFO - Confusion Matrix
 [67082.	  972.	    4.	    6.	   12.]
 [ 1467.	49824.	   38.	   20.	   29.]
 [   12.	  225.	 2312.	    0.	    0.]
 [   38.	  113.	    3.	 1162.	    0.]
 [  130.	  171.	    1.	    0.	10479.]
2025-09-14 21:38:54,060 - INFO - model saved 19 times, last saved epoch: 21.

2025-09-14 21:38:55,981 - INFO - Epoch 23, Train loss: 0.028630025684833527
2025-09-14 21:38:56,990 - INFO - mIoU: 0.9186; OA: 0.9657; AA: 0.9607; F1: 0.9572; Kappa: 0.9421;
2025-09-14 21:38:56,990 - INFO - spatial_LccAccuracy: 0.8336; spatial_PA: 0.9736; spatial_UA: 0.981; spatial_F1: 0.9773
2025-09-14 21:38:56,990 - INFO - temporal_CdAccuracy: 0.6582; temporal_PA: 0.8975; temporal_UA: 0.8764; temporal_F1: 0.8868
2025-09-14 21:38:56,991 - INFO - Confusion Matrix
 [64499.	 3430.	    6.	   74.	   67.]
 [  389.	50769.	   75.	   65.	   80.]
 [    2.	  196.	 2351.	    0.	    0.]
 [    8.	   33.	    9.	 1264.	    2.]
 [   26.	  134.	    0.	    0.	10621.]
2025-09-14 21:38:56,992 - INFO - model saved 19 times, last saved epoch: 21.

2025-09-14 21:38:58,836 - INFO - Epoch 24, Train loss: 0.027161825448274612
2025-09-14 21:38:59,662 - INFO - mIoU: 0.9374; OA: 0.9777; AA: 0.9727; F1: 0.9674; Kappa: 0.9622;
2025-09-14 21:38:59,663 - INFO - spatial_LccAccuracy: 0.8868; spatial_PA: 0.9842; spatial_UA: 0.9879; spatial_F1: 0.986
2025-09-14 21:38:59,663 - INFO - temporal_CdAccuracy: 0.6895; temporal_PA: 0.9287; temporal_UA: 0.9088; temporal_F1: 0.9186
2025-09-14 21:38:59,663 - INFO - Confusion Matrix
 [66576.	 1429.	   14.	   17.	   40.]
 [  923.	50153.	  152.	   72.	   78.]
 [    2.	  121.	 2426.	    0.	    0.]
 [   16.	   20.	    8.	 1272.	    0.]
 [   26.	   68.	    0.	    0.	10687.]
2025-09-14 21:38:59,733 - INFO - Epoch 24 saved.
2025-09-14 21:38:59,734 - INFO - model saved 20 times, last saved epoch: 24.

2025-09-14 21:39:01,480 - INFO - Epoch 25, Train loss: 0.025334682315587997
2025-09-14 21:39:02,363 - INFO - mIoU: 0.9439; OA: 0.9784; AA: 0.9678; F1: 0.971; Kappa: 0.9633;
2025-09-14 21:39:02,363 - INFO - spatial_LccAccuracy: 0.8949; spatial_PA: 0.9834; spatial_UA: 0.9886; spatial_F1: 0.986
2025-09-14 21:39:02,363 - INFO - temporal_CdAccuracy: 0.7123; temporal_PA: 0.9305; temporal_UA: 0.917; temporal_F1: 0.9237
2025-09-14 21:39:02,363 - INFO - Confusion Matrix
 [66648.	 1382.	    1.	   18.	   27.]
 [  948.	50241.	   74.	   34.	   81.]
 [    9.	  169.	 2371.	    0.	    0.]
 [   20.	   25.	    5.	 1266.	    0.]
 [   42.	   65.	    0.	    0.	10674.]
2025-09-14 21:39:02,425 - INFO - Epoch 25 saved.
2025-09-14 21:39:02,426 - INFO - model saved 21 times, last saved epoch: 25.

2025-09-14 21:39:04,237 - INFO - Epoch 26, Train loss: 0.024532679468393326
2025-09-14 21:39:05,127 - INFO - mIoU: 0.9414; OA: 0.9763; AA: 0.9669; F1: 0.9696; Kappa: 0.9597;
2025-09-14 21:39:05,127 - INFO - spatial_LccAccuracy: 0.8886; spatial_PA: 0.9688; spatial_UA: 0.9845; spatial_F1: 0.9766
2025-09-14 21:39:05,127 - INFO - temporal_CdAccuracy: 0.698; temporal_PA: 0.9176; temporal_UA: 0.91; temporal_F1: 0.9138
2025-09-14 21:39:05,127 - INFO - Confusion Matrix
 [66326.	 1689.	    5.	   16.	   40.]
 [  901.	50300.	   81.	   35.	   61.]
 [    6.	  168.	 2375.	    0.	    0.]
 [   13.	   32.	    6.	 1265.	    0.]
 [   35.	   92.	    0.	    0.	10654.]
2025-09-14 21:39:05,128 - INFO - model saved 21 times, last saved epoch: 25.

2025-09-14 21:39:06,765 - INFO - Epoch 27, Train loss: 0.022036071866750717
2025-09-14 21:39:07,641 - INFO - mIoU: 0.9385; OA: 0.9772; AA: 0.9548; F1: 0.9681; Kappa: 0.9611;
2025-09-14 21:39:07,642 - INFO - spatial_LccAccuracy: 0.8989; spatial_PA: 0.9742; spatial_UA: 0.9831; spatial_F1: 0.9786
2025-09-14 21:39:07,642 - INFO - temporal_CdAccuracy: 0.7092; temporal_PA: 0.9269; temporal_UA: 0.9162; temporal_F1: 0.9215
2025-09-14 21:39:07,642 - INFO - Confusion Matrix
 [67148.	  913.	    0.	    7.	    8.]
 [ 1436.	49836.	   42.	   12.	   52.]
 [   15.	  216.	 2318.	    0.	    0.]
 [   35.	   49.	    3.	 1229.	    0.]
 [  142.	  132.	    0.	    0.	10507.]
2025-09-14 21:39:07,642 - INFO - model saved 21 times, last saved epoch: 25.

2025-09-14 21:39:09,446 - INFO - Epoch 28, Train loss: 0.019221311435103416
2025-09-14 21:39:10,625 - INFO - mIoU: 0.9409; OA: 0.9753; AA: 0.9607; F1: 0.9694; Kappa: 0.958;
2025-09-14 21:39:10,625 - INFO - spatial_LccAccuracy: 0.8805; spatial_PA: 0.986; spatial_UA: 0.9874; spatial_F1: 0.9867
2025-09-14 21:39:10,625 - INFO - temporal_CdAccuracy: 0.6931; temporal_PA: 0.9282; temporal_UA: 0.9052; temporal_F1: 0.9166
2025-09-14 21:39:10,626 - INFO - Confusion Matrix
 [66091.	 1950.	    0.	    5.	   30.]
 [  742.	50508.	   64.	   14.	   50.]
 [    7.	  184.	 2358.	    0.	    0.]
 [   28.	   44.	    4.	 1240.	    0.]
 [   56.	  136.	    0.	    0.	10589.]
2025-09-14 21:39:10,627 - INFO - model saved 21 times, last saved epoch: 25.

2025-09-14 21:39:12,448 - INFO - Epoch 29, Train loss: 0.017687616869807243
2025-09-14 21:39:13,721 - INFO - mIoU: 0.9428; OA: 0.978; AA: 0.9653; F1: 0.9704; Kappa: 0.9625;
2025-09-14 21:39:13,721 - INFO - spatial_LccAccuracy: 0.8993; spatial_PA: 0.9727; spatial_UA: 0.9846; spatial_F1: 0.9786
2025-09-14 21:39:13,721 - INFO - temporal_CdAccuracy: 0.7123; temporal_PA: 0.9291; temporal_UA: 0.9182; temporal_F1: 0.9236
2025-09-14 21:39:13,722 - INFO - Confusion Matrix
 [66990.	 1073.	    1.	   12.	    0.]
 [ 1208.	50014.	   86.	   32.	   38.]
 [   11.	  157.	 2381.	    0.	    0.]
 [   20.	   25.	    6.	 1265.	    0.]
 [  161.	  121.	    0.	    0.	10499.]
2025-09-14 21:39:13,723 - INFO - model saved 21 times, last saved epoch: 25.

2025-09-14 21:39:15,697 - INFO - Epoch 30, Train loss: 0.01887623965740204
2025-09-14 21:39:16,887 - INFO - mIoU: 0.9432; OA: 0.9765; AA: 0.9652; F1: 0.9706; Kappa: 0.9601;
2025-09-14 21:39:16,887 - INFO - spatial_LccAccuracy: 0.8922; spatial_PA: 0.9803; spatial_UA: 0.9877; spatial_F1: 0.984
2025-09-14 21:39:16,887 - INFO - temporal_CdAccuracy: 0.7002; temporal_PA: 0.92; temporal_UA: 0.9113; temporal_F1: 0.9157
2025-09-14 21:39:16,887 - INFO - Confusion Matrix
 [66139.	 1877.	    4.	   14.	   42.]
 [  665.	50564.	   59.	   22.	   68.]
 [    3.	  187.	 2359.	    0.	    0.]
 [   12.	   38.	    3.	 1263.	    0.]
 [   28.	  132.	    0.	    0.	10621.]
2025-09-14 21:39:16,888 - INFO - model saved 21 times, last saved epoch: 25.

2025-09-14 21:39:18,772 - INFO - Epoch 31, Train loss: 0.021321646869182587
2025-09-14 21:39:19,980 - INFO - mIoU: 0.9408; OA: 0.9769; AA: 0.9721; F1: 0.9693; Kappa: 0.9608;
2025-09-14 21:39:19,980 - INFO - spatial_LccAccuracy: 0.8877; spatial_PA: 0.9656; spatial_UA: 0.9836; spatial_F1: 0.9745
2025-09-14 21:39:19,980 - INFO - temporal_CdAccuracy: 0.6989; temporal_PA: 0.934; temporal_UA: 0.9061; temporal_F1: 0.9198
2025-09-14 21:39:19,980 - INFO - Confusion Matrix
 [67321.	  703.	    1.	   16.	   35.]
 [ 1803.	49297.	  104.	   73.	  101.]
 [   11.	  130.	 2408.	    0.	    0.]
 [   23.	    3.	    7.	 1283.	    0.]
 [   48.	   34.	    0.	    0.	10699.]
2025-09-14 21:39:19,981 - INFO - model saved 21 times, last saved epoch: 25.

2025-09-14 21:39:21,706 - INFO - Epoch 32, Train loss: 0.013649823144078255
2025-09-14 21:39:22,930 - INFO - mIoU: 0.9509; OA: 0.9806; AA: 0.9714; F1: 0.9747; Kappa: 0.967;
2025-09-14 21:39:22,931 - INFO - spatial_LccAccuracy: 0.9038; spatial_PA: 0.9744; spatial_UA: 0.9911; spatial_F1: 0.9826
2025-09-14 21:39:22,931 - INFO - temporal_CdAccuracy: 0.7123; temporal_PA: 0.9413; temporal_UA: 0.9205; temporal_F1: 0.9308
2025-09-14 21:39:22,931 - INFO - Confusion Matrix
 [67064.	  971.	    5.	   12.	   24.]
 [ 1117.	50044.	   67.	   20.	  130.]
 [   10.	  161.	 2378.	    0.	    0.]
 [   12.	   24.	    4.	 1276.	    0.]
 [   31.	   18.	    0.	    0.	10732.]
2025-09-14 21:39:23,002 - INFO - Epoch 32 saved.
2025-09-14 21:39:23,003 - INFO - model saved 22 times, last saved epoch: 32.

2025-09-14 21:39:24,676 - INFO - Epoch 33, Train loss: 0.013232359662652016
2025-09-14 21:39:25,768 - INFO - mIoU: 0.9486; OA: 0.9795; AA: 0.966; F1: 0.9734; Kappa: 0.9651;
2025-09-14 21:39:25,768 - INFO - spatial_LccAccuracy: 0.8984; spatial_PA: 0.9873; spatial_UA: 0.9888; spatial_F1: 0.988
2025-09-14 21:39:25,768 - INFO - temporal_CdAccuracy: 0.702; temporal_PA: 0.939; temporal_UA: 0.9141; temporal_F1: 0.9264
2025-09-14 21:39:25,768 - INFO - Confusion Matrix
 [66719.	 1317.	    0.	    5.	   35.]
 [  897.	50364.	   57.	   15.	   45.]
 [   13.	  194.	 2342.	    0.	    0.]
 [   24.	   21.	    4.	 1267.	    0.]
 [   34.	   94.	    0.	    0.	10653.]
2025-09-14 21:39:25,769 - INFO - model saved 22 times, last saved epoch: 32.

2025-09-14 21:39:27,642 - INFO - Epoch 34, Train loss: 0.014909502118825912
2025-09-14 21:39:28,792 - INFO - mIoU: 0.9479; OA: 0.9792; AA: 0.9723; F1: 0.9731; Kappa: 0.9647;
2025-09-14 21:39:28,792 - INFO - spatial_LccAccuracy: 0.898; spatial_PA: 0.9766; spatial_UA: 0.9847; spatial_F1: 0.9806
2025-09-14 21:39:28,792 - INFO - temporal_CdAccuracy: 0.7096; temporal_PA: 0.9421; temporal_UA: 0.917; temporal_F1: 0.9294
2025-09-14 21:39:28,793 - INFO - Confusion Matrix
 [67226.	  798.	    2.	   10.	   40.]
 [ 1483.	49718.	   61.	   55.	   61.]
 [   14.	  146.	 2385.	    4.	    0.]
 [   20.	    6.	    3.	 1287.	    0.]
 [   48.	   33.	    0.	    0.	10700.]
2025-09-14 21:39:28,794 - INFO - model saved 22 times, last saved epoch: 32.

2025-09-14 21:39:30,801 - INFO - Epoch 35, Train loss: 0.011979812756180763
2025-09-14 21:39:31,939 - INFO - mIoU: 0.9462; OA: 0.9783; AA: 0.9726; F1: 0.9721; Kappa: 0.9631;
2025-09-14 21:39:31,939 - INFO - spatial_LccAccuracy: 0.8975; spatial_PA: 0.9741; spatial_UA: 0.99; spatial_F1: 0.982
2025-09-14 21:39:31,939 - INFO - temporal_CdAccuracy: 0.7096; temporal_PA: 0.9319; temporal_UA: 0.9212; temporal_F1: 0.9265
2025-09-14 21:39:31,940 - INFO - Confusion Matrix
 [66849.	 1174.	    4.	   19.	   30.]
 [ 1171.	49982.	   94.	   39.	   92.]
 [    4.	  153.	 2392.	    0.	    0.]
 [   12.	    9.	    6.	 1289.	    0.]
 [   34.	   68.	    0.	    0.	10679.]
2025-09-14 21:39:31,941 - INFO - model saved 22 times, last saved epoch: 32.

2025-09-14 21:39:33,997 - INFO - Epoch 36, Train loss: 0.011074514128267765
2025-09-14 21:39:34,923 - INFO - mIoU: 0.9408; OA: 0.9761; AA: 0.9693; F1: 0.9693; Kappa: 0.9595;
2025-09-14 21:39:34,923 - INFO - spatial_LccAccuracy: 0.8787; spatial_PA: 0.9858; spatial_UA: 0.9903; spatial_F1: 0.988
2025-09-14 21:39:34,923 - INFO - temporal_CdAccuracy: 0.6872; temporal_PA: 0.9336; temporal_UA: 0.8964; temporal_F1: 0.9146
2025-09-14 21:39:34,924 - INFO - Confusion Matrix
 [66069.	 1918.	    2.	   18.	   69.]
 [  640.	50433.	   66.	   44.	  195.]
 [    6.	  179.	 2364.	    0.	    0.]
 [   13.	   23.	    4.	 1276.	    0.]
 [   24.	    6.	    0.	    1.	10750.]
2025-09-14 21:39:34,925 - INFO - model saved 22 times, last saved epoch: 32.

2025-09-14 21:39:36,853 - INFO - Epoch 37, Train loss: 0.01139760296791792
2025-09-14 21:39:37,740 - INFO - mIoU: 0.9508; OA: 0.9801; AA: 0.9682; F1: 0.9746; Kappa: 0.9661;
2025-09-14 21:39:37,740 - INFO - spatial_LccAccuracy: 0.9038; spatial_PA: 0.9785; spatial_UA: 0.9882; spatial_F1: 0.9833
2025-09-14 21:39:37,740 - INFO - temporal_CdAccuracy: 0.7114; temporal_PA: 0.9388; temporal_UA: 0.9209; temporal_F1: 0.9298
2025-09-14 21:39:37,740 - INFO - Confusion Matrix
 [67146.	  926.	    0.	    1.	    3.]
 [ 1277.	49935.	   65.	   18.	   83.]
 [    9.	  170.	 2370.	    0.	    0.]
 [   19.	   30.	    5.	 1262.	    0.]
 [   37.	   28.	    0.	    0.	10716.]
2025-09-14 21:39:37,741 - INFO - model saved 22 times, last saved epoch: 32.

2025-09-14 21:39:39,656 - INFO - Epoch 38, Train loss: 0.008612897247076035
2025-09-14 21:39:40,671 - INFO - mIoU: 0.9519; OA: 0.9805; AA: 0.9725; F1: 0.9752; Kappa: 0.9669;
2025-09-14 21:39:40,672 - INFO - spatial_LccAccuracy: 0.9078; spatial_PA: 0.981; spatial_UA: 0.987; spatial_F1: 0.984
2025-09-14 21:39:40,672 - INFO - temporal_CdAccuracy: 0.7154; temporal_PA: 0.9452; temporal_UA: 0.9213; temporal_F1: 0.9331
2025-09-14 21:39:40,672 - INFO - Confusion Matrix
 [67171.	  900.	    1.	    1.	    3.]
 [ 1190.	49963.	   87.	   28.	  110.]
 [    9.	  140.	 2400.	    0.	    0.]
 [   18.	   15.	    5.	 1278.	    0.]
 [   36.	   66.	    0.	    0.	10679.]
2025-09-14 21:39:40,735 - INFO - Epoch 38 saved.
2025-09-14 21:39:40,735 - INFO - model saved 23 times, last saved epoch: 38.

2025-09-14 21:39:42,863 - INFO - Epoch 39, Train loss: 0.009602912701666355
2025-09-14 21:39:43,916 - INFO - mIoU: 0.9456; OA: 0.9802; AA: 0.9592; F1: 0.9718; Kappa: 0.9662;
2025-09-14 21:39:43,916 - INFO - spatial_LccAccuracy: 0.9056; spatial_PA: 0.9793; spatial_UA: 0.9914; spatial_F1: 0.9853
2025-09-14 21:39:43,916 - INFO - temporal_CdAccuracy: 0.7186; temporal_PA: 0.9384; temporal_UA: 0.9208; temporal_F1: 0.9296
2025-09-14 21:39:43,917 - INFO - Confusion Matrix
 [67182.	  893.	    0.	    1.	    0.]
 [ 1106.	50187.	   43.	    8.	   34.]
 [    7.	  217.	 2325.	    0.	    0.]
 [   23.	   45.	    3.	 1245.	    0.]
 [   97.	  181.	    0.	    0.	10503.]
2025-09-14 21:39:43,918 - INFO - model saved 23 times, last saved epoch: 38.

2025-09-14 21:39:45,855 - INFO - Epoch 40, Train loss: 0.008694280870258808
2025-09-14 21:39:46,916 - INFO - mIoU: 0.9506; OA: 0.9794; AA: 0.9708; F1: 0.9745; Kappa: 0.965;
2025-09-14 21:39:46,916 - INFO - spatial_LccAccuracy: 0.8944; spatial_PA: 0.9832; spatial_UA: 0.9915; spatial_F1: 0.9873
2025-09-14 21:39:46,917 - INFO - temporal_CdAccuracy: 0.7029; temporal_PA: 0.9476; temporal_UA: 0.9104; temporal_F1: 0.9286
2025-09-14 21:39:46,917 - INFO - Confusion Matrix
 [66656.	 1372.	    3.	    8.	   37.]
 [  844.	50378.	   68.	   21.	   67.]
 [    8.	  166.	 2375.	    0.	    0.]
 [   10.	   20.	    3.	 1283.	    0.]
 [   32.	  101.	    0.	    1.	10647.]
2025-09-14 21:39:46,918 - INFO - model saved 23 times, last saved epoch: 38.

2025-09-14 21:39:48,868 - INFO - Epoch 41, Train loss: 0.0077787707559764385
2025-09-14 21:39:49,988 - INFO - mIoU: 0.9503; OA: 0.98; AA: 0.9769; F1: 0.9743; Kappa: 0.966;
2025-09-14 21:39:49,988 - INFO - spatial_LccAccuracy: 0.8971; spatial_PA: 0.9806; spatial_UA: 0.9928; spatial_F1: 0.9867
2025-09-14 21:39:49,988 - INFO - temporal_CdAccuracy: 0.7078; temporal_PA: 0.9467; temporal_UA: 0.9176; temporal_F1: 0.9319
2025-09-14 21:39:49,988 - INFO - Confusion Matrix
 [66670.	 1349.	    6.	   20.	   31.]
 [  834.	50332.	   95.	   42.	   75.]
 [    7.	  120.	 2422.	    0.	    0.]
 [    9.	    6.	    7.	 1294.	    0.]
 [   39.	   45.	    0.	    0.	10697.]
2025-09-14 21:39:49,989 - INFO - model saved 23 times, last saved epoch: 38.

2025-09-14 21:39:51,838 - INFO - Epoch 42, Train loss: 0.008000529371201992
2025-09-14 21:39:52,919 - INFO - mIoU: 0.9471; OA: 0.9804; AA: 0.9768; F1: 0.9726; Kappa: 0.9667;
2025-09-14 21:39:52,919 - INFO - spatial_LccAccuracy: 0.9078; spatial_PA: 0.9764; spatial_UA: 0.9876; spatial_F1: 0.982
2025-09-14 21:39:52,919 - INFO - temporal_CdAccuracy: 0.7195; temporal_PA: 0.939; temporal_UA: 0.9224; temporal_F1: 0.9306
2025-09-14 21:39:52,919 - INFO - Confusion Matrix
 [67374.	  670.	    3.	   11.	   18.]
 [ 1426.	49666.	  128.	   65.	   93.]
 [    6.	  114.	 2429.	    0.	    0.]
 [   15.	    4.	    6.	 1291.	    0.]
 [   35.	   31.	    0.	    0.	10715.]
2025-09-14 21:39:52,920 - INFO - model saved 23 times, last saved epoch: 38.

2025-09-14 21:39:54,774 - INFO - Epoch 43, Train loss: 0.008327926509082317
2025-09-14 21:39:55,836 - INFO - mIoU: 0.9469; OA: 0.9784; AA: 0.976; F1: 0.9726; Kappa: 0.9634;
2025-09-14 21:39:55,836 - INFO - spatial_LccAccuracy: 0.8922; spatial_PA: 0.9754; spatial_UA: 0.9913; spatial_F1: 0.9833
2025-09-14 21:39:55,836 - INFO - temporal_CdAccuracy: 0.6998; temporal_PA: 0.9394; temporal_UA: 0.9079; temporal_F1: 0.9234
2025-09-14 21:39:55,837 - INFO - Confusion Matrix
 [66241.	 1761.	    6.	   24.	   44.]
 [  594.	50555.	  104.	   42.	   83.]
 [    2.	  126.	 2421.	    0.	    0.]
 [    6.	   11.	    7.	 1291.	    1.]
 [   16.	   69.	    0.	    0.	10696.]
2025-09-14 21:39:55,837 - INFO - model saved 23 times, last saved epoch: 38.

2025-09-14 21:39:57,636 - INFO - Epoch 44, Train loss: 0.006134340539574623
2025-09-14 21:39:58,701 - INFO - mIoU: 0.9512; OA: 0.9807; AA: 0.9705; F1: 0.9748; Kappa: 0.9672;
2025-09-14 21:39:58,701 - INFO - spatial_LccAccuracy: 0.911; spatial_PA: 0.9743; spatial_UA: 0.987; spatial_F1: 0.9806
2025-09-14 21:39:58,702 - INFO - temporal_CdAccuracy: 0.7181; temporal_PA: 0.942; temporal_UA: 0.9262; temporal_F1: 0.934
2025-09-14 21:39:58,703 - INFO - Confusion Matrix
 [67329.	  740.	    1.	    1.	    5.]
 [ 1360.	49838.	   67.	   33.	   80.]
 [   12.	  161.	 2376.	    0.	    0.]
 [   13.	   21.	    6.	 1276.	    0.]
 [   44.	   44.	    0.	    0.	10693.]
2025-09-14 21:39:58,704 - INFO - model saved 23 times, last saved epoch: 38.

2025-09-14 21:40:00,446 - INFO - Epoch 45, Train loss: 0.006097959354519844
2025-09-14 21:40:01,476 - INFO - mIoU: 0.9517; OA: 0.9812; AA: 0.9699; F1: 0.9751; Kappa: 0.968;
2025-09-14 21:40:01,476 - INFO - spatial_LccAccuracy: 0.911; spatial_PA: 0.9832; spatial_UA: 0.9915; spatial_F1: 0.9873
2025-09-14 21:40:01,476 - INFO - temporal_CdAccuracy: 0.7235; temporal_PA: 0.9437; temporal_UA: 0.9293; temporal_F1: 0.9365
2025-09-14 21:40:01,477 - INFO - Confusion Matrix
 [67046.	 1026.	    1.	    2.	    1.]
 [  997.	50215.	   90.	   15.	   61.]
 [    7.	  145.	 2397.	    0.	    0.]
 [   13.	   36.	    5.	 1262.	    0.]
 [   47.	   81.	    0.	    0.	10653.]
2025-09-14 21:40:01,477 - INFO - model saved 23 times, last saved epoch: 38.

2025-09-14 21:40:03,258 - INFO - Epoch 46, Train loss: 0.005091217812150717
2025-09-14 21:40:04,551 - INFO - mIoU: 0.9511; OA: 0.9808; AA: 0.9682; F1: 0.9748; Kappa: 0.9673;
2025-09-14 21:40:04,551 - INFO - spatial_LccAccuracy: 0.9105; spatial_PA: 0.9819; spatial_UA: 0.9901; spatial_F1: 0.986
2025-09-14 21:40:04,551 - INFO - temporal_CdAccuracy: 0.7204; temporal_PA: 0.9467; temporal_UA: 0.9255; temporal_F1: 0.936
2025-09-14 21:40:04,552 - INFO - Confusion Matrix
 [67192.	  872.	    2.	    9.	    1.]
 [ 1165.	50058.	   66.	   10.	   79.]
 [    4.	  156.	 2389.	    0.	    0.]
 [   21.	   32.	    3.	 1260.	    0.]
 [   68.	   93.	    0.	    0.	10620.]
2025-09-14 21:40:04,553 - INFO - model saved 23 times, last saved epoch: 38.

2025-09-14 21:40:06,506 - INFO - Epoch 47, Train loss: 0.005557152442634106
2025-09-14 21:40:07,603 - INFO - mIoU: 0.9516; OA: 0.9804; AA: 0.976; F1: 0.975; Kappa: 0.9668;
2025-09-14 21:40:07,603 - INFO - spatial_LccAccuracy: 0.9092; spatial_PA: 0.9826; spatial_UA: 0.9894; spatial_F1: 0.986
2025-09-14 21:40:07,603 - INFO - temporal_CdAccuracy: 0.7163; temporal_PA: 0.9479; temporal_UA: 0.92; temporal_F1: 0.9337
2025-09-14 21:40:07,604 - INFO - Confusion Matrix
 [67199.	  853.	    2.	    7.	   15.]
 [ 1278.	49854.	  111.	   38.	   97.]
 [   12.	  120.	 2417.	    0.	    0.]
 [   15.	    6.	    5.	 1290.	    0.]
 [   34.	   29.	    0.	    0.	10718.]
2025-09-14 21:40:07,604 - INFO - model saved 23 times, last saved epoch: 38.

2025-09-14 21:40:09,481 - INFO - Epoch 48, Train loss: 0.005682088900357485
2025-09-14 21:40:10,504 - INFO - mIoU: 0.9506; OA: 0.9782; AA: 0.9693; F1: 0.9745; Kappa: 0.963;
2025-09-14 21:40:10,504 - INFO - spatial_LccAccuracy: 0.8984; spatial_PA: 0.9783; spatial_UA: 0.9911; spatial_F1: 0.9846
2025-09-14 21:40:10,504 - INFO - temporal_CdAccuracy: 0.7128; temporal_PA: 0.9361; temporal_UA: 0.9078; temporal_F1: 0.9217
2025-09-14 21:40:10,504 - INFO - Confusion Matrix
 [67329.	  743.	    1.	    3.	    0.]
 [ 1692.	49530.	   70.	   22.	   64.]
 [   11.	  160.	 2378.	    0.	    0.]
 [   16.	   19.	    3.	 1278.	    0.]
 [   45.	   68.	    0.	    0.	10668.]
2025-09-14 21:40:10,505 - INFO - model saved 23 times, last saved epoch: 38.

2025-09-14 21:40:12,295 - INFO - Epoch 49, Train loss: 0.004692689049988985
2025-09-14 21:40:13,246 - INFO - mIoU: 0.9504; OA: 0.9794; AA: 0.9694; F1: 0.9744; Kappa: 0.965;
2025-09-14 21:40:13,246 - INFO - spatial_LccAccuracy: 0.8859; spatial_PA: 0.9823; spatial_UA: 0.9883; spatial_F1: 0.9853
2025-09-14 21:40:13,246 - INFO - temporal_CdAccuracy: 0.6944; temporal_PA: 0.9506; temporal_UA: 0.9131; temporal_F1: 0.9315
2025-09-14 21:40:13,246 - INFO - Confusion Matrix
 [67058.	  995.	    5.	    1.	   17.]
 [ 1266.	49907.	   85.	   11.	  109.]
 [    7.	  133.	 2409.	    0.	    0.]
 [   28.	   30.	    5.	 1253.	    0.]
 [   39.	   30.	    0.	    0.	10712.]
2025-09-14 21:40:13,247 - INFO - model saved 23 times, last saved epoch: 38.

2025-09-14 21:40:15,412 - INFO - Epoch 50, Train loss: 0.004992527887225151
2025-09-14 21:40:16,487 - INFO - mIoU: 0.9508; OA: 0.9814; AA: 0.974; F1: 0.9746; Kappa: 0.9684;
2025-09-14 21:40:16,488 - INFO - spatial_LccAccuracy: 0.9087; spatial_PA: 0.9741; spatial_UA: 0.99; spatial_F1: 0.982
2025-09-14 21:40:16,488 - INFO - temporal_CdAccuracy: 0.7195; temporal_PA: 0.9477; temporal_UA: 0.9283; temporal_F1: 0.9379
2025-09-14 21:40:16,488 - INFO - Confusion Matrix
 [67088.	  917.	    1.	   11.	   59.]
 [ 1032.	50125.	   87.	   34.	  100.]
 [    7.	  141.	 2401.	    0.	    0.]
 [    9.	   22.	    4.	 1281.	    0.]
 [   35.	   37.	    0.	    0.	10709.]
2025-09-14 21:40:16,490 - INFO - model saved 23 times, last saved epoch: 38.

2025-09-14 21:40:18,513 - INFO - Epoch 51, Train loss: 0.004196048714220524
2025-09-14 21:40:19,623 - INFO - mIoU: 0.9511; OA: 0.9799; AA: 0.9733; F1: 0.9748; Kappa: 0.9659;
2025-09-14 21:40:19,623 - INFO - spatial_LccAccuracy: 0.902; spatial_PA: 0.9799; spatial_UA: 0.9936; spatial_F1: 0.9867
2025-09-14 21:40:19,623 - INFO - temporal_CdAccuracy: 0.7132; temporal_PA: 0.9443; temporal_UA: 0.9168; temporal_F1: 0.9304
2025-09-14 21:40:19,624 - INFO - Confusion Matrix
 [66616.	 1405.	    5.	   15.	   35.]
 [  780.	50441.	   80.	   24.	   53.]
 [    4.	  142.	 2403.	    0.	    0.]
 [    7.	   22.	    5.	 1282.	    0.]
 [   30.	   84.	    0.	    1.	10666.]
2025-09-14 21:40:19,624 - INFO - model saved 23 times, last saved epoch: 38.

2025-09-14 21:40:21,379 - INFO - Epoch 52, Train loss: 0.004295167047530413
2025-09-14 21:40:22,420 - INFO - mIoU: 0.9466; OA: 0.9806; AA: 0.9604; F1: 0.9723; Kappa: 0.9669;
2025-09-14 21:40:22,421 - INFO - spatial_LccAccuracy: 0.8993; spatial_PA: 0.9787; spatial_UA: 0.9893; spatial_F1: 0.984
2025-09-14 21:40:22,421 - INFO - temporal_CdAccuracy: 0.7145; temporal_PA: 0.9496; temporal_UA: 0.9226; temporal_F1: 0.9359
2025-09-14 21:40:22,421 - INFO - Confusion Matrix
 [67104.	  951.	    0.	    8.	   13.]
 [ 1111.	50144.	   37.	    0.	   86.]
 [   17.	  212.	 2320.	    0.	    0.]
 [   22.	   56.	    3.	 1235.	    0.]
 [   42.	   48.	    0.	    0.	10691.]
2025-09-14 21:40:22,422 - INFO - model saved 23 times, last saved epoch: 38.

2025-09-14 21:40:24,413 - INFO - Epoch 53, Train loss: 0.004854584578424692
2025-09-14 21:40:25,486 - INFO - mIoU: 0.942; OA: 0.9749; AA: 0.9603; F1: 0.9699; Kappa: 0.9575;
2025-09-14 21:40:25,487 - INFO - spatial_LccAccuracy: 0.8689; spatial_PA: 0.9767; spatial_UA: 0.9887; spatial_F1: 0.9826
2025-09-14 21:40:25,487 - INFO - temporal_CdAccuracy: 0.6949; temporal_PA: 0.9314; temporal_UA: 0.8955; temporal_F1: 0.9131
2025-09-14 21:40:25,488 - INFO - Confusion Matrix
 [65629.	 2400.	   13.	   10.	   24.]
 [  388.	50898.	   38.	    2.	   52.]
 [    3.	  200.	 2346.	    0.	    0.]
 [   13.	   62.	    3.	 1238.	    0.]
 [   33.	  122.	    0.	    0.	10626.]
2025-09-14 21:40:25,489 - INFO - model saved 23 times, last saved epoch: 38.

2025-09-14 21:40:27,323 - INFO - Epoch 54, Train loss: 0.004454826004803181
2025-09-14 21:40:28,340 - INFO - mIoU: 0.9492; OA: 0.981; AA: 0.9636; F1: 0.9737; Kappa: 0.9678;
2025-09-14 21:40:28,341 - INFO - spatial_LccAccuracy: 0.9011; spatial_PA: 0.9751; spatial_UA: 0.9903; spatial_F1: 0.9826
2025-09-14 21:40:28,341 - INFO - temporal_CdAccuracy: 0.7208; temporal_PA: 0.9489; temporal_UA: 0.9251; temporal_F1: 0.9368
2025-09-14 21:40:28,341 - INFO - Confusion Matrix
 [66790.	 1277.	    1.	    4.	    4.]
 [  739.	50543.	   54.	    4.	   38.]
 [    7.	  194.	 2348.	    0.	    0.]
 [   13.	   54.	    4.	 1245.	    0.]
 [   47.	  102.	    0.	    0.	10632.]
2025-09-14 21:40:28,341 - INFO - model saved 23 times, last saved epoch: 38.

2025-09-14 21:40:30,172 - INFO - Epoch 55, Train loss: 0.0034872484393417835
2025-09-14 21:40:31,164 - INFO - mIoU: 0.9486; OA: 0.9805; AA: 0.9768; F1: 0.9735; Kappa: 0.967;
2025-09-14 21:40:31,165 - INFO - spatial_LccAccuracy: 0.9025; spatial_PA: 0.9744; spatial_UA: 0.9911; spatial_F1: 0.9826
2025-09-14 21:40:31,165 - INFO - temporal_CdAccuracy: 0.7132; temporal_PA: 0.9503; temporal_UA: 0.9228; temporal_F1: 0.9364
2025-09-14 21:40:31,165 - INFO - Confusion Matrix
 [66948.	 1016.	    1.	   21.	   90.]
 [  954.	50077.	  100.	   35.	  212.]
 [    5.	  117.	 2427.	    0.	    0.]
 [   11.	   13.	    6.	 1285.	    1.]
 [   22.	    7.	    0.	    0.	10752.]
2025-09-14 21:40:31,166 - INFO - model saved 23 times, last saved epoch: 38.

2025-09-14 21:40:33,085 - INFO - Epoch 56, Train loss: 0.003067116718739271
2025-09-14 21:40:34,182 - INFO - mIoU: 0.9477; OA: 0.9804; AA: 0.9663; F1: 0.9729; Kappa: 0.9668;
2025-09-14 21:40:34,183 - INFO - spatial_LccAccuracy: 0.9016; spatial_PA: 0.9797; spatial_UA: 0.9856; spatial_F1: 0.9827
2025-09-14 21:40:34,183 - INFO - temporal_CdAccuracy: 0.7177; temporal_PA: 0.9442; temporal_UA: 0.925; temporal_F1: 0.9345
2025-09-14 21:40:34,184 - INFO - Confusion Matrix
 [66879.	 1169.	    3.	    3.	   22.]
 [  928.	50294.	   52.	   29.	   75.]
 [    9.	  192.	 2348.	    0.	    0.]
 [   26.	   28.	    3.	 1259.	    0.]
 [   45.	   39.	    0.	    0.	10697.]
2025-09-14 21:40:34,185 - INFO - model saved 23 times, last saved epoch: 38.

