2025-11-16 02:19:16,738 - INFO - Epoch 0, Train loss: 1.6496914625167847
2025-11-16 02:19:17,600 - INFO - mIoU: 0.0571; OA: 0.1444; AA: 0.1651; F1: 0.1027; Kappa: -0.0075;
2025-11-16 02:19:17,600 - INFO - spatial_LccAccuracy: 0.0; spatial_PA: 0.5; spatial_UA: 0.6385; spatial_F1: 0.5608
2025-11-16 02:19:17,600 - INFO - temporal_CdAccuracy: 0.0; temporal_PA: 0.6427; temporal_UA: 0.5196; temporal_F1: 0.5746
2025-11-16 02:19:17,601 - INFO - Confusion Matrix
 [ 9472.	18132.	15044.	28259.	 7957.]
 [ 3948.	11613.	10914.	23923.	 9864.]
 [  103.	  879.	  308.	 1425.	  336.]
 [  337.	  368.	  183.	  568.	   59.]
 [  759.	 3549.	 2638.	 3928.	  414.]
2025-11-16 02:19:17,665 - INFO - Epoch 0 saved.
2025-11-16 02:19:17,666 - INFO - model saved 1 times, last saved epoch: 0.

2025-11-16 02:19:20,727 - INFO - Epoch 1, Train loss: 1.5822402238845825
2025-11-16 02:19:21,585 - INFO - mIoU: 0.1316; OA: 0.3895; AA: 0.2289; F1: 0.2022; Kappa: 0.0969;
2025-11-16 02:19:21,585 - INFO - spatial_LccAccuracy: 0.0; spatial_PA: 0.5; spatial_UA: 0.6385; spatial_F1: 0.5608
2025-11-16 02:19:21,585 - INFO - temporal_CdAccuracy: 0.0; temporal_PA: 0.6283; temporal_UA: 0.521; temporal_F1: 0.5696
2025-11-16 02:19:21,586 - INFO - Confusion Matrix
 [35432.	23818.	 6402.	10807.	 2405.]
 [14731.	24308.	 4380.	12740.	 4103.]
 [  299.	 1544.	  151.	  944.	  113.]
 [  566.	  437.	  121.	  351.	   40.]
 [ 3965.	 4495.	 1110.	 1597.	  121.]
2025-11-16 02:19:21,652 - INFO - Epoch 1 saved.
2025-11-16 02:19:21,653 - INFO - model saved 2 times, last saved epoch: 1.

2025-11-16 02:19:24,819 - INFO - Epoch 2, Train loss: 1.2896032333374023
2025-11-16 02:19:25,669 - INFO - mIoU: 0.1634; OA: 0.5725; AA: 0.2465; F1: 0.2317; Kappa: 0.179;
2025-11-16 02:19:25,670 - INFO - spatial_LccAccuracy: 0.0035; spatial_PA: 0.4993; spatial_UA: 0.493; spatial_F1: 0.4962
2025-11-16 02:19:25,670 - INFO - temporal_CdAccuracy: 0.0035; temporal_PA: 0.5309; temporal_UA: 0.5092; temporal_F1: 0.5198
2025-11-16 02:19:25,670 - INFO - Confusion Matrix
 [70069.	 7358.	 1228.	  193.	   16.]
 [40924.	18580.	  462.	  286.	   10.]
 [ 1505.	 1483.	   37.	   23.	    3.]
 [ 1442.	   36.	    2.	   34.	    1.]
 [10708.	  364.	   66.	  139.	   11.]
2025-11-16 02:19:25,732 - INFO - Epoch 2 saved.
2025-11-16 02:19:25,733 - INFO - model saved 3 times, last saved epoch: 2.

2025-11-16 02:19:28,974 - INFO - Epoch 3, Train loss: 0.8722499012947083
2025-11-16 02:19:29,844 - INFO - mIoU: 0.2411; OA: 0.7146; AA: 0.3146; F1: 0.3791; Kappa: 0.4639;
2025-11-16 02:19:29,844 - INFO - spatial_LccAccuracy: 0.0658; spatial_PA: 0.5029; spatial_UA: 0.5034; spatial_F1: 0.5032
2025-11-16 02:19:29,844 - INFO - temporal_CdAccuracy: 0.0461; temporal_PA: 0.5779; temporal_UA: 0.5361; temporal_F1: 0.5562
2025-11-16 02:19:29,845 - INFO - Confusion Matrix
 [70736.	 8017.	  111.	    0.	    0.]
 [20071.	39960.	  229.	    2.	    0.]
 [  569.	 2447.	   35.	    0.	    0.]
 [ 1455.	   60.	    0.	    0.	    0.]
 [10508.	  635.	   72.	   59.	   14.]
2025-11-16 02:19:29,913 - INFO - Epoch 3 saved.
2025-11-16 02:19:29,914 - INFO - model saved 4 times, last saved epoch: 3.

2025-11-16 02:19:32,923 - INFO - Epoch 4, Train loss: 0.6510823965072632
2025-11-16 02:19:33,737 - INFO - mIoU: 0.3669; OA: 0.8289; AA: 0.4236; F1: 0.5539; Kappa: 0.6895;
2025-11-16 02:19:33,738 - INFO - spatial_LccAccuracy: 0.2857; spatial_PA: 0.6472; spatial_UA: 0.6508; spatial_F1: 0.649
2025-11-16 02:19:33,738 - INFO - temporal_CdAccuracy: 0.1928; temporal_PA: 0.6058; temporal_UA: 0.5598; temporal_F1: 0.5819
2025-11-16 02:19:33,739 - INFO - Confusion Matrix
 [73108.	 5756.	    0.	    0.	    0.]
 [ 8679.	51579.	    4.	    0.	    0.]
 [  207.	 2843.	    1.	    0.	    0.]
 [ 1234.	  281.	    0.	    0.	    0.]
 [ 5043.	 2324.	   66.	   75.	 3780.]
2025-11-16 02:19:33,806 - INFO - Epoch 4 saved.
2025-11-16 02:19:33,806 - INFO - model saved 5 times, last saved epoch: 4.

2025-11-16 02:19:36,783 - INFO - Epoch 5, Train loss: 0.46308112144470215
2025-11-16 02:19:37,648 - INFO - mIoU: 0.4861; OA: 0.8885; AA: 0.5278; F1: 0.8947; Kappa: 0.8031;
2025-11-16 02:19:37,649 - INFO - spatial_LccAccuracy: 0.4262; spatial_PA: 0.7135; spatial_UA: 0.7395; spatial_F1: 0.7262
2025-11-16 02:19:37,649 - INFO - temporal_CdAccuracy: 0.2737; temporal_PA: 0.6233; temporal_UA: 0.614; temporal_F1: 0.6187
2025-11-16 02:19:37,650 - INFO - Confusion Matrix
 [74094.	 4752.	    0.	    0.	   18.]
 [ 5593.	54668.	    0.	    0.	    1.]
 [   97.	 2954.	    0.	    0.	    0.]
 [  673.	  842.	    0.	    0.	    0.]
 [ 1296.	 1003.	   47.	    0.	 8942.]
2025-11-16 02:19:37,723 - INFO - Epoch 5 saved.
2025-11-16 02:19:37,723 - INFO - model saved 6 times, last saved epoch: 5.

2025-11-16 02:19:40,921 - INFO - Epoch 6, Train loss: 0.34548619389533997
2025-11-16 02:19:41,748 - INFO - mIoU: 0.5063; OA: 0.9022; AA: 0.5442; F1: 0.6878; Kappa: 0.8277;
2025-11-16 02:19:41,748 - INFO - spatial_LccAccuracy: 0.4561; spatial_PA: 0.7448; spatial_UA: 0.759; spatial_F1: 0.7519
2025-11-16 02:19:41,748 - INFO - temporal_CdAccuracy: 0.3434; temporal_PA: 0.6548; temporal_UA: 0.6633; temporal_F1: 0.659
2025-11-16 02:19:41,749 - INFO - Confusion Matrix
 [75208.	 3599.	    0.	    0.	   57.]
 [ 5251.	55006.	    0.	    0.	    5.]
 [   90.	 2947.	   14.	    0.	    0.]
 [  583.	  932.	    0.	    0.	    0.]
 [  792.	  773.	  130.	    0.	 9593.]
2025-11-16 02:19:41,826 - INFO - Epoch 6 saved.
2025-11-16 02:19:41,827 - INFO - model saved 7 times, last saved epoch: 6.

2025-11-16 02:19:44,901 - INFO - Epoch 7, Train loss: 0.2775682806968689
2025-11-16 02:19:45,659 - INFO - mIoU: 0.5308; OA: 0.9115; AA: 0.566; F1: 0.5821; Kappa: 0.8443;
2025-11-16 02:19:45,660 - INFO - spatial_LccAccuracy: 0.4874; spatial_PA: 0.8072; spatial_UA: 0.8013; spatial_F1: 0.8042
2025-11-16 02:19:45,660 - INFO - temporal_CdAccuracy: 0.4034; temporal_PA: 0.6848; temporal_UA: 0.7067; temporal_F1: 0.6956
2025-11-16 02:19:45,661 - INFO - Confusion Matrix
 [75966.	 2840.	    0.	    0.	   58.]
 [ 5075.	55185.	    0.	    0.	    2.]
 [   97.	 2732.	  222.	    0.	    0.]
 [  518.	  994.	    0.	    3.	    0.]
 [  664.	  657.	   75.	    0.	 9892.]
2025-11-16 02:19:45,731 - INFO - Epoch 7 saved.
2025-11-16 02:19:45,731 - INFO - model saved 8 times, last saved epoch: 7.

2025-11-16 02:19:48,974 - INFO - Epoch 8, Train loss: 0.22630897164344788
2025-11-16 02:19:49,804 - INFO - mIoU: 0.6128; OA: 0.9239; AA: 0.6446; F1: 0.6937; Kappa: 0.8668;
2025-11-16 02:19:49,805 - INFO - spatial_LccAccuracy: 0.5513; spatial_PA: 0.8873; spatial_UA: 0.8511; spatial_F1: 0.8688
2025-11-16 02:19:49,805 - INFO - temporal_CdAccuracy: 0.4344; temporal_PA: 0.6987; temporal_UA: 0.7173; temporal_F1: 0.7079
2025-11-16 02:19:49,806 - INFO - Confusion Matrix
 [76564.	 2198.	    3.	    1.	   98.]
 [ 4989.	55238.	   17.	    0.	   18.]
 [   98.	 1854.	 1091.	    0.	    8.]
 [  539.	  861.	    0.	  115.	    0.]
 [  507.	  592.	    3.	    2.	10184.]
2025-11-16 02:19:49,871 - INFO - Epoch 8 saved.
2025-11-16 02:19:49,871 - INFO - model saved 9 times, last saved epoch: 8.

2025-11-16 02:19:52,743 - INFO - Epoch 9, Train loss: 0.1850491166114807
2025-11-16 02:19:53,536 - INFO - mIoU: 0.726; OA: 0.9371; AA: 0.755; F1: 0.8191; Kappa: 0.8907;
2025-11-16 02:19:53,536 - INFO - spatial_LccAccuracy: 0.5939; spatial_PA: 0.8854; spatial_UA: 0.8629; spatial_F1: 0.874
2025-11-16 02:19:53,536 - INFO - temporal_CdAccuracy: 0.4766; temporal_PA: 0.763; temporal_UA: 0.766; temporal_F1: 0.7645
2025-11-16 02:19:53,537 - INFO - Confusion Matrix
 [76627.	 2128.	    6.	    2.	  101.]
 [ 4266.	55923.	   46.	    4.	   23.]
 [   47.	 1089.	 1915.	    0.	    0.]
 [  455.	  547.	    0.	  513.	    0.]
 [  427.	  599.	    1.	    1.	10260.]
2025-11-16 02:19:53,605 - INFO - Epoch 9 saved.
2025-11-16 02:19:53,605 - INFO - model saved 10 times, last saved epoch: 9.

2025-11-16 02:19:56,572 - INFO - Epoch 10, Train loss: 0.15692511200904846
2025-11-16 02:19:57,385 - INFO - mIoU: 0.7682; OA: 0.9425; AA: 0.7975; F1: 0.8558; Kappa: 0.9002;
2025-11-16 02:19:57,385 - INFO - spatial_LccAccuracy: 0.6225; spatial_PA: 0.8815; spatial_UA: 0.8657; spatial_F1: 0.8735
2025-11-16 02:19:57,386 - INFO - temporal_CdAccuracy: 0.4979; temporal_PA: 0.7904; temporal_UA: 0.7898; temporal_F1: 0.7901
2025-11-16 02:19:57,387 - INFO - Confusion Matrix
 [77086.	 1641.	    3.	    1.	  133.]
 [ 4398.	55714.	   86.	    0.	   64.]
 [   23.	  845.	 2183.	    0.	    0.]
 [  437.	  400.	    0.	  678.	    0.]
 [  355.	  521.	    0.	    0.	10412.]
2025-11-16 02:19:57,451 - INFO - Epoch 10 saved.
2025-11-16 02:19:57,452 - INFO - model saved 11 times, last saved epoch: 10.

2025-11-16 02:20:00,585 - INFO - Epoch 11, Train loss: 0.13276579976081848
2025-11-16 02:20:01,416 - INFO - mIoU: 0.8142; OA: 0.9493; AA: 0.842; F1: 0.8913; Kappa: 0.9125;
2025-11-16 02:20:01,417 - INFO - spatial_LccAccuracy: 0.6721; spatial_PA: 0.8921; spatial_UA: 0.8766; spatial_F1: 0.8843
2025-11-16 02:20:01,417 - INFO - temporal_CdAccuracy: 0.5594; temporal_PA: 0.8106; temporal_UA: 0.826; temporal_F1: 0.8183
2025-11-16 02:20:01,418 - INFO - Confusion Matrix
 [76383.	 2337.	    5.	    5.	  134.]
 [ 3217.	56891.	   75.	    0.	   79.]
 [    8.	  686.	 2357.	    0.	    0.]
 [  346.	  283.	    0.	  886.	    0.]
 [  160.	  516.	    0.	    0.	10612.]
2025-11-16 02:20:01,483 - INFO - Epoch 11 saved.
2025-11-16 02:20:01,483 - INFO - model saved 12 times, last saved epoch: 11.

2025-11-16 02:20:04,618 - INFO - Epoch 12, Train loss: 0.1197214126586914
2025-11-16 02:20:05,443 - INFO - mIoU: 0.8248; OA: 0.9496; AA: 0.8514; F1: 0.8988; Kappa: 0.9127;
2025-11-16 02:20:05,443 - INFO - spatial_LccAccuracy: 0.6949; spatial_PA: 0.8875; spatial_UA: 0.8701; spatial_F1: 0.8787
2025-11-16 02:20:05,444 - INFO - temporal_CdAccuracy: 0.5517; temporal_PA: 0.8129; temporal_UA: 0.8177; temporal_F1: 0.8153
2025-11-16 02:20:05,444 - INFO - Confusion Matrix
 [77655.	 1092.	    3.	    2.	  112.]
 [ 4564.	55563.	   85.	    1.	   49.]
 [   16.	  567.	 2468.	    0.	    0.]
 [  392.	  206.	    0.	  917.	    0.]
 [  253.	  471.	    0.	    0.	10564.]
2025-11-16 02:20:05,509 - INFO - Epoch 12 saved.
2025-11-16 02:20:05,509 - INFO - model saved 13 times, last saved epoch: 12.

2025-11-16 02:20:08,567 - INFO - Epoch 13, Train loss: 0.10535388439893723
2025-11-16 02:20:09,419 - INFO - mIoU: 0.849; OA: 0.9564; AA: 0.8755; F1: 0.9153; Kappa: 0.9249;
2025-11-16 02:20:09,419 - INFO - spatial_LccAccuracy: 0.7062; spatial_PA: 0.9199; spatial_UA: 0.9138; spatial_F1: 0.9169
2025-11-16 02:20:09,419 - INFO - temporal_CdAccuracy: 0.5815; temporal_PA: 0.8421; temporal_UA: 0.8352; temporal_F1: 0.8386
2025-11-16 02:20:09,420 - INFO - Confusion Matrix
 [76451.	 2300.	    3.	    5.	  105.]
 [ 2497.	57621.	   87.	   15.	   42.]
 [    9.	  553.	 2489.	    0.	    0.]
 [  270.	  191.	    0.	 1054.	    0.]
 [  196.	  478.	    0.	    0.	10614.]
2025-11-16 02:20:09,486 - INFO - Epoch 13 saved.
2025-11-16 02:20:09,487 - INFO - model saved 14 times, last saved epoch: 13.

2025-11-16 02:20:12,524 - INFO - Epoch 14, Train loss: 0.09488485753536224
2025-11-16 02:20:13,300 - INFO - mIoU: 0.858; OA: 0.9589; AA: 0.8843; F1: 0.9209; Kappa: 0.9291;
2025-11-16 02:20:13,301 - INFO - spatial_LccAccuracy: 0.729; spatial_PA: 0.9202; spatial_UA: 0.9239; spatial_F1: 0.922
2025-11-16 02:20:13,301 - INFO - temporal_CdAccuracy: 0.5947; temporal_PA: 0.8549; temporal_UA: 0.8435; temporal_F1: 0.8492
2025-11-16 02:20:13,302 - INFO - Confusion Matrix
 [77070.	 1685.	    2.	    2.	  105.]
 [ 2864.	57230.	  119.	   12.	   37.]
 [   14.	  486.	 2551.	    0.	    0.]
 [  259.	  176.	    0.	 1080.	    0.]
 [  173.	  442.	    0.	    0.	10673.]
2025-11-16 02:20:13,385 - INFO - Epoch 14 saved.
2025-11-16 02:20:13,385 - INFO - model saved 15 times, last saved epoch: 14.

2025-11-16 02:20:16,325 - INFO - Epoch 15, Train loss: 0.08788689970970154
2025-11-16 02:20:17,210 - INFO - mIoU: 0.8722; OA: 0.961; AA: 0.9036; F1: 0.93; Kappa: 0.933;
2025-11-16 02:20:17,210 - INFO - spatial_LccAccuracy: 0.7422; spatial_PA: 0.9362; spatial_UA: 0.9654; spatial_F1: 0.9506
2025-11-16 02:20:17,210 - INFO - temporal_CdAccuracy: 0.6109; temporal_PA: 0.874; temporal_UA: 0.8432; temporal_F1: 0.8583
2025-11-16 02:20:17,211 - INFO - Confusion Matrix
 [76724.	 2017.	    2.	   10.	  111.]
 [ 2360.	57684.	   96.	   70.	   52.]
 [   11.	  506.	 2534.	    0.	    0.]
 [  163.	  137.	    0.	 1215.	    0.]
 [  113.	  389.	    0.	    0.	10786.]
2025-11-16 02:20:17,281 - INFO - Epoch 15 saved.
2025-11-16 02:20:17,282 - INFO - model saved 16 times, last saved epoch: 15.

2025-11-16 02:20:20,044 - INFO - Epoch 16, Train loss: 0.08035236597061157
2025-11-16 02:20:20,858 - INFO - mIoU: 0.8634; OA: 0.9602; AA: 0.8888; F1: 0.9246; Kappa: 0.9316;
2025-11-16 02:20:20,858 - INFO - spatial_LccAccuracy: 0.7313; spatial_PA: 0.9345; spatial_UA: 0.948; spatial_F1: 0.9412
2025-11-16 02:20:20,858 - INFO - temporal_CdAccuracy: 0.6016; temporal_PA: 0.8669; temporal_UA: 0.8512; temporal_F1: 0.859
2025-11-16 02:20:20,859 - INFO - Confusion Matrix
 [76419.	 2385.	    3.	    4.	   53.]
 [ 1944.	58183.	   99.	   20.	   16.]
 [    5.	  510.	 2536.	    0.	    0.]
 [  171.	  218.	    0.	 1126.	    0.]
 [  226.	  508.	    0.	    0.	10554.]
2025-11-16 02:20:20,860 - INFO - model saved 16 times, last saved epoch: 15.

2025-11-16 02:20:23,852 - INFO - Epoch 17, Train loss: 0.07452376931905746
2025-11-16 02:20:24,647 - INFO - mIoU: 0.876; OA: 0.9589; AA: 0.9094; F1: 0.9324; Kappa: 0.929;
2025-11-16 02:20:24,647 - INFO - spatial_LccAccuracy: 0.7503; spatial_PA: 0.9309; spatial_UA: 0.9437; spatial_F1: 0.9373
2025-11-16 02:20:24,647 - INFO - temporal_CdAccuracy: 0.6039; temporal_PA: 0.8713; temporal_UA: 0.8397; temporal_F1: 0.8552
2025-11-16 02:20:24,648 - INFO - Confusion Matrix
 [77928.	  867.	    1.	    3.	   65.]
 [ 3998.	55946.	  223.	   38.	   57.]
 [   13.	  409.	 2629.	    0.	    0.]
 [  179.	  117.	    0.	 1219.	    0.]
 [  135.	  272.	    0.	    0.	10881.]
2025-11-16 02:20:24,722 - INFO - Epoch 17 saved.
2025-11-16 02:20:24,723 - INFO - model saved 17 times, last saved epoch: 17.

2025-11-16 02:20:27,686 - INFO - Epoch 18, Train loss: 0.06728529185056686
2025-11-16 02:20:28,488 - INFO - mIoU: 0.8864; OA: 0.9643; AA: 0.916; F1: 0.9386; Kappa: 0.9386;
2025-11-16 02:20:28,489 - INFO - spatial_LccAccuracy: 0.7913; spatial_PA: 0.9412; spatial_UA: 0.9661; spatial_F1: 0.9535
2025-11-16 02:20:28,489 - INFO - temporal_CdAccuracy: 0.6454; temporal_PA: 0.8858; temporal_UA: 0.8726; temporal_F1: 0.8792
2025-11-16 02:20:28,490 - INFO - Confusion Matrix
 [77385.	 1390.	    2.	    4.	   83.]
 [ 2631.	57411.	  137.	   55.	   28.]
 [    7.	  458.	 2586.	    0.	    0.]
 [  109.	  130.	    0.	 1276.	    0.]
 [   83.	  409.	    0.	    0.	10796.]
2025-11-16 02:20:28,555 - INFO - Epoch 18 saved.
2025-11-16 02:20:28,556 - INFO - model saved 18 times, last saved epoch: 18.

2025-11-16 02:20:31,582 - INFO - Epoch 19, Train loss: 0.06629996746778488
2025-11-16 02:20:32,406 - INFO - mIoU: 0.8892; OA: 0.9622; AA: 0.9204; F1: 0.9403; Kappa: 0.9348;
2025-11-16 02:20:32,406 - INFO - spatial_LccAccuracy: 0.7898; spatial_PA: 0.9262; spatial_UA: 0.9731; spatial_F1: 0.9491
2025-11-16 02:20:32,406 - INFO - temporal_CdAccuracy: 0.645; temporal_PA: 0.8878; temporal_UA: 0.8675; temporal_F1: 0.8775
2025-11-16 02:20:32,406 - INFO - Confusion Matrix
 [77852.	  941.	    1.	    8.	   62.]
 [ 3512.	56535.	  108.	   78.	   29.]
 [   13.	  468.	 2570.	    0.	    0.]
 [   87.	  103.	    0.	 1325.	    0.]
 [  113.	  339.	    0.	    0.	10836.]
2025-11-16 02:20:32,471 - INFO - Epoch 19 saved.
2025-11-16 02:20:32,472 - INFO - model saved 19 times, last saved epoch: 19.

2025-11-16 02:20:35,566 - INFO - Epoch 20, Train loss: 0.058225419372320175
2025-11-16 02:20:36,389 - INFO - mIoU: 0.9025; OA: 0.9677; AA: 0.9382; F1: 0.9478; Kappa: 0.9446;
2025-11-16 02:20:36,390 - INFO - spatial_LccAccuracy: 0.8037; spatial_PA: 0.9489; spatial_UA: 0.9831; spatial_F1: 0.9657
2025-11-16 02:20:36,390 - INFO - temporal_CdAccuracy: 0.664; temporal_PA: 0.8996; temporal_UA: 0.8808; temporal_F1: 0.8901
2025-11-16 02:20:36,391 - INFO - Confusion Matrix
 [77183.	 1573.	    1.	   16.	   91.]
 [ 2178.	57782.	  134.	   99.	   69.]
 [    5.	  446.	 2600.	    0.	    0.]
 [   56.	   54.	    0.	 1402.	    3.]
 [   27.	  248.	    0.	    0.	11013.]
2025-11-16 02:20:36,456 - INFO - Epoch 20 saved.
2025-11-16 02:20:36,457 - INFO - model saved 20 times, last saved epoch: 20.

2025-11-16 02:20:39,410 - INFO - Epoch 21, Train loss: 0.053946733474731445
2025-11-16 02:20:40,198 - INFO - mIoU: 0.9044; OA: 0.9663; AA: 0.9392; F1: 0.949; Kappa: 0.9421;
2025-11-16 02:20:40,198 - INFO - spatial_LccAccuracy: 0.796; spatial_PA: 0.9346; spatial_UA: 0.981; spatial_F1: 0.9573
2025-11-16 02:20:40,198 - INFO - temporal_CdAccuracy: 0.652; temporal_PA: 0.8945; temporal_UA: 0.8754; temporal_F1: 0.8849
2025-11-16 02:20:40,199 - INFO - Confusion Matrix
 [76776.	 1870.	    4.	   24.	  190.]
 [ 2063.	57935.	  113.	   69.	   82.]
 [    4.	  452.	 2595.	    0.	    0.]
 [   42.	   58.	    0.	 1414.	    1.]
 [    5.	  253.	    0.	    0.	11030.]
2025-11-16 02:20:40,264 - INFO - Epoch 21 saved.
2025-11-16 02:20:40,265 - INFO - model saved 21 times, last saved epoch: 21.

2025-11-16 02:20:43,324 - INFO - Epoch 22, Train loss: 0.053277648985385895
2025-11-16 02:20:44,180 - INFO - mIoU: 0.904; OA: 0.9653; AA: 0.9295; F1: 0.9488; Kappa: 0.9402;
2025-11-16 02:20:44,180 - INFO - spatial_LccAccuracy: 0.7967; spatial_PA: 0.9422; spatial_UA: 0.9584; spatial_F1: 0.9502
2025-11-16 02:20:44,180 - INFO - temporal_CdAccuracy: 0.6597; temporal_PA: 0.8906; temporal_UA: 0.8818; temporal_F1: 0.8862
2025-11-16 02:20:44,181 - INFO - Confusion Matrix
 [77898.	  895.	    1.	    4.	   66.]
 [ 3267.	56798.	  138.	   21.	   38.]
 [   13.	  411.	 2627.	    0.	    0.]
 [  104.	   66.	    0.	 1345.	    0.]
 [   57.	  300.	    0.	    0.	10931.]
2025-11-16 02:20:44,182 - INFO - model saved 21 times, last saved epoch: 21.

2025-11-16 02:20:47,303 - INFO - Epoch 23, Train loss: 0.04860115051269531
2025-11-16 02:20:48,159 - INFO - mIoU: 0.9127; OA: 0.9679; AA: 0.9388; F1: 0.9536; Kappa: 0.9449;
2025-11-16 02:20:48,159 - INFO - spatial_LccAccuracy: 0.8227; spatial_PA: 0.9431; spatial_UA: 0.9824; spatial_F1: 0.9623
2025-11-16 02:20:48,159 - INFO - temporal_CdAccuracy: 0.6702; temporal_PA: 0.9067; temporal_UA: 0.8825; temporal_F1: 0.8945
2025-11-16 02:20:48,160 - INFO - Confusion Matrix
 [77693.	 1071.	    2.	   16.	   82.]
 [ 2787.	57293.	   97.	   34.	   51.]
 [    5.	  456.	 2590.	    0.	    0.]
 [   38.	   63.	    0.	 1413.	    1.]
 [    6.	  259.	    0.	    0.	11023.]
2025-11-16 02:20:48,226 - INFO - Epoch 23 saved.
2025-11-16 02:20:48,227 - INFO - model saved 22 times, last saved epoch: 23.

2025-11-16 02:20:51,319 - INFO - Epoch 24, Train loss: 0.04493638873100281
2025-11-16 02:20:52,112 - INFO - mIoU: 0.909; OA: 0.969; AA: 0.9437; F1: 0.951; Kappa: 0.9468;
2025-11-16 02:20:52,112 - INFO - spatial_LccAccuracy: 0.8254; spatial_PA: 0.9407; spatial_UA: 0.9826; spatial_F1: 0.9612
2025-11-16 02:20:52,112 - INFO - temporal_CdAccuracy: 0.6748; temporal_PA: 0.9098; temporal_UA: 0.8906; temporal_F1: 0.9001
2025-11-16 02:20:52,113 - INFO - Confusion Matrix
 [77319.	 1436.	   11.	   18.	   80.]
 [ 2159.	57730.	  285.	   25.	   63.]
 [    4.	  426.	 2621.	    0.	    0.]
 [   39.	   52.	    0.	 1423.	    1.]
 [   16.	  192.	    0.	    0.	11080.]
2025-11-16 02:20:52,114 - INFO - model saved 22 times, last saved epoch: 23.

2025-11-16 02:20:55,285 - INFO - Epoch 25, Train loss: 0.04201233386993408
2025-11-16 02:20:56,150 - INFO - mIoU: 0.908; OA: 0.9682; AA: 0.9307; F1: 0.9509; Kappa: 0.9453;
2025-11-16 02:20:56,150 - INFO - spatial_LccAccuracy: 0.8262; spatial_PA: 0.958; spatial_UA: 0.9592; spatial_F1: 0.9586
2025-11-16 02:20:56,151 - INFO - temporal_CdAccuracy: 0.6705; temporal_PA: 0.8964; temporal_UA: 0.8901; temporal_F1: 0.8932
2025-11-16 02:20:56,152 - INFO - Confusion Matrix
 [77507.	 1291.	    0.	    3.	   63.]
 [ 2387.	57729.	   97.	   25.	   24.]
 [   15.	  511.	 2525.	    0.	    0.]
 [  115.	    6.	    0.	 1394.	    0.]
 [   75.	  318.	    0.	    0.	10895.]
2025-11-16 02:20:56,153 - INFO - model saved 22 times, last saved epoch: 23.

2025-11-16 02:20:59,049 - INFO - Epoch 26, Train loss: 0.04041430354118347
2025-11-16 02:20:59,859 - INFO - mIoU: 0.917; OA: 0.9698; AA: 0.9542; F1: 0.956; Kappa: 0.9482;
2025-11-16 02:20:59,859 - INFO - spatial_LccAccuracy: 0.8316; spatial_PA: 0.9418; spatial_UA: 0.9838; spatial_F1: 0.9624
2025-11-16 02:20:59,859 - INFO - temporal_CdAccuracy: 0.6868; temporal_PA: 0.9078; temporal_UA: 0.895; temporal_F1: 0.9014
2025-11-16 02:20:59,860 - INFO - Confusion Matrix
 [77338.	 1396.	    1.	   31.	   98.]
 [ 2221.	57700.	  195.	   70.	   76.]
 [    6.	  369.	 2676.	    0.	    0.]
 [   32.	   11.	    0.	 1472.	    0.]
 [   12.	  167.	    0.	    0.	11109.]
2025-11-16 02:20:59,937 - INFO - Epoch 26 saved.
2025-11-16 02:20:59,937 - INFO - model saved 23 times, last saved epoch: 26.

2025-11-16 02:21:02,832 - INFO - Epoch 27, Train loss: 0.03730311989784241
2025-11-16 02:21:03,643 - INFO - mIoU: 0.9193; OA: 0.9702; AA: 0.9441; F1: 0.9572; Kappa: 0.9487;
2025-11-16 02:21:03,644 - INFO - spatial_LccAccuracy: 0.8409; spatial_PA: 0.9532; spatial_UA: 0.9843; spatial_F1: 0.9685
2025-11-16 02:21:03,644 - INFO - temporal_CdAccuracy: 0.6787; temporal_PA: 0.9134; temporal_UA: 0.893; temporal_F1: 0.9031
2025-11-16 02:21:03,645 - INFO - Confusion Matrix
 [77666.	 1100.	    0.	   13.	   85.]
 [ 2427.	57646.	  115.	   25.	   49.]
 [   11.	  433.	 2607.	    0.	    0.]
 [   50.	   25.	    0.	 1440.	    0.]
 [   34.	  256.	    0.	    0.	10998.]
2025-11-16 02:21:03,709 - INFO - Epoch 27 saved.
2025-11-16 02:21:03,710 - INFO - model saved 24 times, last saved epoch: 27.

2025-11-16 02:21:06,701 - INFO - Epoch 28, Train loss: 0.03458813577890396
2025-11-16 02:21:07,541 - INFO - mIoU: 0.9219; OA: 0.9682; AA: 0.9502; F1: 0.9586; Kappa: 0.9454;
2025-11-16 02:21:07,542 - INFO - spatial_LccAccuracy: 0.8428; spatial_PA: 0.9427; spatial_UA: 0.9841; spatial_F1: 0.963
2025-11-16 02:21:07,542 - INFO - temporal_CdAccuracy: 0.6744; temporal_PA: 0.9094; temporal_UA: 0.8889; temporal_F1: 0.899
2025-11-16 02:21:07,543 - INFO - Confusion Matrix
 [77942.	  822.	    3.	   16.	   81.]
 [ 3103.	56911.	  147.	   29.	   72.]
 [    7.	  412.	 2632.	    0.	    0.]
 [   24.	   17.	    0.	 1473.	    1.]
 [   12.	  177.	    0.	    0.	11099.]
2025-11-16 02:21:08,460 - INFO - Epoch 28 saved.
2025-11-16 02:21:08,461 - INFO - model saved 25 times, last saved epoch: 28.

2025-11-16 02:21:11,586 - INFO - Epoch 29, Train loss: 0.03292929753661156
2025-11-16 02:21:12,382 - INFO - mIoU: 0.917; OA: 0.9693; AA: 0.9413; F1: 0.956; Kappa: 0.9473;
2025-11-16 02:21:12,382 - INFO - spatial_LccAccuracy: 0.8312; spatial_PA: 0.9532; spatial_UA: 0.9843; spatial_F1: 0.9685
2025-11-16 02:21:12,383 - INFO - temporal_CdAccuracy: 0.6756; temporal_PA: 0.901; temporal_UA: 0.8904; temporal_F1: 0.8957
2025-11-16 02:21:12,384 - INFO - Confusion Matrix
 [76711.	 2070.	    7.	   13.	   63.]
 [ 1586.	58520.	  111.	   16.	   29.]
 [    2.	  442.	 2607.	    0.	    0.]
 [   24.	   71.	    0.	 1420.	    0.]
 [   13.	  317.	    0.	    0.	10958.]
2025-11-16 02:21:12,385 - INFO - model saved 25 times, last saved epoch: 28.

2025-11-16 02:21:15,539 - INFO - Epoch 30, Train loss: 0.03107677772641182
2025-11-16 02:21:16,483 - INFO - mIoU: 0.9232; OA: 0.9701; AA: 0.9473; F1: 0.9593; Kappa: 0.9486;
2025-11-16 02:21:16,484 - INFO - spatial_LccAccuracy: 0.8467; spatial_PA: 0.9462; spatial_UA: 0.985; spatial_F1: 0.9652
2025-11-16 02:21:16,484 - INFO - temporal_CdAccuracy: 0.6899; temporal_PA: 0.9124; temporal_UA: 0.9041; temporal_F1: 0.9082
2025-11-16 02:21:16,485 - INFO - Confusion Matrix
 [77622.	 1149.	    6.	   22.	   65.]
 [ 2455.	57660.	   84.	   22.	   41.]
 [    2.	  456.	 2593.	    0.	    0.]
 [   15.	   29.	    0.	 1471.	    0.]
 [   16.	  272.	    0.	    0.	11000.]
2025-11-16 02:21:16,578 - INFO - Epoch 30 saved.
2025-11-16 02:21:16,579 - INFO - model saved 26 times, last saved epoch: 30.

2025-11-16 02:21:19,598 - INFO - Epoch 31, Train loss: 0.028620585799217224
2025-11-16 02:21:20,458 - INFO - mIoU: 0.9158; OA: 0.9679; AA: 0.9409; F1: 0.9555; Kappa: 0.9447;
2025-11-16 02:21:20,459 - INFO - spatial_LccAccuracy: 0.8448; spatial_PA: 0.9453; spatial_UA: 0.9848; spatial_F1: 0.9646
2025-11-16 02:21:20,459 - INFO - temporal_CdAccuracy: 0.6872; temporal_PA: 0.9108; temporal_UA: 0.8927; temporal_F1: 0.9016
2025-11-16 02:21:20,460 - INFO - Confusion Matrix
 [77984.	  806.	    0.	   14.	   60.]
 [ 2976.	57120.	  143.	   16.	    7.]
 [   12.	  387.	 2652.	    0.	    0.]
 [   45.	   47.	    0.	 1423.	    0.]
 [   92.	  370.	    0.	    0.	10826.]
2025-11-16 02:21:20,461 - INFO - model saved 26 times, last saved epoch: 30.

2025-11-16 02:21:23,519 - INFO - Epoch 32, Train loss: 0.028329337015748024
2025-11-16 02:21:24,275 - INFO - mIoU: 0.9167; OA: 0.9694; AA: 0.9359; F1: 0.9558; Kappa: 0.9475;
2025-11-16 02:21:24,275 - INFO - spatial_LccAccuracy: 0.832; spatial_PA: 0.9576; spatial_UA: 0.9855; spatial_F1: 0.9713
2025-11-16 02:21:24,276 - INFO - temporal_CdAccuracy: 0.6736; temporal_PA: 0.8988; temporal_UA: 0.8922; temporal_F1: 0.8955
2025-11-16 02:21:24,276 - INFO - Confusion Matrix
 [76424.	 2376.	    2.	    6.	   56.]
 [ 1272.	58921.	   45.	   12.	   12.]
 [    2.	  512.	 2537.	    0.	    0.]
 [   18.	   85.	    0.	 1412.	    0.]
 [   13.	  333.	    0.	    0.	10942.]
2025-11-16 02:21:24,277 - INFO - model saved 26 times, last saved epoch: 30.

2025-11-16 02:21:27,345 - INFO - Epoch 33, Train loss: 0.025079375132918358
2025-11-16 02:21:28,195 - INFO - mIoU: 0.9229; OA: 0.9712; AA: 0.9497; F1: 0.959; Kappa: 0.9506;
2025-11-16 02:21:28,195 - INFO - spatial_LccAccuracy: 0.8432; spatial_PA: 0.9492; spatial_UA: 0.984; spatial_F1: 0.9663
2025-11-16 02:21:28,195 - INFO - temporal_CdAccuracy: 0.6837; temporal_PA: 0.9082; temporal_UA: 0.9019; temporal_F1: 0.905
2025-11-16 02:21:28,195 - INFO - Confusion Matrix
 [76623.	 2126.	   10.	   18.	   87.]
 [ 1322.	58713.	  147.	   13.	   67.]
 [    1.	  440.	 2610.	    0.	    0.]
 [   14.	   41.	    0.	 1459.	    1.]
 [    2.	  178.	    0.	    0.	11108.]
2025-11-16 02:21:28,196 - INFO - model saved 26 times, last saved epoch: 30.

2025-11-16 02:21:31,403 - INFO - Epoch 34, Train loss: 0.02626260556280613
2025-11-16 02:21:32,223 - INFO - mIoU: 0.9194; OA: 0.9677; AA: 0.9502; F1: 0.9572; Kappa: 0.9444;
2025-11-16 02:21:32,224 - INFO - spatial_LccAccuracy: 0.8312; spatial_PA: 0.941; spatial_UA: 0.9836; spatial_F1: 0.9618
2025-11-16 02:21:32,224 - INFO - temporal_CdAccuracy: 0.6729; temporal_PA: 0.9109; temporal_UA: 0.8907; temporal_F1: 0.9007
2025-11-16 02:21:32,225 - INFO - Confusion Matrix
 [77961.	  822.	    0.	   17.	   64.]
 [ 3173.	56839.	  157.	   50.	   43.]
 [    4.	  431.	 2616.	    0.	    0.]
 [   18.	   10.	    0.	 1487.	    0.]
 [   29.	  194.	    0.	    0.	11065.]
2025-11-16 02:21:32,226 - INFO - model saved 26 times, last saved epoch: 30.

2025-11-16 02:21:35,422 - INFO - Epoch 35, Train loss: 0.024010125547647476
2025-11-16 02:21:36,248 - INFO - mIoU: 0.9254; OA: 0.9707; AA: 0.9514; F1: 0.9605; Kappa: 0.9498;
2025-11-16 02:21:36,249 - INFO - spatial_LccAccuracy: 0.8529; spatial_PA: 0.9546; spatial_UA: 0.9864; spatial_F1: 0.9703
2025-11-16 02:21:36,249 - INFO - temporal_CdAccuracy: 0.6806; temporal_PA: 0.9149; temporal_UA: 0.8963; temporal_F1: 0.9055
2025-11-16 02:21:36,250 - INFO - Confusion Matrix
 [76833.	 1801.	    2.	   25.	  203.]
 [ 1677.	58397.	   63.	   19.	  106.]
 [    4.	  473.	 2574.	    0.	    0.]
 [   10.	   15.	    0.	 1489.	    1.]
 [    0.	  145.	    0.	    0.	11143.]
2025-11-16 02:21:36,315 - INFO - Epoch 35 saved.
2025-11-16 02:21:36,316 - INFO - model saved 27 times, last saved epoch: 35.

2025-11-16 02:21:39,243 - INFO - Epoch 36, Train loss: 0.022834094241261482
2025-11-16 02:21:40,218 - INFO - mIoU: 0.9147; OA: 0.9708; AA: 0.9444; F1: 0.9542; Kappa: 0.95;
2025-11-16 02:21:40,219 - INFO - spatial_LccAccuracy: 0.8401; spatial_PA: 0.9407; spatial_UA: 0.9826; spatial_F1: 0.9612
2025-11-16 02:21:40,219 - INFO - temporal_CdAccuracy: 0.6872; temporal_PA: 0.916; temporal_UA: 0.9011; temporal_F1: 0.9085
2025-11-16 02:21:40,220 - INFO - Confusion Matrix
 [77021.	 1775.	    0.	    7.	   61.]
 [ 1546.	58403.	  273.	   12.	   28.]
 [    2.	  431.	 2618.	    0.	    0.]
 [   23.	   60.	    0.	 1431.	    1.]
 [   17.	  283.	    0.	    0.	10988.]
2025-11-16 02:21:40,221 - INFO - model saved 27 times, last saved epoch: 35.

2025-11-16 02:21:43,448 - INFO - Epoch 37, Train loss: 0.02111828327178955
2025-11-16 02:21:44,277 - INFO - mIoU: 0.9315; OA: 0.9744; AA: 0.9562; F1: 0.9639; Kappa: 0.9561;
2025-11-16 02:21:44,277 - INFO - spatial_LccAccuracy: 0.8676; spatial_PA: 0.9575; spatial_UA: 0.9881; spatial_F1: 0.9725
2025-11-16 02:21:44,278 - INFO - temporal_CdAccuracy: 0.698; temporal_PA: 0.923; temporal_UA: 0.9065; temporal_F1: 0.9147
2025-11-16 02:21:44,279 - INFO - Confusion Matrix
 [77551.	 1221.	    0.	   29.	   63.]
 [ 1813.	58280.	  102.	   27.	   40.]
 [    4.	  397.	 2650.	    0.	    0.]
 [   20.	    4.	    0.	 1491.	    0.]
 [   11.	  238.	    0.	    0.	11039.]
2025-11-16 02:21:44,365 - INFO - Epoch 37 saved.
2025-11-16 02:21:44,366 - INFO - model saved 28 times, last saved epoch: 37.

2025-11-16 02:21:47,337 - INFO - Epoch 38, Train loss: 0.019659394398331642
2025-11-16 02:21:48,136 - INFO - mIoU: 0.9247; OA: 0.9718; AA: 0.9458; F1: 0.96; Kappa: 0.9516;
2025-11-16 02:21:48,136 - INFO - spatial_LccAccuracy: 0.8529; spatial_PA: 0.9523; spatial_UA: 0.9867; spatial_F1: 0.9692
2025-11-16 02:21:48,137 - INFO - temporal_CdAccuracy: 0.6926; temporal_PA: 0.9215; temporal_UA: 0.9031; temporal_F1: 0.9122
2025-11-16 02:21:48,137 - INFO - Confusion Matrix
 [77357.	 1428.	    0.	   10.	   69.]
 [ 1903.	58226.	   82.	   15.	   36.]
 [    2.	  489.	 2560.	    0.	    0.]
 [   21.	   27.	    0.	 1467.	    0.]
 [   25.	  258.	    0.	    2.	11003.]
2025-11-16 02:21:48,139 - INFO - model saved 28 times, last saved epoch: 37.

2025-11-16 02:21:51,182 - INFO - Epoch 39, Train loss: 0.019398489966988564
2025-11-16 02:21:52,050 - INFO - mIoU: 0.9136; OA: 0.9673; AA: 0.9353; F1: 0.9541; Kappa: 0.9436;
2025-11-16 02:21:52,051 - INFO - spatial_LccAccuracy: 0.8366; spatial_PA: 0.9384; spatial_UA: 0.9829; spatial_F1: 0.9601
2025-11-16 02:21:52,051 - INFO - temporal_CdAccuracy: 0.6887; temporal_PA: 0.9128; temporal_UA: 0.8999; temporal_F1: 0.9063
2025-11-16 02:21:52,052 - INFO - Confusion Matrix
 [77980.	  853.	    0.	    9.	   22.]
 [ 2906.	57259.	   83.	   14.	    0.]
 [    3.	  485.	 2563.	    0.	    0.]
 [   40.	   32.	    0.	 1443.	    0.]
 [  182.	  431.	    0.	    8.	10667.]
2025-11-16 02:21:52,053 - INFO - model saved 28 times, last saved epoch: 37.

2025-11-16 02:21:55,083 - INFO - Epoch 40, Train loss: 0.018966060131788254
2025-11-16 02:21:55,884 - INFO - mIoU: 0.9284; OA: 0.9733; AA: 0.9573; F1: 0.9622; Kappa: 0.9543;
2025-11-16 02:21:55,884 - INFO - spatial_LccAccuracy: 0.8571; spatial_PA: 0.954; spatial_UA: 0.9871; spatial_F1: 0.9703
2025-11-16 02:21:55,884 - INFO - temporal_CdAccuracy: 0.6957; temporal_PA: 0.9225; temporal_UA: 0.9014; temporal_F1: 0.9118
2025-11-16 02:21:55,885 - INFO - Confusion Matrix
 [77612.	 1176.	    6.	   16.	   54.]
 [ 1935.	58044.	  230.	   15.	   38.]
 [    2.	  319.	 2730.	    0.	    0.]
 [   22.	   23.	    0.	 1470.	    0.]
 [   25.	  269.	    0.	    1.	10993.]
2025-11-16 02:21:55,886 - INFO - model saved 28 times, last saved epoch: 37.

2025-11-16 02:21:59,032 - INFO - Epoch 41, Train loss: 0.0169591773301363
2025-11-16 02:21:59,855 - INFO - mIoU: 0.921; OA: 0.9698; AA: 0.9425; F1: 0.958; Kappa: 0.948;
2025-11-16 02:21:59,856 - INFO - spatial_LccAccuracy: 0.8362; spatial_PA: 0.9453; spatial_UA: 0.9848; spatial_F1: 0.9646
2025-11-16 02:21:59,856 - INFO - temporal_CdAccuracy: 0.6856; temporal_PA: 0.9174; temporal_UA: 0.8992; temporal_F1: 0.9082
2025-11-16 02:21:59,857 - INFO - Confusion Matrix
 [77799.	  994.	    0.	    9.	   62.]
 [ 2684.	57434.	   92.	   14.	   38.]
 [    4.	  484.	 2563.	    0.	    0.]
 [    6.	   64.	    0.	 1445.	    0.]
 [   14.	  219.	    0.	    1.	11054.]
2025-11-16 02:21:59,858 - INFO - model saved 28 times, last saved epoch: 37.

2025-11-16 02:22:02,893 - INFO - Epoch 42, Train loss: 0.016783365979790688
2025-11-16 02:22:03,744 - INFO - mIoU: 0.9311; OA: 0.9727; AA: 0.9613; F1: 0.9636; Kappa: 0.9531;
2025-11-16 02:22:03,744 - INFO - spatial_LccAccuracy: 0.8583; spatial_PA: 0.9607; spatial_UA: 0.9881; spatial_F1: 0.9742
2025-11-16 02:22:03,744 - INFO - temporal_CdAccuracy: 0.6876; temporal_PA: 0.9146; temporal_UA: 0.9024; temporal_F1: 0.9085
2025-11-16 02:22:03,745 - INFO - Confusion Matrix
 [77138.	 1643.	    2.	   19.	   62.]
 [ 1615.	58383.	  208.	   28.	   28.]
 [    2.	  325.	 2724.	    0.	    0.]
 [    8.	    3.	    0.	 1504.	    0.]
 [   52.	  241.	    0.	    2.	10993.]
2025-11-16 02:22:03,746 - INFO - model saved 28 times, last saved epoch: 37.

2025-11-16 02:22:06,701 - INFO - Epoch 43, Train loss: 0.014902273193001747
2025-11-16 02:22:07,505 - INFO - mIoU: 0.9304; OA: 0.9719; AA: 0.9599; F1: 0.9633; Kappa: 0.9518;
2025-11-16 02:22:07,505 - INFO - spatial_LccAccuracy: 0.8548; spatial_PA: 0.9509; spatial_UA: 0.9845; spatial_F1: 0.9674
2025-11-16 02:22:07,506 - INFO - temporal_CdAccuracy: 0.6899; temporal_PA: 0.9167; temporal_UA: 0.9024; temporal_F1: 0.9095
2025-11-16 02:22:07,506 - INFO - Confusion Matrix
 [76930.	 1850.	    5.	   18.	   61.]
 [ 1559.	58418.	  215.	   15.	   55.]
 [    3.	  312.	 2736.	    0.	    0.]
 [    5.	   27.	    0.	 1483.	    0.]
 [   10.	  225.	    0.	    0.	11053.]
2025-11-16 02:22:07,508 - INFO - model saved 28 times, last saved epoch: 37.

2025-11-16 02:22:10,613 - INFO - Epoch 44, Train loss: 0.01514181774109602
2025-11-16 02:22:11,457 - INFO - mIoU: 0.9301; OA: 0.9711; AA: 0.9602; F1: 0.963; Kappa: 0.9506;
2025-11-16 02:22:11,458 - INFO - spatial_LccAccuracy: 0.8455; spatial_PA: 0.9561; spatial_UA: 0.9859; spatial_F1: 0.9708
2025-11-16 02:22:11,458 - INFO - temporal_CdAccuracy: 0.6732; temporal_PA: 0.9117; temporal_UA: 0.8916; temporal_F1: 0.9015
2025-11-16 02:22:11,459 - INFO - Confusion Matrix
 [76402.	 2322.	   13.	   17.	  110.]
 [ 1190.	58802.	  203.	   13.	   54.]
 [    2.	  338.	 2711.	    0.	    0.]
 [    4.	   19.	    0.	 1492.	    0.]
 [    3.	  187.	    0.	    0.	11098.]
2025-11-16 02:22:11,460 - INFO - model saved 28 times, last saved epoch: 37.

2025-11-16 02:22:14,527 - INFO - Epoch 45, Train loss: 0.015828369185328484
2025-11-16 02:22:15,382 - INFO - mIoU: 0.9318; OA: 0.9731; AA: 0.9521; F1: 0.964; Kappa: 0.9539;
2025-11-16 02:22:15,383 - INFO - spatial_LccAccuracy: 0.8583; spatial_PA: 0.9503; spatial_UA: 0.9852; spatial_F1: 0.9674
2025-11-16 02:22:15,383 - INFO - temporal_CdAccuracy: 0.698; temporal_PA: 0.9243; temporal_UA: 0.9066; temporal_F1: 0.9154
2025-11-16 02:22:15,384 - INFO - Confusion Matrix
 [77369.	 1422.	    0.	   12.	   61.]
 [ 1808.	58323.	   75.	   15.	   41.]
 [    3.	  436.	 2612.	    0.	    0.]
 [   13.	   20.	    0.	 1482.	    0.]
 [   35.	  222.	    0.	    0.	11031.]
2025-11-16 02:22:15,448 - INFO - Epoch 45 saved.
2025-11-16 02:22:15,449 - INFO - model saved 29 times, last saved epoch: 45.

2025-11-16 02:22:18,532 - INFO - Epoch 46, Train loss: 0.013655043207108974
2025-11-16 02:22:19,404 - INFO - mIoU: 0.924; OA: 0.9671; AA: 0.9523; F1: 0.9599; Kappa: 0.9433;
2025-11-16 02:22:19,404 - INFO - spatial_LccAccuracy: 0.8428; spatial_PA: 0.9375; spatial_UA: 0.9827; spatial_F1: 0.9596
2025-11-16 02:22:19,404 - INFO - temporal_CdAccuracy: 0.6756; temporal_PA: 0.9142; temporal_UA: 0.8836; temporal_F1: 0.8987
2025-11-16 02:22:19,405 - INFO - Confusion Matrix
 [78118.	  664.	    2.	   19.	   61.]
 [ 3365.	56694.	  171.	   20.	   12.]
 [    3.	  347.	 2701.	    0.	    0.]
 [   20.	    9.	    0.	 1486.	    0.]
 [  100.	  307.	    0.	    1.	10880.]
2025-11-16 02:22:19,406 - INFO - model saved 29 times, last saved epoch: 45.

2025-11-16 02:22:22,547 - INFO - Epoch 47, Train loss: 0.012291262857615948
2025-11-16 02:22:23,372 - INFO - mIoU: 0.9339; OA: 0.9735; AA: 0.9523; F1: 0.9651; Kappa: 0.9545;
2025-11-16 02:22:23,372 - INFO - spatial_LccAccuracy: 0.861; spatial_PA: 0.9613; spatial_UA: 0.9874; spatial_F1: 0.9742
2025-11-16 02:22:23,373 - INFO - temporal_CdAccuracy: 0.6934; temporal_PA: 0.9196; temporal_UA: 0.9064; temporal_F1: 0.913
2025-11-16 02:22:23,373 - INFO - Confusion Matrix
 [77481.	 1304.	    1.	    8.	   70.]
 [ 1921.	58233.	   51.	   13.	   44.]
 [    1.	  457.	 2593.	    0.	    0.]
 [   11.	   17.	    0.	 1486.	    1.]
 [    3.	  203.	    0.	    0.	11082.]
2025-11-16 02:22:23,440 - INFO - Epoch 47 saved.
2025-11-16 02:22:23,440 - INFO - model saved 30 times, last saved epoch: 47.

2025-11-16 02:22:26,360 - INFO - Epoch 48, Train loss: 0.01417444832623005
2025-11-16 02:22:27,181 - INFO - mIoU: 0.9317; OA: 0.9722; AA: 0.9545; F1: 0.9641; Kappa: 0.9522;
2025-11-16 02:22:27,182 - INFO - spatial_LccAccuracy: 0.8575; spatial_PA: 0.954; spatial_UA: 0.9871; spatial_F1: 0.9703
2025-11-16 02:22:27,182 - INFO - temporal_CdAccuracy: 0.6984; temporal_PA: 0.9221; temporal_UA: 0.9029; temporal_F1: 0.9124
2025-11-16 02:22:27,183 - INFO - Confusion Matrix
 [77689.	 1120.	    1.	    9.	   45.]
 [ 2149.	57955.	  132.	   15.	   11.]
 [    2.	  342.	 2707.	    0.	    0.]
 [   11.	   21.	    0.	 1483.	    0.]
 [   62.	  390.	    0.	    2.	10834.]
2025-11-16 02:22:27,184 - INFO - model saved 30 times, last saved epoch: 47.

2025-11-16 02:22:30,403 - INFO - Epoch 49, Train loss: 0.013624995946884155
2025-11-16 02:22:31,232 - INFO - mIoU: 0.9244; OA: 0.971; AA: 0.9423; F1: 0.96; Kappa: 0.9502;
2025-11-16 02:22:31,232 - INFO - spatial_LccAccuracy: 0.8448; spatial_PA: 0.948; spatial_UA: 0.9828; spatial_F1: 0.9651
2025-11-16 02:22:31,232 - INFO - temporal_CdAccuracy: 0.6833; temporal_PA: 0.9145; temporal_UA: 0.9042; temporal_F1: 0.9093
2025-11-16 02:22:31,233 - INFO - Confusion Matrix
 [76979.	 1824.	    1.	    2.	   58.]
 [ 1516.	58674.	   60.	    7.	    5.]
 [    1.	  485.	 2565.	    0.	    0.]
 [    7.	   48.	    0.	 1460.	    0.]
 [   58.	  422.	    0.	    0.	10808.]
2025-11-16 02:22:31,234 - INFO - model saved 30 times, last saved epoch: 47.

2025-11-16 02:22:34,230 - INFO - Epoch 50, Train loss: 0.011967469938099384
2025-11-16 02:22:35,137 - INFO - mIoU: 0.924; OA: 0.973; AA: 0.9658; F1: 0.9592; Kappa: 0.9538;
2025-11-16 02:22:35,138 - INFO - spatial_LccAccuracy: 0.8606; spatial_PA: 0.9572; spatial_UA: 0.9871; spatial_F1: 0.9719
2025-11-16 02:22:35,138 - INFO - temporal_CdAccuracy: 0.6887; temporal_PA: 0.9294; temporal_UA: 0.899; temporal_F1: 0.9139
2025-11-16 02:22:35,139 - INFO - Confusion Matrix
 [77555.	 1221.	    2.	   17.	   69.]
 [ 1862.	57873.	  437.	   38.	   52.]
 [    3.	  273.	 2775.	    0.	    0.]
 [    6.	    4.	    0.	 1505.	    0.]
 [   18.	  178.	    0.	    1.	11091.]
2025-11-16 02:22:35,140 - INFO - model saved 30 times, last saved epoch: 47.

2025-11-16 02:22:38,222 - INFO - Epoch 51, Train loss: 0.011547800153493881
2025-11-16 02:22:39,030 - INFO - mIoU: 0.9244; OA: 0.9684; AA: 0.9506; F1: 0.96; Kappa: 0.946;
2025-11-16 02:22:39,030 - INFO - spatial_LccAccuracy: 0.8254; spatial_PA: 0.9451; spatial_UA: 0.9838; spatial_F1: 0.964
2025-11-16 02:22:39,030 - INFO - temporal_CdAccuracy: 0.6554; temporal_PA: 0.9105; temporal_UA: 0.8867; temporal_F1: 0.8984
2025-11-16 02:22:39,031 - INFO - Confusion Matrix
 [76212.	 2507.	    1.	   28.	  116.]
 [ 1414.	58680.	   86.	   13.	   69.]
 [    1.	  455.	 2595.	    0.	    0.]
 [    1.	   32.	    0.	 1480.	    2.]
 [    0.	  165.	    0.	    0.	11123.]
2025-11-16 02:22:39,032 - INFO - model saved 30 times, last saved epoch: 47.

2025-11-16 02:22:42,144 - INFO - Epoch 52, Train loss: 0.01241122093051672
2025-11-16 02:22:43,072 - INFO - mIoU: 0.9318; OA: 0.9727; AA: 0.9526; F1: 0.964; Kappa: 0.9532;
2025-11-16 02:22:43,072 - INFO - spatial_LccAccuracy: 0.8583; spatial_PA: 0.9607; spatial_UA: 0.9881; spatial_F1: 0.9742
2025-11-16 02:22:43,072 - INFO - temporal_CdAccuracy: 0.6988; temporal_PA: 0.922; temporal_UA: 0.9109; temporal_F1: 0.9164
2025-11-16 02:22:43,073 - INFO - Confusion Matrix
 [77866.	  925.	    1.	   11.	   61.]
 [ 2341.	57781.	   98.	   13.	   29.]
 [    5.	  413.	 2633.	    0.	    0.]
 [   19.	   11.	    0.	 1485.	    0.]
 [   47.	  250.	    0.	    0.	10991.]
2025-11-16 02:22:43,074 - INFO - model saved 30 times, last saved epoch: 47.

2025-11-16 02:22:46,070 - INFO - Epoch 53, Train loss: 0.011114531196653843
2025-11-16 02:22:46,914 - INFO - mIoU: 0.9338; OA: 0.9731; AA: 0.9552; F1: 0.9652; Kappa: 0.9539;
2025-11-16 02:22:46,914 - INFO - spatial_LccAccuracy: 0.8455; spatial_PA: 0.9479; spatial_UA: 0.9855; spatial_F1: 0.9663
2025-11-16 02:22:46,914 - INFO - temporal_CdAccuracy: 0.6973; temporal_PA: 0.9212; temporal_UA: 0.9098; temporal_F1: 0.9155
2025-11-16 02:22:46,915 - INFO - Confusion Matrix
 [77337.	 1441.	    5.	    9.	   72.]
 [ 1834.	58272.	   98.	   12.	   46.]
 [    1.	  389.	 2661.	    0.	    0.]
 [    8.	   27.	    0.	 1478.	    2.]
 [   16.	  205.	    0.	    0.	11067.]
2025-11-16 02:22:46,916 - INFO - model saved 30 times, last saved epoch: 47.

2025-11-16 02:22:49,934 - INFO - Epoch 54, Train loss: 0.009981319308280945
2025-11-16 02:22:50,737 - INFO - mIoU: 0.9272; OA: 0.9726; AA: 0.9491; F1: 0.9615; Kappa: 0.9529;
2025-11-16 02:22:50,737 - INFO - spatial_LccAccuracy: 0.8614; spatial_PA: 0.9552; spatial_UA: 0.9857; spatial_F1: 0.9702
2025-11-16 02:22:50,737 - INFO - temporal_CdAccuracy: 0.6949; temporal_PA: 0.9261; temporal_UA: 0.9029; temporal_F1: 0.9144
2025-11-16 02:22:50,738 - INFO - Confusion Matrix
 [77998.	  794.	    1.	   11.	   60.]
 [ 2452.	57652.	  119.	   13.	   26.]
 [    4.	  422.	 2625.	    0.	    0.]
 [   36.	   17.	    0.	 1462.	    0.]
 [   63.	  227.	    0.	    1.	10997.]
2025-11-16 02:22:50,739 - INFO - model saved 30 times, last saved epoch: 47.

2025-11-16 02:22:53,660 - INFO - Epoch 55, Train loss: 0.009424969553947449
2025-11-16 02:22:54,456 - INFO - mIoU: 0.9362; OA: 0.9746; AA: 0.9556; F1: 0.9664; Kappa: 0.9563;
2025-11-16 02:22:54,456 - INFO - spatial_LccAccuracy: 0.8664; spatial_PA: 0.9511; spatial_UA: 0.9855; spatial_F1: 0.968
2025-11-16 02:22:54,457 - INFO - temporal_CdAccuracy: 0.6957; temporal_PA: 0.9319; temporal_UA: 0.9051; temporal_F1: 0.9183
2025-11-16 02:22:54,458 - INFO - Confusion Matrix
 [77571.	 1215.	    0.	   13.	   65.]
 [ 1851.	58281.	   57.	   17.	   56.]
 [    6.	  427.	 2618.	    0.	    0.]
 [    5.	   12.	    0.	 1498.	    0.]
 [   26.	  194.	    0.	    0.	11068.]
2025-11-16 02:22:54,524 - INFO - Epoch 55 saved.
2025-11-16 02:22:54,525 - INFO - model saved 31 times, last saved epoch: 55.

2025-11-16 02:22:57,644 - INFO - Epoch 56, Train loss: 0.010943667963147163
2025-11-16 02:22:58,516 - INFO - mIoU: 0.9337; OA: 0.9738; AA: 0.9582; F1: 0.9652; Kappa: 0.9549;
2025-11-16 02:22:58,517 - INFO - spatial_LccAccuracy: 0.863; spatial_PA: 0.9572; spatial_UA: 0.9811; spatial_F1: 0.969
2025-11-16 02:22:58,517 - INFO - temporal_CdAccuracy: 0.6984; temporal_PA: 0.9248; temporal_UA: 0.9089; temporal_F1: 0.9168
2025-11-16 02:22:58,518 - INFO - Confusion Matrix
 [77909.	  881.	    2.	   12.	   60.]
 [ 2261.	57801.	  160.	   17.	   23.]
 [    8.	  301.	 2742.	    0.	    0.]
 [   35.	    8.	    0.	 1472.	    0.]
 [   44.	  255.	    0.	    1.	10988.]
2025-11-16 02:22:58,519 - INFO - model saved 31 times, last saved epoch: 55.

2025-11-16 02:23:01,798 - INFO - Epoch 57, Train loss: 0.00913782138377428
2025-11-16 02:23:02,613 - INFO - mIoU: 0.9212; OA: 0.9719; AA: 0.9383; F1: 0.9584; Kappa: 0.9518;
2025-11-16 02:23:02,613 - INFO - spatial_LccAccuracy: 0.8618; spatial_PA: 0.9722; spatial_UA: 0.9863; spatial_F1: 0.9792
2025-11-16 02:23:02,613 - INFO - temporal_CdAccuracy: 0.6934; temporal_PA: 0.9149; temporal_UA: 0.9029; temporal_F1: 0.9089
2025-11-16 02:23:02,614 - INFO - Confusion Matrix
 [76725.	 2079.	    0.	    3.	   57.]
 [ 1156.	59042.	   39.	    9.	   16.]
 [    4.	  471.	 2576.	    0.	    0.]
 [   68.	   36.	    0.	 1411.	    0.]
 [   63.	  354.	    0.	    0.	10871.]
2025-11-16 02:23:02,615 - INFO - model saved 31 times, last saved epoch: 55.

2025-11-16 02:23:05,743 - INFO - Epoch 58, Train loss: 0.009502296335995197
2025-11-16 02:23:06,582 - INFO - mIoU: 0.932; OA: 0.9747; AA: 0.949; F1: 0.964; Kappa: 0.9565;
2025-11-16 02:23:06,583 - INFO - spatial_LccAccuracy: 0.8614; spatial_PA: 0.9514; spatial_UA: 0.9864; spatial_F1: 0.9686
2025-11-16 02:23:06,583 - INFO - temporal_CdAccuracy: 0.6992; temporal_PA: 0.9288; temporal_UA: 0.9127; temporal_F1: 0.9206
2025-11-16 02:23:06,583 - INFO - Confusion Matrix
 [77541.	 1248.	    0.	   12.	   63.]
 [ 1747.	58431.	   36.	   10.	   38.]
 [    5.	  494.	 2552.	    0.	    0.]
 [    4.	   31.	    0.	 1480.	    0.]
 [   39.	  198.	    0.	    0.	11051.]
2025-11-16 02:23:06,584 - INFO - model saved 31 times, last saved epoch: 55.

2025-11-16 02:23:09,669 - INFO - Epoch 59, Train loss: 0.008816497400403023
2025-11-16 02:23:10,505 - INFO - mIoU: 0.9292; OA: 0.9725; AA: 0.9476; F1: 0.9624; Kappa: 0.9527;
2025-11-16 02:23:10,505 - INFO - spatial_LccAccuracy: 0.8544; spatial_PA: 0.941; spatial_UA: 0.9836; spatial_F1: 0.9618
2025-11-16 02:23:10,506 - INFO - temporal_CdAccuracy: 0.6872; temporal_PA: 0.9293; temporal_UA: 0.9013; temporal_F1: 0.915
2025-11-16 02:23:10,506 - INFO - Confusion Matrix
 [77849.	  941.	    1.	   13.	   60.]
 [ 2309.	57876.	   36.	   15.	   26.]
 [    3.	  520.	 2528.	    0.	    0.]
 [    4.	   10.	    0.	 1501.	    0.]
 [   51.	  276.	    0.	    1.	10960.]
2025-11-16 02:23:10,508 - INFO - model saved 31 times, last saved epoch: 55.

2025-11-16 02:23:13,538 - INFO - Epoch 60, Train loss: 0.009212054312229156
2025-11-16 02:23:14,315 - INFO - mIoU: 0.9325; OA: 0.9727; AA: 0.9613; F1: 0.9644; Kappa: 0.9533;
2025-11-16 02:23:14,315 - INFO - spatial_LccAccuracy: 0.8548; spatial_PA: 0.9552; spatial_UA: 0.9857; spatial_F1: 0.9702
2025-11-16 02:23:14,316 - INFO - temporal_CdAccuracy: 0.6918; temporal_PA: 0.9325; temporal_UA: 0.9021; temporal_F1: 0.9171
2025-11-16 02:23:14,316 - INFO - Confusion Matrix
 [77213.	 1572.	    3.	   11.	   65.]
 [ 1640.	58351.	  230.	   15.	   26.]
 [    2.	  299.	 2750.	    0.	    0.]
 [   10.	    8.	    0.	 1497.	    0.]
 [   58.	  285.	    0.	    2.	10943.]
2025-11-16 02:23:14,317 - INFO - model saved 31 times, last saved epoch: 55.

2025-11-16 02:23:17,414 - INFO - Epoch 61, Train loss: 0.008209717459976673
2025-11-16 02:23:18,229 - INFO - mIoU: 0.9358; OA: 0.9738; AA: 0.9566; F1: 0.9663; Kappa: 0.955;
2025-11-16 02:23:18,229 - INFO - spatial_LccAccuracy: 0.8641; spatial_PA: 0.9566; spatial_UA: 0.9878; spatial_F1: 0.972
2025-11-16 02:23:18,230 - INFO - temporal_CdAccuracy: 0.7046; temporal_PA: 0.9315; temporal_UA: 0.9124; temporal_F1: 0.9218
2025-11-16 02:23:18,231 - INFO - Confusion Matrix
 [77622.	 1163.	    1.	   19.	   59.]
 [ 1981.	58172.	   70.	   17.	   22.]
 [    6.	  388.	 2657.	    0.	    0.]
 [    7.	    6.	    0.	 1502.	    0.]
 [   67.	  256.	    0.	    2.	10963.]
2025-11-16 02:23:18,232 - INFO - model saved 31 times, last saved epoch: 55.

2025-11-16 02:23:21,309 - INFO - Epoch 62, Train loss: 0.009584146551787853
2025-11-16 02:23:22,101 - INFO - mIoU: 0.9318; OA: 0.9726; AA: 0.9552; F1: 0.964; Kappa: 0.953;
2025-11-16 02:23:22,101 - INFO - spatial_LccAccuracy: 0.8533; spatial_PA: 0.9479; spatial_UA: 0.9855; spatial_F1: 0.9663
2025-11-16 02:23:22,102 - INFO - temporal_CdAccuracy: 0.6934; temporal_PA: 0.9259; temporal_UA: 0.9026; temporal_F1: 0.9141
2025-11-16 02:23:22,102 - INFO - Confusion Matrix
 [77551.	 1219.	    1.	   17.	   76.]
 [ 2037.	58050.	  111.	   14.	   50.]
 [    1.	  402.	 2648.	    0.	    0.]
 [   11.	    7.	    0.	 1497.	    0.]
 [   79.	  218.	    0.	    2.	10989.]
2025-11-16 02:23:22,103 - INFO - model saved 31 times, last saved epoch: 55.

2025-11-16 02:23:25,278 - INFO - Epoch 63, Train loss: 0.009402910247445107
2025-11-16 02:23:26,218 - INFO - mIoU: 0.934; OA: 0.9728; AA: 0.9526; F1: 0.9653; Kappa: 0.9533;
2025-11-16 02:23:26,219 - INFO - spatial_LccAccuracy: 0.8537; spatial_PA: 0.9401; spatial_UA: 0.9834; spatial_F1: 0.9613
2025-11-16 02:23:26,219 - INFO - temporal_CdAccuracy: 0.6926; temporal_PA: 0.932; temporal_UA: 0.9084; temporal_F1: 0.92
2025-11-16 02:23:26,220 - INFO - Confusion Matrix
 [77751.	 1026.	    0.	    9.	   78.]
 [ 2282.	57879.	   56.	   12.	   33.]
 [    4.	  415.	 2632.	    0.	    0.]
 [    9.	   26.	    0.	 1480.	    0.]
 [   25.	  233.	    0.	    0.	11030.]
2025-11-16 02:23:26,220 - INFO - model saved 31 times, last saved epoch: 55.

2025-11-16 02:23:29,267 - INFO - Epoch 64, Train loss: 0.0065792882815003395
2025-11-16 02:23:30,202 - INFO - mIoU: 0.9274; OA: 0.9739; AA: 0.9433; F1: 0.9616; Kappa: 0.9552;
2025-11-16 02:23:30,203 - INFO - spatial_LccAccuracy: 0.8537; spatial_PA: 0.9573; spatial_UA: 0.9845; spatial_F1: 0.9707
2025-11-16 02:23:30,203 - INFO - temporal_CdAccuracy: 0.7038; temporal_PA: 0.9295; temporal_UA: 0.9058; temporal_F1: 0.9175
2025-11-16 02:23:30,204 - INFO - Confusion Matrix
 [77273.	 1538.	    0.	    3.	   50.]
 [ 1426.	58770.	   41.	    8.	   17.]
 [    3.	  486.	 2562.	    0.	    0.]
 [   19.	   45.	    0.	 1451.	    0.]
 [  111.	  297.	    0.	    0.	10880.]
2025-11-16 02:23:30,205 - INFO - model saved 31 times, last saved epoch: 55.

2025-11-16 02:23:33,113 - INFO - Epoch 65, Train loss: 0.0083494633436203
2025-11-16 02:23:33,934 - INFO - mIoU: 0.9309; OA: 0.9732; AA: 0.9481; F1: 0.9634; Kappa: 0.954;
2025-11-16 02:23:34,388 - INFO - spatial_LccAccuracy: 0.8552; spatial_PA: 0.9468; spatial_UA: 0.9843; spatial_F1: 0.9652
2025-11-16 02:23:34,388 - INFO - temporal_CdAccuracy: 0.6837; temporal_PA: 0.9305; temporal_UA: 0.9044; temporal_F1: 0.9172
2025-11-16 02:23:34,389 - INFO - Confusion Matrix
 [77754.	 1047.	    0.	    3.	   60.]
 [ 2124.	58025.	   55.	    9.	   49.]
 [    3.	  478.	 2570.	    0.	    0.]
 [    8.	   31.	    0.	 1476.	    0.]
 [   57.	  224.	    0.	    0.	11007.]
2025-11-16 02:23:34,391 - INFO - model saved 31 times, last saved epoch: 55.

2025-11-16 02:23:37,466 - INFO - Epoch 66, Train loss: 0.008042439818382263
2025-11-16 02:23:38,239 - INFO - mIoU: 0.9315; OA: 0.9739; AA: 0.9581; F1: 0.9637; Kappa: 0.9553;
2025-11-16 02:23:38,240 - INFO - spatial_LccAccuracy: 0.8599; spatial_PA: 0.9691; spatial_UA: 0.9896; spatial_F1: 0.9792
2025-11-16 02:23:38,240 - INFO - temporal_CdAccuracy: 0.6996; temporal_PA: 0.9309; temporal_UA: 0.9098; temporal_F1: 0.9202
2025-11-16 02:23:38,241 - INFO - Confusion Matrix
 [77156.	 1629.	    2.	   16.	   61.]
 [ 1409.	58632.	  172.	   23.	   26.]
 [    1.	  387.	 2663.	    0.	    0.]
 [    7.	    3.	    0.	 1505.	    0.]
 [   48.	  259.	    0.	    0.	10981.]
2025-11-16 02:23:38,242 - INFO - model saved 31 times, last saved epoch: 55.

2025-11-16 02:23:41,213 - INFO - Epoch 67, Train loss: 0.009348602965474129
2025-11-16 02:23:42,024 - INFO - mIoU: 0.9303; OA: 0.9719; AA: 0.9515; F1: 0.9634; Kappa: 0.9517;
2025-11-16 02:23:42,025 - INFO - spatial_LccAccuracy: 0.8502; spatial_PA: 0.9483; spatial_UA: 0.9838; spatial_F1: 0.9657
2025-11-16 02:23:42,025 - INFO - temporal_CdAccuracy: 0.6883; temporal_PA: 0.927; temporal_UA: 0.9002; temporal_F1: 0.9134
2025-11-16 02:23:42,026 - INFO - Confusion Matrix
 [78090.	  741.	    0.	    7.	   26.]
 [ 2615.	57481.	  117.	   14.	   35.]
 [    6.	  355.	 2690.	    0.	    0.]
 [   41.	   11.	    0.	 1463.	    0.]
 [  134.	  250.	    0.	    0.	10904.]
2025-11-16 02:23:42,027 - INFO - model saved 31 times, last saved epoch: 55.

2025-11-16 02:23:45,214 - INFO - Epoch 68, Train loss: 0.006313319783657789
2025-11-16 02:23:46,039 - INFO - mIoU: 0.9298; OA: 0.9719; AA: 0.9546; F1: 0.9628; Kappa: 0.9516;
2025-11-16 02:23:46,040 - INFO - spatial_LccAccuracy: 0.8602; spatial_PA: 0.939; spatial_UA: 0.9822; spatial_F1: 0.9601
2025-11-16 02:23:46,040 - INFO - temporal_CdAccuracy: 0.6945; temporal_PA: 0.9254; temporal_UA: 0.9076; temporal_F1: 0.9164
2025-11-16 02:23:46,041 - INFO - Confusion Matrix
 [77894.	  899.	    1.	   12.	   58.]
 [ 2415.	57640.	  160.	   16.	   31.]
 [    5.	  390.	 2656.	    0.	    0.]
 [    6.	    9.	    0.	 1500.	    0.]
 [   97.	  263.	    0.	    0.	10928.]
2025-11-16 02:23:46,042 - INFO - model saved 31 times, last saved epoch: 55.

2025-11-16 02:23:49,134 - INFO - Epoch 69, Train loss: 0.008290174417197704
2025-11-16 02:23:49,964 - INFO - mIoU: 0.9372; OA: 0.9749; AA: 0.9587; F1: 0.9669; Kappa: 0.9571;
2025-11-16 02:23:49,964 - INFO - spatial_LccAccuracy: 0.861; spatial_PA: 0.9616; spatial_UA: 0.9883; spatial_F1: 0.9748
2025-11-16 02:23:49,964 - INFO - temporal_CdAccuracy: 0.681; temporal_PA: 0.9264; temporal_UA: 0.907; temporal_F1: 0.9166
2025-11-16 02:23:49,965 - INFO - Confusion Matrix
 [77072.	 1714.	    1.	   15.	   62.]
 [ 1288.	58823.	   93.	   16.	   42.]
 [    2.	  396.	 2653.	    0.	    0.]
 [    5.	    7.	    0.	 1503.	    0.]
 [    6.	  236.	    0.	    0.	11046.]
2025-11-16 02:23:50,032 - INFO - Epoch 69 saved.
2025-11-16 02:23:50,032 - INFO - model saved 32 times, last saved epoch: 69.

