2025-11-16 02:59:06,436 - INFO - Epoch 0, Train loss: 1.5922194719314575
2025-11-16 02:59:07,343 - INFO - mIoU: 0.0734; OA: 0.1891; AA: 0.1945; F1: 0.1315; Kappa: -0.0095;
2025-11-16 02:59:07,343 - INFO - spatial_LccAccuracy: 0.0; spatial_PA: 0.5; spatial_UA: 0.6385; spatial_F1: 0.5608
2025-11-16 02:59:07,343 - INFO - temporal_CdAccuracy: 0.0; temporal_PA: 0.643; temporal_UA: 0.5195; temporal_F1: 0.5747
2025-11-16 02:59:07,344 - INFO - Confusion Matrix
 [11908.	13627.	 8005.	 2697.	42627.]
 [12075.	11510.	 6856.	 3551.	26270.]
 [  574.	  972.	  288.	   81.	 1136.]
 [  159.	  242.	  158.	   71.	  885.]
 [ 1411.	 2501.	 1785.	   67.	 5524.]
2025-11-16 02:59:07,417 - INFO - Epoch 0 saved.
2025-11-16 02:59:07,418 - INFO - model saved 1 times, last saved epoch: 0.

2025-11-16 02:59:10,482 - INFO - Epoch 1, Train loss: 1.5233864784240723
2025-11-16 02:59:11,360 - INFO - mIoU: 0.1443; OA: 0.4084; AA: 0.2462; F1: 0.2288; Kappa: 0.0851;
2025-11-16 02:59:11,360 - INFO - spatial_LccAccuracy: 0.0; spatial_PA: 0.5; spatial_UA: 0.6385; spatial_F1: 0.5608
2025-11-16 02:59:11,360 - INFO - temporal_CdAccuracy: 0.0; temporal_PA: 0.6085; temporal_UA: 0.5158; temporal_F1: 0.5584
2025-11-16 02:59:11,361 - INFO - Confusion Matrix
 [30505.	27865.	 4414.	  735.	15345.]
 [20115.	29227.	 2568.	  884.	 7468.]
 [  992.	 1592.	  141.	   43.	  283.]
 [  434.	  674.	  110.	   18.	  279.]
 [ 3391.	 3456.	 1002.	   40.	 3399.]
2025-11-16 02:59:11,430 - INFO - Epoch 1 saved.
2025-11-16 02:59:11,430 - INFO - model saved 2 times, last saved epoch: 1.

2025-11-16 02:59:14,645 - INFO - Epoch 2, Train loss: 1.2097057104110718
2025-11-16 02:59:15,476 - INFO - mIoU: 0.1895; OA: 0.6089; AA: 0.2693; F1: 0.3267; Kappa: 0.2683;
2025-11-16 02:59:15,477 - INFO - spatial_LccAccuracy: 0.0054; spatial_PA: 0.5; spatial_UA: 0.6385; spatial_F1: 0.5608
2025-11-16 02:59:15,477 - INFO - temporal_CdAccuracy: 0.0; temporal_PA: 0.5951; temporal_UA: 0.5212; temporal_F1: 0.5557
2025-11-16 02:59:15,478 - INFO - Confusion Matrix
 [61544.	17167.	   29.	    3.	  121.]
 [27482.	32567.	   50.	   11.	  152.]
 [ 1160.	 1883.	    0.	    6.	    2.]
 [  897.	  578.	   30.	    4.	    6.]
 [ 9815.	 1199.	   13.	    1.	  260.]
2025-11-16 02:59:15,548 - INFO - Epoch 2 saved.
2025-11-16 02:59:15,548 - INFO - model saved 3 times, last saved epoch: 2.

2025-11-16 02:59:18,610 - INFO - Epoch 3, Train loss: 0.7946544885635376
2025-11-16 02:59:19,484 - INFO - mIoU: 0.3268; OA: 0.7754; AA: 0.3926; F1: 0.6866; Kappa: 0.5892;
2025-11-16 02:59:19,484 - INFO - spatial_LccAccuracy: 0.072; spatial_PA: 0.5891; spatial_UA: 0.8432; spatial_F1: 0.6937
2025-11-16 02:59:19,484 - INFO - temporal_CdAccuracy: 0.0414; temporal_PA: 0.5687; temporal_UA: 0.5287; temporal_F1: 0.548
2025-11-16 02:59:19,485 - INFO - Confusion Matrix
 [69450.	 9414.	    0.	    0.	    0.]
 [12881.	47373.	    0.	    0.	    8.]
 [  722.	 2329.	    0.	    0.	    0.]
 [ 1334.	  181.	    0.	    0.	    0.]
 [ 7467.	  476.	    1.	    0.	 3344.]
2025-11-16 02:59:19,553 - INFO - Epoch 3 saved.
2025-11-16 02:59:19,553 - INFO - model saved 4 times, last saved epoch: 3.

2025-11-16 02:59:22,402 - INFO - Epoch 4, Train loss: 0.5439799427986145
2025-11-16 02:59:23,219 - INFO - mIoU: 0.4376; OA: 0.8511; AA: 0.4878; F1: 0.8424; Kappa: 0.7337;
2025-11-16 02:59:23,219 - INFO - spatial_LccAccuracy: 0.2083; spatial_PA: 0.715; spatial_UA: 0.8342; spatial_F1: 0.77
2025-11-16 02:59:23,219 - INFO - temporal_CdAccuracy: 0.1231; temporal_PA: 0.5883; temporal_UA: 0.5598; temporal_F1: 0.5737
2025-11-16 02:59:23,220 - INFO - Confusion Matrix
 [73026.	 5838.	    0.	    0.	    0.]
 [ 8822.	51440.	    0.	    0.	    0.]
 [  511.	 2540.	    0.	    0.	    0.]
 [ 1196.	  319.	    0.	    0.	    0.]
 [ 3466.	  377.	    0.	    0.	 7445.]
2025-11-16 02:59:23,307 - INFO - Epoch 4 saved.
2025-11-16 02:59:23,307 - INFO - model saved 5 times, last saved epoch: 4.

2025-11-16 02:59:26,252 - INFO - Epoch 5, Train loss: 0.3889462351799011
2025-11-16 02:59:27,118 - INFO - mIoU: 0.5043; OA: 0.8895; AA: 0.5445; F1: 0.6972; Kappa: 0.8048;
2025-11-16 02:59:27,119 - INFO - spatial_LccAccuracy: 0.3713; spatial_PA: 0.7492; spatial_UA: 0.7618; spatial_F1: 0.7554
2025-11-16 02:59:27,119 - INFO - temporal_CdAccuracy: 0.2191; temporal_PA: 0.6064; temporal_UA: 0.6022; temporal_F1: 0.6043
2025-11-16 02:59:27,120 - INFO - Confusion Matrix
 [74765.	 4099.	    0.	    0.	    0.]
 [ 6892.	53370.	    0.	    0.	    0.]
 [  502.	 2435.	  114.	    0.	    0.]
 [  810.	  705.	    0.	    0.	    0.]
 [ 1330.	  346.	    0.	    0.	 9612.]
2025-11-16 02:59:27,189 - INFO - Epoch 5 saved.
2025-11-16 02:59:27,189 - INFO - model saved 6 times, last saved epoch: 5.

2025-11-16 02:59:30,232 - INFO - Epoch 6, Train loss: 0.2871353328227997
2025-11-16 02:59:31,112 - INFO - mIoU: 0.5821; OA: 0.9097; AA: 0.6165; F1: 0.6585; Kappa: 0.8415;
2025-11-16 02:59:31,112 - INFO - spatial_LccAccuracy: 0.5149; spatial_PA: 0.8786; spatial_UA: 0.8405; spatial_F1: 0.8592
2025-11-16 02:59:31,112 - INFO - temporal_CdAccuracy: 0.3562; temporal_PA: 0.6403; temporal_UA: 0.6562; temporal_F1: 0.6482
2025-11-16 02:59:31,113 - INFO - Confusion Matrix
 [75442.	 3401.	    1.	    0.	   20.]
 [ 5749.	54508.	    4.	    0.	    1.]
 [  378.	 1768.	  905.	    0.	    0.]
 [  767.	  701.	    0.	   47.	    0.]
 [  879.	  320.	    0.	    0.	10089.]
2025-11-16 02:59:31,204 - INFO - Epoch 6 saved.
2025-11-16 02:59:31,204 - INFO - model saved 7 times, last saved epoch: 6.

2025-11-16 02:59:34,451 - INFO - Epoch 7, Train loss: 0.22681258618831635
2025-11-16 02:59:35,351 - INFO - mIoU: 0.673; OA: 0.9252; AA: 0.7042; F1: 0.7608; Kappa: 0.8699;
2025-11-16 02:59:35,351 - INFO - spatial_LccAccuracy: 0.5648; spatial_PA: 0.9019; spatial_UA: 0.8709; spatial_F1: 0.8861
2025-11-16 02:59:35,351 - INFO - temporal_CdAccuracy: 0.4189; temporal_PA: 0.6935; temporal_UA: 0.7126; temporal_F1: 0.7029
2025-11-16 02:59:35,352 - INFO - Confusion Matrix
 [74693.	 4123.	   11.	    1.	   36.]
 [ 3764.	56482.	   15.	    0.	    1.]
 [   76.	 1224.	 1751.	    0.	    0.]
 [  597.	  678.	    2.	  238.	    0.]
 [  697.	  369.	    0.	    0.	10222.]
2025-11-16 02:59:35,442 - INFO - Epoch 7 saved.
2025-11-16 02:59:35,443 - INFO - model saved 8 times, last saved epoch: 7.

2025-11-16 02:59:38,351 - INFO - Epoch 8, Train loss: 0.18444333970546722
2025-11-16 02:59:39,159 - INFO - mIoU: 0.7489; OA: 0.9334; AA: 0.7829; F1: 0.8388; Kappa: 0.8841;
2025-11-16 02:59:39,159 - INFO - spatial_LccAccuracy: 0.616; spatial_PA: 0.9001; spatial_UA: 0.8667; spatial_F1: 0.8831
2025-11-16 02:59:39,159 - INFO - temporal_CdAccuracy: 0.4526; temporal_PA: 0.7331; temporal_UA: 0.7402; temporal_F1: 0.7366
2025-11-16 02:59:39,160 - INFO - Confusion Matrix
 [76624.	 2112.	   25.	    2.	  101.]
 [ 5269.	54891.	   84.	    3.	   15.]
 [  104.	  666.	 2281.	    0.	    0.]
 [  645.	  262.	   43.	  565.	    0.]
 [  741.	  257.	    0.	    0.	10290.]
2025-11-16 02:59:39,243 - INFO - Epoch 8 saved.
2025-11-16 02:59:39,244 - INFO - model saved 9 times, last saved epoch: 8.

2025-11-16 02:59:42,378 - INFO - Epoch 9, Train loss: 0.15407133102416992
2025-11-16 02:59:43,159 - INFO - mIoU: 0.7935; OA: 0.9426; AA: 0.8255; F1: 0.8763; Kappa: 0.9009;
2025-11-16 02:59:43,160 - INFO - spatial_LccAccuracy: 0.6616; spatial_PA: 0.9182; spatial_UA: 0.8802; spatial_F1: 0.8988
2025-11-16 02:59:43,160 - INFO - temporal_CdAccuracy: 0.5327; temporal_PA: 0.7783; temporal_UA: 0.7918; temporal_F1: 0.785
2025-11-16 02:59:43,161 - INFO - Confusion Matrix
 [75684.	 3041.	   25.	    4.	  110.]
 [ 3312.	56837.	   89.	    4.	   20.]
 [   22.	  646.	 2381.	    2.	    0.]
 [  472.	  227.	   23.	  793.	    0.]
 [  562.	  331.	    0.	    0.	10395.]
2025-11-16 02:59:43,257 - INFO - Epoch 9 saved.
2025-11-16 02:59:43,258 - INFO - model saved 10 times, last saved epoch: 9.

2025-11-16 02:59:45,963 - INFO - Epoch 10, Train loss: 0.13196995854377747
2025-11-16 02:59:46,833 - INFO - mIoU: 0.8163; OA: 0.9471; AA: 0.8447; F1: 0.8935; Kappa: 0.9085;
2025-11-16 02:59:46,833 - INFO - spatial_LccAccuracy: 0.6814; spatial_PA: 0.9179; spatial_UA: 0.8956; spatial_F1: 0.9066
2025-11-16 02:59:46,833 - INFO - temporal_CdAccuracy: 0.5548; temporal_PA: 0.8019; temporal_UA: 0.8107; temporal_F1: 0.8063
2025-11-16 02:59:46,834 - INFO - Confusion Matrix
 [76086.	 2659.	   11.	    7.	  101.]
 [ 3216.	56943.	   83.	    0.	   20.]
 [   20.	  631.	 2399.	    1.	    0.]
 [  370.	  227.	    4.	  914.	    0.]
 [  520.	  333.	    0.	    0.	10435.]
2025-11-16 02:59:46,905 - INFO - Epoch 10 saved.
2025-11-16 02:59:46,906 - INFO - model saved 11 times, last saved epoch: 10.

2025-11-16 02:59:49,739 - INFO - Epoch 11, Train loss: 0.11616065353155136
2025-11-16 02:59:50,555 - INFO - mIoU: 0.8365; OA: 0.9512; AA: 0.8641; F1: 0.9073; Kappa: 0.9158;
2025-11-16 02:59:50,555 - INFO - spatial_LccAccuracy: 0.6945; spatial_PA: 0.9211; spatial_UA: 0.9005; spatial_F1: 0.9107
2025-11-16 02:59:50,555 - INFO - temporal_CdAccuracy: 0.573; temporal_PA: 0.8182; temporal_UA: 0.8244; temporal_F1: 0.8213
2025-11-16 02:59:50,556 - INFO - Confusion Matrix
 [76606.	 2119.	    8.	    5.	  126.]
 [ 3405.	56726.	   80.	    7.	   44.]
 [   20.	  596.	 2435.	    0.	    0.]
 [  327.	  171.	    6.	 1011.	    0.]
 [  378.	  270.	    0.	    0.	10640.]
2025-11-16 02:59:50,621 - INFO - Epoch 11 saved.
2025-11-16 02:59:50,622 - INFO - model saved 12 times, last saved epoch: 11.

2025-11-16 02:59:53,778 - INFO - Epoch 12, Train loss: 0.10388839244842529
2025-11-16 02:59:54,604 - INFO - mIoU: 0.8505; OA: 0.9513; AA: 0.8897; F1: 0.9168; Kappa: 0.9158;
2025-11-16 02:59:54,604 - INFO - spatial_LccAccuracy: 0.712; spatial_PA: 0.9228; spatial_UA: 0.9249; spatial_F1: 0.9238
2025-11-16 02:59:54,605 - INFO - temporal_CdAccuracy: 0.5645; temporal_PA: 0.8306; temporal_UA: 0.8138; temporal_F1: 0.8221
2025-11-16 02:59:54,605 - INFO - Confusion Matrix
 [77479.	 1265.	   19.	   13.	   88.]
 [ 4486.	55474.	  197.	   47.	   58.]
 [   22.	  447.	 2582.	    0.	    0.]
 [  270.	   74.	   41.	 1130.	    0.]
 [  348.	  177.	    2.	    0.	10761.]
2025-11-16 02:59:54,674 - INFO - Epoch 12 saved.
2025-11-16 02:59:54,674 - INFO - model saved 13 times, last saved epoch: 12.

2025-11-16 02:59:57,974 - INFO - Epoch 13, Train loss: 0.09401626139879227
2025-11-16 02:59:58,839 - INFO - mIoU: 0.8554; OA: 0.9563; AA: 0.8867; F1: 0.9196; Kappa: 0.9249;
2025-11-16 02:59:58,840 - INFO - spatial_LccAccuracy: 0.7158; spatial_PA: 0.9445; spatial_UA: 0.9381; spatial_F1: 0.9413
2025-11-16 02:59:58,840 - INFO - temporal_CdAccuracy: 0.5788; temporal_PA: 0.8465; temporal_UA: 0.8302; temporal_F1: 0.8383
2025-11-16 02:59:58,840 - INFO - Confusion Matrix
 [75987.	 2738.	   10.	    8.	  121.]
 [ 2229.	57862.	  100.	   32.	   39.]
 [   18.	  537.	 2496.	    0.	    0.]
 [  256.	  109.	   30.	 1120.	    0.]
 [  266.	  270.	    2.	    0.	10750.]
2025-11-16 02:59:58,906 - INFO - Epoch 13 saved.
2025-11-16 02:59:58,907 - INFO - model saved 14 times, last saved epoch: 13.

2025-11-16 03:00:02,137 - INFO - Epoch 14, Train loss: 0.08609016984701157
2025-11-16 03:00:02,952 - INFO - mIoU: 0.8657; OA: 0.956; AA: 0.9017; F1: 0.9264; Kappa: 0.9241;
2025-11-16 03:00:02,952 - INFO - spatial_LccAccuracy: 0.7348; spatial_PA: 0.9358; spatial_UA: 0.9447; spatial_F1: 0.9403
2025-11-16 03:00:02,953 - INFO - temporal_CdAccuracy: 0.585; temporal_PA: 0.8546; temporal_UA: 0.8295; temporal_F1: 0.8419
2025-11-16 03:00:02,953 - INFO - Confusion Matrix
 [77493.	 1256.	   15.	    7.	   93.]
 [ 3851.	56135.	  205.	   34.	   37.]
 [   20.	  434.	 2597.	    0.	    0.]
 [  219.	   59.	   37.	 1200.	    0.]
 [  352.	  200.	    2.	    0.	10734.]
2025-11-16 03:00:03,044 - INFO - Epoch 14 saved.
2025-11-16 03:00:03,044 - INFO - model saved 15 times, last saved epoch: 14.

2025-11-16 03:00:05,943 - INFO - Epoch 15, Train loss: 0.07618579268455505
2025-11-16 03:00:06,764 - INFO - mIoU: 0.8817; OA: 0.9596; AA: 0.9113; F1: 0.936; Kappa: 0.9304;
2025-11-16 03:00:06,764 - INFO - spatial_LccAccuracy: 0.7569; spatial_PA: 0.9378; spatial_UA: 0.9626; spatial_F1: 0.9501
2025-11-16 03:00:06,764 - INFO - temporal_CdAccuracy: 0.6175; temporal_PA: 0.8667; temporal_UA: 0.8542; temporal_F1: 0.8604
2025-11-16 03:00:06,765 - INFO - Confusion Matrix
 [77106.	 1655.	    9.	    6.	   88.]
 [ 3059.	57013.	  151.	   14.	   25.]
 [   17.	  484.	 2549.	    1.	    0.]
 [  116.	   95.	   27.	 1277.	    0.]
 [  258.	  253.	    2.	    0.	10775.]
2025-11-16 03:00:06,829 - INFO - Epoch 15 saved.
2025-11-16 03:00:06,829 - INFO - model saved 16 times, last saved epoch: 15.

2025-11-16 03:00:09,779 - INFO - Epoch 16, Train loss: 0.07109802216291428
2025-11-16 03:00:10,668 - INFO - mIoU: 0.8882; OA: 0.9622; AA: 0.9152; F1: 0.9395; Kappa: 0.935;
2025-11-16 03:00:10,668 - INFO - spatial_LccAccuracy: 0.7685; spatial_PA: 0.9442; spatial_UA: 0.9544; spatial_F1: 0.9493
2025-11-16 03:00:10,668 - INFO - temporal_CdAccuracy: 0.6256; temporal_PA: 0.8767; temporal_UA: 0.8546; temporal_F1: 0.8655
2025-11-16 03:00:10,668 - INFO - Confusion Matrix
 [77143.	 1598.	    7.	    4.	  112.]
 [ 2880.	57195.	  112.	   11.	   64.]
 [   20.	  520.	 2511.	    0.	    0.]
 [  144.	   49.	   30.	 1292.	    0.]
 [  134.	  168.	    2.	    0.	10984.]
2025-11-16 03:00:10,731 - INFO - Epoch 16 saved.
2025-11-16 03:00:10,732 - INFO - model saved 17 times, last saved epoch: 16.

2025-11-16 03:00:13,920 - INFO - Epoch 17, Train loss: 0.06732695549726486
2025-11-16 03:00:14,763 - INFO - mIoU: 0.8954; OA: 0.9562; AA: 0.9339; F1: 0.9439; Kappa: 0.9245;
2025-11-16 03:00:14,764 - INFO - spatial_LccAccuracy: 0.7971; spatial_PA: 0.9375; spatial_UA: 0.9584; spatial_F1: 0.9478
2025-11-16 03:00:14,764 - INFO - temporal_CdAccuracy: 0.6132; temporal_PA: 0.8565; temporal_UA: 0.8431; temporal_F1: 0.8497
2025-11-16 03:00:14,765 - INFO - Confusion Matrix
 [78116.	  665.	   11.	    9.	   63.]
 [ 4888.	55025.	  242.	   44.	   63.]
 [   22.	  374.	 2653.	    2.	    0.]
 [   95.	    7.	   17.	 1396.	    0.]
 [  140.	  141.	    2.	    0.	11005.]
2025-11-16 03:00:14,834 - INFO - Epoch 17 saved.
2025-11-16 03:00:14,835 - INFO - model saved 18 times, last saved epoch: 17.

2025-11-16 03:00:17,988 - INFO - Epoch 18, Train loss: 0.06367503851652145
2025-11-16 03:00:18,840 - INFO - mIoU: 0.9006; OA: 0.9647; AA: 0.9237; F1: 0.9467; Kappa: 0.9393;
2025-11-16 03:00:18,841 - INFO - spatial_LccAccuracy: 0.7917; spatial_PA: 0.9491; spatial_UA: 0.9779; spatial_F1: 0.9633
2025-11-16 03:00:18,841 - INFO - temporal_CdAccuracy: 0.6527; temporal_PA: 0.8841; temporal_UA: 0.8675; temporal_F1: 0.8757
2025-11-16 03:00:18,842 - INFO - Confusion Matrix
 [76475.	 2329.	    4.	    6.	   50.]
 [ 1861.	58292.	   96.	    4.	    9.]
 [   13.	  521.	 2516.	    1.	    0.]
 [   74.	   73.	   14.	 1354.	    0.]
 [  124.	  293.	    1.	    0.	10870.]
2025-11-16 03:00:18,908 - INFO - Epoch 18 saved.
2025-11-16 03:00:18,908 - INFO - model saved 19 times, last saved epoch: 18.

2025-11-16 03:00:22,034 - INFO - Epoch 19, Train loss: 0.056265901774168015
2025-11-16 03:00:22,896 - INFO - mIoU: 0.9055; OA: 0.9634; AA: 0.9342; F1: 0.9495; Kappa: 0.9374;
2025-11-16 03:00:22,896 - INFO - spatial_LccAccuracy: 0.7987; spatial_PA: 0.9638; spatial_UA: 0.9789; spatial_F1: 0.9713
2025-11-16 03:00:22,897 - INFO - temporal_CdAccuracy: 0.6392; temporal_PA: 0.8712; temporal_UA: 0.8567; temporal_F1: 0.8639
2025-11-16 03:00:22,897 - INFO - Confusion Matrix
 [75487.	 3275.	   15.	   10.	   77.]
 [ 1215.	58878.	  133.	   11.	   25.]
 [   11.	  445.	 2595.	    0.	    0.]
 [   56.	   53.	   21.	 1385.	    0.]
 [   62.	  255.	    1.	    0.	10970.]
2025-11-16 03:00:22,964 - INFO - Epoch 19 saved.
2025-11-16 03:00:22,964 - INFO - model saved 20 times, last saved epoch: 19.

2025-11-16 03:00:25,924 - INFO - Epoch 20, Train loss: 0.051680125296115875
2025-11-16 03:00:26,710 - INFO - mIoU: 0.9139; OA: 0.9669; AA: 0.9392; F1: 0.9541; Kappa: 0.943;
2025-11-16 03:00:26,710 - INFO - spatial_LccAccuracy: 0.8238; spatial_PA: 0.9541; spatial_UA: 0.9785; spatial_F1: 0.9661
2025-11-16 03:00:26,710 - INFO - temporal_CdAccuracy: 0.6667; temporal_PA: 0.8938; temporal_UA: 0.8783; temporal_F1: 0.886
2025-11-16 03:00:26,711 - INFO - Confusion Matrix
 [77665.	 1141.	    6.	    7.	   45.]
 [ 2882.	57173.	  160.	    8.	   39.]
 [   18.	  419.	 2614.	    0.	    0.]
 [   60.	   35.	    6.	 1414.	    0.]
 [  103.	  205.	    2.	    0.	10978.]
2025-11-16 03:00:26,777 - INFO - Epoch 20 saved.
2025-11-16 03:00:26,778 - INFO - model saved 21 times, last saved epoch: 20.

2025-11-16 03:00:29,781 - INFO - Epoch 21, Train loss: 0.04971792921423912
2025-11-16 03:00:30,666 - INFO - mIoU: 0.9185; OA: 0.9685; AA: 0.946; F1: 0.9566; Kappa: 0.9459;
2025-11-16 03:00:30,666 - INFO - spatial_LccAccuracy: 0.8208; spatial_PA: 0.951; spatial_UA: 0.9819; spatial_F1: 0.9662
2025-11-16 03:00:30,666 - INFO - temporal_CdAccuracy: 0.6717; temporal_PA: 0.8999; temporal_UA: 0.8849; temporal_F1: 0.8923
2025-11-16 03:00:30,666 - INFO - Confusion Matrix
 [77435.	 1363.	    7.	   10.	   49.]
 [ 2492.	57531.	  178.	   18.	   43.]
 [   15.	  409.	 2626.	    1.	    0.]
 [   53.	   16.	    2.	 1444.	    0.]
 [   60.	  167.	    2.	    0.	11059.]
2025-11-16 03:00:30,750 - INFO - Epoch 21 saved.
2025-11-16 03:00:30,750 - INFO - model saved 22 times, last saved epoch: 21.

2025-11-16 03:00:33,824 - INFO - Epoch 22, Train loss: 0.04525669291615486
2025-11-16 03:00:34,674 - INFO - mIoU: 0.9127; OA: 0.9672; AA: 0.9386; F1: 0.9535; Kappa: 0.9436;
2025-11-16 03:00:34,674 - INFO - spatial_LccAccuracy: 0.8258; spatial_PA: 0.9527; spatial_UA: 0.9824; spatial_F1: 0.9673
2025-11-16 03:00:34,674 - INFO - temporal_CdAccuracy: 0.6756; temporal_PA: 0.8983; temporal_UA: 0.8842; temporal_F1: 0.8912
2025-11-16 03:00:34,675 - INFO - Confusion Matrix
 [77561.	 1260.	    2.	   10.	   31.]
 [ 2606.	57478.	  153.	   21.	    4.]
 [   17.	  437.	 2595.	    2.	    0.]
 [   53.	   30.	    0.	 1432.	    0.]
 [  138.	  312.	    1.	    0.	10837.]
2025-11-16 03:00:34,676 - INFO - model saved 22 times, last saved epoch: 21.

2025-11-16 03:00:37,677 - INFO - Epoch 23, Train loss: 0.04310458526015282
2025-11-16 03:00:38,519 - INFO - mIoU: 0.9192; OA: 0.9684; AA: 0.9487; F1: 0.957; Kappa: 0.9458;
2025-11-16 03:00:38,519 - INFO - spatial_LccAccuracy: 0.8211; spatial_PA: 0.9537; spatial_UA: 0.9742; spatial_F1: 0.9638
2025-11-16 03:00:38,519 - INFO - temporal_CdAccuracy: 0.6771; temporal_PA: 0.8978; temporal_UA: 0.8833; temporal_F1: 0.8905
2025-11-16 03:00:38,520 - INFO - Confusion Matrix
 [77312.	 1533.	    8.	    8.	    3.]
 [ 2308.	57675.	  236.	   18.	   25.]
 [   15.	  361.	 2674.	    1.	    0.]
 [   48.	   14.	    2.	 1451.	    0.]
 [   79.	  233.	    3.	    0.	10973.]
2025-11-16 03:00:38,586 - INFO - Epoch 23 saved.
2025-11-16 03:00:38,586 - INFO - model saved 23 times, last saved epoch: 23.

2025-11-16 03:00:41,437 - INFO - Epoch 24, Train loss: 0.03985659405589104
2025-11-16 03:00:42,324 - INFO - mIoU: 0.917; OA: 0.9684; AA: 0.9496; F1: 0.9556; Kappa: 0.9458;
2025-11-16 03:00:42,325 - INFO - spatial_LccAccuracy: 0.8378; spatial_PA: 0.9515; spatial_UA: 0.9838; spatial_F1: 0.9674
2025-11-16 03:00:42,325 - INFO - temporal_CdAccuracy: 0.6783; temporal_PA: 0.9041; temporal_UA: 0.8927; temporal_F1: 0.8984
2025-11-16 03:00:42,326 - INFO - Confusion Matrix
 [77626.	 1177.	   14.	   11.	   36.]
 [ 2637.	57281.	  296.	   13.	   35.]
 [   13.	  352.	 2686.	    0.	    0.]
 [   38.	   32.	    0.	 1445.	    0.]
 [   56.	  176.	    4.	    0.	11052.]
2025-11-16 03:00:42,327 - INFO - model saved 23 times, last saved epoch: 23.

2025-11-16 03:00:45,205 - INFO - Epoch 25, Train loss: 0.038035035133361816
2025-11-16 03:00:46,010 - INFO - mIoU: 0.9148; OA: 0.9669; AA: 0.9368; F1: 0.9547; Kappa: 0.943;
2025-11-16 03:00:46,010 - INFO - spatial_LccAccuracy: 0.825; spatial_PA: 0.9509; spatial_UA: 0.9845; spatial_F1: 0.9674
2025-11-16 03:00:46,010 - INFO - temporal_CdAccuracy: 0.6702; temporal_PA: 0.8967; temporal_UA: 0.885; temporal_F1: 0.8908
2025-11-16 03:00:46,011 - INFO - Confusion Matrix
 [77401.	 1435.	    2.	   10.	   16.]
 [ 2543.	57596.	  113.	    6.	    4.]
 [   13.	  462.	 2576.	    0.	    0.]
 [   34.	   55.	    0.	 1426.	    0.]
 [   80.	  357.	    1.	    0.	10850.]
2025-11-16 03:00:46,012 - INFO - model saved 23 times, last saved epoch: 23.

2025-11-16 03:00:49,167 - INFO - Epoch 26, Train loss: 0.03506036475300789
2025-11-16 03:00:49,981 - INFO - mIoU: 0.9187; OA: 0.9697; AA: 0.9395; F1: 0.9566; Kappa: 0.9479;
2025-11-16 03:00:49,982 - INFO - spatial_LccAccuracy: 0.83; spatial_PA: 0.9562; spatial_UA: 0.9834; spatial_F1: 0.9696
2025-11-16 03:00:49,982 - INFO - temporal_CdAccuracy: 0.6899; temporal_PA: 0.8996; temporal_UA: 0.8988; temporal_F1: 0.8992
2025-11-16 03:00:49,983 - INFO - Confusion Matrix
 [77116.	 1696.	    3.	    5.	   44.]
 [ 1984.	58135.	  105.	    5.	   33.]
 [   14.	  485.	 2552.	    0.	    0.]
 [   36.	   56.	    0.	 1423.	    0.]
 [   39.	  193.	    1.	    0.	11055.]
2025-11-16 03:00:49,984 - INFO - model saved 23 times, last saved epoch: 23.

2025-11-16 03:00:53,004 - INFO - Epoch 27, Train loss: 0.03228208050131798
2025-11-16 03:00:53,806 - INFO - mIoU: 0.9232; OA: 0.9705; AA: 0.9453; F1: 0.9592; Kappa: 0.9494;
2025-11-16 03:00:53,807 - INFO - spatial_LccAccuracy: 0.8374; spatial_PA: 0.9597; spatial_UA: 0.9843; spatial_F1: 0.9719
2025-11-16 03:00:53,807 - INFO - temporal_CdAccuracy: 0.686; temporal_PA: 0.9028; temporal_UA: 0.8922; temporal_F1: 0.8975
2025-11-16 03:00:53,808 - INFO - Confusion Matrix
 [77186.	 1641.	    1.	    4.	   32.]
 [ 1942.	58149.	  130.	   11.	   30.]
 [   16.	  430.	 2605.	    0.	    0.]
 [   43.	   30.	    0.	 1442.	    0.]
 [   60.	  198.	    1.	    0.	11029.]
2025-11-16 03:00:53,873 - INFO - Epoch 27 saved.
2025-11-16 03:00:53,874 - INFO - model saved 24 times, last saved epoch: 27.

2025-11-16 03:00:56,937 - INFO - Epoch 28, Train loss: 0.03136935457587242
2025-11-16 03:00:57,830 - INFO - mIoU: 0.9239; OA: 0.9705; AA: 0.952; F1: 0.9596; Kappa: 0.9494;
2025-11-16 03:00:57,830 - INFO - spatial_LccAccuracy: 0.8304; spatial_PA: 0.9647; spatial_UA: 0.9849; spatial_F1: 0.9747
2025-11-16 03:00:57,831 - INFO - temporal_CdAccuracy: 0.6752; temporal_PA: 0.9091; temporal_UA: 0.89; temporal_F1: 0.8995
2025-11-16 03:00:57,831 - INFO - Confusion Matrix
 [76752.	 2023.	   10.	   10.	   69.]
 [ 1565.	58435.	  206.	    9.	   47.]
 [    8.	  364.	 2679.	    0.	    0.]
 [   25.	   40.	    1.	 1449.	    0.]
 [   25.	  170.	    3.	    0.	11090.]
2025-11-16 03:00:57,897 - INFO - Epoch 28 saved.
2025-11-16 03:00:57,898 - INFO - model saved 25 times, last saved epoch: 28.

2025-11-16 03:01:01,075 - INFO - Epoch 29, Train loss: 0.028531700372695923
2025-11-16 03:01:01,962 - INFO - mIoU: 0.917; OA: 0.9666; AA: 0.9483; F1: 0.956; Kappa: 0.9426;
2025-11-16 03:01:01,962 - INFO - spatial_LccAccuracy: 0.837; spatial_PA: 0.9518; spatial_UA: 0.9847; spatial_F1: 0.968
2025-11-16 03:01:01,962 - INFO - temporal_CdAccuracy: 0.676; temporal_PA: 0.898; temporal_UA: 0.8921; temporal_F1: 0.8951
2025-11-16 03:01:01,962 - INFO - Confusion Matrix
 [78042.	  805.	    1.	    9.	    7.]
 [ 3310.	56731.	  146.	   63.	   12.]
 [   19.	  390.	 2633.	    9.	    0.]
 [   26.	    4.	    0.	 1485.	    0.]
 [   94.	  272.	    3.	    1.	10918.]
2025-11-16 03:01:01,962 - INFO - model saved 25 times, last saved epoch: 28.

2025-11-16 03:01:05,140 - INFO - Epoch 30, Train loss: 0.026291480287909508
2025-11-16 03:01:06,020 - INFO - mIoU: 0.9222; OA: 0.9715; AA: 0.9406; F1: 0.9585; Kappa: 0.951;
2025-11-16 03:01:06,020 - INFO - spatial_LccAccuracy: 0.8393; spatial_PA: 0.9581; spatial_UA: 0.9874; spatial_F1: 0.9725
2025-11-16 03:01:06,020 - INFO - temporal_CdAccuracy: 0.6883; temporal_PA: 0.9126; temporal_UA: 0.8979; temporal_F1: 0.9052
2025-11-16 03:01:06,021 - INFO - Confusion Matrix
 [77525.	 1294.	    2.	    2.	   41.]
 [ 2166.	57968.	   79.	    6.	   43.]
 [   12.	  506.	 2533.	    0.	    0.]
 [   31.	   53.	    0.	 1431.	    0.]
 [   35.	  152.	    1.	    0.	11100.]
2025-11-16 03:01:06,022 - INFO - model saved 25 times, last saved epoch: 28.

2025-11-16 03:01:09,107 - INFO - Epoch 31, Train loss: 0.02530529908835888
2025-11-16 03:01:09,937 - INFO - mIoU: 0.9201; OA: 0.9681; AA: 0.9469; F1: 0.9574; Kappa: 0.9452;
2025-11-16 03:01:09,937 - INFO - spatial_LccAccuracy: 0.8479; spatial_PA: 0.9537; spatial_UA: 0.9862; spatial_F1: 0.9697
2025-11-16 03:01:09,937 - INFO - temporal_CdAccuracy: 0.6864; temporal_PA: 0.9061; temporal_UA: 0.9015; temporal_F1: 0.9038
2025-11-16 03:01:09,937 - INFO - Confusion Matrix
 [77830.	 1003.	    2.	    9.	   20.]
 [ 2841.	57184.	  215.	    9.	   13.]
 [   10.	  400.	 2641.	    0.	    0.]
 [   10.	   42.	    0.	 1463.	    0.]
 [   81.	  285.	    2.	    0.	10920.]
2025-11-16 03:01:09,938 - INFO - model saved 25 times, last saved epoch: 28.

2025-11-16 03:01:12,923 - INFO - Epoch 32, Train loss: 0.023385658860206604
2025-11-16 03:01:13,696 - INFO - mIoU: 0.9191; OA: 0.968; AA: 0.9464; F1: 0.9569; Kappa: 0.9453;
2025-11-16 03:01:13,696 - INFO - spatial_LccAccuracy: 0.8173; spatial_PA: 0.9529; spatial_UA: 0.9859; spatial_F1: 0.9691
2025-11-16 03:01:13,697 - INFO - temporal_CdAccuracy: 0.6628; temporal_PA: 0.898; temporal_UA: 0.8779; temporal_F1: 0.8878
2025-11-16 03:01:13,697 - INFO - Confusion Matrix
 [76326.	 2360.	   13.	   10.	  155.]
 [ 1500.	58540.	  141.	    7.	   74.]
 [    5.	  460.	 2586.	    0.	    0.]
 [   12.	   49.	    0.	 1454.	    0.]
 [   10.	  154.	    2.	    0.	11122.]
2025-11-16 03:01:13,698 - INFO - model saved 25 times, last saved epoch: 28.

2025-11-16 03:01:16,427 - INFO - Epoch 33, Train loss: 0.021898014470934868
2025-11-16 03:01:17,268 - INFO - mIoU: 0.9245; OA: 0.9686; AA: 0.9494; F1: 0.96; Kappa: 0.9463;
2025-11-16 03:01:17,268 - INFO - spatial_LccAccuracy: 0.8397; spatial_PA: 0.9692; spatial_UA: 0.9871; spatial_F1: 0.9781
2025-11-16 03:01:17,268 - INFO - temporal_CdAccuracy: 0.6744; temporal_PA: 0.8938; temporal_UA: 0.8819; temporal_F1: 0.8878
2025-11-16 03:01:17,269 - INFO - Confusion Matrix
 [75924.	 2888.	    3.	   12.	   37.]
 [  993.	59105.	  144.	    7.	   13.]
 [    6.	  397.	 2648.	    0.	    0.]
 [    9.	   48.	    0.	 1458.	    0.]
 [   34.	  266.	    3.	    0.	10985.]
2025-11-16 03:01:17,335 - INFO - Epoch 33 saved.
2025-11-16 03:01:17,335 - INFO - model saved 26 times, last saved epoch: 33.

2025-11-16 03:01:20,355 - INFO - Epoch 34, Train loss: 0.021092014387249947
2025-11-16 03:01:21,165 - INFO - mIoU: 0.9297; OA: 0.9712; AA: 0.9555; F1: 0.9627; Kappa: 0.9506;
2025-11-16 03:01:21,165 - INFO - spatial_LccAccuracy: 0.8525; spatial_PA: 0.9622; spatial_UA: 0.9876; spatial_F1: 0.9747
2025-11-16 03:01:21,165 - INFO - temporal_CdAccuracy: 0.6833; temporal_PA: 0.916; temporal_UA: 0.8939; temporal_F1: 0.9048
2025-11-16 03:01:21,166 - INFO - Confusion Matrix
 [77853.	  971.	    2.	   10.	   28.]
 [ 2568.	57459.	  196.	   13.	   26.]
 [   12.	  357.	 2682.	    0.	    0.]
 [   11.	   20.	    0.	 1484.	    0.]
 [   53.	  188.	    2.	    0.	11045.]
2025-11-16 03:01:21,232 - INFO - Epoch 34 saved.
2025-11-16 03:01:21,232 - INFO - model saved 27 times, last saved epoch: 34.

2025-11-16 03:01:24,348 - INFO - Epoch 35, Train loss: 0.02001958154141903
2025-11-16 03:01:25,200 - INFO - mIoU: 0.9233; OA: 0.9714; AA: 0.9436; F1: 0.9591; Kappa: 0.9508;
2025-11-16 03:01:25,200 - INFO - spatial_LccAccuracy: 0.8366; spatial_PA: 0.9598; spatial_UA: 0.9878; spatial_F1: 0.9736
2025-11-16 03:01:25,200 - INFO - temporal_CdAccuracy: 0.6895; temporal_PA: 0.9158; temporal_UA: 0.9011; temporal_F1: 0.9084
2025-11-16 03:01:25,201 - INFO - Confusion Matrix
 [77417.	 1392.	    2.	    4.	   49.]
 [ 2041.	58075.	  109.	    6.	   31.]
 [   11.	  496.	 2544.	    0.	    0.]
 [   27.	   34.	    0.	 1454.	    0.]
 [   39.	  198.	    1.	    0.	11050.]
2025-11-16 03:01:25,202 - INFO - model saved 27 times, last saved epoch: 34.

2025-11-16 03:01:28,508 - INFO - Epoch 36, Train loss: 0.018219416961073875
2025-11-16 03:01:29,296 - INFO - mIoU: 0.9232; OA: 0.9688; AA: 0.9526; F1: 0.9591; Kappa: 0.9464;
2025-11-16 03:01:29,296 - INFO - spatial_LccAccuracy: 0.8463; spatial_PA: 0.9555; spatial_UA: 0.9867; spatial_F1: 0.9708
2025-11-16 03:01:29,296 - INFO - temporal_CdAccuracy: 0.6783; temporal_PA: 0.9139; temporal_UA: 0.8931; temporal_F1: 0.9034
2025-11-16 03:01:29,297 - INFO - Confusion Matrix
 [78078.	  775.	    2.	    9.	    0.]
 [ 3036.	56915.	  251.	   16.	   44.]
 [   13.	  357.	 2681.	    0.	    0.]
 [   13.	   24.	    0.	 1478.	    0.]
 [  100.	  185.	    3.	    1.	10999.]
2025-11-16 03:01:29,298 - INFO - model saved 27 times, last saved epoch: 34.

2025-11-16 03:01:32,376 - INFO - Epoch 37, Train loss: 0.01689942739903927
2025-11-16 03:01:33,290 - INFO - mIoU: 0.9295; OA: 0.971; AA: 0.9553; F1: 0.9627; Kappa: 0.9501;
2025-11-16 03:01:33,291 - INFO - spatial_LccAccuracy: 0.8432; spatial_PA: 0.9585; spatial_UA: 0.9857; spatial_F1: 0.9719
2025-11-16 03:01:33,291 - INFO - temporal_CdAccuracy: 0.6833; temporal_PA: 0.9144; temporal_UA: 0.8999; temporal_F1: 0.9071
2025-11-16 03:01:33,292 - INFO - Confusion Matrix
 [77622.	 1202.	    2.	    8.	   30.]
 [ 2384.	57646.	  187.	   14.	   31.]
 [    6.	  358.	 2686.	    1.	    0.]
 [   18.	   17.	    0.	 1480.	    0.]
 [   39.	  201.	    3.	    0.	11045.]
2025-11-16 03:01:33,293 - INFO - model saved 27 times, last saved epoch: 34.

2025-11-16 03:01:36,301 - INFO - Epoch 38, Train loss: 0.016184577718377113
2025-11-16 03:01:37,114 - INFO - mIoU: 0.9311; OA: 0.9722; AA: 0.9557; F1: 0.9634; Kappa: 0.9522;
2025-11-16 03:01:37,114 - INFO - spatial_LccAccuracy: 0.8552; spatial_PA: 0.9581; spatial_UA: 0.9874; spatial_F1: 0.9725
2025-11-16 03:01:37,114 - INFO - temporal_CdAccuracy: 0.6841; temporal_PA: 0.9223; temporal_UA: 0.8983; temporal_F1: 0.9101
2025-11-16 03:01:37,115 - INFO - Confusion Matrix
 [77681.	 1114.	    2.	   11.	   56.]
 [ 2317.	57710.	  176.	    6.	   53.]
 [    8.	  380.	 2663.	    0.	    0.]
 [   10.	   25.	    0.	 1480.	    0.]
 [   22.	  131.	    2.	    0.	11133.]
2025-11-16 03:01:37,182 - INFO - Epoch 38 saved.
2025-11-16 03:01:37,183 - INFO - model saved 28 times, last saved epoch: 38.

2025-11-16 03:01:40,012 - INFO - Epoch 39, Train loss: 0.015771126374602318
2025-11-16 03:01:40,850 - INFO - mIoU: 0.9304; OA: 0.9721; AA: 0.9528; F1: 0.9632; Kappa: 0.9521;
2025-11-16 03:01:40,850 - INFO - spatial_LccAccuracy: 0.8451; spatial_PA: 0.9563; spatial_UA: 0.9869; spatial_F1: 0.9714
2025-11-16 03:01:40,851 - INFO - temporal_CdAccuracy: 0.6864; temporal_PA: 0.9198; temporal_UA: 0.8959; temporal_F1: 0.9077
2025-11-16 03:01:40,851 - INFO - Confusion Matrix
 [77396.	 1352.	    2.	   11.	  103.]
 [ 2057.	58026.	  112.	    6.	   61.]
 [    4.	  404.	 2643.	    0.	    0.]
 [    9.	   40.	    0.	 1466.	    0.]
 [   14.	  147.	    2.	    0.	11125.]
2025-11-16 03:01:40,852 - INFO - model saved 28 times, last saved epoch: 38.

2025-11-16 03:01:44,009 - INFO - Epoch 40, Train loss: 0.01423252560198307
2025-11-16 03:01:44,808 - INFO - mIoU: 0.9276; OA: 0.9696; AA: 0.9538; F1: 0.9614; Kappa: 0.9478;
2025-11-16 03:01:44,808 - INFO - spatial_LccAccuracy: 0.8479; spatial_PA: 0.9598; spatial_UA: 0.9878; spatial_F1: 0.9736
2025-11-16 03:01:44,808 - INFO - temporal_CdAccuracy: 0.6794; temporal_PA: 0.908; temporal_UA: 0.8946; temporal_F1: 0.9012
2025-11-16 03:01:44,809 - INFO - Confusion Matrix
 [77797.	 1019.	   10.	    5.	   33.]
 [ 2778.	57181.	  190.	    7.	  106.]
 [    9.	  393.	 2649.	    0.	    0.]
 [   24.	   12.	    0.	 1479.	    0.]
 [   29.	   90.	    2.	    0.	11167.]
2025-11-16 03:01:44,810 - INFO - model saved 28 times, last saved epoch: 38.

2025-11-16 03:01:48,074 - INFO - Epoch 41, Train loss: 0.014437563717365265
2025-11-16 03:01:48,985 - INFO - mIoU: 0.933; OA: 0.973; AA: 0.9541; F1: 0.9646; Kappa: 0.9537;
2025-11-16 03:01:48,985 - INFO - spatial_LccAccuracy: 0.8537; spatial_PA: 0.9642; spatial_UA: 0.9891; spatial_F1: 0.9764
2025-11-16 03:01:48,985 - INFO - temporal_CdAccuracy: 0.6907; temporal_PA: 0.9131; temporal_UA: 0.9003; temporal_F1: 0.9066
2025-11-16 03:01:48,986 - INFO - Confusion Matrix
 [77279.	 1573.	    2.	    4.	    6.]
 [ 1745.	58341.	  132.	   10.	   34.]
 [    6.	  392.	 2653.	    0.	    0.]
 [   13.	   27.	    0.	 1475.	    0.]
 [   41.	  190.	    3.	    0.	11054.]
2025-11-16 03:01:49,071 - INFO - Epoch 41 saved.
2025-11-16 03:01:49,071 - INFO - model saved 29 times, last saved epoch: 41.

2025-11-16 03:01:51,991 - INFO - Epoch 42, Train loss: 0.01373371947556734
2025-11-16 03:01:52,808 - INFO - mIoU: 0.9296; OA: 0.9722; AA: 0.9532; F1: 0.9626; Kappa: 0.9522;
2025-11-16 03:01:52,808 - INFO - spatial_LccAccuracy: 0.8494; spatial_PA: 0.9633; spatial_UA: 0.9888; spatial_F1: 0.9759
2025-11-16 03:01:52,808 - INFO - temporal_CdAccuracy: 0.6918; temporal_PA: 0.9116; temporal_UA: 0.8981; temporal_F1: 0.9048
2025-11-16 03:01:52,809 - INFO - Confusion Matrix
 [77265.	 1574.	    2.	   10.	   13.]
 [ 1770.	58301.	  166.	    9.	   16.]
 [    8.	  397.	 2646.	    0.	    0.]
 [    6.	   25.	    0.	 1484.	    0.]
 [   74.	  241.	    3.	    0.	10970.]
2025-11-16 03:01:52,810 - INFO - model saved 29 times, last saved epoch: 41.

2025-11-16 03:01:56,006 - INFO - Epoch 43, Train loss: 0.013925448060035706
2025-11-16 03:01:56,846 - INFO - mIoU: 0.9305; OA: 0.9716; AA: 0.9588; F1: 0.9631; Kappa: 0.9512;
2025-11-16 03:01:56,847 - INFO - spatial_LccAccuracy: 0.8548; spatial_PA: 0.9583; spatial_UA: 0.9883; spatial_F1: 0.9731
2025-11-16 03:01:56,847 - INFO - temporal_CdAccuracy: 0.686; temporal_PA: 0.9196; temporal_UA: 0.9; temporal_F1: 0.9097
2025-11-16 03:01:56,847 - INFO - Confusion Matrix
 [77940.	  887.	    3.	   12.	   22.]
 [ 2614.	57365.	  223.	   19.	   41.]
 [    5.	  343.	 2703.	    0.	    0.]
 [   13.	    7.	    0.	 1495.	    0.]
 [   40.	  173.	    3.	    0.	11072.]
2025-11-16 03:01:56,848 - INFO - model saved 29 times, last saved epoch: 41.

2025-11-16 03:01:59,897 - INFO - Epoch 44, Train loss: 0.011398936621844769
2025-11-16 03:02:00,720 - INFO - mIoU: 0.931; OA: 0.9732; AA: 0.9534; F1: 0.9635; Kappa: 0.9539;
2025-11-16 03:02:00,720 - INFO - spatial_LccAccuracy: 0.8444; spatial_PA: 0.958; spatial_UA: 0.9838; spatial_F1: 0.9707
2025-11-16 03:02:00,720 - INFO - temporal_CdAccuracy: 0.6911; temporal_PA: 0.9152; temporal_UA: 0.9032; temporal_F1: 0.9092
2025-11-16 03:02:00,721 - INFO - Confusion Matrix
 [77278.	 1539.	    6.	   11.	   30.]
 [ 1737.	58346.	  142.	    6.	   31.]
 [    6.	  386.	 2659.	    0.	    0.]
 [    7.	   44.	    0.	 1464.	    0.]
 [   29.	  185.	    2.	    0.	11072.]
2025-11-16 03:02:00,722 - INFO - model saved 29 times, last saved epoch: 41.

2025-11-16 03:02:03,688 - INFO - Epoch 45, Train loss: 0.01303142961114645
2025-11-16 03:02:04,447 - INFO - mIoU: 0.9242; OA: 0.9652; AA: 0.9521; F1: 0.9598; Kappa: 0.94;
2025-11-16 03:02:04,447 - INFO - spatial_LccAccuracy: 0.8366; spatial_PA: 0.9488; spatial_UA: 0.9857; spatial_F1: 0.9669
2025-11-16 03:02:04,447 - INFO - temporal_CdAccuracy: 0.6667; temporal_PA: 0.9075; temporal_UA: 0.8778; temporal_F1: 0.8924
2025-11-16 03:02:04,448 - INFO - Confusion Matrix
 [78278.	  576.	    2.	    8.	    0.]
 [ 3821.	56196.	  226.	    8.	   11.]
 [    7.	  325.	 2719.	    0.	    0.]
 [   17.	   16.	    0.	 1482.	    0.]
 [  125.	  255.	    4.	    0.	10904.]
2025-11-16 03:02:04,449 - INFO - model saved 29 times, last saved epoch: 41.

2025-11-16 03:02:07,321 - INFO - Epoch 46, Train loss: 0.015497887507081032
2025-11-16 03:02:08,191 - INFO - mIoU: 0.9267; OA: 0.9682; AA: 0.9563; F1: 0.961; Kappa: 0.9453;
2025-11-16 03:02:08,191 - INFO - spatial_LccAccuracy: 0.8397; spatial_PA: 0.9566; spatial_UA: 0.9878; spatial_F1: 0.972
2025-11-16 03:02:08,191 - INFO - temporal_CdAccuracy: 0.6713; temporal_PA: 0.9157; temporal_UA: 0.884; temporal_F1: 0.8995
2025-11-16 03:02:08,192 - INFO - Confusion Matrix
 [78214.	  639.	    2.	    7.	    2.]
 [ 3264.	56696.	  280.	   10.	   12.]
 [   12.	  320.	 2719.	    0.	    0.]
 [    9.	    7.	    0.	 1499.	    0.]
 [  152.	  205.	    3.	    0.	10928.]
2025-11-16 03:02:08,193 - INFO - model saved 29 times, last saved epoch: 41.

2025-11-16 03:02:11,328 - INFO - Epoch 47, Train loss: 0.011089041829109192
2025-11-16 03:02:12,142 - INFO - mIoU: 0.932; OA: 0.9721; AA: 0.9517; F1: 0.9639; Kappa: 0.952;
2025-11-16 03:02:12,143 - INFO - spatial_LccAccuracy: 0.8494; spatial_PA: 0.9613; spatial_UA: 0.9874; spatial_F1: 0.9742
2025-11-16 03:02:12,143 - INFO - temporal_CdAccuracy: 0.6868; temporal_PA: 0.9192; temporal_UA: 0.9034; temporal_F1: 0.9112
2025-11-16 03:02:12,144 - INFO - Confusion Matrix
 [77884.	  953.	    1.	    3.	   23.]
 [ 2522.	57597.	  100.	   13.	   30.]
 [   11.	  430.	 2610.	    0.	    0.]
 [   17.	   17.	    0.	 1481.	    0.]
 [   24.	  178.	    2.	    0.	11084.]
2025-11-16 03:02:12,145 - INFO - model saved 29 times, last saved epoch: 41.

2025-11-16 03:02:15,308 - INFO - Epoch 48, Train loss: 0.010870607569813728
2025-11-16 03:02:16,221 - INFO - mIoU: 0.9314; OA: 0.9721; AA: 0.9607; F1: 0.9637; Kappa: 0.9521;
2025-11-16 03:02:16,222 - INFO - spatial_LccAccuracy: 0.8568; spatial_PA: 0.9718; spatial_UA: 0.9878; spatial_F1: 0.9798
2025-11-16 03:02:16,222 - INFO - temporal_CdAccuracy: 0.6949; temporal_PA: 0.9195; temporal_UA: 0.8996; temporal_F1: 0.9094
2025-11-16 03:02:16,223 - INFO - Confusion Matrix
 [77278.	 1529.	    3.	    9.	   45.]
 [ 1844.	58143.	  239.	   18.	   18.]
 [   10.	  305.	 2733.	    3.	    0.]
 [   12.	    5.	    0.	 1498.	    0.]
 [   78.	  211.	    2.	    0.	10997.]
2025-11-16 03:02:16,224 - INFO - model saved 29 times, last saved epoch: 41.

2025-11-16 03:02:19,209 - INFO - Epoch 49, Train loss: 0.010610323399305344
2025-11-16 03:02:20,023 - INFO - mIoU: 0.9326; OA: 0.9729; AA: 0.9535; F1: 0.9643; Kappa: 0.9535;
2025-11-16 03:02:20,023 - INFO - spatial_LccAccuracy: 0.8459; spatial_PA: 0.9642; spatial_UA: 0.9891; spatial_F1: 0.9764
2025-11-16 03:02:20,023 - INFO - temporal_CdAccuracy: 0.6876; temporal_PA: 0.9175; temporal_UA: 0.8986; temporal_F1: 0.908
2025-11-16 03:02:20,024 - INFO - Confusion Matrix
 [77106.	 1704.	    2.	    7.	   45.]
 [ 1602.	58519.	  107.	   12.	   22.]
 [    5.	  419.	 2627.	    0.	    0.]
 [   14.	   17.	    0.	 1484.	    0.]
 [   34.	  212.	    1.	    0.	11041.]
2025-11-16 03:02:20,025 - INFO - model saved 29 times, last saved epoch: 41.

2025-11-16 03:02:23,028 - INFO - Epoch 50, Train loss: 0.010938167572021484
2025-11-16 03:02:23,812 - INFO - mIoU: 0.9276; OA: 0.972; AA: 0.9459; F1: 0.9615; Kappa: 0.9518;
2025-11-16 03:02:23,812 - INFO - spatial_LccAccuracy: 0.8482; spatial_PA: 0.9546; spatial_UA: 0.9864; spatial_F1: 0.9703
2025-11-16 03:02:23,812 - INFO - temporal_CdAccuracy: 0.6903; temporal_PA: 0.9189; temporal_UA: 0.9022; temporal_F1: 0.9105
2025-11-16 03:02:23,813 - INFO - Confusion Matrix
 [77682.	 1172.	    1.	    6.	    3.]
 [ 2181.	57971.	   88.	    6.	   16.]
 [    9.	  480.	 2562.	    0.	    0.]
 [    8.	   33.	    0.	 1474.	    0.]
 [   83.	  256.	    2.	    0.	10947.]
2025-11-16 03:02:23,814 - INFO - model saved 29 times, last saved epoch: 41.

2025-11-16 03:02:26,957 - INFO - Epoch 51, Train loss: 0.008836123161017895
2025-11-16 03:02:27,857 - INFO - mIoU: 0.934; OA: 0.9717; AA: 0.9558; F1: 0.9651; Kappa: 0.9513;
2025-11-16 03:02:27,857 - INFO - spatial_LccAccuracy: 0.854; spatial_PA: 0.9529; spatial_UA: 0.9859; spatial_F1: 0.9691
2025-11-16 03:02:27,858 - INFO - temporal_CdAccuracy: 0.6926; temporal_PA: 0.916; temporal_UA: 0.9082; temporal_F1: 0.9121
2025-11-16 03:02:27,858 - INFO - Confusion Matrix
 [77902.	  943.	    3.	   12.	    4.]
 [ 2639.	57431.	  129.	    6.	   57.]
 [    7.	  372.	 2672.	    0.	    0.]
 [    6.	   26.	    0.	 1483.	    0.]
 [   42.	  145.	    1.	    0.	11100.]
2025-11-16 03:02:27,924 - INFO - Epoch 51 saved.
2025-11-16 03:02:27,924 - INFO - model saved 30 times, last saved epoch: 51.

2025-11-16 03:02:30,989 - INFO - Epoch 52, Train loss: 0.009827948175370693
2025-11-16 03:02:31,822 - INFO - mIoU: 0.9289; OA: 0.9729; AA: 0.9465; F1: 0.9623; Kappa: 0.9534;
2025-11-16 03:02:31,822 - INFO - spatial_LccAccuracy: 0.8506; spatial_PA: 0.9581; spatial_UA: 0.9874; spatial_F1: 0.9725
2025-11-16 03:02:31,822 - INFO - temporal_CdAccuracy: 0.6903; temporal_PA: 0.92; temporal_UA: 0.9034; temporal_F1: 0.9117
2025-11-16 03:02:31,823 - INFO - Confusion Matrix
 [77622.	 1221.	    9.	    8.	    4.]
 [ 2006.	58171.	   70.	    6.	    9.]
 [    3.	  469.	 2579.	    0.	    0.]
 [    5.	   42.	    0.	 1468.	    0.]
 [   51.	  302.	    0.	    0.	10935.]
2025-11-16 03:02:31,824 - INFO - model saved 30 times, last saved epoch: 51.

2025-11-16 03:02:35,004 - INFO - Epoch 53, Train loss: 0.010121351107954979
2025-11-16 03:02:35,898 - INFO - mIoU: 0.9356; OA: 0.9729; AA: 0.958; F1: 0.966; Kappa: 0.9535;
2025-11-16 03:02:35,899 - INFO - spatial_LccAccuracy: 0.8486; spatial_PA: 0.9529; spatial_UA: 0.9859; spatial_F1: 0.9691
2025-11-16 03:02:35,899 - INFO - temporal_CdAccuracy: 0.6887; temporal_PA: 0.9251; temporal_UA: 0.9024; temporal_F1: 0.9136
2025-11-16 03:02:35,900 - INFO - Confusion Matrix
 [77528.	 1284.	    3.	   10.	   39.]
 [ 2081.	58001.	  148.	    6.	   26.]
 [    3.	  366.	 2682.	    0.	    0.]
 [    5.	   19.	    0.	 1491.	    0.]
 [   24.	  184.	    2.	    0.	11078.]
2025-11-16 03:02:35,972 - INFO - Epoch 53 saved.
2025-11-16 03:02:35,972 - INFO - model saved 31 times, last saved epoch: 53.

2025-11-16 03:02:39,014 - INFO - Epoch 54, Train loss: 0.01052156649529934
2025-11-16 03:02:39,836 - INFO - mIoU: 0.9332; OA: 0.9718; AA: 0.9561; F1: 0.9647; Kappa: 0.9516;
2025-11-16 03:02:39,837 - INFO - spatial_LccAccuracy: 0.8502; spatial_PA: 0.9531; spatial_UA: 0.9869; spatial_F1: 0.9697
2025-11-16 03:02:39,837 - INFO - temporal_CdAccuracy: 0.6984; temporal_PA: 0.9193; temporal_UA: 0.905; temporal_F1: 0.9121
2025-11-16 03:02:39,838 - INFO - Confusion Matrix
 [77699.	 1101.	   21.	    9.	   34.]
 [ 2411.	57680.	  139.	    6.	   26.]
 [    3.	  369.	 2679.	    0.	    0.]
 [   10.	   21.	    0.	 1484.	    0.]
 [   46.	  172.	    2.	    0.	11068.]
2025-11-16 03:02:39,839 - INFO - model saved 31 times, last saved epoch: 53.

2025-11-16 03:02:42,813 - INFO - Epoch 55, Train loss: 0.007778498809784651
2025-11-16 03:02:43,698 - INFO - mIoU: 0.9149; OA: 0.9711; AA: 0.9289; F1: 0.9545; Kappa: 0.9503;
2025-11-16 03:02:43,698 - INFO - spatial_LccAccuracy: 0.8448; spatial_PA: 0.9583; spatial_UA: 0.9883; spatial_F1: 0.9731
2025-11-16 03:02:43,698 - INFO - temporal_CdAccuracy: 0.6903; temporal_PA: 0.9139; temporal_UA: 0.9022; temporal_F1: 0.908
2025-11-16 03:02:43,699 - INFO - Confusion Matrix
 [77780.	 1056.	    0.	    2.	   26.]
 [ 2327.	57912.	    7.	    6.	   10.]
 [   14.	  595.	 2442.	    0.	    0.]
 [   31.	   83.	    0.	 1401.	    0.]
 [   60.	  256.	    0.	    0.	10972.]
2025-11-16 03:02:43,700 - INFO - model saved 31 times, last saved epoch: 53.

2025-11-16 03:02:46,654 - INFO - Epoch 56, Train loss: 0.008892667479813099
2025-11-16 03:02:47,496 - INFO - mIoU: 0.9326; OA: 0.972; AA: 0.9623; F1: 0.9643; Kappa: 0.952;
2025-11-16 03:02:47,496 - INFO - spatial_LccAccuracy: 0.8568; spatial_PA: 0.9505; spatial_UA: 0.9862; spatial_F1: 0.968
2025-11-16 03:02:47,497 - INFO - temporal_CdAccuracy: 0.6791; temporal_PA: 0.9241; temporal_UA: 0.8954; temporal_F1: 0.9096
2025-11-16 03:02:47,497 - INFO - Confusion Matrix
 [77944.	  869.	    3.	    9.	   39.]
 [ 2589.	57333.	  285.	    6.	   49.]
 [    6.	  281.	 2764.	    0.	    0.]
 [    7.	   22.	    0.	 1486.	    0.]
 [   30.	  137.	    3.	    0.	11118.]
2025-11-16 03:02:47,498 - INFO - model saved 31 times, last saved epoch: 53.

2025-11-16 03:02:50,566 - INFO - Epoch 57, Train loss: 0.009588862769305706
2025-11-16 03:02:51,389 - INFO - mIoU: 0.9346; OA: 0.9725; AA: 0.9538; F1: 0.9655; Kappa: 0.9526;
2025-11-16 03:02:51,390 - INFO - spatial_LccAccuracy: 0.8633; spatial_PA: 0.9616; spatial_UA: 0.9883; spatial_F1: 0.9748
2025-11-16 03:02:51,390 - INFO - temporal_CdAccuracy: 0.693; temporal_PA: 0.9195; temporal_UA: 0.9061; temporal_F1: 0.9127
2025-11-16 03:02:51,391 - INFO - Confusion Matrix
 [78097.	  761.	    1.	    2.	    3.]
 [ 2662.	57452.	  122.	    6.	   20.]
 [   10.	  366.	 2675.	    0.	    0.]
 [   11.	   30.	    0.	 1474.	    0.]
 [   59.	  213.	    2.	    0.	11014.]
2025-11-16 03:02:51,392 - INFO - model saved 31 times, last saved epoch: 53.

2025-11-16 03:02:54,483 - INFO - Epoch 58, Train loss: 0.009957258589565754
2025-11-16 03:02:55,436 - INFO - mIoU: 0.9362; OA: 0.9739; AA: 0.9542; F1: 0.9664; Kappa: 0.9551;
2025-11-16 03:02:55,436 - INFO - spatial_LccAccuracy: 0.8525; spatial_PA: 0.9618; spatial_UA: 0.9893; spatial_F1: 0.9753
2025-11-16 03:02:55,436 - INFO - temporal_CdAccuracy: 0.693; temporal_PA: 0.9198; temporal_UA: 0.9045; temporal_F1: 0.9121
2025-11-16 03:02:55,437 - INFO - Confusion Matrix
 [77564.	 1265.	    2.	   10.	   23.]
 [ 1916.	58255.	   74.	    8.	    9.]
 [    5.	  417.	 2629.	    0.	    0.]
 [   12.	   10.	    0.	 1493.	    0.]
 [   73.	  222.	    2.	    0.	10991.]
2025-11-16 03:02:55,502 - INFO - Epoch 58 saved.
2025-11-16 03:02:55,503 - INFO - model saved 32 times, last saved epoch: 58.

2025-11-16 03:02:58,523 - INFO - Epoch 59, Train loss: 0.006728626322001219
2025-11-16 03:02:59,319 - INFO - mIoU: 0.9338; OA: 0.9728; AA: 0.9528; F1: 0.9651; Kappa: 0.9532;
2025-11-16 03:02:59,320 - INFO - spatial_LccAccuracy: 0.8568; spatial_PA: 0.9608; spatial_UA: 0.9855; spatial_F1: 0.973
2025-11-16 03:02:59,320 - INFO - temporal_CdAccuracy: 0.6911; temporal_PA: 0.9166; temporal_UA: 0.8997; temporal_F1: 0.9081
2025-11-16 03:02:59,321 - INFO - Confusion Matrix
 [77362.	 1486.	    0.	    8.	    8.]
 [ 1853.	58297.	   96.	    6.	   10.]
 [    5.	  403.	 2643.	    0.	    0.]
 [    7.	   28.	    0.	 1480.	    0.]
 [   44.	  263.	    4.	    0.	10977.]
2025-11-16 03:02:59,322 - INFO - model saved 32 times, last saved epoch: 58.

2025-11-16 03:03:02,594 - INFO - Epoch 60, Train loss: 0.010373753495514393
2025-11-16 03:03:03,401 - INFO - mIoU: 0.9351; OA: 0.9737; AA: 0.9588; F1: 0.9656; Kappa: 0.9548;
2025-11-16 03:03:03,401 - INFO - spatial_LccAccuracy: 0.8517; spatial_PA: 0.9642; spatial_UA: 0.9891; spatial_F1: 0.9764
2025-11-16 03:03:03,401 - INFO - temporal_CdAccuracy: 0.6957; temporal_PA: 0.9167; temporal_UA: 0.9019; temporal_F1: 0.9092
2025-11-16 03:03:03,402 - INFO - Confusion Matrix
 [77622.	 1221.	    4.	    8.	    9.]
 [ 1990.	58059.	  192.	    7.	   14.]
 [    3.	  356.	 2692.	    0.	    0.]
 [    7.	   13.	    0.	 1495.	    0.]
 [   50.	  203.	    3.	    0.	11032.]
2025-11-16 03:03:03,403 - INFO - model saved 32 times, last saved epoch: 58.

