2025-09-09 13:14:17,238 - INFO - Epoch 0, Train loss: 1.4781627655029297.
2025-09-09 13:14:18,669 - INFO - mIoU: 0.1041; OA: 0.5201; AA: 0.2; F1: 0.3424; Kappa: 0.0002;
2025-09-09 13:14:18,669 - INFO - spatial_LccAccuracy: 0.0342; spatial_PA: 0.4951; spatial_UA: 0.1579; spatial_F1: 0.2394
2025-09-09 13:14:18,669 - INFO - temporal_CdAccuracy: 0.2042; temporal_PA: 0.5; temporal_UA: 0.4899; temporal_F1: 0.4949
2025-09-09 13:14:18,670 - INFO - Confusion Matrix
 [120572.	     1.	     0.	     0.	     0.]
 [ 87854.	    19.	     0.	     0.	     0.]
 [  4098.	     0.	     0.	     0.	     0.]
 [  2276.	     0.	     0.	     0.	     0.]
 [ 17020.	     0.	     0.	     0.	     0.]
2025-09-09 13:14:18,740 - INFO - Epoch 0 saved.
2025-09-09 13:14:18,741 - INFO - model saved 1 times, last saved epoch: 0.

2025-09-09 13:14:22,384 - INFO - Epoch 1, Train loss: 1.1690236330032349.
2025-09-09 13:14:23,856 - INFO - mIoU: 0.1827; OA: 0.629; AA: 0.2626; F1: 0.6186; Kappa: 0.2673;
2025-09-09 13:14:23,856 - INFO - spatial_LccAccuracy: 0.1012; spatial_PA: 0.6536; spatial_UA: 0.6188; spatial_F1: 0.6358
2025-09-09 13:14:23,856 - INFO - temporal_CdAccuracy: 0.1944; temporal_PA: 0.5422; temporal_UA: 0.5362; temporal_F1: 0.5392
2025-09-09 13:14:23,857 - INFO - Confusion Matrix
 [112310.	  8263.	     0.	     0.	     0.]
 [ 54363.	 33510.	     0.	     0.	     0.]
 [  2425.	  1673.	     0.	     0.	     0.]
 [  2272.	     4.	     0.	     0.	     0.]
 [ 16960.	    60.	     0.	     0.	     0.]
2025-09-09 13:14:23,903 - INFO - Epoch 1 saved.
2025-09-09 13:14:23,904 - INFO - model saved 2 times, last saved epoch: 1.

2025-09-09 13:14:27,591 - INFO - Epoch 2, Train loss: 0.8897289633750916.
2025-09-09 13:14:28,983 - INFO - mIoU: 0.2359; OA: 0.7088; AA: 0.3106; F1: 0.7415; Kappa: 0.4514;
2025-09-09 13:14:28,983 - INFO - spatial_LccAccuracy: 0.161; spatial_PA: 0.7252; spatial_UA: 0.6479; spatial_F1: 0.6844
2025-09-09 13:14:28,983 - INFO - temporal_CdAccuracy: 0.2109; temporal_PA: 0.6361; temporal_UA: 0.5928; temporal_F1: 0.6137
2025-09-09 13:14:28,984 - INFO - Confusion Matrix
 [102720.	 17853.	     0.	     0.	     0.]
 [ 26260.	 61613.	     0.	     0.	     0.]
 [   399.	  3699.	     0.	     0.	     0.]
 [  2251.	    25.	     0.	     0.	     0.]
 [ 16686.	   334.	     0.	     0.	     0.]
2025-09-09 13:14:29,026 - INFO - Epoch 2 saved.
2025-09-09 13:14:29,027 - INFO - model saved 3 times, last saved epoch: 2.

2025-09-09 13:14:32,694 - INFO - Epoch 3, Train loss: 0.6401683688163757.
2025-09-09 13:14:34,142 - INFO - mIoU: 0.4789; OA: 0.8533; AA: 0.5286; F1: 0.8857; Kappa: 0.7405;
2025-09-09 13:14:34,142 - INFO - spatial_LccAccuracy: 0.3473; spatial_PA: 0.8883; spatial_UA: 0.8052; spatial_F1: 0.8447
2025-09-09 13:14:34,142 - INFO - temporal_CdAccuracy: 0.2671; temporal_PA: 0.7017; temporal_UA: 0.6174; temporal_F1: 0.6568
2025-09-09 13:14:34,143 - INFO - Confusion Matrix
 [107770.	 12799.	     0.	     0.	     4.]
 [ 13102.	 74771.	     0.	     0.	     0.]
 [    40.	  4058.	     0.	     0.	     0.]
 [  2259.	    17.	     0.	     0.	     0.]
 [  1443.	   284.	     0.	     0.	 15293.]
2025-09-09 13:14:34,187 - INFO - Epoch 3 saved.
2025-09-09 13:14:34,188 - INFO - model saved 4 times, last saved epoch: 3.

2025-09-09 13:14:37,923 - INFO - Epoch 4, Train loss: 0.4545374810695648.
2025-09-09 13:14:39,406 - INFO - mIoU: 0.4992; OA: 0.8811; AA: 0.5425; F1: 0.6806; Kappa: 0.7897;
2025-09-09 13:14:39,406 - INFO - spatial_LccAccuracy: 0.4332; spatial_PA: 0.921; spatial_UA: 0.8614; spatial_F1: 0.8902
2025-09-09 13:14:39,407 - INFO - temporal_CdAccuracy: 0.3302; temporal_PA: 0.7252; temporal_UA: 0.648; temporal_F1: 0.6844
2025-09-09 13:14:39,408 - INFO - Confusion Matrix
 [111253.	  9272.	     0.	     0.	    48.]
 [ 10268.	 77605.	     0.	     0.	     0.]
 [    36.	  4060.	     2.	     0.	     0.]
 [  2258.	    18.	     0.	     0.	     0.]
 [  1329.	   271.	     0.	     0.	 15420.]
2025-09-09 13:14:39,463 - INFO - Epoch 4 saved.
2025-09-09 13:14:39,464 - INFO - model saved 5 times, last saved epoch: 4.

2025-09-09 13:14:43,246 - INFO - Epoch 5, Train loss: 0.3531852066516876.
2025-09-09 13:14:44,781 - INFO - mIoU: 0.5773; OA: 0.9013; AA: 0.6166; F1: 0.8133; Kappa: 0.8271;
2025-09-09 13:14:44,781 - INFO - spatial_LccAccuracy: 0.4878; spatial_PA: 0.9272; spatial_UA: 0.8805; spatial_F1: 0.9033
2025-09-09 13:14:44,782 - INFO - temporal_CdAccuracy: 0.3701; temporal_PA: 0.7614; temporal_UA: 0.6724; temporal_F1: 0.7142
2025-09-09 13:14:44,782 - INFO - Confusion Matrix
 [110535.	  9980.	     0.	     0.	    58.]
 [  6158.	 81656.	    56.	     0.	     3.]
 [    15.	  2727.	  1356.	     0.	     0.]
 [  2101.	   175.	     0.	     0.	     0.]
 [  1269.	   331.	     0.	     0.	 15420.]
2025-09-09 13:14:44,828 - INFO - Epoch 5 saved.
2025-09-09 13:14:44,829 - INFO - model saved 6 times, last saved epoch: 5.

2025-09-09 13:14:48,465 - INFO - Epoch 6, Train loss: 0.29107755422592163.
2025-09-09 13:14:49,992 - INFO - mIoU: 0.6445; OA: 0.9175; AA: 0.6829; F1: 0.8877; Kappa: 0.8555;
2025-09-09 13:14:49,993 - INFO - spatial_LccAccuracy: 0.5507; spatial_PA: 0.9256; spatial_UA: 0.8791; spatial_F1: 0.9018
2025-09-09 13:14:49,993 - INFO - temporal_CdAccuracy: 0.4141; temporal_PA: 0.7753; temporal_UA: 0.701; temporal_F1: 0.7363
2025-09-09 13:14:49,994 - INFO - Confusion Matrix
 [113357.	  7122.	    12.	     0.	    82.]
 [  6368.	 81294.	   183.	     0.	    28.]
 [    32.	  1432.	  2634.	     0.	     0.]
 [  2017.	   259.	     0.	     0.	     0.]
 [  1310.	   283.	     0.	     0.	 15427.]
2025-09-09 13:14:50,040 - INFO - Epoch 6 saved.
2025-09-09 13:14:50,040 - INFO - model saved 7 times, last saved epoch: 6.

2025-09-09 13:14:53,849 - INFO - Epoch 7, Train loss: 0.24770589172840118.
2025-09-09 13:14:55,301 - INFO - mIoU: 0.6723; OA: 0.9277; AA: 0.7108; F1: 0.7296; Kappa: 0.8735;
2025-09-09 13:14:55,302 - INFO - spatial_LccAccuracy: 0.5952; spatial_PA: 0.9185; spatial_UA: 0.8794; spatial_F1: 0.8985
2025-09-09 13:14:55,302 - INFO - temporal_CdAccuracy: 0.4542; temporal_PA: 0.7821; temporal_UA: 0.7276; temporal_F1: 0.7539
2025-09-09 13:14:55,303 - INFO - Confusion Matrix
 [115144.	  5188.	    18.	     0.	   223.]
 [  6343.	 81241.	   213.	     0.	    76.]
 [    14.	   982.	  3102.	     0.	     0.]
 [  1857.	   416.	     0.	     3.	     0.]
 [  1131.	   299.	     0.	     0.	 15590.]
2025-09-09 13:14:55,346 - INFO - Epoch 7 saved.
2025-09-09 13:14:55,347 - INFO - model saved 8 times, last saved epoch: 7.

2025-09-09 13:14:59,172 - INFO - Epoch 8, Train loss: 0.21504977345466614.
2025-09-09 13:15:00,594 - INFO - mIoU: 0.6909; OA: 0.9285; AA: 0.7323; F1: 0.7545; Kappa: 0.8758;
2025-09-09 13:15:00,595 - INFO - spatial_LccAccuracy: 0.5862; spatial_PA: 0.9165; spatial_UA: 0.8931; spatial_F1: 0.9047
2025-09-09 13:15:00,595 - INFO - temporal_CdAccuracy: 0.47; temporal_PA: 0.8008; temporal_UA: 0.7271; temporal_F1: 0.7622
2025-09-09 13:15:00,596 - INFO - Confusion Matrix
 [112412.	  7740.	    25.	    64.	   332.]
 [  3857.	 83746.	   219.	     0.	    51.]
 [     9.	   814.	  3275.	     0.	     0.]
 [  1445.	   708.	     0.	   123.	     0.]
 [   910.	   404.	     0.	     0.	 15706.]
2025-09-09 13:15:00,636 - INFO - Epoch 8 saved.
2025-09-09 13:15:00,637 - INFO - model saved 9 times, last saved epoch: 8.

2025-09-09 13:15:04,481 - INFO - Epoch 9, Train loss: 0.18973299860954285.
2025-09-09 13:15:06,000 - INFO - mIoU: 0.7514; OA: 0.9406; AA: 0.7945; F1: 0.8298; Kappa: 0.8966;
2025-09-09 13:15:06,001 - INFO - spatial_LccAccuracy: 0.6685; spatial_PA: 0.9188; spatial_UA: 0.8874; spatial_F1: 0.9028
2025-09-09 13:15:06,001 - INFO - temporal_CdAccuracy: 0.5067; temporal_PA: 0.8055; temporal_UA: 0.7623; temporal_F1: 0.7833
2025-09-09 13:15:06,002 - INFO - Confusion Matrix
 [115816.	  4112.	    19.	   134.	   492.]
 [  5282.	 82179.	   262.	    32.	   118.]
 [     9.	   598.	  3491.	     0.	     0.]
 [  1271.	   345.	     0.	   660.	     0.]
 [   803.	   303.	     0.	     0.	 15914.]
2025-09-09 13:15:06,053 - INFO - Epoch 9 saved.
2025-09-09 13:15:06,054 - INFO - model saved 10 times, last saved epoch: 9.

2025-09-09 13:15:09,807 - INFO - Epoch 10, Train loss: 0.16839449107646942.
2025-09-09 13:15:11,228 - INFO - mIoU: 0.7845; OA: 0.947; AA: 0.824; F1: 0.8625; Kappa: 0.908;
2025-09-09 13:15:11,228 - INFO - spatial_LccAccuracy: 0.6928; spatial_PA: 0.922; spatial_UA: 0.8934; spatial_F1: 0.9075
2025-09-09 13:15:11,228 - INFO - temporal_CdAccuracy: 0.5541; temporal_PA: 0.8269; temporal_UA: 0.7853; temporal_F1: 0.8055
2025-09-09 13:15:11,229 - INFO - Confusion Matrix
 [115847.	  4161.	    13.	   115.	   437.]
 [  4268.	 83283.	   199.	    43.	    80.]
 [     7.	   595.	  3496.	     0.	     0.]
 [   965.	   354.	     0.	   957.	     0.]
 [   723.	   332.	     0.	     0.	 15965.]
2025-09-09 13:15:11,271 - INFO - Epoch 10 saved.
2025-09-09 13:15:11,272 - INFO - model saved 11 times, last saved epoch: 10.

2025-09-09 13:15:14,979 - INFO - Epoch 11, Train loss: 0.15062808990478516.
2025-09-09 13:15:16,532 - INFO - mIoU: 0.8186; OA: 0.9518; AA: 0.8616; F1: 0.8919; Kappa: 0.9164;
2025-09-09 13:15:16,532 - INFO - spatial_LccAccuracy: 0.7239; spatial_PA: 0.9282; spatial_UA: 0.9055; spatial_F1: 0.9167
2025-09-09 13:15:16,532 - INFO - temporal_CdAccuracy: 0.5707; temporal_PA: 0.8388; temporal_UA: 0.8033; temporal_F1: 0.8207
2025-09-09 13:15:16,533 - INFO - Confusion Matrix
 [116567.	  3536.	    11.	   111.	   348.]
 [  4206.	 83250.	   223.	   128.	    66.]
 [     5.	   509.	  3584.	     0.	     0.]
 [   779.	   169.	     0.	  1328.	     0.]
 [   779.	   310.	     0.	     0.	 15931.]
2025-09-09 13:15:16,575 - INFO - Epoch 11 saved.
2025-09-09 13:15:16,576 - INFO - model saved 12 times, last saved epoch: 11.

2025-09-09 13:15:20,278 - INFO - Epoch 12, Train loss: 0.13731811940670013.
2025-09-09 13:15:21,748 - INFO - mIoU: 0.8379; OA: 0.9558; AA: 0.8887; F1: 0.9064; Kappa: 0.9237;
2025-09-09 13:15:21,749 - INFO - spatial_LccAccuracy: 0.7554; spatial_PA: 0.9325; spatial_UA: 0.9337; spatial_F1: 0.9331
2025-09-09 13:15:21,749 - INFO - temporal_CdAccuracy: 0.5955; temporal_PA: 0.8533; temporal_UA: 0.8192; temporal_F1: 0.8359
2025-09-09 13:15:21,750 - INFO - Confusion Matrix
 [116598.	  3046.	    11.	   144.	   774.]
 [  3942.	 83300.	   232.	   125.	   274.]
 [     2.	   462.	  3634.	     0.	     0.]
 [   579.	   172.	     0.	  1525.	     0.]
 [   254.	   229.	     0.	     0.	 16537.]
2025-09-09 13:15:21,802 - INFO - Epoch 12 saved.
2025-09-09 13:15:21,803 - INFO - model saved 13 times, last saved epoch: 12.

2025-09-09 13:15:25,488 - INFO - Epoch 13, Train loss: 0.12370742112398148.
2025-09-09 13:15:26,934 - INFO - mIoU: 0.8586; OA: 0.9577; AA: 0.9056; F1: 0.921; Kappa: 0.9268;
2025-09-09 13:15:26,934 - INFO - spatial_LccAccuracy: 0.7831; spatial_PA: 0.9451; spatial_UA: 0.9443; spatial_F1: 0.9447
2025-09-09 13:15:26,934 - INFO - temporal_CdAccuracy: 0.6206; temporal_PA: 0.8592; temporal_UA: 0.8342; temporal_F1: 0.8465
2025-09-09 13:15:26,935 - INFO - Confusion Matrix
 [118116.	  1913.	    11.	    36.	   497.]
 [  5081.	 82115.	   219.	   211.	   247.]
 [     6.	   419.	  3673.	     0.	     0.]
 [   477.	    86.	     0.	  1713.	     0.]
 [   429.	   168.	     0.	     0.	 16423.]
2025-09-09 13:15:26,976 - INFO - Epoch 13 saved.
2025-09-09 13:15:26,977 - INFO - model saved 14 times, last saved epoch: 13.

2025-09-09 13:15:30,853 - INFO - Epoch 14, Train loss: 0.11407715827226639.
2025-09-09 13:15:32,220 - INFO - mIoU: 0.8672; OA: 0.9595; AA: 0.918; F1: 0.9268; Kappa: 0.9302;
2025-09-09 13:15:32,220 - INFO - spatial_LccAccuracy: 0.7867; spatial_PA: 0.9602; spatial_UA: 0.9637; spatial_F1: 0.9619
2025-09-09 13:15:32,220 - INFO - temporal_CdAccuracy: 0.6452; temporal_PA: 0.8797; temporal_UA: 0.838; temporal_F1: 0.8583
2025-09-09 13:15:32,221 - INFO - Confusion Matrix
 [116265.	  3485.	    11.	    44.	   768.]
 [  3039.	 84175.	   246.	   193.	   220.]
 [     2.	   378.	  3718.	     0.	     0.]
 [   354.	   120.	     0.	  1802.	     0.]
 [   313.	   222.	     0.	     0.	 16485.]
2025-09-09 13:15:32,263 - INFO - Epoch 14 saved.
2025-09-09 13:15:32,263 - INFO - model saved 15 times, last saved epoch: 14.

2025-09-09 13:15:36,031 - INFO - Epoch 15, Train loss: 0.10506689548492432.
2025-09-09 13:15:37,476 - INFO - mIoU: 0.8868; OA: 0.9653; AA: 0.9322; F1: 0.9385; Kappa: 0.9401;
2025-09-09 13:15:37,476 - INFO - spatial_LccAccuracy: 0.8095; spatial_PA: 0.9568; spatial_UA: 0.982; spatial_F1: 0.9692
2025-09-09 13:15:37,476 - INFO - temporal_CdAccuracy: 0.6703; temporal_PA: 0.8958; temporal_UA: 0.8593; temporal_F1: 0.8772
2025-09-09 13:15:37,477 - INFO - Confusion Matrix
 [117381.	  2761.	    10.	    37.	   384.]
 [  3064.	 84238.	   216.	   222.	   133.]
 [     2.	   367.	  3729.	     0.	     0.]
 [   212.	   131.	     0.	  1933.	     0.]
 [   311.	   203.	     0.	     0.	 16506.]
2025-09-09 13:15:37,518 - INFO - Epoch 15 saved.
2025-09-09 13:15:37,519 - INFO - model saved 16 times, last saved epoch: 15.

2025-09-09 13:15:41,254 - INFO - Epoch 16, Train loss: 0.09823857247829437.
2025-09-09 13:15:42,729 - INFO - mIoU: 0.891; OA: 0.9663; AA: 0.9327; F1: 0.941; Kappa: 0.9419;
2025-09-09 13:15:42,729 - INFO - spatial_LccAccuracy: 0.8085; spatial_PA: 0.9604; spatial_UA: 0.9824; spatial_F1: 0.9713
2025-09-09 13:15:42,729 - INFO - temporal_CdAccuracy: 0.6685; temporal_PA: 0.8912; temporal_UA: 0.8594; temporal_F1: 0.875
2025-09-09 13:15:42,730 - INFO - Confusion Matrix
 [116887.	  3200.	     9.	    10.	   467.]
 [  2492.	 84866.	   232.	   172.	   111.]
 [     3.	   324.	  3771.	     0.	     0.]
 [   191.	   189.	     0.	  1896.	     0.]
 [   180.	   241.	     0.	     0.	 16599.]
2025-09-09 13:15:42,792 - INFO - Epoch 16 saved.
2025-09-09 13:15:42,793 - INFO - model saved 17 times, last saved epoch: 16.

2025-09-09 13:15:46,584 - INFO - Epoch 17, Train loss: 0.09321457892656326.
2025-09-09 13:15:47,985 - INFO - mIoU: 0.8909; OA: 0.9648; AA: 0.9362; F1: 0.9412; Kappa: 0.9395;
2025-09-09 13:15:47,985 - INFO - spatial_LccAccuracy: 0.7997; spatial_PA: 0.9584; spatial_UA: 0.9837; spatial_F1: 0.9709
2025-09-09 13:15:47,985 - INFO - temporal_CdAccuracy: 0.6685; temporal_PA: 0.8927; temporal_UA: 0.8553; temporal_F1: 0.8736
2025-09-09 13:15:47,986 - INFO - Confusion Matrix
 [115527.	  4374.	    10.	    39.	   623.]
 [  1564.	 85818.	   207.	   167.	   117.]
 [     1.	   341.	  3756.	     0.	     0.]
 [    90.	   246.	     0.	  1940.	     0.]
 [   133.	   256.	     0.	     0.	 16631.]
2025-09-09 13:15:47,987 - INFO - model saved 17 times, last saved epoch: 16.

2025-09-09 13:15:51,763 - INFO - Epoch 18, Train loss: 0.08866895735263824.
2025-09-09 13:15:53,166 - INFO - mIoU: 0.9091; OA: 0.9709; AA: 0.9491; F1: 0.9516; Kappa: 0.9497;
2025-09-09 13:15:53,166 - INFO - spatial_LccAccuracy: 0.8354; spatial_PA: 0.9631; spatial_UA: 0.9812; spatial_F1: 0.9721
2025-09-09 13:15:53,166 - INFO - temporal_CdAccuracy: 0.6938; temporal_PA: 0.9116; temporal_UA: 0.8807; temporal_F1: 0.8959
2025-09-09 13:15:53,167 - INFO - Confusion Matrix
 [118110.	  2261.	     7.	    20.	   175.]
 [  2782.	 84584.	   145.	   245.	   117.]
 [     2.	   352.	  3744.	     0.	     0.]
 [   112.	    78.	     0.	  2086.	     0.]
 [   289.	   166.	     0.	     0.	 16565.]
2025-09-09 13:15:53,210 - INFO - Epoch 18 saved.
2025-09-09 13:15:53,210 - INFO - model saved 18 times, last saved epoch: 18.

2025-09-09 13:15:56,908 - INFO - Epoch 19, Train loss: 0.08468188345432281.
2025-09-09 13:15:58,493 - INFO - mIoU: 0.9112; OA: 0.971; AA: 0.9582; F1: 0.9527; Kappa: 0.9501;
2025-09-09 13:15:58,493 - INFO - spatial_LccAccuracy: 0.8447; spatial_PA: 0.9695; spatial_UA: 0.986; spatial_F1: 0.9777
2025-09-09 13:15:58,494 - INFO - temporal_CdAccuracy: 0.6959; temporal_PA: 0.9176; temporal_UA: 0.8818; temporal_F1: 0.8993
2025-09-09 13:15:58,494 - INFO - Confusion Matrix
 [117471.	  2818.	     9.	    41.	   234.]
 [  2315.	 84989.	   160.	   303.	   106.]
 [     2.	   324.	  3772.	     0.	     0.]
 [    83.	    40.	     0.	  2153.	     0.]
 [    86.	   197.	     0.	     0.	 16737.]
2025-09-09 13:15:58,539 - INFO - Epoch 19 saved.
2025-09-09 13:15:58,540 - INFO - model saved 19 times, last saved epoch: 19.

2025-09-09 13:16:02,209 - INFO - Epoch 20, Train loss: 0.08207038044929504.
2025-09-09 13:16:03,675 - INFO - mIoU: 0.8993; OA: 0.9688; AA: 0.9298; F1: 0.9457; Kappa: 0.9462;
2025-09-09 13:16:03,675 - INFO - spatial_LccAccuracy: 0.8227; spatial_PA: 0.9592; spatial_UA: 0.9845; spatial_F1: 0.9717
2025-09-09 13:16:03,676 - INFO - temporal_CdAccuracy: 0.6744; temporal_PA: 0.8998; temporal_UA: 0.8676; temporal_F1: 0.8834
2025-09-09 13:16:03,676 - INFO - Confusion Matrix
 [116081.	  4174.	     7.	    59.	   252.]
 [  1353.	 86285.	   113.	    66.	    56.]
 [     1.	   402.	  3695.	     0.	     0.]
 [    43.	   358.	     0.	  1875.	     0.]
 [    46.	   311.	     0.	     0.	 16663.]
2025-09-09 13:16:03,678 - INFO - model saved 19 times, last saved epoch: 19.

2025-09-09 13:16:07,468 - INFO - Epoch 21, Train loss: 0.07667171955108643.
2025-09-09 13:16:08,990 - INFO - mIoU: 0.9167; OA: 0.9728; AA: 0.9601; F1: 0.9558; Kappa: 0.953;
2025-09-09 13:16:08,990 - INFO - spatial_LccAccuracy: 0.8517; spatial_PA: 0.9705; spatial_UA: 0.9763; spatial_F1: 0.9734
2025-09-09 13:16:08,990 - INFO - temporal_CdAccuracy: 0.6892; temporal_PA: 0.9144; temporal_UA: 0.8888; temporal_F1: 0.9014
2025-09-09 13:16:08,991 - INFO - Confusion Matrix
 [118270.	  2103.	     6.	    14.	   180.]
 [  2747.	 84485.	   211.	   257.	   173.]
 [     7.	   275.	  3816.	     0.	     0.]
 [    92.	    47.	     0.	  2137.	     0.]
 [    61.	   142.	     0.	     0.	 16817.]
2025-09-09 13:16:09,034 - INFO - Epoch 21 saved.
2025-09-09 13:16:09,035 - INFO - model saved 20 times, last saved epoch: 21.

2025-09-09 13:16:12,753 - INFO - Epoch 22, Train loss: 0.07403464615345001.
2025-09-09 13:16:14,323 - INFO - mIoU: 0.9232; OA: 0.9749; AA: 0.9548; F1: 0.9595; Kappa: 0.9567;
2025-09-09 13:16:14,323 - INFO - spatial_LccAccuracy: 0.8628; spatial_PA: 0.9611; spatial_UA: 0.985; spatial_F1: 0.9729
2025-09-09 13:16:14,323 - INFO - temporal_CdAccuracy: 0.6925; temporal_PA: 0.9217; temporal_UA: 0.8957; temporal_F1: 0.9085
2025-09-09 13:16:14,324 - INFO - Confusion Matrix
 [119124.	  1363.	     3.	    14.	    69.]
 [  3177.	 84234.	   176.	   145.	   141.]
 [     4.	   312.	  3782.	     0.	     0.]
 [    59.	   129.	     0.	  2088.	     0.]
 [    79.	   140.	     0.	     0.	 16801.]
2025-09-09 13:16:14,385 - INFO - Epoch 22 saved.
2025-09-09 13:16:14,386 - INFO - model saved 21 times, last saved epoch: 22.

2025-09-09 13:16:18,105 - INFO - Epoch 23, Train loss: 0.07134588062763214.
2025-09-09 13:16:19,560 - INFO - mIoU: 0.9183; OA: 0.9758; AA: 0.9435; F1: 0.9565; Kappa: 0.9582;
2025-09-09 13:16:19,561 - INFO - spatial_LccAccuracy: 0.8696; spatial_PA: 0.9604; spatial_UA: 0.9824; spatial_F1: 0.9713
2025-09-09 13:16:19,561 - INFO - temporal_CdAccuracy: 0.6959; temporal_PA: 0.9233; temporal_UA: 0.9024; temporal_F1: 0.9128
2025-09-09 13:16:19,562 - INFO - Confusion Matrix
 [119033.	  1501.	     7.	     6.	    26.]
 [  2804.	 84736.	   199.	    73.	    61.]
 [     3.	   279.	  3816.	     0.	     0.]
 [   103.	   231.	     0.	  1942.	     0.]
 [    96.	   217.	     0.	     0.	 16707.]
2025-09-09 13:16:19,563 - INFO - model saved 21 times, last saved epoch: 22.

2025-09-09 13:16:23,179 - INFO - Epoch 24, Train loss: 0.06723160296678543.
2025-09-09 13:16:24,560 - INFO - mIoU: 0.9249; OA: 0.9757; AA: 0.9682; F1: 0.9604; Kappa: 0.9581;
2025-09-09 13:16:24,561 - INFO - spatial_LccAccuracy: 0.8639; spatial_PA: 0.9712; spatial_UA: 0.9859; spatial_F1: 0.9785
2025-09-09 13:16:24,561 - INFO - temporal_CdAccuracy: 0.7019; temporal_PA: 0.9232; temporal_UA: 0.8992; temporal_F1: 0.911
2025-09-09 13:16:24,562 - INFO - Confusion Matrix
 [117601.	  2861.	    11.	    40.	    60.]
 [  1553.	 85746.	   249.	   233.	    92.]
 [     2.	   243.	  3853.	     0.	     0.]
 [    31.	    56.	     0.	  2189.	     0.]
 [    33.	   177.	     0.	     0.	 16810.]
2025-09-09 13:16:24,604 - INFO - Epoch 24 saved.
2025-09-09 13:16:24,604 - INFO - model saved 22 times, last saved epoch: 24.

2025-09-09 13:16:28,386 - INFO - Epoch 25, Train loss: 0.06514046341180801.
2025-09-09 13:16:29,790 - INFO - mIoU: 0.9216; OA: 0.9766; AA: 0.9707; F1: 0.9585; Kappa: 0.9598;
2025-09-09 13:16:29,791 - INFO - spatial_LccAccuracy: 0.8621; spatial_PA: 0.9695; spatial_UA: 0.9885; spatial_F1: 0.9789
2025-09-09 13:16:29,791 - INFO - temporal_CdAccuracy: 0.705; temporal_PA: 0.9303; temporal_UA: 0.9017; temporal_F1: 0.9158
2025-09-09 13:16:29,792 - INFO - Confusion Matrix
 [117883.	  2490.	    10.	    64.	   126.]
 [  1584.	 85632.	   251.	   288.	   118.]
 [     1.	   257.	  3840.	     0.	     0.]
 [    26.	    31.	     0.	  2218.	     1.]
 [    12.	   165.	     0.	     0.	 16843.]
2025-09-09 13:16:29,793 - INFO - model saved 22 times, last saved epoch: 24.

2025-09-09 13:16:33,464 - INFO - Epoch 26, Train loss: 0.06414908170700073.
2025-09-09 13:16:34,918 - INFO - mIoU: 0.9173; OA: 0.9769; AA: 0.9671; F1: 0.9558; Kappa: 0.9602;
2025-09-09 13:16:34,919 - INFO - spatial_LccAccuracy: 0.8662; spatial_PA: 0.9667; spatial_UA: 0.989; spatial_F1: 0.9777
2025-09-09 13:16:34,919 - INFO - temporal_CdAccuracy: 0.7164; temporal_PA: 0.9302; temporal_UA: 0.905; temporal_F1: 0.9174
2025-09-09 13:16:34,920 - INFO - Confusion Matrix
 [118061.	  2256.	    10.	   170.	    76.]
 [  1730.	 85651.	   114.	   303.	    75.]
 [     1.	   344.	  3753.	     0.	     0.]
 [    18.	    30.	     0.	  2228.	     0.]
 [    35.	   191.	     0.	     0.	 16794.]
2025-09-09 13:16:34,921 - INFO - model saved 22 times, last saved epoch: 24.

2025-09-09 13:16:38,707 - INFO - Epoch 27, Train loss: 0.06094822287559509.
2025-09-09 13:16:40,161 - INFO - mIoU: 0.9282; OA: 0.9784; AA: 0.9718; F1: 0.9622; Kappa: 0.9628;
2025-09-09 13:16:40,161 - INFO - spatial_LccAccuracy: 0.8766; spatial_PA: 0.9703; spatial_UA: 0.9893; spatial_F1: 0.9797
2025-09-09 13:16:40,162 - INFO - temporal_CdAccuracy: 0.7182; temporal_PA: 0.9381; temporal_UA: 0.9148; temporal_F1: 0.9263
2025-09-09 13:16:40,162 - INFO - Confusion Matrix
 [119052.	  1470.	     7.	    21.	    23.]
 [  2335.	 84910.	   292.	   264.	    72.]
 [     2.	   213.	  3883.	     0.	     0.]
 [    28.	    35.	     0.	  2213.	     0.]
 [    38.	   205.	     0.	     0.	 16777.]
2025-09-09 13:16:40,203 - INFO - Epoch 27 saved.
2025-09-09 13:16:40,204 - INFO - model saved 23 times, last saved epoch: 27.

2025-09-09 13:16:43,961 - INFO - Epoch 28, Train loss: 0.06251802295446396.
2025-09-09 13:16:45,399 - INFO - mIoU: 0.9243; OA: 0.9775; AA: 0.9708; F1: 0.9599; Kappa: 0.9611;
2025-09-09 13:16:45,399 - INFO - spatial_LccAccuracy: 0.8815; spatial_PA: 0.973; spatial_UA: 0.9882; spatial_F1: 0.9805
2025-09-09 13:16:45,400 - INFO - temporal_CdAccuracy: 0.712; temporal_PA: 0.9398; temporal_UA: 0.9112; temporal_F1: 0.9253
2025-09-09 13:16:45,400 - INFO - Confusion Matrix
 [119330.	  1113.	     3.	    48.	    79.]
 [  2845.	 84330.	   120.	   357.	   221.]
 [     6.	   302.	  3789.	     1.	     0.]
 [    28.	     5.	     0.	  2243.	     0.]
 [     6.	    87.	     0.	     0.	 16927.]
2025-09-09 13:16:45,401 - INFO - model saved 23 times, last saved epoch: 27.

2025-09-09 13:16:49,225 - INFO - Epoch 29, Train loss: 0.057958438992500305.
2025-09-09 13:16:50,690 - INFO - mIoU: 0.928; OA: 0.9791; AA: 0.9458; F1: 0.9619; Kappa: 0.9639;
2025-09-09 13:16:50,690 - INFO - spatial_LccAccuracy: 0.889; spatial_PA: 0.9759; spatial_UA: 0.9859; spatial_F1: 0.9809
2025-09-09 13:16:50,690 - INFO - temporal_CdAccuracy: 0.7182; temporal_PA: 0.9396; temporal_UA: 0.9204; temporal_F1: 0.9299
2025-09-09 13:16:50,691 - INFO - Confusion Matrix
 [119283.	  1270.	     1.	     5.	    14.]
 [  2482.	 85113.	   132.	    23.	   123.]
 [     7.	   298.	  3793.	     0.	     0.]
 [    86.	   244.	     0.	  1946.	     0.]
 [    22.	   137.	     0.	     0.	 16861.]
2025-09-09 13:16:50,692 - INFO - model saved 23 times, last saved epoch: 27.

2025-09-09 13:16:54,386 - INFO - Epoch 30, Train loss: 0.05721915885806084.
2025-09-09 13:16:55,876 - INFO - mIoU: 0.9352; OA: 0.9787; AA: 0.961; F1: 0.9661; Kappa: 0.9632;
2025-09-09 13:16:55,876 - INFO - spatial_LccAccuracy: 0.874; spatial_PA: 0.9661; spatial_UA: 0.9888; spatial_F1: 0.9773
2025-09-09 13:16:55,877 - INFO - temporal_CdAccuracy: 0.7052; temporal_PA: 0.934; temporal_UA: 0.909; temporal_F1: 0.9214
2025-09-09 13:16:55,877 - INFO - Confusion Matrix
 [118128.	  2320.	     6.	    31.	    88.]
 [  1516.	 86052.	   198.	    50.	    57.]
 [     1.	   277.	  3820.	     0.	     0.]
 [    16.	   149.	     0.	  2111.	     0.]
 [    30.	   205.	     0.	     0.	 16785.]
2025-09-09 13:16:55,929 - INFO - Epoch 30 saved.
2025-09-09 13:16:55,930 - INFO - model saved 24 times, last saved epoch: 30.

2025-09-09 13:16:59,632 - INFO - Epoch 31, Train loss: 0.054423149675130844.
2025-09-09 13:17:01,100 - INFO - mIoU: 0.9352; OA: 0.9787; AA: 0.9586; F1: 0.9661; Kappa: 0.9633;
2025-09-09 13:17:01,100 - INFO - spatial_LccAccuracy: 0.8913; spatial_PA: 0.9766; spatial_UA: 0.9798; spatial_F1: 0.9782
2025-09-09 13:17:01,100 - INFO - temporal_CdAccuracy: 0.7135; temporal_PA: 0.932; temporal_UA: 0.9159; temporal_F1: 0.9239
2025-09-09 13:17:01,101 - INFO - Confusion Matrix
 [118533.	  2004.	     0.	     7.	    29.]
 [  1856.	 85689.	   171.	    69.	    88.]
 [    10.	   360.	  3728.	     0.	     0.]
 [    72.	    73.	     0.	  2131.	     0.]
 [    18.	   170.	     0.	     0.	 16832.]
2025-09-09 13:17:01,102 - INFO - model saved 24 times, last saved epoch: 30.

2025-09-09 13:17:04,863 - INFO - Epoch 32, Train loss: 0.05255596339702606.
2025-09-09 13:17:06,314 - INFO - mIoU: 0.9313; OA: 0.9786; AA: 0.9701; F1: 0.9639; Kappa: 0.9632;
2025-09-09 13:17:06,314 - INFO - spatial_LccAccuracy: 0.8838; spatial_PA: 0.9805; spatial_UA: 0.9792; spatial_F1: 0.9799
2025-09-09 13:17:06,315 - INFO - temporal_CdAccuracy: 0.72; temporal_PA: 0.9402; temporal_UA: 0.9234; temporal_F1: 0.9317
2025-09-09 13:17:06,315 - INFO - Confusion Matrix
 [118434.	  2130.	     2.	     5.	     2.]
 [  1738.	 85553.	   171.	   274.	   137.]
 [     7.	   283.	  3807.	     1.	     0.]
 [    48.	    10.	     0.	  2218.	     0.]
 [    30.	   118.	     0.	     0.	 16872.]
2025-09-09 13:17:06,316 - INFO - model saved 24 times, last saved epoch: 30.

2025-09-09 13:17:09,998 - INFO - Epoch 33, Train loss: 0.05122748389840126.
2025-09-09 13:17:11,475 - INFO - mIoU: 0.9398; OA: 0.9792; AA: 0.9649; F1: 0.9687; Kappa: 0.9641;
2025-09-09 13:17:11,475 - INFO - spatial_LccAccuracy: 0.8965; spatial_PA: 0.9749; spatial_UA: 0.9753; spatial_F1: 0.9751
2025-09-09 13:17:11,475 - INFO - temporal_CdAccuracy: 0.7109; temporal_PA: 0.9427; temporal_UA: 0.9176; temporal_F1: 0.93
2025-09-09 13:17:11,476 - INFO - Confusion Matrix
 [119278.	  1280.	     1.	     4.	    10.]
 [  2566.	 84886.	   188.	    84.	   149.]
 [    14.	   245.	  3839.	     0.	     0.]
 [    97.	    37.	     0.	  2142.	     0.]
 [    31.	   116.	     0.	     0.	 16873.]
2025-09-09 13:17:11,529 - INFO - Epoch 33 saved.
2025-09-09 13:17:11,529 - INFO - model saved 25 times, last saved epoch: 33.

2025-09-09 13:17:15,265 - INFO - Epoch 34, Train loss: 0.050992291420698166.
2025-09-09 13:17:16,831 - INFO - mIoU: 0.9298; OA: 0.9782; AA: 0.9759; F1: 0.963; Kappa: 0.9626;
2025-09-09 13:17:16,832 - INFO - spatial_LccAccuracy: 0.8784; spatial_PA: 0.978; spatial_UA: 0.9895; spatial_F1: 0.9837
2025-09-09 13:17:16,832 - INFO - temporal_CdAccuracy: 0.7052; temporal_PA: 0.9368; temporal_UA: 0.9089; temporal_F1: 0.9226
2025-09-09 13:17:16,833 - INFO - Confusion Matrix
 [117978.	  2335.	    20.	    16.	   224.]
 [  1253.	 85743.	   499.	   126.	   252.]
 [     1.	   178.	  3919.	     0.	     0.]
 [    19.	    34.	     0.	  2217.	     6.]
 [     0.	    87.	     0.	     0.	 16933.]
2025-09-09 13:17:16,834 - INFO - model saved 25 times, last saved epoch: 33.

2025-09-09 13:17:20,642 - INFO - Epoch 35, Train loss: 0.04942537844181061.
2025-09-09 13:17:22,136 - INFO - mIoU: 0.948; OA: 0.9817; AA: 0.9671; F1: 0.9731; Kappa: 0.9684;
2025-09-09 13:17:22,136 - INFO - spatial_LccAccuracy: 0.9128; spatial_PA: 0.9785; spatial_UA: 0.989; spatial_F1: 0.9837
2025-09-09 13:17:22,136 - INFO - temporal_CdAccuracy: 0.7337; temporal_PA: 0.9509; temporal_UA: 0.9282; temporal_F1: 0.9394
2025-09-09 13:17:22,136 - INFO - Confusion Matrix
 [118946.	  1609.	     2.	     8.	     8.]
 [  1743.	 85933.	   104.	    70.	    23.]
 [     5.	   303.	  3790.	     0.	     0.]
 [    25.	    60.	     0.	  2191.	     0.]
 [     7.	   272.	     0.	     0.	 16741.]
2025-09-09 13:17:22,177 - INFO - Epoch 35 saved.
2025-09-09 13:17:22,178 - INFO - model saved 26 times, last saved epoch: 35.

2025-09-09 13:17:25,890 - INFO - Epoch 36, Train loss: 0.04771710932254791.
2025-09-09 13:17:27,340 - INFO - mIoU: 0.9409; OA: 0.9799; AA: 0.9698; F1: 0.9692; Kappa: 0.9653;
2025-09-09 13:17:27,341 - INFO - spatial_LccAccuracy: 0.8887; spatial_PA: 0.9735; spatial_UA: 0.9901; spatial_F1: 0.9817
2025-09-09 13:17:27,341 - INFO - temporal_CdAccuracy: 0.7171; temporal_PA: 0.9414; temporal_UA: 0.9152; temporal_F1: 0.9281
2025-09-09 13:17:27,342 - INFO - Confusion Matrix
 [117965.	  2492.	     9.	    95.	    12.]
 [  1220.	 86391.	   142.	    68.	    52.]
 [     1.	   272.	  3825.	     0.	     0.]
 [     9.	    65.	     0.	  2202.	     0.]
 [    12.	   217.	     0.	     0.	 16791.]
2025-09-09 13:17:27,343 - INFO - model saved 26 times, last saved epoch: 35.

2025-09-09 13:17:30,998 - INFO - Epoch 37, Train loss: 0.04706614464521408.
2025-09-09 13:17:32,407 - INFO - mIoU: 0.929; OA: 0.979; AA: 0.9762; F1: 0.9626; Kappa: 0.9639;
2025-09-09 13:17:32,407 - INFO - spatial_LccAccuracy: 0.8848; spatial_PA: 0.9766; spatial_UA: 0.9909; spatial_F1: 0.9837
2025-09-09 13:17:32,407 - INFO - temporal_CdAccuracy: 0.7166; temporal_PA: 0.9456; temporal_UA: 0.9098; temporal_F1: 0.9274
2025-09-09 13:17:32,408 - INFO - Confusion Matrix
 [119017.	  1326.	     7.	    23.	   200.]
 [  2221.	 84898.	   228.	   307.	   219.]
 [     5.	   221.	  3872.	     0.	     0.]
 [    19.	     4.	     0.	  2247.	     6.]
 [     0.	    74.	     0.	     0.	 16946.]
2025-09-09 13:17:32,409 - INFO - model saved 26 times, last saved epoch: 35.

2025-09-09 13:17:36,210 - INFO - Epoch 38, Train loss: 0.043701253831386566.
2025-09-09 13:17:37,707 - INFO - mIoU: 0.9411; OA: 0.9801; AA: 0.9784; F1: 0.9693; Kappa: 0.9658;
2025-09-09 13:17:37,708 - INFO - spatial_LccAccuracy: 0.8962; spatial_PA: 0.9831; spatial_UA: 0.9845; spatial_F1: 0.9838
2025-09-09 13:17:37,708 - INFO - temporal_CdAccuracy: 0.7226; temporal_PA: 0.9567; temporal_UA: 0.9203; temporal_F1: 0.9381
2025-09-09 13:17:37,709 - INFO - Confusion Matrix
 [118437.	  2066.	     8.	    10.	    52.]
 [  1522.	 85745.	   356.	   139.	   111.]
 [     3.	   169.	  3926.	     0.	     0.]
 [    22.	    16.	     0.	  2238.	     0.]
 [     2.	   128.	     0.	     0.	 16890.]
2025-09-09 13:17:37,710 - INFO - model saved 26 times, last saved epoch: 35.

2025-09-09 13:17:41,548 - INFO - Epoch 39, Train loss: 0.044954679906368256.
2025-09-09 13:17:43,097 - INFO - mIoU: 0.9419; OA: 0.9775; AA: 0.9656; F1: 0.9698; Kappa: 0.9613;
2025-09-09 13:17:43,097 - INFO - spatial_LccAccuracy: 0.8854; spatial_PA: 0.9818; spatial_UA: 0.9929; spatial_F1: 0.9873
2025-09-09 13:17:43,097 - INFO - temporal_CdAccuracy: 0.7029; temporal_PA: 0.9324; temporal_UA: 0.9036; temporal_F1: 0.9178
2025-09-09 13:17:43,098 - INFO - Confusion Matrix
 [117197.	  3189.	     1.	     4.	   182.]
 [   978.	 86592.	   101.	    70.	   132.]
 [     5.	   339.	  3754.	     0.	     0.]
 [    37.	    49.	     0.	  2189.	     1.]
 [     0.	   125.	     0.	     0.	 16895.]
2025-09-09 13:17:43,099 - INFO - model saved 26 times, last saved epoch: 35.

2025-09-09 13:17:46,838 - INFO - Epoch 40, Train loss: 0.04454662650823593.
2025-09-09 13:17:48,366 - INFO - mIoU: 0.9521; OA: 0.9833; AA: 0.9743; F1: 0.9752; Kappa: 0.9711;
2025-09-09 13:17:48,366 - INFO - spatial_LccAccuracy: 0.9097; spatial_PA: 0.9782; spatial_UA: 0.9926; spatial_F1: 0.9853
2025-09-09 13:17:48,366 - INFO - temporal_CdAccuracy: 0.7352; temporal_PA: 0.9573; temporal_UA: 0.9299; temporal_F1: 0.9434
2025-09-09 13:17:48,367 - INFO - Confusion Matrix
 [119296.	  1262.	     3.	     4.	     8.]
 [  1810.	 85703.	   229.	    48.	    83.]
 [     3.	   207.	  3888.	     0.	     0.]
 [    28.	    48.	     0.	  2200.	     0.]
 [     6.	   143.	     0.	     0.	 16871.]
2025-09-09 13:17:48,412 - INFO - Epoch 40 saved.
2025-09-09 13:17:48,413 - INFO - model saved 27 times, last saved epoch: 40.

2025-09-09 13:17:52,083 - INFO - Epoch 41, Train loss: 0.04206771031022072.
2025-09-09 13:17:53,595 - INFO - mIoU: 0.9506; OA: 0.9822; AA: 0.9715; F1: 0.9744; Kappa: 0.9693;
2025-09-09 13:17:53,595 - INFO - spatial_LccAccuracy: 0.9151; spatial_PA: 0.9755; spatial_UA: 0.9888; spatial_F1: 0.9821
2025-09-09 13:17:53,595 - INFO - temporal_CdAccuracy: 0.7381; temporal_PA: 0.9546; temporal_UA: 0.936; temporal_F1: 0.9452
2025-09-09 13:17:53,596 - INFO - Confusion Matrix
 [119510.	  1040.	     1.	     6.	    16.]
 [  2232.	 85291.	   196.	    41.	   113.]
 [     5.	   216.	  3877.	     0.	     0.]
 [    31.	    62.	     0.	  2183.	     0.]
 [     7.	   156.	     0.	     0.	 16857.]
2025-09-09 13:17:53,597 - INFO - model saved 27 times, last saved epoch: 40.

2025-09-09 13:17:57,515 - INFO - Epoch 42, Train loss: 0.041242439299821854.
2025-09-09 13:17:59,027 - INFO - mIoU: 0.9408; OA: 0.9818; AA: 0.9558; F1: 0.9691; Kappa: 0.9686;
2025-09-09 13:17:59,027 - INFO - spatial_LccAccuracy: 0.8991; spatial_PA: 0.978; spatial_UA: 0.9871; spatial_F1: 0.9825
2025-09-09 13:17:59,027 - INFO - temporal_CdAccuracy: 0.728; temporal_PA: 0.958; temporal_UA: 0.9276; temporal_F1: 0.9425
2025-09-09 13:17:59,028 - INFO - Confusion Matrix
 [118602.	  1956.	     6.	     5.	     4.]
 [  1290.	 86436.	   103.	    19.	    25.]
 [     2.	   333.	  3763.	     0.	     0.]
 [    45.	   162.	     0.	  2069.	     0.]
 [     9.	   256.	     0.	     0.	 16755.]
2025-09-09 13:17:59,029 - INFO - model saved 27 times, last saved epoch: 40.

2025-09-09 13:18:02,934 - INFO - Epoch 43, Train loss: 0.03992258012294769.
2025-09-09 13:18:04,430 - INFO - mIoU: 0.9498; OA: 0.9801; AA: 0.9723; F1: 0.974; Kappa: 0.9657;
2025-09-09 13:18:04,432 - INFO - spatial_LccAccuracy: 0.9061; spatial_PA: 0.9812; spatial_UA: 0.9862; spatial_F1: 0.9837
2025-09-09 13:18:04,432 - INFO - temporal_CdAccuracy: 0.7332; temporal_PA: 0.9481; temporal_UA: 0.9311; temporal_F1: 0.9395
2025-09-09 13:18:04,432 - INFO - Confusion Matrix
 [117613.	  2934.	    10.	    12.	     4.]
 [   888.	 86746.	   115.	    79.	    45.]
 [     3.	   297.	  3798.	     0.	     0.]
 [    11.	    26.	     0.	  2239.	     0.]
 [     3.	   192.	     0.	     0.	 16825.]
2025-09-09 13:18:04,433 - INFO - model saved 27 times, last saved epoch: 40.

2025-09-09 13:18:08,091 - INFO - Epoch 44, Train loss: 0.04055514559149742.
2025-09-09 13:18:09,588 - INFO - mIoU: 0.9449; OA: 0.9823; AA: 0.9785; F1: 0.9714; Kappa: 0.9694;
2025-09-09 13:18:09,588 - INFO - spatial_LccAccuracy: 0.904; spatial_PA: 0.9858; spatial_UA: 0.9881; spatial_F1: 0.9869
2025-09-09 13:18:09,588 - INFO - temporal_CdAccuracy: 0.7363; temporal_PA: 0.956; temporal_UA: 0.9328; temporal_F1: 0.9442
2025-09-09 13:18:09,589 - INFO - Confusion Matrix
 [119137.	  1400.	     2.	     4.	    30.]
 [  1765.	 85520.	   226.	   176.	   186.]
 [    15.	   182.	  3901.	     0.	     0.]
 [    31.	     4.	     0.	  2241.	     0.]
 [     0.	    94.	     0.	     0.	 16926.]
2025-09-09 13:18:09,590 - INFO - model saved 27 times, last saved epoch: 40.

2025-09-09 13:18:13,278 - INFO - Epoch 45, Train loss: 0.038456909358501434.
2025-09-09 13:18:14,688 - INFO - mIoU: 0.9452; OA: 0.9827; AA: 0.9774; F1: 0.9715; Kappa: 0.9701;
2025-09-09 13:18:14,688 - INFO - spatial_LccAccuracy: 0.9089; spatial_PA: 0.9785; spatial_UA: 0.9914; spatial_F1: 0.9849
2025-09-09 13:18:14,689 - INFO - temporal_CdAccuracy: 0.7453; temporal_PA: 0.9579; temporal_UA: 0.9342; temporal_F1: 0.9459
2025-09-09 13:18:14,689 - INFO - Confusion Matrix
 [119332.	  1151.	     2.	    23.	    65.]
 [  1915.	 85536.	   181.	   178.	    63.]
 [     4.	   225.	  3869.	     0.	     0.]
 [    11.	    10.	     0.	  2255.	     0.]
 [     0.	   189.	     0.	     0.	 16831.]
2025-09-09 13:18:14,690 - INFO - model saved 27 times, last saved epoch: 40.

2025-09-09 13:18:18,681 - INFO - Epoch 46, Train loss: 0.03772018104791641.
2025-09-09 13:18:20,131 - INFO - mIoU: 0.949; OA: 0.9815; AA: 0.9725; F1: 0.9736; Kappa: 0.9682;
2025-09-09 13:18:20,132 - INFO - spatial_LccAccuracy: 0.9117; spatial_PA: 0.9831; spatial_UA: 0.9868; spatial_F1: 0.9849
2025-09-09 13:18:20,132 - INFO - temporal_CdAccuracy: 0.7386; temporal_PA: 0.9584; temporal_UA: 0.9327; temporal_F1: 0.9454
2025-09-09 13:18:20,133 - INFO - Confusion Matrix
 [118772.	  1716.	     2.	    17.	    66.]
 [  1667.	 85863.	    87.	   100.	   156.]
 [     2.	   335.	  3761.	     0.	     0.]
 [    12.	    12.	     0.	  2251.	     1.]
 [     1.	   107.	     0.	     0.	 16912.]
2025-09-09 13:18:20,134 - INFO - model saved 27 times, last saved epoch: 40.

2025-09-09 13:18:23,818 - INFO - Epoch 47, Train loss: 0.03795069456100464.
2025-09-09 13:18:25,291 - INFO - mIoU: 0.9438; OA: 0.9813; AA: 0.9594; F1: 0.9708; Kappa: 0.9678;
2025-09-09 13:18:25,291 - INFO - spatial_LccAccuracy: 0.8986; spatial_PA: 0.9753; spatial_UA: 0.9906; spatial_F1: 0.9829
2025-09-09 13:18:25,291 - INFO - temporal_CdAccuracy: 0.7314; temporal_PA: 0.9426; temporal_UA: 0.9291; temporal_F1: 0.9358
2025-09-09 13:18:25,292 - INFO - Confusion Matrix
 [118053.	  2490.	     2.	    17.	    11.]
 [   927.	 86809.	   103.	     9.	    25.]
 [     4.	   306.	  3788.	     0.	     0.]
 [    17.	   164.	     0.	  2095.	     0.]
 [     2.	   249.	     0.	     0.	 16769.]
2025-09-09 13:18:25,293 - INFO - model saved 27 times, last saved epoch: 40.

2025-09-09 13:18:29,047 - INFO - Epoch 48, Train loss: 0.0367296077311039.
2025-09-09 13:18:30,508 - INFO - mIoU: 0.9507; OA: 0.9826; AA: 0.971; F1: 0.9745; Kappa: 0.9699;
2025-09-09 13:18:30,509 - INFO - spatial_LccAccuracy: 0.9063; spatial_PA: 0.9808; spatial_UA: 0.989; spatial_F1: 0.9849
2025-09-09 13:18:30,509 - INFO - temporal_CdAccuracy: 0.7376; temporal_PA: 0.9569; temporal_UA: 0.9349; temporal_F1: 0.9458
2025-09-09 13:18:30,510 - INFO - Confusion Matrix
 [119088.	  1457.	     2.	     5.	    21.]
 [  1747.	 85798.	   233.	    18.	    77.]
 [     7.	   190.	  3901.	     0.	     0.]
 [    36.	    80.	     0.	  2160.	     0.]
 [    27.	   140.	     0.	     0.	 16853.]
2025-09-09 13:18:30,511 - INFO - model saved 27 times, last saved epoch: 40.

2025-09-09 13:18:34,194 - INFO - Epoch 49, Train loss: 0.03583023324608803.
2025-09-09 13:18:35,652 - INFO - mIoU: 0.9548; OA: 0.9838; AA: 0.9736; F1: 0.9766; Kappa: 0.972;
2025-09-09 13:18:35,652 - INFO - spatial_LccAccuracy: 0.919; spatial_PA: 0.9816; spatial_UA: 0.9922; spatial_F1: 0.9869
2025-09-09 13:18:35,652 - INFO - temporal_CdAccuracy: 0.7472; temporal_PA: 0.9579; temporal_UA: 0.942; temporal_F1: 0.9499
2025-09-09 13:18:35,653 - INFO - Confusion Matrix
 [119244.	  1310.	     5.	    10.	     4.]
 [  1674.	 85963.	   138.	    53.	    45.]
 [     2.	   270.	  3826.	     0.	     0.]
 [    17.	    32.	     0.	  2227.	     0.]
 [    10.	   186.	     0.	     0.	 16824.]
2025-09-09 13:18:35,723 - INFO - Epoch 49 saved.
2025-09-09 13:18:35,724 - INFO - model saved 28 times, last saved epoch: 49.

2025-09-09 13:18:39,525 - INFO - Epoch 50, Train loss: 0.03574683144688606.
2025-09-09 13:18:41,034 - INFO - mIoU: 0.9443; OA: 0.9832; AA: 0.9587; F1: 0.971; Kappa: 0.9711;
2025-09-09 13:18:41,034 - INFO - spatial_LccAccuracy: 0.9094; spatial_PA: 0.9841; spatial_UA: 0.9859; spatial_F1: 0.985
2025-09-09 13:18:41,035 - INFO - temporal_CdAccuracy: 0.7422; temporal_PA: 0.953; temporal_UA: 0.9373; temporal_F1: 0.9451
2025-09-09 13:18:41,035 - INFO - Confusion Matrix
 [119095.	  1475.	     2.	     1.	     0.]
 [  1487.	 86228.	   123.	    19.	    16.]
 [     7.	   287.	  3804.	     0.	     0.]
 [    95.	   105.	     0.	  2076.	     0.]
 [    41.	   227.	     0.	     0.	 16752.]
2025-09-09 13:18:41,036 - INFO - model saved 28 times, last saved epoch: 49.

2025-09-09 13:18:44,698 - INFO - Epoch 51, Train loss: 0.034323550760746.
2025-09-09 13:18:46,225 - INFO - mIoU: 0.9523; OA: 0.9835; AA: 0.9733; F1: 0.9754; Kappa: 0.9716;
2025-09-09 13:18:46,226 - INFO - spatial_LccAccuracy: 0.9141; spatial_PA: 0.9804; spatial_UA: 0.9919; spatial_F1: 0.9861
2025-09-09 13:18:46,226 - INFO - temporal_CdAccuracy: 0.734; temporal_PA: 0.9628; temporal_UA: 0.9322; temporal_F1: 0.9472
2025-09-09 13:18:46,227 - INFO - Confusion Matrix
 [119510.	  1022.	     4.	     8.	    29.]
 [  1933.	 85481.	   206.	    23.	   230.]
 [     3.	   187.	  3908.	     0.	     0.]
 [    24.	    79.	     0.	  2169.	     4.]
 [     4.	    62.	     0.	     0.	 16954.]
2025-09-09 13:18:46,228 - INFO - model saved 28 times, last saved epoch: 49.

2025-09-09 13:18:49,891 - INFO - Epoch 52, Train loss: 0.034009385854005814.
2025-09-09 13:18:51,343 - INFO - mIoU: 0.9483; OA: 0.9838; AA: 0.9634; F1: 0.9732; Kappa: 0.972;
2025-09-09 13:18:51,343 - INFO - spatial_LccAccuracy: 0.92; spatial_PA: 0.9825; spatial_UA: 0.9913; spatial_F1: 0.9869
2025-09-09 13:18:51,344 - INFO - temporal_CdAccuracy: 0.7459; temporal_PA: 0.9601; temporal_UA: 0.9405; temporal_F1: 0.9502
2025-09-09 13:18:51,345 - INFO - Confusion Matrix
 [119259.	  1309.	     1.	     2.	     2.]
 [  1590.	 86058.	   111.	    27.	    87.]
 [     8.	   325.	  3765.	     0.	     0.]
 [    38.	   100.	     0.	  2138.	     0.]
 [    22.	   142.	     0.	     0.	 16856.]
2025-09-09 13:18:51,346 - INFO - model saved 28 times, last saved epoch: 49.

2025-09-09 13:18:55,160 - INFO - Epoch 53, Train loss: 0.032882992178201675.
2025-09-09 13:18:56,627 - INFO - mIoU: 0.9546; OA: 0.9833; AA: 0.9726; F1: 0.9765; Kappa: 0.9711;
2025-09-09 13:18:56,627 - INFO - spatial_LccAccuracy: 0.9262; spatial_PA: 0.9743; spatial_UA: 0.9909; spatial_F1: 0.9825
2025-09-09 13:18:56,628 - INFO - temporal_CdAccuracy: 0.7508; temporal_PA: 0.9647; temporal_UA: 0.9434; temporal_F1: 0.9539
2025-09-09 13:18:56,628 - INFO - Confusion Matrix
 [119582.	   970.	     5.	     9.	     7.]
 [  2125.	 85477.	   118.	    47.	   106.]
 [     3.	   312.	  3783.	     0.	     0.]
 [    20.	    18.	     0.	  2238.	     0.]
 [     8.	   127.	     0.	     0.	 16885.]
2025-09-09 13:18:56,629 - INFO - model saved 28 times, last saved epoch: 49.

2025-09-09 13:19:00,346 - INFO - Epoch 54, Train loss: 0.0339052714407444.
2025-09-09 13:19:01,774 - INFO - mIoU: 0.9527; OA: 0.9824; AA: 0.9719; F1: 0.9755; Kappa: 0.9696;
2025-09-09 13:19:01,774 - INFO - spatial_LccAccuracy: 0.918; spatial_PA: 0.9794; spatial_UA: 0.9905; spatial_F1: 0.9849
2025-09-09 13:19:01,774 - INFO - temporal_CdAccuracy: 0.7365; temporal_PA: 0.9546; temporal_UA: 0.932; temporal_F1: 0.9431
2025-09-09 13:19:01,775 - INFO - Confusion Matrix
 [119831.	   712.	     1.	     5.	    24.]
 [  2544.	 84983.	   131.	    51.	   164.]
 [     7.	   295.	  3796.	     0.	     0.]
 [    40.	    10.	     0.	  2226.	     0.]
 [     9.	    89.	     0.	     0.	 16922.]
2025-09-09 13:19:01,776 - INFO - model saved 28 times, last saved epoch: 49.

2025-09-09 13:19:05,461 - INFO - Epoch 55, Train loss: 0.03351173922419548.
2025-09-09 13:19:06,890 - INFO - mIoU: 0.9564; OA: 0.9837; AA: 0.9767; F1: 0.9775; Kappa: 0.9718;
2025-09-09 13:19:06,890 - INFO - spatial_LccAccuracy: 0.9226; spatial_PA: 0.9857; spatial_UA: 0.9898; spatial_F1: 0.9877
2025-09-09 13:19:06,890 - INFO - temporal_CdAccuracy: 0.7487; temporal_PA: 0.9628; temporal_UA: 0.9409; temporal_F1: 0.9517
2025-09-09 13:19:06,891 - INFO - Confusion Matrix
 [119000.	  1548.	     2.	     4.	    19.]
 [  1490.	 86088.	   143.	    67.	    85.]
 [     8.	   230.	  3860.	     0.	     0.]
 [    27.	    10.	     0.	  2239.	     0.]
 [    10.	   143.	     0.	     0.	 16867.]
2025-09-09 13:19:06,938 - INFO - Epoch 55 saved.
2025-09-09 13:19:06,939 - INFO - model saved 29 times, last saved epoch: 55.

2025-09-09 13:19:10,727 - INFO - Epoch 56, Train loss: 0.03154165297746658.
2025-09-09 13:19:12,239 - INFO - mIoU: 0.9519; OA: 0.9837; AA: 0.9811; F1: 0.9751; Kappa: 0.9719;
2025-09-09 13:19:12,240 - INFO - spatial_LccAccuracy: 0.9123; spatial_PA: 0.981; spatial_UA: 0.9921; spatial_F1: 0.9865
2025-09-09 13:19:12,240 - INFO - temporal_CdAccuracy: 0.7371; temporal_PA: 0.963; temporal_UA: 0.9338; temporal_F1: 0.9482
2025-09-09 13:19:12,241 - INFO - Confusion Matrix
 [118884.	  1654.	     3.	    16.	    16.]
 [  1318.	 86101.	   243.	   113.	    98.]
 [     8.	   178.	  3912.	     0.	     0.]
 [    12.	     5.	     0.	  2259.	     0.]
 [     6.	   118.	     0.	     0.	 16896.]
2025-09-09 13:19:12,242 - INFO - model saved 29 times, last saved epoch: 55.

2025-09-09 13:19:16,269 - INFO - Epoch 57, Train loss: 0.031158890575170517.
2025-09-09 13:19:17,765 - INFO - mIoU: 0.9585; OA: 0.9853; AA: 0.9765; F1: 0.9786; Kappa: 0.9746;
2025-09-09 13:19:17,765 - INFO - spatial_LccAccuracy: 0.9304; spatial_PA: 0.9844; spatial_UA: 0.9918; spatial_F1: 0.9881
2025-09-09 13:19:17,765 - INFO - temporal_CdAccuracy: 0.7521; temporal_PA: 0.9635; temporal_UA: 0.9454; temporal_F1: 0.9544
2025-09-09 13:19:17,766 - INFO - Confusion Matrix
 [119274.	  1279.	     6.	     6.	     8.]
 [  1417.	 86175.	   134.	    48.	    99.]
 [     3.	   246.	  3849.	     0.	     0.]
 [    30.	    14.	     0.	  2232.	     0.]
 [    11.	   112.	     0.	     0.	 16897.]
2025-09-09 13:19:17,816 - INFO - Epoch 57 saved.
2025-09-09 13:19:17,817 - INFO - model saved 30 times, last saved epoch: 57.

2025-09-09 13:19:21,507 - INFO - Epoch 58, Train loss: 0.02984669618308544.
2025-09-09 13:19:23,039 - INFO - mIoU: 0.9548; OA: 0.9841; AA: 0.9752; F1: 0.9767; Kappa: 0.9725;
2025-09-09 13:19:23,040 - INFO - spatial_LccAccuracy: 0.9203; spatial_PA: 0.9897; spatial_UA: 0.992; spatial_F1: 0.9909
2025-09-09 13:19:23,040 - INFO - temporal_CdAccuracy: 0.7461; temporal_PA: 0.9628; temporal_UA: 0.9421; temporal_F1: 0.9523
2025-09-09 13:19:23,041 - INFO - Confusion Matrix
 [118974.	  1575.	     3.	     3.	    18.]
 [  1336.	 86292.	   123.	    87.	    35.]
 [     4.	   240.	  3854.	     0.	     0.]
 [    41.	     5.	     0.	  2230.	     0.]
 [     9.	   214.	     0.	     0.	 16797.]
2025-09-09 13:19:23,042 - INFO - model saved 30 times, last saved epoch: 57.

2025-09-09 13:19:26,802 - INFO - Epoch 59, Train loss: 0.0293645728379488.
2025-09-09 13:19:28,262 - INFO - mIoU: 0.9573; OA: 0.9845; AA: 0.9808; F1: 0.978; Kappa: 0.9733;
2025-09-09 13:19:28,262 - INFO - spatial_LccAccuracy: 0.9216; spatial_PA: 0.986; spatial_UA: 0.9934; spatial_F1: 0.9897
2025-09-09 13:19:28,263 - INFO - temporal_CdAccuracy: 0.7451; temporal_PA: 0.9617; temporal_UA: 0.9408; temporal_F1: 0.9512
2025-09-09 13:19:28,263 - INFO - Confusion Matrix
 [119080.	  1451.	    11.	    11.	    20.]
 [  1324.	 86057.	   254.	    28.	   210.]
 [     3.	   162.	  3933.	     0.	     0.]
 [    12.	    29.	     0.	  2235.	     0.]
 [     1.	    75.	     0.	     0.	 16944.]
2025-09-09 13:19:28,264 - INFO - model saved 30 times, last saved epoch: 57.

2025-09-09 13:19:32,038 - INFO - Epoch 60, Train loss: 0.03147708252072334.
2025-09-09 13:19:33,449 - INFO - mIoU: 0.9552; OA: 0.9837; AA: 0.9726; F1: 0.9768; Kappa: 0.9719;
2025-09-09 13:19:33,449 - INFO - spatial_LccAccuracy: 0.9247; spatial_PA: 0.9879; spatial_UA: 0.9915; spatial_F1: 0.9897
2025-09-09 13:19:33,449 - INFO - temporal_CdAccuracy: 0.7459; temporal_PA: 0.9619; temporal_UA: 0.9415; temporal_F1: 0.9516
2025-09-09 13:19:33,450 - INFO - Confusion Matrix
 [119057.	  1496.	     2.	     3.	    15.]
 [  1478.	 86094.	   117.	    41.	   143.]
 [     6.	   306.	  3786.	     0.	     0.]
 [    24.	    23.	     0.	  2229.	     0.]
 [     5.	   119.	     0.	     0.	 16896.]
2025-09-09 13:19:33,451 - INFO - model saved 30 times, last saved epoch: 57.

2025-09-09 13:19:37,284 - INFO - Epoch 61, Train loss: 0.028913116082549095.
2025-09-09 13:19:38,864 - INFO - mIoU: 0.9559; OA: 0.9849; AA: 0.9789; F1: 0.9772; Kappa: 0.974;
2025-09-09 13:19:38,864 - INFO - spatial_LccAccuracy: 0.9262; spatial_PA: 0.988; spatial_UA: 0.9922; spatial_F1: 0.9901
2025-09-09 13:19:38,864 - INFO - temporal_CdAccuracy: 0.7492; temporal_PA: 0.9637; temporal_UA: 0.9454; temporal_F1: 0.9545
2025-09-09 13:19:38,865 - INFO - Confusion Matrix
 [119209.	  1348.	     5.	     3.	     8.]
 [  1319.	 86053.	   282.	    25.	   194.]
 [     6.	   152.	  3940.	     0.	     0.]
 [    40.	    27.	     0.	  2209.	     0.]
 [    22.	    73.	     0.	     0.	 16925.]
2025-09-09 13:19:38,866 - INFO - model saved 30 times, last saved epoch: 57.

2025-09-09 13:19:42,618 - INFO - Epoch 62, Train loss: 0.028047289699316025.
2025-09-09 13:19:44,100 - INFO - mIoU: 0.9526; OA: 0.9844; AA: 0.9815; F1: 0.9755; Kappa: 0.9732;
2025-09-09 13:19:44,100 - INFO - spatial_LccAccuracy: 0.9252; spatial_PA: 0.9835; spatial_UA: 0.9927; spatial_F1: 0.9881
2025-09-09 13:19:44,101 - INFO - temporal_CdAccuracy: 0.7505; temporal_PA: 0.9647; temporal_UA: 0.9407; temporal_F1: 0.9525
2025-09-09 13:19:44,102 - INFO - Confusion Matrix
 [119220.	  1168.	     8.	    98.	    79.]
 [  1548.	 85925.	   164.	    55.	   181.]
 [     3.	   199.	  3896.	     0.	     0.]
 [     5.	     5.	     0.	  2266.	     0.]
 [     0.	    94.	     0.	     0.	 16926.]
2025-09-09 13:19:44,103 - INFO - model saved 30 times, last saved epoch: 57.

2025-09-09 13:19:47,986 - INFO - Epoch 63, Train loss: 0.028662068769335747.
2025-09-09 13:19:49,438 - INFO - mIoU: 0.9547; OA: 0.984; AA: 0.9727; F1: 0.9765; Kappa: 0.9723;
2025-09-09 13:19:49,438 - INFO - spatial_LccAccuracy: 0.9208; spatial_PA: 0.9793; spatial_UA: 0.9922; spatial_F1: 0.9857
2025-09-09 13:19:49,438 - INFO - temporal_CdAccuracy: 0.7409; temporal_PA: 0.9624; temporal_UA: 0.9375; temporal_F1: 0.9498
2025-09-09 13:19:49,439 - INFO - Confusion Matrix
 [119451.	  1075.	     3.	     5.	    39.]
 [  1802.	 85721.	   103.	    47.	   200.]
 [     4.	   335.	  3759.	     0.	     0.]
 [    23.	    13.	     0.	  2240.	     0.]
 [     3.	    69.	     0.	     0.	 16948.]
2025-09-09 13:19:49,440 - INFO - model saved 30 times, last saved epoch: 57.

2025-09-09 13:19:53,391 - INFO - Epoch 64, Train loss: 0.02820088528096676.
2025-09-09 13:19:54,902 - INFO - mIoU: 0.9569; OA: 0.9841; AA: 0.9739; F1: 0.9778; Kappa: 0.9725;
2025-09-09 13:19:54,902 - INFO - spatial_LccAccuracy: 0.9301; spatial_PA: 0.9897; spatial_UA: 0.9897; spatial_F1: 0.9897
2025-09-09 13:19:54,903 - INFO - temporal_CdAccuracy: 0.7528; temporal_PA: 0.9631; temporal_UA: 0.9459; temporal_F1: 0.9544
2025-09-09 13:19:54,903 - INFO - Confusion Matrix
 [119230.	  1339.	     0.	     1.	     3.]
 [  1617.	 85980.	   161.	    26.	    89.]
 [    23.	   191.	  3884.	     0.	     0.]
 [    58.	    24.	     0.	  2193.	     1.]
 [    12.	   147.	     0.	     0.	 16861.]
2025-09-09 13:19:54,904 - INFO - model saved 30 times, last saved epoch: 57.

2025-09-09 13:19:58,582 - INFO - Epoch 65, Train loss: 0.027395248413085938.
2025-09-09 13:19:59,943 - INFO - mIoU: 0.9586; OA: 0.9848; AA: 0.9764; F1: 0.9786; Kappa: 0.9738;
2025-09-09 13:19:59,944 - INFO - spatial_LccAccuracy: 0.934; spatial_PA: 0.9877; spatial_UA: 0.9933; spatial_F1: 0.9905
2025-09-09 13:19:59,944 - INFO - temporal_CdAccuracy: 0.7539; temporal_PA: 0.9597; temporal_UA: 0.9472; temporal_F1: 0.9534
2025-09-09 13:19:59,945 - INFO - Confusion Matrix
 [119704.	   861.	     3.	     3.	     2.]
 [  1926.	 85657.	   188.	    27.	    75.]
 [     6.	   219.	  3873.	     0.	     0.]
 [    25.	    24.	     0.	  2227.	     0.]
 [    20.	   137.	     0.	     0.	 16863.]
2025-09-09 13:19:59,987 - INFO - Epoch 65 saved.
2025-09-09 13:19:59,987 - INFO - model saved 31 times, last saved epoch: 65.

2025-09-09 13:20:03,675 - INFO - Epoch 66, Train loss: 0.026749856770038605.
2025-09-09 13:20:05,068 - INFO - mIoU: 0.955; OA: 0.9842; AA: 0.9805; F1: 0.9768; Kappa: 0.9727;
2025-09-09 13:20:05,068 - INFO - spatial_LccAccuracy: 0.911; spatial_PA: 0.9849; spatial_UA: 0.9937; spatial_F1: 0.9893
2025-09-09 13:20:05,068 - INFO - temporal_CdAccuracy: 0.7402; temporal_PA: 0.9651; temporal_UA: 0.9363; temporal_F1: 0.9505
2025-09-09 13:20:05,069 - INFO - Confusion Matrix
 [119450.	  1112.	     5.	     6.	     0.]
 [  1794.	 85637.	   190.	   103.	   149.]
 [     4.	   173.	  3921.	     0.	     0.]
 [    30.	     1.	     0.	  2245.	     0.]
 [    22.	    83.	     0.	     0.	 16915.]
2025-09-09 13:20:05,070 - INFO - model saved 31 times, last saved epoch: 65.

2025-09-09 13:20:08,920 - INFO - Epoch 67, Train loss: 0.02700749970972538.
2025-09-09 13:20:10,454 - INFO - mIoU: 0.9493; OA: 0.9823; AA: 0.9802; F1: 0.9737; Kappa: 0.9695;
2025-09-09 13:20:10,454 - INFO - spatial_LccAccuracy: 0.903; spatial_PA: 0.9894; spatial_UA: 0.9908; spatial_F1: 0.9901
2025-09-09 13:20:10,454 - INFO - temporal_CdAccuracy: 0.7365; temporal_PA: 0.9616; temporal_UA: 0.9392; temporal_F1: 0.9503
2025-09-09 13:20:10,455 - INFO - Confusion Matrix
 [118421.	  2138.	     6.	     8.	     0.]
 [  1132.	 86318.	   231.	   146.	    46.]
 [     4.	   160.	  3934.	     0.	     0.]
 [    20.	     5.	     0.	  2251.	     0.]
 [    19.	   197.	     0.	     0.	 16804.]
2025-09-09 13:20:10,455 - INFO - model saved 31 times, last saved epoch: 65.

2025-09-09 13:20:14,312 - INFO - Epoch 68, Train loss: 0.026413358747959137.
2025-09-09 13:20:15,756 - INFO - mIoU: 0.9584; OA: 0.9854; AA: 0.9867; F1: 0.9786; Kappa: 0.9748;
2025-09-09 13:20:15,756 - INFO - spatial_LccAccuracy: 0.9216; spatial_PA: 0.9874; spatial_UA: 0.9944; spatial_F1: 0.9909
2025-09-09 13:20:15,756 - INFO - temporal_CdAccuracy: 0.7453; temporal_PA: 0.968; temporal_UA: 0.9417; temporal_F1: 0.9547
2025-09-09 13:20:15,757 - INFO - Confusion Matrix
 [119316.	  1205.	    12.	    15.	    25.]
 [  1426.	 85930.	   290.	    73.	   154.]
 [     3.	    96.	  3999.	     0.	     0.]
 [    10.	     1.	     0.	  2265.	     0.]
 [     3.	    82.	     0.	     0.	 16935.]
2025-09-09 13:20:15,758 - INFO - model saved 31 times, last saved epoch: 65.

2025-09-09 13:20:19,450 - INFO - Epoch 69, Train loss: 0.02526169829070568.
2025-09-09 13:20:20,939 - INFO - mIoU: 0.9597; OA: 0.9841; AA: 0.9802; F1: 0.9793; Kappa: 0.9726;
2025-09-09 13:20:20,939 - INFO - spatial_LccAccuracy: 0.918; spatial_PA: 0.9875; spatial_UA: 0.9903; spatial_F1: 0.9889
2025-09-09 13:20:20,940 - INFO - temporal_CdAccuracy: 0.7505; temporal_PA: 0.9623; temporal_UA: 0.9426; temporal_F1: 0.9524
2025-09-09 13:20:20,940 - INFO - Confusion Matrix
 [118467.	  2087.	    10.	     4.	     5.]
 [   917.	 86650.	   221.	    27.	    58.]
 [     3.	   141.	  3954.	     0.	     0.]
 [    22.	    31.	     0.	  2223.	     0.]
 [    12.	   148.	     0.	     0.	 16860.]
2025-09-09 13:20:20,982 - INFO - Epoch 69 saved.
2025-09-09 13:20:20,983 - INFO - model saved 32 times, last saved epoch: 69.

2025-09-09 13:20:24,836 - INFO - Epoch 70, Train loss: 0.025558877736330032.
2025-09-09 13:20:26,283 - INFO - mIoU: 0.9557; OA: 0.9836; AA: 0.9758; F1: 0.9771; Kappa: 0.9718;
2025-09-09 13:20:26,283 - INFO - spatial_LccAccuracy: 0.9123; spatial_PA: 0.9844; spatial_UA: 0.9918; spatial_F1: 0.9881
2025-09-09 13:20:26,283 - INFO - temporal_CdAccuracy: 0.7391; temporal_PA: 0.9565; temporal_UA: 0.9379; temporal_F1: 0.9471
2025-09-09 13:20:26,284 - INFO - Confusion Matrix
 [118336.	  2184.	    14.	    31.	     8.]
 [   859.	 86722.	   146.	    22.	   124.]
 [     3.	   277.	  3818.	     0.	     0.]
 [     5.	    30.	     0.	  2241.	     0.]
 [     0.	   100.	     0.	     0.	 16920.]
2025-09-09 13:20:26,285 - INFO - model saved 32 times, last saved epoch: 69.

2025-09-09 13:20:30,049 - INFO - Epoch 71, Train loss: 0.02435908280313015.
2025-09-09 13:20:31,557 - INFO - mIoU: 0.9578; OA: 0.9856; AA: 0.9847; F1: 0.9783; Kappa: 0.9751;
2025-09-09 13:20:31,557 - INFO - spatial_LccAccuracy: 0.9293; spatial_PA: 0.9881; spatial_UA: 0.9945; spatial_F1: 0.9913
2025-09-09 13:20:31,558 - INFO - temporal_CdAccuracy: 0.7572; temporal_PA: 0.9641; temporal_UA: 0.947; temporal_F1: 0.9555
2025-09-09 13:20:31,559 - INFO - Confusion Matrix
 [119533.	   987.	     8.	    23.	    22.]
 [  1594.	 85805.	   229.	    84.	   161.]
 [     4.	   137.	  3957.	     0.	     0.]
 [    10.	     1.	     0.	  2265.	     0.]
 [     1.	    84.	     0.	     0.	 16935.]
2025-09-09 13:20:31,560 - INFO - model saved 32 times, last saved epoch: 69.

2025-09-09 13:20:35,266 - INFO - Epoch 72, Train loss: 0.024262337014079094.
2025-09-09 13:20:36,760 - INFO - mIoU: 0.9583; OA: 0.9855; AA: 0.9769; F1: 0.9786; Kappa: 0.975;
2025-09-09 13:20:36,760 - INFO - spatial_LccAccuracy: 0.9322; spatial_PA: 0.9885; spatial_UA: 0.9941; spatial_F1: 0.9913
2025-09-09 13:20:36,761 - INFO - temporal_CdAccuracy: 0.7588; temporal_PA: 0.9646; temporal_UA: 0.9474; temporal_F1: 0.9559
2025-09-09 13:20:36,761 - INFO - Confusion Matrix
 [119758.	   809.	     5.	     1.	     0.]
 [  1819.	 85745.	   159.	    53.	    97.]
 [     7.	   194.	  3897.	     0.	     0.]
 [    53.	     7.	     0.	  2216.	     0.]
 [    33.	   123.	     0.	     0.	 16864.]
2025-09-09 13:20:36,762 - INFO - model saved 32 times, last saved epoch: 69.

2025-09-09 13:20:40,669 - INFO - Epoch 73, Train loss: 0.024041350930929184.
2025-09-09 13:20:42,131 - INFO - mIoU: 0.9448; OA: 0.9824; AA: 0.9618; F1: 0.9713; Kappa: 0.9697;
2025-09-09 13:20:42,132 - INFO - spatial_LccAccuracy: 0.903; spatial_PA: 0.9857; spatial_UA: 0.9898; spatial_F1: 0.9877
2025-09-09 13:20:42,132 - INFO - temporal_CdAccuracy: 0.7363; temporal_PA: 0.9531; temporal_UA: 0.9355; temporal_F1: 0.9442
2025-09-09 13:20:42,133 - INFO - Confusion Matrix
 [118232.	  2330.	     6.	     5.	     0.]
 [   818.	 86856.	   179.	     3.	    17.]
 [     5.	   176.	  3917.	     0.	     0.]
 [    27.	   195.	     0.	  2054.	     0.]
 [    58.	   254.	     0.	     0.	 16708.]
2025-09-09 13:20:42,134 - INFO - model saved 32 times, last saved epoch: 69.

2025-09-09 13:20:45,878 - INFO - Epoch 74, Train loss: 0.024208001792430878.
2025-09-09 13:20:47,268 - INFO - mIoU: 0.9621; OA: 0.9857; AA: 0.981; F1: 0.9805; Kappa: 0.9753;
2025-09-09 13:20:47,269 - INFO - spatial_LccAccuracy: 0.9296; spatial_PA: 0.9871; spatial_UA: 0.9931; spatial_F1: 0.9901
2025-09-09 13:20:47,269 - INFO - temporal_CdAccuracy: 0.756; temporal_PA: 0.9669; temporal_UA: 0.9472; temporal_F1: 0.9569
2025-09-09 13:20:47,270 - INFO - Confusion Matrix
 [119279.	  1253.	    12.	     9.	    20.]
 [  1377.	 86206.	   199.	    22.	    69.]
 [     3.	   146.	  3949.	     0.	     0.]
 [    18.	    26.	     0.	  2232.	     0.]
 [    22.	   143.	     0.	     0.	 16855.]
2025-09-09 13:20:47,317 - INFO - Epoch 74 saved.
2025-09-09 13:20:47,318 - INFO - model saved 33 times, last saved epoch: 74.

2025-09-09 13:20:51,173 - INFO - Epoch 75, Train loss: 0.022847812622785568.
2025-09-09 13:20:52,588 - INFO - mIoU: 0.9495; OA: 0.9845; AA: 0.9615; F1: 0.9737; Kappa: 0.9732;
2025-09-09 13:20:52,588 - INFO - spatial_LccAccuracy: 0.9193; spatial_PA: 0.9913; spatial_UA: 0.9913; spatial_F1: 0.9913
2025-09-09 13:20:52,589 - INFO - temporal_CdAccuracy: 0.7528; temporal_PA: 0.9596; temporal_UA: 0.9467; temporal_F1: 0.9531
2025-09-09 13:20:52,589 - INFO - Confusion Matrix
 [118860.	  1696.	     2.	     2.	    13.]
 [  1047.	 86685.	    79.	     8.	    54.]
 [     6.	   429.	  3663.	     0.	     0.]
 [    25.	    88.	     0.	  2163.	     0.]
 [     3.	   151.	     0.	     0.	 16866.]
2025-09-09 13:20:52,591 - INFO - model saved 33 times, last saved epoch: 74.

2025-09-09 13:20:56,339 - INFO - Epoch 76, Train loss: 0.023511439561843872.
2025-09-09 13:20:57,861 - INFO - mIoU: 0.9618; OA: 0.9852; AA: 0.9818; F1: 0.9804; Kappa: 0.9745;
2025-09-09 13:20:57,861 - INFO - spatial_LccAccuracy: 0.9343; spatial_PA: 0.9882; spatial_UA: 0.9905; spatial_F1: 0.9893
2025-09-09 13:20:57,862 - INFO - temporal_CdAccuracy: 0.757; temporal_PA: 0.962; temporal_UA: 0.9499; temporal_F1: 0.9559
2025-09-09 13:20:57,862 - INFO - Confusion Matrix
 [119074.	  1485.	     4.	     6.	     4.]
 [  1247.	 86296.	   211.	    33.	    86.]
 [    10.	   150.	  3938.	     0.	     0.]
 [    17.	    10.	     0.	  2249.	     0.]
 [    34.	   133.	     0.	     0.	 16853.]
2025-09-09 13:20:57,863 - INFO - model saved 33 times, last saved epoch: 74.

2025-09-09 13:21:01,692 - INFO - Epoch 77, Train loss: 0.022672384977340698.
2025-09-09 13:21:03,146 - INFO - mIoU: 0.9618; OA: 0.986; AA: 0.9796; F1: 0.9804; Kappa: 0.9759;
2025-09-09 13:21:03,146 - INFO - spatial_LccAccuracy: 0.9322; spatial_PA: 0.9871; spatial_UA: 0.9931; spatial_F1: 0.9901
2025-09-09 13:21:03,146 - INFO - temporal_CdAccuracy: 0.7547; temporal_PA: 0.967; temporal_UA: 0.9473; temporal_F1: 0.957
2025-09-09 13:21:03,147 - INFO - Confusion Matrix
 [119612.	   935.	     5.	     5.	    16.]
 [  1602.	 85927.	   163.	    30.	   151.]
 [     7.	   191.	  3900.	     0.	     0.]
 [    27.	    15.	     0.	  2234.	     0.]
 [     9.	    82.	     0.	     0.	 16929.]
2025-09-09 13:21:03,148 - INFO - model saved 33 times, last saved epoch: 74.

2025-09-09 13:21:06,839 - INFO - Epoch 78, Train loss: 0.02135315351188183.
2025-09-09 13:21:08,333 - INFO - mIoU: 0.9618; OA: 0.9859; AA: 0.9816; F1: 0.9803; Kappa: 0.9758;
2025-09-09 13:21:08,334 - INFO - spatial_LccAccuracy: 0.9293; spatial_PA: 0.9896; spatial_UA: 0.9938; spatial_F1: 0.9917
2025-09-09 13:21:08,334 - INFO - temporal_CdAccuracy: 0.7575; temporal_PA: 0.9645; temporal_UA: 0.9493; temporal_F1: 0.9568
2025-09-09 13:21:08,335 - INFO - Confusion Matrix
 [119129.	  1394.	     8.	     8.	    34.]
 [  1168.	 86404.	   189.	    40.	    72.]
 [     3.	   178.	  3917.	     0.	     0.]
 [    13.	    12.	     0.	  2251.	     0.]
 [     2.	   140.	     0.	     0.	 16878.]
2025-09-09 13:21:08,336 - INFO - model saved 33 times, last saved epoch: 74.

2025-09-09 13:21:12,043 - INFO - Epoch 79, Train loss: 0.02195301465690136.
2025-09-09 13:21:13,442 - INFO - mIoU: 0.9596; OA: 0.9856; AA: 0.9798; F1: 0.9792; Kappa: 0.9752;
2025-09-09 13:21:13,756 - INFO - spatial_LccAccuracy: 0.9317; spatial_PA: 0.9888; spatial_UA: 0.993; spatial_F1: 0.9909
2025-09-09 13:21:13,756 - INFO - temporal_CdAccuracy: 0.7585; temporal_PA: 0.9646; temporal_UA: 0.9485; temporal_F1: 0.9564
2025-09-09 13:21:13,757 - INFO - Confusion Matrix
 [119304.	  1226.	     5.	     9.	    29.]
 [  1340.	 86147.	   138.	    59.	   189.]
 [     6.	   238.	  3854.	     0.	     0.]
 [    11.	     4.	     0.	  2261.	     0.]
 [     8.	    69.	     0.	     0.	 16943.]
2025-09-09 13:21:13,758 - INFO - model saved 33 times, last saved epoch: 74.

2025-09-09 13:21:17,422 - INFO - Epoch 80, Train loss: 0.021113725379109383.
2025-09-09 13:21:18,927 - INFO - mIoU: 0.9611; OA: 0.9853; AA: 0.9763; F1: 0.9799; Kappa: 0.9747;
2025-09-09 13:21:18,928 - INFO - spatial_LccAccuracy: 0.9249; spatial_PA: 0.9891; spatial_UA: 0.9919; spatial_F1: 0.9905
2025-09-09 13:21:18,928 - INFO - temporal_CdAccuracy: 0.7554; temporal_PA: 0.9623; temporal_UA: 0.9466; temporal_F1: 0.9544
2025-09-09 13:21:18,929 - INFO - Confusion Matrix
 [118832.	  1727.	     2.	     8.	     4.]
 [  1006.	 86683.	   107.	    31.	    46.]
 [     6.	   277.	  3815.	     0.	     0.]
 [    15.	    12.	     0.	  2249.	     0.]
 [    15.	   152.	     0.	     0.	 16853.]
2025-09-09 13:21:18,930 - INFO - model saved 33 times, last saved epoch: 74.

2025-09-09 13:21:22,671 - INFO - Epoch 81, Train loss: 0.020661363378167152.
2025-09-09 13:21:24,147 - INFO - mIoU: 0.9601; OA: 0.9859; AA: 0.9816; F1: 0.9795; Kappa: 0.9757;
2025-09-09 13:21:24,148 - INFO - spatial_LccAccuracy: 0.9299; spatial_PA: 0.9851; spatial_UA: 0.992; spatial_F1: 0.9885
2025-09-09 13:21:24,148 - INFO - temporal_CdAccuracy: 0.7552; temporal_PA: 0.9684; temporal_UA: 0.9461; temporal_F1: 0.9571
2025-09-09 13:21:24,149 - INFO - Confusion Matrix
 [119432.	  1081.	     8.	    12.	    40.]
 [  1430.	 86025.	   208.	    36.	   174.]
 [     4.	   162.	  3932.	     0.	     0.]
 [    12.	    26.	     0.	  2238.	     0.]
 [     0.	    75.	     0.	     0.	 16945.]
2025-09-09 13:21:24,150 - INFO - model saved 33 times, last saved epoch: 74.

2025-09-09 13:21:27,907 - INFO - Epoch 82, Train loss: 0.021098585799336433.
2025-09-09 13:21:29,412 - INFO - mIoU: 0.9544; OA: 0.9851; AA: 0.9828; F1: 0.9764; Kappa: 0.9743;
2025-09-09 13:21:29,412 - INFO - spatial_LccAccuracy: 0.9309; spatial_PA: 0.9884; spatial_UA: 0.9934; spatial_F1: 0.9909
2025-09-09 13:21:29,412 - INFO - temporal_CdAccuracy: 0.7557; temporal_PA: 0.9644; temporal_UA: 0.9445; temporal_F1: 0.9543
2025-09-09 13:21:29,413 - INFO - Confusion Matrix
 [119043.	  1447.	    11.	    67.	     5.]
 [  1152.	 86353.	   330.	    20.	    18.]
 [     3.	   111.	  3984.	     0.	     0.]
 [     6.	    22.	     1.	  2247.	     0.]
 [    11.	   251.	     0.	     0.	 16758.]
2025-09-09 13:21:29,414 - INFO - model saved 33 times, last saved epoch: 74.

2025-09-09 13:21:33,153 - INFO - Epoch 83, Train loss: 0.020630402490496635.
2025-09-09 13:21:34,581 - INFO - mIoU: 0.9615; OA: 0.9859; AA: 0.983; F1: 0.9802; Kappa: 0.9758;
2025-09-09 13:21:34,581 - INFO - spatial_LccAccuracy: 0.9304; spatial_PA: 0.9857; spatial_UA: 0.9945; spatial_F1: 0.9901
2025-09-09 13:21:34,581 - INFO - temporal_CdAccuracy: 0.7567; temporal_PA: 0.9607; temporal_UA: 0.9465; temporal_F1: 0.9535
2025-09-09 13:21:34,582 - INFO - Confusion Matrix
 [119152.	  1389.	     9.	     7.	    16.]
 [  1156.	 86327.	   247.	    29.	   114.]
 [     3.	   141.	  3954.	     0.	     0.]
 [    17.	    14.	     0.	  2245.	     0.]
 [     6.	   110.	     0.	     0.	 16904.]
2025-09-09 13:21:34,583 - INFO - model saved 33 times, last saved epoch: 74.

2025-09-09 13:21:38,393 - INFO - Epoch 84, Train loss: 0.019550133496522903.
2025-09-09 13:21:39,841 - INFO - mIoU: 0.9598; OA: 0.9854; AA: 0.973; F1: 0.9793; Kappa: 0.9749;
2025-09-09 13:21:39,842 - INFO - spatial_LccAccuracy: 0.9293; spatial_PA: 0.9904; spatial_UA: 0.9922; spatial_F1: 0.9913
2025-09-09 13:21:39,842 - INFO - temporal_CdAccuracy: 0.7578; temporal_PA: 0.9606; temporal_UA: 0.9503; temporal_F1: 0.9554
2025-09-09 13:21:39,843 - INFO - Confusion Matrix
 [119025.	  1519.	     7.	     6.	    16.]
 [  1127.	 86595.	    87.	    17.	    47.]
 [     3.	   293.	  3802.	     0.	     0.]
 [    20.	    33.	     0.	  2223.	     0.]
 [     7.	   198.	     0.	     0.	 16815.]
2025-09-09 13:21:39,844 - INFO - model saved 33 times, last saved epoch: 74.

2025-09-09 13:21:43,622 - INFO - Epoch 85, Train loss: 0.01971946842968464.
2025-09-09 13:21:45,094 - INFO - mIoU: 0.9573; OA: 0.9853; AA: 0.9832; F1: 0.978; Kappa: 0.9747;
2025-09-09 13:21:45,094 - INFO - spatial_LccAccuracy: 0.9224; spatial_PA: 0.9907; spatial_UA: 0.9935; spatial_F1: 0.9921
2025-09-09 13:21:45,095 - INFO - temporal_CdAccuracy: 0.7469; temporal_PA: 0.9661; temporal_UA: 0.9447; temporal_F1: 0.9553
2025-09-09 13:21:45,095 - INFO - Confusion Matrix
 [118979.	  1541.	     8.	    12.	    33.]
 [  1084.	 86344.	   235.	    76.	   134.]
 [     4.	   166.	  3927.	     1.	     0.]
 [    11.	     3.	     0.	  2262.	     0.]
 [     2.	    92.	     0.	     0.	 16926.]
2025-09-09 13:21:45,097 - INFO - model saved 33 times, last saved epoch: 74.

2025-09-09 13:21:48,969 - INFO - Epoch 86, Train loss: 0.01870580017566681.
2025-09-09 13:21:50,404 - INFO - mIoU: 0.9605; OA: 0.9854; AA: 0.9784; F1: 0.9797; Kappa: 0.9748;
2025-09-09 13:21:50,405 - INFO - spatial_LccAccuracy: 0.927; spatial_PA: 0.9894; spatial_UA: 0.9931; spatial_F1: 0.9913
2025-09-09 13:21:50,405 - INFO - temporal_CdAccuracy: 0.7505; temporal_PA: 0.9628; temporal_UA: 0.9471; temporal_F1: 0.9549
2025-09-09 13:21:50,406 - INFO - Confusion Matrix
 [118874.	  1651.	     4.	    18.	    26.]
 [  1021.	 86565.	   136.	    27.	   124.]
 [     6.	   240.	  3852.	     0.	     0.]
 [    10.	    19.	     0.	  2247.	     0.]
 [     2.	   107.	     0.	     0.	 16911.]
2025-09-09 13:21:50,407 - INFO - model saved 33 times, last saved epoch: 74.

2025-09-09 13:21:54,089 - INFO - Epoch 87, Train loss: 0.018888629972934723.
2025-09-09 13:21:55,523 - INFO - mIoU: 0.9605; OA: 0.985; AA: 0.9845; F1: 0.9796; Kappa: 0.9741;
2025-09-09 13:21:55,524 - INFO - spatial_LccAccuracy: 0.9291; spatial_PA: 0.9918; spatial_UA: 0.9932; spatial_F1: 0.9925
2025-09-09 13:21:55,524 - INFO - temporal_CdAccuracy: 0.7505; temporal_PA: 0.9675; temporal_UA: 0.9423; temporal_F1: 0.9547
2025-09-09 13:21:55,525 - INFO - Confusion Matrix
 [118794.	  1729.	    13.	    15.	    22.]
 [  1026.	 86471.	   273.	    34.	    69.]
 [     3.	   121.	  3974.	     0.	     0.]
 [     7.	     9.	     0.	  2260.	     0.]
 [     2.	   161.	     0.	     0.	 16857.]
2025-09-09 13:21:55,526 - INFO - model saved 33 times, last saved epoch: 74.

2025-09-09 13:21:59,523 - INFO - Epoch 88, Train loss: 0.018983695656061172.
2025-09-09 13:22:01,021 - INFO - mIoU: 0.9599; OA: 0.9844; AA: 0.9799; F1: 0.9794; Kappa: 0.9731;
2025-09-09 13:22:01,021 - INFO - spatial_LccAccuracy: 0.9237; spatial_PA: 0.9901; spatial_UA: 0.9933; spatial_F1: 0.9917
2025-09-09 13:22:01,022 - INFO - temporal_CdAccuracy: 0.7495; temporal_PA: 0.9616; temporal_UA: 0.9433; temporal_F1: 0.9524
2025-09-09 13:22:01,023 - INFO - Confusion Matrix
 [118798.	  1753.	     4.	    14.	     4.]
 [  1154.	 86390.	   234.	     8.	    87.]
 [     6.	   133.	  3959.	     0.	     0.]
 [    22.	    36.	     0.	  2218.	     0.]
 [    41.	   121.	     0.	     0.	 16858.]
2025-09-09 13:22:01,024 - INFO - model saved 33 times, last saved epoch: 74.

2025-09-09 13:22:04,960 - INFO - Epoch 89, Train loss: 0.01725057139992714.
2025-09-09 13:22:06,427 - INFO - mIoU: 0.9616; OA: 0.9861; AA: 0.983; F1: 0.9802; Kappa: 0.9761;
2025-09-09 13:22:06,428 - INFO - spatial_LccAccuracy: 0.9293; spatial_PA: 0.9848; spatial_UA: 0.9931; spatial_F1: 0.9889
2025-09-09 13:22:06,428 - INFO - temporal_CdAccuracy: 0.7565; temporal_PA: 0.9693; temporal_UA: 0.9456; temporal_F1: 0.9573
2025-09-09 13:22:06,429 - INFO - Confusion Matrix
 [119538.	  1008.	     9.	     8.	    10.]
 [  1519.	 86004.	   220.	    49.	    81.]
 [     3.	   145.	  3950.	     0.	     0.]
 [    15.	     9.	     0.	  2252.	     0.]
 [    21.	   122.	     0.	     0.	 16877.]
2025-09-09 13:22:06,430 - INFO - model saved 33 times, last saved epoch: 74.

2025-09-09 13:22:10,126 - INFO - Epoch 90, Train loss: 0.018682241439819336.
2025-09-09 13:22:11,593 - INFO - mIoU: 0.9614; OA: 0.9856; AA: 0.9824; F1: 0.9802; Kappa: 0.9751;
2025-09-09 13:22:11,593 - INFO - spatial_LccAccuracy: 0.9361; spatial_PA: 0.987; spatial_UA: 0.9948; spatial_F1: 0.9909
2025-09-09 13:22:11,593 - INFO - temporal_CdAccuracy: 0.7554; temporal_PA: 0.9671; temporal_UA: 0.9483; temporal_F1: 0.9576
2025-09-09 13:22:11,594 - INFO - Confusion Matrix
 [119614.	   918.	     7.	     8.	    26.]
 [  1672.	 85771.	   214.	    32.	   184.]
 [     3.	   147.	  3948.	     0.	     0.]
 [    21.	     9.	     0.	  2246.	     0.]
 [    34.	    70.	     0.	     0.	 16916.]
2025-09-09 13:22:11,595 - INFO - model saved 33 times, last saved epoch: 74.

2025-09-09 13:22:15,432 - INFO - Epoch 91, Train loss: 0.01795477792620659.
2025-09-09 13:22:16,966 - INFO - mIoU: 0.9594; OA: 0.9859; AA: 0.9793; F1: 0.9791; Kappa: 0.9757;
2025-09-09 13:22:16,966 - INFO - spatial_LccAccuracy: 0.9268; spatial_PA: 0.9923; spatial_UA: 0.9927; spatial_F1: 0.9925
2025-09-09 13:22:16,966 - INFO - temporal_CdAccuracy: 0.7575; temporal_PA: 0.9645; temporal_UA: 0.9502; temporal_F1: 0.9573
2025-09-09 13:22:16,967 - INFO - Confusion Matrix
 [119037.	  1514.	     8.	     9.	     5.]
 [  1027.	 86555.	   135.	    69.	    87.]
 [     4.	   226.	  3867.	     1.	     0.]
 [    18.	     4.	     0.	  2254.	     0.]
 [    48.	   117.	     0.	     0.	 16855.]
2025-09-09 13:22:16,968 - INFO - model saved 33 times, last saved epoch: 74.

2025-09-09 13:22:20,937 - INFO - Epoch 92, Train loss: 0.017339365556836128.
2025-09-09 13:22:22,538 - INFO - mIoU: 0.9642; OA: 0.9868; AA: 0.9787; F1: 0.9816; Kappa: 0.9773;
2025-09-09 13:22:22,539 - INFO - spatial_LccAccuracy: 0.9405; spatial_PA: 0.9869; spatial_UA: 0.9925; spatial_F1: 0.9897
2025-09-09 13:22:22,539 - INFO - temporal_CdAccuracy: 0.7622; temporal_PA: 0.9671; temporal_UA: 0.955; temporal_F1: 0.961
2025-09-09 13:22:22,540 - INFO - Confusion Matrix
 [119360.	  1189.	     7.	    10.	     7.]
 [  1188.	 86469.	   127.	    14.	    75.]
 [     3.	   227.	  3868.	     0.	     0.]
 [    13.	    20.	     0.	  2243.	     0.]
 [     8.	   162.	     0.	     0.	 16850.]
2025-09-09 13:22:22,581 - INFO - Epoch 92 saved.
2025-09-09 13:22:22,582 - INFO - model saved 34 times, last saved epoch: 92.

2025-09-09 13:22:26,560 - INFO - Epoch 93, Train loss: 0.016791798174381256.
2025-09-09 13:22:28,125 - INFO - mIoU: 0.9621; OA: 0.9865; AA: 0.9807; F1: 0.9805; Kappa: 0.9766;
2025-09-09 13:22:28,125 - INFO - spatial_LccAccuracy: 0.9363; spatial_PA: 0.9881; spatial_UA: 0.9945; spatial_F1: 0.9913
2025-09-09 13:22:28,126 - INFO - temporal_CdAccuracy: 0.7593; temporal_PA: 0.9668; temporal_UA: 0.9498; temporal_F1: 0.9583
2025-09-09 13:22:28,127 - INFO - Confusion Matrix
 [119450.	  1088.	     7.	    17.	    11.]
 [  1331.	 86258.	   171.	    33.	    80.]
 [     3.	   191.	  3904.	     0.	     0.]
 [    12.	    12.	     0.	  2252.	     0.]
 [    21.	   164.	     0.	     0.	 16835.]
2025-09-09 13:22:28,128 - INFO - model saved 34 times, last saved epoch: 92.

2025-09-09 13:22:31,817 - INFO - Epoch 94, Train loss: 0.016692066565155983.
2025-09-09 13:22:33,305 - INFO - mIoU: 0.9633; OA: 0.9861; AA: 0.9829; F1: 0.9812; Kappa: 0.976;
2025-09-09 13:22:33,305 - INFO - spatial_LccAccuracy: 0.933; spatial_PA: 0.9893; spatial_UA: 0.9949; spatial_F1: 0.9921
2025-09-09 13:22:33,305 - INFO - temporal_CdAccuracy: 0.7544; temporal_PA: 0.9696; temporal_UA: 0.9461; temporal_F1: 0.9577
2025-09-09 13:22:33,306 - INFO - Confusion Matrix
 [119428.	  1097.	     6.	    11.	    31.]
 [  1460.	 86091.	   178.	    40.	   104.]
 [     4.	   158.	  3936.	     0.	     0.]
 [    14.	     8.	     0.	  2254.	     0.]
 [    13.	    97.	     0.	     0.	 16910.]
2025-09-09 13:22:33,307 - INFO - model saved 34 times, last saved epoch: 92.

2025-09-09 13:22:37,315 - INFO - Epoch 95, Train loss: 0.016298674046993256.
2025-09-09 13:22:38,844 - INFO - mIoU: 0.9578; OA: 0.9863; AA: 0.9706; F1: 0.9782; Kappa: 0.9763;
2025-09-09 13:22:38,844 - INFO - spatial_LccAccuracy: 0.9293; spatial_PA: 0.9901; spatial_UA: 0.9933; spatial_F1: 0.9917
2025-09-09 13:22:38,845 - INFO - temporal_CdAccuracy: 0.7554; temporal_PA: 0.9671; temporal_UA: 0.9495; temporal_F1: 0.9582
2025-09-09 13:22:38,845 - INFO - Confusion Matrix
 [119322.	  1232.	     4.	     9.	     6.]
 [  1169.	 86508.	    98.	     7.	    91.]
 [     4.	   330.	  3764.	     0.	     0.]
 [    15.	    54.	     0.	  2207.	     0.]
 [    28.	   133.	     0.	     0.	 16859.]
2025-09-09 13:22:38,846 - INFO - model saved 34 times, last saved epoch: 92.

2025-09-09 13:22:42,665 - INFO - Epoch 96, Train loss: 0.016480237245559692.
2025-09-09 13:22:44,150 - INFO - mIoU: 0.9613; OA: 0.9865; AA: 0.9821; F1: 0.98; Kappa: 0.9767;
2025-09-09 13:22:44,151 - INFO - spatial_LccAccuracy: 0.9343; spatial_PA: 0.9882; spatial_UA: 0.9928; spatial_F1: 0.9905
2025-09-09 13:22:44,151 - INFO - temporal_CdAccuracy: 0.7609; temporal_PA: 0.9671; temporal_UA: 0.954; temporal_F1: 0.9605
2025-09-09 13:22:44,152 - INFO - Confusion Matrix
 [119414.	  1133.	     7.	     7.	    12.]
 [  1264.	 86211.	   281.	    11.	   106.]
 [     5.	   137.	  3956.	     0.	     0.]
 [    11.	    32.	     0.	  2233.	     0.]
 [    19.	   109.	     0.	     0.	 16892.]
2025-09-09 13:22:44,153 - INFO - model saved 34 times, last saved epoch: 92.

2025-09-09 13:22:47,810 - INFO - Epoch 97, Train loss: 0.015949610620737076.
2025-09-09 13:22:49,278 - INFO - mIoU: 0.9626; OA: 0.9864; AA: 0.9802; F1: 0.9808; Kappa: 0.9766;
2025-09-09 13:22:49,278 - INFO - spatial_LccAccuracy: 0.9371; spatial_PA: 0.9896; spatial_UA: 0.9938; spatial_F1: 0.9917
2025-09-09 13:22:49,279 - INFO - temporal_CdAccuracy: 0.766; temporal_PA: 0.9652; temporal_UA: 0.9531; temporal_F1: 0.9591
2025-09-09 13:22:49,279 - INFO - Confusion Matrix
 [119247.	  1297.	     9.	    12.	     8.]
 [  1152.	 86478.	   175.	    25.	    43.]
 [     4.	   191.	  3903.	     0.	     0.]
 [    17.	    11.	     0.	  2248.	     0.]
 [    24.	   184.	     0.	     0.	 16812.]
2025-09-09 13:22:49,281 - INFO - model saved 34 times, last saved epoch: 92.

2025-09-09 13:22:53,039 - INFO - Epoch 98, Train loss: 0.015542782843112946.
2025-09-09 13:22:54,530 - INFO - mIoU: 0.9625; OA: 0.9863; AA: 0.9801; F1: 0.9807; Kappa: 0.9764;
2025-09-09 13:22:54,530 - INFO - spatial_LccAccuracy: 0.9379; spatial_PA: 0.9907; spatial_UA: 0.9935; spatial_F1: 0.9921
2025-09-09 13:22:54,530 - INFO - temporal_CdAccuracy: 0.7601; temporal_PA: 0.9646; temporal_UA: 0.9526; temporal_F1: 0.9586
2025-09-09 13:22:54,531 - INFO - Confusion Matrix
 [119039.	  1482.	     6.	     4.	    42.]
 [   991.	 86591.	   182.	    20.	    89.]
 [     4.	   187.	  3907.	     0.	     0.]
 [    24.	    17.	     0.	  2235.	     0.]
 [     6.	   124.	     0.	     0.	 16890.]
2025-09-09 13:22:54,531 - INFO - model saved 34 times, last saved epoch: 92.

2025-09-09 13:22:58,231 - INFO - Epoch 99, Train loss: 0.015720443800091743.
2025-09-09 13:22:59,654 - INFO - mIoU: 0.9633; OA: 0.9868; AA: 0.9776; F1: 0.9811; Kappa: 0.9773;
2025-09-09 13:22:59,654 - INFO - spatial_LccAccuracy: 0.9387; spatial_PA: 0.9897; spatial_UA: 0.992; spatial_F1: 0.9909
2025-09-09 13:22:59,655 - INFO - temporal_CdAccuracy: 0.7655; temporal_PA: 0.9677; temporal_UA: 0.956; temporal_F1: 0.9618
2025-09-09 13:22:59,656 - INFO - Confusion Matrix
 [119347.	  1198.	     7.	     7.	    14.]
 [  1170.	 86515.	   126.	    18.	    44.]
 [     3.	   248.	  3846.	     1.	     0.]
 [    19.	    12.	     0.	  2245.	     0.]
 [    18.	   171.	     0.	     0.	 16831.]
2025-09-09 13:22:59,657 - INFO - model saved 34 times, last saved epoch: 92.

2025-09-09 13:23:03,427 - INFO - Epoch 100, Train loss: 0.015116436406970024.
2025-09-09 13:23:04,916 - INFO - mIoU: 0.9628; OA: 0.9861; AA: 0.9783; F1: 0.9809; Kappa: 0.9761;
2025-09-09 13:23:04,917 - INFO - spatial_LccAccuracy: 0.9356; spatial_PA: 0.9899; spatial_UA: 0.995; spatial_F1: 0.9925
2025-09-09 13:23:04,917 - INFO - temporal_CdAccuracy: 0.7575; temporal_PA: 0.9692; temporal_UA: 0.9493; temporal_F1: 0.9591
2025-09-09 13:23:04,918 - INFO - Confusion Matrix
 [119365.	  1170.	     5.	     7.	    26.]
 [  1348.	 86261.	   150.	    10.	   104.]
 [     4.	   210.	  3884.	     0.	     0.]
 [    13.	    32.	     0.	  2231.	     0.]
 [    15.	   122.	     0.	     0.	 16883.]
2025-09-09 13:23:04,919 - INFO - model saved 34 times, last saved epoch: 92.

2025-09-09 13:23:08,601 - INFO - Epoch 101, Train loss: 0.014542261138558388.
2025-09-09 13:23:09,982 - INFO - mIoU: 0.9621; OA: 0.9864; AA: 0.9761; F1: 0.9805; Kappa: 0.9766;
2025-09-09 13:23:09,982 - INFO - spatial_LccAccuracy: 0.9379; spatial_PA: 0.9898; spatial_UA: 0.9944; spatial_F1: 0.9921
2025-09-09 13:23:09,982 - INFO - temporal_CdAccuracy: 0.7614; temporal_PA: 0.9646; temporal_UA: 0.9528; temporal_F1: 0.9587
2025-09-09 13:23:09,983 - INFO - Confusion Matrix
 [119509.	  1044.	     2.	     5.	    13.]
 [  1391.	 86282.	   140.	    12.	    48.]
 [     4.	   237.	  3857.	     0.	     0.]
 [    22.	    27.	     0.	  2227.	     0.]
 [    18.	   187.	     0.	     0.	 16815.]
2025-09-09 13:23:09,984 - INFO - model saved 34 times, last saved epoch: 92.

2025-09-09 13:23:13,798 - INFO - Epoch 102, Train loss: 0.01460720133036375.
2025-09-09 13:23:15,227 - INFO - mIoU: 0.9624; OA: 0.986; AA: 0.9829; F1: 0.9806; Kappa: 0.9758;
2025-09-09 13:23:15,228 - INFO - spatial_LccAccuracy: 0.933; spatial_PA: 0.9906; spatial_UA: 0.9952; spatial_F1: 0.9929
2025-09-09 13:23:15,228 - INFO - temporal_CdAccuracy: 0.7614; temporal_PA: 0.9635; temporal_UA: 0.948; temporal_F1: 0.9557
2025-09-09 13:23:15,229 - INFO - Confusion Matrix
 [119635.	   903.	     3.	     6.	    26.]
 [  1616.	 85849.	   211.	    36.	   161.]
 [    11.	   155.	  3932.	     0.	     0.]
 [    16.	     3.	     0.	  2257.	     0.]
 [    12.	    90.	     0.	     0.	 16918.]
2025-09-09 13:23:15,230 - INFO - model saved 34 times, last saved epoch: 92.

2025-09-09 13:23:19,081 - INFO - Epoch 103, Train loss: 0.01441833097487688.
2025-09-09 13:23:20,620 - INFO - mIoU: 0.9569; OA: 0.9849; AA: 0.9749; F1: 0.9777; Kappa: 0.974;
2025-09-09 13:23:20,620 - INFO - spatial_LccAccuracy: 0.9249; spatial_PA: 0.9918; spatial_UA: 0.9932; spatial_F1: 0.9925
2025-09-09 13:23:20,620 - INFO - temporal_CdAccuracy: 0.7508; temporal_PA: 0.9655; temporal_UA: 0.9451; temporal_F1: 0.9552
2025-09-09 13:23:20,621 - INFO - Confusion Matrix
 [118816.	  1703.	     3.	     6.	    45.]
 [  1011.	 86588.	   116.	    49.	   109.]
 [     5.	   311.	  3782.	     0.	     0.]
 [    25.	     4.	     0.	  2247.	     0.]
 [    10.	   102.	     0.	     0.	 16908.]
2025-09-09 13:23:20,622 - INFO - model saved 34 times, last saved epoch: 92.

2025-09-09 13:23:24,355 - INFO - Epoch 104, Train loss: 0.014545556157827377.
2025-09-09 13:23:25,782 - INFO - mIoU: 0.9615; OA: 0.9862; AA: 0.9753; F1: 0.9801; Kappa: 0.9762;
2025-09-09 13:23:25,783 - INFO - spatial_LccAccuracy: 0.9322; spatial_PA: 0.9906; spatial_UA: 0.9952; spatial_F1: 0.9929
2025-09-09 13:23:25,783 - INFO - temporal_CdAccuracy: 0.756; temporal_PA: 0.9653; temporal_UA: 0.9489; temporal_F1: 0.957
2025-09-09 13:23:25,784 - INFO - Confusion Matrix
 [119543.	  1003.	     2.	     4.	    21.]
 [  1465.	 86155.	   114.	    13.	   126.]
 [    10.	   280.	  3808.	     0.	     0.]
 [    22.	    18.	     0.	  2235.	     1.]
 [     8.	   104.	     0.	     0.	 16908.]
2025-09-09 13:23:25,785 - INFO - model saved 34 times, last saved epoch: 92.

2025-09-09 13:23:29,562 - INFO - Epoch 105, Train loss: 0.014395175501704216.
2025-09-09 13:23:31,162 - INFO - mIoU: 0.9634; OA: 0.9863; AA: 0.9814; F1: 0.9812; Kappa: 0.9764;
2025-09-09 13:23:31,162 - INFO - spatial_LccAccuracy: 0.9376; spatial_PA: 0.9891; spatial_UA: 0.9942; spatial_F1: 0.9917
2025-09-09 13:23:31,163 - INFO - temporal_CdAccuracy: 0.7619; temporal_PA: 0.9665; temporal_UA: 0.9534; temporal_F1: 0.9599
2025-09-09 13:23:31,164 - INFO - Confusion Matrix
 [119433.	  1075.	    10.	     9.	    46.]
 [  1391.	 86156.	   183.	    15.	   128.]
 [     3.	   180.	  3915.	     0.	     0.]
 [    15.	    15.	     0.	  2246.	     0.]
 [     9.	    96.	     0.	     0.	 16915.]
2025-09-09 13:23:31,165 - INFO - model saved 34 times, last saved epoch: 92.

2025-09-09 13:23:35,020 - INFO - Epoch 106, Train loss: 0.013638956472277641.
2025-09-09 13:23:36,482 - INFO - mIoU: 0.9638; OA: 0.9866; AA: 0.9827; F1: 0.9814; Kappa: 0.977;
2025-09-09 13:23:36,483 - INFO - spatial_LccAccuracy: 0.9353; spatial_PA: 0.9915; spatial_UA: 0.9943; spatial_F1: 0.9929
2025-09-09 13:23:36,483 - INFO - temporal_CdAccuracy: 0.7562; temporal_PA: 0.9693; temporal_UA: 0.9512; temporal_F1: 0.9602
2025-09-09 13:23:36,484 - INFO - Confusion Matrix
 [119215.	  1314.	     8.	    10.	    26.]
 [  1103.	 86502.	   178.	    39.	    51.]
 [     3.	   163.	  3931.	     1.	     0.]
 [    14.	     4.	     0.	  2258.	     0.]
 [    12.	   171.	     0.	     0.	 16837.]
2025-09-09 13:23:36,485 - INFO - model saved 34 times, last saved epoch: 92.

2025-09-09 13:23:40,283 - INFO - Epoch 107, Train loss: 0.013497970998287201.
2025-09-09 13:23:41,775 - INFO - mIoU: 0.9593; OA: 0.9866; AA: 0.9841; F1: 0.9789; Kappa: 0.9768;
2025-09-09 13:23:41,775 - INFO - spatial_LccAccuracy: 0.9335; spatial_PA: 0.9904; spatial_UA: 0.9946; spatial_F1: 0.9925
2025-09-09 13:23:41,775 - INFO - temporal_CdAccuracy: 0.7596; temporal_PA: 0.9688; temporal_UA: 0.951; temporal_F1: 0.9598
2025-09-09 13:23:41,776 - INFO - Confusion Matrix
 [119445.	  1091.	     8.	    15.	    14.]
 [  1255.	 86204.	   325.	    36.	    53.]
 [     4.	   139.	  3955.	     0.	     0.]
 [    11.	     5.	     0.	  2260.	     0.]
 [    10.	   151.	     0.	     0.	 16859.]
2025-09-09 13:23:41,777 - INFO - model saved 34 times, last saved epoch: 92.

2025-09-09 13:23:45,478 - INFO - Epoch 108, Train loss: 0.01282439474016428.
2025-09-09 13:23:47,016 - INFO - mIoU: 0.9648; OA: 0.9868; AA: 0.9812; F1: 0.9819; Kappa: 0.9773;
2025-09-09 13:23:47,016 - INFO - spatial_LccAccuracy: 0.9394; spatial_PA: 0.9898; spatial_UA: 0.9944; spatial_F1: 0.9921
2025-09-09 13:23:47,016 - INFO - temporal_CdAccuracy: 0.7614; temporal_PA: 0.9691; temporal_UA: 0.9525; temporal_F1: 0.9607
2025-09-09 13:23:47,017 - INFO - Confusion Matrix
 [119514.	  1031.	     5.	     4.	    19.]
 [  1350.	 86225.	   177.	    15.	   106.]
 [     5.	   170.	  3923.	     0.	     0.]
 [    17.	    20.	     0.	  2239.	     0.]
 [    11.	   119.	     0.	     0.	 16890.]
2025-09-09 13:23:47,075 - INFO - Epoch 108 saved.
2025-09-09 13:23:47,075 - INFO - model saved 35 times, last saved epoch: 108.

2025-09-09 13:23:50,916 - INFO - Epoch 109, Train loss: 0.013066641986370087.
2025-09-09 13:23:52,509 - INFO - mIoU: 0.9615; OA: 0.9844; AA: 0.9748; F1: 0.9802; Kappa: 0.973;
2025-09-09 13:23:52,510 - INFO - spatial_LccAccuracy: 0.927; spatial_PA: 0.9915; spatial_UA: 0.9919; spatial_F1: 0.9917
2025-09-09 13:23:52,510 - INFO - temporal_CdAccuracy: 0.751; temporal_PA: 0.9639; temporal_UA: 0.9472; temporal_F1: 0.9555
2025-09-09 13:23:52,510 - INFO - Confusion Matrix
 [118517.	  2039.	     4.	     4.	     9.]
 [   913.	 86814.	    93.	    12.	    41.]
 [     4.	   249.	  3845.	     0.	     0.]
 [    23.	    29.	     0.	  2224.	     0.]
 [    31.	   175.	     0.	     0.	 16814.]
2025-09-09 13:23:52,511 - INFO - model saved 35 times, last saved epoch: 108.

2025-09-09 13:23:56,262 - INFO - Epoch 110, Train loss: 0.013023918494582176.
2025-09-09 13:23:57,734 - INFO - mIoU: 0.962; OA: 0.9867; AA: 0.979; F1: 0.9805; Kappa: 0.977;
2025-09-09 13:23:57,734 - INFO - spatial_LccAccuracy: 0.9356; spatial_PA: 0.991; spatial_UA: 0.9947; spatial_F1: 0.9929
2025-09-09 13:23:57,734 - INFO - temporal_CdAccuracy: 0.7619; temporal_PA: 0.9675; temporal_UA: 0.9524; temporal_F1: 0.9599
2025-09-09 13:23:57,735 - INFO - Confusion Matrix
 [119233.	  1279.	     3.	    35.	    23.]
 [  1114.	 86517.	   140.	     9.	    93.]
 [     6.	   217.	  3875.	     0.	     0.]
 [     7.	    30.	     0.	  2239.	     0.]
 [     9.	   127.	     0.	     0.	 16884.]
2025-09-09 13:23:57,736 - INFO - model saved 35 times, last saved epoch: 108.

2025-09-09 13:24:01,557 - INFO - Epoch 111, Train loss: 0.012474344111979008.
2025-09-09 13:24:03,006 - INFO - mIoU: 0.9597; OA: 0.9862; AA: 0.9815; F1: 0.9793; Kappa: 0.9762;
2025-09-09 13:24:03,007 - INFO - spatial_LccAccuracy: 0.933; spatial_PA: 0.9912; spatial_UA: 0.9953; spatial_F1: 0.9933
2025-09-09 13:24:03,007 - INFO - temporal_CdAccuracy: 0.7611; temporal_PA: 0.9694; temporal_UA: 0.9494; temporal_F1: 0.9593
2025-09-09 13:24:03,008 - INFO - Confusion Matrix
 [119428.	  1063.	     3.	    47.	    32.]
 [  1381.	 86163.	   172.	    35.	   122.]
 [    11.	   184.	  3903.	     0.	     0.]
 [    10.	     9.	     0.	  2257.	     0.]
 [     7.	   124.	     0.	     0.	 16889.]
2025-09-09 13:24:03,009 - INFO - model saved 35 times, last saved epoch: 108.

