2025-09-09 11:17:41,316 - INFO - Epoch 0, Train loss: 1.710412621498108.
2025-09-09 11:17:42,190 - INFO - mIoU: 0.1228; OA: 0.3853; AA: 0.1944; F1: 0.2167; Kappa: 0.0786;
2025-09-09 11:17:42,191 - INFO - spatial_LccAccuracy: 0.0; spatial_PA: 0.6121; spatial_UA: 0.9173; spatial_F1: 0.7342
2025-09-09 11:17:42,191 - INFO - temporal_CdAccuracy: 0.0465; temporal_PA: 0.6203; temporal_UA: 0.5243; temporal_F1: 0.5683
2025-09-09 11:17:42,192 - INFO - Confusion Matrix
 [50461.	   11.	  447.	 2629.	16460.]
 [19017.	  443.	 2427.	 1247.	28531.]
 [  184.	    0.	  434.	    5.	 1513.]
 [  565.	    0.	    0.	    0.	  733.]
 [ 8690.	    0.	    0.	    5.	  358.]
2025-09-09 11:17:42,250 - INFO - Epoch 0 saved.
2025-09-09 11:17:42,250 - INFO - model saved 1 times, last saved epoch: 0.

2025-09-09 11:17:45,198 - INFO - Epoch 1, Train loss: 1.4108721017837524.
2025-09-09 11:17:46,061 - INFO - mIoU: 0.167; OA: 0.6158; AA: 0.2502; F1: 0.5717; Kappa: 0.2231;
2025-09-09 11:17:46,061 - INFO - spatial_LccAccuracy: 0.102; spatial_PA: 0.5755; spatial_UA: 0.5618; spatial_F1: 0.5686
2025-09-09 11:17:46,061 - INFO - temporal_CdAccuracy: 0.1726; temporal_PA: 0.521; temporal_UA: 0.5225; temporal_F1: 0.5218
2025-09-09 11:17:46,062 - INFO - Confusion Matrix
 [68582.	 1426.	    0.	    0.	    0.]
 [37635.	14030.	    0.	    0.	    0.]
 [ 1535.	  601.	    0.	    0.	    0.]
 [ 1297.	    1.	    0.	    0.	    0.]
 [ 9049.	    4.	    0.	    0.	    0.]
2025-09-09 11:17:46,104 - INFO - Epoch 1 saved.
2025-09-09 11:17:46,105 - INFO - model saved 2 times, last saved epoch: 1.

2025-09-09 11:17:48,899 - INFO - Epoch 2, Train loss: 1.0830559730529785.
2025-09-09 11:17:49,739 - INFO - mIoU: 0.2205; OA: 0.6893; AA: 0.2944; F1: 0.709; Kappa: 0.3992;
2025-09-09 11:17:49,739 - INFO - spatial_LccAccuracy: 0.1619; spatial_PA: 0.684; spatial_UA: 0.6235; spatial_F1: 0.6524
2025-09-09 11:17:49,739 - INFO - temporal_CdAccuracy: 0.1901; temporal_PA: 0.5815; temporal_UA: 0.5627; temporal_F1: 0.5719
2025-09-09 11:17:49,740 - INFO - Confusion Matrix
 [62719.	 7289.	    0.	    0.	    0.]
 [21907.	29758.	    0.	    0.	    0.]
 [ 1055.	 1081.	    0.	    0.	    0.]
 [ 1295.	    3.	    0.	    0.	    0.]
 [ 8983.	   70.	    0.	    0.	    0.]
2025-09-09 11:17:49,807 - INFO - Epoch 2 saved.
2025-09-09 11:17:49,808 - INFO - model saved 3 times, last saved epoch: 2.

2025-09-09 11:17:52,758 - INFO - Epoch 3, Train loss: 0.8562639951705933.
2025-09-09 11:17:53,637 - INFO - mIoU: 0.2619; OA: 0.7562; AA: 0.3307; F1: 0.7914; Kappa: 0.5404;
2025-09-09 11:17:53,637 - INFO - spatial_LccAccuracy: 0.2133; spatial_PA: 0.7793; spatial_UA: 0.685; spatial_F1: 0.7291
2025-09-09 11:17:53,637 - INFO - temporal_CdAccuracy: 0.2321; temporal_PA: 0.6561; temporal_UA: 0.5999; temporal_F1: 0.6267
2025-09-09 11:17:53,638 - INFO - Confusion Matrix
 [61187.	 8821.	    0.	    0.	    0.]
 [11399.	40266.	    0.	    0.	    0.]
 [   84.	 2052.	    0.	    0.	    0.]
 [ 1295.	    3.	    0.	    0.	    0.]
 [ 8923.	  130.	    0.	    0.	    0.]
2025-09-09 11:17:53,681 - INFO - Epoch 3 saved.
2025-09-09 11:17:53,682 - INFO - model saved 4 times, last saved epoch: 3.

2025-09-09 11:17:56,459 - INFO - Epoch 4, Train loss: 0.6290125250816345.
2025-09-09 11:17:57,301 - INFO - mIoU: 0.4865; OA: 0.8673; AA: 0.5319; F1: 0.8943; Kappa: 0.7624;
2025-09-09 11:17:57,301 - INFO - spatial_LccAccuracy: 0.3989; spatial_PA: 0.8926; spatial_UA: 0.8287; spatial_F1: 0.8594
2025-09-09 11:17:57,302 - INFO - temporal_CdAccuracy: 0.2831; temporal_PA: 0.7045; temporal_UA: 0.6255; temporal_F1: 0.6626
2025-09-09 11:17:57,302 - INFO - Confusion Matrix
 [64197.	 5811.	    0.	    0.	    0.]
 [ 7554.	44111.	    0.	    0.	    0.]
 [   13.	 2123.	    0.	    0.	    0.]
 [ 1296.	    2.	    0.	    0.	    0.]
 [  891.	  115.	    0.	    0.	 8047.]
2025-09-09 11:17:57,346 - INFO - Epoch 4 saved.
2025-09-09 11:17:57,347 - INFO - model saved 5 times, last saved epoch: 4.

2025-09-09 11:18:00,123 - INFO - Epoch 5, Train loss: 0.46334096789360046.
2025-09-09 11:18:00,968 - INFO - mIoU: 0.5045; OA: 0.8893; AA: 0.545; F1: 0.9128; Kappa: 0.8028;
2025-09-09 11:18:00,969 - INFO - spatial_LccAccuracy: 0.458; spatial_PA: 0.9313; spatial_UA: 0.8715; spatial_F1: 0.9004
2025-09-09 11:18:00,969 - INFO - temporal_CdAccuracy: 0.3502; temporal_PA: 0.7398; temporal_UA: 0.6632; temporal_F1: 0.6994
2025-09-09 11:18:00,970 - INFO - Confusion Matrix
 [64557.	 5451.	    0.	    0.	    0.]
 [ 5065.	46600.	    0.	    0.	    0.]
 [    8.	 2128.	    0.	    0.	    0.]
 [ 1288.	   10.	    0.	    0.	    0.]
 [  743.	  156.	    0.	    0.	 8154.]
2025-09-09 11:18:01,012 - INFO - Epoch 5 saved.
2025-09-09 11:18:01,013 - INFO - model saved 6 times, last saved epoch: 5.

2025-09-09 11:18:03,872 - INFO - Epoch 6, Train loss: 0.3687474727630615.
2025-09-09 11:18:04,811 - INFO - mIoU: 0.5653; OA: 0.905; AA: 0.6016; F1: 0.7925; Kappa: 0.8313;
2025-09-09 11:18:04,812 - INFO - spatial_LccAccuracy: 0.504; spatial_PA: 0.9283; spatial_UA: 0.873; spatial_F1: 0.8998
2025-09-09 11:18:04,812 - INFO - temporal_CdAccuracy: 0.3748; temporal_PA: 0.7588; temporal_UA: 0.6821; temporal_F1: 0.7184
2025-09-09 11:18:04,813 - INFO - Confusion Matrix
 [65209.	 4799.	    0.	    0.	    0.]
 [ 4176.	47467.	   22.	    0.	    0.]
 [    8.	 1591.	  537.	    0.	    0.]
 [ 1259.	   39.	    0.	    0.	    0.]
 [  672.	  177.	    0.	    0.	 8204.]
2025-09-09 11:18:04,856 - INFO - Epoch 6 saved.
2025-09-09 11:18:04,856 - INFO - model saved 7 times, last saved epoch: 6.

2025-09-09 11:18:08,237 - INFO - Epoch 7, Train loss: 0.30821359157562256.
2025-09-09 11:18:09,556 - INFO - mIoU: 0.6208; OA: 0.9169; AA: 0.655; F1: 0.8625; Kappa: 0.8528;
2025-09-09 11:18:09,557 - INFO - spatial_LccAccuracy: 0.5581; spatial_PA: 0.9254; spatial_UA: 0.8793; spatial_F1: 0.9018
2025-09-09 11:18:09,557 - INFO - temporal_CdAccuracy: 0.4083; temporal_PA: 0.7699; temporal_UA: 0.703; temporal_F1: 0.7349
2025-09-09 11:18:09,557 - INFO - Confusion Matrix
 [65891.	 4115.	    2.	    0.	    0.]
 [ 3781.	47832.	   52.	    0.	    0.]
 [    5.	 1062.	 1069.	    0.	    0.]
 [ 1141.	  157.	    0.	    0.	    0.]
 [  637.	  200.	    0.	    0.	 8216.]
2025-09-09 11:18:09,598 - INFO - Epoch 7 saved.
2025-09-09 11:18:09,599 - INFO - model saved 8 times, last saved epoch: 7.

2025-09-09 11:18:12,908 - INFO - Epoch 8, Train loss: 0.26584112644195557.
2025-09-09 11:18:14,065 - INFO - mIoU: 0.6617; OA: 0.9214; AA: 0.698; F1: 0.7241; Kappa: 0.8615;
2025-09-09 11:18:14,065 - INFO - spatial_LccAccuracy: 0.5599; spatial_PA: 0.9246; spatial_UA: 0.882; spatial_F1: 0.9028
2025-09-09 11:18:14,065 - INFO - temporal_CdAccuracy: 0.4298; temporal_PA: 0.7829; temporal_UA: 0.7083; temporal_F1: 0.7437
2025-09-09 11:18:14,065 - INFO - Confusion Matrix
 [65184.	 4810.	    8.	    5.	    1.]
 [ 2883.	48700.	   82.	    0.	    0.]
 [    3.	  637.	 1496.	    0.	    0.]
 [ 1061.	  227.	    0.	   10.	    0.]
 [  606.	  223.	    0.	    0.	 8224.]
2025-09-09 11:18:14,107 - INFO - Epoch 8 saved.
2025-09-09 11:18:14,108 - INFO - model saved 9 times, last saved epoch: 8.

2025-09-09 11:18:17,583 - INFO - Epoch 9, Train loss: 0.23145273327827454.
2025-09-09 11:18:18,840 - INFO - mIoU: 0.7192; OA: 0.934; AA: 0.7562; F1: 0.7921; Kappa: 0.8836;
2025-09-09 11:18:18,840 - INFO - spatial_LccAccuracy: 0.6315; spatial_PA: 0.9257; spatial_UA: 0.8825; spatial_F1: 0.9036
2025-09-09 11:18:18,841 - INFO - temporal_CdAccuracy: 0.466; temporal_PA: 0.785; temporal_UA: 0.7385; temporal_F1: 0.761
2025-09-09 11:18:18,841 - INFO - Confusion Matrix
 [67114.	 2809.	   11.	   47.	   27.]
 [ 3547.	47968.	  127.	   19.	    4.]
 [    3.	  376.	 1757.	    0.	    0.]
 [  955.	  137.	    0.	  206.	    0.]
 [  581.	  209.	    0.	    0.	 8263.]
2025-09-09 11:18:18,881 - INFO - Epoch 9 saved.
2025-09-09 11:18:18,882 - INFO - model saved 10 times, last saved epoch: 9.

2025-09-09 11:18:22,437 - INFO - Epoch 10, Train loss: 0.2038259655237198.
2025-09-09 11:18:23,768 - INFO - mIoU: 0.7596; OA: 0.9396; AA: 0.8012; F1: 0.8386; Kappa: 0.894;
2025-09-09 11:18:23,768 - INFO - spatial_LccAccuracy: 0.6453; spatial_PA: 0.9257; spatial_UA: 0.8851; spatial_F1: 0.9049
2025-09-09 11:18:23,768 - INFO - temporal_CdAccuracy: 0.5022; temporal_PA: 0.8076; temporal_UA: 0.752; temporal_F1: 0.7788
2025-09-09 11:18:23,768 - INFO - Confusion Matrix
 [66663.	 3215.	   16.	   64.	   50.]
 [ 2642.	48829.	  152.	   32.	   10.]
 [    1.	  281.	 1854.	    0.	    0.]
 [  690.	  186.	    0.	  422.	    0.]
 [  491.	  272.	    0.	    0.	 8290.]
2025-09-09 11:18:23,808 - INFO - Epoch 10 saved.
2025-09-09 11:18:23,809 - INFO - model saved 11 times, last saved epoch: 10.

2025-09-09 11:18:27,172 - INFO - Epoch 11, Train loss: 0.18087466061115265.
2025-09-09 11:18:28,339 - INFO - mIoU: 0.7967; OA: 0.9456; AA: 0.8379; F1: 0.8735; Kappa: 0.9045;
2025-09-09 11:18:28,339 - INFO - spatial_LccAccuracy: 0.6928; spatial_PA: 0.929; spatial_UA: 0.8891; spatial_F1: 0.9086
2025-09-09 11:18:28,339 - INFO - temporal_CdAccuracy: 0.5376; temporal_PA: 0.8129; temporal_UA: 0.7835; temporal_F1: 0.7979
2025-09-09 11:18:28,339 - INFO - Confusion Matrix
 [67589.	 2206.	   11.	   65.	  137.]
 [ 3091.	48382.	   95.	   74.	   23.]
 [    1.	  269.	 1866.	    0.	    0.]
 [  567.	   99.	    0.	  632.	    0.]
 [  453.	  209.	    0.	    0.	 8391.]
2025-09-09 11:18:28,381 - INFO - Epoch 11 saved.
2025-09-09 11:18:28,382 - INFO - model saved 12 times, last saved epoch: 11.

2025-09-09 11:18:31,849 - INFO - Epoch 12, Train loss: 0.16247250139713287.
2025-09-09 11:18:33,037 - INFO - mIoU: 0.8086; OA: 0.9462; AA: 0.8509; F1: 0.8839; Kappa: 0.9062;
2025-09-09 11:18:33,037 - INFO - spatial_LccAccuracy: 0.6771; spatial_PA: 0.9393; spatial_UA: 0.9022; spatial_F1: 0.9204
2025-09-09 11:18:33,037 - INFO - temporal_CdAccuracy: 0.5586; temporal_PA: 0.8301; temporal_UA: 0.7851; temporal_F1: 0.807
2025-09-09 11:18:33,037 - INFO - Confusion Matrix
 [66443.	 3267.	   10.	   19.	  269.]
 [ 2034.	49435.	   92.	   82.	   22.]
 [    1.	  246.	 1889.	    0.	    0.]
 [  492.	  124.	    0.	  682.	    0.]
 [  284.	  270.	    0.	    0.	 8499.]
2025-09-09 11:18:33,078 - INFO - Epoch 12 saved.
2025-09-09 11:18:33,079 - INFO - model saved 13 times, last saved epoch: 12.

2025-09-09 11:18:36,575 - INFO - Epoch 13, Train loss: 0.149804949760437.
2025-09-09 11:18:37,657 - INFO - mIoU: 0.8259; OA: 0.9533; AA: 0.8594; F1: 0.8961; Kappa: 0.918;
2025-09-09 11:18:37,657 - INFO - spatial_LccAccuracy: 0.7357; spatial_PA: 0.9343; spatial_UA: 0.9253; spatial_F1: 0.9298
2025-09-09 11:18:37,657 - INFO - temporal_CdAccuracy: 0.5877; temporal_PA: 0.8362; temporal_UA: 0.8168; temporal_F1: 0.8264
2025-09-09 11:18:37,657 - INFO - Confusion Matrix
 [68223.	 1671.	    5.	    9.	  100.]
 [ 2865.	48631.	   69.	   82.	   18.]
 [    1.	  242.	 1893.	    0.	    0.]
 [  399.	  165.	    0.	  734.	    0.]
 [  410.	  230.	    0.	    0.	 8413.]
2025-09-09 11:18:37,698 - INFO - Epoch 13 saved.
2025-09-09 11:18:37,699 - INFO - model saved 14 times, last saved epoch: 13.

2025-09-09 11:18:41,171 - INFO - Epoch 14, Train loss: 0.13555555045604706.
2025-09-09 11:18:42,031 - INFO - mIoU: 0.8521; OA: 0.9566; AA: 0.8952; F1: 0.9156; Kappa: 0.9242;
2025-09-09 11:18:42,031 - INFO - spatial_LccAccuracy: 0.7478; spatial_PA: 0.9454; spatial_UA: 0.9544; spatial_F1: 0.9499
2025-09-09 11:18:42,031 - INFO - temporal_CdAccuracy: 0.6328; temporal_PA: 0.8638; temporal_UA: 0.834; temporal_F1: 0.8486
2025-09-09 11:18:42,032 - INFO - Confusion Matrix
 [67418.	 2418.	    9.	   25.	  138.]
 [ 1820.	49609.	   87.	  131.	   18.]
 [    1.	  171.	 1964.	    0.	    0.]
 [  269.	  119.	    0.	  910.	    0.]
 [  348.	  267.	    0.	    0.	 8438.]
2025-09-09 11:18:42,075 - INFO - Epoch 14 saved.
2025-09-09 11:18:42,076 - INFO - model saved 15 times, last saved epoch: 14.

2025-09-09 11:18:44,855 - INFO - Epoch 15, Train loss: 0.12707415223121643.
2025-09-09 11:18:45,684 - INFO - mIoU: 0.8715; OA: 0.9605; AA: 0.9232; F1: 0.9289; Kappa: 0.9313;
2025-09-09 11:18:45,684 - INFO - spatial_LccAccuracy: 0.7737; spatial_PA: 0.934; spatial_UA: 0.9743; spatial_F1: 0.9537
2025-09-09 11:18:45,684 - INFO - temporal_CdAccuracy: 0.6606; temporal_PA: 0.8795; temporal_UA: 0.8539; temporal_F1: 0.8665
2025-09-09 11:18:45,685 - INFO - Confusion Matrix
 [67776.	 1807.	    4.	   61.	  360.]
 [ 2037.	49318.	   57.	  152.	  101.]
 [    1.	  206.	 1929.	    0.	    0.]
 [  145.	   88.	    0.	 1065.	    0.]
 [   98.	  176.	    0.	    0.	 8779.]
2025-09-09 11:18:45,726 - INFO - Epoch 15 saved.
2025-09-09 11:18:45,726 - INFO - model saved 16 times, last saved epoch: 15.

2025-09-09 11:18:48,493 - INFO - Epoch 16, Train loss: 0.1180899515748024.
2025-09-09 11:18:49,382 - INFO - mIoU: 0.8782; OA: 0.9626; AA: 0.9215; F1: 0.9325; Kappa: 0.9348;
2025-09-09 11:18:49,382 - INFO - spatial_LccAccuracy: 0.7916; spatial_PA: 0.9562; spatial_UA: 0.9686; spatial_F1: 0.9624
2025-09-09 11:18:49,382 - INFO - temporal_CdAccuracy: 0.6583; temporal_PA: 0.8765; temporal_UA: 0.8627; temporal_F1: 0.8695
2025-09-09 11:18:49,383 - INFO - Confusion Matrix
 [68185.	 1629.	    3.	   16.	  175.]
 [ 2136.	49252.	   77.	  150.	   50.]
 [    2.	  151.	 1983.	    0.	    0.]
 [  208.	   64.	    0.	 1026.	    0.]
 [  169.	  182.	    0.	    0.	 8702.]
2025-09-09 11:18:49,425 - INFO - Epoch 16 saved.
2025-09-09 11:18:49,426 - INFO - model saved 17 times, last saved epoch: 16.

2025-09-09 11:18:52,247 - INFO - Epoch 17, Train loss: 0.10844898968935013.
2025-09-09 11:18:53,154 - INFO - mIoU: 0.8921; OA: 0.9651; AA: 0.942; F1: 0.9415; Kappa: 0.9391;
2025-09-09 11:18:53,155 - INFO - spatial_LccAccuracy: 0.8014; spatial_PA: 0.9395; spatial_UA: 0.9757; spatial_F1: 0.9573
2025-09-09 11:18:53,155 - INFO - temporal_CdAccuracy: 0.6699; temporal_PA: 0.8896; temporal_UA: 0.8691; temporal_F1: 0.8792
2025-09-09 11:18:53,156 - INFO - Confusion Matrix
 [68284.	 1473.	    3.	   51.	  197.]
 [ 2030.	49336.	   66.	  171.	   62.]
 [    3.	  156.	 1977.	    0.	    0.]
 [  103.	   39.	    0.	 1156.	    0.]
 [  166.	  164.	    0.	    0.	 8723.]
2025-09-09 11:18:53,197 - INFO - Epoch 17 saved.
2025-09-09 11:18:53,198 - INFO - model saved 18 times, last saved epoch: 17.

2025-09-09 11:18:56,060 - INFO - Epoch 18, Train loss: 0.10231450945138931.
2025-09-09 11:18:56,930 - INFO - mIoU: 0.8814; OA: 0.9636; AA: 0.9157; F1: 0.9348; Kappa: 0.9366;
2025-09-09 11:18:56,930 - INFO - spatial_LccAccuracy: 0.7885; spatial_PA: 0.957; spatial_UA: 0.9719; spatial_F1: 0.9644
2025-09-09 11:18:56,930 - INFO - temporal_CdAccuracy: 0.665; temporal_PA: 0.8871; temporal_UA: 0.8594; temporal_F1: 0.8731
2025-09-09 11:18:56,931 - INFO - Confusion Matrix
 [67601.	 2259.	    3.	    6.	  139.]
 [ 1324.	50167.	   41.	  107.	   26.]
 [    3.	  175.	 1958.	    0.	    0.]
 [  164.	  119.	    0.	 1015.	    0.]
 [  274.	  238.	    0.	    0.	 8541.]
2025-09-09 11:18:56,932 - INFO - model saved 18 times, last saved epoch: 17.

2025-09-09 11:18:59,794 - INFO - Epoch 19, Train loss: 0.09713038802146912.
2025-09-09 11:19:00,695 - INFO - mIoU: 0.8938; OA: 0.9643; AA: 0.9508; F1: 0.9426; Kappa: 0.9376;
2025-09-09 11:19:00,695 - INFO - spatial_LccAccuracy: 0.8099; spatial_PA: 0.9628; spatial_UA: 0.9746; spatial_F1: 0.9687
2025-09-09 11:19:00,695 - INFO - temporal_CdAccuracy: 0.6561; temporal_PA: 0.8775; temporal_UA: 0.8645; temporal_F1: 0.8709
2025-09-09 11:19:00,696 - INFO - Confusion Matrix
 [68702.	 1156.	    3.	   32.	  115.]
 [ 2488.	48767.	  112.	  229.	   69.]
 [    9.	  100.	 2027.	    0.	    0.]
 [   89.	   13.	    0.	 1196.	    0.]
 [  246.	  133.	    0.	    0.	 8674.]
2025-09-09 11:19:00,739 - INFO - Epoch 19 saved.
2025-09-09 11:19:00,740 - INFO - model saved 19 times, last saved epoch: 19.

2025-09-09 11:19:03,498 - INFO - Epoch 20, Train loss: 0.0927654504776001.
2025-09-09 11:19:04,326 - INFO - mIoU: 0.9014; OA: 0.9672; AA: 0.9507; F1: 0.9473; Kappa: 0.9426;
2025-09-09 11:19:04,326 - INFO - spatial_LccAccuracy: 0.8175; spatial_PA: 0.9467; spatial_UA: 0.9799; spatial_F1: 0.963
2025-09-09 11:19:04,327 - INFO - temporal_CdAccuracy: 0.6726; temporal_PA: 0.8962; temporal_UA: 0.8767; temporal_F1: 0.8863
2025-09-09 11:19:04,327 - INFO - Confusion Matrix
 [69006.	  928.	    3.	   32.	   39.]
 [ 2403.	48911.	  171.	  140.	   40.]
 [    7.	   79.	 2050.	    0.	    0.]
 [   65.	   51.	    0.	 1182.	    0.]
 [  271.	  177.	    0.	    0.	 8605.]
2025-09-09 11:19:04,369 - INFO - Epoch 20 saved.
2025-09-09 11:19:04,370 - INFO - model saved 20 times, last saved epoch: 20.

2025-09-09 11:19:07,109 - INFO - Epoch 21, Train loss: 0.08714736998081207.
2025-09-09 11:19:07,930 - INFO - mIoU: 0.9051; OA: 0.97; AA: 0.9369; F1: 0.949; Kappa: 0.9476;
2025-09-09 11:19:07,930 - INFO - spatial_LccAccuracy: 0.8345; spatial_PA: 0.9629; spatial_UA: 0.983; spatial_F1: 0.9728
2025-09-09 11:19:07,930 - INFO - temporal_CdAccuracy: 0.6928; temporal_PA: 0.8995; temporal_UA: 0.8905; temporal_F1: 0.895
2025-09-09 11:19:07,931 - INFO - Confusion Matrix
 [68894.	 1080.	    2.	    9.	   23.]
 [ 1942.	49526.	   48.	  112.	   37.]
 [    8.	  137.	 1991.	    0.	    0.]
 [  122.	   62.	    0.	 1114.	    0.]
 [  241.	  199.	    0.	    0.	 8613.]
2025-09-09 11:19:07,973 - INFO - Epoch 21 saved.
2025-09-09 11:19:07,973 - INFO - model saved 21 times, last saved epoch: 21.

2025-09-09 11:19:10,890 - INFO - Epoch 22, Train loss: 0.08494603633880615.
2025-09-09 11:19:11,763 - INFO - mIoU: 0.9009; OA: 0.9696; AA: 0.9628; F1: 0.9461; Kappa: 0.947;
2025-09-09 11:19:11,764 - INFO - spatial_LccAccuracy: 0.8403; spatial_PA: 0.9566; spatial_UA: 0.9824; spatial_F1: 0.9693
2025-09-09 11:19:11,764 - INFO - temporal_CdAccuracy: 0.6807; temporal_PA: 0.8983; temporal_UA: 0.8812; temporal_F1: 0.8897
2025-09-09 11:19:11,765 - INFO - Confusion Matrix
 [69006.	  817.	    2.	   56.	  127.]
 [ 2256.	48926.	   71.	  290.	  122.]
 [    8.	  111.	 2017.	    0.	    0.]
 [   52.	    6.	    0.	 1240.	    0.]
 [   40.	  126.	    0.	    0.	 8887.]
2025-09-09 11:19:11,766 - INFO - model saved 21 times, last saved epoch: 21.

2025-09-09 11:19:14,553 - INFO - Epoch 23, Train loss: 0.08095146715641022.
2025-09-09 11:19:15,395 - INFO - mIoU: 0.9144; OA: 0.9724; AA: 0.9485; F1: 0.9546; Kappa: 0.9519;
2025-09-09 11:19:15,395 - INFO - spatial_LccAccuracy: 0.8515; spatial_PA: 0.9626; spatial_UA: 0.9819; spatial_F1: 0.9721
2025-09-09 11:19:15,395 - INFO - temporal_CdAccuracy: 0.6999; temporal_PA: 0.9113; temporal_UA: 0.8911; temporal_F1: 0.9011
2025-09-09 11:19:15,396 - INFO - Confusion Matrix
 [68585.	 1300.	    2.	   20.	  101.]
 [ 1528.	49918.	   38.	  109.	   72.]
 [    4.	  181.	 1951.	    0.	    0.]
 [   56.	   62.	    0.	 1180.	    0.]
 [   71.	  162.	    0.	    0.	 8820.]
2025-09-09 11:19:15,437 - INFO - Epoch 23 saved.
2025-09-09 11:19:15,438 - INFO - model saved 22 times, last saved epoch: 23.

2025-09-09 11:19:18,248 - INFO - Epoch 24, Train loss: 0.07911067456007004.
2025-09-09 11:19:19,185 - INFO - mIoU: 0.9191; OA: 0.9739; AA: 0.9528; F1: 0.9571; Kappa: 0.9545;
2025-09-09 11:19:19,185 - INFO - spatial_LccAccuracy: 0.8614; spatial_PA: 0.9632; spatial_UA: 0.9842; spatial_F1: 0.9735
2025-09-09 11:19:19,186 - INFO - temporal_CdAccuracy: 0.7039; temporal_PA: 0.9183; temporal_UA: 0.8981; temporal_F1: 0.9081
2025-09-09 11:19:19,186 - INFO - Confusion Matrix
 [68931.	  922.	    2.	   12.	  141.]
 [ 1723.	49692.	   63.	   95.	   92.]
 [    8.	  109.	 2019.	    0.	    0.]
 [   75.	   62.	    0.	 1161.	    0.]
 [   53.	  147.	    0.	    0.	 8853.]
2025-09-09 11:19:19,232 - INFO - Epoch 24 saved.
2025-09-09 11:19:19,233 - INFO - model saved 23 times, last saved epoch: 24.

2025-09-09 11:19:22,139 - INFO - Epoch 25, Train loss: 0.07463110983371735.
2025-09-09 11:19:23,010 - INFO - mIoU: 0.914; OA: 0.9727; AA: 0.9622; F1: 0.9544; Kappa: 0.9526;
2025-09-09 11:19:23,010 - INFO - spatial_LccAccuracy: 0.8466; spatial_PA: 0.9741; spatial_UA: 0.987; spatial_F1: 0.9805
2025-09-09 11:19:23,011 - INFO - temporal_CdAccuracy: 0.6981; temporal_PA: 0.9179; temporal_UA: 0.8974; temporal_F1: 0.9075
2025-09-09 11:19:23,011 - INFO - Confusion Matrix
 [68905.	  855.	    2.	   16.	  230.]
 [ 1804.	49438.	  126.	  143.	  154.]
 [    9.	   83.	 2044.	    0.	    0.]
 [   70.	   23.	    0.	 1205.	    0.]
 [   42.	   99.	    0.	    0.	 8912.]
2025-09-09 11:19:23,012 - INFO - model saved 23 times, last saved epoch: 24.

2025-09-09 11:19:25,896 - INFO - Epoch 26, Train loss: 0.07233837246894836.
2025-09-09 11:19:26,773 - INFO - mIoU: 0.9032; OA: 0.9697; AA: 0.9274; F1: 0.9475; Kappa: 0.9468;
2025-09-09 11:19:26,774 - INFO - spatial_LccAccuracy: 0.8359; spatial_PA: 0.9622; spatial_UA: 0.9645; spatial_F1: 0.9634
2025-09-09 11:19:26,774 - INFO - temporal_CdAccuracy: 0.6673; temporal_PA: 0.8998; temporal_UA: 0.8813; temporal_F1: 0.8904
2025-09-09 11:19:26,775 - INFO - Confusion Matrix
 [69495.	  469.	    2.	    4.	   38.]
 [ 2713.	48759.	   70.	   31.	   92.]
 [   12.	  100.	 2024.	    0.	    0.]
 [  190.	   94.	    0.	 1014.	    0.]
 [  126.	  130.	    0.	    0.	 8797.]
2025-09-09 11:19:26,776 - INFO - model saved 23 times, last saved epoch: 24.

2025-09-09 11:19:29,748 - INFO - Epoch 27, Train loss: 0.0736086443066597.
2025-09-09 11:19:30,687 - INFO - mIoU: 0.9232; OA: 0.9746; AA: 0.9623; F1: 0.9595; Kappa: 0.9557;
2025-09-09 11:19:30,687 - INFO - spatial_LccAccuracy: 0.8618; spatial_PA: 0.9588; spatial_UA: 0.983; spatial_F1: 0.9707
2025-09-09 11:19:30,687 - INFO - temporal_CdAccuracy: 0.7089; temporal_PA: 0.9238; temporal_UA: 0.9083; temporal_F1: 0.916
2025-09-09 11:19:30,688 - INFO - Confusion Matrix
 [69158.	  762.	    2.	   18.	   68.]
 [ 1861.	49505.	   98.	  123.	   78.]
 [    9.	   84.	 2043.	    0.	    0.]
 [   55.	   32.	    0.	 1211.	    0.]
 [   50.	  166.	    0.	    0.	 8837.]
2025-09-09 11:19:30,727 - INFO - Epoch 27 saved.
2025-09-09 11:19:30,728 - INFO - model saved 24 times, last saved epoch: 27.

2025-09-09 11:19:33,510 - INFO - Epoch 28, Train loss: 0.06674808263778687.
2025-09-09 11:19:34,415 - INFO - mIoU: 0.9233; OA: 0.9774; AA: 0.9582; F1: 0.9594; Kappa: 0.9606;
2025-09-09 11:19:34,415 - INFO - spatial_LccAccuracy: 0.8748; spatial_PA: 0.9667; spatial_UA: 0.9862; spatial_F1: 0.9764
2025-09-09 11:19:34,416 - INFO - temporal_CdAccuracy: 0.7138; temporal_PA: 0.935; temporal_UA: 0.9111; temporal_F1: 0.9229
2025-09-09 11:19:34,416 - INFO - Confusion Matrix
 [68894.	 1038.	    2.	   25.	   49.]
 [ 1235.	50189.	   41.	  129.	   71.]
 [    7.	  175.	 1954.	    0.	    0.]
 [   41.	   36.	    0.	 1221.	    0.]
 [   22.	  160.	    0.	    0.	 8871.]
2025-09-09 11:19:34,475 - INFO - Epoch 28 saved.
2025-09-09 11:19:34,476 - INFO - model saved 25 times, last saved epoch: 28.

2025-09-09 11:19:37,331 - INFO - Epoch 29, Train loss: 0.06624200195074081.
2025-09-09 11:19:38,155 - INFO - mIoU: 0.9316; OA: 0.9767; AA: 0.9571; F1: 0.9642; Kappa: 0.9593;
2025-09-09 11:19:38,156 - INFO - spatial_LccAccuracy: 0.8824; spatial_PA: 0.9664; spatial_UA: 0.985; spatial_F1: 0.9756
2025-09-09 11:19:38,156 - INFO - temporal_CdAccuracy: 0.7115; temporal_PA: 0.9303; temporal_UA: 0.9111; temporal_F1: 0.9206
2025-09-09 11:19:38,156 - INFO - Confusion Matrix
 [69358.	  607.	    2.	   11.	   30.]
 [ 1863.	49605.	   76.	   48.	   73.]
 [    7.	   93.	 2036.	    0.	    0.]
 [   57.	   69.	    0.	 1172.	    0.]
 [   46.	  148.	    0.	    0.	 8859.]
2025-09-09 11:19:38,210 - INFO - Epoch 29 saved.
2025-09-09 11:19:38,210 - INFO - model saved 26 times, last saved epoch: 29.

2025-09-09 11:19:41,019 - INFO - Epoch 30, Train loss: 0.063114233314991.
2025-09-09 11:19:41,896 - INFO - mIoU: 0.9275; OA: 0.9762; AA: 0.9557; F1: 0.962; Kappa: 0.9584;
2025-09-09 11:19:41,896 - INFO - spatial_LccAccuracy: 0.8833; spatial_PA: 0.9703; spatial_UA: 0.9882; spatial_F1: 0.9792
2025-09-09 11:19:41,896 - INFO - temporal_CdAccuracy: 0.7218; temporal_PA: 0.9333; temporal_UA: 0.9131; temporal_F1: 0.9231
2025-09-09 11:19:41,896 - INFO - Confusion Matrix
 [69295.	  680.	    2.	   14.	   17.]
 [ 1737.	49727.	   46.	   84.	   71.]
 [    5.	  149.	 1982.	    0.	    0.]
 [   50.	   39.	    0.	 1209.	    0.]
 [  152.	  147.	    0.	    1.	 8753.]
2025-09-09 11:19:41,897 - INFO - model saved 26 times, last saved epoch: 29.

2025-09-09 11:19:44,646 - INFO - Epoch 31, Train loss: 0.06212778016924858.
2025-09-09 11:19:45,483 - INFO - mIoU: 0.9331; OA: 0.978; AA: 0.9613; F1: 0.9651; Kappa: 0.9617;
2025-09-09 11:19:45,483 - INFO - spatial_LccAccuracy: 0.8837; spatial_PA: 0.9698; spatial_UA: 0.9902; spatial_F1: 0.9799
2025-09-09 11:19:45,483 - INFO - temporal_CdAccuracy: 0.7218; temporal_PA: 0.9392; temporal_UA: 0.9187; temporal_F1: 0.9288
2025-09-09 11:19:45,484 - INFO - Confusion Matrix
 [69068.	  785.	    2.	   13.	  140.]
 [ 1419.	49996.	   69.	   49.	  132.]
 [    4.	  105.	 2027.	    0.	    0.]
 [   53.	   55.	    0.	 1190.	    0.]
 [    5.	  116.	    0.	    0.	 8932.]
2025-09-09 11:19:45,530 - INFO - Epoch 31 saved.
2025-09-09 11:19:45,531 - INFO - model saved 27 times, last saved epoch: 31.

2025-09-09 11:19:48,364 - INFO - Epoch 32, Train loss: 0.06030866876244545.
2025-09-09 11:19:49,218 - INFO - mIoU: 0.9229; OA: 0.9778; AA: 0.9662; F1: 0.959; Kappa: 0.9613;
2025-09-09 11:19:49,218 - INFO - spatial_LccAccuracy: 0.8797; spatial_PA: 0.9725; spatial_UA: 0.9887; spatial_F1: 0.9806
2025-09-09 11:19:49,218 - INFO - temporal_CdAccuracy: 0.7218; temporal_PA: 0.9378; temporal_UA: 0.9206; temporal_F1: 0.9291
2025-09-09 11:19:49,219 - INFO - Confusion Matrix
 [69274.	  678.	    2.	   25.	   29.]
 [ 1559.	49784.	   57.	  197.	   68.]
 [   10.	  128.	 1998.	    0.	    0.]
 [   43.	    6.	    0.	 1249.	    0.]
 [   38.	  139.	    0.	    1.	 8875.]
2025-09-09 11:19:49,220 - INFO - model saved 27 times, last saved epoch: 31.

2025-09-09 11:19:52,025 - INFO - Epoch 33, Train loss: 0.05785979703068733.
2025-09-09 11:19:52,853 - INFO - mIoU: 0.9354; OA: 0.978; AA: 0.9618; F1: 0.9663; Kappa: 0.9618;
2025-09-09 11:19:52,854 - INFO - spatial_LccAccuracy: 0.8891; spatial_PA: 0.9744; spatial_UA: 0.9882; spatial_F1: 0.9812
2025-09-09 11:19:52,854 - INFO - temporal_CdAccuracy: 0.7147; temporal_PA: 0.9334; temporal_UA: 0.9203; temporal_F1: 0.9268
2025-09-09 11:19:52,855 - INFO - Confusion Matrix
 [68348.	 1579.	    2.	   16.	   63.]
 [  719.	50768.	  103.	   27.	   48.]
 [    3.	   73.	 2060.	    0.	    0.]
 [   35.	   85.	    0.	 1178.	    0.]
 [   14.	  183.	    0.	    0.	 8856.]
2025-09-09 11:19:52,899 - INFO - Epoch 33 saved.
2025-09-09 11:19:52,900 - INFO - model saved 28 times, last saved epoch: 33.

2025-09-09 11:19:55,728 - INFO - Epoch 34, Train loss: 0.05600559338927269.
2025-09-09 11:19:56,573 - INFO - mIoU: 0.9282; OA: 0.9772; AA: 0.9584; F1: 0.9622; Kappa: 0.9602;
2025-09-09 11:19:56,573 - INFO - spatial_LccAccuracy: 0.8855; spatial_PA: 0.9829; spatial_UA: 0.9894; spatial_F1: 0.9861
2025-09-09 11:19:56,573 - INFO - temporal_CdAccuracy: 0.725; temporal_PA: 0.9314; temporal_UA: 0.9174; temporal_F1: 0.9243
2025-09-09 11:19:56,574 - INFO - Confusion Matrix
 [69467.	  513.	    0.	    9.	   19.]
 [ 1888.	49558.	   41.	  115.	   63.]
 [   12.	  162.	 1962.	    0.	    0.]
 [   71.	    8.	    0.	 1219.	    0.]
 [   28.	  128.	    0.	    1.	 8896.]
2025-09-09 11:19:56,575 - INFO - model saved 28 times, last saved epoch: 33.

2025-09-09 11:19:59,358 - INFO - Epoch 35, Train loss: 0.05740067735314369.
2025-09-09 11:20:00,220 - INFO - mIoU: 0.9364; OA: 0.9799; AA: 0.9683; F1: 0.9667; Kappa: 0.9649;
2025-09-09 11:20:00,220 - INFO - spatial_LccAccuracy: 0.8953; spatial_PA: 0.9665; spatial_UA: 0.9894; spatial_F1: 0.9778
2025-09-09 11:20:00,220 - INFO - temporal_CdAccuracy: 0.7379; temporal_PA: 0.9423; temporal_UA: 0.9299; temporal_F1: 0.936
2025-09-09 11:20:00,221 - INFO - Confusion Matrix
 [69267.	  693.	    2.	   23.	   23.]
 [ 1418.	50028.	   50.	  112.	   57.]
 [    5.	  124.	 2007.	    0.	    0.]
 [   36.	   16.	    0.	 1246.	    0.]
 [    5.	  137.	    0.	    0.	 8911.]
2025-09-09 11:20:00,268 - INFO - Epoch 35 saved.
2025-09-09 11:20:00,269 - INFO - model saved 29 times, last saved epoch: 35.

2025-09-09 11:20:03,073 - INFO - Epoch 36, Train loss: 0.053366489708423615.
2025-09-09 11:20:03,973 - INFO - mIoU: 0.9353; OA: 0.9809; AA: 0.9518; F1: 0.966; Kappa: 0.9666;
2025-09-09 11:20:03,973 - INFO - spatial_LccAccuracy: 0.8971; spatial_PA: 0.978; spatial_UA: 0.9902; spatial_F1: 0.984
2025-09-09 11:20:03,974 - INFO - temporal_CdAccuracy: 0.7352; temporal_PA: 0.9436; temporal_UA: 0.9256; temporal_F1: 0.9345
2025-09-09 11:20:03,974 - INFO - Confusion Matrix
 [69171.	  806.	    2.	   10.	   19.]
 [ 1186.	50356.	   64.	    0.	   59.]
 [    4.	   96.	 2036.	    0.	    0.]
 [   41.	  143.	    0.	 1114.	    0.]
 [    4.	  133.	    0.	    0.	 8916.]
2025-09-09 11:20:03,975 - INFO - model saved 29 times, last saved epoch: 35.

2025-09-09 11:20:06,893 - INFO - Epoch 37, Train loss: 0.05131566897034645.
2025-09-09 11:20:07,692 - INFO - mIoU: 0.9446; OA: 0.9805; AA: 0.9708; F1: 0.9713; Kappa: 0.966;
2025-09-09 11:20:07,692 - INFO - spatial_LccAccuracy: 0.9052; spatial_PA: 0.9717; spatial_UA: 0.9896; spatial_F1: 0.9806
2025-09-09 11:20:07,692 - INFO - temporal_CdAccuracy: 0.7357; temporal_PA: 0.9476; temporal_UA: 0.9303; temporal_F1: 0.9388
2025-09-09 11:20:07,693 - INFO - Confusion Matrix
 [69375.	  597.	    3.	   14.	   19.]
 [ 1487.	49949.	  134.	   23.	   72.]
 [    3.	   52.	 2081.	    0.	    0.]
 [   37.	   46.	    0.	 1215.	    0.]
 [   14.	  114.	    0.	    0.	 8925.]
2025-09-09 11:20:07,736 - INFO - Epoch 37 saved.
2025-09-09 11:20:07,737 - INFO - model saved 30 times, last saved epoch: 37.

2025-09-09 11:20:10,484 - INFO - Epoch 38, Train loss: 0.049376536160707474.
2025-09-09 11:20:11,344 - INFO - mIoU: 0.9437; OA: 0.9782; AA: 0.9672; F1: 0.9709; Kappa: 0.9621;
2025-09-09 11:20:11,345 - INFO - spatial_LccAccuracy: 0.8962; spatial_PA: 0.9662; spatial_UA: 0.9882; spatial_F1: 0.9771
2025-09-09 11:20:11,345 - INFO - temporal_CdAccuracy: 0.7241; temporal_PA: 0.9364; temporal_UA: 0.922; temporal_F1: 0.9292
2025-09-09 11:20:11,346 - INFO - Confusion Matrix
 [68584.	 1384.	    2.	   16.	   22.]
 [ 1016.	50508.	   82.	   24.	   35.]
 [    3.	   75.	 2058.	    0.	    0.]
 [   33.	   51.	    0.	 1214.	    0.]
 [    6.	  173.	    0.	    2.	 8872.]
2025-09-09 11:20:11,347 - INFO - model saved 30 times, last saved epoch: 37.

2025-09-09 11:20:14,204 - INFO - Epoch 39, Train loss: 0.049439091235399246.
2025-09-09 11:20:15,109 - INFO - mIoU: 0.9394; OA: 0.9807; AA: 0.9724; F1: 0.9683; Kappa: 0.9663;
2025-09-09 11:20:15,110 - INFO - spatial_LccAccuracy: 0.8989; spatial_PA: 0.9772; spatial_UA: 0.991; spatial_F1: 0.984
2025-09-09 11:20:15,110 - INFO - temporal_CdAccuracy: 0.7402; temporal_PA: 0.9486; temporal_UA: 0.9274; temporal_F1: 0.9379
2025-09-09 11:20:15,111 - INFO - Confusion Matrix
 [69411.	  561.	    2.	   19.	   15.]
 [ 1487.	49920.	   61.	  116.	   81.]
 [    3.	   99.	 2034.	    0.	    0.]
 [   38.	   10.	    0.	 1250.	    0.]
 [   17.	   81.	    0.	    2.	 8953.]
2025-09-09 11:20:15,112 - INFO - model saved 30 times, last saved epoch: 37.

2025-09-09 11:20:18,010 - INFO - Epoch 40, Train loss: 0.04885377734899521.
2025-09-09 11:20:18,837 - INFO - mIoU: 0.9278; OA: 0.9813; AA: 0.9778; F1: 0.9614; Kappa: 0.9674;
2025-09-09 11:20:18,838 - INFO - spatial_LccAccuracy: 0.8971; spatial_PA: 0.9786; spatial_UA: 0.9924; spatial_F1: 0.9854
2025-09-09 11:20:18,838 - INFO - temporal_CdAccuracy: 0.7415; temporal_PA: 0.9532; temporal_UA: 0.9358; temporal_F1: 0.9444
2025-09-09 11:20:18,839 - INFO - Confusion Matrix
 [69252.	  691.	    3.	   44.	   18.]
 [ 1162.	50118.	  102.	  215.	   68.]
 [    4.	   67.	 2065.	    0.	    0.]
 [   30.	    3.	    0.	 1265.	    0.]
 [    0.	  102.	    0.	    2.	 8949.]
2025-09-09 11:20:18,840 - INFO - model saved 30 times, last saved epoch: 37.

2025-09-09 11:20:21,616 - INFO - Epoch 41, Train loss: 0.046016622334718704.
2025-09-09 11:20:22,502 - INFO - mIoU: 0.9219; OA: 0.9789; AA: 0.9768; F1: 0.9584; Kappa: 0.9632;
2025-09-09 11:20:22,502 - INFO - spatial_LccAccuracy: 0.8846; spatial_PA: 0.9728; spatial_UA: 0.9899; spatial_F1: 0.9813
2025-09-09 11:20:22,502 - INFO - temporal_CdAccuracy: 0.7281; temporal_PA: 0.9466; temporal_UA: 0.9274; temporal_F1: 0.9369
2025-09-09 11:20:22,503 - INFO - Confusion Matrix
 [69503.	  471.	    5.	   26.	    3.]
 [ 1635.	49587.	  189.	  213.	   41.]
 [    3.	   42.	 2091.	    0.	    0.]
 [   33.	    5.	    0.	 1260.	    0.]
 [   32.	  131.	    0.	    3.	 8887.]
2025-09-09 11:20:22,504 - INFO - model saved 30 times, last saved epoch: 37.

2025-09-09 11:20:25,283 - INFO - Epoch 42, Train loss: 0.04622280225157738.
2025-09-09 11:20:26,191 - INFO - mIoU: 0.9429; OA: 0.9808; AA: 0.9652; F1: 0.9704; Kappa: 0.9665;
2025-09-09 11:20:26,191 - INFO - spatial_LccAccuracy: 0.9034; spatial_PA: 0.9783; spatial_UA: 0.9913; spatial_F1: 0.9847
2025-09-09 11:20:26,192 - INFO - temporal_CdAccuracy: 0.7339; temporal_PA: 0.9475; temporal_UA: 0.9295; temporal_F1: 0.9384
2025-09-09 11:20:26,192 - INFO - Confusion Matrix
 [69472.	  509.	    2.	    5.	   20.]
 [ 1531.	49950.	   70.	   45.	   69.]
 [    3.	  101.	 2032.	    0.	    0.]
 [   64.	   27.	    0.	 1207.	    0.]
 [   14.	  116.	    0.	    0.	 8923.]
2025-09-09 11:20:26,193 - INFO - model saved 30 times, last saved epoch: 37.

2025-09-09 11:20:28,974 - INFO - Epoch 43, Train loss: 0.04362686723470688.
2025-09-09 11:20:29,806 - INFO - mIoU: 0.9357; OA: 0.9813; AA: 0.978; F1: 0.9663; Kappa: 0.9674;
2025-09-09 11:20:29,806 - INFO - spatial_LccAccuracy: 0.8994; spatial_PA: 0.9772; spatial_UA: 0.991; spatial_F1: 0.984
2025-09-09 11:20:29,807 - INFO - temporal_CdAccuracy: 0.7335; temporal_PA: 0.9519; temporal_UA: 0.9303; temporal_F1: 0.941
2025-09-09 11:20:29,807 - INFO - Confusion Matrix
 [69346.	  623.	    5.	   15.	   19.]
 [ 1287.	49997.	  193.	  111.	   77.]
 [    1.	   35.	 2100.	    0.	    0.]
 [   44.	    9.	    0.	 1245.	    0.]
 [    0.	   96.	    0.	    0.	 8957.]
2025-09-09 11:20:29,809 - INFO - model saved 30 times, last saved epoch: 37.

2025-09-09 11:20:32,755 - INFO - Epoch 44, Train loss: 0.04446236044168472.
2025-09-09 11:20:33,620 - INFO - mIoU: 0.9445; OA: 0.9821; AA: 0.9627; F1: 0.9712; Kappa: 0.9687;
2025-09-09 11:20:33,620 - INFO - spatial_LccAccuracy: 0.9083; spatial_PA: 0.9794; spatial_UA: 0.9916; spatial_F1: 0.9854
2025-09-09 11:20:33,621 - INFO - temporal_CdAccuracy: 0.7428; temporal_PA: 0.9517; temporal_UA: 0.9353; temporal_F1: 0.9434
2025-09-09 11:20:33,621 - INFO - Confusion Matrix
 [69051.	  927.	    2.	   14.	   14.]
 [  950.	50612.	   74.	    8.	   21.]
 [    3.	   85.	 2048.	    0.	    0.]
 [   39.	   78.	    0.	 1181.	    0.]
 [   24.	  167.	    0.	    2.	 8860.]
2025-09-09 11:20:33,622 - INFO - model saved 30 times, last saved epoch: 37.

2025-09-09 11:20:36,532 - INFO - Epoch 45, Train loss: 0.042924437671899796.
2025-09-09 11:20:37,385 - INFO - mIoU: 0.9474; OA: 0.9826; AA: 0.9662; F1: 0.9728; Kappa: 0.9697;
2025-09-09 11:20:37,386 - INFO - spatial_LccAccuracy: 0.9101; spatial_PA: 0.9731; spatial_UA: 0.991; spatial_F1: 0.982
2025-09-09 11:20:37,386 - INFO - temporal_CdAccuracy: 0.7451; temporal_PA: 0.9555; temporal_UA: 0.9402; temporal_F1: 0.9478
2025-09-09 11:20:37,387 - INFO - Confusion Matrix
 [68945.	 1029.	    3.	   18.	   13.]
 [  807.	50724.	   80.	    1.	   53.]
 [    1.	   87.	 2048.	    0.	    0.]
 [   28.	   75.	    0.	 1195.	    0.]
 [    5.	  130.	    0.	    2.	 8916.]
2025-09-09 11:20:37,428 - INFO - Epoch 45 saved.
2025-09-09 11:20:37,429 - INFO - model saved 31 times, last saved epoch: 45.

2025-09-09 11:20:40,200 - INFO - Epoch 46, Train loss: 0.04248587042093277.
2025-09-09 11:20:41,033 - INFO - mIoU: 0.9432; OA: 0.9814; AA: 0.976; F1: 0.9705; Kappa: 0.9676;
2025-09-09 11:20:41,033 - INFO - spatial_LccAccuracy: 0.9021; spatial_PA: 0.9854; spatial_UA: 0.9911; spatial_F1: 0.9882
2025-09-09 11:20:41,034 - INFO - temporal_CdAccuracy: 0.7339; temporal_PA: 0.9556; temporal_UA: 0.9307; temporal_F1: 0.943
2025-09-09 11:20:41,034 - INFO - Confusion Matrix
 [68749.	 1158.	    3.	   23.	   75.]
 [  742.	50618.	   87.	   73.	  145.]
 [    2.	   88.	 2046.	    0.	    0.]
 [   36.	    7.	    0.	 1255.	    0.]
 [    0.	   59.	    0.	    0.	 8994.]
2025-09-09 11:20:41,035 - INFO - model saved 31 times, last saved epoch: 45.

2025-09-09 11:20:43,786 - INFO - Epoch 47, Train loss: 0.0405566468834877.
2025-09-09 11:20:44,598 - INFO - mIoU: 0.9478; OA: 0.983; AA: 0.9625; F1: 0.973; Kappa: 0.9704;
2025-09-09 11:20:44,599 - INFO - spatial_LccAccuracy: 0.9146; spatial_PA: 0.981; spatial_UA: 0.9899; spatial_F1: 0.9854
2025-09-09 11:20:44,599 - INFO - temporal_CdAccuracy: 0.7478; temporal_PA: 0.9558; temporal_UA: 0.9444; temporal_F1: 0.9501
2025-09-09 11:20:44,600 - INFO - Confusion Matrix
 [69017.	  969.	    1.	    9.	   12.]
 [  811.	50764.	   58.	    1.	   31.]
 [    2.	  113.	 2021.	    0.	    0.]
 [   37.	   72.	    0.	 1189.	    0.]
 [    9.	  155.	    0.	    0.	 8889.]
2025-09-09 11:20:44,641 - INFO - Epoch 47 saved.
2025-09-09 11:20:44,642 - INFO - model saved 32 times, last saved epoch: 47.

2025-09-09 11:20:47,425 - INFO - Epoch 48, Train loss: 0.04021220654249191.
2025-09-09 11:20:48,331 - INFO - mIoU: 0.9481; OA: 0.9828; AA: 0.9669; F1: 0.9732; Kappa: 0.97;
2025-09-09 11:20:48,331 - INFO - spatial_LccAccuracy: 0.9164; spatial_PA: 0.983; spatial_UA: 0.9936; spatial_F1: 0.9882
2025-09-09 11:20:48,332 - INFO - temporal_CdAccuracy: 0.7442; temporal_PA: 0.9549; temporal_UA: 0.9376; temporal_F1: 0.9462
2025-09-09 11:20:48,333 - INFO - Confusion Matrix
 [69222.	  766.	    1.	   14.	    5.]
 [ 1019.	50526.	   63.	   22.	   35.]
 [    1.	  147.	 1988.	    0.	    0.]
 [   33.	   23.	    0.	 1242.	    0.]
 [   27.	  151.	    0.	    2.	 8873.]
2025-09-09 11:20:48,377 - INFO - Epoch 48 saved.
2025-09-09 11:20:48,378 - INFO - model saved 33 times, last saved epoch: 48.

2025-09-09 11:20:51,225 - INFO - Epoch 49, Train loss: 0.040047548711299896.
2025-09-09 11:20:52,097 - INFO - mIoU: 0.953; OA: 0.9835; AA: 0.9711; F1: 0.9758; Kappa: 0.9713;
2025-09-09 11:20:52,097 - INFO - spatial_LccAccuracy: 0.9226; spatial_PA: 0.9843; spatial_UA: 0.9908; spatial_F1: 0.9875
2025-09-09 11:20:52,097 - INFO - temporal_CdAccuracy: 0.7554; temporal_PA: 0.9561; temporal_UA: 0.9445; temporal_F1: 0.9503
2025-09-09 11:20:52,098 - INFO - Confusion Matrix
 [69101.	  865.	    2.	   13.	   27.]
 [  875.	50639.	   76.	    6.	   69.]
 [    2.	   86.	 2048.	    0.	    0.]
 [   36.	   39.	    0.	 1223.	    0.]
 [    1.	  112.	    0.	    0.	 8940.]
2025-09-09 11:20:52,141 - INFO - Epoch 49 saved.
2025-09-09 11:20:52,141 - INFO - model saved 34 times, last saved epoch: 49.

2025-09-09 11:20:54,970 - INFO - Epoch 50, Train loss: 0.038881830871105194.
2025-09-09 11:20:55,843 - INFO - mIoU: 0.9488; OA: 0.9835; AA: 0.9799; F1: 0.9735; Kappa: 0.9712;
2025-09-09 11:20:55,843 - INFO - spatial_LccAccuracy: 0.9159; spatial_PA: 0.9865; spatial_UA: 0.9955; spatial_F1: 0.991
2025-09-09 11:20:55,843 - INFO - temporal_CdAccuracy: 0.7455; temporal_PA: 0.9597; temporal_UA: 0.939; temporal_F1: 0.9492
2025-09-09 11:20:55,844 - INFO - Confusion Matrix
 [69418.	  548.	    3.	   22.	   17.]
 [ 1181.	50242.	  105.	   77.	   60.]
 [    2.	   48.	 2086.	    0.	    0.]
 [   32.	    4.	    0.	 1262.	    0.]
 [    4.	  114.	    0.	    2.	 8933.]
2025-09-09 11:20:55,845 - INFO - model saved 34 times, last saved epoch: 49.

2025-09-09 11:20:58,592 - INFO - Epoch 51, Train loss: 0.038724228739738464.
2025-09-09 11:20:59,422 - INFO - mIoU: 0.9547; OA: 0.9835; AA: 0.9754; F1: 0.9767; Kappa: 0.9713;
2025-09-09 11:20:59,423 - INFO - spatial_LccAccuracy: 0.9222; spatial_PA: 0.983; spatial_UA: 0.9936; spatial_F1: 0.9882
2025-09-09 11:20:59,423 - INFO - temporal_CdAccuracy: 0.7491; temporal_PA: 0.9596; temporal_UA: 0.9429; temporal_F1: 0.9512
2025-09-09 11:20:59,424 - INFO - Confusion Matrix
 [69288.	  694.	    2.	   10.	   14.]
 [ 1069.	50428.	  101.	   17.	   50.]
 [    3.	   50.	 2083.	    0.	    0.]
 [   48.	   15.	    0.	 1235.	    0.]
 [   10.	  130.	    0.	    0.	 8913.]
2025-09-09 11:20:59,466 - INFO - Epoch 51 saved.
2025-09-09 11:20:59,467 - INFO - model saved 35 times, last saved epoch: 51.

2025-09-09 11:21:02,316 - INFO - Epoch 52, Train loss: 0.03811601176857948.
2025-09-09 11:21:03,145 - INFO - mIoU: 0.9497; OA: 0.9834; AA: 0.9789; F1: 0.974; Kappa: 0.9711;
2025-09-09 11:21:03,146 - INFO - spatial_LccAccuracy: 0.9199; spatial_PA: 0.9799; spatial_UA: 0.9939; spatial_F1: 0.9868
2025-09-09 11:21:03,146 - INFO - temporal_CdAccuracy: 0.7419; temporal_PA: 0.9607; temporal_UA: 0.938; temporal_F1: 0.9492
2025-09-09 11:21:03,147 - INFO - Confusion Matrix
 [69316.	  652.	    4.	   26.	   10.]
 [ 1071.	50372.	  146.	   35.	   41.]
 [    1.	   39.	 2096.	    0.	    0.]
 [   30.	   15.	    0.	 1253.	    0.]
 [    4.	  149.	    0.	    2.	 8898.]
2025-09-09 11:21:03,148 - INFO - model saved 35 times, last saved epoch: 51.

2025-09-09 11:21:05,906 - INFO - Epoch 53, Train loss: 0.03679109737277031.
2025-09-09 11:21:06,770 - INFO - mIoU: 0.9521; OA: 0.9834; AA: 0.9707; F1: 0.9753; Kappa: 0.9712;
2025-09-09 11:21:06,770 - INFO - spatial_LccAccuracy: 0.9199; spatial_PA: 0.9857; spatial_UA: 0.9922; spatial_F1: 0.9889
2025-09-09 11:21:06,770 - INFO - temporal_CdAccuracy: 0.7469; temporal_PA: 0.9597; temporal_UA: 0.9395; temporal_F1: 0.9495
2025-09-09 11:21:06,771 - INFO - Confusion Matrix
 [68969.	 1005.	    4.	   18.	   12.]
 [  744.	50817.	   88.	    1.	   15.]
 [    2.	   58.	 2076.	    0.	    0.]
 [   30.	   56.	    0.	 1212.	    0.]
 [    7.	  180.	    0.	    2.	 8864.]
2025-09-09 11:21:06,772 - INFO - model saved 35 times, last saved epoch: 51.

2025-09-09 11:21:09,680 - INFO - Epoch 54, Train loss: 0.03571327403187752.
2025-09-09 11:21:10,550 - INFO - mIoU: 0.9524; OA: 0.9836; AA: 0.9792; F1: 0.9754; Kappa: 0.9715;
2025-09-09 11:21:10,551 - INFO - spatial_LccAccuracy: 0.9137; spatial_PA: 0.9852; spatial_UA: 0.9941; spatial_F1: 0.9896
2025-09-09 11:21:10,551 - INFO - temporal_CdAccuracy: 0.7411; temporal_PA: 0.961; temporal_UA: 0.9348; temporal_F1: 0.9477
2025-09-09 11:21:10,552 - INFO - Confusion Matrix
 [69198.	  781.	    2.	   11.	   16.]
 [  956.	50475.	  114.	   50.	   70.]
 [    3.	   41.	 2092.	    0.	    0.]
 [   43.	    6.	    0.	 1249.	    0.]
 [    8.	   93.	    0.	    0.	 8952.]
2025-09-09 11:21:10,553 - INFO - model saved 35 times, last saved epoch: 51.

2025-09-09 11:21:13,534 - INFO - Epoch 55, Train loss: 0.035167545080184937.
2025-09-09 11:21:14,399 - INFO - mIoU: 0.9556; OA: 0.9835; AA: 0.9747; F1: 0.9772; Kappa: 0.9713;
2025-09-09 11:21:14,399 - INFO - spatial_LccAccuracy: 0.924; spatial_PA: 0.9777; spatial_UA: 0.9933; spatial_F1: 0.9855
2025-09-09 11:21:14,399 - INFO - temporal_CdAccuracy: 0.7554; temporal_PA: 0.9577; temporal_UA: 0.9417; temporal_F1: 0.9496
2025-09-09 11:21:14,400 - INFO - Confusion Matrix
 [69473.	  502.	    4.	   18.	   11.]
 [ 1266.	50296.	   69.	   20.	   14.]
 [    1.	   83.	 2052.	    0.	    0.]
 [   32.	   11.	    0.	 1255.	    0.]
 [    6.	  172.	    0.	    2.	 8873.]
2025-09-09 11:21:14,446 - INFO - Epoch 55 saved.
2025-09-09 11:21:14,447 - INFO - model saved 36 times, last saved epoch: 55.

2025-09-09 11:21:17,210 - INFO - Epoch 56, Train loss: 0.03428537771105766.
2025-09-09 11:21:18,046 - INFO - mIoU: 0.9519; OA: 0.9835; AA: 0.9794; F1: 0.9752; Kappa: 0.9713;
2025-09-09 11:21:18,046 - INFO - spatial_LccAccuracy: 0.9182; spatial_PA: 0.9874; spatial_UA: 0.9947; spatial_F1: 0.991
2025-09-09 11:21:18,047 - INFO - temporal_CdAccuracy: 0.7415; temporal_PA: 0.9573; temporal_UA: 0.9404; temporal_F1: 0.9488
2025-09-09 11:21:18,047 - INFO - Confusion Matrix
 [68938.	 1035.	    4.	   24.	    7.]
 [  697.	50791.	  122.	   39.	   16.]
 [    1.	   41.	 2094.	    0.	    0.]
 [   33.	    6.	    0.	 1259.	    0.]
 [   21.	  165.	    0.	    3.	 8864.]
2025-09-09 11:21:18,049 - INFO - model saved 36 times, last saved epoch: 55.

2025-09-09 11:21:20,956 - INFO - Epoch 57, Train loss: 0.03390266001224518.
2025-09-09 11:21:21,839 - INFO - mIoU: 0.9528; OA: 0.9817; AA: 0.9717; F1: 0.9757; Kappa: 0.968;
2025-09-09 11:21:21,840 - INFO - spatial_LccAccuracy: 0.9191; spatial_PA: 0.981; spatial_UA: 0.9941; spatial_F1: 0.9875
2025-09-09 11:21:21,840 - INFO - temporal_CdAccuracy: 0.7348; temporal_PA: 0.9515; temporal_UA: 0.9325; temporal_F1: 0.9419
2025-09-09 11:21:21,841 - INFO - Confusion Matrix
 [69646.	  347.	    3.	    6.	    6.]
 [ 1643.	49886.	   90.	   13.	   33.]
 [    3.	   65.	 2068.	    0.	    0.]
 [   54.	   11.	    0.	 1233.	    0.]
 [   19.	  160.	    0.	    2.	 8872.]
2025-09-09 11:21:21,842 - INFO - model saved 36 times, last saved epoch: 55.

2025-09-09 11:21:24,587 - INFO - Epoch 58, Train loss: 0.033214520663022995.
2025-09-09 11:21:25,423 - INFO - mIoU: 0.9523; OA: 0.9841; AA: 0.9793; F1: 0.9754; Kappa: 0.9724;
2025-09-09 11:21:25,423 - INFO - spatial_LccAccuracy: 0.9213; spatial_PA: 0.9871; spatial_UA: 0.9936; spatial_F1: 0.9903
2025-09-09 11:21:25,423 - INFO - temporal_CdAccuracy: 0.7509; temporal_PA: 0.9609; temporal_UA: 0.9432; temporal_F1: 0.9519
2025-09-09 11:21:25,424 - INFO - Confusion Matrix
 [69037.	  935.	    3.	   17.	   16.]
 [  741.	50723.	   81.	   67.	   53.]
 [    2.	   63.	 2071.	    0.	    0.]
 [   33.	    4.	    0.	 1261.	    0.]
 [    1.	  113.	    0.	    0.	 8939.]
2025-09-09 11:21:25,425 - INFO - model saved 36 times, last saved epoch: 55.

2025-09-09 11:21:28,273 - INFO - Epoch 59, Train loss: 0.032713908702135086.
2025-09-09 11:21:29,170 - INFO - mIoU: 0.9605; OA: 0.985; AA: 0.98; F1: 0.9798; Kappa: 0.9739;
2025-09-09 11:21:29,170 - INFO - spatial_LccAccuracy: 0.9275; spatial_PA: 0.9841; spatial_UA: 0.9938; spatial_F1: 0.9889
2025-09-09 11:21:29,170 - INFO - temporal_CdAccuracy: 0.7531; temporal_PA: 0.9632; temporal_UA: 0.9437; temporal_F1: 0.9534
2025-09-09 11:21:29,171 - INFO - Confusion Matrix
 [69286.	  683.	    3.	   18.	   18.]
 [  926.	50574.	   92.	    6.	   67.]
 [    2.	   51.	 2083.	    0.	    0.]
 [   33.	    9.	    0.	 1256.	    0.]
 [    1.	  102.	    0.	    0.	 8950.]
2025-09-09 11:21:29,223 - INFO - Epoch 59 saved.
2025-09-09 11:21:29,224 - INFO - model saved 37 times, last saved epoch: 59.

2025-09-09 11:21:32,010 - INFO - Epoch 60, Train loss: 0.03226739913225174.
2025-09-09 11:21:32,837 - INFO - mIoU: 0.953; OA: 0.9814; AA: 0.9752; F1: 0.9758; Kappa: 0.9675;
2025-09-09 11:21:32,837 - INFO - spatial_LccAccuracy: 0.9208; spatial_PA: 0.9783; spatial_UA: 0.9913; spatial_F1: 0.9847
2025-09-09 11:21:32,837 - INFO - temporal_CdAccuracy: 0.7415; temporal_PA: 0.9535; temporal_UA: 0.9394; temporal_F1: 0.9464
2025-09-09 11:21:32,838 - INFO - Confusion Matrix
 [69640.	  354.	    2.	    5.	    7.]
 [ 1699.	49800.	   99.	   32.	   35.]
 [    6.	   57.	 2073.	    0.	    0.]
 [   43.	    4.	    0.	 1251.	    0.]
 [   11.	  141.	    0.	    2.	 8899.]
2025-09-09 11:21:32,839 - INFO - model saved 37 times, last saved epoch: 59.

2025-09-09 11:21:35,649 - INFO - Epoch 61, Train loss: 0.03289854899048805.
2025-09-09 11:21:36,575 - INFO - mIoU: 0.9509; OA: 0.9846; AA: 0.9659; F1: 0.9746; Kappa: 0.9731;
2025-09-09 11:21:36,575 - INFO - spatial_LccAccuracy: 0.9217; spatial_PA: 0.9871; spatial_UA: 0.9936; spatial_F1: 0.9903
2025-09-09 11:21:36,575 - INFO - temporal_CdAccuracy: 0.7536; temporal_PA: 0.9588; temporal_UA: 0.9419; temporal_F1: 0.9503
2025-09-09 11:21:36,576 - INFO - Confusion Matrix
 [69207.	  775.	    2.	    9.	   15.]
 [  795.	50774.	   62.	    4.	   30.]
 [    3.	  144.	 1989.	    0.	    0.]
 [   36.	   36.	    0.	 1226.	    0.]
 [    3.	  155.	    0.	    2.	 8893.]
2025-09-09 11:21:36,577 - INFO - model saved 37 times, last saved epoch: 59.

2025-09-09 11:21:39,546 - INFO - Epoch 62, Train loss: 0.03020107001066208.
2025-09-09 11:21:40,408 - INFO - mIoU: 0.9546; OA: 0.9846; AA: 0.9763; F1: 0.9767; Kappa: 0.9731;
2025-09-09 11:21:40,408 - INFO - spatial_LccAccuracy: 0.9217; spatial_PA: 0.9857; spatial_UA: 0.9922; spatial_F1: 0.9889
2025-09-09 11:21:40,408 - INFO - temporal_CdAccuracy: 0.7491; temporal_PA: 0.9575; temporal_UA: 0.9412; temporal_F1: 0.9493
2025-09-09 11:21:40,409 - INFO - Confusion Matrix
 [69313.	  625.	    1.	   18.	   51.]
 [  958.	50505.	   68.	   27.	  107.]
 [    4.	   95.	 2037.	    0.	    0.]
 [   33.	    8.	    0.	 1257.	    0.]
 [    1.	   75.	    0.	    0.	 8977.]
2025-09-09 11:21:40,410 - INFO - model saved 37 times, last saved epoch: 59.

2025-09-09 11:21:43,181 - INFO - Epoch 63, Train loss: 0.030976589769124985.
2025-09-09 11:21:44,027 - INFO - mIoU: 0.96; OA: 0.9831; AA: 0.9788; F1: 0.9795; Kappa: 0.9705;
2025-09-09 11:21:44,028 - INFO - spatial_LccAccuracy: 0.9271; spatial_PA: 0.981; spatial_UA: 0.9941; spatial_F1: 0.9875
2025-09-09 11:21:44,028 - INFO - temporal_CdAccuracy: 0.7509; temporal_PA: 0.9613; temporal_UA: 0.9411; temporal_F1: 0.9511
2025-09-09 11:21:44,029 - INFO - Confusion Matrix
 [69534.	  439.	    1.	    7.	   27.]
 [ 1445.	50020.	   87.	    7.	  106.]
 [    5.	   49.	 2082.	    0.	    0.]
 [   38.	   10.	    0.	 1250.	    0.]
 [    1.	   47.	    0.	    0.	 9005.]
2025-09-09 11:21:44,030 - INFO - model saved 37 times, last saved epoch: 59.

2025-09-09 11:21:46,776 - INFO - Epoch 64, Train loss: 0.03088587522506714.
2025-09-09 11:21:47,700 - INFO - mIoU: 0.9532; OA: 0.9843; AA: 0.975; F1: 0.9759; Kappa: 0.9727;
2025-09-09 11:21:47,700 - INFO - spatial_LccAccuracy: 0.9213; spatial_PA: 0.981; spatial_UA: 0.9941; spatial_F1: 0.9875
2025-09-09 11:21:47,700 - INFO - temporal_CdAccuracy: 0.754; temporal_PA: 0.963; temporal_UA: 0.9421; temporal_F1: 0.9524
2025-09-09 11:21:47,701 - INFO - Confusion Matrix
 [69390.	  593.	    4.	   11.	   10.]
 [ 1057.	50426.	  151.	    0.	   31.]
 [    1.	   29.	 2106.	    0.	    0.]
 [   31.	   51.	    0.	 1216.	    0.]
 [    3.	  132.	    0.	    0.	 8918.]
2025-09-09 11:21:47,702 - INFO - model saved 37 times, last saved epoch: 59.

2025-09-09 11:21:50,586 - INFO - Epoch 65, Train loss: 0.028874807059764862.
2025-09-09 11:21:51,443 - INFO - mIoU: 0.9572; OA: 0.9855; AA: 0.9784; F1: 0.978; Kappa: 0.9748;
2025-09-09 11:21:51,443 - INFO - spatial_LccAccuracy: 0.9302; spatial_PA: 0.9882; spatial_UA: 0.9939; spatial_F1: 0.991
2025-09-09 11:21:51,444 - INFO - temporal_CdAccuracy: 0.7558; temporal_PA: 0.9649; temporal_UA: 0.945; temporal_F1: 0.9548
2025-09-09 11:21:51,444 - INFO - Confusion Matrix
 [69245.	  744.	    4.	   11.	    4.]
 [  812.	50662.	   98.	   24.	   69.]
 [    2.	   51.	 2083.	    0.	    0.]
 [   50.	    9.	    0.	 1239.	    0.]
 [   13.	   55.	    0.	    0.	 8985.]
2025-09-09 11:21:51,445 - INFO - model saved 37 times, last saved epoch: 59.

2025-09-09 11:21:54,424 - INFO - Epoch 66, Train loss: 0.02859022654592991.
2025-09-09 11:21:55,304 - INFO - mIoU: 0.9573; OA: 0.9857; AA: 0.977; F1: 0.978; Kappa: 0.975;
2025-09-09 11:21:55,304 - INFO - spatial_LccAccuracy: 0.9271; spatial_PA: 0.9865; spatial_UA: 0.9914; spatial_F1: 0.9889
2025-09-09 11:21:55,304 - INFO - temporal_CdAccuracy: 0.7585; temporal_PA: 0.9634; temporal_UA: 0.9503; temporal_F1: 0.9568
2025-09-09 11:21:55,305 - INFO - Confusion Matrix
 [69255.	  712.	    4.	   29.	    8.]
 [  808.	50714.	   88.	    4.	   51.]
 [    2.	   48.	 2086.	    0.	    0.]
 [   30.	   36.	    0.	 1232.	    0.]
 [    1.	  102.	    0.	    0.	 8950.]
2025-09-09 11:21:55,306 - INFO - model saved 37 times, last saved epoch: 59.

2025-09-09 11:21:58,109 - INFO - Epoch 67, Train loss: 0.027905719354748726.
2025-09-09 11:21:58,960 - INFO - mIoU: 0.9582; OA: 0.9851; AA: 0.9778; F1: 0.9785; Kappa: 0.974;
2025-09-09 11:21:58,961 - INFO - spatial_LccAccuracy: 0.9307; spatial_PA: 0.9865; spatial_UA: 0.9955; spatial_F1: 0.991
2025-09-09 11:21:58,961 - INFO - temporal_CdAccuracy: 0.7554; temporal_PA: 0.9636; temporal_UA: 0.9442; temporal_F1: 0.9538
2025-09-09 11:21:58,962 - INFO - Confusion Matrix
 [69587.	  401.	    2.	    8.	   10.]
 [ 1198.	50258.	   91.	   17.	  101.]
 [    5.	   83.	 2048.	    0.	    0.]
 [   36.	    5.	    0.	 1257.	    0.]
 [    4.	   39.	    0.	    1.	 9009.]
2025-09-09 11:21:58,963 - INFO - model saved 37 times, last saved epoch: 59.

2025-09-09 11:22:01,740 - INFO - Epoch 68, Train loss: 0.02898612804710865.
2025-09-09 11:22:02,598 - INFO - mIoU: 0.9553; OA: 0.9851; AA: 0.9813; F1: 0.977; Kappa: 0.974;
2025-09-09 11:22:02,598 - INFO - spatial_LccAccuracy: 0.9262; spatial_PA: 0.9906; spatial_UA: 0.9955; spatial_F1: 0.9931
2025-09-09 11:22:02,599 - INFO - temporal_CdAccuracy: 0.7585; temporal_PA: 0.9659; temporal_UA: 0.9471; temporal_F1: 0.9564
2025-09-09 11:22:02,600 - INFO - Confusion Matrix
 [69404.	  586.	    3.	   13.	    2.]
 [ 1016.	50452.	   97.	   61.	   39.]
 [    4.	   50.	 2082.	    0.	    0.]
 [   33.	    0.	    0.	 1265.	    0.]
 [    3.	   95.	    0.	    1.	 8954.]
2025-09-09 11:22:02,601 - INFO - model saved 37 times, last saved epoch: 59.

2025-09-09 11:22:05,346 - INFO - Epoch 69, Train loss: 0.02646799013018608.
2025-09-09 11:22:06,216 - INFO - mIoU: 0.9564; OA: 0.9817; AA: 0.9753; F1: 0.9776; Kappa: 0.9681;
2025-09-09 11:22:06,216 - INFO - spatial_LccAccuracy: 0.9226; spatial_PA: 0.9934; spatial_UA: 0.9902; spatial_F1: 0.9918
2025-09-09 11:22:06,216 - INFO - temporal_CdAccuracy: 0.7478; temporal_PA: 0.961; temporal_UA: 0.9409; temporal_F1: 0.9508
2025-09-09 11:22:06,216 - INFO - Confusion Matrix
 [68523.	 1459.	    4.	   11.	   11.]
 [  594.	50938.	   88.	    1.	   44.]
 [    1.	   79.	 2056.	    0.	    0.]
 [   31.	   18.	    0.	 1249.	    0.]
 [    1.	  119.	    0.	    0.	 8933.]
2025-09-09 11:22:06,217 - INFO - model saved 37 times, last saved epoch: 59.

2025-09-09 11:22:08,994 - INFO - Epoch 70, Train loss: 0.026984188705682755.
2025-09-09 11:22:09,852 - INFO - mIoU: 0.9569; OA: 0.9845; AA: 0.9794; F1: 0.9779; Kappa: 0.973;
2025-09-09 11:22:09,853 - INFO - spatial_LccAccuracy: 0.9235; spatial_PA: 0.9835; spatial_UA: 0.9958; spatial_F1: 0.9896
2025-09-09 11:22:09,853 - INFO - temporal_CdAccuracy: 0.75; temporal_PA: 0.9631; temporal_UA: 0.9398; temporal_F1: 0.9513
2025-09-09 11:22:09,854 - INFO - Confusion Matrix
 [69433.	  547.	    3.	   12.	   13.]
 [ 1095.	50369.	  146.	    5.	   50.]
 [    3.	   29.	 2104.	    0.	    0.]
 [   33.	   20.	    0.	 1245.	    0.]
 [    3.	  121.	    0.	    0.	 8929.]
2025-09-09 11:22:09,855 - INFO - model saved 37 times, last saved epoch: 59.

2025-09-09 11:22:12,663 - INFO - Epoch 71, Train loss: 0.02695111371576786.
2025-09-09 11:22:13,527 - INFO - mIoU: 0.9621; OA: 0.9863; AA: 0.9823; F1: 0.9806; Kappa: 0.9761;
2025-09-09 11:22:13,527 - INFO - spatial_LccAccuracy: 0.9374; spatial_PA: 0.9906; spatial_UA: 0.9955; spatial_F1: 0.9931
2025-09-09 11:22:13,527 - INFO - temporal_CdAccuracy: 0.7598; temporal_PA: 0.9629; temporal_UA: 0.9504; temporal_F1: 0.9566
2025-09-09 11:22:13,527 - INFO - Confusion Matrix
 [69205.	  775.	    4.	   11.	   13.]
 [  686.	50797.	  120.	    5.	   57.]
 [    1.	   42.	 2093.	    0.	    0.]
 [   30.	   10.	    0.	 1258.	    0.]
 [    1.	   84.	    0.	    1.	 8967.]
2025-09-09 11:22:13,586 - INFO - Epoch 71 saved.
2025-09-09 11:22:13,586 - INFO - model saved 38 times, last saved epoch: 71.

2025-09-09 11:22:16,422 - INFO - Epoch 72, Train loss: 0.025872256606817245.
2025-09-09 11:22:17,315 - INFO - mIoU: 0.9584; OA: 0.9849; AA: 0.9728; F1: 0.9786; Kappa: 0.9736;
2025-09-09 11:22:17,315 - INFO - spatial_LccAccuracy: 0.9347; spatial_PA: 0.9942; spatial_UA: 0.9934; spatial_F1: 0.9938
2025-09-09 11:22:17,315 - INFO - temporal_CdAccuracy: 0.7603; temporal_PA: 0.9599; temporal_UA: 0.9481; temporal_F1: 0.954
2025-09-09 11:22:17,316 - INFO - Confusion Matrix
 [69159.	  837.	    2.	   10.	    0.]
 [  769.	50821.	   67.	    0.	    8.]
 [    4.	   92.	 2040.	    0.	    0.]
 [   32.	   23.	    0.	 1243.	    0.]
 [   10.	  173.	    0.	    2.	 8868.]
2025-09-09 11:22:17,317 - INFO - model saved 38 times, last saved epoch: 71.

2025-09-09 11:22:20,121 - INFO - Epoch 73, Train loss: 0.024348320439457893.
2025-09-09 11:22:20,964 - INFO - mIoU: 0.9576; OA: 0.9855; AA: 0.9753; F1: 0.9782; Kappa: 0.9748;
2025-09-09 11:22:20,964 - INFO - spatial_LccAccuracy: 0.9222; spatial_PA: 0.9835; spatial_UA: 0.9916; spatial_F1: 0.9875
2025-09-09 11:22:20,965 - INFO - temporal_CdAccuracy: 0.7549; temporal_PA: 0.9587; temporal_UA: 0.944; temporal_F1: 0.9513
2025-09-09 11:22:20,965 - INFO - Confusion Matrix
 [69020.	  961.	    4.	   18.	    5.]
 [  575.	50972.	   76.	    8.	   34.]
 [    2.	   82.	 2052.	    0.	    0.]
 [   30.	   27.	    0.	 1241.	    0.]
 [    6.	  111.	    0.	    0.	 8936.]
2025-09-09 11:22:20,966 - INFO - model saved 38 times, last saved epoch: 71.

2025-09-09 11:22:23,733 - INFO - Epoch 74, Train loss: 0.02444661594927311.
2025-09-09 11:22:24,550 - INFO - mIoU: 0.9536; OA: 0.9855; AA: 0.969; F1: 0.976; Kappa: 0.9748;
2025-09-09 11:22:24,551 - INFO - spatial_LccAccuracy: 0.924; spatial_PA: 0.9882; spatial_UA: 0.9939; spatial_F1: 0.991
2025-09-09 11:22:24,551 - INFO - temporal_CdAccuracy: 0.7585; temporal_PA: 0.9648; temporal_UA: 0.9479; temporal_F1: 0.9563
2025-09-09 11:22:24,552 - INFO - Confusion Matrix
 [69199.	  791.	    2.	   12.	    4.]
 [  720.	50846.	   76.	    0.	   23.]
 [    3.	   72.	 2061.	    0.	    0.]
 [   30.	   70.	    0.	 1198.	    0.]
 [   12.	  126.	    0.	    2.	 8913.]
2025-09-09 11:22:24,553 - INFO - model saved 38 times, last saved epoch: 71.

2025-09-09 11:22:27,455 - INFO - Epoch 75, Train loss: 0.02430284209549427.
2025-09-09 11:22:28,372 - INFO - mIoU: 0.9532; OA: 0.9854; AA: 0.982; F1: 0.9758; Kappa: 0.9745;
2025-09-09 11:22:28,372 - INFO - spatial_LccAccuracy: 0.9289; spatial_PA: 0.9865; spatial_UA: 0.9955; spatial_F1: 0.991
2025-09-09 11:22:28,373 - INFO - temporal_CdAccuracy: 0.7567; temporal_PA: 0.9645; temporal_UA: 0.9431; temporal_F1: 0.9537
2025-09-09 11:22:28,373 - INFO - Confusion Matrix
 [69507.	  476.	    4.	   21.	    0.]
 [ 1052.	50395.	   94.	   74.	   50.]
 [    2.	   45.	 2089.	    0.	    0.]
 [   31.	    0.	    0.	 1267.	    0.]
 [    9.	  101.	    0.	    3.	 8940.]
2025-09-09 11:22:28,375 - INFO - model saved 38 times, last saved epoch: 71.

2025-09-09 11:22:31,204 - INFO - Epoch 76, Train loss: 0.02705557830631733.
2025-09-09 11:22:32,093 - INFO - mIoU: 0.9596; OA: 0.9859; AA: 0.9771; F1: 0.9793; Kappa: 0.9756;
2025-09-09 11:22:32,093 - INFO - spatial_LccAccuracy: 0.9275; spatial_PA: 0.9865; spatial_UA: 0.9914; spatial_F1: 0.9889
2025-09-09 11:22:32,093 - INFO - temporal_CdAccuracy: 0.7554; temporal_PA: 0.9626; temporal_UA: 0.9483; temporal_F1: 0.9554
2025-09-09 11:22:32,094 - INFO - Confusion Matrix
 [68975.	 1012.	    4.	   12.	    5.]
 [  502.	51016.	   95.	    0.	   52.]
 [    1.	   41.	 2094.	    0.	    0.]
 [   30.	   45.	    0.	 1223.	    0.]
 [    6.	   80.	    0.	    0.	 8967.]
2025-09-09 11:22:32,095 - INFO - model saved 38 times, last saved epoch: 71.

2025-09-09 11:22:35,136 - INFO - Epoch 77, Train loss: 0.02497732639312744.
2025-09-09 11:22:35,959 - INFO - mIoU: 0.9557; OA: 0.9856; AA: 0.9718; F1: 0.9772; Kappa: 0.9749;
2025-09-09 11:22:35,959 - INFO - spatial_LccAccuracy: 0.9213; spatial_PA: 0.9794; spatial_UA: 0.9916; spatial_F1: 0.9854
2025-09-09 11:22:35,959 - INFO - temporal_CdAccuracy: 0.7545; temporal_PA: 0.957; temporal_UA: 0.9441; temporal_F1: 0.9505
2025-09-09 11:22:35,960 - INFO - Confusion Matrix
 [69103.	  876.	    3.	   26.	    0.]
 [  638.	50951.	   58.	    2.	   16.]
 [    2.	  123.	 2011.	    0.	    0.]
 [   29.	   23.	    0.	 1246.	    0.]
 [    3.	  135.	    0.	    2.	 8913.]
2025-09-09 11:22:35,961 - INFO - model saved 38 times, last saved epoch: 71.

2025-09-09 11:22:38,828 - INFO - Epoch 78, Train loss: 0.02320217341184616.
2025-09-09 11:22:39,726 - INFO - mIoU: 0.9558; OA: 0.9852; AA: 0.9735; F1: 0.9773; Kappa: 0.9742;
2025-09-09 11:22:39,726 - INFO - spatial_LccAccuracy: 0.9307; spatial_PA: 0.9906; spatial_UA: 0.9955; spatial_F1: 0.9931
2025-09-09 11:22:39,726 - INFO - temporal_CdAccuracy: 0.7576; temporal_PA: 0.9555; temporal_UA: 0.9489; temporal_F1: 0.9522
2025-09-09 11:22:39,727 - INFO - Confusion Matrix
 [69120.	  871.	    3.	   14.	    0.]
 [  651.	50909.	  101.	    0.	    4.]
 [    1.	   55.	 2080.	    0.	    0.]
 [   29.	   42.	    0.	 1227.	    0.]
 [    7.	  209.	    0.	    2.	 8835.]
2025-09-09 11:22:39,728 - INFO - model saved 38 times, last saved epoch: 71.

2025-09-09 11:22:42,513 - INFO - Epoch 79, Train loss: 0.02393016219139099.
2025-09-09 11:22:43,335 - INFO - mIoU: 0.9634; OA: 0.9859; AA: 0.9814; F1: 0.9813; Kappa: 0.9754;
2025-09-09 11:22:43,335 - INFO - spatial_LccAccuracy: 0.936; spatial_PA: 0.9917; spatial_UA: 0.9958; spatial_F1: 0.9938
2025-09-09 11:22:43,335 - INFO - temporal_CdAccuracy: 0.7643; temporal_PA: 0.9625; temporal_UA: 0.9515; temporal_F1: 0.957
2025-09-09 11:22:43,336 - INFO - Confusion Matrix
 [69398.	  595.	    2.	   10.	    3.]
 [  953.	50553.	   96.	    7.	   56.]
 [    5.	   42.	 2089.	    0.	    0.]
 [   33.	    7.	    0.	 1258.	    0.]
 [    6.	   82.	    0.	    1.	 8964.]
2025-09-09 11:22:43,389 - INFO - Epoch 79 saved.
2025-09-09 11:22:43,390 - INFO - model saved 39 times, last saved epoch: 79.

2025-09-09 11:22:46,247 - INFO - Epoch 80, Train loss: 0.021767335012555122.
2025-09-09 11:22:47,120 - INFO - mIoU: 0.9544; OA: 0.9859; AA: 0.9667; F1: 0.9765; Kappa: 0.9754;
2025-09-09 11:22:47,121 - INFO - spatial_LccAccuracy: 0.9258; spatial_PA: 0.9906; spatial_UA: 0.9955; spatial_F1: 0.9931
2025-09-09 11:22:47,121 - INFO - temporal_CdAccuracy: 0.7598; temporal_PA: 0.96; temporal_UA: 0.9478; temporal_F1: 0.9539
2025-09-09 11:22:47,122 - INFO - Confusion Matrix
 [69360.	  631.	    1.	    8.	    8.]
 [  789.	50797.	   51.	    0.	   28.]
 [    3.	  147.	 1986.	    0.	    0.]
 [   35.	   34.	    0.	 1229.	    0.]
 [    4.	  151.	    0.	    0.	 8898.]
2025-09-09 11:22:47,123 - INFO - model saved 39 times, last saved epoch: 79.

2025-09-09 11:22:49,912 - INFO - Epoch 81, Train loss: 0.02228614129126072.
2025-09-09 11:22:50,713 - INFO - mIoU: 0.9582; OA: 0.9857; AA: 0.9732; F1: 0.9785; Kappa: 0.9752;
2025-09-09 11:22:50,714 - INFO - spatial_LccAccuracy: 0.9289; spatial_PA: 0.9841; spatial_UA: 0.9938; spatial_F1: 0.9889
2025-09-09 11:22:50,714 - INFO - temporal_CdAccuracy: 0.7581; temporal_PA: 0.9615; temporal_UA: 0.9456; temporal_F1: 0.9535
2025-09-09 11:22:50,715 - INFO - Confusion Matrix
 [69255.	  726.	    3.	   13.	   11.]
 [  782.	50776.	   59.	    5.	   43.]
 [    1.	  126.	 2009.	    0.	    0.]
 [   34.	   13.	    0.	 1251.	    0.]
 [    1.	   95.	    0.	    0.	 8957.]
2025-09-09 11:22:50,716 - INFO - model saved 39 times, last saved epoch: 79.

2025-09-09 11:22:53,620 - INFO - Epoch 82, Train loss: 0.022882351651787758.
2025-09-09 11:22:54,458 - INFO - mIoU: 0.9615; OA: 0.9853; AA: 0.9822; F1: 0.9803; Kappa: 0.9744;
2025-09-09 11:22:54,459 - INFO - spatial_LccAccuracy: 0.9352; spatial_PA: 0.9901; spatial_UA: 0.9933; spatial_F1: 0.9917
2025-09-09 11:22:54,459 - INFO - temporal_CdAccuracy: 0.7576; temporal_PA: 0.9642; temporal_UA: 0.9476; temporal_F1: 0.9558
2025-09-09 11:22:54,460 - INFO - Confusion Matrix
 [69459.	  520.	    3.	   19.	    7.]
 [ 1092.	50385.	  104.	    9.	   75.]
 [    3.	   40.	 2093.	    0.	    0.]
 [   31.	    7.	    0.	 1260.	    0.]
 [    1.	   62.	    0.	    0.	 8990.]
2025-09-09 11:22:54,461 - INFO - model saved 39 times, last saved epoch: 79.

2025-09-09 11:22:57,218 - INFO - Epoch 83, Train loss: 0.02152777649462223.
2025-09-09 11:22:58,065 - INFO - mIoU: 0.9622; OA: 0.9864; AA: 0.9778; F1: 0.9807; Kappa: 0.9762;
2025-09-09 11:22:58,065 - INFO - spatial_LccAccuracy: 0.9307; spatial_PA: 0.9863; spatial_UA: 0.9944; spatial_F1: 0.9903
2025-09-09 11:22:58,065 - INFO - temporal_CdAccuracy: 0.7594; temporal_PA: 0.963; temporal_UA: 0.9495; temporal_F1: 0.9562
2025-09-09 11:22:58,066 - INFO - Confusion Matrix
 [69367.	  622.	    5.	   14.	    0.]
 [  841.	50723.	   78.	    0.	   23.]
 [    1.	   63.	 2072.	    0.	    0.]
 [   29.	   22.	    0.	 1247.	    0.]
 [    2.	  129.	    0.	    1.	 8921.]
2025-09-09 11:22:58,067 - INFO - model saved 39 times, last saved epoch: 79.

2025-09-09 11:23:00,837 - INFO - Epoch 84, Train loss: 0.0201897993683815.
2025-09-09 11:23:01,665 - INFO - mIoU: 0.9585; OA: 0.986; AA: 0.9841; F1: 0.9786; Kappa: 0.9757;
2025-09-09 11:23:01,666 - INFO - spatial_LccAccuracy: 0.9325; spatial_PA: 0.9928; spatial_UA: 0.9961; spatial_F1: 0.9945
2025-09-09 11:23:01,666 - INFO - temporal_CdAccuracy: 0.7581; temporal_PA: 0.9654; temporal_UA: 0.9493; temporal_F1: 0.9573
2025-09-09 11:23:01,667 - INFO - Confusion Matrix
 [69213.	  775.	    6.	   13.	    1.]
 [  702.	50729.	  172.	   14.	   48.]
 [    1.	   27.	 2108.	    0.	    0.]
 [   31.	    5.	    0.	 1262.	    0.]
 [    1.	   81.	    0.	    0.	 8971.]
2025-09-09 11:23:01,668 - INFO - model saved 39 times, last saved epoch: 79.

2025-09-09 11:23:04,481 - INFO - Epoch 85, Train loss: 0.021328464150428772.
2025-09-09 11:23:05,397 - INFO - mIoU: 0.9598; OA: 0.9856; AA: 0.9762; F1: 0.9794; Kappa: 0.975;
2025-09-09 11:23:05,398 - INFO - spatial_LccAccuracy: 0.9316; spatial_PA: 0.992; spatial_UA: 0.9928; spatial_F1: 0.9924
2025-09-09 11:23:05,398 - INFO - temporal_CdAccuracy: 0.7581; temporal_PA: 0.9627; temporal_UA: 0.953; temporal_F1: 0.9578
2025-09-09 11:23:05,399 - INFO - Confusion Matrix
 [69122.	  871.	    2.	   13.	    0.]
 [  613.	50966.	   68.	   12.	    6.]
 [    2.	   72.	 2062.	    0.	    0.]
 [   33.	   10.	    0.	 1255.	    0.]
 [    7.	  217.	    0.	    2.	 8827.]
2025-09-09 11:23:05,400 - INFO - model saved 39 times, last saved epoch: 79.

2025-09-09 11:23:08,220 - INFO - Epoch 86, Train loss: 0.020259639248251915.
2025-09-09 11:23:09,126 - INFO - mIoU: 0.959; OA: 0.986; AA: 0.9809; F1: 0.9789; Kappa: 0.9756;
2025-09-09 11:23:09,126 - INFO - spatial_LccAccuracy: 0.9356; spatial_PA: 0.9915; spatial_UA: 0.9947; spatial_F1: 0.9931
2025-09-09 11:23:09,126 - INFO - temporal_CdAccuracy: 0.7589; temporal_PA: 0.9622; temporal_UA: 0.9547; temporal_F1: 0.9585
2025-09-09 11:23:09,127 - INFO - Confusion Matrix
 [69178.	  810.	    4.	   11.	    5.]
 [  668.	50806.	  156.	    1.	   34.]
 [    1.	   36.	 2099.	    0.	    0.]
 [   32.	   18.	    0.	 1248.	    0.]
 [    1.	  101.	    0.	    0.	 8951.]
2025-09-09 11:23:09,128 - INFO - model saved 39 times, last saved epoch: 79.

2025-09-09 11:23:11,991 - INFO - Epoch 87, Train loss: 0.0185439083725214.
2025-09-09 11:23:12,922 - INFO - mIoU: 0.9602; OA: 0.9865; AA: 0.9778; F1: 0.9796; Kappa: 0.9764;
2025-09-09 11:23:12,922 - INFO - spatial_LccAccuracy: 0.9378; spatial_PA: 0.9904; spatial_UA: 0.9944; spatial_F1: 0.9924
2025-09-09 11:23:12,922 - INFO - temporal_CdAccuracy: 0.7563; temporal_PA: 0.9664; temporal_UA: 0.9529; temporal_F1: 0.9596
2025-09-09 11:23:12,923 - INFO - Confusion Matrix
 [69301.	  683.	    3.	   19.	    2.]
 [  705.	50863.	   84.	    8.	    5.]
 [    1.	   60.	 2075.	    0.	    0.]
 [   30.	   15.	    0.	 1253.	    0.]
 [    5.	  192.	    0.	    2.	 8854.]
2025-09-09 11:23:12,924 - INFO - model saved 39 times, last saved epoch: 79.

2025-09-09 11:23:15,680 - INFO - Epoch 88, Train loss: 0.020157497376203537.
2025-09-09 11:23:16,518 - INFO - mIoU: 0.9541; OA: 0.9857; AA: 0.9808; F1: 0.9763; Kappa: 0.975;
2025-09-09 11:23:16,519 - INFO - spatial_LccAccuracy: 0.9325; spatial_PA: 0.9841; spatial_UA: 0.9938; spatial_F1: 0.9889
2025-09-09 11:23:16,519 - INFO - temporal_CdAccuracy: 0.7545; temporal_PA: 0.9637; temporal_UA: 0.9472; temporal_F1: 0.9554
2025-09-09 11:23:16,520 - INFO - Confusion Matrix
 [69162.	  760.	   11.	   63.	   12.]
 [  719.	50796.	  102.	    9.	   39.]
 [    2.	   52.	 2082.	    0.	    0.]
 [   26.	   11.	    0.	 1261.	    0.]
 [    0.	  119.	    0.	    0.	 8934.]
2025-09-09 11:23:16,521 - INFO - model saved 39 times, last saved epoch: 79.

2025-09-09 11:23:19,285 - INFO - Epoch 89, Train loss: 0.018603505566716194.
2025-09-09 11:23:20,112 - INFO - mIoU: 0.9571; OA: 0.9858; AA: 0.971; F1: 0.978; Kappa: 0.9753;
2025-09-09 11:23:20,112 - INFO - spatial_LccAccuracy: 0.9302; spatial_PA: 0.9879; spatial_UA: 0.9927; spatial_F1: 0.9903
2025-09-09 11:23:20,112 - INFO - temporal_CdAccuracy: 0.7616; temporal_PA: 0.9616; temporal_UA: 0.952; temporal_F1: 0.9568
2025-09-09 11:23:20,113 - INFO - Confusion Matrix
 [69366.	  620.	    2.	   11.	    9.]
 [  862.	50715.	   64.	    0.	   24.]
 [    3.	  105.	 2028.	    0.	    0.]
 [   30.	   38.	    0.	 1230.	    0.]
 [    1.	  131.	    0.	    0.	 8921.]
2025-09-09 11:23:20,114 - INFO - model saved 39 times, last saved epoch: 79.

2025-09-09 11:23:22,913 - INFO - Epoch 90, Train loss: 0.019150231033563614.
2025-09-09 11:23:23,752 - INFO - mIoU: 0.9581; OA: 0.9858; AA: 0.9808; F1: 0.9784; Kappa: 0.9753;
2025-09-09 11:23:23,752 - INFO - spatial_LccAccuracy: 0.9307; spatial_PA: 0.9852; spatial_UA: 0.9941; spatial_F1: 0.9896
2025-09-09 11:23:23,752 - INFO - temporal_CdAccuracy: 0.7589; temporal_PA: 0.9639; temporal_UA: 0.9502; temporal_F1: 0.957
2025-09-09 11:23:23,753 - INFO - Confusion Matrix
 [69426.	  559.	    7.	   14.	    2.]
 [  943.	50523.	  126.	   17.	   56.]
 [    2.	   33.	 2101.	    0.	    0.]
 [   29.	   21.	    0.	 1248.	    0.]
 [    2.	   92.	    0.	    1.	 8958.]
2025-09-09 11:23:23,754 - INFO - model saved 39 times, last saved epoch: 79.

2025-09-09 11:23:26,527 - INFO - Epoch 91, Train loss: 0.01873003877699375.
2025-09-09 11:23:27,352 - INFO - mIoU: 0.9615; OA: 0.9861; AA: 0.9806; F1: 0.9803; Kappa: 0.9757;
2025-09-09 11:23:27,352 - INFO - spatial_LccAccuracy: 0.9271; spatial_PA: 0.9843; spatial_UA: 0.995; spatial_F1: 0.9896
2025-09-09 11:23:27,353 - INFO - temporal_CdAccuracy: 0.7567; temporal_PA: 0.9703; temporal_UA: 0.9469; temporal_F1: 0.9584
2025-09-09 11:23:27,353 - INFO - Confusion Matrix
 [69554.	  433.	    5.	   11.	    5.]
 [ 1077.	50418.	  107.	    8.	   55.]
 [    2.	   32.	 2102.	    0.	    0.]
 [   36.	   18.	    0.	 1244.	    0.]
 [    3.	   78.	    0.	    0.	 8972.]
2025-09-09 11:23:27,355 - INFO - model saved 39 times, last saved epoch: 79.

2025-09-09 11:23:30,198 - INFO - Epoch 92, Train loss: 0.017642131075263023.
2025-09-09 11:23:31,028 - INFO - mIoU: 0.9644; OA: 0.9871; AA: 0.9806; F1: 0.9818; Kappa: 0.9775;
2025-09-09 11:23:31,028 - INFO - spatial_LccAccuracy: 0.9378; spatial_PA: 0.9901; spatial_UA: 0.9933; spatial_F1: 0.9917
2025-09-09 11:23:31,029 - INFO - temporal_CdAccuracy: 0.7634; temporal_PA: 0.9706; temporal_UA: 0.9535; temporal_F1: 0.962
2025-09-09 11:23:31,030 - INFO - Confusion Matrix
 [69375.	  607.	    4.	   11.	   11.]
 [  802.	50714.	   85.	    0.	   64.]
 [    3.	   47.	 2086.	    0.	    0.]
 [   33.	   20.	    0.	 1245.	    0.]
 [    1.	   49.	    0.	    0.	 9003.]
2025-09-09 11:23:31,071 - INFO - Epoch 92 saved.
2025-09-09 11:23:31,072 - INFO - model saved 40 times, last saved epoch: 92.

2025-09-09 11:23:33,976 - INFO - Epoch 93, Train loss: 0.017265360802412033.
2025-09-09 11:23:34,799 - INFO - mIoU: 0.9588; OA: 0.9858; AA: 0.9733; F1: 0.9789; Kappa: 0.9753;
2025-09-09 11:23:34,800 - INFO - spatial_LccAccuracy: 0.9284; spatial_PA: 0.9925; spatial_UA: 0.9909; spatial_F1: 0.9917
2025-09-09 11:23:34,800 - INFO - temporal_CdAccuracy: 0.7581; temporal_PA: 0.9613; temporal_UA: 0.9528; temporal_F1: 0.957
2025-09-09 11:23:34,801 - INFO - Confusion Matrix
 [69085.	  912.	    2.	    6.	    3.]
 [  596.	50958.	   62.	    7.	   42.]
 [    5.	   69.	 2062.	    0.	    0.]
 [   48.	   28.	    0.	 1222.	    0.]
 [   10.	  112.	    0.	    0.	 8931.]
2025-09-09 11:23:34,801 - INFO - model saved 40 times, last saved epoch: 92.

2025-09-09 11:23:37,586 - INFO - Epoch 94, Train loss: 0.017559578642249107.
2025-09-09 11:23:38,420 - INFO - mIoU: 0.9616; OA: 0.9865; AA: 0.9816; F1: 0.9803; Kappa: 0.9765;
2025-09-09 11:23:38,421 - INFO - spatial_LccAccuracy: 0.9316; spatial_PA: 0.9898; spatial_UA: 0.9964; spatial_F1: 0.9931
2025-09-09 11:23:38,421 - INFO - temporal_CdAccuracy: 0.7594; temporal_PA: 0.9692; temporal_UA: 0.9494; temporal_F1: 0.9592
2025-09-09 11:23:38,422 - INFO - Confusion Matrix
 [69408.	  554.	    8.	   12.	   26.]
 [  881.	50603.	  119.	    2.	   60.]
 [    2.	   44.	 2090.	    0.	    0.]
 [   30.	   15.	    0.	 1253.	    0.]
 [    1.	   59.	    0.	    0.	 8993.]
2025-09-09 11:23:38,423 - INFO - model saved 40 times, last saved epoch: 92.

2025-09-09 11:23:41,149 - INFO - Epoch 95, Train loss: 0.016348961740732193.
2025-09-09 11:23:42,035 - INFO - mIoU: 0.963; OA: 0.9862; AA: 0.978; F1: 0.9811; Kappa: 0.9759;
2025-09-09 11:23:42,035 - INFO - spatial_LccAccuracy: 0.9302; spatial_PA: 0.9909; spatial_UA: 0.9925; spatial_F1: 0.9917
2025-09-09 11:23:42,035 - INFO - temporal_CdAccuracy: 0.7616; temporal_PA: 0.9656; temporal_UA: 0.9515; temporal_F1: 0.9585
2025-09-09 11:23:42,036 - INFO - Confusion Matrix
 [69205.	  777.	    2.	    8.	   16.]
 [  729.	50795.	   71.	    0.	   70.]
 [    7.	   57.	 2072.	    0.	    0.]
 [   34.	   24.	    0.	 1240.	    0.]
 [    2.	   60.	    0.	    0.	 8991.]
2025-09-09 11:23:42,037 - INFO - model saved 40 times, last saved epoch: 92.

2025-09-09 11:23:44,818 - INFO - Epoch 96, Train loss: 0.016796989366412163.
2025-09-09 11:23:45,706 - INFO - mIoU: 0.963; OA: 0.9865; AA: 0.981; F1: 0.981; Kappa: 0.9765;
2025-09-09 11:23:45,706 - INFO - spatial_LccAccuracy: 0.9338; spatial_PA: 0.9931; spatial_UA: 0.9931; spatial_F1: 0.9931
2025-09-09 11:23:45,706 - INFO - temporal_CdAccuracy: 0.7594; temporal_PA: 0.9649; temporal_UA: 0.9521; temporal_F1: 0.9585
2025-09-09 11:23:45,707 - INFO - Confusion Matrix
 [69334.	  648.	    1.	    9.	   16.]
 [  815.	50716.	   69.	   28.	   37.]
 [    8.	   53.	 2075.	    0.	    0.]
 [   33.	    4.	    0.	 1261.	    0.]
 [    1.	   88.	    0.	    0.	 8964.]
2025-09-09 11:23:45,708 - INFO - model saved 40 times, last saved epoch: 92.

2025-09-09 11:23:48,481 - INFO - Epoch 97, Train loss: 0.01646408811211586.
2025-09-09 11:23:49,430 - INFO - mIoU: 0.9635; OA: 0.9863; AA: 0.976; F1: 0.9813; Kappa: 0.976;
2025-09-09 11:23:49,430 - INFO - spatial_LccAccuracy: 0.936; spatial_PA: 0.992; spatial_UA: 0.9928; spatial_F1: 0.9924
2025-09-09 11:23:49,430 - INFO - temporal_CdAccuracy: 0.7603; temporal_PA: 0.9649; temporal_UA: 0.9514; temporal_F1: 0.9581
2025-09-09 11:23:49,431 - INFO - Confusion Matrix
 [69475.	  521.	    1.	    9.	    2.]
 [  973.	50616.	   55.	    1.	   20.]
 [    4.	   81.	 2051.	    0.	    0.]
 [   32.	   18.	    0.	 1248.	    0.]
 [    4.	  122.	    0.	    0.	 8927.]
2025-09-09 11:23:49,432 - INFO - model saved 40 times, last saved epoch: 92.

2025-09-09 11:23:52,448 - INFO - Epoch 98, Train loss: 0.01571611873805523.
2025-09-09 11:23:53,273 - INFO - mIoU: 0.9627; OA: 0.9862; AA: 0.9809; F1: 0.9809; Kappa: 0.9759;
2025-09-09 11:23:53,274 - INFO - spatial_LccAccuracy: 0.9338; spatial_PA: 0.9895; spatial_UA: 0.9953; spatial_F1: 0.9924
2025-09-09 11:23:53,274 - INFO - temporal_CdAccuracy: 0.7625; temporal_PA: 0.9674; temporal_UA: 0.9511; temporal_F1: 0.9592
2025-09-09 11:23:53,275 - INFO - Confusion Matrix
 [69439.	  557.	    5.	    6.	    1.]
 [  934.	50579.	  106.	   10.	   36.]
 [    4.	   31.	 2101.	    0.	    0.]
 [   34.	   14.	    0.	 1250.	    0.]
 [    5.	  111.	    0.	    0.	 8937.]
2025-09-09 11:23:53,276 - INFO - model saved 40 times, last saved epoch: 92.

2025-09-09 11:23:56,069 - INFO - Epoch 99, Train loss: 0.015151826664805412.
2025-09-09 11:23:56,890 - INFO - mIoU: 0.9614; OA: 0.9856; AA: 0.9759; F1: 0.9802; Kappa: 0.9748;
2025-09-09 11:23:56,890 - INFO - spatial_LccAccuracy: 0.9316; spatial_PA: 0.981; spatial_UA: 0.9941; spatial_F1: 0.9875
2025-09-09 11:23:56,890 - INFO - temporal_CdAccuracy: 0.7607; temporal_PA: 0.964; temporal_UA: 0.9466; temporal_F1: 0.9552
2025-09-09 11:23:56,891 - INFO - Confusion Matrix
 [69591.	  403.	    2.	   11.	    1.]
 [ 1173.	50405.	   75.	    0.	   12.]
 [    3.	   73.	 2060.	    0.	    0.]
 [   31.	   21.	    0.	 1246.	    0.]
 [    2.	  130.	    0.	    1.	 8920.]
2025-09-09 11:23:56,892 - INFO - model saved 40 times, last saved epoch: 92.

2025-09-09 11:23:59,668 - INFO - Epoch 100, Train loss: 0.016794873401522636.
2025-09-09 11:24:00,495 - INFO - mIoU: 0.9621; OA: 0.9863; AA: 0.9815; F1: 0.9806; Kappa: 0.9761;
2025-09-09 11:24:00,495 - INFO - spatial_LccAccuracy: 0.9369; spatial_PA: 0.9915; spatial_UA: 0.9947; spatial_F1: 0.9931
2025-09-09 11:24:00,495 - INFO - temporal_CdAccuracy: 0.7612; temporal_PA: 0.9685; temporal_UA: 0.9555; temporal_F1: 0.962
2025-09-09 11:24:00,496 - INFO - Confusion Matrix
 [69337.	  646.	    4.	   14.	    7.]
 [  830.	50695.	   85.	   22.	   33.]
 [    6.	   41.	 2089.	    0.	    0.]
 [   33.	    5.	    0.	 1260.	    0.]
 [    2.	  114.	    0.	    0.	 8937.]
2025-09-09 11:24:00,497 - INFO - model saved 40 times, last saved epoch: 92.

2025-09-09 11:24:03,271 - INFO - Epoch 101, Train loss: 0.01489952951669693.
2025-09-09 11:24:04,120 - INFO - mIoU: 0.964; OA: 0.9867; AA: 0.9813; F1: 0.9816; Kappa: 0.9769;
2025-09-09 11:24:04,120 - INFO - spatial_LccAccuracy: 0.9325; spatial_PA: 0.9912; spatial_UA: 0.9936; spatial_F1: 0.9924
2025-09-09 11:24:04,121 - INFO - temporal_CdAccuracy: 0.7598; temporal_PA: 0.9678; temporal_UA: 0.9518; temporal_F1: 0.9597
2025-09-09 11:24:04,121 - INFO - Confusion Matrix
 [69273.	  720.	    5.	   10.	    0.]
 [  692.	50861.	   92.	    8.	   12.]
 [    4.	   39.	 2093.	    0.	    0.]
 [   33.	    6.	    0.	 1259.	    0.]
 [   18.	  136.	    0.	    3.	 8896.]
2025-09-09 11:24:04,122 - INFO - model saved 40 times, last saved epoch: 92.

2025-09-09 11:24:06,893 - INFO - Epoch 102, Train loss: 0.014746451750397682.
2025-09-09 11:24:07,768 - INFO - mIoU: 0.9588; OA: 0.986; AA: 0.9727; F1: 0.9789; Kappa: 0.9756;
2025-09-09 11:24:07,769 - INFO - spatial_LccAccuracy: 0.9289; spatial_PA: 0.992; spatial_UA: 0.9928; spatial_F1: 0.9924
2025-09-09 11:24:07,769 - INFO - temporal_CdAccuracy: 0.7607; temporal_PA: 0.9585; temporal_UA: 0.952; temporal_F1: 0.9552
2025-09-09 11:24:07,770 - INFO - Confusion Matrix
 [69082.	  912.	    5.	    9.	    0.]
 [  543.	51056.	   63.	    0.	    3.]
 [    2.	   86.	 2048.	    0.	    0.]
 [   32.	   32.	    0.	 1234.	    0.]
 [   17.	  171.	    0.	    3.	 8862.]
2025-09-09 11:24:07,771 - INFO - model saved 40 times, last saved epoch: 92.

2025-09-09 11:24:10,762 - INFO - Epoch 103, Train loss: 0.014954186044633389.
2025-09-09 11:24:11,613 - INFO - mIoU: 0.9641; OA: 0.9868; AA: 0.9792; F1: 0.9816; Kappa: 0.9771;
2025-09-09 11:24:11,613 - INFO - spatial_LccAccuracy: 0.9365; spatial_PA: 0.9923; spatial_UA: 0.9939; spatial_F1: 0.9931
2025-09-09 11:24:11,614 - INFO - temporal_CdAccuracy: 0.7625; temporal_PA: 0.9701; temporal_UA: 0.9549; temporal_F1: 0.9624
2025-09-09 11:24:11,614 - INFO - Confusion Matrix
 [69199.	  786.	    6.	   13.	    4.]
 [  651.	50902.	   63.	    5.	   44.]
 [    2.	   83.	 2051.	    0.	    0.]
 [   30.	    9.	    0.	 1259.	    0.]
 [    1.	   68.	    0.	    0.	 8984.]
2025-09-09 11:24:11,616 - INFO - model saved 40 times, last saved epoch: 92.

