2025-09-09 11:30:51,454 - INFO - Epoch 0, Train loss: 1.5189889669418335.
2025-09-09 11:30:52,271 - INFO - mIoU: 0.1604; OA: 0.5864; AA: 0.2392; F1: 0.5512; Kappa: 0.2022;
2025-09-09 11:30:52,272 - INFO - spatial_LccAccuracy: 0.1708; spatial_PA: 0.6076; spatial_UA: 0.5765; spatial_F1: 0.5917
2025-09-09 11:30:52,272 - INFO - temporal_CdAccuracy: 0.1123; temporal_PA: 0.531; temporal_UA: 0.5142; temporal_F1: 0.5225
2025-09-09 11:30:52,273 - INFO - Confusion Matrix
 [65855.	 3069.	    0.	  839.	    0.]
 [33643.	12813.	    0.	 4397.	    3.]
 [  694.	 1467.	    0.	   70.	    0.]
 [ 1302.	    3.	    0.	    0.	    0.]
 [ 9994.	   11.	    0.	    0.	    0.]
2025-09-09 11:30:52,313 - INFO - Epoch 0 saved.
2025-09-09 11:30:52,313 - INFO - model saved 1 times, last saved epoch: 0.

2025-09-09 11:30:55,064 - INFO - Epoch 1, Train loss: 1.2879860401153564.
2025-09-09 11:30:55,876 - INFO - mIoU: 0.1745; OA: 0.6187; AA: 0.2559; F1: 0.5954; Kappa: 0.241;
2025-09-09 11:30:55,876 - INFO - spatial_LccAccuracy: 0.1386; spatial_PA: 0.6168; spatial_UA: 0.582; spatial_F1: 0.5989
2025-09-09 11:30:55,876 - INFO - temporal_CdAccuracy: 0.1682; temporal_PA: 0.5168; temporal_UA: 0.5137; temporal_F1: 0.5153
2025-09-09 11:30:55,877 - INFO - Confusion Matrix
 [66199.	 3564.	    0.	    0.	    0.]
 [34050.	16806.	    0.	    0.	    0.]
 [ 1343.	  888.	    0.	    0.	    0.]
 [ 1304.	    1.	    0.	    0.	    0.]
 [10000.	    5.	    0.	    0.	    0.]
2025-09-09 11:30:55,918 - INFO - Epoch 1 saved.
2025-09-09 11:30:55,919 - INFO - model saved 2 times, last saved epoch: 1.

2025-09-09 11:30:58,795 - INFO - Epoch 2, Train loss: 1.0190860033035278.
2025-09-09 11:30:59,629 - INFO - mIoU: 0.2289; OA: 0.6974; AA: 0.3037; F1: 0.7274; Kappa: 0.4255;
2025-09-09 11:30:59,629 - INFO - spatial_LccAccuracy: 0.1749; spatial_PA: 0.7067; spatial_UA: 0.637; spatial_F1: 0.6701
2025-09-09 11:30:59,629 - INFO - temporal_CdAccuracy: 0.1865; temporal_PA: 0.6038; temporal_UA: 0.5743; temporal_F1: 0.5887
2025-09-09 11:30:59,630 - INFO - Confusion Matrix
 [60251.	 9512.	    0.	    0.	    0.]
 [17543.	33313.	    0.	    0.	    0.]
 [  716.	 1515.	    0.	    0.	    0.]
 [ 1290.	   15.	    0.	    0.	    0.]
 [ 9935.	   70.	    0.	    0.	    0.]
2025-09-09 11:30:59,674 - INFO - Epoch 2 saved.
2025-09-09 11:30:59,674 - INFO - model saved 3 times, last saved epoch: 2.

2025-09-09 11:31:02,358 - INFO - Epoch 3, Train loss: 0.775644838809967.
2025-09-09 11:31:03,174 - INFO - mIoU: 0.2689; OA: 0.7608; AA: 0.3388; F1: 0.54; Kappa: 0.5544;
2025-09-09 11:31:03,174 - INFO - spatial_LccAccuracy: 0.2719; spatial_PA: 0.8319; spatial_UA: 0.7444; spatial_F1: 0.7858
2025-09-09 11:31:03,174 - INFO - temporal_CdAccuracy: 0.2446; temporal_PA: 0.6782; temporal_UA: 0.6089; temporal_F1: 0.6417
2025-09-09 11:31:03,175 - INFO - Confusion Matrix
 [60200.	 9563.	    0.	    0.	    0.]
 [ 9075.	41781.	    0.	    0.	    0.]
 [   34.	 2197.	    0.	    0.	    0.]
 [ 1286.	   19.	    0.	    0.	    0.]
 [ 9804.	  107.	    0.	    0.	   94.]
2025-09-09 11:31:03,242 - INFO - Epoch 3 saved.
2025-09-09 11:31:03,243 - INFO - model saved 4 times, last saved epoch: 3.

2025-09-09 11:31:05,994 - INFO - Epoch 4, Train loss: 0.5531526803970337.
2025-09-09 11:31:06,828 - INFO - mIoU: 0.4871; OA: 0.8666; AA: 0.5341; F1: 0.8947; Kappa: 0.7639;
2025-09-09 11:31:06,828 - INFO - spatial_LccAccuracy: 0.4074; spatial_PA: 0.9037; spatial_UA: 0.848; spatial_F1: 0.8749
2025-09-09 11:31:06,830 - INFO - temporal_CdAccuracy: 0.3019; temporal_PA: 0.7213; temporal_UA: 0.6334; temporal_F1: 0.6745
2025-09-09 11:31:06,830 - INFO - Confusion Matrix
 [63555.	 6154.	    0.	    0.	   54.]
 [ 7150.	43706.	    0.	    0.	    0.]
 [   13.	 2218.	    0.	    0.	    0.]
 [ 1294.	   11.	    0.	    0.	    0.]
 [  909.	   89.	    0.	    0.	 9007.]
2025-09-09 11:31:06,882 - INFO - Epoch 4 saved.
2025-09-09 11:31:06,883 - INFO - model saved 5 times, last saved epoch: 4.

2025-09-09 11:31:09,696 - INFO - Epoch 5, Train loss: 0.4174868166446686.
2025-09-09 11:31:10,511 - INFO - mIoU: 0.5022; OA: 0.8869; AA: 0.5443; F1: 0.9105; Kappa: 0.8;
2025-09-09 11:31:10,512 - INFO - spatial_LccAccuracy: 0.4562; spatial_PA: 0.9231; spatial_UA: 0.8715; spatial_F1: 0.8966
2025-09-09 11:31:10,512 - INFO - temporal_CdAccuracy: 0.3564; temporal_PA: 0.7472; temporal_UA: 0.6645; temporal_F1: 0.7035
2025-09-09 11:31:10,513 - INFO - Confusion Matrix
 [64776.	 4927.	    0.	    0.	   60.]
 [ 5691.	45165.	    0.	    0.	    0.]
 [   15.	 2216.	    0.	    0.	    0.]
 [ 1290.	   15.	    0.	    0.	    0.]
 [  853.	  101.	    0.	    0.	 9051.]
2025-09-09 11:31:10,567 - INFO - Epoch 5 saved.
2025-09-09 11:31:10,568 - INFO - model saved 6 times, last saved epoch: 5.

2025-09-09 11:31:13,331 - INFO - Epoch 6, Train loss: 0.3406760096549988.
2025-09-09 11:31:14,176 - INFO - mIoU: 0.5419; OA: 0.9011; AA: 0.5799; F1: 0.7555; Kappa: 0.8253;
2025-09-09 11:31:14,176 - INFO - spatial_LccAccuracy: 0.504; spatial_PA: 0.9287; spatial_UA: 0.8833; spatial_F1: 0.9054
2025-09-09 11:31:14,176 - INFO - temporal_CdAccuracy: 0.3792; temporal_PA: 0.7606; temporal_UA: 0.6808; temporal_F1: 0.7185
2025-09-09 11:31:14,177 - INFO - Confusion Matrix
 [65577.	 4122.	    0.	    0.	   64.]
 [ 4927.	45916.	    8.	    0.	    5.]
 [   59.	 1835.	  337.	    0.	    0.]
 [ 1241.	   64.	    0.	    0.	    0.]
 [  824.	  120.	    0.	    0.	 9061.]
2025-09-09 11:31:14,218 - INFO - Epoch 6 saved.
2025-09-09 11:31:14,219 - INFO - model saved 7 times, last saved epoch: 6.

2025-09-09 11:31:17,088 - INFO - Epoch 7, Train loss: 0.2891571521759033.
2025-09-09 11:31:17,973 - INFO - mIoU: 0.6351; OA: 0.9154; AA: 0.6717; F1: 0.8789; Kappa: 0.8514;
2025-09-09 11:31:17,973 - INFO - spatial_LccAccuracy: 0.5559; spatial_PA: 0.9277; spatial_UA: 0.8878; spatial_F1: 0.9073
2025-09-09 11:31:17,973 - INFO - temporal_CdAccuracy: 0.4173; temporal_PA: 0.7686; temporal_UA: 0.7006; temporal_F1: 0.733
2025-09-09 11:31:17,974 - INFO - Confusion Matrix
 [66234.	 3451.	    2.	    0.	   76.]
 [ 4612.	46170.	   67.	    0.	    7.]
 [   23.	  886.	 1322.	    0.	    0.]
 [ 1148.	  157.	    0.	    0.	    0.]
 [  785.	  131.	    0.	    0.	 9089.]
2025-09-09 11:31:18,016 - INFO - Epoch 7 saved.
2025-09-09 11:31:18,017 - INFO - model saved 8 times, last saved epoch: 7.

2025-09-09 11:31:21,117 - INFO - Epoch 8, Train loss: 0.25058603286743164.
2025-09-09 11:31:21,977 - INFO - mIoU: 0.6628; OA: 0.9232; AA: 0.7004; F1: 0.9037; Kappa: 0.8657;
2025-09-09 11:31:21,978 - INFO - spatial_LccAccuracy: 0.585; spatial_PA: 0.929; spatial_UA: 0.8865; spatial_F1: 0.9073
2025-09-09 11:31:21,978 - INFO - temporal_CdAccuracy: 0.4548; temporal_PA: 0.7826; temporal_UA: 0.7201; temporal_F1: 0.7501
2025-09-09 11:31:21,979 - INFO - Confusion Matrix
 [65867.	 3806.	   12.	    0.	   78.]
 [ 3472.	47279.	   96.	    0.	    9.]
 [   11.	  618.	 1602.	    0.	    0.]
 [ 1009.	  296.	    0.	    0.	    0.]
 [  734.	  163.	    0.	    0.	 9108.]
2025-09-09 11:31:22,020 - INFO - Epoch 8 saved.
2025-09-09 11:31:22,021 - INFO - model saved 9 times, last saved epoch: 8.

2025-09-09 11:31:24,843 - INFO - Epoch 9, Train loss: 0.21861493587493896.
2025-09-09 11:31:25,663 - INFO - mIoU: 0.7014; OA: 0.9306; AA: 0.7412; F1: 0.771; Kappa: 0.8789;
2025-09-09 11:31:25,663 - INFO - spatial_LccAccuracy: 0.6225; spatial_PA: 0.9278; spatial_UA: 0.8903; spatial_F1: 0.9087
2025-09-09 11:31:25,664 - INFO - temporal_CdAccuracy: 0.4732; temporal_PA: 0.787; temporal_UA: 0.735; temporal_F1: 0.7601
2025-09-09 11:31:25,664 - INFO - Confusion Matrix
 [66462.	 3094.	   17.	   26.	  164.]
 [ 3444.	47254.	  126.	    3.	   29.]
 [    8.	  431.	 1792.	    0.	    0.]
 [  853.	  321.	    0.	  131.	    0.]
 [  618.	  178.	    0.	    0.	 9209.]
2025-09-09 11:31:25,707 - INFO - Epoch 9 saved.
2025-09-09 11:31:25,708 - INFO - model saved 10 times, last saved epoch: 9.

2025-09-09 11:31:28,515 - INFO - Epoch 10, Train loss: 0.1909375637769699.
2025-09-09 11:31:29,405 - INFO - mIoU: 0.747; OA: 0.9381; AA: 0.7905; F1: 0.8264; Kappa: 0.8923;
2025-09-09 11:31:29,405 - INFO - spatial_LccAccuracy: 0.6664; spatial_PA: 0.9233; spatial_UA: 0.893; spatial_F1: 0.9079
2025-09-09 11:31:29,406 - INFO - temporal_CdAccuracy: 0.4946; temporal_PA: 0.7958; temporal_UA: 0.7469; temporal_F1: 0.7706
2025-09-09 11:31:29,406 - INFO - Confusion Matrix
 [66720.	 2679.	   17.	   68.	  279.]
 [ 3130.	47515.	  140.	   19.	   52.]
 [    5.	  345.	 1881.	    0.	    0.]
 [  669.	  267.	    0.	  369.	    0.]
 [  442.	  197.	    0.	    0.	 9366.]
2025-09-09 11:31:29,455 - INFO - Epoch 10 saved.
2025-09-09 11:31:29,455 - INFO - model saved 11 times, last saved epoch: 10.

2025-09-09 11:31:32,198 - INFO - Epoch 11, Train loss: 0.16986295580863953.
2025-09-09 11:31:33,028 - INFO - mIoU: 0.7779; OA: 0.9422; AA: 0.8201; F1: 0.8585; Kappa: 0.8996;
2025-09-09 11:31:33,028 - INFO - spatial_LccAccuracy: 0.6887; spatial_PA: 0.9357; spatial_UA: 0.8901; spatial_F1: 0.9123
2025-09-09 11:31:33,028 - INFO - temporal_CdAccuracy: 0.5237; temporal_PA: 0.8036; temporal_UA: 0.7711; temporal_F1: 0.787
2025-09-09 11:31:33,029 - INFO - Confusion Matrix
 [66968.	 2405.	   10.	   38.	  342.]
 [ 3073.	47541.	  112.	   33.	   97.]
 [    4.	  337.	 1890.	    0.	    0.]
 [  633.	  134.	    0.	  538.	    0.]
 [  382.	  157.	    0.	    0.	 9466.]
2025-09-09 11:31:33,094 - INFO - Epoch 11 saved.
2025-09-09 11:31:33,094 - INFO - model saved 12 times, last saved epoch: 11.

2025-09-09 11:31:35,955 - INFO - Epoch 12, Train loss: 0.15439729392528534.
2025-09-09 11:31:36,762 - INFO - mIoU: 0.8059; OA: 0.9479; AA: 0.8494; F1: 0.8823; Kappa: 0.9097;
2025-09-09 11:31:36,762 - INFO - spatial_LccAccuracy: 0.7258; spatial_PA: 0.9365; spatial_UA: 0.9125; spatial_F1: 0.9243
2025-09-09 11:31:36,762 - INFO - temporal_CdAccuracy: 0.5581; temporal_PA: 0.8226; temporal_UA: 0.7935; temporal_F1: 0.8078
2025-09-09 11:31:36,763 - INFO - Confusion Matrix
 [67471.	 1898.	    9.	   56.	  329.]
 [ 3045.	47558.	  102.	   62.	   89.]
 [    3.	  317.	 1911.	    0.	    0.]
 [  467.	  140.	    0.	  698.	    0.]
 [  291.	  177.	    0.	    0.	 9537.]
2025-09-09 11:31:36,809 - INFO - Epoch 12 saved.
2025-09-09 11:31:36,809 - INFO - model saved 13 times, last saved epoch: 12.

2025-09-09 11:31:39,663 - INFO - Epoch 13, Train loss: 0.14007742702960968.
2025-09-09 11:31:40,573 - INFO - mIoU: 0.8104; OA: 0.9513; AA: 0.8502; F1: 0.8853; Kappa: 0.9157;
2025-09-09 11:31:40,573 - INFO - spatial_LccAccuracy: 0.737; spatial_PA: 0.9439; spatial_UA: 0.9237; spatial_F1: 0.9337
2025-09-09 11:31:40,573 - INFO - temporal_CdAccuracy: 0.5886; temporal_PA: 0.8429; temporal_UA: 0.8146; temporal_F1: 0.8285
2025-09-09 11:31:40,574 - INFO - Confusion Matrix
 [67260.	 2114.	    8.	   15.	  366.]
 [ 2383.	48222.	   96.	   60.	   95.]
 [    2.	  315.	 1914.	    0.	    0.]
 [  415.	  203.	    0.	  687.	    0.]
 [  263.	  192.	    0.	    0.	 9550.]
2025-09-09 11:31:40,637 - INFO - Epoch 13 saved.
2025-09-09 11:31:40,638 - INFO - model saved 14 times, last saved epoch: 13.

2025-09-09 11:31:43,512 - INFO - Epoch 14, Train loss: 0.12841206789016724.
2025-09-09 11:31:44,330 - INFO - mIoU: 0.8285; OA: 0.9545; AA: 0.8643; F1: 0.8998; Kappa: 0.9213;
2025-09-09 11:31:44,330 - INFO - spatial_LccAccuracy: 0.7482; spatial_PA: 0.9429; spatial_UA: 0.9422; spatial_F1: 0.9425
2025-09-09 11:31:44,330 - INFO - temporal_CdAccuracy: 0.6154; temporal_PA: 0.86; temporal_UA: 0.8241; temporal_F1: 0.8417
2025-09-09 11:31:44,331 - INFO - Confusion Matrix
 [67054.	 2428.	    7.	    5.	  269.]
 [ 1788.	48880.	   74.	   65.	   49.]
 [    1.	  328.	 1902.	    0.	    0.]
 [  251.	  266.	    0.	  788.	    0.]
 [  321.	  251.	    0.	    0.	 9433.]
2025-09-09 11:31:44,373 - INFO - Epoch 14 saved.
2025-09-09 11:31:44,373 - INFO - model saved 15 times, last saved epoch: 14.

2025-09-09 11:31:47,139 - INFO - Epoch 15, Train loss: 0.11727018654346466.
2025-09-09 11:31:47,984 - INFO - mIoU: 0.8535; OA: 0.9564; AA: 0.8934; F1: 0.9175; Kappa: 0.9243;
2025-09-09 11:31:47,984 - INFO - spatial_LccAccuracy: 0.7759; spatial_PA: 0.9447; spatial_UA: 0.942; spatial_F1: 0.9433
2025-09-09 11:31:47,984 - INFO - temporal_CdAccuracy: 0.6216; temporal_PA: 0.8562; temporal_UA: 0.8337; temporal_F1: 0.8448
2025-09-09 11:31:47,985 - INFO - Confusion Matrix
 [68329.	 1127.	    7.	    8.	  292.]
 [ 3086.	47489.	   93.	   87.	  101.]
 [    3.	  241.	 1987.	    0.	    0.]
 [  301.	   83.	    0.	  921.	    0.]
 [  288.	  137.	    0.	    0.	 9580.]
2025-09-09 11:31:48,037 - INFO - Epoch 15 saved.
2025-09-09 11:31:48,037 - INFO - model saved 16 times, last saved epoch: 15.

2025-09-09 11:31:50,786 - INFO - Epoch 16, Train loss: 0.11057601869106293.
2025-09-09 11:31:51,656 - INFO - mIoU: 0.8712; OA: 0.9601; AA: 0.9128; F1: 0.9291; Kappa: 0.931;
2025-09-09 11:31:51,656 - INFO - spatial_LccAccuracy: 0.7871; spatial_PA: 0.9522; spatial_UA: 0.9618; spatial_F1: 0.957
2025-09-09 11:31:51,656 - INFO - temporal_CdAccuracy: 0.648; temporal_PA: 0.8838; temporal_UA: 0.8485; temporal_F1: 0.8658
2025-09-09 11:31:51,657 - INFO - Confusion Matrix
 [67392.	 2095.	    7.	   10.	  259.]
 [ 1764.	48812.	  106.	   93.	   81.]
 [    3.	  212.	 2016.	    0.	    0.]
 [  159.	  130.	    0.	 1016.	    0.]
 [  263.	  177.	    0.	    0.	 9565.]
2025-09-09 11:31:51,699 - INFO - Epoch 16 saved.
2025-09-09 11:31:51,700 - INFO - model saved 17 times, last saved epoch: 16.

2025-09-09 11:31:54,536 - INFO - Epoch 17, Train loss: 0.10296808183193207.
2025-09-09 11:31:55,400 - INFO - mIoU: 0.8828; OA: 0.9633; AA: 0.9231; F1: 0.9363; Kappa: 0.9366;
2025-09-09 11:31:55,400 - INFO - spatial_LccAccuracy: 0.8113; spatial_PA: 0.9551; spatial_UA: 0.9725; spatial_F1: 0.9637
2025-09-09 11:31:55,401 - INFO - temporal_CdAccuracy: 0.6682; temporal_PA: 0.8898; temporal_UA: 0.8649; temporal_F1: 0.8771
2025-09-09 11:31:55,402 - INFO - Confusion Matrix
 [67967.	 1559.	    7.	   15.	  215.]
 [ 2026.	48571.	   89.	  104.	   66.]
 [    2.	  227.	 2002.	    0.	    0.]
 [  143.	   82.	    0.	 1080.	    0.]
 [  197.	  189.	    0.	    0.	 9619.]
2025-09-09 11:31:55,450 - INFO - Epoch 17 saved.
2025-09-09 11:31:55,450 - INFO - model saved 18 times, last saved epoch: 17.

2025-09-09 11:31:58,234 - INFO - Epoch 18, Train loss: 0.09891878813505173.
2025-09-09 11:31:59,084 - INFO - mIoU: 0.8936; OA: 0.9639; AA: 0.9403; F1: 0.9429; Kappa: 0.9378;
2025-09-09 11:31:59,084 - INFO - spatial_LccAccuracy: 0.7974; spatial_PA: 0.9474; spatial_UA: 0.9777; spatial_F1: 0.9623
2025-09-09 11:31:59,084 - INFO - temporal_CdAccuracy: 0.6744; temporal_PA: 0.8965; temporal_UA: 0.8646; temporal_F1: 0.8802
2025-09-09 11:31:59,085 - INFO - Confusion Matrix
 [67330.	 2170.	    7.	   36.	  220.]
 [ 1448.	49119.	  105.	  116.	   68.]
 [    2.	  193.	 2036.	    0.	    0.]
 [   73.	   68.	    0.	 1164.	    0.]
 [  148.	  191.	    0.	    0.	 9666.]
2025-09-09 11:31:59,128 - INFO - Epoch 18 saved.
2025-09-09 11:31:59,128 - INFO - model saved 19 times, last saved epoch: 18.

2025-09-09 11:32:01,931 - INFO - Epoch 19, Train loss: 0.09392774850130081.
2025-09-09 11:32:02,779 - INFO - mIoU: 0.8971; OA: 0.9651; AA: 0.9491; F1: 0.9449; Kappa: 0.9398;
2025-09-09 11:32:02,780 - INFO - spatial_LccAccuracy: 0.8162; spatial_PA: 0.9467; spatial_UA: 0.9829; spatial_F1: 0.9645
2025-09-09 11:32:02,780 - INFO - temporal_CdAccuracy: 0.6731; temporal_PA: 0.8927; temporal_UA: 0.8646; temporal_F1: 0.8784
2025-09-09 11:32:02,781 - INFO - Confusion Matrix
 [68543.	  889.	    7.	   42.	  282.]
 [ 2590.	47855.	  124.	  134.	  153.]
 [    2.	  175.	 2054.	    0.	    0.]
 [   65.	   41.	    0.	 1199.	    0.]
 [   69.	  107.	    0.	    0.	 9829.]
2025-09-09 11:32:02,825 - INFO - Epoch 19 saved.
2025-09-09 11:32:02,826 - INFO - model saved 20 times, last saved epoch: 19.

2025-09-09 11:32:05,623 - INFO - Epoch 20, Train loss: 0.08819670975208282.
2025-09-09 11:32:06,498 - INFO - mIoU: 0.8996; OA: 0.9662; AA: 0.9475; F1: 0.9464; Kappa: 0.9418;
2025-09-09 11:32:06,498 - INFO - spatial_LccAccuracy: 0.8108; spatial_PA: 0.9549; spatial_UA: 0.9797; spatial_F1: 0.9671
2025-09-09 11:32:06,498 - INFO - temporal_CdAccuracy: 0.6753; temporal_PA: 0.9059; temporal_UA: 0.8701; temporal_F1: 0.8876
2025-09-09 11:32:06,499 - INFO - Confusion Matrix
 [67423.	 2101.	    6.	   54.	  179.]
 [ 1242.	49326.	  101.	  119.	   68.]
 [    2.	  194.	 2035.	    0.	    0.]
 [   39.	   58.	    0.	 1208.	    0.]
 [  196.	  172.	    0.	    0.	 9637.]
2025-09-09 11:32:06,542 - INFO - Epoch 20 saved.
2025-09-09 11:32:06,542 - INFO - model saved 21 times, last saved epoch: 20.

2025-09-09 11:32:09,320 - INFO - Epoch 21, Train loss: 0.08369956910610199.
2025-09-09 11:32:10,154 - INFO - mIoU: 0.9045; OA: 0.967; AA: 0.947; F1: 0.9493; Kappa: 0.9432;
2025-09-09 11:32:10,154 - INFO - spatial_LccAccuracy: 0.8117; spatial_PA: 0.9583; spatial_UA: 0.9775; spatial_F1: 0.9678
2025-09-09 11:32:10,155 - INFO - temporal_CdAccuracy: 0.6825; temporal_PA: 0.9068; temporal_UA: 0.877; temporal_F1: 0.8917
2025-09-09 11:32:10,156 - INFO - Confusion Matrix
 [67299.	 2176.	    6.	   24.	  258.]
 [ 1147.	49434.	   73.	  107.	   95.]
 [    2.	  211.	 2018.	    0.	    0.]
 [   50.	   60.	    0.	 1195.	    0.]
 [   82.	  140.	    0.	    0.	 9783.]
2025-09-09 11:32:10,205 - INFO - Epoch 21 saved.
2025-09-09 11:32:10,206 - INFO - model saved 22 times, last saved epoch: 21.

2025-09-09 11:32:13,141 - INFO - Epoch 22, Train loss: 0.08327548205852509.
2025-09-09 11:32:14,016 - INFO - mIoU: 0.9094; OA: 0.9701; AA: 0.9481; F1: 0.952; Kappa: 0.9483;
2025-09-09 11:32:14,016 - INFO - spatial_LccAccuracy: 0.8408; spatial_PA: 0.9598; spatial_UA: 0.9831; spatial_F1: 0.9713
2025-09-09 11:32:14,017 - INFO - temporal_CdAccuracy: 0.6932; temporal_PA: 0.9108; temporal_UA: 0.8888; temporal_F1: 0.8997
2025-09-09 11:32:14,017 - INFO - Confusion Matrix
 [68485.	 1102.	    4.	   26.	  146.]
 [ 1869.	48721.	   52.	  118.	   96.]
 [    7.	  225.	 1999.	    0.	    0.]
 [   46.	   42.	    0.	 1217.	    0.]
 [  173.	  107.	    0.	    0.	 9725.]
2025-09-09 11:32:14,060 - INFO - Epoch 22 saved.
2025-09-09 11:32:14,061 - INFO - model saved 23 times, last saved epoch: 22.

2025-09-09 11:32:16,862 - INFO - Epoch 23, Train loss: 0.07838048040866852.
2025-09-09 11:32:17,702 - INFO - mIoU: 0.9123; OA: 0.9703; AA: 0.9506; F1: 0.9536; Kappa: 0.9487;
2025-09-09 11:32:17,703 - INFO - spatial_LccAccuracy: 0.8301; spatial_PA: 0.9558; spatial_UA: 0.9831; spatial_F1: 0.9693
2025-09-09 11:32:17,703 - INFO - temporal_CdAccuracy: 0.6954; temporal_PA: 0.9119; temporal_UA: 0.8912; temporal_F1: 0.9015
2025-09-09 11:32:17,704 - INFO - Confusion Matrix
 [68258.	 1339.	    4.	   19.	  143.]
 [ 1653.	48948.	   84.	  105.	   66.]
 [    7.	  180.	 2044.	    0.	    0.]
 [   46.	   52.	    0.	 1207.	    0.]
 [  123.	  166.	    0.	    0.	 9716.]
2025-09-09 11:32:17,745 - INFO - Epoch 23 saved.
2025-09-09 11:32:17,745 - INFO - model saved 24 times, last saved epoch: 23.

2025-09-09 11:32:20,694 - INFO - Epoch 24, Train loss: 0.07798558473587036.
2025-09-09 11:32:21,534 - INFO - mIoU: 0.9133; OA: 0.9712; AA: 0.9559; F1: 0.9542; Kappa: 0.9504;
2025-09-09 11:32:21,535 - INFO - spatial_LccAccuracy: 0.8345; spatial_PA: 0.9622; spatial_UA: 0.9848; spatial_F1: 0.9734
2025-09-09 11:32:21,535 - INFO - temporal_CdAccuracy: 0.6959; temporal_PA: 0.9164; temporal_UA: 0.8868; temporal_F1: 0.9013
2025-09-09 11:32:21,536 - INFO - Confusion Matrix
 [67935.	 1539.	    4.	   34.	  251.]
 [ 1319.	49210.	   87.	   99.	  141.]
 [    6.	  182.	 2043.	    0.	    0.]
 [   35.	   51.	    0.	 1219.	    0.]
 [   23.	   96.	    0.	    0.	 9886.]
2025-09-09 11:32:21,581 - INFO - Epoch 24 saved.
2025-09-09 11:32:21,582 - INFO - model saved 25 times, last saved epoch: 24.

2025-09-09 11:32:24,391 - INFO - Epoch 25, Train loss: 0.07147328555583954.
2025-09-09 11:32:25,248 - INFO - mIoU: 0.9058; OA: 0.9701; AA: 0.943; F1: 0.9499; Kappa: 0.9482;
2025-09-09 11:32:25,248 - INFO - spatial_LccAccuracy: 0.8475; spatial_PA: 0.9728; spatial_UA: 0.9796; spatial_F1: 0.9762
2025-09-09 11:32:25,249 - INFO - temporal_CdAccuracy: 0.686; temporal_PA: 0.9101; temporal_UA: 0.8831; temporal_F1: 0.8964
2025-09-09 11:32:25,249 - INFO - Confusion Matrix
 [68855.	  805.	    4.	    2.	   97.]
 [ 2120.	48439.	  122.	  102.	   73.]
 [    8.	  156.	 2067.	    0.	    0.]
 [  113.	   35.	    0.	 1157.	    0.]
 [  263.	  115.	    0.	    0.	 9627.]
2025-09-09 11:32:25,250 - INFO - model saved 25 times, last saved epoch: 24.

2025-09-09 11:32:28,014 - INFO - Epoch 26, Train loss: 0.06884977221488953.
2025-09-09 11:32:28,866 - INFO - mIoU: 0.919; OA: 0.9738; AA: 0.9579; F1: 0.9573; Kappa: 0.9547;
2025-09-09 11:32:28,866 - INFO - spatial_LccAccuracy: 0.8578; spatial_PA: 0.9618; spatial_UA: 0.9795; spatial_F1: 0.9706
2025-09-09 11:32:28,866 - INFO - temporal_CdAccuracy: 0.7021; temporal_PA: 0.9259; temporal_UA: 0.905; temporal_F1: 0.9153
2025-09-09 11:32:28,866 - INFO - Confusion Matrix
 [68955.	  734.	    5.	   12.	   57.]
 [ 1863.	48676.	  130.	  110.	   77.]
 [   13.	  138.	 2080.	    0.	    0.]
 [   41.	   36.	    0.	 1228.	    0.]
 [  179.	  117.	    0.	    0.	 9709.]
2025-09-09 11:32:28,910 - INFO - Epoch 26 saved.
2025-09-09 11:32:28,911 - INFO - model saved 26 times, last saved epoch: 26.

2025-09-09 11:32:31,724 - INFO - Epoch 27, Train loss: 0.06748074293136597.
2025-09-09 11:32:32,635 - INFO - mIoU: 0.9157; OA: 0.9718; AA: 0.9642; F1: 0.9555; Kappa: 0.9515;
2025-09-09 11:32:32,635 - INFO - spatial_LccAccuracy: 0.8336; spatial_PA: 0.97; spatial_UA: 0.988; spatial_F1: 0.9789
2025-09-09 11:32:32,635 - INFO - temporal_CdAccuracy: 0.6928; temporal_PA: 0.9261; temporal_UA: 0.8855; temporal_F1: 0.9054
2025-09-09 11:32:32,635 - INFO - Confusion Matrix
 [67909.	 1583.	    7.	   16.	  248.]
 [ 1213.	49242.	  200.	  101.	  100.]
 [    3.	  126.	 2102.	    0.	    0.]
 [   35.	   31.	    0.	 1239.	    0.]
 [   19.	  105.	    0.	    0.	 9881.]
2025-09-09 11:32:32,637 - INFO - model saved 26 times, last saved epoch: 26.

2025-09-09 11:32:35,427 - INFO - Epoch 28, Train loss: 0.06553681194782257.
2025-09-09 11:32:36,291 - INFO - mIoU: 0.9195; OA: 0.9723; AA: 0.9584; F1: 0.9576; Kappa: 0.9522;
2025-09-09 11:32:36,291 - INFO - spatial_LccAccuracy: 0.8538; spatial_PA: 0.9633; spatial_UA: 0.9851; spatial_F1: 0.9741
2025-09-09 11:32:36,292 - INFO - temporal_CdAccuracy: 0.6972; temporal_PA: 0.9209; temporal_UA: 0.9003; temporal_F1: 0.9105
2025-09-09 11:32:36,293 - INFO - Confusion Matrix
 [69159.	  487.	    6.	   14.	   97.]
 [ 2384.	48140.	  157.	   82.	   93.]
 [    5.	  137.	 2089.	    0.	    0.]
 [   32.	   54.	    0.	 1219.	    0.]
 [   51.	  111.	    0.	    0.	 9843.]
2025-09-09 11:32:36,335 - INFO - Epoch 28 saved.
2025-09-09 11:32:36,335 - INFO - model saved 27 times, last saved epoch: 28.

2025-09-09 11:32:39,213 - INFO - Epoch 29, Train loss: 0.06299682706594467.
2025-09-09 11:32:40,027 - INFO - mIoU: 0.924; OA: 0.976; AA: 0.9592; F1: 0.96; Kappa: 0.9585;
2025-09-09 11:32:40,028 - INFO - spatial_LccAccuracy: 0.877; spatial_PA: 0.9766; spatial_UA: 0.9867; spatial_F1: 0.9816
2025-09-09 11:32:40,028 - INFO - temporal_CdAccuracy: 0.7124; temporal_PA: 0.934; temporal_UA: 0.9134; temporal_F1: 0.9236
2025-09-09 11:32:40,028 - INFO - Confusion Matrix
 [68913.	  743.	    6.	    4.	   97.]
 [ 1663.	48882.	  117.	   94.	  100.]
 [    6.	  144.	 2081.	    0.	    0.]
 [   58.	   33.	    0.	 1214.	    0.]
 [   75.	   83.	    0.	    0.	 9847.]
2025-09-09 11:32:40,071 - INFO - Epoch 29 saved.
2025-09-09 11:32:40,072 - INFO - model saved 28 times, last saved epoch: 29.

2025-09-09 11:32:42,893 - INFO - Epoch 30, Train loss: 0.06050846353173256.
2025-09-09 11:32:43,721 - INFO - mIoU: 0.9242; OA: 0.9754; AA: 0.9511; F1: 0.96; Kappa: 0.9576;
2025-09-09 11:32:43,722 - INFO - spatial_LccAccuracy: 0.8596; spatial_PA: 0.9699; spatial_UA: 0.9838; spatial_F1: 0.9768
2025-09-09 11:32:43,722 - INFO - temporal_CdAccuracy: 0.6932; temporal_PA: 0.9304; temporal_UA: 0.9075; temporal_F1: 0.9188
2025-09-09 11:32:43,723 - INFO - Confusion Matrix
 [68062.	 1601.	    4.	   13.	   83.]
 [  976.	49684.	   88.	   36.	   72.]
 [    3.	  157.	 2071.	    0.	    0.]
 [   24.	  124.	    0.	 1157.	    0.]
 [   14.	  106.	    0.	    0.	 9885.]
2025-09-09 11:32:43,768 - INFO - Epoch 30 saved.
2025-09-09 11:32:43,768 - INFO - model saved 29 times, last saved epoch: 30.

2025-09-09 11:32:46,551 - INFO - Epoch 31, Train loss: 0.060472168028354645.
2025-09-09 11:32:47,399 - INFO - mIoU: 0.9237; OA: 0.9763; AA: 0.9454; F1: 0.9597; Kappa: 0.9591;
2025-09-09 11:32:47,399 - INFO - spatial_LccAccuracy: 0.8734; spatial_PA: 0.9706; spatial_UA: 0.979; spatial_F1: 0.9748
2025-09-09 11:32:47,399 - INFO - temporal_CdAccuracy: 0.7089; temporal_PA: 0.9273; temporal_UA: 0.916; temporal_F1: 0.9216
2025-09-09 11:32:47,400 - INFO - Confusion Matrix
 [68393.	 1281.	    4.	    3.	   82.]
 [ 1167.	49532.	   61.	   26.	   70.]
 [    4.	  167.	 2060.	    0.	    0.]
 [   36.	  143.	    0.	 1126.	    0.]
 [   26.	  111.	    0.	    0.	 9868.]
2025-09-09 11:32:47,401 - INFO - model saved 29 times, last saved epoch: 30.

2025-09-09 11:32:50,174 - INFO - Epoch 32, Train loss: 0.05789745971560478.
2025-09-09 11:32:51,025 - INFO - mIoU: 0.9315; OA: 0.9774; AA: 0.965; F1: 0.9642; Kappa: 0.9609;
2025-09-09 11:32:51,025 - INFO - spatial_LccAccuracy: 0.8873; spatial_PA: 0.9726; spatial_UA: 0.9866; spatial_F1: 0.9796
2025-09-09 11:32:51,025 - INFO - temporal_CdAccuracy: 0.7241; temporal_PA: 0.9356; temporal_UA: 0.9196; temporal_F1: 0.9275
2025-09-09 11:32:51,026 - INFO - Confusion Matrix
 [69054.	  641.	    2.	   12.	   54.]
 [ 1708.	48892.	   97.	   98.	   61.]
 [    7.	  147.	 2077.	    0.	    0.]
 [   28.	   27.	    0.	 1250.	    0.]
 [   35.	  118.	    0.	    0.	 9852.]
2025-09-09 11:32:51,073 - INFO - Epoch 32 saved.
2025-09-09 11:32:51,074 - INFO - model saved 30 times, last saved epoch: 32.

2025-09-09 11:32:53,886 - INFO - Epoch 33, Train loss: 0.055375199764966965.
2025-09-09 11:32:54,736 - INFO - mIoU: 0.9298; OA: 0.9779; AA: 0.9496; F1: 0.9631; Kappa: 0.9618;
2025-09-09 11:32:54,736 - INFO - spatial_LccAccuracy: 0.8784; spatial_PA: 0.98; spatial_UA: 0.9846; spatial_F1: 0.9823
2025-09-09 11:32:54,736 - INFO - temporal_CdAccuracy: 0.7021; temporal_PA: 0.9306; temporal_UA: 0.9162; temporal_F1: 0.9233
2025-09-09 11:32:54,737 - INFO - Confusion Matrix
 [68589.	 1149.	    2.	    2.	   21.]
 [ 1175.	49507.	   65.	   23.	   86.]
 [    8.	  160.	 2063.	    0.	    0.]
 [   69.	   89.	    0.	 1147.	    0.]
 [   24.	   97.	    0.	    0.	 9884.]
2025-09-09 11:32:54,738 - INFO - model saved 30 times, last saved epoch: 32.

2025-09-09 11:32:57,531 - INFO - Epoch 34, Train loss: 0.05353767052292824.
2025-09-09 11:32:58,385 - INFO - mIoU: 0.9308; OA: 0.9778; AA: 0.9706; F1: 0.9637; Kappa: 0.9616;
2025-09-09 11:32:58,385 - INFO - spatial_LccAccuracy: 0.8828; spatial_PA: 0.9793; spatial_UA: 0.9894; spatial_F1: 0.9844
2025-09-09 11:32:58,385 - INFO - temporal_CdAccuracy: 0.7138; temporal_PA: 0.9395; temporal_UA: 0.9223; temporal_F1: 0.9308
2025-09-09 11:32:58,386 - INFO - Confusion Matrix
 [69012.	  662.	    5.	    9.	   75.]
 [ 1611.	48888.	  166.	  103.	   88.]
 [    7.	  112.	 2112.	    0.	    0.]
 [   27.	   18.	    0.	 1260.	    0.]
 [    4.	   95.	    0.	    0.	 9906.]
2025-09-09 11:32:58,387 - INFO - model saved 30 times, last saved epoch: 32.

2025-09-09 11:33:01,302 - INFO - Epoch 35, Train loss: 0.0545160137116909.
2025-09-09 11:33:02,122 - INFO - mIoU: 0.9347; OA: 0.9785; AA: 0.9614; F1: 0.9659; Kappa: 0.9629;
2025-09-09 11:33:02,123 - INFO - spatial_LccAccuracy: 0.8873; spatial_PA: 0.9808; spatial_UA: 0.9839; spatial_F1: 0.9824
2025-09-09 11:33:02,123 - INFO - temporal_CdAccuracy: 0.7115; temporal_PA: 0.9383; temporal_UA: 0.919; temporal_F1: 0.9286
2025-09-09 11:33:02,124 - INFO - Confusion Matrix
 [68702.	  990.	    2.	    2.	   67.]
 [ 1241.	49392.	  103.	   51.	   69.]
 [   16.	  148.	 2067.	    0.	    0.]
 [   50.	   34.	    0.	 1221.	    0.]
 [   11.	  102.	    0.	    0.	 9892.]
2025-09-09 11:33:02,164 - INFO - Epoch 35 saved.
2025-09-09 11:33:02,165 - INFO - model saved 31 times, last saved epoch: 35.

2025-09-09 11:33:04,914 - INFO - Epoch 36, Train loss: 0.050685130059719086.
2025-09-09 11:33:05,755 - INFO - mIoU: 0.9403; OA: 0.9784; AA: 0.963; F1: 0.969; Kappa: 0.9627;
2025-09-09 11:33:05,756 - INFO - spatial_LccAccuracy: 0.8886; spatial_PA: 0.9771; spatial_UA: 0.9848; spatial_F1: 0.9809
2025-09-09 11:33:05,756 - INFO - temporal_CdAccuracy: 0.708; temporal_PA: 0.9392; temporal_UA: 0.9127; temporal_F1: 0.9258
2025-09-09 11:33:05,757 - INFO - Confusion Matrix
 [68445.	 1263.	    2.	    3.	   50.]
 [ 1046.	49636.	   72.	   37.	   65.]
 [    9.	  144.	 2078.	    0.	    0.]
 [   26.	   53.	    0.	 1226.	    0.]
 [   16.	  113.	    0.	    0.	 9876.]
2025-09-09 11:33:05,800 - INFO - Epoch 36 saved.
2025-09-09 11:33:05,801 - INFO - model saved 32 times, last saved epoch: 36.

2025-09-09 11:33:08,485 - INFO - Epoch 37, Train loss: 0.050033338367938995.
2025-09-09 11:33:09,363 - INFO - mIoU: 0.9408; OA: 0.9798; AA: 0.9655; F1: 0.9692; Kappa: 0.9652;
2025-09-09 11:33:09,364 - INFO - spatial_LccAccuracy: 0.8958; spatial_PA: 0.9787; spatial_UA: 0.9873; spatial_F1: 0.983
2025-09-09 11:33:09,364 - INFO - temporal_CdAccuracy: 0.7267; temporal_PA: 0.9468; temporal_UA: 0.9291; temporal_F1: 0.9379
2025-09-09 11:33:09,365 - INFO - Confusion Matrix
 [68867.	  828.	    3.	    4.	   61.]
 [ 1272.	49398.	   83.	   51.	   52.]
 [    4.	  139.	 2088.	    0.	    0.]
 [   37.	   32.	    0.	 1236.	    0.]
 [   16.	  126.	    0.	    0.	 9863.]
2025-09-09 11:33:09,422 - INFO - Epoch 37 saved.
2025-09-09 11:33:09,422 - INFO - model saved 33 times, last saved epoch: 37.

2025-09-09 11:33:12,306 - INFO - Epoch 38, Train loss: 0.05006413906812668.
2025-09-09 11:33:13,160 - INFO - mIoU: 0.937; OA: 0.9796; AA: 0.971; F1: 0.9671; Kappa: 0.9647;
2025-09-09 11:33:13,161 - INFO - spatial_LccAccuracy: 0.9003; spatial_PA: 0.9764; spatial_UA: 0.9897; spatial_F1: 0.983
2025-09-09 11:33:13,161 - INFO - temporal_CdAccuracy: 0.7254; temporal_PA: 0.9489; temporal_UA: 0.9286; temporal_F1: 0.9386
2025-09-09 11:33:13,162 - INFO - Confusion Matrix
 [69120.	  582.	    4.	   16.	   41.]
 [ 1536.	49046.	   92.	  105.	   77.]
 [    6.	  132.	 2093.	    0.	    0.]
 [   17.	   18.	    0.	 1270.	    0.]
 [   21.	   93.	    0.	    0.	 9891.]
2025-09-09 11:33:13,163 - INFO - model saved 33 times, last saved epoch: 37.

2025-09-09 11:33:15,993 - INFO - Epoch 39, Train loss: 0.047379884868860245.
2025-09-09 11:33:16,842 - INFO - mIoU: 0.9362; OA: 0.9797; AA: 0.9709; F1: 0.9667; Kappa: 0.9649;
2025-09-09 11:33:16,842 - INFO - spatial_LccAccuracy: 0.8958; spatial_PA: 0.9734; spatial_UA: 0.9858; spatial_F1: 0.9796
2025-09-09 11:33:16,842 - INFO - temporal_CdAccuracy: 0.7308; temporal_PA: 0.9479; temporal_UA: 0.9303; temporal_F1: 0.939
2025-09-09 11:33:16,843 - INFO - Confusion Matrix
 [68977.	  720.	    5.	   24.	   37.]
 [ 1376.	49221.	   81.	  109.	   69.]
 [    3.	  145.	 2083.	    0.	    0.]
 [   14.	   16.	    0.	 1275.	    0.]
 [   27.	  100.	    0.	    0.	 9878.]
2025-09-09 11:33:16,844 - INFO - model saved 33 times, last saved epoch: 37.

2025-09-09 11:33:19,721 - INFO - Epoch 40, Train loss: 0.047850102186203.
2025-09-09 11:33:20,673 - INFO - mIoU: 0.9378; OA: 0.9786; AA: 0.965; F1: 0.9676; Kappa: 0.9631;
2025-09-09 11:33:20,673 - INFO - spatial_LccAccuracy: 0.8851; spatial_PA: 0.9758; spatial_UA: 0.9875; spatial_F1: 0.9816
2025-09-09 11:33:20,674 - INFO - temporal_CdAccuracy: 0.7129; temporal_PA: 0.9404; temporal_UA: 0.9205; temporal_F1: 0.9303
2025-09-09 11:33:20,675 - INFO - Confusion Matrix
 [68234.	 1438.	    5.	   14.	   72.]
 [  809.	49840.	  118.	   29.	   60.]
 [    2.	  122.	 2107.	    0.	    0.]
 [   13.	   73.	    0.	 1219.	    0.]
 [    1.	  116.	    0.	    0.	 9888.]
2025-09-09 11:33:20,675 - INFO - model saved 33 times, last saved epoch: 37.

2025-09-09 11:33:23,519 - INFO - Epoch 41, Train loss: 0.04703853279352188.
2025-09-09 11:33:24,434 - INFO - mIoU: 0.9389; OA: 0.9793; AA: 0.9718; F1: 0.9682; Kappa: 0.9643;
2025-09-09 11:33:24,435 - INFO - spatial_LccAccuracy: 0.8989; spatial_PA: 0.9764; spatial_UA: 0.9897; spatial_F1: 0.983
2025-09-09 11:33:24,435 - INFO - temporal_CdAccuracy: 0.7326; temporal_PA: 0.95; temporal_UA: 0.9357; temporal_F1: 0.9428
2025-09-09 11:33:24,436 - INFO - Confusion Matrix
 [69077.	  605.	    8.	    9.	   64.]
 [ 1528.	49011.	  172.	   49.	   96.]
 [    1.	  111.	 2119.	    0.	    0.]
 [   17.	   30.	    0.	 1258.	    0.]
 [    1.	   84.	    0.	    0.	 9920.]
2025-09-09 11:33:24,437 - INFO - model saved 33 times, last saved epoch: 37.

2025-09-09 11:33:27,210 - INFO - Epoch 42, Train loss: 0.044490184634923935.
2025-09-09 11:33:28,097 - INFO - mIoU: 0.9428; OA: 0.9805; AA: 0.9731; F1: 0.9703; Kappa: 0.9664;
2025-09-09 11:33:28,098 - INFO - spatial_LccAccuracy: 0.8967; spatial_PA: 0.9812; spatial_UA: 0.993; spatial_F1: 0.9871
2025-09-09 11:33:28,098 - INFO - temporal_CdAccuracy: 0.7236; temporal_PA: 0.953; temporal_UA: 0.9319; temporal_F1: 0.9423
2025-09-09 11:33:28,099 - INFO - Confusion Matrix
 [68832.	  845.	    5.	   10.	   71.]
 [ 1174.	49419.	  118.	   62.	   83.]
 [    3.	  113.	 2115.	    0.	    0.]
 [   19.	   23.	    0.	 1263.	    0.]
 [    0.	   85.	    0.	    0.	 9920.]
2025-09-09 11:33:28,149 - INFO - Epoch 42 saved.
2025-09-09 11:33:28,149 - INFO - model saved 34 times, last saved epoch: 42.

2025-09-09 11:33:31,079 - INFO - Epoch 43, Train loss: 0.043116338551044464.
2025-09-09 11:33:32,006 - INFO - mIoU: 0.9374; OA: 0.9794; AA: 0.965; F1: 0.9673; Kappa: 0.9645;
2025-09-09 11:33:32,007 - INFO - spatial_LccAccuracy: 0.8962; spatial_PA: 0.9765; spatial_UA: 0.9827; spatial_F1: 0.9796
2025-09-09 11:33:32,007 - INFO - temporal_CdAccuracy: 0.7236; temporal_PA: 0.9469; temporal_UA: 0.9325; temporal_F1: 0.9396
2025-09-09 11:33:32,008 - INFO - Confusion Matrix
 [69139.	  565.	    3.	    3.	   53.]
 [ 1564.	49074.	  132.	   51.	   35.]
 [   14.	  106.	 2111.	    0.	    0.]
 [   64.	   17.	    0.	 1224.	    0.]
 [   24.	  127.	    0.	    0.	 9854.]
2025-09-09 11:33:32,009 - INFO - model saved 34 times, last saved epoch: 42.

2025-09-09 11:33:34,761 - INFO - Epoch 44, Train loss: 0.044438935816287994.
2025-09-09 11:33:35,615 - INFO - mIoU: 0.9306; OA: 0.9795; AA: 0.9735; F1: 0.9636; Kappa: 0.9646;
2025-09-09 11:33:35,615 - INFO - spatial_LccAccuracy: 0.8877; spatial_PA: 0.9763; spatial_UA: 0.9856; spatial_F1: 0.9809
2025-09-09 11:33:35,615 - INFO - temporal_CdAccuracy: 0.7285; temporal_PA: 0.9501; temporal_UA: 0.9298; temporal_F1: 0.9398
2025-09-09 11:33:35,616 - INFO - Confusion Matrix
 [68941.	  774.	    5.	   15.	   28.]
 [ 1243.	49273.	  155.	  142.	   43.]
 [    2.	  107.	 2122.	    0.	    0.]
 [   18.	    7.	    0.	 1280.	    0.]
 [   89.	  124.	    0.	    2.	 9790.]
2025-09-09 11:33:35,617 - INFO - model saved 34 times, last saved epoch: 42.

2025-09-09 11:33:38,543 - INFO - Epoch 45, Train loss: 0.041390202939510345.
2025-09-09 11:33:39,384 - INFO - mIoU: 0.9349; OA: 0.9786; AA: 0.9738; F1: 0.966; Kappa: 0.9631;
2025-09-09 11:33:39,384 - INFO - spatial_LccAccuracy: 0.8864; spatial_PA: 0.9848; spatial_UA: 0.9803; spatial_F1: 0.9825
2025-09-09 11:33:39,384 - INFO - temporal_CdAccuracy: 0.7169; temporal_PA: 0.9498; temporal_UA: 0.928; temporal_F1: 0.9388
2025-09-09 11:33:39,385 - INFO - Confusion Matrix
 [68356.	 1352.	    6.	    9.	   40.]
 [  849.	49665.	  197.	   81.	   64.]
 [    1.	  102.	 2128.	    0.	    0.]
 [   22.	   14.	    0.	 1269.	    0.]
 [   24.	  113.	    0.	    0.	 9868.]
2025-09-09 11:33:39,385 - INFO - model saved 34 times, last saved epoch: 42.

2025-09-09 11:33:42,240 - INFO - Epoch 46, Train loss: 0.042160458862781525.
2025-09-09 11:33:43,090 - INFO - mIoU: 0.9444; OA: 0.981; AA: 0.967; F1: 0.9712; Kappa: 0.9673;
2025-09-09 11:33:43,090 - INFO - spatial_LccAccuracy: 0.907; spatial_PA: 0.979; spatial_UA: 0.9884; spatial_F1: 0.9837
2025-09-09 11:33:43,090 - INFO - temporal_CdAccuracy: 0.7339; temporal_PA: 0.9538; temporal_UA: 0.939; temporal_F1: 0.9463
2025-09-09 11:33:43,091 - INFO - Confusion Matrix
 [68870.	  837.	    5.	    8.	   43.]
 [ 1145.	49504.	  101.	   21.	   85.]
 [    1.	  117.	 2113.	    0.	    0.]
 [   18.	   64.	    0.	 1223.	    0.]
 [   12.	   88.	    0.	    0.	 9905.]
2025-09-09 11:33:43,137 - INFO - Epoch 46 saved.
2025-09-09 11:33:43,138 - INFO - model saved 35 times, last saved epoch: 46.

2025-09-09 11:33:45,942 - INFO - Epoch 47, Train loss: 0.04024893045425415.
2025-09-09 11:33:46,804 - INFO - mIoU: 0.9427; OA: 0.981; AA: 0.9641; F1: 0.9702; Kappa: 0.9672;
2025-09-09 11:33:46,804 - INFO - spatial_LccAccuracy: 0.9074; spatial_PA: 0.9806; spatial_UA: 0.9868; spatial_F1: 0.9837
2025-09-09 11:33:46,804 - INFO - temporal_CdAccuracy: 0.7361; temporal_PA: 0.9548; temporal_UA: 0.9359; temporal_F1: 0.9452
2025-09-09 11:33:46,805 - INFO - Confusion Matrix
 [69233.	  488.	    4.	    3.	   35.]
 [ 1478.	49191.	  107.	   22.	   58.]
 [   10.	  124.	 2097.	    0.	    0.]
 [   41.	   45.	    0.	 1219.	    0.]
 [   22.	  108.	    0.	    0.	 9875.]
2025-09-09 11:33:46,806 - INFO - model saved 35 times, last saved epoch: 46.

2025-09-09 11:33:49,633 - INFO - Epoch 48, Train loss: 0.03922863304615021.
2025-09-09 11:33:50,449 - INFO - mIoU: 0.9442; OA: 0.9799; AA: 0.9639; F1: 0.9711; Kappa: 0.9654;
2025-09-09 11:33:50,449 - INFO - spatial_LccAccuracy: 0.8958; spatial_PA: 0.9776; spatial_UA: 0.983; spatial_F1: 0.9803
2025-09-09 11:33:50,449 - INFO - temporal_CdAccuracy: 0.7218; temporal_PA: 0.9456; temporal_UA: 0.9276; temporal_F1: 0.9365
2025-09-09 11:33:50,450 - INFO - Confusion Matrix
 [68316.	 1407.	    5.	   12.	   23.]
 [  775.	49937.	   56.	   19.	   69.]
 [    1.	  152.	 2078.	    0.	    0.]
 [   11.	   72.	    0.	 1222.	    0.]
 [    0.	   93.	    0.	    0.	 9912.]
2025-09-09 11:33:50,451 - INFO - model saved 35 times, last saved epoch: 46.

2025-09-09 11:33:53,258 - INFO - Epoch 49, Train loss: 0.038927193731069565.
2025-09-09 11:33:54,134 - INFO - mIoU: 0.9422; OA: 0.9814; AA: 0.9577; F1: 0.9699; Kappa: 0.9679;
2025-09-09 11:33:54,135 - INFO - spatial_LccAccuracy: 0.9021; spatial_PA: 0.9772; spatial_UA: 0.9889; spatial_F1: 0.983
2025-09-09 11:33:54,135 - INFO - temporal_CdAccuracy: 0.7272; temporal_PA: 0.947; temporal_UA: 0.9293; temporal_F1: 0.938
2025-09-09 11:33:54,136 - INFO - Confusion Matrix
 [68820.	  886.	    0.	    4.	   53.]
 [ 1036.	49694.	   28.	   17.	   81.]
 [    2.	  204.	 2025.	    0.	    0.]
 [   19.	   78.	    0.	 1208.	    0.]
 [    0.	   87.	    0.	    0.	 9918.]
2025-09-09 11:33:54,137 - INFO - model saved 35 times, last saved epoch: 46.

2025-09-09 11:33:57,047 - INFO - Epoch 50, Train loss: 0.03754155710339546.
2025-09-09 11:33:57,905 - INFO - mIoU: 0.9375; OA: 0.9807; AA: 0.9533; F1: 0.9674; Kappa: 0.9667;
2025-09-09 11:33:57,905 - INFO - spatial_LccAccuracy: 0.8994; spatial_PA: 0.9814; spatial_UA: 0.986; spatial_F1: 0.9837
2025-09-09 11:33:57,906 - INFO - temporal_CdAccuracy: 0.7232; temporal_PA: 0.9475; temporal_UA: 0.9282; temporal_F1: 0.9377
2025-09-09 11:33:57,906 - INFO - Confusion Matrix
 [68624.	 1109.	    2.	    2.	   26.]
 [  879.	49886.	   54.	   12.	   25.]
 [    2.	  169.	 2060.	    0.	    0.]
 [   32.	  104.	    0.	 1169.	    0.]
 [    0.	  173.	    0.	    0.	 9832.]
2025-09-09 11:33:57,907 - INFO - model saved 35 times, last saved epoch: 46.

2025-09-09 11:34:00,670 - INFO - Epoch 51, Train loss: 0.03671664744615555.
2025-09-09 11:34:01,487 - INFO - mIoU: 0.9489; OA: 0.9814; AA: 0.9721; F1: 0.9736; Kappa: 0.9679;
2025-09-09 11:34:01,487 - INFO - spatial_LccAccuracy: 0.9074; spatial_PA: 0.986; spatial_UA: 0.9883; spatial_F1: 0.9871
2025-09-09 11:34:01,487 - INFO - temporal_CdAccuracy: 0.7267; temporal_PA: 0.9572; temporal_UA: 0.9376; temporal_F1: 0.9473
2025-09-09 11:34:01,488 - INFO - Confusion Matrix
 [68729.	  967.	    3.	    5.	   59.]
 [  986.	49635.	   81.	   34.	  120.]
 [    3.	  125.	 2103.	    0.	    0.]
 [   25.	   20.	    0.	 1258.	    2.]
 [    2.	   69.	    0.	    0.	 9934.]
2025-09-09 11:34:01,530 - INFO - Epoch 51 saved.
2025-09-09 11:34:01,531 - INFO - model saved 36 times, last saved epoch: 51.

2025-09-09 11:34:04,303 - INFO - Epoch 52, Train loss: 0.03653053939342499.
2025-09-09 11:34:05,135 - INFO - mIoU: 0.9407; OA: 0.9814; AA: 0.9561; F1: 0.9691; Kappa: 0.9678;
2025-09-09 11:34:05,135 - INFO - spatial_LccAccuracy: 0.9007; spatial_PA: 0.9839; spatial_UA: 0.9917; spatial_F1: 0.9878
2025-09-09 11:34:05,135 - INFO - temporal_CdAccuracy: 0.7303; temporal_PA: 0.9567; temporal_UA: 0.9329; temporal_F1: 0.9446
2025-09-09 11:34:05,136 - INFO - Confusion Matrix
 [68937.	  775.	    0.	    9.	   42.]
 [ 1146.	49588.	   27.	   15.	   80.]
 [   15.	  197.	 2019.	    0.	    0.]
 [   17.	   85.	    0.	 1203.	    0.]
 [    0.	   93.	    0.	    0.	 9912.]
2025-09-09 11:34:05,137 - INFO - model saved 36 times, last saved epoch: 51.

2025-09-09 11:34:07,917 - INFO - Epoch 53, Train loss: 0.03635462373495102.
2025-09-09 11:34:08,776 - INFO - mIoU: 0.9455; OA: 0.9818; AA: 0.9604; F1: 0.9718; Kappa: 0.9686;
2025-09-09 11:34:08,776 - INFO - spatial_LccAccuracy: 0.9114; spatial_PA: 0.9769; spatial_UA: 0.9878; spatial_F1: 0.9823
2025-09-09 11:34:08,776 - INFO - temporal_CdAccuracy: 0.7352; temporal_PA: 0.9565; temporal_UA: 0.9398; temporal_F1: 0.9481
2025-09-09 11:34:08,777 - INFO - Confusion Matrix
 [68839.	  885.	    1.	    3.	   35.]
 [ 1018.	49726.	   26.	   18.	   68.]
 [    4.	  194.	 2032.	    1.	    0.]
 [   24.	   58.	    0.	 1223.	    0.]
 [    0.	  104.	    0.	    0.	 9901.]
2025-09-09 11:34:08,778 - INFO - model saved 36 times, last saved epoch: 51.

2025-09-09 11:34:11,524 - INFO - Epoch 54, Train loss: 0.0357392281293869.
2025-09-09 11:34:12,431 - INFO - mIoU: 0.9481; OA: 0.9814; AA: 0.9683; F1: 0.9732; Kappa: 0.9678;
2025-09-09 11:34:12,431 - INFO - spatial_LccAccuracy: 0.9092; spatial_PA: 0.9804; spatial_UA: 0.9897; spatial_F1: 0.985
2025-09-09 11:34:12,431 - INFO - temporal_CdAccuracy: 0.7285; temporal_PA: 0.9554; temporal_UA: 0.9336; temporal_F1: 0.9444
2025-09-09 11:34:12,432 - INFO - Confusion Matrix
 [69302.	  424.	    2.	    3.	   32.]
 [ 1566.	49100.	  102.	   16.	   72.]
 [    2.	  108.	 2121.	    0.	    0.]
 [   32.	   44.	    0.	 1229.	    0.]
 [    2.	   95.	    0.	    0.	 9908.]
2025-09-09 11:34:12,432 - INFO - model saved 36 times, last saved epoch: 51.

2025-09-09 11:34:15,383 - INFO - Epoch 55, Train loss: 0.03452760726213455.
2025-09-09 11:34:16,244 - INFO - mIoU: 0.948; OA: 0.9824; AA: 0.9672; F1: 0.9731; Kappa: 0.9696;
2025-09-09 11:34:16,244 - INFO - spatial_LccAccuracy: 0.9146; spatial_PA: 0.9804; spatial_UA: 0.9897; spatial_F1: 0.985
2025-09-09 11:34:16,244 - INFO - temporal_CdAccuracy: 0.7402; temporal_PA: 0.9569; temporal_UA: 0.9422; temporal_F1: 0.9495
2025-09-09 11:34:16,245 - INFO - Confusion Matrix
 [68957.	  751.	    4.	    3.	   48.]
 [ 1090.	49601.	   94.	   12.	   59.]
 [    2.	  113.	 2116.	    0.	    0.]
 [   20.	   66.	    0.	 1219.	    0.]
 [    0.	  105.	    0.	    0.	 9900.]
2025-09-09 11:34:16,246 - INFO - model saved 36 times, last saved epoch: 51.

2025-09-09 11:34:19,110 - INFO - Epoch 56, Train loss: 0.033582668751478195.
2025-09-09 11:34:20,040 - INFO - mIoU: 0.9493; OA: 0.982; AA: 0.9682; F1: 0.9739; Kappa: 0.969;
2025-09-09 11:34:20,041 - INFO - spatial_LccAccuracy: 0.9119; spatial_PA: 0.982; spatial_UA: 0.9882; spatial_F1: 0.985
2025-09-09 11:34:20,041 - INFO - temporal_CdAccuracy: 0.733; temporal_PA: 0.9542; temporal_UA: 0.9366; temporal_F1: 0.9453
2025-09-09 11:34:20,042 - INFO - Confusion Matrix
 [69009.	  698.	    2.	    2.	   52.]
 [ 1197.	49485.	   45.	   34.	   95.]
 [    3.	  137.	 2091.	    0.	    0.]
 [   54.	   12.	    0.	 1239.	    0.]
 [    4.	   77.	    0.	    0.	 9924.]
2025-09-09 11:34:20,085 - INFO - Epoch 56 saved.
2025-09-09 11:34:20,085 - INFO - model saved 37 times, last saved epoch: 56.

2025-09-09 11:34:22,819 - INFO - Epoch 57, Train loss: 0.03399411588907242.
2025-09-09 11:34:23,654 - INFO - mIoU: 0.9508; OA: 0.9827; AA: 0.9711; F1: 0.9746; Kappa: 0.9702;
2025-09-09 11:34:23,654 - INFO - spatial_LccAccuracy: 0.915; spatial_PA: 0.9812; spatial_UA: 0.9889; spatial_F1: 0.985
2025-09-09 11:34:23,654 - INFO - temporal_CdAccuracy: 0.7419; temporal_PA: 0.9569; temporal_UA: 0.9402; temporal_F1: 0.9485
2025-09-09 11:34:23,655 - INFO - Confusion Matrix
 [68944.	  776.	    4.	    3.	   36.]
 [ 1038.	49626.	  102.	   16.	   74.]
 [    2.	  114.	 2115.	    0.	    0.]
 [   23.	   39.	    0.	 1243.	    0.]
 [    0.	   91.	    0.	    0.	 9914.]
2025-09-09 11:34:23,717 - INFO - Epoch 57 saved.
2025-09-09 11:34:23,718 - INFO - model saved 38 times, last saved epoch: 57.

2025-09-09 11:34:26,510 - INFO - Epoch 58, Train loss: 0.032756853848695755.
2025-09-09 11:34:27,328 - INFO - mIoU: 0.953; OA: 0.9831; AA: 0.972; F1: 0.9758; Kappa: 0.9708;
2025-09-09 11:34:27,329 - INFO - spatial_LccAccuracy: 0.9141; spatial_PA: 0.9812; spatial_UA: 0.9889; spatial_F1: 0.985
2025-09-09 11:34:27,329 - INFO - temporal_CdAccuracy: 0.7437; temporal_PA: 0.9562; temporal_UA: 0.9429; temporal_F1: 0.9495
2025-09-09 11:34:27,330 - INFO - Confusion Matrix
 [68959.	  766.	    2.	    4.	   32.]
 [ 1021.	49674.	   75.	   24.	   62.]
 [    2.	  123.	 2106.	    0.	    0.]
 [   20.	   30.	    0.	 1255.	    0.]
 [    8.	  102.	    0.	    0.	 9895.]
2025-09-09 11:34:27,371 - INFO - Epoch 58 saved.
2025-09-09 11:34:27,372 - INFO - model saved 39 times, last saved epoch: 58.

2025-09-09 11:34:30,177 - INFO - Epoch 59, Train loss: 0.03135741129517555.
2025-09-09 11:34:31,009 - INFO - mIoU: 0.9466; OA: 0.9827; AA: 0.9652; F1: 0.9724; Kappa: 0.9701;
2025-09-09 11:34:31,010 - INFO - spatial_LccAccuracy: 0.9106; spatial_PA: 0.979; spatial_UA: 0.9884; spatial_F1: 0.9837
2025-09-09 11:34:31,010 - INFO - temporal_CdAccuracy: 0.7384; temporal_PA: 0.9563; temporal_UA: 0.9403; temporal_F1: 0.9482
2025-09-09 11:34:31,011 - INFO - Confusion Matrix
 [68816.	  889.	    2.	    5.	   51.]
 [  896.	49781.	   75.	   13.	   91.]
 [    2.	  117.	 2112.	    0.	    0.]
 [   17.	   84.	    0.	 1204.	    0.]
 [    3.	   82.	    0.	    0.	 9920.]
2025-09-09 11:34:31,012 - INFO - model saved 39 times, last saved epoch: 58.

2025-09-09 11:34:33,815 - INFO - Epoch 60, Train loss: 0.031395405530929565.
2025-09-09 11:34:34,643 - INFO - mIoU: 0.9517; OA: 0.9829; AA: 0.9769; F1: 0.9751; Kappa: 0.9704;
2025-09-09 11:34:34,644 - INFO - spatial_LccAccuracy: 0.9177; spatial_PA: 0.9847; spatial_UA: 0.9909; spatial_F1: 0.9878
2025-09-09 11:34:34,644 - INFO - temporal_CdAccuracy: 0.7411; temporal_PA: 0.96; temporal_UA: 0.9405; temporal_F1: 0.9501
2025-09-09 11:34:34,645 - INFO - Confusion Matrix
 [69031.	  657.	    2.	    9.	   64.]
 [ 1097.	49477.	  113.	   30.	  139.]
 [    3.	  105.	 2123.	    0.	    0.]
 [   17.	   15.	    0.	 1273.	    0.]
 [    2.	   47.	    0.	    0.	 9956.]
2025-09-09 11:34:34,646 - INFO - model saved 39 times, last saved epoch: 58.

2025-09-09 11:34:37,440 - INFO - Epoch 61, Train loss: 0.03148265555500984.
2025-09-09 11:34:38,297 - INFO - mIoU: 0.9504; OA: 0.9826; AA: 0.9768; F1: 0.9744; Kappa: 0.9699;
2025-09-09 11:34:38,298 - INFO - spatial_LccAccuracy: 0.9159; spatial_PA: 0.9812; spatial_UA: 0.993; spatial_F1: 0.9871
2025-09-09 11:34:38,298 - INFO - temporal_CdAccuracy: 0.7446; temporal_PA: 0.9614; temporal_UA: 0.9447; temporal_F1: 0.9529
2025-09-09 11:34:38,298 - INFO - Confusion Matrix
 [69219.	  468.	    2.	   10.	   64.]
 [ 1328.	49278.	   52.	   75.	  123.]
 [    2.	  134.	 2095.	    0.	    0.]
 [    9.	    3.	    0.	 1293.	    0.]
 [    5.	   64.	    0.	    0.	 9936.]
2025-09-09 11:34:38,299 - INFO - model saved 39 times, last saved epoch: 58.

2025-09-09 11:34:41,016 - INFO - Epoch 62, Train loss: 0.030662253499031067.
2025-09-09 11:34:41,810 - INFO - mIoU: 0.9507; OA: 0.9827; AA: 0.9703; F1: 0.9746; Kappa: 0.9702;
2025-09-09 11:34:41,810 - INFO - spatial_LccAccuracy: 0.9195; spatial_PA: 0.9822; spatial_UA: 0.9892; spatial_F1: 0.9857
2025-09-09 11:34:41,810 - INFO - temporal_CdAccuracy: 0.7393; temporal_PA: 0.9586; temporal_UA: 0.9418; temporal_F1: 0.9501
2025-09-09 11:34:41,811 - INFO - Confusion Matrix
 [69093.	  611.	    3.	    4.	   52.]
 [ 1191.	49483.	   39.	   42.	  101.]
 [    1.	  145.	 2085.	    0.	    0.]
 [   40.	   10.	    0.	 1255.	    0.]
 [    4.	   75.	    0.	    0.	 9926.]
2025-09-09 11:34:41,812 - INFO - model saved 39 times, last saved epoch: 58.

2025-09-09 11:34:44,583 - INFO - Epoch 63, Train loss: 0.031061552464962006.
2025-09-09 11:34:45,437 - INFO - mIoU: 0.9522; OA: 0.9822; AA: 0.9705; F1: 0.9754; Kappa: 0.9692;
2025-09-09 11:34:45,437 - INFO - spatial_LccAccuracy: 0.911; spatial_PA: 0.9833; spatial_UA: 0.9856; spatial_F1: 0.9844
2025-09-09 11:34:45,438 - INFO - temporal_CdAccuracy: 0.7379; temporal_PA: 0.9594; temporal_UA: 0.9399; temporal_F1: 0.9496
2025-09-09 11:34:45,438 - INFO - Confusion Matrix
 [68769.	  956.	    3.	    5.	   30.]
 [  961.	49736.	   71.	   15.	   73.]
 [    3.	  118.	 2110.	    0.	    0.]
 [   23.	   39.	    0.	 1243.	    0.]
 [   14.	   83.	    0.	    0.	 9908.]
2025-09-09 11:34:45,440 - INFO - model saved 39 times, last saved epoch: 58.

2025-09-09 11:34:48,213 - INFO - Epoch 64, Train loss: 0.030217410996556282.
2025-09-09 11:34:49,092 - INFO - mIoU: 0.9506; OA: 0.9813; AA: 0.9749; F1: 0.9745; Kappa: 0.9677;
2025-09-09 11:34:49,093 - INFO - spatial_LccAccuracy: 0.9141; spatial_PA: 0.9783; spatial_UA: 0.9933; spatial_F1: 0.9857
2025-09-09 11:34:49,093 - INFO - temporal_CdAccuracy: 0.7411; temporal_PA: 0.959; temporal_UA: 0.9433; temporal_F1: 0.951
2025-09-09 11:34:49,094 - INFO - Confusion Matrix
 [69375.	  316.	    2.	   15.	   55.]
 [ 1691.	48972.	   39.	   63.	   91.]
 [    4.	  147.	 2079.	    1.	    0.]
 [    6.	    3.	    0.	 1296.	    0.]
 [    2.	   75.	    0.	    0.	 9928.]
2025-09-09 11:34:49,095 - INFO - model saved 39 times, last saved epoch: 58.

2025-09-09 11:34:51,981 - INFO - Epoch 65, Train loss: 0.028255943208932877.
2025-09-09 11:34:52,888 - INFO - mIoU: 0.9546; OA: 0.9837; AA: 0.972; F1: 0.9766; Kappa: 0.9718;
2025-09-09 11:34:52,889 - INFO - spatial_LccAccuracy: 0.9199; spatial_PA: 0.9841; spatial_UA: 0.9887; spatial_F1: 0.9864
2025-09-09 11:34:52,889 - INFO - temporal_CdAccuracy: 0.7406; temporal_PA: 0.9595; temporal_UA: 0.9426; temporal_F1: 0.9509
2025-09-09 11:34:52,890 - INFO - Confusion Matrix
 [68944.	  749.	    3.	    4.	   63.]
 [  957.	49752.	   54.	   21.	   72.]
 [    2.	  124.	 2105.	    0.	    0.]
 [   27.	   26.	    0.	 1251.	    1.]
 [    0.	   87.	    0.	    0.	 9918.]
2025-09-09 11:34:52,932 - INFO - Epoch 65 saved.
2025-09-09 11:34:52,932 - INFO - model saved 40 times, last saved epoch: 65.

2025-09-09 11:34:55,856 - INFO - Epoch 66, Train loss: 0.02848549373447895.
2025-09-09 11:34:56,767 - INFO - mIoU: 0.9551; OA: 0.9841; AA: 0.9749; F1: 0.9769; Kappa: 0.9726;
2025-09-09 11:34:56,767 - INFO - spatial_LccAccuracy: 0.9222; spatial_PA: 0.9836; spatial_UA: 0.9906; spatial_F1: 0.9871
2025-09-09 11:34:56,767 - INFO - temporal_CdAccuracy: 0.7478; temporal_PA: 0.9616; temporal_UA: 0.9469; temporal_F1: 0.9542
2025-09-09 11:34:56,768 - INFO - Confusion Matrix
 [69015.	  687.	    5.	    7.	   49.]
 [  947.	49744.	   80.	   23.	   62.]
 [    1.	  113.	 2117.	    0.	    0.]
 [   17.	   23.	    0.	 1265.	    0.]
 [    2.	  112.	    0.	    0.	 9891.]
2025-09-09 11:34:56,814 - INFO - Epoch 66 saved.
2025-09-09 11:34:56,815 - INFO - model saved 41 times, last saved epoch: 66.

2025-09-09 11:34:59,558 - INFO - Epoch 67, Train loss: 0.02759402245283127.
2025-09-09 11:35:00,418 - INFO - mIoU: 0.9446; OA: 0.9814; AA: 0.979; F1: 0.971; Kappa: 0.968;
2025-09-09 11:35:00,418 - INFO - spatial_LccAccuracy: 0.8989; spatial_PA: 0.9802; spatial_UA: 0.9927; spatial_F1: 0.9864
2025-09-09 11:35:00,419 - INFO - temporal_CdAccuracy: 0.7263; temporal_PA: 0.9549; temporal_UA: 0.9359; temporal_F1: 0.9453
2025-09-09 11:35:00,420 - INFO - Confusion Matrix
 [68738.	  971.	   15.	   13.	   26.]
 [  931.	49596.	  236.	   30.	   63.]
 [    1.	   85.	 2145.	    0.	    0.]
 [    8.	   14.	    0.	 1283.	    0.]
 [    5.	   94.	    0.	    0.	 9906.]
2025-09-09 11:35:00,421 - INFO - model saved 41 times, last saved epoch: 66.

2025-09-09 11:35:03,135 - INFO - Epoch 68, Train loss: 0.02753540314733982.
2025-09-09 11:35:04,032 - INFO - mIoU: 0.9554; OA: 0.9831; AA: 0.9774; F1: 0.977; Kappa: 0.9708;
2025-09-09 11:35:04,033 - INFO - spatial_LccAccuracy: 0.9155; spatial_PA: 0.9807; spatial_UA: 0.9908; spatial_F1: 0.9857
2025-09-09 11:35:04,033 - INFO - temporal_CdAccuracy: 0.7384; temporal_PA: 0.9546; temporal_UA: 0.9438; temporal_F1: 0.9492
2025-09-09 11:35:04,034 - INFO - Confusion Matrix
 [68904.	  815.	    4.	   13.	   27.]
 [ 1004.	49669.	   86.	   29.	   68.]
 [    1.	  108.	 2122.	    0.	    0.]
 [   10.	   15.	    0.	 1280.	    0.]
 [    1.	   91.	    0.	    0.	 9913.]
2025-09-09 11:35:04,079 - INFO - Epoch 68 saved.
2025-09-09 11:35:04,079 - INFO - model saved 42 times, last saved epoch: 68.

2025-09-09 11:35:06,809 - INFO - Epoch 69, Train loss: 0.027777213603258133.
2025-09-09 11:35:07,662 - INFO - mIoU: 0.9521; OA: 0.9834; AA: 0.9706; F1: 0.9753; Kappa: 0.9714;
2025-09-09 11:35:07,662 - INFO - spatial_LccAccuracy: 0.9204; spatial_PA: 0.9849; spatial_UA: 0.988; spatial_F1: 0.9864
2025-09-09 11:35:07,662 - INFO - temporal_CdAccuracy: 0.7455; temporal_PA: 0.9621; temporal_UA: 0.9462; temporal_F1: 0.9541
2025-09-09 11:35:07,663 - INFO - Confusion Matrix
 [68893.	  814.	    4.	    2.	   50.]
 [  908.	49771.	   87.	   12.	   78.]
 [    1.	  110.	 2120.	    0.	    0.]
 [   34.	   38.	    0.	 1233.	    0.]
 [    6.	   77.	    0.	    0.	 9922.]
2025-09-09 11:35:07,664 - INFO - model saved 42 times, last saved epoch: 68.

2025-09-09 11:35:10,445 - INFO - Epoch 70, Train loss: 0.028220627456903458.
2025-09-09 11:35:11,295 - INFO - mIoU: 0.9565; OA: 0.9828; AA: 0.9726; F1: 0.9776; Kappa: 0.9704;
2025-09-09 11:35:11,295 - INFO - spatial_LccAccuracy: 0.9119; spatial_PA: 0.9852; spatial_UA: 0.9931; spatial_F1: 0.9891
2025-09-09 11:35:11,296 - INFO - temporal_CdAccuracy: 0.7411; temporal_PA: 0.9547; temporal_UA: 0.9413; temporal_F1: 0.948
2025-09-09 11:35:11,296 - INFO - Confusion Matrix
 [68792.	  935.	    2.	    4.	   30.]
 [  928.	49794.	   45.	   18.	   71.]
 [    2.	  131.	 2098.	    0.	    0.]
 [   22.	   21.	    0.	 1262.	    0.]
 [   17.	   78.	    0.	    0.	 9910.]
2025-09-09 11:35:11,339 - INFO - Epoch 70 saved.
2025-09-09 11:35:11,339 - INFO - model saved 43 times, last saved epoch: 70.

2025-09-09 11:35:14,231 - INFO - Epoch 71, Train loss: 0.02604949288070202.
2025-09-09 11:35:15,080 - INFO - mIoU: 0.956; OA: 0.983; AA: 0.9764; F1: 0.9774; Kappa: 0.9707;
2025-09-09 11:35:15,080 - INFO - spatial_LccAccuracy: 0.924; spatial_PA: 0.9868; spatial_UA: 0.9915; spatial_F1: 0.9891
2025-09-09 11:35:15,080 - INFO - temporal_CdAccuracy: 0.7433; temporal_PA: 0.9617; temporal_UA: 0.9428; temporal_F1: 0.9522
2025-09-09 11:35:15,081 - INFO - Confusion Matrix
 [68718.	  975.	    2.	    7.	   61.]
 [  838.	49845.	   85.	   20.	   68.]
 [    1.	  112.	 2118.	    0.	    0.]
 [   13.	   19.	    0.	 1273.	    0.]
 [    0.	   78.	    0.	    0.	 9927.]
2025-09-09 11:35:15,082 - INFO - model saved 43 times, last saved epoch: 70.

2025-09-09 11:35:17,830 - INFO - Epoch 72, Train loss: 0.025741592049598694.
2025-09-09 11:35:18,695 - INFO - mIoU: 0.9534; OA: 0.9829; AA: 0.9715; F1: 0.976; Kappa: 0.9704;
2025-09-09 11:35:18,695 - INFO - spatial_LccAccuracy: 0.9159; spatial_PA: 0.9742; spatial_UA: 0.9891; spatial_F1: 0.9816
2025-09-09 11:35:18,695 - INFO - temporal_CdAccuracy: 0.7406; temporal_PA: 0.9584; temporal_UA: 0.9421; temporal_F1: 0.9502
2025-09-09 11:35:18,696 - INFO - Confusion Matrix
 [69220.	  501.	    3.	    6.	   33.]
 [ 1314.	49403.	   86.	   13.	   40.]
 [    1.	  110.	 2120.	    0.	    0.]
 [   15.	   41.	    0.	 1249.	    0.]
 [   13.	  121.	    0.	    0.	 9871.]
2025-09-09 11:35:18,697 - INFO - model saved 43 times, last saved epoch: 70.

2025-09-09 11:35:21,485 - INFO - Epoch 73, Train loss: 0.026075346395373344.
2025-09-09 11:35:22,330 - INFO - mIoU: 0.9566; OA: 0.9837; AA: 0.9791; F1: 0.9777; Kappa: 0.9719;
2025-09-09 11:35:22,330 - INFO - spatial_LccAccuracy: 0.9191; spatial_PA: 0.9817; spatial_UA: 0.9911; spatial_F1: 0.9864
2025-09-09 11:35:22,330 - INFO - temporal_CdAccuracy: 0.746; temporal_PA: 0.9593; temporal_UA: 0.9443; temporal_F1: 0.9517
2025-09-09 11:35:22,331 - INFO - Confusion Matrix
 [69027.	  656.	    3.	   13.	   64.]
 [ 1049.	49607.	   93.	   25.	   82.]
 [    2.	  103.	 2126.	    0.	    0.]
 [    9.	   10.	    0.	 1286.	    0.]
 [    0.	   78.	    0.	    0.	 9927.]
2025-09-09 11:35:22,374 - INFO - Epoch 73 saved.
2025-09-09 11:35:22,374 - INFO - model saved 44 times, last saved epoch: 73.

2025-09-09 11:35:25,111 - INFO - Epoch 74, Train loss: 0.025403762236237526.
2025-09-09 11:35:25,912 - INFO - mIoU: 0.9528; OA: 0.9839; AA: 0.9799; F1: 0.9757; Kappa: 0.9723;
2025-09-09 11:35:25,912 - INFO - spatial_LccAccuracy: 0.9222; spatial_PA: 0.9788; spatial_UA: 0.9914; spatial_F1: 0.985
2025-09-09 11:35:25,912 - INFO - temporal_CdAccuracy: 0.7437; temporal_PA: 0.9628; temporal_UA: 0.9456; temporal_F1: 0.9542
2025-09-09 11:35:25,913 - INFO - Confusion Matrix
 [68775.	  882.	    5.	   47.	   54.]
 [  776.	49876.	   79.	   31.	   94.]
 [    1.	  107.	 2123.	    0.	    0.]
 [    4.	   12.	    0.	 1289.	    0.]
 [    0.	   63.	    0.	    0.	 9942.]
2025-09-09 11:35:25,914 - INFO - model saved 44 times, last saved epoch: 73.

2025-09-09 11:35:28,681 - INFO - Epoch 75, Train loss: 0.025779765099287033.
2025-09-09 11:35:29,544 - INFO - mIoU: 0.9542; OA: 0.9831; AA: 0.9795; F1: 0.9764; Kappa: 0.9709;
2025-09-09 11:35:29,545 - INFO - spatial_LccAccuracy: 0.9141; spatial_PA: 0.9823; spatial_UA: 0.9933; spatial_F1: 0.9878
2025-09-09 11:35:29,545 - INFO - temporal_CdAccuracy: 0.7397; temporal_PA: 0.9557; temporal_UA: 0.9438; temporal_F1: 0.9497
2025-09-09 11:35:29,546 - INFO - Confusion Matrix
 [68811.	  890.	    6.	   20.	   36.]
 [  910.	49739.	   78.	   45.	   84.]
 [    1.	  107.	 2123.	    0.	    0.]
 [    7.	    8.	    0.	 1290.	    0.]
 [    0.	   70.	    0.	    0.	 9935.]
2025-09-09 11:35:29,547 - INFO - model saved 44 times, last saved epoch: 73.

2025-09-09 11:35:32,305 - INFO - Epoch 76, Train loss: 0.02449197880923748.
2025-09-09 11:35:33,139 - INFO - mIoU: 0.9524; OA: 0.9823; AA: 0.9736; F1: 0.9755; Kappa: 0.9694;
2025-09-09 11:35:33,140 - INFO - spatial_LccAccuracy: 0.9097; spatial_PA: 0.9812; spatial_UA: 0.9889; spatial_F1: 0.985
2025-09-09 11:35:33,140 - INFO - temporal_CdAccuracy: 0.7437; temporal_PA: 0.9529; temporal_UA: 0.942; temporal_F1: 0.9474
2025-09-09 11:35:33,141 - INFO - Confusion Matrix
 [68555.	 1087.	    4.	   34.	   83.]
 [  781.	49928.	   27.	   21.	   99.]
 [    1.	  164.	 2066.	    0.	    0.]
 [    5.	   17.	    0.	 1283.	    0.]
 [    0.	   56.	    0.	    0.	 9949.]
2025-09-09 11:35:33,142 - INFO - model saved 44 times, last saved epoch: 73.

2025-09-09 11:35:35,896 - INFO - Epoch 77, Train loss: 0.023801859468221664.
2025-09-09 11:35:36,761 - INFO - mIoU: 0.9561; OA: 0.9838; AA: 0.9771; F1: 0.9774; Kappa: 0.9721;
2025-09-09 11:35:36,762 - INFO - spatial_LccAccuracy: 0.9182; spatial_PA: 0.9847; spatial_UA: 0.9909; spatial_F1: 0.9878
2025-09-09 11:35:36,762 - INFO - temporal_CdAccuracy: 0.7464; temporal_PA: 0.9621; temporal_UA: 0.9443; temporal_F1: 0.9531
2025-09-09 11:35:36,763 - INFO - Confusion Matrix
 [68913.	  762.	    4.	   14.	   70.]
 [  924.	49748.	   77.	   20.	   87.]
 [    1.	  108.	 2122.	    0.	    0.]
 [   13.	   19.	    0.	 1273.	    0.]
 [    0.	   73.	    0.	    0.	 9932.]
2025-09-09 11:35:36,764 - INFO - model saved 44 times, last saved epoch: 73.

2025-09-09 11:35:39,551 - INFO - Epoch 78, Train loss: 0.0234353207051754.
2025-09-09 11:35:40,414 - INFO - mIoU: 0.9533; OA: 0.9832; AA: 0.9772; F1: 0.9759; Kappa: 0.971;
2025-09-09 11:35:40,415 - INFO - spatial_LccAccuracy: 0.9168; spatial_PA: 0.9801; spatial_UA: 0.9886; spatial_F1: 0.9844
2025-09-09 11:35:40,415 - INFO - temporal_CdAccuracy: 0.7437; temporal_PA: 0.9598; temporal_UA: 0.9395; temporal_F1: 0.9495
2025-09-09 11:35:40,416 - INFO - Confusion Matrix
 [68768.	  917.	    4.	    9.	   65.]
 [  830.	49813.	  132.	   17.	   64.]
 [    1.	  103.	 2127.	    0.	    0.]
 [    8.	   24.	    0.	 1273.	    0.]
 [    0.	   82.	    0.	    0.	 9923.]
2025-09-09 11:35:40,417 - INFO - model saved 44 times, last saved epoch: 73.

2025-09-09 11:35:43,202 - INFO - Epoch 79, Train loss: 0.022579126060009003.
2025-09-09 11:35:44,053 - INFO - mIoU: 0.955; OA: 0.9837; AA: 0.9767; F1: 0.9769; Kappa: 0.9718;
2025-09-09 11:35:44,053 - INFO - spatial_LccAccuracy: 0.9217; spatial_PA: 0.9836; spatial_UA: 0.9906; spatial_F1: 0.9871
2025-09-09 11:35:44,054 - INFO - temporal_CdAccuracy: 0.7437; temporal_PA: 0.9635; temporal_UA: 0.9448; temporal_F1: 0.9541
2025-09-09 11:35:44,054 - INFO - Confusion Matrix
 [69041.	  650.	    2.	    5.	   65.]
 [ 1063.	49597.	   40.	   56.	  100.]
 [    3.	  125.	 2103.	    0.	    0.]
 [   14.	   10.	    0.	 1281.	    0.]
 [    0.	   58.	    0.	    0.	 9947.]
2025-09-09 11:35:44,055 - INFO - model saved 44 times, last saved epoch: 73.

2025-09-09 11:35:46,932 - INFO - Epoch 80, Train loss: 0.022584116086363792.
2025-09-09 11:35:47,835 - INFO - mIoU: 0.9496; OA: 0.9837; AA: 0.9639; F1: 0.9739; Kappa: 0.9718;
2025-09-09 11:35:47,835 - INFO - spatial_LccAccuracy: 0.9168; spatial_PA: 0.9775; spatial_UA: 0.99; spatial_F1: 0.9837
2025-09-09 11:35:47,835 - INFO - temporal_CdAccuracy: 0.7473; temporal_PA: 0.9614; temporal_UA: 0.948; temporal_F1: 0.9547
2025-09-09 11:35:47,836 - INFO - Confusion Matrix
 [69089.	  611.	    2.	    7.	   54.]
 [ 1067.	49678.	   32.	   12.	   67.]
 [    4.	  160.	 2067.	    0.	    0.]
 [   14.	   71.	    0.	 1220.	    0.]
 [    0.	   88.	    0.	    0.	 9917.]
2025-09-09 11:35:47,836 - INFO - model saved 44 times, last saved epoch: 73.

2025-09-09 11:35:50,679 - INFO - Epoch 81, Train loss: 0.022866088896989822.
2025-09-09 11:35:51,501 - INFO - mIoU: 0.957; OA: 0.9835; AA: 0.9715; F1: 0.9779; Kappa: 0.9716;
2025-09-09 11:35:51,501 - INFO - spatial_LccAccuracy: 0.9226; spatial_PA: 0.985; spatial_UA: 0.992; spatial_F1: 0.9885
2025-09-09 11:35:51,501 - INFO - temporal_CdAccuracy: 0.7455; temporal_PA: 0.9624; temporal_UA: 0.9486; temporal_F1: 0.9554
2025-09-09 11:35:51,502 - INFO - Confusion Matrix
 [68988.	  719.	    2.	    3.	   51.]
 [ 1035.	49697.	   30.	   15.	   79.]
 [    9.	  148.	 2074.	    0.	    0.]
 [   18.	   22.	    0.	 1265.	    0.]
 [    1.	   77.	    0.	    0.	 9927.]
2025-09-09 11:35:51,544 - INFO - Epoch 81 saved.
2025-09-09 11:35:51,545 - INFO - model saved 45 times, last saved epoch: 81.

2025-09-09 11:35:54,402 - INFO - Epoch 82, Train loss: 0.023008257150650024.
2025-09-09 11:35:55,226 - INFO - mIoU: 0.9578; OA: 0.9838; AA: 0.9804; F1: 0.9783; Kappa: 0.972;
2025-09-09 11:35:55,226 - INFO - spatial_LccAccuracy: 0.9222; spatial_PA: 0.986; spatial_UA: 0.9923; spatial_F1: 0.9891
2025-09-09 11:35:55,226 - INFO - temporal_CdAccuracy: 0.7388; temporal_PA: 0.9635; temporal_UA: 0.9438; temporal_F1: 0.9536
2025-09-09 11:35:55,227 - INFO - Confusion Matrix
 [68924.	  765.	    3.	   17.	   54.]
 [  958.	49702.	   70.	   34.	   92.]
 [    2.	  107.	 2122.	    0.	    0.]
 [    5.	    5.	    0.	 1295.	    0.]
 [    0.	   68.	    0.	    0.	 9937.]
2025-09-09 11:35:55,270 - INFO - Epoch 82 saved.
2025-09-09 11:35:55,271 - INFO - model saved 46 times, last saved epoch: 82.

2025-09-09 11:35:58,020 - INFO - Epoch 83, Train loss: 0.020841317251324654.
2025-09-09 11:35:58,870 - INFO - mIoU: 0.9576; OA: 0.9843; AA: 0.9766; F1: 0.9782; Kappa: 0.9729;
2025-09-09 11:35:58,870 - INFO - spatial_LccAccuracy: 0.924; spatial_PA: 0.9836; spatial_UA: 0.9906; spatial_F1: 0.9871
2025-09-09 11:35:58,870 - INFO - temporal_CdAccuracy: 0.7478; temporal_PA: 0.9639; temporal_UA: 0.945; temporal_F1: 0.9544
2025-09-09 11:35:58,871 - INFO - Confusion Matrix
 [69029.	  678.	    3.	    3.	   50.]
 [  969.	49701.	   89.	   16.	   81.]
 [    1.	  108.	 2122.	    0.	    0.]
 [   18.	   18.	    0.	 1269.	    0.]
 [    0.	   75.	    0.	    0.	 9930.]
2025-09-09 11:35:58,872 - INFO - model saved 46 times, last saved epoch: 82.

2025-09-09 11:36:01,656 - INFO - Epoch 84, Train loss: 0.021919602528214455.
2025-09-09 11:36:02,511 - INFO - mIoU: 0.9573; OA: 0.9832; AA: 0.9737; F1: 0.9781; Kappa: 0.971;
2025-09-09 11:36:02,512 - INFO - spatial_LccAccuracy: 0.9204; spatial_PA: 0.9828; spatial_UA: 0.9914; spatial_F1: 0.9871
2025-09-09 11:36:02,512 - INFO - temporal_CdAccuracy: 0.7419; temporal_PA: 0.9643; temporal_UA: 0.9455; temporal_F1: 0.9548
2025-09-09 11:36:02,513 - INFO - Confusion Matrix
 [69105.	  606.	    3.	    3.	   46.]
 [ 1175.	49511.	   55.	   12.	  103.]
 [    3.	  113.	 2115.	    0.	    0.]
 [   18.	   28.	    0.	 1259.	    0.]
 [   21.	   64.	    0.	    0.	 9920.]
2025-09-09 11:36:02,514 - INFO - model saved 46 times, last saved epoch: 82.

2025-09-09 11:36:05,264 - INFO - Epoch 85, Train loss: 0.02125771902501583.
2025-09-09 11:36:06,121 - INFO - mIoU: 0.9542; OA: 0.9825; AA: 0.9733; F1: 0.9764; Kappa: 0.9698;
2025-09-09 11:36:06,121 - INFO - spatial_LccAccuracy: 0.9164; spatial_PA: 0.9825; spatial_UA: 0.9903; spatial_F1: 0.9864
2025-09-09 11:36:06,122 - INFO - temporal_CdAccuracy: 0.7357; temporal_PA: 0.9617; temporal_UA: 0.9382; temporal_F1: 0.9499
2025-09-09 11:36:06,122 - INFO - Confusion Matrix
 [69202.	  534.	    4.	    2.	   21.]
 [ 1347.	49335.	   80.	   24.	   70.]
 [    8.	  104.	 2119.	    0.	    0.]
 [   38.	    7.	    0.	 1260.	    0.]
 [   15.	   92.	    0.	    0.	 9898.]
2025-09-09 11:36:06,123 - INFO - model saved 46 times, last saved epoch: 82.

2025-09-09 11:36:08,955 - INFO - Epoch 86, Train loss: 0.0201557707041502.
2025-09-09 11:36:09,805 - INFO - mIoU: 0.9527; OA: 0.9827; AA: 0.9776; F1: 0.9756; Kappa: 0.9701;
2025-09-09 11:36:09,805 - INFO - spatial_LccAccuracy: 0.9164; spatial_PA: 0.9796; spatial_UA: 0.9905; spatial_F1: 0.985
2025-09-09 11:36:09,806 - INFO - temporal_CdAccuracy: 0.7433; temporal_PA: 0.9623; temporal_UA: 0.9403; temporal_F1: 0.9512
2025-09-09 11:36:09,807 - INFO - Confusion Matrix
 [69306.	  401.	    3.	    4.	   49.]
 [ 1429.	49195.	  101.	   48.	   83.]
 [    4.	   99.	 2128.	    0.	    0.]
 [   22.	    3.	    0.	 1280.	    0.]
 [    0.	   77.	    0.	    0.	 9928.]
2025-09-09 11:36:09,808 - INFO - model saved 46 times, last saved epoch: 82.

2025-09-09 11:36:12,649 - INFO - Epoch 87, Train loss: 0.02004634402692318.
2025-09-09 11:36:13,559 - INFO - mIoU: 0.9569; OA: 0.9838; AA: 0.9761; F1: 0.9778; Kappa: 0.972;
2025-09-09 11:36:13,559 - INFO - spatial_LccAccuracy: 0.9231; spatial_PA: 0.9828; spatial_UA: 0.9914; spatial_F1: 0.9871
2025-09-09 11:36:13,559 - INFO - temporal_CdAccuracy: 0.7451; temporal_PA: 0.9613; temporal_UA: 0.9436; temporal_F1: 0.9524
2025-09-09 11:36:13,560 - INFO - Confusion Matrix
 [69060.	  656.	    5.	    5.	   37.]
 [ 1065.	49599.	   87.	   15.	   90.]
 [    3.	  102.	 2126.	    0.	    0.]
 [   20.	   19.	    0.	 1266.	    0.]
 [    2.	   74.	    0.	    0.	 9929.]
2025-09-09 11:36:13,561 - INFO - model saved 46 times, last saved epoch: 82.

2025-09-09 11:36:16,297 - INFO - Epoch 88, Train loss: 0.01995096728205681.
2025-09-09 11:36:17,215 - INFO - mIoU: 0.9507; OA: 0.9833; AA: 0.9653; F1: 0.9746; Kappa: 0.9711;
2025-09-09 11:36:17,215 - INFO - spatial_LccAccuracy: 0.9137; spatial_PA: 0.9822; spatial_UA: 0.9892; spatial_F1: 0.9857
2025-09-09 11:36:17,215 - INFO - temporal_CdAccuracy: 0.7428; temporal_PA: 0.9608; temporal_UA: 0.9459; temporal_F1: 0.9533
2025-09-09 11:36:17,216 - INFO - Confusion Matrix
 [69024.	  692.	    3.	    2.	   42.]
 [ 1058.	49677.	   46.	   10.	   65.]
 [    2.	  142.	 2087.	    0.	    0.]
 [   25.	   60.	    0.	 1220.	    0.]
 [    0.	  100.	    0.	    0.	 9905.]
2025-09-09 11:36:17,217 - INFO - model saved 46 times, last saved epoch: 82.

2025-09-09 11:36:20,036 - INFO - Epoch 89, Train loss: 0.018985455855727196.
2025-09-09 11:36:20,890 - INFO - mIoU: 0.9586; OA: 0.9844; AA: 0.9754; F1: 0.9787; Kappa: 0.9732;
2025-09-09 11:36:20,891 - INFO - spatial_LccAccuracy: 0.9271; spatial_PA: 0.9804; spatial_UA: 0.9897; spatial_F1: 0.985
2025-09-09 11:36:20,891 - INFO - temporal_CdAccuracy: 0.75; temporal_PA: 0.9662; temporal_UA: 0.9476; temporal_F1: 0.9568
2025-09-09 11:36:20,891 - INFO - Confusion Matrix
 [69029.	  662.	    6.	   11.	   55.]
 [  979.	49740.	   51.	   13.	   73.]
 [    2.	  117.	 2112.	    0.	    0.]
 [   10.	   28.	    0.	 1267.	    0.]
 [    0.	   80.	    0.	    0.	 9925.]
2025-09-09 11:36:20,933 - INFO - Epoch 89 saved.
2025-09-09 11:36:20,933 - INFO - model saved 47 times, last saved epoch: 89.

2025-09-09 11:36:23,730 - INFO - Epoch 90, Train loss: 0.01929580233991146.
2025-09-09 11:36:24,619 - INFO - mIoU: 0.9575; OA: 0.9834; AA: 0.9751; F1: 0.9782; Kappa: 0.9714;
2025-09-09 11:36:24,619 - INFO - spatial_LccAccuracy: 0.9182; spatial_PA: 0.9815; spatial_UA: 0.99; spatial_F1: 0.9857
2025-09-09 11:36:24,619 - INFO - temporal_CdAccuracy: 0.7402; temporal_PA: 0.9584; temporal_UA: 0.9421; temporal_F1: 0.9502
2025-09-09 11:36:24,620 - INFO - Confusion Matrix
 [68754.	  965.	    5.	   16.	   23.]
 [  838.	49886.	   53.	   13.	   66.]
 [    1.	  119.	 2111.	    0.	    0.]
 [   12.	   25.	    0.	 1268.	    0.]
 [    0.	   86.	    0.	    0.	 9919.]
2025-09-09 11:36:24,620 - INFO - model saved 47 times, last saved epoch: 89.

2025-09-09 11:36:27,522 - INFO - Epoch 91, Train loss: 0.020658819004893303.
2025-09-09 11:36:28,391 - INFO - mIoU: 0.955; OA: 0.9838; AA: 0.9748; F1: 0.9768; Kappa: 0.9721;
2025-09-09 11:36:28,391 - INFO - spatial_LccAccuracy: 0.924; spatial_PA: 0.9828; spatial_UA: 0.9914; spatial_F1: 0.9871
2025-09-09 11:36:28,391 - INFO - temporal_CdAccuracy: 0.7473; temporal_PA: 0.9623; temporal_UA: 0.9471; temporal_F1: 0.9547
2025-09-09 11:36:28,392 - INFO - Confusion Matrix
 [69058.	  646.	    3.	    6.	   50.]
 [ 1043.	49661.	   42.	   46.	   64.]
 [    5.	  155.	 2071.	    0.	    0.]
 [   12.	    3.	    0.	 1290.	    0.]
 [    3.	   90.	    0.	    0.	 9912.]
2025-09-09 11:36:28,393 - INFO - model saved 47 times, last saved epoch: 89.

2025-09-09 11:36:31,273 - INFO - Epoch 92, Train loss: 0.017521889880299568.
2025-09-09 11:36:32,138 - INFO - mIoU: 0.9564; OA: 0.9837; AA: 0.9795; F1: 0.9775; Kappa: 0.9719;
2025-09-09 11:36:32,138 - INFO - spatial_LccAccuracy: 0.9168; spatial_PA: 0.9847; spatial_UA: 0.9909; spatial_F1: 0.9878
2025-09-09 11:36:32,139 - INFO - temporal_CdAccuracy: 0.7357; temporal_PA: 0.9609; temporal_UA: 0.941; temporal_F1: 0.9509
2025-09-09 11:36:32,139 - INFO - Confusion Matrix
 [69103.	  588.	    5.	    6.	   61.]
 [ 1114.	49515.	  113.	   25.	   89.]
 [    4.	   95.	 2132.	    0.	    0.]
 [   14.	    6.	    0.	 1284.	    1.]
 [    8.	   54.	    0.	    0.	 9943.]
2025-09-09 11:36:32,140 - INFO - model saved 47 times, last saved epoch: 89.

2025-09-09 11:36:34,916 - INFO - Epoch 93, Train loss: 0.01853298954665661.
2025-09-09 11:36:35,763 - INFO - mIoU: 0.9562; OA: 0.9839; AA: 0.9715; F1: 0.9775; Kappa: 0.9721;
2025-09-09 11:36:35,763 - INFO - spatial_LccAccuracy: 0.9267; spatial_PA: 0.9857; spatial_UA: 0.9912; spatial_F1: 0.9885
2025-09-09 11:36:35,763 - INFO - temporal_CdAccuracy: 0.7478; temporal_PA: 0.9615; temporal_UA: 0.9488; temporal_F1: 0.9551
2025-09-09 11:36:35,764 - INFO - Confusion Matrix
 [69069.	  637.	    3.	    2.	   52.]
 [ 1049.	49651.	   46.	   12.	   98.]
 [    2.	  136.	 2093.	    0.	    0.]
 [   27.	   24.	    0.	 1254.	    0.]
 [   16.	   61.	    0.	    0.	 9928.]
2025-09-09 11:36:35,765 - INFO - model saved 47 times, last saved epoch: 89.

2025-09-09 11:36:38,618 - INFO - Epoch 94, Train loss: 0.017624935135245323.
2025-09-09 11:36:39,429 - INFO - mIoU: 0.9555; OA: 0.9841; AA: 0.9702; F1: 0.9771; Kappa: 0.9725;
2025-09-09 11:36:39,429 - INFO - spatial_LccAccuracy: 0.9262; spatial_PA: 0.9807; spatial_UA: 0.9908; spatial_F1: 0.9857
2025-09-09 11:36:39,429 - INFO - temporal_CdAccuracy: 0.7504; temporal_PA: 0.9587; temporal_UA: 0.9496; temporal_F1: 0.9541
2025-09-09 11:36:39,430 - INFO - Confusion Matrix
 [69041.	  655.	    2.	   11.	   54.]
 [ 1001.	49732.	   24.	   13.	   86.]
 [    3.	  169.	 2059.	    0.	    0.]
 [   14.	   27.	    0.	 1264.	    0.]
 [    1.	   77.	    0.	    0.	 9927.]
2025-09-09 11:36:39,431 - INFO - model saved 47 times, last saved epoch: 89.

2025-09-09 11:36:42,212 - INFO - Epoch 95, Train loss: 0.01749715581536293.
2025-09-09 11:36:43,055 - INFO - mIoU: 0.9563; OA: 0.9836; AA: 0.9771; F1: 0.9775; Kappa: 0.9717;
2025-09-09 11:36:43,055 - INFO - spatial_LccAccuracy: 0.9231; spatial_PA: 0.9825; spatial_UA: 0.9903; spatial_F1: 0.9864
2025-09-09 11:36:43,055 - INFO - temporal_CdAccuracy: 0.7451; temporal_PA: 0.9625; temporal_UA: 0.9468; temporal_F1: 0.9546
2025-09-09 11:36:43,056 - INFO - Confusion Matrix
 [68775.	  962.	    4.	   13.	    9.]
 [  798.	49891.	   72.	   30.	   65.]
 [    3.	  115.	 2113.	    0.	    0.]
 [   14.	    9.	    0.	 1282.	    0.]
 [    0.	  109.	    0.	    0.	 9896.]
2025-09-09 11:36:43,057 - INFO - model saved 47 times, last saved epoch: 89.

2025-09-09 11:36:45,934 - INFO - Epoch 96, Train loss: 0.01877220720052719.
2025-09-09 11:36:46,867 - INFO - mIoU: 0.9519; OA: 0.9839; AA: 0.9662; F1: 0.9751; Kappa: 0.9722;
2025-09-09 11:36:46,867 - INFO - spatial_LccAccuracy: 0.9258; spatial_PA: 0.9839; spatial_UA: 0.9917; spatial_F1: 0.9878
2025-09-09 11:36:46,868 - INFO - temporal_CdAccuracy: 0.7496; temporal_PA: 0.9623; temporal_UA: 0.9475; temporal_F1: 0.9548
2025-09-09 11:36:46,869 - INFO - Confusion Matrix
 [69065.	  653.	    2.	    9.	   34.]
 [ 1002.	49728.	   26.	   13.	   87.]
 [    8.	  213.	 2010.	    0.	    0.]
 [   18.	   22.	    0.	 1265.	    0.]
 [    0.	   71.	    0.	    0.	 9934.]
2025-09-09 11:36:46,870 - INFO - model saved 47 times, last saved epoch: 89.

2025-09-09 11:36:49,790 - INFO - Epoch 97, Train loss: 0.01640152744948864.
2025-09-09 11:36:50,623 - INFO - mIoU: 0.9507; OA: 0.9838; AA: 0.9728; F1: 0.9745; Kappa: 0.9721;
2025-09-09 11:36:50,623 - INFO - spatial_LccAccuracy: 0.9173; spatial_PA: 0.9785; spatial_UA: 0.9903; spatial_F1: 0.9844
2025-09-09 11:36:50,623 - INFO - temporal_CdAccuracy: 0.7437; temporal_PA: 0.961; temporal_UA: 0.9441; temporal_F1: 0.9525
2025-09-09 11:36:50,624 - INFO - Confusion Matrix
 [68941.	  762.	    4.	    4.	   52.]
 [  861.	49802.	  137.	   13.	   43.]
 [    1.	   98.	 2132.	    0.	    0.]
 [   13.	   47.	    0.	 1245.	    0.]
 [    0.	  132.	    0.	    0.	 9873.]
2025-09-09 11:36:50,625 - INFO - model saved 47 times, last saved epoch: 89.

2025-09-09 11:36:53,419 - INFO - Epoch 98, Train loss: 0.016566142439842224.
2025-09-09 11:36:54,362 - INFO - mIoU: 0.9597; OA: 0.9845; AA: 0.9772; F1: 0.9794; Kappa: 0.9733;
2025-09-09 11:36:54,363 - INFO - spatial_LccAccuracy: 0.9311; spatial_PA: 0.9828; spatial_UA: 0.9914; spatial_F1: 0.9871
2025-09-09 11:36:54,363 - INFO - temporal_CdAccuracy: 0.7496; temporal_PA: 0.9627; temporal_UA: 0.9489; temporal_F1: 0.9558
2025-09-09 11:36:54,363 - INFO - Confusion Matrix
 [69072.	  632.	    2.	   11.	   46.]
 [  998.	49689.	   53.	   17.	   99.]
 [    2.	  121.	 2108.	    0.	    0.]
 [   12.	   13.	    0.	 1280.	    0.]
 [    2.	   65.	    0.	    0.	 9938.]
2025-09-09 11:36:54,404 - INFO - Epoch 98 saved.
2025-09-09 11:36:54,404 - INFO - model saved 48 times, last saved epoch: 98.

