2025-09-09 11:05:45,092 - INFO - Epoch 0, Train loss: 1.4375474452972412.
2025-09-09 11:05:45,953 - INFO - mIoU: 0.1271; OA: 0.5499; AA: 0.2206; F1: 0.4412; Kappa: 0.0906;
2025-09-09 11:05:45,954 - INFO - spatial_LccAccuracy: 0.0886; spatial_PA: 0.4831; spatial_UA: 0.4836; spatial_F1: 0.4834
2025-09-09 11:05:45,954 - INFO - temporal_CdAccuracy: 0.1637; temporal_PA: 0.4973; temporal_UA: 0.4939; temporal_F1: 0.4955
2025-09-09 11:05:45,954 - INFO - Confusion Matrix
 [68355.	  114.	    0.	    0.	    0.]
 [46488.	 5422.	    0.	    0.	    0.]
 [ 2045.	  199.	    0.	    0.	    0.]
 [ 1319.	    0.	    0.	    0.	    0.]
 [10218.	    0.	    0.	    0.	    0.]
2025-09-09 11:05:46,006 - INFO - Epoch 0 saved.
2025-09-09 11:05:46,007 - INFO - model saved 1 times, last saved epoch: 0.

2025-09-09 11:05:48,665 - INFO - Epoch 1, Train loss: 1.207751750946045.
2025-09-09 11:05:49,510 - INFO - mIoU: 0.1994; OA: 0.6567; AA: 0.2785; F1: 0.6601; Kappa: 0.3326;
2025-09-09 11:05:49,511 - INFO - spatial_LccAccuracy: 0.1552; spatial_PA: 0.7004; spatial_UA: 0.6413; spatial_F1: 0.6695
2025-09-09 11:05:49,511 - INFO - temporal_CdAccuracy: 0.203; temporal_PA: 0.5505; temporal_UA: 0.5456; temporal_F1: 0.5481
2025-09-09 11:05:49,512 - INFO - Confusion Matrix
 [65412.	 3057.	    0.	    0.	    0.]
 [29222.	22688.	    0.	    0.	    0.]
 [ 1081.	 1163.	    0.	    0.	    0.]
 [ 1318.	    1.	    0.	    0.	    0.]
 [10198.	   20.	    0.	    0.	    0.]
2025-09-09 11:05:49,597 - INFO - Epoch 1 saved.
2025-09-09 11:05:49,598 - INFO - model saved 2 times, last saved epoch: 1.

2025-09-09 11:05:52,393 - INFO - Epoch 2, Train loss: 0.9802140593528748.
2025-09-09 11:05:53,194 - INFO - mIoU: 0.2332; OA: 0.7031; AA: 0.3083; F1: 0.7362; Kappa: 0.4426;
2025-09-09 11:05:53,194 - INFO - spatial_LccAccuracy: 0.1856; spatial_PA: 0.733; spatial_UA: 0.6596; spatial_F1: 0.6943
2025-09-09 11:05:53,195 - INFO - temporal_CdAccuracy: 0.237; temporal_PA: 0.6246; temporal_UA: 0.5945; temporal_F1: 0.6092
2025-09-09 11:05:53,196 - INFO - Confusion Matrix
 [59171.	 9298.	    0.	    0.	    0.]
 [16747.	35163.	    0.	    0.	    0.]
 [  253.	 1991.	    0.	    0.	    0.]
 [ 1298.	   21.	    0.	    0.	    0.]
 [10078.	  140.	    0.	    0.	    0.]
2025-09-09 11:05:53,291 - INFO - Epoch 2 saved.
2025-09-09 11:05:53,292 - INFO - model saved 3 times, last saved epoch: 2.

2025-09-09 11:05:56,131 - INFO - Epoch 3, Train loss: 0.7644873261451721.
2025-09-09 11:05:56,949 - INFO - mIoU: 0.2709; OA: 0.7655; AA: 0.3404; F1: 0.8076; Kappa: 0.5659;
2025-09-09 11:05:56,950 - INFO - spatial_LccAccuracy: 0.2487; spatial_PA: 0.8372; spatial_UA: 0.7507; spatial_F1: 0.7916
2025-09-09 11:05:56,950 - INFO - temporal_CdAccuracy: 0.2674; temporal_PA: 0.6862; temporal_UA: 0.6088; temporal_F1: 0.6452
2025-09-09 11:05:56,951 - INFO - Confusion Matrix
 [59320.	 9149.	    0.	    0.	    0.]
 [ 8533.	43377.	    0.	    0.	    0.]
 [   31.	 2213.	    0.	    0.	    0.]
 [ 1289.	   30.	    0.	    0.	    0.]
 [10045.	  173.	    0.	    0.	    0.]
2025-09-09 11:05:56,992 - INFO - Epoch 3 saved.
2025-09-09 11:05:56,993 - INFO - model saved 4 times, last saved epoch: 3.

2025-09-09 11:05:59,751 - INFO - Epoch 4, Train loss: 0.5493010878562927.
2025-09-09 11:06:00,579 - INFO - mIoU: 0.4945; OA: 0.8739; AA: 0.5397; F1: 0.9024; Kappa: 0.7791;
2025-09-09 11:06:00,580 - INFO - spatial_LccAccuracy: 0.4208; spatial_PA: 0.9165; spatial_UA: 0.8669; spatial_F1: 0.891
2025-09-09 11:06:00,580 - INFO - temporal_CdAccuracy: 0.3345; temporal_PA: 0.7309; temporal_UA: 0.6364; temporal_F1: 0.6803
2025-09-09 11:06:00,581 - INFO - Confusion Matrix
 [61581.	 6888.	    0.	    0.	    0.]
 [ 5492.	46418.	    0.	    0.	    0.]
 [   11.	 2233.	    0.	    0.	    0.]
 [ 1299.	   20.	    0.	    0.	    0.]
 [  814.	  158.	    0.	    0.	 9246.]
2025-09-09 11:06:00,813 - INFO - Epoch 4 saved.
2025-09-09 11:06:00,813 - INFO - model saved 5 times, last saved epoch: 4.

2025-09-09 11:06:03,662 - INFO - Epoch 5, Train loss: 0.418163537979126.
2025-09-09 11:06:04,497 - INFO - mIoU: 0.5082; OA: 0.8899; AA: 0.5498; F1: 0.6877; Kappa: 0.8078;
2025-09-09 11:06:04,498 - INFO - spatial_LccAccuracy: 0.4535; spatial_PA: 0.9298; spatial_UA: 0.8791; spatial_F1: 0.9037
2025-09-09 11:06:04,498 - INFO - temporal_CdAccuracy: 0.377; temporal_PA: 0.7582; temporal_UA: 0.66; temporal_F1: 0.7057
2025-09-09 11:06:04,499 - INFO - Confusion Matrix
 [61810.	 6658.	    0.	    0.	    1.]
 [ 3689.	48218.	    0.	    0.	    3.]
 [   22.	 2219.	    3.	    0.	    0.]
 [ 1273.	   46.	    0.	    0.	    0.]
 [  667.	  191.	    0.	    0.	 9360.]
2025-09-09 11:06:04,553 - INFO - Epoch 5 saved.
2025-09-09 11:06:04,554 - INFO - model saved 6 times, last saved epoch: 5.

2025-09-09 11:06:07,242 - INFO - Epoch 6, Train loss: 0.3390811085700989.
2025-09-09 11:06:08,067 - INFO - mIoU: 0.591; OA: 0.9081; AA: 0.627; F1: 0.8278; Kappa: 0.8399;
2025-09-09 11:06:08,067 - INFO - spatial_LccAccuracy: 0.5085; spatial_PA: 0.9302; spatial_UA: 0.882; spatial_F1: 0.9055
2025-09-09 11:06:08,067 - INFO - temporal_CdAccuracy: 0.403; temporal_PA: 0.7676; temporal_UA: 0.681; temporal_F1: 0.7217
2025-09-09 11:06:08,068 - INFO - Confusion Matrix
 [63408.	 5059.	    0.	    0.	    2.]
 [ 3635.	48253.	   16.	    0.	    6.]
 [   21.	 1408.	  815.	    0.	    0.]
 [ 1222.	   96.	    1.	    0.	    0.]
 [  687.	  171.	    0.	    0.	 9360.]
2025-09-09 11:06:08,112 - INFO - Epoch 6 saved.
2025-09-09 11:06:08,113 - INFO - model saved 7 times, last saved epoch: 6.

2025-09-09 11:06:10,823 - INFO - Epoch 7, Train loss: 0.28377243876457214.
2025-09-09 11:06:11,741 - INFO - mIoU: 0.6531; OA: 0.9214; AA: 0.6866; F1: 0.8947; Kappa: 0.8631;
2025-09-09 11:06:11,742 - INFO - spatial_LccAccuracy: 0.5792; spatial_PA: 0.9285; spatial_UA: 0.8817; spatial_F1: 0.9045
2025-09-09 11:06:11,742 - INFO - temporal_CdAccuracy: 0.4513; temporal_PA: 0.7748; temporal_UA: 0.7069; temporal_F1: 0.7393
2025-09-09 11:06:11,743 - INFO - Confusion Matrix
 [64789.	 3644.	    2.	    0.	   34.]
 [ 3835.	48009.	   41.	    0.	   25.]
 [   17.	  779.	 1448.	    0.	    0.]
 [ 1191.	  127.	    1.	    0.	    0.]
 [  697.	  155.	    0.	    0.	 9366.]
2025-09-09 11:06:11,789 - INFO - Epoch 7 saved.
2025-09-09 11:06:11,790 - INFO - model saved 8 times, last saved epoch: 7.

2025-09-09 11:06:14,559 - INFO - Epoch 8, Train loss: 0.24440822005271912.
2025-09-09 11:06:15,413 - INFO - mIoU: 0.6802; OA: 0.9282; AA: 0.713; F1: 0.7357; Kappa: 0.8754;
2025-09-09 11:06:15,413 - INFO - spatial_LccAccuracy: 0.606; spatial_PA: 0.9296; spatial_UA: 0.8844; spatial_F1: 0.9065
2025-09-09 11:06:15,413 - INFO - temporal_CdAccuracy: 0.4758; temporal_PA: 0.7866; temporal_UA: 0.7262; temporal_F1: 0.7552
2025-09-09 11:06:15,414 - INFO - Confusion Matrix
 [64654.	 3772.	    3.	    5.	   35.]
 [ 3068.	48762.	   53.	    0.	   27.]
 [   15.	  537.	 1692.	    0.	    0.]
 [ 1110.	  200.	    1.	    8.	    0.]
 [  610.	  192.	    0.	    0.	 9416.]
2025-09-09 11:06:15,460 - INFO - Epoch 8 saved.
2025-09-09 11:06:15,460 - INFO - model saved 9 times, last saved epoch: 8.

2025-09-09 11:06:18,281 - INFO - Epoch 9, Train loss: 0.21378779411315918.
2025-09-09 11:06:19,121 - INFO - mIoU: 0.7311; OA: 0.9365; AA: 0.7662; F1: 0.8023; Kappa: 0.8901;
2025-09-09 11:06:19,121 - INFO - spatial_LccAccuracy: 0.6436; spatial_PA: 0.9217; spatial_UA: 0.8895; spatial_F1: 0.9053
2025-09-09 11:06:19,122 - INFO - temporal_CdAccuracy: 0.5049; temporal_PA: 0.7921; temporal_UA: 0.7456; temporal_F1: 0.7682
2025-09-09 11:06:19,123 - INFO - Confusion Matrix
 [65299.	 3015.	    3.	   84.	   68.]
 [ 2991.	48784.	   84.	   17.	   34.]
 [    8.	  369.	 1867.	    0.	    0.]
 [  853.	  227.	    1.	  238.	    0.]
 [  539.	  224.	    0.	    0.	 9455.]
2025-09-09 11:06:19,167 - INFO - Epoch 9 saved.
2025-09-09 11:06:19,167 - INFO - model saved 10 times, last saved epoch: 9.

2025-09-09 11:06:21,965 - INFO - Epoch 10, Train loss: 0.1876659095287323.
2025-09-09 11:06:22,877 - INFO - mIoU: 0.7691; OA: 0.941; AA: 0.8112; F1: 0.8457; Kappa: 0.8982;
2025-09-09 11:06:22,877 - INFO - spatial_LccAccuracy: 0.6753; spatial_PA: 0.9256; spatial_UA: 0.8975; spatial_F1: 0.9113
2025-09-09 11:06:22,877 - INFO - temporal_CdAccuracy: 0.5224; temporal_PA: 0.8015; temporal_UA: 0.7596; temporal_F1: 0.78
2025-09-09 11:06:22,878 - INFO - Confusion Matrix
 [65597.	 2618.	    3.	  120.	  131.]
 [ 3074.	48624.	  119.	   39.	   54.]
 [    7.	  294.	 1943.	    0.	    0.]
 [  694.	  157.	    1.	  467.	    0.]
 [  410.	  190.	    0.	    0.	 9618.]
2025-09-09 11:06:22,942 - INFO - Epoch 10 saved.
2025-09-09 11:06:22,942 - INFO - model saved 11 times, last saved epoch: 10.

2025-09-09 11:06:25,766 - INFO - Epoch 11, Train loss: 0.16900473833084106.
2025-09-09 11:06:26,612 - INFO - mIoU: 0.7838; OA: 0.9455; AA: 0.8182; F1: 0.8584; Kappa: 0.9061;
2025-09-09 11:06:26,612 - INFO - spatial_LccAccuracy: 0.6936; spatial_PA: 0.9428; spatial_UA: 0.8985; spatial_F1: 0.9201
2025-09-09 11:06:26,613 - INFO - temporal_CdAccuracy: 0.5635; temporal_PA: 0.8151; temporal_UA: 0.7854; temporal_F1: 0.8
2025-09-09 11:06:26,613 - INFO - Confusion Matrix
 [65309.	 2946.	    4.	   31.	  179.]
 [ 2340.	49405.	   65.	   37.	   63.]
 [    6.	  304.	 1934.	    0.	    0.]
 [  664.	  163.	    0.	  492.	    0.]
 [  307.	  199.	    0.	    0.	 9712.]
2025-09-09 11:06:26,655 - INFO - Epoch 11 saved.
2025-09-09 11:06:26,655 - INFO - model saved 12 times, last saved epoch: 11.

2025-09-09 11:06:29,416 - INFO - Epoch 12, Train loss: 0.15292146801948547.
2025-09-09 11:06:30,271 - INFO - mIoU: 0.8336; OA: 0.9529; AA: 0.8839; F1: 0.9015; Kappa: 0.9192;
2025-09-09 11:06:30,271 - INFO - spatial_LccAccuracy: 0.7406; spatial_PA: 0.9447; spatial_UA: 0.9466; spatial_F1: 0.9457
2025-09-09 11:06:30,272 - INFO - temporal_CdAccuracy: 0.6064; temporal_PA: 0.8465; temporal_UA: 0.8077; temporal_F1: 0.8267
2025-09-09 11:06:30,272 - INFO - Confusion Matrix
 [65673.	 2474.	    4.	  113.	  205.]
 [ 2144.	49488.	  120.	  108.	   50.]
 [    4.	  201.	 2039.	    0.	    0.]
 [  390.	   85.	    1.	  843.	    0.]
 [  205.	  213.	    0.	    0.	 9800.]
2025-09-09 11:06:30,315 - INFO - Epoch 12 saved.
2025-09-09 11:06:30,316 - INFO - model saved 13 times, last saved epoch: 12.

2025-09-09 11:06:33,227 - INFO - Epoch 13, Train loss: 0.14023824036121368.
2025-09-09 11:06:34,067 - INFO - mIoU: 0.8396; OA: 0.9558; AA: 0.8742; F1: 0.9051; Kappa: 0.9239;
2025-09-09 11:06:34,067 - INFO - spatial_LccAccuracy: 0.7518; spatial_PA: 0.9553; spatial_UA: 0.9297; spatial_F1: 0.9423
2025-09-09 11:06:34,068 - INFO - temporal_CdAccuracy: 0.6234; temporal_PA: 0.8474; temporal_UA: 0.8235; temporal_F1: 0.8353
2025-09-09 11:06:34,068 - INFO - Confusion Matrix
 [66190.	 2164.	    3.	   22.	   90.]
 [ 2192.	49530.	   82.	   80.	   26.]
 [    4.	  206.	 2034.	    0.	    0.]
 [  443.	   91.	    0.	  785.	    0.]
 [  339.	  186.	    0.	    0.	 9693.]
2025-09-09 11:06:34,119 - INFO - Epoch 13 saved.
2025-09-09 11:06:34,120 - INFO - model saved 14 times, last saved epoch: 13.

2025-09-09 11:06:36,882 - INFO - Epoch 14, Train loss: 0.12981003522872925.
2025-09-09 11:06:37,732 - INFO - mIoU: 0.8556; OA: 0.9588; AA: 0.8894; F1: 0.9173; Kappa: 0.9291;
2025-09-09 11:06:37,732 - INFO - spatial_LccAccuracy: 0.7777; spatial_PA: 0.9606; spatial_UA: 0.9483; spatial_F1: 0.9544
2025-09-09 11:06:37,732 - INFO - temporal_CdAccuracy: 0.6561; temporal_PA: 0.8638; temporal_UA: 0.8368; temporal_F1: 0.8501
2025-09-09 11:06:37,733 - INFO - Confusion Matrix
 [66401.	 1989.	    3.	   19.	   57.]
 [ 2026.	49709.	   70.	   92.	   13.]
 [    4.	  207.	 2033.	    0.	    0.]
 [  314.	  116.	    0.	  889.	    0.]
 [  414.	  201.	    0.	    0.	 9603.]
2025-09-09 11:06:37,775 - INFO - Epoch 14 saved.
2025-09-09 11:06:37,776 - INFO - model saved 15 times, last saved epoch: 14.

2025-09-09 11:06:40,650 - INFO - Epoch 15, Train loss: 0.11870647966861725.
2025-09-09 11:06:41,510 - INFO - mIoU: 0.8613; OA: 0.9598; AA: 0.8962; F1: 0.9211; Kappa: 0.9309;
2025-09-09 11:06:41,511 - INFO - spatial_LccAccuracy: 0.7804; spatial_PA: 0.9598; spatial_UA: 0.9488; spatial_F1: 0.9543
2025-09-09 11:06:41,511 - INFO - temporal_CdAccuracy: 0.6583; temporal_PA: 0.8738; temporal_UA: 0.8474; temporal_F1: 0.8604
2025-09-09 11:06:41,512 - INFO - Confusion Matrix
 [66074.	 2321.	    3.	   17.	   54.]
 [ 1599.	50128.	   82.	   94.	    7.]
 [    4.	  173.	 2067.	    0.	    0.]
 [  271.	  137.	    0.	  911.	    0.]
 [  408.	  222.	    0.	    0.	 9588.]
2025-09-09 11:06:41,554 - INFO - Epoch 15 saved.
2025-09-09 11:06:41,555 - INFO - model saved 16 times, last saved epoch: 15.

2025-09-09 11:06:44,429 - INFO - Epoch 16, Train loss: 0.11199527233839035.
2025-09-09 11:06:45,281 - INFO - mIoU: 0.8783; OA: 0.9596; AA: 0.9251; F1: 0.9332; Kappa: 0.9309;
2025-09-09 11:06:45,282 - INFO - spatial_LccAccuracy: 0.7706; spatial_PA: 0.9585; spatial_UA: 0.9756; spatial_F1: 0.967
2025-09-09 11:06:45,282 - INFO - temporal_CdAccuracy: 0.6699; temporal_PA: 0.8858; temporal_UA: 0.8385; temporal_F1: 0.8615
2025-09-09 11:06:45,283 - INFO - Confusion Matrix
 [65306.	 2957.	    3.	   65.	  138.]
 [ 1116.	50568.	   78.	  128.	   20.]
 [    3.	  179.	 2062.	    0.	    0.]
 [  109.	  118.	    0.	 1092.	    0.]
 [  278.	  225.	    0.	    0.	 9715.]
2025-09-09 11:06:45,325 - INFO - Epoch 16 saved.
2025-09-09 11:06:45,326 - INFO - model saved 17 times, last saved epoch: 16.

2025-09-09 11:06:48,073 - INFO - Epoch 17, Train loss: 0.10318510979413986.
2025-09-09 11:06:48,940 - INFO - mIoU: 0.8916; OA: 0.9626; AA: 0.9397; F1: 0.9412; Kappa: 0.9362;
2025-09-09 11:06:48,940 - INFO - spatial_LccAccuracy: 0.788; spatial_PA: 0.9632; spatial_UA: 0.9789; spatial_F1: 0.971
2025-09-09 11:06:48,941 - INFO - temporal_CdAccuracy: 0.6699; temporal_PA: 0.8869; temporal_UA: 0.8492; temporal_F1: 0.8677
2025-09-09 11:06:48,941 - INFO - Confusion Matrix
 [65285.	 2979.	    3.	   56.	  146.]
 [  950.	50693.	   83.	  140.	   44.]
 [    1.	  176.	 2067.	    0.	    0.]
 [   70.	   97.	    0.	 1152.	    0.]
 [   88.	  178.	    0.	    0.	 9952.]
2025-09-09 11:06:48,997 - INFO - Epoch 17 saved.
2025-09-09 11:06:48,998 - INFO - model saved 18 times, last saved epoch: 17.

2025-09-09 11:06:51,840 - INFO - Epoch 18, Train loss: 0.09980954229831696.
2025-09-09 11:06:52,690 - INFO - mIoU: 0.9021; OA: 0.9675; AA: 0.9422; F1: 0.9474; Kappa: 0.9443;
2025-09-09 11:06:52,691 - INFO - spatial_LccAccuracy: 0.8336; spatial_PA: 0.9702; spatial_UA: 0.9773; spatial_F1: 0.9737
2025-09-09 11:06:52,691 - INFO - temporal_CdAccuracy: 0.6963; temporal_PA: 0.8987; temporal_UA: 0.8765; temporal_F1: 0.8875
2025-09-09 11:06:52,692 - INFO - Confusion Matrix
 [66593.	 1796.	    3.	   19.	   58.]
 [ 1540.	50130.	   89.	  136.	   15.]
 [    4.	  143.	 2097.	    0.	    0.]
 [  110.	   53.	    0.	 1156.	    0.]
 [  215.	  176.	    0.	    0.	 9827.]
2025-09-09 11:06:52,737 - INFO - Epoch 18 saved.
2025-09-09 11:06:52,737 - INFO - model saved 19 times, last saved epoch: 18.

2025-09-09 11:06:55,474 - INFO - Epoch 19, Train loss: 0.0925530418753624.
2025-09-09 11:06:56,342 - INFO - mIoU: 0.898; OA: 0.9694; AA: 0.9315; F1: 0.9446; Kappa: 0.9474;
2025-09-09 11:06:56,342 - INFO - spatial_LccAccuracy: 0.8386; spatial_PA: 0.9622; spatial_UA: 0.9786; spatial_F1: 0.9703
2025-09-09 11:06:56,343 - INFO - temporal_CdAccuracy: 0.6968; temporal_PA: 0.9034; temporal_UA: 0.8837; temporal_F1: 0.8934
2025-09-09 11:06:56,343 - INFO - Confusion Matrix
 [67128.	 1317.	    3.	    7.	   14.]
 [ 1737.	49958.	   87.	  111.	   17.]
 [    4.	  146.	 2094.	    0.	    0.]
 [  116.	  117.	    0.	 1086.	    0.]
 [  271.	  157.	    0.	    0.	 9790.]
2025-09-09 11:06:56,345 - INFO - model saved 19 times, last saved epoch: 18.

2025-09-09 11:06:59,149 - INFO - Epoch 20, Train loss: 0.08870173990726471.
2025-09-09 11:07:00,001 - INFO - mIoU: 0.9057; OA: 0.9667; AA: 0.955; F1: 0.9495; Kappa: 0.9431;
2025-09-09 11:07:00,001 - INFO - spatial_LccAccuracy: 0.8135; spatial_PA: 0.9632; spatial_UA: 0.9789; spatial_F1: 0.971
2025-09-09 11:07:00,001 - INFO - temporal_CdAccuracy: 0.6775; temporal_PA: 0.9059; temporal_UA: 0.8653; temporal_F1: 0.8851
2025-09-09 11:07:00,002 - INFO - Confusion Matrix
 [65518.	 2743.	    3.	   57.	  148.]
 [  803.	50809.	   98.	  140.	   60.]
 [    1.	  138.	 2105.	    0.	    0.]
 [   52.	   56.	    0.	 1211.	    0.]
 [   29.	  143.	    0.	    0.	10046.]
2025-09-09 11:07:00,055 - INFO - Epoch 20 saved.
2025-09-09 11:07:00,056 - INFO - model saved 20 times, last saved epoch: 20.

2025-09-09 11:07:02,823 - INFO - Epoch 21, Train loss: 0.08742590993642807.
2025-09-09 11:07:03,658 - INFO - mIoU: 0.9039; OA: 0.9693; AA: 0.9397; F1: 0.9486; Kappa: 0.9472;
2025-09-09 11:07:03,659 - INFO - spatial_LccAccuracy: 0.8444; spatial_PA: 0.9708; spatial_UA: 0.9793; spatial_F1: 0.975
2025-09-09 11:07:03,659 - INFO - temporal_CdAccuracy: 0.7053; temporal_PA: 0.9102; temporal_UA: 0.8943; temporal_F1: 0.9022
2025-09-09 11:07:03,660 - INFO - Confusion Matrix
 [66918.	 1540.	    3.	    7.	    1.]
 [ 1392.	50296.	  101.	  117.	    4.]
 [    4.	  126.	 2114.	    0.	    0.]
 [   98.	   67.	    0.	 1154.	    0.]
 [  468.	  193.	    0.	    0.	 9557.]
2025-09-09 11:07:03,661 - INFO - model saved 20 times, last saved epoch: 20.

2025-09-09 11:07:06,470 - INFO - Epoch 22, Train loss: 0.08163045346736908.
2025-09-09 11:07:07,405 - INFO - mIoU: 0.9186; OA: 0.9736; AA: 0.9595; F1: 0.9568; Kappa: 0.9548;
2025-09-09 11:07:07,405 - INFO - spatial_LccAccuracy: 0.8591; spatial_PA: 0.9728; spatial_UA: 0.9865; spatial_F1: 0.9796
2025-09-09 11:07:07,405 - INFO - temporal_CdAccuracy: 0.7138; temporal_PA: 0.9167; temporal_UA: 0.8967; temporal_F1: 0.9066
2025-09-09 11:07:07,406 - INFO - Confusion Matrix
 [67210.	 1150.	    2.	   15.	   92.]
 [ 1552.	50038.	   92.	  146.	   82.]
 [    4.	  127.	 2113.	    0.	    0.]
 [   64.	   31.	    0.	 1224.	    0.]
 [   88.	   92.	    0.	    0.	10038.]
2025-09-09 11:07:07,452 - INFO - Epoch 22 saved.
2025-09-09 11:07:07,452 - INFO - model saved 21 times, last saved epoch: 22.

2025-09-09 11:07:10,258 - INFO - Epoch 23, Train loss: 0.07724101096391678.
2025-09-09 11:07:11,075 - INFO - mIoU: 0.9195; OA: 0.9746; AA: 0.9631; F1: 0.9572; Kappa: 0.9565;
2025-09-09 11:07:11,075 - INFO - spatial_LccAccuracy: 0.8582; spatial_PA: 0.9669; spatial_UA: 0.9859; spatial_F1: 0.9763
2025-09-09 11:07:11,075 - INFO - temporal_CdAccuracy: 0.7111; temporal_PA: 0.9216; temporal_UA: 0.9003; temporal_F1: 0.9108
2025-09-09 11:07:11,075 - INFO - Confusion Matrix
 [67102.	 1267.	    3.	   36.	   61.]
 [ 1353.	50252.	  114.	  144.	   47.]
 [    2.	  106.	 2136.	    0.	    0.]
 [   54.	   33.	    0.	 1232.	    0.]
 [   73.	  116.	    0.	    0.	10029.]
2025-09-09 11:07:11,117 - INFO - Epoch 23 saved.
2025-09-09 11:07:11,118 - INFO - model saved 22 times, last saved epoch: 23.

2025-09-09 11:07:14,027 - INFO - Epoch 24, Train loss: 0.0759030133485794.
2025-09-09 11:07:14,858 - INFO - mIoU: 0.9173; OA: 0.9744; AA: 0.9491; F1: 0.956; Kappa: 0.9559;
2025-09-09 11:07:14,858 - INFO - spatial_LccAccuracy: 0.8748; spatial_PA: 0.9738; spatial_UA: 0.9802; spatial_F1: 0.977
2025-09-09 11:07:14,859 - INFO - temporal_CdAccuracy: 0.7223; temporal_PA: 0.9176; temporal_UA: 0.9035; temporal_F1: 0.9105
2025-09-09 11:07:14,860 - INFO - Confusion Matrix
 [67672.	  765.	    1.	    7.	   24.]
 [ 1902.	49770.	   55.	  120.	   63.]
 [    5.	  192.	 2047.	    0.	    0.]
 [   98.	   29.	    0.	 1192.	    0.]
 [   75.	  105.	    0.	    0.	10038.]
2025-09-09 11:07:14,861 - INFO - model saved 22 times, last saved epoch: 23.

2025-09-09 11:07:17,748 - INFO - Epoch 25, Train loss: 0.07129421830177307.
2025-09-09 11:07:18,646 - INFO - mIoU: 0.9236; OA: 0.9763; AA: 0.9593; F1: 0.9596; Kappa: 0.9593;
2025-09-09 11:07:18,647 - INFO - spatial_LccAccuracy: 0.8681; spatial_PA: 0.9656; spatial_UA: 0.9845; spatial_F1: 0.975
2025-09-09 11:07:18,647 - INFO - temporal_CdAccuracy: 0.7156; temporal_PA: 0.9229; temporal_UA: 0.9073; temporal_F1: 0.9151
2025-09-09 11:07:18,648 - INFO - Confusion Matrix
 [67101.	 1321.	    2.	   27.	   18.]
 [ 1150.	50515.	   65.	  126.	   54.]
 [    2.	  167.	 2075.	    0.	    0.]
 [   45.	   41.	    0.	 1233.	    0.]
 [   49.	  117.	    0.	    0.	10052.]
2025-09-09 11:07:18,689 - INFO - Epoch 25 saved.
2025-09-09 11:07:18,690 - INFO - model saved 23 times, last saved epoch: 25.

2025-09-09 11:07:21,556 - INFO - Epoch 26, Train loss: 0.07071547210216522.
2025-09-09 11:07:22,437 - INFO - mIoU: 0.9224; OA: 0.9757; AA: 0.9511; F1: 0.9589; Kappa: 0.9583;
2025-09-09 11:07:22,438 - INFO - spatial_LccAccuracy: 0.8788; spatial_PA: 0.974; spatial_UA: 0.984; spatial_F1: 0.979
2025-09-09 11:07:22,438 - INFO - temporal_CdAccuracy: 0.7102; temporal_PA: 0.9186; temporal_UA: 0.9081; temporal_F1: 0.9134
2025-09-09 11:07:22,439 - INFO - Confusion Matrix
 [67317.	 1141.	    3.	    7.	    1.]
 [ 1322.	50390.	  108.	   68.	   22.]
 [    3.	   96.	 2145.	    0.	    0.]
 [   89.	   72.	    0.	 1158.	    0.]
 [  149.	  180.	    0.	    0.	 9889.]
2025-09-09 11:07:22,440 - INFO - model saved 23 times, last saved epoch: 25.

2025-09-09 11:07:25,223 - INFO - Epoch 27, Train loss: 0.06688208878040314.
2025-09-09 11:07:26,128 - INFO - mIoU: 0.9266; OA: 0.9776; AA: 0.9672; F1: 0.9612; Kappa: 0.9615;
2025-09-09 11:07:26,128 - INFO - spatial_LccAccuracy: 0.8739; spatial_PA: 0.9687; spatial_UA: 0.9854; spatial_F1: 0.977
2025-09-09 11:07:26,128 - INFO - temporal_CdAccuracy: 0.7196; temporal_PA: 0.9336; temporal_UA: 0.9138; temporal_F1: 0.9236
2025-09-09 11:07:26,128 - INFO - Confusion Matrix
 [67541.	  882.	    2.	   23.	   21.]
 [ 1444.	50160.	  109.	  149.	   48.]
 [    5.	  105.	 2134.	    0.	    0.]
 [   50.	   20.	    0.	 1249.	    0.]
 [   25.	  126.	    0.	    0.	10067.]
2025-09-09 11:07:26,171 - INFO - Epoch 27 saved.
2025-09-09 11:07:26,172 - INFO - model saved 24 times, last saved epoch: 27.

2025-09-09 11:07:28,982 - INFO - Epoch 28, Train loss: 0.06471201032400131.
2025-09-09 11:07:29,929 - INFO - mIoU: 0.9113; OA: 0.9767; AA: 0.9286; F1: 0.952; Kappa: 0.96;
2025-09-09 11:07:29,930 - INFO - spatial_LccAccuracy: 0.8739; spatial_PA: 0.9659; spatial_UA: 0.9856; spatial_F1: 0.9756
2025-09-09 11:07:29,930 - INFO - temporal_CdAccuracy: 0.712; temporal_PA: 0.9254; temporal_UA: 0.9083; temporal_F1: 0.9167
2025-09-09 11:07:29,931 - INFO - Confusion Matrix
 [67104.	 1355.	    1.	    8.	    1.]
 [  985.	50847.	   36.	   25.	   17.]
 [    3.	  201.	 2040.	    0.	    0.]
 [   52.	  216.	    0.	 1051.	    0.]
 [   55.	  173.	    0.	    0.	 9990.]
2025-09-09 11:07:29,932 - INFO - model saved 24 times, last saved epoch: 27.

2025-09-09 11:07:32,872 - INFO - Epoch 29, Train loss: 0.05991232395172119.
2025-09-09 11:07:33,768 - INFO - mIoU: 0.9113; OA: 0.9698; AA: 0.934; F1: 0.9526; Kappa: 0.9483;
2025-09-09 11:07:33,768 - INFO - spatial_LccAccuracy: 0.8551; spatial_PA: 0.9712; spatial_UA: 0.9776; spatial_F1: 0.9744
2025-09-09 11:07:33,769 - INFO - temporal_CdAccuracy: 0.6816; temporal_PA: 0.9169; temporal_UA: 0.8843; temporal_F1: 0.9003
2025-09-09 11:07:33,769 - INFO - Confusion Matrix
 [65727.	 2730.	    3.	    8.	    1.]
 [  531.	51291.	   61.	   23.	    4.]
 [    2.	  171.	 2071.	    0.	    0.]
 [   52.	  176.	    0.	 1091.	    0.]
 [   31.	  257.	    0.	    0.	 9930.]
2025-09-09 11:07:33,770 - INFO - model saved 24 times, last saved epoch: 27.

2025-09-09 11:07:36,739 - INFO - Epoch 30, Train loss: 0.05901949107646942.
2025-09-09 11:07:37,590 - INFO - mIoU: 0.9249; OA: 0.9769; AA: 0.9441; F1: 0.9603; Kappa: 0.9603;
2025-09-09 11:07:37,590 - INFO - spatial_LccAccuracy: 0.8837; spatial_PA: 0.9849; spatial_UA: 0.98; spatial_F1: 0.9825
2025-09-09 11:07:37,590 - INFO - temporal_CdAccuracy: 0.716; temporal_PA: 0.9294; temporal_UA: 0.9121; temporal_F1: 0.9207
2025-09-09 11:07:37,591 - INFO - Confusion Matrix
 [67250.	 1214.	    0.	    5.	    0.]
 [ 1185.	50625.	   36.	   43.	   21.]
 [    4.	  174.	 2066.	    0.	    0.]
 [   99.	   78.	    0.	 1142.	    0.]
 [   82.	  158.	    0.	    0.	 9978.]
2025-09-09 11:07:37,593 - INFO - model saved 24 times, last saved epoch: 27.

2025-09-09 11:07:40,493 - INFO - Epoch 31, Train loss: 0.057425182312726974.
2025-09-09 11:07:41,383 - INFO - mIoU: 0.9211; OA: 0.9785; AA: 0.9761; F1: 0.9579; Kappa: 0.9632;
2025-09-09 11:07:41,383 - INFO - spatial_LccAccuracy: 0.8734; spatial_PA: 0.9744; spatial_UA: 0.9889; spatial_F1: 0.9816
2025-09-09 11:07:41,383 - INFO - temporal_CdAccuracy: 0.7165; temporal_PA: 0.9423; temporal_UA: 0.9177; temporal_F1: 0.9298
2025-09-09 11:07:41,384 - INFO - Confusion Matrix
 [67159.	 1250.	    4.	   40.	   16.]
 [  880.	50576.	  217.	  187.	   50.]
 [    3.	   58.	 2183.	    0.	    0.]
 [   37.	    8.	    0.	 1274.	    0.]
 [   20.	  119.	    0.	    0.	10079.]
2025-09-09 11:07:41,385 - INFO - model saved 24 times, last saved epoch: 27.

2025-09-09 11:07:44,146 - INFO - Epoch 32, Train loss: 0.0595904178917408.
2025-09-09 11:07:44,987 - INFO - mIoU: 0.9308; OA: 0.9778; AA: 0.9702; F1: 0.9636; Kappa: 0.962;
2025-09-09 11:07:44,988 - INFO - spatial_LccAccuracy: 0.8801; spatial_PA: 0.9614; spatial_UA: 0.9863; spatial_F1: 0.9737
2025-09-09 11:07:44,988 - INFO - temporal_CdAccuracy: 0.7174; temporal_PA: 0.9378; temporal_UA: 0.9129; temporal_F1: 0.9252
2025-09-09 11:07:44,989 - INFO - Confusion Matrix
 [67330.	 1101.	    3.	   34.	    1.]
 [ 1220.	50416.	  153.	  103.	   18.]
 [    4.	   76.	 2164.	    0.	    0.]
 [   37.	   27.	    0.	 1255.	    0.]
 [   13.	  184.	    0.	    0.	10021.]
2025-09-09 11:07:45,031 - INFO - Epoch 32 saved.
2025-09-09 11:07:45,031 - INFO - model saved 25 times, last saved epoch: 32.

2025-09-09 11:07:47,843 - INFO - Epoch 33, Train loss: 0.0530962273478508.
2025-09-09 11:07:48,691 - INFO - mIoU: 0.9283; OA: 0.9782; AA: 0.9621; F1: 0.9621; Kappa: 0.9625;
2025-09-09 11:07:48,692 - INFO - spatial_LccAccuracy: 0.8877; spatial_PA: 0.9861; spatial_UA: 0.9778; spatial_F1: 0.9819
2025-09-09 11:07:48,692 - INFO - temporal_CdAccuracy: 0.7272; temporal_PA: 0.9404; temporal_UA: 0.9237; temporal_F1: 0.9319
2025-09-09 11:07:48,693 - INFO - Confusion Matrix
 [67532.	  922.	    0.	   11.	    4.]
 [ 1368.	50267.	   69.	  132.	   74.]
 [    9.	  149.	 2086.	    0.	    0.]
 [   75.	    8.	    0.	 1236.	    0.]
 [   12.	   98.	    0.	    0.	10108.]
2025-09-09 11:07:48,694 - INFO - model saved 25 times, last saved epoch: 32.

2025-09-09 11:07:51,487 - INFO - Epoch 34, Train loss: 0.05342224985361099.
2025-09-09 11:07:52,375 - INFO - mIoU: 0.9376; OA: 0.9799; AA: 0.9578; F1: 0.9675; Kappa: 0.9654;
2025-09-09 11:07:52,375 - INFO - spatial_LccAccuracy: 0.8985; spatial_PA: 0.9811; spatial_UA: 0.9861; spatial_F1: 0.9836
2025-09-09 11:07:52,376 - INFO - temporal_CdAccuracy: 0.7285; temporal_PA: 0.9373; temporal_UA: 0.9207; temporal_F1: 0.9289
2025-09-09 11:07:52,376 - INFO - Confusion Matrix
 [67445.	 1015.	    1.	    8.	    0.]
 [ 1051.	50741.	   64.	   38.	   16.]
 [    4.	  149.	 2091.	    0.	    0.]
 [   55.	   52.	    0.	 1212.	    0.]
 [   68.	  180.	    0.	    0.	 9970.]
2025-09-09 11:07:52,418 - INFO - Epoch 34 saved.
2025-09-09 11:07:52,419 - INFO - model saved 26 times, last saved epoch: 34.

2025-09-09 11:07:55,301 - INFO - Epoch 35, Train loss: 0.05152386426925659.
2025-09-09 11:07:56,199 - INFO - mIoU: 0.9314; OA: 0.98; AA: 0.9708; F1: 0.9639; Kappa: 0.9657;
2025-09-09 11:07:56,199 - INFO - spatial_LccAccuracy: 0.8913; spatial_PA: 0.9795; spatial_UA: 0.9904; spatial_F1: 0.9849
2025-09-09 11:07:56,200 - INFO - temporal_CdAccuracy: 0.7343; temporal_PA: 0.9462; temporal_UA: 0.926; temporal_F1: 0.936
2025-09-09 11:07:56,201 - INFO - Confusion Matrix
 [67272.	 1175.	    1.	   21.	    0.]
 [  854.	50786.	   87.	  160.	   23.]
 [    4.	  115.	 2125.	    0.	    0.]
 [   35.	   10.	    0.	 1274.	    0.]
 [   35.	  163.	    0.	    4.	10016.]
2025-09-09 11:07:56,202 - INFO - model saved 26 times, last saved epoch: 34.

2025-09-09 11:07:59,001 - INFO - Epoch 36, Train loss: 0.048858240246772766.
2025-09-09 11:07:59,896 - INFO - mIoU: 0.9432; OA: 0.9805; AA: 0.9669; F1: 0.9705; Kappa: 0.9665;
2025-09-09 11:07:59,897 - INFO - spatial_LccAccuracy: 0.9003; spatial_PA: 0.9812; spatial_UA: 0.9899; spatial_F1: 0.9856
2025-09-09 11:07:59,897 - INFO - temporal_CdAccuracy: 0.7321; temporal_PA: 0.9492; temporal_UA: 0.926; temporal_F1: 0.9375
2025-09-09 11:07:59,898 - INFO - Confusion Matrix
 [67349.	 1104.	    1.	   11.	    4.]
 [ 1002.	50732.	   68.	   54.	   54.]
 [    3.	  137.	 2104.	    0.	    0.]
 [   40.	   30.	    0.	 1249.	    0.]
 [   16.	   98.	    0.	    0.	10104.]
2025-09-09 11:07:59,940 - INFO - Epoch 36 saved.
2025-09-09 11:07:59,941 - INFO - model saved 27 times, last saved epoch: 36.

2025-09-09 11:08:02,738 - INFO - Epoch 37, Train loss: 0.04899465665221214.
2025-09-09 11:08:03,651 - INFO - mIoU: 0.9427; OA: 0.9807; AA: 0.9667; F1: 0.9702; Kappa: 0.967;
2025-09-09 11:08:03,651 - INFO - spatial_LccAccuracy: 0.907; spatial_PA: 0.9795; spatial_UA: 0.9838; spatial_F1: 0.9816
2025-09-09 11:08:03,652 - INFO - temporal_CdAccuracy: 0.7384; temporal_PA: 0.9512; temporal_UA: 0.9289; temporal_F1: 0.9399
2025-09-09 11:08:03,653 - INFO - Confusion Matrix
 [67181.	 1253.	    1.	   12.	   22.]
 [  812.	50926.	   64.	   57.	   51.]
 [    3.	  139.	 2102.	    0.	    0.]
 [   38.	   35.	    0.	 1246.	    0.]
 [    9.	   92.	    0.	    0.	10117.]
2025-09-09 11:08:03,654 - INFO - model saved 27 times, last saved epoch: 36.

2025-09-09 11:08:06,524 - INFO - Epoch 38, Train loss: 0.048136867582798004.
2025-09-09 11:08:07,385 - INFO - mIoU: 0.9327; OA: 0.9785; AA: 0.95; F1: 0.9647; Kappa: 0.9632;
2025-09-09 11:08:07,386 - INFO - spatial_LccAccuracy: 0.8877; spatial_PA: 0.9788; spatial_UA: 0.9845; spatial_F1: 0.9816
2025-09-09 11:08:07,386 - INFO - temporal_CdAccuracy: 0.7223; temporal_PA: 0.9441; temporal_UA: 0.9164; temporal_F1: 0.93
2025-09-09 11:08:07,387 - INFO - Confusion Matrix
 [66793.	 1658.	    1.	    7.	   10.]
 [  646.	51171.	   49.	   16.	   28.]
 [    4.	  194.	 2046.	    0.	    0.]
 [   39.	  107.	    0.	 1173.	    0.]
 [    0.	  126.	    0.	    0.	10092.]
2025-09-09 11:08:07,388 - INFO - model saved 27 times, last saved epoch: 36.

2025-09-09 11:08:10,273 - INFO - Epoch 39, Train loss: 0.046636901795864105.
2025-09-09 11:08:11,087 - INFO - mIoU: 0.9424; OA: 0.9813; AA: 0.9604; F1: 0.97; Kappa: 0.9678;
2025-09-09 11:08:11,088 - INFO - spatial_LccAccuracy: 0.9083; spatial_PA: 0.9792; spatial_UA: 0.9894; spatial_F1: 0.9842
2025-09-09 11:08:11,088 - INFO - temporal_CdAccuracy: 0.7411; temporal_PA: 0.9402; temporal_UA: 0.9318; temporal_F1: 0.9359
2025-09-09 11:08:11,089 - INFO - Confusion Matrix
 [67459.	 1002.	    0.	    8.	    0.]
 [  966.	50834.	   51.	   32.	   27.]
 [    5.	  150.	 2089.	    0.	    0.]
 [   60.	   41.	    0.	 1218.	    0.]
 [    9.	  164.	    0.	    0.	10045.]
2025-09-09 11:08:11,090 - INFO - model saved 27 times, last saved epoch: 36.

2025-09-09 11:08:13,976 - INFO - Epoch 40, Train loss: 0.04457898065447807.
2025-09-09 11:08:14,834 - INFO - mIoU: 0.944; OA: 0.9802; AA: 0.9689; F1: 0.9709; Kappa: 0.966;
2025-09-09 11:08:14,834 - INFO - spatial_LccAccuracy: 0.9137; spatial_PA: 0.9871; spatial_UA: 0.9843; spatial_F1: 0.9857
2025-09-09 11:08:14,834 - INFO - temporal_CdAccuracy: 0.733; temporal_PA: 0.9519; temporal_UA: 0.9284; temporal_F1: 0.94
2025-09-09 11:08:14,835 - INFO - Confusion Matrix
 [67304.	 1150.	    1.	   14.	    0.]
 [  986.	50756.	   79.	   56.	   33.]
 [    4.	  117.	 2123.	    0.	    0.]
 [   40.	   22.	    0.	 1257.	    0.]
 [   35.	  122.	    0.	    0.	10061.]
2025-09-09 11:08:14,877 - INFO - Epoch 40 saved.
2025-09-09 11:08:14,878 - INFO - model saved 28 times, last saved epoch: 40.

2025-09-09 11:08:17,672 - INFO - Epoch 41, Train loss: 0.043744996190071106.
2025-09-09 11:08:18,496 - INFO - mIoU: 0.9309; OA: 0.9811; AA: 0.9775; F1: 0.9635; Kappa: 0.9677;
2025-09-09 11:08:18,497 - INFO - spatial_LccAccuracy: 0.8913; spatial_PA: 0.9815; spatial_UA: 0.991; spatial_F1: 0.9862
2025-09-09 11:08:18,497 - INFO - temporal_CdAccuracy: 0.7299; temporal_PA: 0.952; temporal_UA: 0.9272; temporal_F1: 0.9395
2025-09-09 11:08:18,498 - INFO - Confusion Matrix
 [67441.	  992.	    1.	   34.	    1.]
 [  893.	50639.	  163.	  165.	   50.]
 [    2.	   66.	 2176.	    0.	    0.]
 [   32.	    8.	    0.	 1279.	    0.]
 [    8.	  116.	    0.	    0.	10094.]
2025-09-09 11:08:18,499 - INFO - model saved 28 times, last saved epoch: 40.

2025-09-09 11:08:21,207 - INFO - Epoch 42, Train loss: 0.044108349829912186.
2025-09-09 11:08:22,016 - INFO - mIoU: 0.9372; OA: 0.9799; AA: 0.9711; F1: 0.9672; Kappa: 0.9655;
2025-09-09 11:08:22,017 - INFO - spatial_LccAccuracy: 0.8949; spatial_PA: 0.9824; spatial_UA: 0.9874; spatial_F1: 0.9849
2025-09-09 11:08:22,017 - INFO - temporal_CdAccuracy: 0.7366; temporal_PA: 0.9474; temporal_UA: 0.9268; temporal_F1: 0.937
2025-09-09 11:08:22,018 - INFO - Confusion Matrix
 [67123.	 1327.	    1.	   18.	    0.]
 [  769.	50924.	   73.	  127.	   17.]
 [    4.	  118.	 2122.	    0.	    0.]
 [   34.	    8.	    0.	 1277.	    0.]
 [   28.	  175.	    0.	    0.	10015.]
2025-09-09 11:08:22,019 - INFO - model saved 28 times, last saved epoch: 40.

2025-09-09 11:08:24,787 - INFO - Epoch 43, Train loss: 0.04147429019212723.
2025-09-09 11:08:25,634 - INFO - mIoU: 0.9463; OA: 0.9827; AA: 0.9617; F1: 0.9721; Kappa: 0.9703;
2025-09-09 11:08:25,634 - INFO - spatial_LccAccuracy: 0.9137; spatial_PA: 0.985; spatial_UA: 0.9901; spatial_F1: 0.9875
2025-09-09 11:08:25,634 - INFO - temporal_CdAccuracy: 0.7406; temporal_PA: 0.9539; temporal_UA: 0.9346; temporal_F1: 0.9441
2025-09-09 11:08:25,635 - INFO - Confusion Matrix
 [67492.	  963.	    0.	    5.	    9.]
 [  882.	50898.	   50.	   15.	   65.]
 [    4.	  135.	 2105.	    0.	    0.]
 [   62.	   54.	    0.	 1203.	    0.]
 [    4.	   75.	    0.	    0.	10139.]
2025-09-09 11:08:25,677 - INFO - Epoch 43 saved.
2025-09-09 11:08:25,678 - INFO - model saved 29 times, last saved epoch: 43.

2025-09-09 11:08:28,423 - INFO - Epoch 44, Train loss: 0.0412108451128006.
2025-09-09 11:08:29,356 - INFO - mIoU: 0.9453; OA: 0.9827; AA: 0.964; F1: 0.9715; Kappa: 0.9704;
2025-09-09 11:08:29,357 - INFO - spatial_LccAccuracy: 0.9132; spatial_PA: 0.9835; spatial_UA: 0.9916; spatial_F1: 0.9875
2025-09-09 11:08:29,357 - INFO - temporal_CdAccuracy: 0.7411; temporal_PA: 0.9564; temporal_UA: 0.9379; temporal_F1: 0.9471
2025-09-09 11:08:29,358 - INFO - Confusion Matrix
 [67674.	  788.	    0.	    5.	    2.]
 [ 1045.	50701.	  107.	   10.	   47.]
 [    5.	   70.	 2169.	    0.	    0.]
 [   44.	   90.	    0.	 1185.	    0.]
 [   14.	   89.	    0.	    0.	10115.]
2025-09-09 11:08:29,359 - INFO - model saved 29 times, last saved epoch: 43.

2025-09-09 11:08:32,150 - INFO - Epoch 45, Train loss: 0.04190162569284439.
2025-09-09 11:08:32,974 - INFO - mIoU: 0.9472; OA: 0.9822; AA: 0.9645; F1: 0.9726; Kappa: 0.9694;
2025-09-09 11:08:32,974 - INFO - spatial_LccAccuracy: 0.9123; spatial_PA: 0.9811; spatial_UA: 0.9861; spatial_F1: 0.9836
2025-09-09 11:08:32,974 - INFO - temporal_CdAccuracy: 0.7451; temporal_PA: 0.9489; temporal_UA: 0.9349; temporal_F1: 0.9419
2025-09-09 11:08:32,975 - INFO - Confusion Matrix
 [67368.	 1088.	    1.	   10.	    2.]
 [  830.	50969.	   77.	   10.	   24.]
 [    4.	   95.	 2145.	    0.	    0.]
 [   43.	   70.	    0.	 1206.	    0.]
 [    4.	  136.	    0.	    0.	10078.]
2025-09-09 11:08:33,017 - INFO - Epoch 45 saved.
2025-09-09 11:08:33,018 - INFO - model saved 30 times, last saved epoch: 45.

2025-09-09 11:08:35,866 - INFO - Epoch 46, Train loss: 0.0389147624373436.
2025-09-09 11:08:36,691 - INFO - mIoU: 0.9486; OA: 0.9819; AA: 0.9759; F1: 0.9734; Kappa: 0.9689;
2025-09-09 11:08:36,691 - INFO - spatial_LccAccuracy: 0.9155; spatial_PA: 0.9856; spatial_UA: 0.9921; spatial_F1: 0.9889
2025-09-09 11:08:36,691 - INFO - temporal_CdAccuracy: 0.733; temporal_PA: 0.9533; temporal_UA: 0.9309; temporal_F1: 0.942
2025-09-09 11:08:36,692 - INFO - Confusion Matrix
 [67943.	  513.	    0.	    9.	    4.]
 [ 1444.	50221.	  101.	   69.	   75.]
 [    5.	   72.	 2167.	    0.	    0.]
 [   39.	   10.	    0.	 1270.	    0.]
 [   18.	   71.	    0.	    0.	10129.]
2025-09-09 11:08:36,753 - INFO - Epoch 46 saved.
2025-09-09 11:08:36,754 - INFO - model saved 31 times, last saved epoch: 46.

2025-09-09 11:08:39,480 - INFO - Epoch 47, Train loss: 0.039177749305963516.
2025-09-09 11:08:40,329 - INFO - mIoU: 0.9494; OA: 0.9816; AA: 0.9694; F1: 0.9738; Kappa: 0.9685;
2025-09-09 11:08:40,330 - INFO - spatial_LccAccuracy: 0.915; spatial_PA: 0.9809; spatial_UA: 0.9889; spatial_F1: 0.9849
2025-09-09 11:08:40,330 - INFO - temporal_CdAccuracy: 0.7402; temporal_PA: 0.9552; temporal_UA: 0.9335; temporal_F1: 0.9442
2025-09-09 11:08:40,331 - INFO - Confusion Matrix
 [67708.	  747.	    0.	   10.	    4.]
 [ 1257.	50515.	   64.	   38.	   36.]
 [    4.	  120.	 2120.	    0.	    0.]
 [   48.	   15.	    0.	 1256.	    0.]
 [    0.	  120.	    0.	    0.	10098.]
2025-09-09 11:08:40,376 - INFO - Epoch 47 saved.
2025-09-09 11:08:40,377 - INFO - model saved 32 times, last saved epoch: 47.

2025-09-09 11:08:43,157 - INFO - Epoch 48, Train loss: 0.03796759620308876.
2025-09-09 11:08:43,994 - INFO - mIoU: 0.9458; OA: 0.9817; AA: 0.9626; F1: 0.9719; Kappa: 0.9686;
2025-09-09 11:08:43,995 - INFO - spatial_LccAccuracy: 0.9114; spatial_PA: 0.9856; spatial_UA: 0.9856; spatial_F1: 0.9856
2025-09-09 11:08:43,995 - INFO - temporal_CdAccuracy: 0.7393; temporal_PA: 0.9565; temporal_UA: 0.9334; temporal_F1: 0.9448
2025-09-09 11:08:43,995 - INFO - Confusion Matrix
 [67504.	  962.	    0.	    3.	    0.]
 [ 1013.	50744.	   68.	   14.	   71.]
 [    4.	  104.	 2136.	    0.	    0.]
 [   68.	   55.	    0.	 1196.	    0.]
 [   10.	   83.	    0.	    0.	10125.]
2025-09-09 11:08:43,996 - INFO - model saved 32 times, last saved epoch: 47.

2025-09-09 11:08:46,793 - INFO - Epoch 49, Train loss: 0.038294922560453415.
2025-09-09 11:08:47,706 - INFO - mIoU: 0.9381; OA: 0.9811; AA: 0.9794; F1: 0.9676; Kappa: 0.9676;
2025-09-09 11:08:47,706 - INFO - spatial_LccAccuracy: 0.9012; spatial_PA: 0.9882; spatial_UA: 0.9882; spatial_F1: 0.9882
2025-09-09 11:08:47,706 - INFO - temporal_CdAccuracy: 0.7303; temporal_PA: 0.956; temporal_UA: 0.9266; temporal_F1: 0.9411
2025-09-09 11:08:47,707 - INFO - Confusion Matrix
 [67391.	 1053.	    2.	   15.	    8.]
 [  904.	50605.	  169.	  122.	  110.]
 [    3.	   58.	 2183.	    0.	    0.]
 [   34.	    5.	    0.	 1280.	    0.]
 [    1.	   56.	    0.	    0.	10161.]
2025-09-09 11:08:47,708 - INFO - model saved 32 times, last saved epoch: 47.

2025-09-09 11:08:50,529 - INFO - Epoch 50, Train loss: 0.03684263303875923.
2025-09-09 11:08:51,325 - INFO - mIoU: 0.9543; OA: 0.983; AA: 0.9743; F1: 0.9765; Kappa: 0.9708;
2025-09-09 11:08:51,325 - INFO - spatial_LccAccuracy: 0.9226; spatial_PA: 0.9835; spatial_UA: 0.9916; spatial_F1: 0.9875
2025-09-09 11:08:51,326 - INFO - temporal_CdAccuracy: 0.7419; temporal_PA: 0.955; temporal_UA: 0.933; temporal_F1: 0.9439
2025-09-09 11:08:51,326 - INFO - Confusion Matrix
 [67358.	 1094.	    1.	    9.	    7.]
 [  767.	50984.	   92.	   21.	   46.]
 [    4.	   79.	 2161.	    0.	    0.]
 [   37.	   25.	    0.	 1257.	    0.]
 [    0.	  105.	    0.	    0.	10113.]
2025-09-09 11:08:51,373 - INFO - Epoch 50 saved.
2025-09-09 11:08:51,374 - INFO - model saved 33 times, last saved epoch: 50.

2025-09-09 11:08:54,321 - INFO - Epoch 51, Train loss: 0.03724788501858711.
2025-09-09 11:08:55,200 - INFO - mIoU: 0.9473; OA: 0.9829; AA: 0.9728; F1: 0.9726; Kappa: 0.9706;
2025-09-09 11:08:55,201 - INFO - spatial_LccAccuracy: 0.9168; spatial_PA: 0.985; spatial_UA: 0.9901; spatial_F1: 0.9875
2025-09-09 11:08:55,201 - INFO - temporal_CdAccuracy: 0.7455; temporal_PA: 0.9525; temporal_UA: 0.9366; temporal_F1: 0.9444
2025-09-09 11:08:55,202 - INFO - Confusion Matrix
 [67888.	  573.	    0.	    7.	    1.]
 [ 1235.	50486.	   69.	   85.	   35.]
 [    5.	  104.	 2135.	    0.	    0.]
 [   45.	    6.	    0.	 1268.	    0.]
 [    3.	  127.	    0.	    0.	10088.]
2025-09-09 11:08:55,203 - INFO - model saved 33 times, last saved epoch: 50.

2025-09-09 11:08:57,943 - INFO - Epoch 52, Train loss: 0.03500287979841232.
2025-09-09 11:08:58,747 - INFO - mIoU: 0.9444; OA: 0.9826; AA: 0.9628; F1: 0.9711; Kappa: 0.9701;
2025-09-09 11:08:58,747 - INFO - spatial_LccAccuracy: 0.9177; spatial_PA: 0.9812; spatial_UA: 0.9899; spatial_F1: 0.9856
2025-09-09 11:08:58,747 - INFO - temporal_CdAccuracy: 0.746; temporal_PA: 0.9528; temporal_UA: 0.9366; temporal_F1: 0.9447
2025-09-09 11:08:58,748 - INFO - Confusion Matrix
 [67795.	  661.	    0.	   13.	    0.]
 [ 1146.	50652.	   20.	   51.	   41.]
 [    5.	  222.	 2017.	    0.	    0.]
 [   39.	   12.	    0.	 1268.	    0.]
 [    9.	  115.	    0.	    0.	10094.]
2025-09-09 11:08:58,749 - INFO - model saved 33 times, last saved epoch: 50.

2025-09-09 11:09:01,501 - INFO - Epoch 53, Train loss: 0.034878864884376526.
2025-09-09 11:09:02,345 - INFO - mIoU: 0.9501; OA: 0.9827; AA: 0.9664; F1: 0.9742; Kappa: 0.9703;
2025-09-09 11:09:02,345 - INFO - spatial_LccAccuracy: 0.924; spatial_PA: 0.9863; spatial_UA: 0.9914; spatial_F1: 0.9889
2025-09-09 11:09:02,345 - INFO - temporal_CdAccuracy: 0.7469; temporal_PA: 0.9525; temporal_UA: 0.937; temporal_F1: 0.9447
2025-09-09 11:09:02,346 - INFO - Confusion Matrix
 [67980.	  483.	    0.	    6.	    0.]
 [ 1353.	50462.	   45.	   31.	   19.]
 [    5.	  156.	 2083.	    0.	    0.]
 [   39.	   21.	    0.	 1259.	    0.]
 [    0.	  162.	    0.	    0.	10056.]
2025-09-09 11:09:02,347 - INFO - model saved 33 times, last saved epoch: 50.

2025-09-09 11:09:05,103 - INFO - Epoch 54, Train loss: 0.033858541399240494.
2025-09-09 11:09:05,973 - INFO - mIoU: 0.9503; OA: 0.9817; AA: 0.9668; F1: 0.9744; Kappa: 0.9686;
2025-09-09 11:09:05,973 - INFO - spatial_LccAccuracy: 0.9141; spatial_PA: 0.9844; spatial_UA: 0.988; spatial_F1: 0.9862
2025-09-09 11:09:05,974 - INFO - temporal_CdAccuracy: 0.7469; temporal_PA: 0.9509; temporal_UA: 0.933; temporal_F1: 0.9419
2025-09-09 11:09:05,974 - INFO - Confusion Matrix
 [67125.	 1331.	    1.	   12.	    0.]
 [  612.	51217.	   59.	   11.	   11.]
 [    4.	  124.	 2116.	    0.	    0.]
 [   39.	   33.	    0.	 1247.	    0.]
 [   23.	  195.	    0.	    0.	10000.]
2025-09-09 11:09:05,975 - INFO - model saved 33 times, last saved epoch: 50.

2025-09-09 11:09:08,753 - INFO - Epoch 55, Train loss: 0.03378495201468468.
2025-09-09 11:09:09,641 - INFO - mIoU: 0.9527; OA: 0.9833; AA: 0.9712; F1: 0.9756; Kappa: 0.9714;
2025-09-09 11:09:09,642 - INFO - spatial_LccAccuracy: 0.9213; spatial_PA: 0.9835; spatial_UA: 0.9916; spatial_F1: 0.9875
2025-09-09 11:09:09,642 - INFO - temporal_CdAccuracy: 0.7424; temporal_PA: 0.9582; temporal_UA: 0.9329; temporal_F1: 0.9454
2025-09-09 11:09:09,643 - INFO - Confusion Matrix
 [67513.	  943.	    0.	    7.	    6.]
 [  841.	50950.	   62.	   35.	   22.]
 [    5.	  108.	 2131.	    0.	    0.]
 [   40.	   21.	    0.	 1258.	    0.]
 [    7.	  144.	    0.	    0.	10067.]
2025-09-09 11:09:09,644 - INFO - model saved 33 times, last saved epoch: 50.

2025-09-09 11:09:12,477 - INFO - Epoch 56, Train loss: 0.032295361161231995.
2025-09-09 11:09:13,375 - INFO - mIoU: 0.954; OA: 0.9838; AA: 0.9768; F1: 0.9763; Kappa: 0.9722;
2025-09-09 11:09:13,375 - INFO - spatial_LccAccuracy: 0.9173; spatial_PA: 0.9811; spatial_UA: 0.9928; spatial_F1: 0.9869
2025-09-09 11:09:13,375 - INFO - temporal_CdAccuracy: 0.7424; temporal_PA: 0.9578; temporal_UA: 0.9339; temporal_F1: 0.9457
2025-09-09 11:09:13,376 - INFO - Confusion Matrix
 [67571.	  881.	    0.	   12.	    5.]
 [  851.	50891.	   91.	   45.	   32.]
 [    4.	   67.	 2173.	    0.	    0.]
 [   33.	   17.	    0.	 1269.	    0.]
 [    9.	  129.	    0.	    0.	10080.]
2025-09-09 11:09:13,377 - INFO - model saved 33 times, last saved epoch: 50.

2025-09-09 11:09:16,129 - INFO - Epoch 57, Train loss: 0.032642148435115814.
2025-09-09 11:09:17,000 - INFO - mIoU: 0.9496; OA: 0.9824; AA: 0.9792; F1: 0.9739; Kappa: 0.9699;
2025-09-09 11:09:17,000 - INFO - spatial_LccAccuracy: 0.9191; spatial_PA: 0.9863; spatial_UA: 0.9914; spatial_F1: 0.9889
2025-09-09 11:09:17,000 - INFO - temporal_CdAccuracy: 0.7411; temporal_PA: 0.9572; temporal_UA: 0.9329; temporal_F1: 0.9449
2025-09-09 11:09:17,001 - INFO - Confusion Matrix
 [67313.	 1135.	    1.	   17.	    3.]
 [  774.	50911.	  101.	   79.	   45.]
 [    3.	   62.	 2179.	    0.	    0.]
 [   33.	    5.	    0.	 1281.	    0.]
 [    0.	  101.	    0.	    0.	10117.]
2025-09-09 11:09:17,001 - INFO - model saved 33 times, last saved epoch: 50.

2025-09-09 11:09:19,781 - INFO - Epoch 58, Train loss: 0.03216123580932617.
2025-09-09 11:09:20,615 - INFO - mIoU: 0.949; OA: 0.9817; AA: 0.9677; F1: 0.9737; Kappa: 0.9686;
2025-09-09 11:09:20,615 - INFO - spatial_LccAccuracy: 0.9141; spatial_PA: 0.9862; spatial_UA: 0.9876; spatial_F1: 0.9869
2025-09-09 11:09:20,616 - INFO - temporal_CdAccuracy: 0.7513; temporal_PA: 0.9516; temporal_UA: 0.939; temporal_F1: 0.9452
2025-09-09 11:09:20,617 - INFO - Confusion Matrix
 [67098.	 1362.	    1.	    8.	    0.]
 [  563.	51233.	   97.	    9.	    8.]
 [    3.	   73.	 2168.	    0.	    0.]
 [   36.	   58.	    0.	 1225.	    0.]
 [   31.	  207.	    0.	    0.	 9980.]
2025-09-09 11:09:20,618 - INFO - model saved 33 times, last saved epoch: 50.

2025-09-09 11:09:23,481 - INFO - Epoch 59, Train loss: 0.031227171421051025.
2025-09-09 11:09:24,294 - INFO - mIoU: 0.952; OA: 0.9835; AA: 0.9767; F1: 0.9752; Kappa: 0.9718;
2025-09-09 11:09:24,294 - INFO - spatial_LccAccuracy: 0.9204; spatial_PA: 0.9884; spatial_UA: 0.992; spatial_F1: 0.9902
2025-09-09 11:09:24,294 - INFO - temporal_CdAccuracy: 0.746; temporal_PA: 0.9572; temporal_UA: 0.9391; temporal_F1: 0.9481
2025-09-09 11:09:24,295 - INFO - Confusion Matrix
 [67822.	  636.	    0.	   10.	    1.]
 [ 1139.	50565.	   67.	   74.	   65.]
 [    5.	   89.	 2150.	    0.	    0.]
 [   40.	    1.	    0.	 1278.	    0.]
 [    9.	   72.	    0.	    0.	10137.]
2025-09-09 11:09:24,296 - INFO - model saved 33 times, last saved epoch: 50.

2025-09-09 11:09:27,088 - INFO - Epoch 60, Train loss: 0.03011702187359333.
2025-09-09 11:09:27,912 - INFO - mIoU: 0.9484; OA: 0.9815; AA: 0.9617; F1: 0.9733; Kappa: 0.9683;
2025-09-09 11:09:27,913 - INFO - spatial_LccAccuracy: 0.9177; spatial_PA: 0.988; spatial_UA: 0.9872; spatial_F1: 0.9876
2025-09-09 11:09:27,913 - INFO - temporal_CdAccuracy: 0.7419; temporal_PA: 0.9539; temporal_UA: 0.9339; temporal_F1: 0.9438
2025-09-09 11:09:27,914 - INFO - Confusion Matrix
 [67574.	  887.	    0.	    8.	    0.]
 [ 1097.	50749.	   36.	    7.	   21.]
 [    5.	  180.	 2059.	    0.	    0.]
 [   40.	   36.	    0.	 1243.	    0.]
 [    0.	  161.	    0.	    0.	10057.]
2025-09-09 11:09:27,915 - INFO - model saved 33 times, last saved epoch: 50.

2025-09-09 11:09:30,825 - INFO - Epoch 61, Train loss: 0.03044011816382408.
2025-09-09 11:09:31,681 - INFO - mIoU: 0.9518; OA: 0.9829; AA: 0.9681; F1: 0.9752; Kappa: 0.9706;
2025-09-09 11:09:31,681 - INFO - spatial_LccAccuracy: 0.9222; spatial_PA: 0.9815; spatial_UA: 0.991; spatial_F1: 0.9862
2025-09-09 11:09:31,681 - INFO - temporal_CdAccuracy: 0.7509; temporal_PA: 0.9564; temporal_UA: 0.9387; temporal_F1: 0.9475
2025-09-09 11:09:31,682 - INFO - Confusion Matrix
 [67900.	  560.	    0.	    9.	    0.]
 [ 1277.	50533.	   67.	   16.	   17.]
 [    5.	  113.	 2126.	    0.	    0.]
 [   43.	   31.	    0.	 1245.	    0.]
 [    2.	  160.	    0.	    0.	10056.]
2025-09-09 11:09:31,683 - INFO - model saved 33 times, last saved epoch: 50.

2025-09-09 11:09:34,486 - INFO - Epoch 62, Train loss: 0.029407892376184464.
2025-09-09 11:09:35,314 - INFO - mIoU: 0.9516; OA: 0.9832; AA: 0.9714; F1: 0.9751; Kappa: 0.9711;
2025-09-09 11:09:35,314 - INFO - spatial_LccAccuracy: 0.9222; spatial_PA: 0.985; spatial_UA: 0.9901; spatial_F1: 0.9875
2025-09-09 11:09:35,314 - INFO - temporal_CdAccuracy: 0.7451; temporal_PA: 0.9538; temporal_UA: 0.9371; temporal_F1: 0.9454
2025-09-09 11:09:35,315 - INFO - Confusion Matrix
 [67732.	  732.	    0.	    5.	    0.]
 [ 1044.	50736.	   74.	   41.	   15.]
 [    5.	   97.	 2142.	    0.	    0.]
 [   52.	    9.	    0.	 1258.	    0.]
 [    4.	  181.	    0.	    0.	10033.]
2025-09-09 11:09:35,316 - INFO - model saved 33 times, last saved epoch: 50.

2025-09-09 11:09:38,044 - INFO - Epoch 63, Train loss: 0.02958870492875576.
2025-09-09 11:09:38,879 - INFO - mIoU: 0.9585; OA: 0.9834; AA: 0.9762; F1: 0.9787; Kappa: 0.9716;
2025-09-09 11:09:38,879 - INFO - spatial_LccAccuracy: 0.9284; spatial_PA: 0.9862; spatial_UA: 0.9942; spatial_F1: 0.9902
2025-09-09 11:09:38,880 - INFO - temporal_CdAccuracy: 0.7527; temporal_PA: 0.9516; temporal_UA: 0.9406; temporal_F1: 0.9461
2025-09-09 11:09:38,881 - INFO - Confusion Matrix
 [67623.	  830.	    0.	   13.	    3.]
 [ 1001.	50788.	   74.	   15.	   32.]
 [    5.	   65.	 2174.	    0.	    0.]
 [   34.	   20.	    0.	 1265.	    0.]
 [    4.	  128.	    0.	    0.	10086.]
2025-09-09 11:09:39,133 - INFO - Epoch 63 saved.
2025-09-09 11:09:39,133 - INFO - model saved 34 times, last saved epoch: 63.

2025-09-09 11:09:41,907 - INFO - Epoch 64, Train loss: 0.02864716574549675.
2025-09-09 11:09:42,726 - INFO - mIoU: 0.9534; OA: 0.9832; AA: 0.9731; F1: 0.976; Kappa: 0.9712;
2025-09-09 11:09:42,726 - INFO - spatial_LccAccuracy: 0.9231; spatial_PA: 0.9894; spatial_UA: 0.9923; spatial_F1: 0.9908
2025-09-09 11:09:42,726 - INFO - temporal_CdAccuracy: 0.7478; temporal_PA: 0.9582; temporal_UA: 0.9347; temporal_F1: 0.9463
2025-09-09 11:09:42,727 - INFO - Confusion Matrix
 [67417.	 1041.	    0.	    7.	    4.]
 [  775.	50962.	  112.	   11.	   50.]
 [    5.	   60.	 2179.	    0.	    0.]
 [   38.	   43.	    0.	 1238.	    0.]
 [    1.	  106.	    0.	    0.	10111.]
2025-09-09 11:09:42,728 - INFO - model saved 34 times, last saved epoch: 63.

2025-09-09 11:09:45,439 - INFO - Epoch 65, Train loss: 0.02799035981297493.
2025-09-09 11:09:46,275 - INFO - mIoU: 0.95; OA: 0.9828; AA: 0.9811; F1: 0.9742; Kappa: 0.9706;
2025-09-09 11:09:46,276 - INFO - spatial_LccAccuracy: 0.9222; spatial_PA: 0.9891; spatial_UA: 0.9913; spatial_F1: 0.9902
2025-09-09 11:09:46,276 - INFO - temporal_CdAccuracy: 0.7478; temporal_PA: 0.9572; temporal_UA: 0.9372; temporal_F1: 0.9471
2025-09-09 11:09:46,277 - INFO - Confusion Matrix
 [67642.	  811.	    0.	   16.	    0.]
 [ 1004.	50644.	  135.	   73.	   54.]
 [    3.	   35.	 2206.	    0.	    0.]
 [   33.	    4.	    0.	 1282.	    0.]
 [   42.	   93.	    0.	    0.	10083.]
2025-09-09 11:09:46,278 - INFO - model saved 34 times, last saved epoch: 63.

2025-09-09 11:09:49,112 - INFO - Epoch 66, Train loss: 0.02822485938668251.
2025-09-09 11:09:49,939 - INFO - mIoU: 0.9528; OA: 0.9829; AA: 0.9729; F1: 0.9757; Kappa: 0.9706;
2025-09-09 11:09:49,939 - INFO - spatial_LccAccuracy: 0.9235; spatial_PA: 0.9906; spatial_UA: 0.9898; spatial_F1: 0.9902
2025-09-09 11:09:49,939 - INFO - temporal_CdAccuracy: 0.7442; temporal_PA: 0.9588; temporal_UA: 0.9373; temporal_F1: 0.948
2025-09-09 11:09:49,940 - INFO - Confusion Matrix
 [67411.	 1051.	    0.	    7.	    0.]
 [  796.	50979.	   64.	   43.	   28.]
 [    5.	  107.	 2132.	    0.	    0.]
 [   39.	   11.	    0.	 1269.	    0.]
 [    0.	  148.	    0.	    0.	10070.]
2025-09-09 11:09:49,941 - INFO - model saved 34 times, last saved epoch: 63.

2025-09-09 11:09:52,735 - INFO - Epoch 67, Train loss: 0.027481434866786003.
2025-09-09 11:09:53,592 - INFO - mIoU: 0.953; OA: 0.9834; AA: 0.9775; F1: 0.9758; Kappa: 0.9716;
2025-09-09 11:09:53,592 - INFO - spatial_LccAccuracy: 0.9213; spatial_PA: 0.9893; spatial_UA: 0.9885; spatial_F1: 0.9889
2025-09-09 11:09:53,593 - INFO - temporal_CdAccuracy: 0.7487; temporal_PA: 0.9591; temporal_UA: 0.938; temporal_F1: 0.9484
2025-09-09 11:09:53,593 - INFO - Confusion Matrix
 [67483.	  968.	    0.	    4.	   14.]
 [  838.	50857.	   77.	   67.	   71.]
 [    4.	   73.	 2167.	    0.	    0.]
 [   41.	    8.	    0.	 1270.	    0.]
 [    0.	   63.	    0.	    0.	10155.]
2025-09-09 11:09:53,595 - INFO - model saved 34 times, last saved epoch: 63.

2025-09-09 11:09:56,349 - INFO - Epoch 68, Train loss: 0.026811441406607628.
2025-09-09 11:09:57,238 - INFO - mIoU: 0.9573; OA: 0.9838; AA: 0.973; F1: 0.9781; Kappa: 0.9722;
2025-09-09 11:09:57,239 - INFO - spatial_LccAccuracy: 0.9289; spatial_PA: 0.9887; spatial_UA: 0.993; spatial_F1: 0.9908
2025-09-09 11:09:57,239 - INFO - temporal_CdAccuracy: 0.7545; temporal_PA: 0.959; temporal_UA: 0.9435; temporal_F1: 0.9512
2025-09-09 11:09:57,240 - INFO - Confusion Matrix
 [67880.	  578.	    0.	    9.	    2.]
 [ 1211.	50580.	   62.	   13.	   44.]
 [    4.	   90.	 2150.	    0.	    0.]
 [   34.	   31.	    0.	 1254.	    0.]
 [    0.	   99.	    0.	    0.	10119.]
2025-09-09 11:09:57,241 - INFO - model saved 34 times, last saved epoch: 63.

2025-09-09 11:10:00,039 - INFO - Epoch 69, Train loss: 0.02666865475475788.
2025-09-09 11:10:00,878 - INFO - mIoU: 0.9507; OA: 0.9835; AA: 0.9741; F1: 0.9745; Kappa: 0.9717;
2025-09-09 11:10:00,878 - INFO - spatial_LccAccuracy: 0.9258; spatial_PA: 0.9873; spatial_UA: 0.9917; spatial_F1: 0.9895
2025-09-09 11:10:00,879 - INFO - temporal_CdAccuracy: 0.7567; temporal_PA: 0.9598; temporal_UA: 0.9444; temporal_F1: 0.952
2025-09-09 11:10:00,879 - INFO - Confusion Matrix
 [67820.	  641.	    0.	    8.	    0.]
 [ 1077.	50673.	   61.	   74.	   25.]
 [    5.	   84.	 2155.	    0.	    0.]
 [   47.	    4.	    0.	 1268.	    0.]
 [   30.	  154.	    0.	    0.	10034.]
2025-09-09 11:10:00,881 - INFO - model saved 34 times, last saved epoch: 63.

2025-09-09 11:10:03,617 - INFO - Epoch 70, Train loss: 0.025927869603037834.
2025-09-09 11:10:04,543 - INFO - mIoU: 0.9514; OA: 0.9843; AA: 0.9653; F1: 0.9749; Kappa: 0.9731;
2025-09-09 11:10:04,544 - INFO - spatial_LccAccuracy: 0.9235; spatial_PA: 0.9887; spatial_UA: 0.993; spatial_F1: 0.9908
2025-09-09 11:10:04,544 - INFO - temporal_CdAccuracy: 0.7554; temporal_PA: 0.9587; temporal_UA: 0.9449; temporal_F1: 0.9517
2025-09-09 11:10:04,545 - INFO - Confusion Matrix
 [67487.	  971.	    0.	    8.	    3.]
 [  692.	51119.	   44.	   11.	   44.]
 [    5.	  144.	 2095.	    0.	    0.]
 [   38.	   52.	    0.	 1229.	    0.]
 [    0.	   94.	    0.	    0.	10124.]
2025-09-09 11:10:04,546 - INFO - model saved 34 times, last saved epoch: 63.

2025-09-09 11:10:07,465 - INFO - Epoch 71, Train loss: 0.025420621037483215.
2025-09-09 11:10:08,328 - INFO - mIoU: 0.9548; OA: 0.9844; AA: 0.9711; F1: 0.9767; Kappa: 0.9732;
2025-09-09 11:10:08,328 - INFO - spatial_LccAccuracy: 0.9289; spatial_PA: 0.9891; spatial_UA: 0.9913; spatial_F1: 0.9902
2025-09-09 11:10:08,328 - INFO - temporal_CdAccuracy: 0.7567; temporal_PA: 0.9591; temporal_UA: 0.9414; temporal_F1: 0.9502
2025-09-09 11:10:08,329 - INFO - Confusion Matrix
 [67722.	  740.	    0.	    7.	    0.]
 [  923.	50856.	   89.	    6.	   36.]
 [    3.	   69.	 2172.	    0.	    0.]
 [   36.	   54.	    0.	 1229.	    0.]
 [    3.	  130.	    0.	    0.	10085.]
2025-09-09 11:10:08,330 - INFO - model saved 34 times, last saved epoch: 63.

2025-09-09 11:10:11,235 - INFO - Epoch 72, Train loss: 0.025675874203443527.
2025-09-09 11:10:12,035 - INFO - mIoU: 0.958; OA: 0.9844; AA: 0.9742; F1: 0.9784; Kappa: 0.9733;
2025-09-09 11:10:12,035 - INFO - spatial_LccAccuracy: 0.9186; spatial_PA: 0.9824; spatial_UA: 0.9941; spatial_F1: 0.9882
2025-09-09 11:10:12,036 - INFO - temporal_CdAccuracy: 0.7518; temporal_PA: 0.9548; temporal_UA: 0.942; temporal_F1: 0.9484
2025-09-09 11:10:12,036 - INFO - Confusion Matrix
 [67518.	  933.	    0.	   15.	    3.]
 [  756.	51049.	   60.	   13.	   32.]
 [    5.	   93.	 2146.	    0.	    0.]
 [   32.	   24.	    0.	 1263.	    0.]
 [    2.	  123.	    0.	    0.	10093.]
2025-09-09 11:10:12,037 - INFO - model saved 34 times, last saved epoch: 63.

2025-09-09 11:10:14,784 - INFO - Epoch 73, Train loss: 0.024476878345012665.
2025-09-09 11:10:15,616 - INFO - mIoU: 0.9522; OA: 0.9842; AA: 0.9796; F1: 0.9753; Kappa: 0.9729;
2025-09-09 11:10:15,616 - INFO - spatial_LccAccuracy: 0.9253; spatial_PA: 0.9882; spatial_UA: 0.9948; spatial_F1: 0.9915
2025-09-09 11:10:15,617 - INFO - temporal_CdAccuracy: 0.7509; temporal_PA: 0.9628; temporal_UA: 0.9438; temporal_F1: 0.9532
2025-09-09 11:10:15,617 - INFO - Confusion Matrix
 [67864.	  591.	    0.	   13.	    1.]
 [ 1088.	50606.	   89.	   82.	   45.]
 [    5.	   69.	 2170.	    0.	    0.]
 [   31.	    2.	    0.	 1286.	    0.]
 [    0.	  103.	    0.	    0.	10115.]
2025-09-09 11:10:15,619 - INFO - model saved 34 times, last saved epoch: 63.

2025-09-09 11:10:18,370 - INFO - Epoch 74, Train loss: 0.023685423657298088.
2025-09-09 11:10:19,236 - INFO - mIoU: 0.9329; OA: 0.983; AA: 0.9431; F1: 0.9646; Kappa: 0.9708;
2025-09-09 11:10:19,236 - INFO - spatial_LccAccuracy: 0.9088; spatial_PA: 0.9825; spatial_UA: 0.9913; spatial_F1: 0.9869
2025-09-09 11:10:19,236 - INFO - temporal_CdAccuracy: 0.7482; temporal_PA: 0.9558; temporal_UA: 0.9364; temporal_F1: 0.946
2025-09-09 11:10:19,237 - INFO - Confusion Matrix
 [67675.	  791.	    0.	    3.	    0.]
 [  872.	50998.	   19.	    3.	   18.]
 [    4.	  217.	 2023.	    0.	    0.]
 [   43.	  142.	    0.	 1134.	    0.]
 [    1.	  170.	    0.	    0.	10047.]
2025-09-09 11:10:19,238 - INFO - model saved 34 times, last saved epoch: 63.

2025-09-09 11:10:21,994 - INFO - Epoch 75, Train loss: 0.024013206362724304.
2025-09-09 11:10:22,851 - INFO - mIoU: 0.9587; OA: 0.9845; AA: 0.9728; F1: 0.9788; Kappa: 0.9734;
2025-09-09 11:10:22,851 - INFO - spatial_LccAccuracy: 0.9284; spatial_PA: 0.9862; spatial_UA: 0.9942; spatial_F1: 0.9902
2025-09-09 11:10:22,852 - INFO - temporal_CdAccuracy: 0.7509; temporal_PA: 0.9598; temporal_UA: 0.9363; temporal_F1: 0.9479
2025-09-09 11:10:22,852 - INFO - Confusion Matrix
 [67778.	  683.	    0.	    7.	    1.]
 [  980.	50839.	   58.	    9.	   24.]
 [    4.	   88.	 2152.	    0.	    0.]
 [   35.	   29.	    0.	 1255.	    0.]
 [    0.	  162.	    0.	    0.	10056.]
2025-09-09 11:10:22,896 - INFO - Epoch 75 saved.
2025-09-09 11:10:22,896 - INFO - model saved 35 times, last saved epoch: 75.

2025-09-09 11:10:25,660 - INFO - Epoch 76, Train loss: 0.023528723046183586.
2025-09-09 11:10:26,449 - INFO - mIoU: 0.9514; OA: 0.9832; AA: 0.9746; F1: 0.975; Kappa: 0.9712;
2025-09-09 11:10:26,449 - INFO - spatial_LccAccuracy: 0.9249; spatial_PA: 0.9882; spatial_UA: 0.9882; spatial_F1: 0.9882
2025-09-09 11:10:26,449 - INFO - temporal_CdAccuracy: 0.7522; temporal_PA: 0.9592; temporal_UA: 0.9461; temporal_F1: 0.9526
2025-09-09 11:10:26,450 - INFO - Confusion Matrix
 [67492.	  966.	    0.	   11.	    0.]
 [  691.	51072.	   67.	   62.	   18.]
 [    3.	   72.	 2169.	    0.	    0.]
 [   33.	    9.	    0.	 1277.	    0.]
 [   17.	  301.	    0.	    0.	 9900.]
2025-09-09 11:10:26,451 - INFO - model saved 35 times, last saved epoch: 75.

2025-09-09 11:10:29,357 - INFO - Epoch 77, Train loss: 0.023033488541841507.
2025-09-09 11:10:30,226 - INFO - mIoU: 0.9579; OA: 0.984; AA: 0.9783; F1: 0.9784; Kappa: 0.9726;
2025-09-09 11:10:30,227 - INFO - spatial_LccAccuracy: 0.9249; spatial_PA: 0.9879; spatial_UA: 0.9938; spatial_F1: 0.9908
2025-09-09 11:10:30,227 - INFO - temporal_CdAccuracy: 0.7522; temporal_PA: 0.9587; temporal_UA: 0.9382; temporal_F1: 0.9483
2025-09-09 11:10:30,228 - INFO - Confusion Matrix
 [67347.	 1108.	    1.	   13.	    0.]
 [  628.	51122.	   96.	   21.	   43.]
 [    2.	   60.	 2182.	    0.	    0.]
 [   32.	   16.	    0.	 1271.	    0.]
 [    0.	  130.	    0.	    0.	10088.]
2025-09-09 11:10:30,229 - INFO - model saved 35 times, last saved epoch: 75.

2025-09-09 11:10:33,018 - INFO - Epoch 78, Train loss: 0.022355156019330025.
2025-09-09 11:10:33,860 - INFO - mIoU: 0.9586; OA: 0.9838; AA: 0.9804; F1: 0.9787; Kappa: 0.9722;
2025-09-09 11:10:33,860 - INFO - spatial_LccAccuracy: 0.9275; spatial_PA: 0.9824; spatial_UA: 0.9941; spatial_F1: 0.9882
2025-09-09 11:10:33,861 - INFO - temporal_CdAccuracy: 0.7563; temporal_PA: 0.9628; temporal_UA: 0.9457; temporal_F1: 0.9542
2025-09-09 11:10:33,861 - INFO - Confusion Matrix
 [67861.	  591.	    1.	   11.	    5.]
 [ 1182.	50541.	  114.	   24.	   49.]
 [    2.	   44.	 2198.	    0.	    0.]
 [   33.	    8.	    0.	 1278.	    0.]
 [    0.	  113.	    0.	    0.	10105.]
2025-09-09 11:10:33,862 - INFO - model saved 35 times, last saved epoch: 75.

2025-09-09 11:10:36,633 - INFO - Epoch 79, Train loss: 0.023330317810177803.
2025-09-09 11:10:37,491 - INFO - mIoU: 0.9562; OA: 0.984; AA: 0.9729; F1: 0.9775; Kappa: 0.9725;
2025-09-09 11:10:37,492 - INFO - spatial_LccAccuracy: 0.9177; spatial_PA: 0.9863; spatial_UA: 0.9914; spatial_F1: 0.9889
2025-09-09 11:10:37,492 - INFO - temporal_CdAccuracy: 0.7455; temporal_PA: 0.9609; temporal_UA: 0.9353; temporal_F1: 0.9479
2025-09-09 11:10:37,493 - INFO - Confusion Matrix
 [67497.	  965.	    0.	    7.	    0.]
 [  779.	51001.	   76.	   13.	   41.]
 [    3.	   77.	 2164.	    0.	    0.]
 [   34.	   41.	    0.	 1244.	    0.]
 [    8.	  109.	    0.	    0.	10101.]
2025-09-09 11:10:37,494 - INFO - model saved 35 times, last saved epoch: 75.

2025-09-09 11:10:40,264 - INFO - Epoch 80, Train loss: 0.02078915946185589.
2025-09-09 11:10:41,127 - INFO - mIoU: 0.9564; OA: 0.9832; AA: 0.9738; F1: 0.9776; Kappa: 0.9712;
2025-09-09 11:10:41,128 - INFO - spatial_LccAccuracy: 0.9231; spatial_PA: 0.9843; spatial_UA: 0.9908; spatial_F1: 0.9875
2025-09-09 11:10:41,128 - INFO - temporal_CdAccuracy: 0.7491; temporal_PA: 0.9544; temporal_UA: 0.9402; temporal_F1: 0.9472
2025-09-09 11:10:41,129 - INFO - Confusion Matrix
 [67181.	 1272.	    0.	   14.	    2.]
 [  545.	51269.	   65.	   16.	   15.]
 [    2.	  101.	 2141.	    0.	    0.]
 [   30.	   19.	    0.	 1270.	    0.]
 [    0.	  173.	    0.	    0.	10045.]
2025-09-09 11:10:41,130 - INFO - model saved 35 times, last saved epoch: 75.

2025-09-09 11:10:43,940 - INFO - Epoch 81, Train loss: 0.021664271131157875.
2025-09-09 11:10:44,812 - INFO - mIoU: 0.9552; OA: 0.9841; AA: 0.9696; F1: 0.9769; Kappa: 0.9727;
2025-09-09 11:10:44,812 - INFO - spatial_LccAccuracy: 0.9177; spatial_PA: 0.9859; spatial_UA: 0.9932; spatial_F1: 0.9895
2025-09-09 11:10:44,812 - INFO - temporal_CdAccuracy: 0.7446; temporal_PA: 0.9635; temporal_UA: 0.9349; temporal_F1: 0.9489
2025-09-09 11:10:44,813 - INFO - Confusion Matrix
 [67449.	 1015.	    0.	    5.	    0.]
 [  694.	51107.	   46.	   15.	   48.]
 [    2.	  126.	 2116.	    0.	    0.]
 [   37.	   33.	    0.	 1249.	    0.]
 [    0.	  117.	    0.	    0.	10101.]
2025-09-09 11:10:44,814 - INFO - model saved 35 times, last saved epoch: 75.

2025-09-09 11:10:47,729 - INFO - Epoch 82, Train loss: 0.01997418701648712.
2025-09-09 11:10:48,601 - INFO - mIoU: 0.9577; OA: 0.9847; AA: 0.9724; F1: 0.9783; Kappa: 0.9737;
2025-09-09 11:10:48,601 - INFO - spatial_LccAccuracy: 0.9307; spatial_PA: 0.9882; spatial_UA: 0.9948; spatial_F1: 0.9915
2025-09-09 11:10:48,602 - INFO - temporal_CdAccuracy: 0.7522; temporal_PA: 0.9617; temporal_UA: 0.9394; temporal_F1: 0.9504
2025-09-09 11:10:48,602 - INFO - Confusion Matrix
 [67792.	  664.	    0.	   11.	    2.]
 [  956.	50859.	   46.	   16.	   33.]
 [    4.	  117.	 2123.	    0.	    0.]
 [   32.	   19.	    0.	 1268.	    0.]
 [    0.	  155.	    0.	    0.	10063.]
2025-09-09 11:10:48,604 - INFO - model saved 35 times, last saved epoch: 75.

2025-09-09 11:10:51,377 - INFO - Epoch 83, Train loss: 0.02172774448990822.
2025-09-09 11:10:52,337 - INFO - mIoU: 0.9532; OA: 0.985; AA: 0.9668; F1: 0.9758; Kappa: 0.9742;
2025-09-09 11:10:52,338 - INFO - spatial_LccAccuracy: 0.9226; spatial_PA: 0.9811; spatial_UA: 0.9928; spatial_F1: 0.9869
2025-09-09 11:10:52,338 - INFO - temporal_CdAccuracy: 0.7549; temporal_PA: 0.9608; temporal_UA: 0.9425; temporal_F1: 0.9516
2025-09-09 11:10:52,339 - INFO - Confusion Matrix
 [67647.	  817.	    0.	    3.	    2.]
 [  750.	51063.	   70.	    3.	   24.]
 [    4.	   68.	 2172.	    0.	    0.]
 [   37.	   82.	    0.	 1200.	    0.]
 [    0.	  155.	    0.	    0.	10063.]
2025-09-09 11:10:52,340 - INFO - model saved 35 times, last saved epoch: 75.

2025-09-09 11:10:55,157 - INFO - Epoch 84, Train loss: 0.021503271535038948.
2025-09-09 11:10:56,016 - INFO - mIoU: 0.9518; OA: 0.9841; AA: 0.9671; F1: 0.9751; Kappa: 0.9727;
2025-09-09 11:10:56,016 - INFO - spatial_LccAccuracy: 0.9208; spatial_PA: 0.9888; spatial_UA: 0.9903; spatial_F1: 0.9895
2025-09-09 11:10:56,017 - INFO - temporal_CdAccuracy: 0.7572; temporal_PA: 0.9586; temporal_UA: 0.9428; temporal_F1: 0.9506
2025-09-09 11:10:56,017 - INFO - Confusion Matrix
 [67486.	  978.	    0.	    5.	    0.]
 [  682.	51129.	   75.	    8.	   16.]
 [    2.	   68.	 2174.	    0.	    0.]
 [   37.	   76.	    0.	 1206.	    0.]
 [    2.	  186.	    0.	    0.	10030.]
2025-09-09 11:10:56,019 - INFO - model saved 35 times, last saved epoch: 75.

2025-09-09 11:10:58,805 - INFO - Epoch 85, Train loss: 0.02018263377249241.
2025-09-09 11:10:59,715 - INFO - mIoU: 0.9534; OA: 0.9839; AA: 0.9822; F1: 0.9759; Kappa: 0.9724;
2025-09-09 11:10:59,715 - INFO - spatial_LccAccuracy: 0.924; spatial_PA: 0.9914; spatial_UA: 0.9929; spatial_F1: 0.9921
2025-09-09 11:10:59,715 - INFO - temporal_CdAccuracy: 0.7527; temporal_PA: 0.9622; temporal_UA: 0.9378; temporal_F1: 0.9498
2025-09-09 11:10:59,716 - INFO - Confusion Matrix
 [67696.	  752.	    0.	   21.	    0.]
 [  989.	50685.	   98.	   75.	   63.]
 [    2.	   49.	 2193.	    0.	    0.]
 [   28.	    3.	    0.	 1288.	    0.]
 [    0.	   81.	    0.	    0.	10137.]
2025-09-09 11:10:59,717 - INFO - model saved 35 times, last saved epoch: 75.

2025-09-09 11:11:02,496 - INFO - Epoch 86, Train loss: 0.019018689170479774.
2025-09-09 11:11:03,321 - INFO - mIoU: 0.9588; OA: 0.9847; AA: 0.9805; F1: 0.9788; Kappa: 0.9737;
2025-09-09 11:11:03,321 - INFO - spatial_LccAccuracy: 0.9293; spatial_PA: 0.9894; spatial_UA: 0.9923; spatial_F1: 0.9908
2025-09-09 11:11:03,321 - INFO - temporal_CdAccuracy: 0.7527; temporal_PA: 0.9639; temporal_UA: 0.9441; temporal_F1: 0.9539
2025-09-09 11:11:03,322 - INFO - Confusion Matrix
 [67663.	  804.	    0.	    2.	    0.]
 [  873.	50843.	  106.	   39.	   49.]
 [    4.	   40.	 2200.	    0.	    0.]
 [   41.	    7.	    0.	 1271.	    0.]
 [    0.	   94.	    0.	    0.	10124.]
2025-09-09 11:11:03,364 - INFO - Epoch 86 saved.
2025-09-09 11:11:03,365 - INFO - model saved 36 times, last saved epoch: 86.

2025-09-09 11:11:06,248 - INFO - Epoch 87, Train loss: 0.018556984141469002.
2025-09-09 11:11:07,063 - INFO - mIoU: 0.9556; OA: 0.9843; AA: 0.9688; F1: 0.9772; Kappa: 0.9731;
2025-09-09 11:11:07,063 - INFO - spatial_LccAccuracy: 0.9249; spatial_PA: 0.99; spatial_UA: 0.9943; spatial_F1: 0.9921
2025-09-09 11:11:07,063 - INFO - temporal_CdAccuracy: 0.7558; temporal_PA: 0.9621; temporal_UA: 0.9407; temporal_F1: 0.9513
2025-09-09 11:11:07,064 - INFO - Confusion Matrix
 [67668.	  797.	    0.	    4.	    0.]
 [  864.	50964.	   59.	    5.	   18.]
 [    3.	   95.	 2146.	    0.	    0.]
 [   37.	   49.	    0.	 1233.	    0.]
 [    0.	  175.	    0.	    0.	10043.]
2025-09-09 11:11:07,065 - INFO - model saved 36 times, last saved epoch: 86.

2025-09-09 11:11:09,815 - INFO - Epoch 88, Train loss: 0.017951494082808495.
2025-09-09 11:11:10,657 - INFO - mIoU: 0.9567; OA: 0.9838; AA: 0.9745; F1: 0.9778; Kappa: 0.9723;
2025-09-09 11:11:10,657 - INFO - spatial_LccAccuracy: 0.9298; spatial_PA: 0.9835; spatial_UA: 0.9916; spatial_F1: 0.9875
2025-09-09 11:11:10,657 - INFO - temporal_CdAccuracy: 0.7527; temporal_PA: 0.9551; temporal_UA: 0.938; temporal_F1: 0.9465
2025-09-09 11:11:10,657 - INFO - Confusion Matrix
 [67683.	  765.	    0.	   21.	    0.]
 [  972.	50833.	   54.	   22.	   29.]
 [    3.	  106.	 2135.	    0.	    0.]
 [   28.	   13.	    0.	 1278.	    0.]
 [    4.	  153.	    0.	    0.	10061.]
2025-09-09 11:11:10,658 - INFO - model saved 36 times, last saved epoch: 86.

