2025-09-09 11:43:18,883 - INFO - Epoch 0, Train loss: 1.4875596761703491.
2025-09-09 11:43:19,709 - INFO - mIoU: 0.0781; OA: 0.346; AA: 0.1723; F1: 0.3094; Kappa: -0.1002;
2025-09-09 11:43:19,710 - INFO - spatial_LccAccuracy: 0.0335; spatial_PA: 0.5958; spatial_UA: 0.5692; spatial_F1: 0.5822
2025-09-09 11:43:19,710 - INFO - temporal_CdAccuracy: 0.1051; temporal_PA: 0.5193; temporal_UA: 0.5087; temporal_F1: 0.514
2025-09-09 11:43:19,711 - INFO - Confusion Matrix
 [ 5975.	62213.	    0.	    0.	    0.]
 [11825.	40440.	    0.	    0.	    0.]
 [   54.	 2112.	    0.	    0.	    0.]
 [    7.	 1222.	    0.	    0.	    0.]
 [  155.	10157.	    0.	    0.	    0.]
2025-09-09 11:43:19,793 - INFO - Epoch 0 saved.
2025-09-09 11:43:19,794 - INFO - model saved 1 times, last saved epoch: 0.

2025-09-09 11:43:22,542 - INFO - Epoch 1, Train loss: 1.2370517253875732.
2025-09-09 11:43:23,351 - INFO - mIoU: 0.1664; OA: 0.5914; AA: 0.2488; F1: 0.5775; Kappa: 0.2065;
2025-09-09 11:43:23,352 - INFO - spatial_LccAccuracy: 0.0684; spatial_PA: 0.6025; spatial_UA: 0.5704; spatial_F1: 0.586
2025-09-09 11:43:23,352 - INFO - temporal_CdAccuracy: 0.1588; temporal_PA: 0.5519; temporal_UA: 0.5323; temporal_F1: 0.5419
2025-09-09 11:43:23,352 - INFO - Confusion Matrix
 [61355.	 6833.	    0.	    0.	    0.]
 [34279.	17986.	    0.	    0.	    0.]
 [  977.	 1189.	    0.	    0.	    0.]
 [ 1225.	    4.	    0.	    0.	    0.]
 [10121.	  191.	    0.	    0.	    0.]
2025-09-09 11:43:23,425 - INFO - Epoch 1 saved.
2025-09-09 11:43:23,425 - INFO - model saved 2 times, last saved epoch: 1.

2025-09-09 11:43:26,224 - INFO - Epoch 2, Train loss: 1.0248609781265259.
2025-09-09 11:43:27,054 - INFO - mIoU: 0.2064; OA: 0.6575; AA: 0.2843; F1: 0.679; Kappa: 0.3488;
2025-09-09 11:43:27,054 - INFO - spatial_LccAccuracy: 0.1221; spatial_PA: 0.6643; spatial_UA: 0.6158; spatial_F1: 0.6391
2025-09-09 11:43:27,054 - INFO - temporal_CdAccuracy: 0.1919; temporal_PA: 0.5723; temporal_UA: 0.5527; temporal_F1: 0.5623
2025-09-09 11:43:27,055 - INFO - Confusion Matrix
 [59526.	 8662.	    0.	    0.	    0.]
 [23587.	28678.	    0.	    0.	    0.]
 [  922.	 1244.	    0.	    0.	    0.]
 [ 1228.	    1.	    0.	    0.	    0.]
 [10157.	  155.	    0.	    0.	    0.]
2025-09-09 11:43:27,097 - INFO - Epoch 2 saved.
2025-09-09 11:43:27,098 - INFO - model saved 3 times, last saved epoch: 2.

2025-09-09 11:43:29,974 - INFO - Epoch 3, Train loss: 0.8207682371139526.
2025-09-09 11:43:30,796 - INFO - mIoU: 0.2829; OA: 0.7459; AA: 0.3542; F1: 0.6008; Kappa: 0.5335;
2025-09-09 11:43:30,796 - INFO - spatial_LccAccuracy: 0.1954; spatial_PA: 0.6298; spatial_UA: 0.5882; spatial_F1: 0.6083
2025-09-09 11:43:30,796 - INFO - temporal_CdAccuracy: 0.1878; temporal_PA: 0.6511; temporal_UA: 0.5907; temporal_F1: 0.6194
2025-09-09 11:43:30,797 - INFO - Confusion Matrix
 [57247.	10941.	    0.	    0.	    0.]
 [10887.	41378.	    0.	    0.	    0.]
 [  110.	 2056.	    0.	    0.	    0.]
 [ 1222.	    7.	    0.	    0.	    0.]
 [ 8649.	  221.	    0.	    0.	 1442.]
2025-09-09 11:43:30,839 - INFO - Epoch 3 saved.
2025-09-09 11:43:30,840 - INFO - model saved 4 times, last saved epoch: 3.

2025-09-09 11:43:33,686 - INFO - Epoch 4, Train loss: 0.6010271906852722.
2025-09-09 11:43:34,544 - INFO - mIoU: 0.4832; OA: 0.8629; AA: 0.532; F1: 0.8909; Kappa: 0.7602;
2025-09-09 11:43:34,544 - INFO - spatial_LccAccuracy: 0.3828; spatial_PA: 0.8972; spatial_UA: 0.8156; spatial_F1: 0.8545
2025-09-09 11:43:34,544 - INFO - temporal_CdAccuracy: 0.2992; temporal_PA: 0.7174; temporal_UA: 0.6384; temporal_F1: 0.6756
2025-09-09 11:43:34,545 - INFO - Confusion Matrix
 [60174.	 7959.	    0.	    0.	   55.]
 [ 5842.	46423.	    0.	    0.	    0.]
 [   16.	 2150.	    0.	    0.	    0.]
 [ 1217.	   12.	    0.	    0.	    0.]
 [  907.	  236.	    0.	    0.	 9169.]
2025-09-09 11:43:34,587 - INFO - Epoch 4 saved.
2025-09-09 11:43:34,587 - INFO - model saved 5 times, last saved epoch: 4.

2025-09-09 11:43:37,580 - INFO - Epoch 5, Train loss: 0.44101181626319885.
2025-09-09 11:43:38,446 - INFO - mIoU: 0.5024; OA: 0.8861; AA: 0.5455; F1: 0.6852; Kappa: 0.801;
2025-09-09 11:43:38,446 - INFO - spatial_LccAccuracy: 0.4316; spatial_PA: 0.9313; spatial_UA: 0.8744; spatial_F1: 0.902
2025-09-09 11:43:38,446 - INFO - temporal_CdAccuracy: 0.3453; temporal_PA: 0.7489; temporal_UA: 0.6621; temporal_F1: 0.7028
2025-09-09 11:43:38,447 - INFO - Confusion Matrix
 [61542.	 6586.	    0.	    0.	   60.]
 [ 4220.	48045.	    0.	    0.	    0.]
 [   14.	 2139.	   13.	    0.	    0.]
 [ 1206.	   23.	    0.	    0.	    0.]
 [  784.	  248.	    0.	    0.	 9280.]
2025-09-09 11:43:38,492 - INFO - Epoch 5 saved.
2025-09-09 11:43:38,493 - INFO - model saved 6 times, last saved epoch: 5.

2025-09-09 11:43:41,332 - INFO - Epoch 6, Train loss: 0.3494740128517151.
2025-09-09 11:43:42,246 - INFO - mIoU: 0.604; OA: 0.906; AA: 0.6414; F1: 0.8474; Kappa: 0.836;
2025-09-09 11:43:42,246 - INFO - spatial_LccAccuracy: 0.5058; spatial_PA: 0.931; spatial_UA: 0.876; spatial_F1: 0.9027
2025-09-09 11:43:42,246 - INFO - temporal_CdAccuracy: 0.3833; temporal_PA: 0.7538; temporal_UA: 0.6812; temporal_F1: 0.7157
2025-09-09 11:43:42,247 - INFO - Confusion Matrix
 [63358.	 4767.	    3.	    0.	   60.]
 [ 4345.	47893.	   25.	    0.	    2.]
 [   17.	 1153.	  996.	    0.	    0.]
 [ 1184.	   45.	    0.	    0.	    0.]
 [  796.	  217.	    0.	    0.	 9299.]
2025-09-09 11:43:42,310 - INFO - Epoch 6 saved.
2025-09-09 11:43:42,311 - INFO - model saved 7 times, last saved epoch: 6.

2025-09-09 11:43:45,109 - INFO - Epoch 7, Train loss: 0.2932932674884796.
2025-09-09 11:43:45,980 - INFO - mIoU: 0.6381; OA: 0.9158; AA: 0.676; F1: 0.882; Kappa: 0.8533;
2025-09-09 11:43:45,980 - INFO - spatial_LccAccuracy: 0.551; spatial_PA: 0.9309; spatial_UA: 0.8799; spatial_F1: 0.9046
2025-09-09 11:43:45,980 - INFO - temporal_CdAccuracy: 0.4141; temporal_PA: 0.7601; temporal_UA: 0.6976; temporal_F1: 0.7275
2025-09-09 11:43:45,981 - INFO - Confusion Matrix
 [64300.	 3818.	   10.	    0.	   60.]
 [ 4255.	47923.	   86.	    0.	    1.]
 [   15.	  812.	 1339.	    0.	    0.]
 [ 1112.	  116.	    1.	    0.	    0.]
 [  800.	  212.	    0.	    0.	 9300.]
2025-09-09 11:43:46,023 - INFO - Epoch 7 saved.
2025-09-09 11:43:46,023 - INFO - model saved 8 times, last saved epoch: 7.

2025-09-09 11:43:48,962 - INFO - Epoch 8, Train loss: 0.2519806921482086.
2025-09-09 11:43:49,788 - INFO - mIoU: 0.6582; OA: 0.9247; AA: 0.6938; F1: 0.8996; Kappa: 0.8689;
2025-09-09 11:43:49,789 - INFO - spatial_LccAccuracy: 0.5868; spatial_PA: 0.9347; spatial_UA: 0.8851; spatial_F1: 0.9092
2025-09-09 11:43:49,789 - INFO - temporal_CdAccuracy: 0.4486; temporal_PA: 0.7653; temporal_UA: 0.7187; temporal_F1: 0.7412
2025-09-09 11:43:49,790 - INFO - Confusion Matrix
 [65024.	 3089.	   15.	    0.	   60.]
 [ 3946.	48235.	   83.	    0.	    1.]
 [   11.	  660.	 1495.	    0.	    0.]
 [  974.	  254.	    1.	    0.	    0.]
 [  781.	  225.	    0.	    0.	 9306.]
2025-09-09 11:43:49,833 - INFO - Epoch 8 saved.
2025-09-09 11:43:49,834 - INFO - model saved 9 times, last saved epoch: 8.

2025-09-09 11:43:52,648 - INFO - Epoch 9, Train loss: 0.2186206728219986.
2025-09-09 11:43:53,489 - INFO - mIoU: 0.7054; OA: 0.9336; AA: 0.7406; F1: 0.7779; Kappa: 0.8849;
2025-09-09 11:43:53,489 - INFO - spatial_LccAccuracy: 0.6342; spatial_PA: 0.9423; spatial_UA: 0.8933; spatial_F1: 0.9172
2025-09-09 11:43:53,489 - INFO - temporal_CdAccuracy: 0.4861; temporal_PA: 0.779; temporal_UA: 0.7387; temporal_F1: 0.7583
2025-09-09 11:43:53,490 - INFO - Confusion Matrix
 [64980.	 3060.	   17.	   10.	  121.]
 [ 3189.	48955.	   80.	    2.	   39.]
 [   10.	  490.	 1666.	    0.	    0.]
 [  780.	  297.	    1.	  151.	    0.]
 [  561.	  249.	    0.	    0.	 9502.]
2025-09-09 11:43:53,532 - INFO - Epoch 9 saved.
2025-09-09 11:43:53,532 - INFO - model saved 10 times, last saved epoch: 9.

2025-09-09 11:43:56,324 - INFO - Epoch 10, Train loss: 0.19014930725097656.
2025-09-09 11:43:57,157 - INFO - mIoU: 0.7495; OA: 0.9412; AA: 0.7822; F1: 0.8289; Kappa: 0.8983;
2025-09-09 11:43:57,157 - INFO - spatial_LccAccuracy: 0.6664; spatial_PA: 0.941; spatial_UA: 0.8946; spatial_F1: 0.9172
2025-09-09 11:43:57,158 - INFO - temporal_CdAccuracy: 0.5224; temporal_PA: 0.8029; temporal_UA: 0.7679; temporal_F1: 0.785
2025-09-09 11:43:57,158 - INFO - Confusion Matrix
 [64927.	 3062.	   10.	   14.	  175.]
 [ 2492.	49671.	   59.	    6.	   37.]
 [    7.	  426.	 1733.	    0.	    0.]
 [  575.	  311.	    1.	  342.	    0.]
 [  420.	  299.	    0.	    0.	 9593.]
2025-09-09 11:43:57,211 - INFO - Epoch 10 saved.
2025-09-09 11:43:57,211 - INFO - model saved 11 times, last saved epoch: 10.

2025-09-09 11:43:59,952 - INFO - Epoch 11, Train loss: 0.16805173456668854.
2025-09-09 11:44:00,803 - INFO - mIoU: 0.7873; OA: 0.9455; AA: 0.8225; F1: 0.8652; Kappa: 0.9059;
2025-09-09 11:44:00,803 - INFO - spatial_LccAccuracy: 0.6775; spatial_PA: 0.9349; spatial_UA: 0.8951; spatial_F1: 0.9146
2025-09-09 11:44:00,803 - INFO - temporal_CdAccuracy: 0.5376; temporal_PA: 0.8139; temporal_UA: 0.7806; temporal_F1: 0.7969
2025-09-09 11:44:00,804 - INFO - Confusion Matrix
 [65267.	 2680.	    8.	   20.	  213.]
 [ 2540.	49572.	   74.	   28.	   51.]
 [    7.	  316.	 1843.	    0.	    0.]
 [  493.	  218.	    1.	  517.	    0.]
 [  422.	  246.	    0.	    0.	 9644.]
2025-09-09 11:44:00,848 - INFO - Epoch 11 saved.
2025-09-09 11:44:00,848 - INFO - model saved 12 times, last saved epoch: 11.

2025-09-09 11:44:03,659 - INFO - Epoch 12, Train loss: 0.15208150446414948.
2025-09-09 11:44:04,494 - INFO - mIoU: 0.8024; OA: 0.9488; AA: 0.8457; F1: 0.8797; Kappa: 0.9121;
2025-09-09 11:44:04,495 - INFO - spatial_LccAccuracy: 0.699; spatial_PA: 0.9428; spatial_UA: 0.9148; spatial_F1: 0.9286
2025-09-09 11:44:04,495 - INFO - temporal_CdAccuracy: 0.5765; temporal_PA: 0.8317; temporal_UA: 0.8061; temporal_F1: 0.8187
2025-09-09 11:44:04,496 - INFO - Confusion Matrix
 [65193.	 2300.	    8.	   14.	  673.]
 [ 2337.	49649.	   54.	   62.	  163.]
 [    7.	  333.	 1826.	    0.	    0.]
 [  435.	  166.	    1.	  627.	    0.]
 [  175.	  140.	    0.	    0.	 9997.]
2025-09-09 11:44:04,537 - INFO - Epoch 12 saved.
2025-09-09 11:44:04,537 - INFO - model saved 13 times, last saved epoch: 12.

2025-09-09 11:44:07,373 - INFO - Epoch 13, Train loss: 0.13944263756275177.
2025-09-09 11:44:08,230 - INFO - mIoU: 0.837; OA: 0.9532; AA: 0.8838; F1: 0.9057; Kappa: 0.9197;
2025-09-09 11:44:08,230 - INFO - spatial_LccAccuracy: 0.7285; spatial_PA: 0.9461; spatial_UA: 0.9541; spatial_F1: 0.9501
2025-09-09 11:44:08,231 - INFO - temporal_CdAccuracy: 0.6055; temporal_PA: 0.858; temporal_UA: 0.8163; temporal_F1: 0.8366
2025-09-09 11:44:08,232 - INFO - Confusion Matrix
 [64953.	 2764.	    8.	   49.	  414.]
 [ 1672.	50338.	   66.	  101.	   88.]
 [    7.	  247.	 1912.	    0.	    0.]
 [  275.	  136.	    1.	  817.	    0.]
 [  251.	  203.	    0.	    0.	 9858.]
2025-09-09 11:44:08,273 - INFO - Epoch 13 saved.
2025-09-09 11:44:08,274 - INFO - model saved 14 times, last saved epoch: 13.

2025-09-09 11:44:11,164 - INFO - Epoch 14, Train loss: 0.12824487686157227.
2025-09-09 11:44:11,993 - INFO - mIoU: 0.8385; OA: 0.9532; AA: 0.8803; F1: 0.9061; Kappa: 0.9194;
2025-09-09 11:44:11,993 - INFO - spatial_LccAccuracy: 0.7415; spatial_PA: 0.9544; spatial_UA: 0.9361; spatial_F1: 0.9451
2025-09-09 11:44:11,993 - INFO - temporal_CdAccuracy: 0.5984; temporal_PA: 0.8282; temporal_UA: 0.828; temporal_F1: 0.8281
2025-09-09 11:44:11,994 - INFO - Confusion Matrix
 [66450.	 1352.	    6.	    5.	  375.]
 [ 3117.	48854.	   78.	   98.	  118.]
 [   15.	  185.	 1966.	    0.	    0.]
 [  369.	   83.	    2.	  775.	    0.]
 [  336.	  138.	    0.	    0.	 9838.]
2025-09-09 11:44:12,036 - INFO - Epoch 14 saved.
2025-09-09 11:44:12,036 - INFO - model saved 15 times, last saved epoch: 14.

2025-09-09 11:44:14,929 - INFO - Epoch 15, Train loss: 0.11879247426986694.
2025-09-09 11:44:15,824 - INFO - mIoU: 0.8659; OA: 0.9592; AA: 0.916; F1: 0.9256; Kappa: 0.9302;
2025-09-09 11:44:15,825 - INFO - spatial_LccAccuracy: 0.7701; spatial_PA: 0.96; spatial_UA: 0.9729; spatial_F1: 0.9664
2025-09-09 11:44:15,825 - INFO - temporal_CdAccuracy: 0.6418; temporal_PA: 0.8718; temporal_UA: 0.844; temporal_F1: 0.8577
2025-09-09 11:44:15,826 - INFO - Confusion Matrix
 [65490.	 2289.	    7.	   19.	  383.]
 [ 1611.	50313.	   92.	  139.	  110.]
 [    9.	  203.	 1954.	    0.	    0.]
 [  166.	   89.	    5.	  969.	    0.]
 [  187.	  162.	    0.	    0.	 9963.]
2025-09-09 11:44:15,884 - INFO - Epoch 15 saved.
2025-09-09 11:44:15,885 - INFO - model saved 16 times, last saved epoch: 15.

2025-09-09 11:44:18,626 - INFO - Epoch 16, Train loss: 0.1115894690155983.
2025-09-09 11:44:19,457 - INFO - mIoU: 0.8716; OA: 0.9623; AA: 0.9114; F1: 0.9286; Kappa: 0.9353;
2025-09-09 11:44:19,457 - INFO - spatial_LccAccuracy: 0.7858; spatial_PA: 0.9588; spatial_UA: 0.9647; spatial_F1: 0.9618
2025-09-09 11:44:19,457 - INFO - temporal_CdAccuracy: 0.6525; temporal_PA: 0.8677; temporal_UA: 0.8537; temporal_F1: 0.8606
2025-09-09 11:44:19,458 - INFO - Confusion Matrix
 [66278.	 1650.	    6.	   10.	  244.]
 [ 1951.	50049.	   70.	  111.	   84.]
 [   12.	  181.	 1973.	    0.	    0.]
 [  214.	   81.	    1.	  933.	    0.]
 [  269.	  169.	    0.	    0.	 9874.]
2025-09-09 11:44:19,499 - INFO - Epoch 16 saved.
2025-09-09 11:44:19,499 - INFO - model saved 17 times, last saved epoch: 16.

2025-09-09 11:44:22,307 - INFO - Epoch 17, Train loss: 0.1053762286901474.
2025-09-09 11:44:23,151 - INFO - mIoU: 0.8811; OA: 0.9644; AA: 0.9206; F1: 0.9346; Kappa: 0.9388;
2025-09-09 11:44:23,151 - INFO - spatial_LccAccuracy: 0.7929; spatial_PA: 0.9678; spatial_UA: 0.9723; spatial_F1: 0.97
2025-09-09 11:44:23,151 - INFO - temporal_CdAccuracy: 0.6628; temporal_PA: 0.8756; temporal_UA: 0.8641; temporal_F1: 0.8698
2025-09-09 11:44:23,152 - INFO - Confusion Matrix
 [66449.	 1478.	    4.	    9.	  248.]
 [ 1942.	50032.	   69.	  109.	  113.]
 [   12.	  169.	 1985.	    0.	    0.]
 [  172.	   84.	    1.	  972.	    0.]
 [  256.	  115.	    0.	    0.	 9941.]
2025-09-09 11:44:23,194 - INFO - Epoch 17 saved.
2025-09-09 11:44:23,195 - INFO - model saved 18 times, last saved epoch: 17.

2025-09-09 11:44:26,083 - INFO - Epoch 18, Train loss: 0.0996672660112381.
2025-09-09 11:44:26,964 - INFO - mIoU: 0.8955; OA: 0.965; AA: 0.9452; F1: 0.9439; Kappa: 0.9399;
2025-09-09 11:44:26,964 - INFO - spatial_LccAccuracy: 0.8041; spatial_PA: 0.956; spatial_UA: 0.9728; spatial_F1: 0.9643
2025-09-09 11:44:26,964 - INFO - temporal_CdAccuracy: 0.6641; temporal_PA: 0.877; temporal_UA: 0.8687; temporal_F1: 0.8729
2025-09-09 11:44:26,965 - INFO - Confusion Matrix
 [66793.	 1286.	    5.	   25.	   79.]
 [ 2213.	49709.	  111.	  163.	   69.]
 [   11.	  138.	 2017.	    0.	    0.]
 [   79.	   25.	    5.	 1120.	    0.]
 [  347.	  139.	    0.	    0.	 9826.]
2025-09-09 11:44:27,008 - INFO - Epoch 18 saved.
2025-09-09 11:44:27,009 - INFO - model saved 19 times, last saved epoch: 18.

2025-09-09 11:44:29,856 - INFO - Epoch 19, Train loss: 0.09334132820367813.
2025-09-09 11:44:30,718 - INFO - mIoU: 0.8788; OA: 0.9656; AA: 0.9119; F1: 0.9327; Kappa: 0.9409;
2025-09-09 11:44:30,719 - INFO - spatial_LccAccuracy: 0.8037; spatial_PA: 0.9638; spatial_UA: 0.958; spatial_F1: 0.9609
2025-09-09 11:44:30,719 - INFO - temporal_CdAccuracy: 0.661; temporal_PA: 0.875; temporal_UA: 0.8657; temporal_F1: 0.8703
2025-09-09 11:44:30,720 - INFO - Confusion Matrix
 [66613.	 1303.	    2.	    6.	  264.]
 [ 1988.	50054.	   51.	   77.	   95.]
 [   12.	  173.	 1981.	    0.	    0.]
 [  202.	  115.	    0.	  912.	    0.]
 [  201.	  128.	    0.	    0.	 9983.]
2025-09-09 11:44:30,721 - INFO - model saved 19 times, last saved epoch: 18.

2025-09-09 11:44:33,581 - INFO - Epoch 20, Train loss: 0.08846576511859894.
2025-09-09 11:44:34,432 - INFO - mIoU: 0.8985; OA: 0.966; AA: 0.9451; F1: 0.9454; Kappa: 0.9415;
2025-09-09 11:44:34,432 - INFO - spatial_LccAccuracy: 0.818; spatial_PA: 0.9641; spatial_UA: 0.9812; spatial_F1: 0.9726
2025-09-09 11:44:34,433 - INFO - temporal_CdAccuracy: 0.6708; temporal_PA: 0.881; temporal_UA: 0.8645; temporal_F1: 0.8727
2025-09-09 11:44:34,433 - INFO - Confusion Matrix
 [67197.	  785.	    3.	    9.	  194.]
 [ 2645.	49220.	   97.	  147.	  156.]
 [   14.	  119.	 2033.	    0.	    0.]
 [  116.	   22.	    4.	 1087.	    0.]
 [  179.	   75.	    0.	    0.	10058.]
2025-09-09 11:44:34,478 - INFO - Epoch 20 saved.
2025-09-09 11:44:34,479 - INFO - model saved 20 times, last saved epoch: 20.

2025-09-09 11:44:37,291 - INFO - Epoch 21, Train loss: 0.08731354027986526.
2025-09-09 11:44:38,110 - INFO - mIoU: 0.9034; OA: 0.9635; AA: 0.9547; F1: 0.9485; Kappa: 0.9377;
2025-09-09 11:44:38,111 - INFO - spatial_LccAccuracy: 0.801; spatial_PA: 0.9616; spatial_UA: 0.9714; spatial_F1: 0.9665
2025-09-09 11:44:38,111 - INFO - temporal_CdAccuracy: 0.6453; temporal_PA: 0.8923; temporal_UA: 0.8604; temporal_F1: 0.876
2025-09-09 11:44:38,111 - INFO - Confusion Matrix
 [64752.	 3235.	    9.	   34.	  158.]
 [  651.	51310.	  106.	  136.	   62.]
 [    7.	  115.	 2044.	    0.	    0.]
 [   18.	   67.	    5.	 1139.	    0.]
 [   87.	  205.	    0.	    0.	10020.]
2025-09-09 11:44:38,152 - INFO - Epoch 21 saved.
2025-09-09 11:44:38,152 - INFO - model saved 21 times, last saved epoch: 21.

2025-09-09 11:44:40,913 - INFO - Epoch 22, Train loss: 0.08122744411230087.
2025-09-09 11:44:41,728 - INFO - mIoU: 0.9146; OA: 0.9724; AA: 0.9521; F1: 0.9547; Kappa: 0.9526;
2025-09-09 11:44:41,729 - INFO - spatial_LccAccuracy: 0.8412; spatial_PA: 0.9631; spatial_UA: 0.9851; spatial_F1: 0.974
2025-09-09 11:44:41,729 - INFO - temporal_CdAccuracy: 0.6901; temporal_PA: 0.9072; temporal_UA: 0.8876; temporal_F1: 0.8973
2025-09-09 11:44:41,730 - INFO - Confusion Matrix
 [66821.	 1225.	    3.	   13.	  126.]
 [ 1522.	50478.	   45.	  127.	   93.]
 [   12.	  167.	 1987.	    0.	    0.]
 [   46.	   46.	    1.	 1136.	    0.]
 [  147.	  132.	    0.	    0.	10033.]
2025-09-09 11:44:41,771 - INFO - Epoch 22 saved.
2025-09-09 11:44:41,772 - INFO - model saved 22 times, last saved epoch: 22.

2025-09-09 11:44:44,658 - INFO - Epoch 23, Train loss: 0.07791076600551605.
2025-09-09 11:44:45,565 - INFO - mIoU: 0.9143; OA: 0.9723; AA: 0.9644; F1: 0.9546; Kappa: 0.9526;
2025-09-09 11:44:45,565 - INFO - spatial_LccAccuracy: 0.8439; spatial_PA: 0.9678; spatial_UA: 0.9762; spatial_F1: 0.972
2025-09-09 11:44:45,566 - INFO - temporal_CdAccuracy: 0.6798; temporal_PA: 0.9086; temporal_UA: 0.8845; temporal_F1: 0.8964
2025-09-09 11:44:45,566 - INFO - Confusion Matrix
 [66502.	 1458.	    4.	   34.	  190.]
 [ 1337.	50524.	   80.	  161.	  163.]
 [    9.	  150.	 2007.	    0.	    0.]
 [   18.	   25.	    4.	 1182.	    0.]
 [   22.	   62.	    0.	    0.	10228.]
2025-09-09 11:44:45,567 - INFO - model saved 22 times, last saved epoch: 22.

2025-09-09 11:44:48,315 - INFO - Epoch 24, Train loss: 0.07631442695856094.
2025-09-09 11:44:49,129 - INFO - mIoU: 0.9079; OA: 0.9667; AA: 0.9429; F1: 0.9511; Kappa: 0.943;
2025-09-09 11:44:49,129 - INFO - spatial_LccAccuracy: 0.8274; spatial_PA: 0.978; spatial_UA: 0.9772; spatial_F1: 0.9776
2025-09-09 11:44:49,130 - INFO - temporal_CdAccuracy: 0.661; temporal_PA: 0.892; temporal_UA: 0.8726; temporal_F1: 0.8822
2025-09-09 11:44:49,130 - INFO - Confusion Matrix
 [65119.	 2952.	    4.	   14.	   99.]
 [  560.	51513.	   31.	   96.	   65.]
 [    8.	  214.	 1944.	    0.	    0.]
 [   31.	   84.	    0.	 1114.	    0.]
 [  120.	  192.	    0.	    0.	10000.]
2025-09-09 11:44:49,132 - INFO - model saved 22 times, last saved epoch: 22.

2025-09-09 11:44:51,975 - INFO - Epoch 25, Train loss: 0.07288211584091187.
2025-09-09 11:44:52,829 - INFO - mIoU: 0.9207; OA: 0.9743; AA: 0.9497; F1: 0.9581; Kappa: 0.9559;
2025-09-09 11:44:52,830 - INFO - spatial_LccAccuracy: 0.8573; spatial_PA: 0.9636; spatial_UA: 0.9831; spatial_F1: 0.9733
2025-09-09 11:44:52,830 - INFO - temporal_CdAccuracy: 0.682; temporal_PA: 0.9106; temporal_UA: 0.893; temporal_F1: 0.9017
2025-09-09 11:44:52,831 - INFO - Confusion Matrix
 [66336.	 1788.	    3.	   16.	   45.]
 [  842.	51240.	   57.	   67.	   59.]
 [    8.	  141.	 2017.	    0.	    0.]
 [   16.	  116.	    0.	 1097.	    0.]
 [  126.	  169.	    0.	    0.	10017.]
2025-09-09 11:44:52,877 - INFO - Epoch 25 saved.
2025-09-09 11:44:52,877 - INFO - model saved 23 times, last saved epoch: 25.

2025-09-09 11:44:55,633 - INFO - Epoch 26, Train loss: 0.07134868204593658.
2025-09-09 11:44:56,494 - INFO - mIoU: 0.9185; OA: 0.9752; AA: 0.9566; F1: 0.9569; Kappa: 0.9575;
2025-09-09 11:44:56,495 - INFO - spatial_LccAccuracy: 0.8623; spatial_PA: 0.9795; spatial_UA: 0.9865; spatial_F1: 0.9829
2025-09-09 11:44:56,495 - INFO - temporal_CdAccuracy: 0.6941; temporal_PA: 0.9176; temporal_UA: 0.8943; temporal_F1: 0.9058
2025-09-09 11:44:56,496 - INFO - Confusion Matrix
 [66787.	 1092.	    4.	    8.	  297.]
 [ 1274.	50646.	   80.	   92.	  173.]
 [   10.	  117.	 2039.	    0.	    0.]
 [   41.	   80.	    3.	 1105.	    0.]
 [    0.	   62.	    0.	    0.	10250.]
2025-09-09 11:44:56,497 - INFO - model saved 23 times, last saved epoch: 25.

2025-09-09 11:44:59,248 - INFO - Epoch 27, Train loss: 0.0671018436551094.
2025-09-09 11:45:00,113 - INFO - mIoU: 0.9302; OA: 0.9781; AA: 0.9654; F1: 0.9634; Kappa: 0.9625;
2025-09-09 11:45:00,114 - INFO - spatial_LccAccuracy: 0.8725; spatial_PA: 0.9688; spatial_UA: 0.9877; spatial_F1: 0.9781
2025-09-09 11:45:00,114 - INFO - temporal_CdAccuracy: 0.7044; temporal_PA: 0.9255; temporal_UA: 0.9077; temporal_F1: 0.9165
2025-09-09 11:45:00,115 - INFO - Confusion Matrix
 [66976.	 1106.	    3.	   20.	   83.]
 [ 1080.	50917.	   67.	  105.	   96.]
 [    9.	  126.	 2031.	    0.	    0.]
 [   18.	   41.	    2.	 1168.	    0.]
 [   64.	  114.	    0.	    0.	10134.]
2025-09-09 11:45:00,158 - INFO - Epoch 27 saved.
2025-09-09 11:45:00,159 - INFO - model saved 24 times, last saved epoch: 27.

2025-09-09 11:45:02,936 - INFO - Epoch 28, Train loss: 0.06510913372039795.
2025-09-09 11:45:03,763 - INFO - mIoU: 0.9303; OA: 0.9777; AA: 0.9556; F1: 0.9634; Kappa: 0.9618;
2025-09-09 11:45:03,764 - INFO - spatial_LccAccuracy: 0.8743; spatial_PA: 0.9607; spatial_UA: 0.9834; spatial_F1: 0.9719
2025-09-09 11:45:03,764 - INFO - temporal_CdAccuracy: 0.6977; temporal_PA: 0.9264; temporal_UA: 0.9087; temporal_F1: 0.9175
2025-09-09 11:45:03,765 - INFO - Confusion Matrix
 [66933.	 1171.	    3.	   14.	   67.]
 [ 1124.	50953.	   64.	   43.	   81.]
 [    9.	  131.	 2026.	    0.	    0.]
 [   18.	  102.	    0.	 1109.	    0.]
 [   49.	  117.	    0.	    0.	10146.]
2025-09-09 11:45:03,810 - INFO - Epoch 28 saved.
2025-09-09 11:45:03,811 - INFO - model saved 25 times, last saved epoch: 28.

2025-09-09 11:45:06,568 - INFO - Epoch 29, Train loss: 0.06196973845362663.
2025-09-09 11:45:07,388 - INFO - mIoU: 0.9234; OA: 0.9748; AA: 0.9727; F1: 0.9596; Kappa: 0.9568;
2025-09-09 11:45:07,389 - INFO - spatial_LccAccuracy: 0.8712; spatial_PA: 0.9807; spatial_UA: 0.98; spatial_F1: 0.9803
2025-09-09 11:45:07,389 - INFO - temporal_CdAccuracy: 0.6896; temporal_PA: 0.9136; temporal_UA: 0.8994; temporal_F1: 0.9065
2025-09-09 11:45:07,390 - INFO - Confusion Matrix
 [67169.	  919.	    9.	   15.	   76.]
 [ 1677.	50129.	  185.	  129.	  145.]
 [    9.	   56.	 2101.	    0.	    0.]
 [   32.	   13.	    4.	 1180.	    0.]
 [   53.	   61.	    0.	    0.	10198.]
2025-09-09 11:45:07,391 - INFO - model saved 25 times, last saved epoch: 28.

2025-09-09 11:45:10,166 - INFO - Epoch 30, Train loss: 0.06378906220197678.
2025-09-09 11:45:10,996 - INFO - mIoU: 0.9362; OA: 0.9787; AA: 0.9692; F1: 0.9667; Kappa: 0.9634;
2025-09-09 11:45:10,996 - INFO - spatial_LccAccuracy: 0.8815; spatial_PA: 0.977; spatial_UA: 0.9848; spatial_F1: 0.9809
2025-09-09 11:45:10,997 - INFO - temporal_CdAccuracy: 0.6972; temporal_PA: 0.9227; temporal_UA: 0.9056; temporal_F1: 0.9141
2025-09-09 11:45:10,997 - INFO - Confusion Matrix
 [67270.	  819.	    2.	   10.	   87.]
 [ 1395.	50603.	   80.	   92.	   95.]
 [   10.	  105.	 2051.	    0.	    0.]
 [   26.	   27.	    2.	 1174.	    0.]
 [   11.	  101.	    0.	    0.	10200.]
2025-09-09 11:45:11,044 - INFO - Epoch 30 saved.
2025-09-09 11:45:11,044 - INFO - model saved 26 times, last saved epoch: 30.

2025-09-09 11:45:13,849 - INFO - Epoch 31, Train loss: 0.05920491740107536.
2025-09-09 11:45:14,675 - INFO - mIoU: 0.9197; OA: 0.9776; AA: 0.9392; F1: 0.9572; Kappa: 0.9615;
2025-09-09 11:45:14,675 - INFO - spatial_LccAccuracy: 0.8654; spatial_PA: 0.9736; spatial_UA: 0.9869; spatial_F1: 0.9802
2025-09-09 11:45:14,675 - INFO - temporal_CdAccuracy: 0.6919; temporal_PA: 0.9234; temporal_UA: 0.9042; temporal_F1: 0.9137
2025-09-09 11:45:14,676 - INFO - Confusion Matrix
 [66773.	 1388.	    3.	    8.	   16.]
 [  811.	51338.	   62.	   18.	   36.]
 [    9.	  135.	 2022.	    0.	    0.]
 [   22.	  185.	    0.	 1022.	    0.]
 [  111.	  206.	    0.	    0.	 9995.]
2025-09-09 11:45:14,677 - INFO - model saved 26 times, last saved epoch: 30.

2025-09-09 11:45:17,485 - INFO - Epoch 32, Train loss: 0.05745856091380119.
2025-09-09 11:45:18,299 - INFO - mIoU: 0.9345; OA: 0.98; AA: 0.9758; F1: 0.9657; Kappa: 0.9657;
2025-09-09 11:45:18,300 - INFO - spatial_LccAccuracy: 0.8877; spatial_PA: 0.9752; spatial_UA: 0.9894; spatial_F1: 0.9822
2025-09-09 11:45:18,300 - INFO - temporal_CdAccuracy: 0.7089; temporal_PA: 0.934; temporal_UA: 0.9131; temporal_F1: 0.9235
2025-09-09 11:45:18,301 - INFO - Confusion Matrix
 [67042.	 1022.	    7.	   37.	   80.]
 [  996.	50994.	   99.	  118.	   58.]
 [    9.	   86.	 2071.	    0.	    0.]
 [    9.	   14.	    4.	 1202.	    0.]
 [   21.	  126.	    0.	    0.	10165.]
2025-09-09 11:45:18,302 - INFO - model saved 26 times, last saved epoch: 30.

2025-09-09 11:45:21,161 - INFO - Epoch 33, Train loss: 0.057349443435668945.
2025-09-09 11:45:22,045 - INFO - mIoU: 0.923; OA: 0.9774; AA: 0.9785; F1: 0.9594; Kappa: 0.9613;
2025-09-09 11:45:22,046 - INFO - spatial_LccAccuracy: 0.8694; spatial_PA: 0.9769; spatial_UA: 0.9919; spatial_F1: 0.9843
2025-09-09 11:45:22,046 - INFO - temporal_CdAccuracy: 0.7004; temporal_PA: 0.9337; temporal_UA: 0.9087; temporal_F1: 0.9211
2025-09-09 11:45:22,047 - INFO - Confusion Matrix
 [67374.	  624.	    8.	   20.	  162.]
 [ 1532.	50168.	  205.	  150.	  210.]
 [   10.	   54.	 2102.	    0.	    0.]
 [   14.	    8.	    6.	 1201.	    0.]
 [    0.	   32.	    0.	    0.	10280.]
2025-09-09 11:45:22,048 - INFO - model saved 26 times, last saved epoch: 30.

2025-09-09 11:45:24,874 - INFO - Epoch 34, Train loss: 0.055035077035427094.
2025-09-09 11:45:25,704 - INFO - mIoU: 0.9323; OA: 0.9793; AA: 0.9563; F1: 0.9645; Kappa: 0.9645;
2025-09-09 11:45:25,705 - INFO - spatial_LccAccuracy: 0.8931; spatial_PA: 0.9795; spatial_UA: 0.9865; spatial_F1: 0.9829
2025-09-09 11:45:25,705 - INFO - temporal_CdAccuracy: 0.7133; temporal_PA: 0.9304; temporal_UA: 0.9228; temporal_F1: 0.9265
2025-09-09 11:45:25,706 - INFO - Confusion Matrix
 [67363.	  751.	    1.	    4.	   69.]
 [ 1344.	50659.	   52.	   50.	  160.]
 [   14.	  125.	 2027.	    0.	    0.]
 [   72.	   55.	    0.	 1102.	    0.]
 [   36.	   46.	    0.	    0.	10230.]
2025-09-09 11:45:25,707 - INFO - model saved 26 times, last saved epoch: 30.

2025-09-09 11:45:28,517 - INFO - Epoch 35, Train loss: 0.05300435423851013.
2025-09-09 11:45:29,367 - INFO - mIoU: 0.9375; OA: 0.9787; AA: 0.9609; F1: 0.9675; Kappa: 0.9635;
2025-09-09 11:45:29,367 - INFO - spatial_LccAccuracy: 0.8922; spatial_PA: 0.9853; spatial_UA: 0.9861; spatial_F1: 0.9857
2025-09-09 11:45:29,367 - INFO - temporal_CdAccuracy: 0.7093; temporal_PA: 0.9348; temporal_UA: 0.913; temporal_F1: 0.9237
2025-09-09 11:45:29,368 - INFO - Confusion Matrix
 [67089.	 1036.	    2.	    4.	   57.]
 [ 1133.	50986.	   72.	   43.	   31.]
 [   10.	   91.	 2065.	    0.	    0.]
 [   55.	   43.	    2.	 1129.	    0.]
 [   97.	  180.	    0.	    0.	10035.]
2025-09-09 11:45:29,410 - INFO - Epoch 35 saved.
2025-09-09 11:45:29,411 - INFO - model saved 27 times, last saved epoch: 35.

2025-09-09 11:45:32,209 - INFO - Epoch 36, Train loss: 0.0527331605553627.
2025-09-09 11:45:33,090 - INFO - mIoU: 0.9381; OA: 0.9783; AA: 0.964; F1: 0.9678; Kappa: 0.9629;
2025-09-09 11:45:33,091 - INFO - spatial_LccAccuracy: 0.8922; spatial_PA: 0.9861; spatial_UA: 0.9854; spatial_F1: 0.9858
2025-09-09 11:45:33,091 - INFO - temporal_CdAccuracy: 0.7039; temporal_PA: 0.9348; temporal_UA: 0.9155; temporal_F1: 0.9251
2025-09-09 11:45:33,092 - INFO - Confusion Matrix
 [66470.	 1604.	    2.	   14.	   98.]
 [  671.	51397.	   29.	   57.	  111.]
 [   11.	  194.	 1961.	    0.	    0.]
 [   12.	   33.	    0.	 1184.	    0.]
 [    2.	   69.	    0.	    0.	10241.]
2025-09-09 11:45:33,133 - INFO - Epoch 36 saved.
2025-09-09 11:45:33,134 - INFO - model saved 28 times, last saved epoch: 36.

2025-09-09 11:45:35,934 - INFO - Epoch 37, Train loss: 0.049953900277614594.
2025-09-09 11:45:36,753 - INFO - mIoU: 0.9381; OA: 0.9799; AA: 0.9591; F1: 0.9677; Kappa: 0.9656;
2025-09-09 11:45:36,754 - INFO - spatial_LccAccuracy: 0.8882; spatial_PA: 0.9814; spatial_UA: 0.99; spatial_F1: 0.9857
2025-09-09 11:45:36,754 - INFO - temporal_CdAccuracy: 0.708; temporal_PA: 0.9365; temporal_UA: 0.9175; temporal_F1: 0.9269
2025-09-09 11:45:36,755 - INFO - Confusion Matrix
 [67044.	 1060.	    1.	    5.	   78.]
 [ 1021.	51079.	   41.	   39.	   85.]
 [    8.	  158.	 2000.	    0.	    0.]
 [   48.	   49.	    0.	 1132.	    0.]
 [   11.	   88.	    0.	    0.	10213.]
2025-09-09 11:45:36,756 - INFO - model saved 28 times, last saved epoch: 36.

2025-09-09 11:45:39,610 - INFO - Epoch 38, Train loss: 0.04820660501718521.
2025-09-09 11:45:40,434 - INFO - mIoU: 0.9153; OA: 0.9774; AA: 0.934; F1: 0.9542; Kappa: 0.9613;
2025-09-09 11:45:40,434 - INFO - spatial_LccAccuracy: 0.8712; spatial_PA: 0.9669; spatial_UA: 0.9882; spatial_F1: 0.9774
2025-09-09 11:45:40,434 - INFO - temporal_CdAccuracy: 0.6972; temporal_PA: 0.9256; temporal_UA: 0.912; temporal_F1: 0.9187
2025-09-09 11:45:40,435 - INFO - Confusion Matrix
 [66742.	 1381.	    3.	    7.	   55.]
 [  909.	51242.	   58.	    9.	   47.]
 [    6.	  120.	 2040.	    0.	    0.]
 [    8.	  256.	    0.	  965.	    0.]
 [   35.	  134.	    0.	    0.	10143.]
2025-09-09 11:45:40,436 - INFO - model saved 28 times, last saved epoch: 36.

2025-09-09 11:45:43,203 - INFO - Epoch 39, Train loss: 0.04794852063059807.
2025-09-09 11:45:44,080 - INFO - mIoU: 0.942; OA: 0.9816; AA: 0.9701; F1: 0.9698; Kappa: 0.9684;
2025-09-09 11:45:44,081 - INFO - spatial_LccAccuracy: 0.9043; spatial_PA: 0.9763; spatial_UA: 0.9897; spatial_F1: 0.9829
2025-09-09 11:45:44,081 - INFO - temporal_CdAccuracy: 0.7258; temporal_PA: 0.9425; temporal_UA: 0.9294; temporal_F1: 0.9359
2025-09-09 11:45:44,082 - INFO - Confusion Matrix
 [67305.	  803.	    3.	   36.	   41.]
 [ 1090.	50999.	   46.	   65.	   65.]
 [    9.	  143.	 2014.	    0.	    0.]
 [   10.	   26.	    0.	 1193.	    0.]
 [   40.	   95.	    0.	    0.	10177.]
2025-09-09 11:45:44,126 - INFO - Epoch 39 saved.
2025-09-09 11:45:44,127 - INFO - model saved 29 times, last saved epoch: 39.

2025-09-09 11:45:47,015 - INFO - Epoch 40, Train loss: 0.04760589823126793.
2025-09-09 11:45:47,909 - INFO - mIoU: 0.9453; OA: 0.9813; AA: 0.9751; F1: 0.9717; Kappa: 0.968;
2025-09-09 11:45:47,909 - INFO - spatial_LccAccuracy: 0.907; spatial_PA: 0.9886; spatial_UA: 0.991; spatial_F1: 0.9898
2025-09-09 11:45:47,910 - INFO - temporal_CdAccuracy: 0.7196; temporal_PA: 0.9429; temporal_UA: 0.9305; temporal_F1: 0.9367
2025-09-09 11:45:47,911 - INFO - Confusion Matrix
 [67071.	 1022.	    2.	   15.	   78.]
 [  913.	51125.	   61.	   81.	   85.]
 [   11.	  105.	 2050.	    0.	    0.]
 [   14.	   14.	    0.	 1201.	    0.]
 [    9.	   94.	    0.	    0.	10209.]
2025-09-09 11:45:47,962 - INFO - Epoch 40 saved.
2025-09-09 11:45:47,962 - INFO - model saved 30 times, last saved epoch: 40.

2025-09-09 11:45:50,815 - INFO - Epoch 41, Train loss: 0.0452960804104805.
2025-09-09 11:45:51,692 - INFO - mIoU: 0.9365; OA: 0.9788; AA: 0.9772; F1: 0.9668; Kappa: 0.9638;
2025-09-09 11:45:51,692 - INFO - spatial_LccAccuracy: 0.8869; spatial_PA: 0.9747; spatial_UA: 0.9872; spatial_F1: 0.9809
2025-09-09 11:45:51,692 - INFO - temporal_CdAccuracy: 0.7026; temporal_PA: 0.9343; temporal_UA: 0.9141; temporal_F1: 0.9241
2025-09-09 11:45:51,693 - INFO - Confusion Matrix
 [66294.	 1743.	    4.	   66.	   81.]
 [  475.	51503.	   66.	   92.	  129.]
 [    8.	  100.	 2058.	    0.	    0.]
 [    5.	   15.	    0.	 1209.	    0.]
 [    2.	   55.	    0.	    0.	10255.]
2025-09-09 11:45:51,694 - INFO - model saved 30 times, last saved epoch: 40.

2025-09-09 11:45:54,484 - INFO - Epoch 42, Train loss: 0.044191762804985046.
2025-09-09 11:45:55,394 - INFO - mIoU: 0.9386; OA: 0.9806; AA: 0.9597; F1: 0.968; Kappa: 0.9668;
2025-09-09 11:45:55,394 - INFO - spatial_LccAccuracy: 0.9056; spatial_PA: 0.9818; spatial_UA: 0.9803; spatial_F1: 0.981
2025-09-09 11:45:55,394 - INFO - temporal_CdAccuracy: 0.7165; temporal_PA: 0.9406; temporal_UA: 0.9309; temporal_F1: 0.9357
2025-09-09 11:45:55,395 - INFO - Confusion Matrix
 [67506.	  608.	    1.	    3.	   70.]
 [ 1379.	50691.	   68.	   28.	   99.]
 [   15.	   92.	 2059.	    0.	    0.]
 [   90.	   31.	    4.	 1104.	    0.]
 [   32.	   76.	    0.	    0.	10204.]
2025-09-09 11:45:55,396 - INFO - model saved 30 times, last saved epoch: 40.

2025-09-09 11:45:58,200 - INFO - Epoch 43, Train loss: 0.044130049645900726.
2025-09-09 11:45:59,068 - INFO - mIoU: 0.9454; OA: 0.9823; AA: 0.9755; F1: 0.9717; Kappa: 0.9697;
2025-09-09 11:45:59,068 - INFO - spatial_LccAccuracy: 0.9097; spatial_PA: 0.9827; spatial_UA: 0.9873; spatial_F1: 0.985
2025-09-09 11:45:59,068 - INFO - temporal_CdAccuracy: 0.7205; temporal_PA: 0.9427; temporal_UA: 0.9305; temporal_F1: 0.9366
2025-09-09 11:45:59,069 - INFO - Confusion Matrix
 [67434.	  678.	    5.	    8.	   63.]
 [ 1139.	50870.	  123.	   58.	   75.]
 [    9.	   65.	 2092.	    0.	    0.]
 [   32.	   14.	    5.	 1178.	    0.]
 [   15.	   81.	    0.	    0.	10216.]
2025-09-09 11:45:59,112 - INFO - Epoch 43 saved.
2025-09-09 11:45:59,113 - INFO - model saved 31 times, last saved epoch: 43.

2025-09-09 11:46:01,936 - INFO - Epoch 44, Train loss: 0.04420999437570572.
2025-09-09 11:46:02,867 - INFO - mIoU: 0.9495; OA: 0.9825; AA: 0.9729; F1: 0.974; Kappa: 0.9699;
2025-09-09 11:46:02,867 - INFO - spatial_LccAccuracy: 0.9119; spatial_PA: 0.9782; spatial_UA: 0.9891; spatial_F1: 0.9836
2025-09-09 11:46:02,867 - INFO - temporal_CdAccuracy: 0.7303; temporal_PA: 0.945; temporal_UA: 0.9355; temporal_F1: 0.9402
2025-09-09 11:46:02,868 - INFO - Confusion Matrix
 [67398.	  736.	    4.	   10.	   40.]
 [ 1080.	51015.	   92.	   32.	   46.]
 [   12.	   77.	 2077.	    0.	    0.]
 [   18.	   29.	    5.	 1177.	    0.]
 [   56.	  117.	    0.	    0.	10139.]
2025-09-09 11:46:02,911 - INFO - Epoch 44 saved.
2025-09-09 11:46:02,912 - INFO - model saved 32 times, last saved epoch: 44.

2025-09-09 11:46:05,691 - INFO - Epoch 45, Train loss: 0.0431375689804554.
2025-09-09 11:46:06,540 - INFO - mIoU: 0.9445; OA: 0.9816; AA: 0.9779; F1: 0.9712; Kappa: 0.9685;
2025-09-09 11:46:06,540 - INFO - spatial_LccAccuracy: 0.9061; spatial_PA: 0.9849; spatial_UA: 0.992; spatial_F1: 0.9884
2025-09-09 11:46:06,540 - INFO - temporal_CdAccuracy: 0.7272; temporal_PA: 0.9488; temporal_UA: 0.9308; temporal_F1: 0.9397
2025-09-09 11:46:06,541 - INFO - Confusion Matrix
 [67284.	  781.	    2.	   11.	  110.]
 [ 1089.	50869.	   74.	   95.	  138.]
 [   10.	   85.	 2071.	    0.	    0.]
 [   19.	    6.	    2.	 1202.	    0.]
 [    1.	   48.	    0.	    0.	10263.]
2025-09-09 11:46:06,542 - INFO - model saved 32 times, last saved epoch: 44.

2025-09-09 11:46:09,397 - INFO - Epoch 46, Train loss: 0.04079435020685196.
2025-09-09 11:46:10,226 - INFO - mIoU: 0.948; OA: 0.9821; AA: 0.9773; F1: 0.9731; Kappa: 0.9694;
2025-09-09 11:46:10,226 - INFO - spatial_LccAccuracy: 0.9097; spatial_PA: 0.9798; spatial_UA: 0.9916; spatial_F1: 0.9857
2025-09-09 11:46:10,226 - INFO - temporal_CdAccuracy: 0.7227; temporal_PA: 0.9472; temporal_UA: 0.93; temporal_F1: 0.9385
2025-09-09 11:46:10,227 - INFO - Confusion Matrix
 [67553.	  548.	    3.	   14.	   70.]
 [ 1326.	50676.	   72.	   73.	  118.]
 [    8.	   92.	 2066.	    0.	    0.]
 [   14.	   15.	    0.	 1200.	    0.]
 [    3.	   41.	    0.	    0.	10268.]
2025-09-09 11:46:10,228 - INFO - model saved 32 times, last saved epoch: 44.

2025-09-09 11:46:12,982 - INFO - Epoch 47, Train loss: 0.03908543661236763.
2025-09-09 11:46:13,833 - INFO - mIoU: 0.9274; OA: 0.9803; AA: 0.9463; F1: 0.9616; Kappa: 0.9663;
2025-09-09 11:46:13,833 - INFO - spatial_LccAccuracy: 0.8895; spatial_PA: 0.9792; spatial_UA: 0.9894; spatial_F1: 0.9843
2025-09-09 11:46:13,834 - INFO - temporal_CdAccuracy: 0.7178; temporal_PA: 0.9388; temporal_UA: 0.9251; temporal_F1: 0.9319
2025-09-09 11:46:13,835 - INFO - Confusion Matrix
 [67057.	  932.	    2.	   10.	  187.]
 [  935.	51209.	   44.	    9.	   68.]
 [   11.	  154.	 2001.	    0.	    0.]
 [   15.	  163.	    0.	 1051.	    0.]
 [    0.	  111.	    0.	    0.	10201.]
2025-09-09 11:46:13,836 - INFO - model saved 32 times, last saved epoch: 44.

2025-09-09 11:46:16,600 - INFO - Epoch 48, Train loss: 0.039433084428310394.
2025-09-09 11:46:17,471 - INFO - mIoU: 0.9518; OA: 0.9824; AA: 0.9751; F1: 0.9752; Kappa: 0.9699;
2025-09-09 11:46:17,471 - INFO - spatial_LccAccuracy: 0.9123; spatial_PA: 0.9814; spatial_UA: 0.99; spatial_F1: 0.9857
2025-09-09 11:46:17,471 - INFO - temporal_CdAccuracy: 0.7267; temporal_PA: 0.9452; temporal_UA: 0.9279; temporal_F1: 0.9364
2025-09-09 11:46:17,471 - INFO - Confusion Matrix
 [66883.	 1219.	    2.	   18.	   66.]
 [  648.	51403.	   82.	   19.	  113.]
 [    8.	   62.	 2096.	    0.	    0.]
 [    8.	   52.	    2.	 1167.	    0.]
 [    2.	   60.	    0.	    0.	10250.]
2025-09-09 11:46:17,513 - INFO - Epoch 48 saved.
2025-09-09 11:46:17,514 - INFO - model saved 33 times, last saved epoch: 48.

2025-09-09 11:46:20,303 - INFO - Epoch 49, Train loss: 0.04005085304379463.
2025-09-09 11:46:21,162 - INFO - mIoU: 0.9492; OA: 0.983; AA: 0.9663; F1: 0.9737; Kappa: 0.9708;
2025-09-09 11:46:21,162 - INFO - spatial_LccAccuracy: 0.915; spatial_PA: 0.983; spatial_UA: 0.9925; spatial_F1: 0.9877
2025-09-09 11:46:21,162 - INFO - temporal_CdAccuracy: 0.7352; temporal_PA: 0.9473; temporal_UA: 0.9406; temporal_F1: 0.9439
2025-09-09 11:46:21,163 - INFO - Confusion Matrix
 [67397.	  736.	    1.	    9.	   45.]
 [ 1034.	51104.	   39.	   23.	   65.]
 [   14.	  168.	 1984.	    0.	    0.]
 [   13.	   37.	    0.	 1179.	    0.]
 [   13.	   90.	    0.	    0.	10209.]
2025-09-09 11:46:21,164 - INFO - model saved 33 times, last saved epoch: 48.

2025-09-09 11:46:24,070 - INFO - Epoch 50, Train loss: 0.038552314043045044.
2025-09-09 11:46:24,948 - INFO - mIoU: 0.95; OA: 0.9825; AA: 0.9763; F1: 0.9742; Kappa: 0.97;
2025-09-09 11:46:24,948 - INFO - spatial_LccAccuracy: 0.9155; spatial_PA: 0.983; spatial_UA: 0.9884; spatial_F1: 0.9857
2025-09-09 11:46:24,949 - INFO - temporal_CdAccuracy: 0.7317; temporal_PA: 0.9479; temporal_UA: 0.9347; temporal_F1: 0.9412
2025-09-09 11:46:24,949 - INFO - Confusion Matrix
 [66910.	 1190.	    3.	   35.	   50.]
 [  672.	51448.	   55.	   48.	   42.]
 [    8.	  103.	 2055.	    0.	    0.]
 [    6.	   20.	    0.	 1203.	    0.]
 [    7.	  114.	    0.	    0.	10191.]
2025-09-09 11:46:24,950 - INFO - model saved 33 times, last saved epoch: 48.

2025-09-09 11:46:27,765 - INFO - Epoch 51, Train loss: 0.03826151415705681.
2025-09-09 11:46:28,723 - INFO - mIoU: 0.9492; OA: 0.9807; AA: 0.9713; F1: 0.9738; Kappa: 0.9669;
2025-09-09 11:46:28,723 - INFO - spatial_LccAccuracy: 0.9101; spatial_PA: 0.9867; spatial_UA: 0.9836; spatial_F1: 0.9851
2025-09-09 11:46:28,723 - INFO - temporal_CdAccuracy: 0.7245; temporal_PA: 0.9416; temporal_UA: 0.9292; temporal_F1: 0.9354
2025-09-09 11:46:28,724 - INFO - Confusion Matrix
 [66949.	 1168.	    2.	   10.	   59.]
 [  901.	51145.	   74.	   20.	  125.]
 [   14.	   95.	 2057.	    0.	    0.]
 [   20.	   38.	    0.	 1171.	    0.]
 [   21.	   46.	    0.	    0.	10245.]
2025-09-09 11:46:28,725 - INFO - model saved 33 times, last saved epoch: 48.

2025-09-09 11:46:31,497 - INFO - Epoch 52, Train loss: 0.037431828677654266.
2025-09-09 11:46:32,369 - INFO - mIoU: 0.9417; OA: 0.9819; AA: 0.9588; F1: 0.9696; Kappa: 0.9689;
2025-09-09 11:46:32,369 - INFO - spatial_LccAccuracy: 0.9007; spatial_PA: 0.9831; spatial_UA: 0.9816; spatial_F1: 0.9824
2025-09-09 11:46:32,369 - INFO - temporal_CdAccuracy: 0.7223; temporal_PA: 0.947; temporal_UA: 0.9302; temporal_F1: 0.9386
2025-09-09 11:46:32,370 - INFO - Confusion Matrix
 [67487.	  655.	    3.	    3.	   40.]
 [ 1195.	50921.	   70.	    8.	   71.]
 [   13.	   81.	 2072.	    0.	    0.]
 [   76.	   60.	    1.	 1092.	    0.]
 [   54.	  102.	    0.	    0.	10156.]
2025-09-09 11:46:32,370 - INFO - model saved 33 times, last saved epoch: 48.

2025-09-09 11:46:35,282 - INFO - Epoch 53, Train loss: 0.036107029765844345.
2025-09-09 11:46:36,081 - INFO - mIoU: 0.9512; OA: 0.9832; AA: 0.9771; F1: 0.9748; Kappa: 0.9711;
2025-09-09 11:46:36,081 - INFO - spatial_LccAccuracy: 0.9199; spatial_PA: 0.9833; spatial_UA: 0.9936; spatial_F1: 0.9884
2025-09-09 11:46:36,082 - INFO - temporal_CdAccuracy: 0.7384; temporal_PA: 0.9516; temporal_UA: 0.9423; temporal_F1: 0.9469
2025-09-09 11:46:36,082 - INFO - Confusion Matrix
 [67491.	  641.	    2.	   10.	   44.]
 [ 1132.	50958.	   70.	   68.	   37.]
 [   12.	   79.	 2075.	    0.	    0.]
 [   19.	   10.	    1.	 1199.	    0.]
 [   11.	  123.	    0.	    0.	10178.]
2025-09-09 11:46:36,083 - INFO - model saved 33 times, last saved epoch: 48.

2025-09-09 11:46:38,885 - INFO - Epoch 54, Train loss: 0.03633363917469978.
2025-09-09 11:46:39,689 - INFO - mIoU: 0.9472; OA: 0.9788; AA: 0.9671; F1: 0.9727; Kappa: 0.9638;
2025-09-09 11:46:39,689 - INFO - spatial_LccAccuracy: 0.8931; spatial_PA: 0.9867; spatial_UA: 0.9836; spatial_F1: 0.9851
2025-09-09 11:46:39,690 - INFO - temporal_CdAccuracy: 0.7151; temporal_PA: 0.9367; temporal_UA: 0.9255; temporal_F1: 0.931
2025-09-09 11:46:39,690 - INFO - Confusion Matrix
 [66228.	 1895.	    2.	    8.	   55.]
 [  451.	51640.	   58.	   10.	  106.]
 [    8.	  102.	 2056.	    0.	    0.]
 [   20.	   62.	    0.	 1147.	    0.]
 [    1.	   62.	    0.	    0.	10249.]
2025-09-09 11:46:39,692 - INFO - model saved 33 times, last saved epoch: 48.

2025-09-09 11:46:42,480 - INFO - Epoch 55, Train loss: 0.03631196916103363.
2025-09-09 11:46:43,307 - INFO - mIoU: 0.9519; OA: 0.9828; AA: 0.9709; F1: 0.9752; Kappa: 0.9706;
2025-09-09 11:46:43,308 - INFO - spatial_LccAccuracy: 0.9168; spatial_PA: 0.9891; spatial_UA: 0.9891; spatial_F1: 0.9891
2025-09-09 11:46:43,308 - INFO - temporal_CdAccuracy: 0.7272; temporal_PA: 0.9492; temporal_UA: 0.9372; temporal_F1: 0.9431
2025-09-09 11:46:43,309 - INFO - Confusion Matrix
 [67306.	  827.	    2.	    9.	   44.]
 [  984.	51151.	   48.	   31.	   51.]
 [   12.	  130.	 2024.	    0.	    0.]
 [   16.	   25.	    0.	 1188.	    0.]
 [    6.	  119.	    0.	    0.	10187.]
2025-09-09 11:46:43,350 - INFO - Epoch 55 saved.
2025-09-09 11:46:43,350 - INFO - model saved 34 times, last saved epoch: 55.

2025-09-09 11:46:46,327 - INFO - Epoch 56, Train loss: 0.034188829362392426.
2025-09-09 11:46:47,175 - INFO - mIoU: 0.9508; OA: 0.982; AA: 0.9751; F1: 0.9746; Kappa: 0.9691;
2025-09-09 11:46:47,175 - INFO - spatial_LccAccuracy: 0.9101; spatial_PA: 0.9801; spatial_UA: 0.9927; spatial_F1: 0.9864
2025-09-09 11:46:47,175 - INFO - temporal_CdAccuracy: 0.737; temporal_PA: 0.9402; temporal_UA: 0.942; temporal_F1: 0.9411
2025-09-09 11:46:47,176 - INFO - Confusion Matrix
 [67181.	  924.	    2.	   29.	   52.]
 [ 1000.	51132.	   45.	   46.	   42.]
 [   11.	  127.	 2028.	    0.	    0.]
 [    5.	   10.	    0.	 1214.	    0.]
 [    0.	  124.	    0.	    0.	10188.]
2025-09-09 11:46:47,177 - INFO - model saved 34 times, last saved epoch: 55.

2025-09-09 11:46:49,915 - INFO - Epoch 57, Train loss: 0.03554927930235863.
2025-09-09 11:46:50,792 - INFO - mIoU: 0.9487; OA: 0.9832; AA: 0.9665; F1: 0.9735; Kappa: 0.9712;
2025-09-09 11:46:50,792 - INFO - spatial_LccAccuracy: 0.9199; spatial_PA: 0.9849; spatial_UA: 0.992; spatial_F1: 0.9884
2025-09-09 11:46:50,792 - INFO - temporal_CdAccuracy: 0.7308; temporal_PA: 0.9483; temporal_UA: 0.9383; temporal_F1: 0.9433
2025-09-09 11:46:50,793 - INFO - Confusion Matrix
 [67452.	  656.	    2.	    8.	   70.]
 [ 1042.	51011.	   44.	   14.	  154.]
 [   10.	  141.	 2015.	    0.	    0.]
 [   26.	   47.	    0.	 1156.	    0.]
 [    0.	   39.	    0.	    0.	10273.]
2025-09-09 11:46:50,794 - INFO - model saved 34 times, last saved epoch: 55.

2025-09-09 11:46:53,536 - INFO - Epoch 58, Train loss: 0.03560740873217583.
2025-09-09 11:46:54,464 - INFO - mIoU: 0.9504; OA: 0.9834; AA: 0.9807; F1: 0.9744; Kappa: 0.9716;
2025-09-09 11:46:54,464 - INFO - spatial_LccAccuracy: 0.9177; spatial_PA: 0.9855; spatial_UA: 0.9941; spatial_F1: 0.9898
2025-09-09 11:46:54,464 - INFO - temporal_CdAccuracy: 0.7397; temporal_PA: 0.9543; temporal_UA: 0.9419; temporal_F1: 0.9481
2025-09-09 11:46:54,464 - INFO - Confusion Matrix
 [67364.	  708.	    4.	   16.	   96.]
 [  981.	51016.	   77.	   74.	  117.]
 [   12.	   73.	 2081.	    0.	    0.]
 [   10.	   10.	    0.	 1209.	    0.]
 [    1.	   49.	    0.	    0.	10262.]
2025-09-09 11:46:54,465 - INFO - model saved 34 times, last saved epoch: 55.

2025-09-09 11:46:57,196 - INFO - Epoch 59, Train loss: 0.03261224180459976.
2025-09-09 11:46:58,062 - INFO - mIoU: 0.9495; OA: 0.9837; AA: 0.9673; F1: 0.9739; Kappa: 0.9721;
2025-09-09 11:46:58,062 - INFO - spatial_LccAccuracy: 0.9249; spatial_PA: 0.9868; spatial_UA: 0.9915; spatial_F1: 0.9891
2025-09-09 11:46:58,062 - INFO - temporal_CdAccuracy: 0.737; temporal_PA: 0.9488; temporal_UA: 0.944; temporal_F1: 0.9464
2025-09-09 11:46:58,063 - INFO - Confusion Matrix
 [67268.	  850.	    3.	   10.	   57.]
 [  837.	51277.	   67.	    9.	   75.]
 [   12.	   88.	 2066.	    0.	    0.]
 [   16.	   78.	    0.	 1135.	    0.]
 [    3.	   83.	    0.	    0.	10226.]
2025-09-09 11:46:58,064 - INFO - model saved 34 times, last saved epoch: 55.

2025-09-09 11:47:00,934 - INFO - Epoch 60, Train loss: 0.032950710505247116.
2025-09-09 11:47:01,751 - INFO - mIoU: 0.9482; OA: 0.982; AA: 0.9671; F1: 0.9733; Kappa: 0.9691;
2025-09-09 11:47:01,751 - INFO - spatial_LccAccuracy: 0.9088; spatial_PA: 0.9868; spatial_UA: 0.9915; spatial_F1: 0.9891
2025-09-09 11:47:01,751 - INFO - temporal_CdAccuracy: 0.7187; temporal_PA: 0.9477; temporal_UA: 0.9299; temporal_F1: 0.9387
2025-09-09 11:47:01,752 - INFO - Confusion Matrix
 [67463.	  622.	    1.	   13.	   89.]
 [ 1265.	50824.	   58.	    9.	  109.]
 [   15.	   91.	 2060.	    0.	    0.]
 [   15.	   74.	    0.	 1140.	    0.]
 [    2.	   51.	    0.	    0.	10259.]
2025-09-09 11:47:01,753 - INFO - model saved 34 times, last saved epoch: 55.

2025-09-09 11:47:04,662 - INFO - Epoch 61, Train loss: 0.031196685507893562.
2025-09-09 11:47:05,454 - INFO - mIoU: 0.9537; OA: 0.984; AA: 0.9716; F1: 0.9762; Kappa: 0.9727;
2025-09-09 11:47:05,454 - INFO - spatial_LccAccuracy: 0.928; spatial_PA: 0.9886; spatial_UA: 0.991; spatial_F1: 0.9898
2025-09-09 11:47:05,455 - INFO - temporal_CdAccuracy: 0.7361; temporal_PA: 0.9554; temporal_UA: 0.9425; temporal_F1: 0.9489
2025-09-09 11:47:05,455 - INFO - Confusion Matrix
 [67239.	  861.	    2.	   14.	   72.]
 [  799.	51319.	   58.	    9.	   80.]
 [   12.	   79.	 2075.	    0.	    0.]
 [    7.	   67.	    0.	 1155.	    0.]
 [    1.	   80.	    0.	    0.	10231.]
2025-09-09 11:47:05,497 - INFO - Epoch 61 saved.
2025-09-09 11:47:05,497 - INFO - model saved 35 times, last saved epoch: 61.

2025-09-09 11:47:08,249 - INFO - Epoch 62, Train loss: 0.029959049075841904.
2025-09-09 11:47:09,093 - INFO - mIoU: 0.9443; OA: 0.9833; AA: 0.9589; F1: 0.971; Kappa: 0.9714;
2025-09-09 11:47:09,093 - INFO - spatial_LccAccuracy: 0.9164; spatial_PA: 0.9881; spatial_UA: 0.9888; spatial_F1: 0.9885
2025-09-09 11:47:09,093 - INFO - temporal_CdAccuracy: 0.7357; temporal_PA: 0.9482; temporal_UA: 0.9428; temporal_F1: 0.9455
2025-09-09 11:47:09,093 - INFO - Confusion Matrix
 [67146.	  976.	    1.	    6.	   59.]
 [  686.	51464.	   35.	    9.	   71.]
 [   13.	  187.	 1966.	    0.	    0.]
 [   27.	   62.	    0.	 1140.	    0.]
 [    7.	   97.	    0.	    0.	10208.]
2025-09-09 11:47:09,094 - INFO - model saved 35 times, last saved epoch: 61.

2025-09-09 11:47:11,845 - INFO - Epoch 63, Train loss: 0.03132983297109604.
2025-09-09 11:47:12,673 - INFO - mIoU: 0.9567; OA: 0.9843; AA: 0.9767; F1: 0.9777; Kappa: 0.9731;
2025-09-09 11:47:12,673 - INFO - spatial_LccAccuracy: 0.9298; spatial_PA: 0.987; spatial_UA: 0.9925; spatial_F1: 0.9898
2025-09-09 11:47:12,673 - INFO - temporal_CdAccuracy: 0.737; temporal_PA: 0.9522; temporal_UA: 0.9446; temporal_F1: 0.9484
2025-09-09 11:47:12,674 - INFO - Confusion Matrix
 [67329.	  802.	    2.	   13.	   42.]
 [  854.	51231.	   61.	   25.	   94.]
 [   14.	  103.	 2049.	    0.	    0.]
 [   10.	   19.	    0.	 1200.	    0.]
 [    2.	   67.	    0.	    0.	10243.]
2025-09-09 11:47:12,716 - INFO - Epoch 63 saved.
2025-09-09 11:47:12,717 - INFO - model saved 36 times, last saved epoch: 63.

2025-09-09 11:47:15,467 - INFO - Epoch 64, Train loss: 0.02932421863079071.
2025-09-09 11:47:16,322 - INFO - mIoU: 0.9507; OA: 0.9822; AA: 0.9755; F1: 0.9745; Kappa: 0.9695;
2025-09-09 11:47:16,323 - INFO - spatial_LccAccuracy: 0.9132; spatial_PA: 0.9886; spatial_UA: 0.991; spatial_F1: 0.9898
2025-09-09 11:47:16,323 - INFO - temporal_CdAccuracy: 0.7223; temporal_PA: 0.9484; temporal_UA: 0.9346; temporal_F1: 0.9415
2025-09-09 11:47:16,324 - INFO - Confusion Matrix
 [67383.	  758.	    1.	    8.	   38.]
 [ 1152.	50898.	   57.	   62.	   96.]
 [   15.	  102.	 2049.	    0.	    0.]
 [   21.	    9.	    0.	 1199.	    0.]
 [    9.	   56.	    0.	    0.	10247.]
2025-09-09 11:47:16,325 - INFO - model saved 36 times, last saved epoch: 63.

2025-09-09 11:47:19,092 - INFO - Epoch 65, Train loss: 0.030159197747707367.
2025-09-09 11:47:20,012 - INFO - mIoU: 0.9537; OA: 0.9832; AA: 0.9751; F1: 0.9762; Kappa: 0.9712;
2025-09-09 11:47:20,013 - INFO - spatial_LccAccuracy: 0.9155; spatial_PA: 0.9865; spatial_UA: 0.9904; spatial_F1: 0.9884
2025-09-09 11:47:20,013 - INFO - temporal_CdAccuracy: 0.7294; temporal_PA: 0.956; temporal_UA: 0.9356; temporal_F1: 0.9456
2025-09-09 11:47:20,014 - INFO - Confusion Matrix
 [67018.	 1077.	    3.	   16.	   74.]
 [  682.	51435.	   59.	   28.	   61.]
 [   12.	  104.	 2050.	    0.	    0.]
 [   14.	   20.	    0.	 1195.	    0.]
 [    7.	  100.	    0.	    0.	10205.]
2025-09-09 11:47:20,014 - INFO - model saved 36 times, last saved epoch: 63.

2025-09-09 11:47:22,769 - INFO - Epoch 66, Train loss: 0.028317894786596298.
2025-09-09 11:47:23,632 - INFO - mIoU: 0.951; OA: 0.9831; AA: 0.9668; F1: 0.9747; Kappa: 0.971;
2025-09-09 11:47:23,632 - INFO - spatial_LccAccuracy: 0.9155; spatial_PA: 0.9883; spatial_UA: 0.9899; spatial_F1: 0.9891
2025-09-09 11:47:23,633 - INFO - temporal_CdAccuracy: 0.7361; temporal_PA: 0.945; temporal_UA: 0.9422; temporal_F1: 0.9436
2025-09-09 11:47:23,633 - INFO - Confusion Matrix
 [66814.	 1323.	    1.	    7.	   43.]
 [  450.	51709.	   46.	   11.	   49.]
 [   10.	  153.	 2003.	    0.	    0.]
 [   11.	   49.	    0.	 1169.	    0.]
 [   10.	  107.	    0.	    0.	10195.]
2025-09-09 11:47:23,634 - INFO - model saved 36 times, last saved epoch: 63.

2025-09-09 11:47:26,402 - INFO - Epoch 67, Train loss: 0.028040483593940735.
2025-09-09 11:47:27,209 - INFO - mIoU: 0.942; OA: 0.9839; AA: 0.9585; F1: 0.9696; Kappa: 0.9724;
2025-09-09 11:47:27,209 - INFO - spatial_LccAccuracy: 0.9159; spatial_PA: 0.9878; spatial_UA: 0.9917; spatial_F1: 0.9898
2025-09-09 11:47:27,209 - INFO - temporal_CdAccuracy: 0.7388; temporal_PA: 0.952; temporal_UA: 0.943; temporal_F1: 0.9475
2025-09-09 11:47:27,210 - INFO - Confusion Matrix
 [67154.	  989.	    2.	    5.	   38.]
 [  639.	51468.	   64.	    8.	   86.]
 [   11.	   67.	 2088.	    0.	    0.]
 [   21.	  142.	    0.	 1066.	    0.]
 [    9.	   77.	    0.	    0.	10226.]
2025-09-09 11:47:27,211 - INFO - model saved 36 times, last saved epoch: 63.

2025-09-09 11:47:29,972 - INFO - Epoch 68, Train loss: 0.02790057472884655.
2025-09-09 11:47:30,823 - INFO - mIoU: 0.9567; OA: 0.9842; AA: 0.9813; F1: 0.9778; Kappa: 0.9729;
2025-09-09 11:47:30,823 - INFO - spatial_LccAccuracy: 0.9244; spatial_PA: 0.9881; spatial_UA: 0.9928; spatial_F1: 0.9905
2025-09-09 11:47:30,824 - INFO - temporal_CdAccuracy: 0.7419; temporal_PA: 0.9507; temporal_UA: 0.9469; temporal_F1: 0.9488
2025-09-09 11:47:30,824 - INFO - Confusion Matrix
 [67226.	  865.	    5.	   13.	   79.]
 [  782.	51256.	   59.	   48.	  120.]
 [   11.	   69.	 2086.	    0.	    0.]
 [   10.	   13.	    0.	 1206.	    0.]
 [    0.	   48.	    0.	    0.	10264.]
2025-09-09 11:47:30,866 - INFO - Epoch 68 saved.
2025-09-09 11:47:30,866 - INFO - model saved 37 times, last saved epoch: 68.

2025-09-09 11:47:33,631 - INFO - Epoch 69, Train loss: 0.028489161282777786.
2025-09-09 11:47:34,459 - INFO - mIoU: 0.9549; OA: 0.9833; AA: 0.9703; F1: 0.9768; Kappa: 0.9714;
2025-09-09 11:47:34,459 - INFO - spatial_LccAccuracy: 0.924; spatial_PA: 0.9827; spatial_UA: 0.9914; spatial_F1: 0.987
2025-09-09 11:47:34,459 - INFO - temporal_CdAccuracy: 0.7339; temporal_PA: 0.9538; temporal_UA: 0.9371; temporal_F1: 0.9454
2025-09-09 11:47:34,460 - INFO - Confusion Matrix
 [67268.	  871.	    1.	    7.	   41.]
 [  897.	51292.	   57.	    9.	   10.]
 [    8.	  107.	 2051.	    0.	    0.]
 [   15.	   42.	    0.	 1172.	    0.]
 [    1.	  174.	    0.	    0.	10137.]
2025-09-09 11:47:34,461 - INFO - model saved 37 times, last saved epoch: 68.

2025-09-09 11:47:37,242 - INFO - Epoch 70, Train loss: 0.026228629052639008.
2025-09-09 11:47:38,066 - INFO - mIoU: 0.9533; OA: 0.9843; AA: 0.9789; F1: 0.9759; Kappa: 0.9731;
2025-09-09 11:47:38,066 - INFO - spatial_LccAccuracy: 0.9114; spatial_PA: 0.9876; spatial_UA: 0.9907; spatial_F1: 0.9891
2025-09-09 11:47:38,066 - INFO - temporal_CdAccuracy: 0.7384; temporal_PA: 0.9544; temporal_UA: 0.9444; temporal_F1: 0.9493
2025-09-09 11:47:38,067 - INFO - Confusion Matrix
 [67251.	  888.	    2.	   11.	   36.]
 [  739.	51358.	   64.	   71.	   33.]
 [   11.	   71.	 2084.	    0.	    0.]
 [   19.	    8.	    0.	 1202.	    0.]
 [   16.	  136.	    0.	    0.	10160.]
2025-09-09 11:47:38,068 - INFO - model saved 37 times, last saved epoch: 68.

2025-09-09 11:47:40,846 - INFO - Epoch 71, Train loss: 0.02798425778746605.
2025-09-09 11:47:41,681 - INFO - mIoU: 0.956; OA: 0.9833; AA: 0.9752; F1: 0.9774; Kappa: 0.9714;
2025-09-09 11:47:41,681 - INFO - spatial_LccAccuracy: 0.9195; spatial_PA: 0.9886; spatial_UA: 0.991; spatial_F1: 0.9898
2025-09-09 11:47:41,681 - INFO - temporal_CdAccuracy: 0.7308; temporal_PA: 0.9492; temporal_UA: 0.94; temporal_F1: 0.9446
2025-09-09 11:47:41,682 - INFO - Confusion Matrix
 [66824.	 1307.	    3.	   15.	   39.]
 [  469.	51683.	   57.	   21.	   35.]
 [   12.	  110.	 2044.	    0.	    0.]
 [    9.	   19.	    0.	 1201.	    0.]
 [    7.	  135.	    0.	    0.	10170.]
2025-09-09 11:47:41,683 - INFO - model saved 37 times, last saved epoch: 68.

2025-09-09 11:47:44,452 - INFO - Epoch 72, Train loss: 0.02653225138783455.
2025-09-09 11:47:45,292 - INFO - mIoU: 0.9556; OA: 0.9834; AA: 0.9765; F1: 0.9772; Kappa: 0.9716;
2025-09-09 11:47:45,293 - INFO - spatial_LccAccuracy: 0.9275; spatial_PA: 0.9843; spatial_UA: 0.9898; spatial_F1: 0.9871
2025-09-09 11:47:45,293 - INFO - temporal_CdAccuracy: 0.7375; temporal_PA: 0.9549; temporal_UA: 0.9433; temporal_F1: 0.9491
2025-09-09 11:47:45,294 - INFO - Confusion Matrix
 [67406.	  709.	    1.	   14.	   58.]
 [ 1056.	51041.	   55.	   32.	   81.]
 [   15.	  101.	 2050.	    0.	    0.]
 [   12.	   15.	    0.	 1202.	    0.]
 [    1.	   74.	    0.	    0.	10237.]
2025-09-09 11:47:45,295 - INFO - model saved 37 times, last saved epoch: 68.

2025-09-09 11:47:48,027 - INFO - Epoch 73, Train loss: 0.026236044242978096.
2025-09-09 11:47:48,847 - INFO - mIoU: 0.9589; OA: 0.9845; AA: 0.9766; F1: 0.9789; Kappa: 0.9734;
2025-09-09 11:47:48,847 - INFO - spatial_LccAccuracy: 0.9253; spatial_PA: 0.9897; spatial_UA: 0.9913; spatial_F1: 0.9905
2025-09-09 11:47:48,847 - INFO - temporal_CdAccuracy: 0.737; temporal_PA: 0.9543; temporal_UA: 0.942; temporal_F1: 0.9481
2025-09-09 11:47:48,848 - INFO - Confusion Matrix
 [67253.	  876.	    5.	    7.	   47.]
 [  772.	51351.	   63.	   16.	   63.]
 [   11.	   70.	 2085.	    0.	    0.]
 [   23.	   24.	    0.	 1182.	    0.]
 [   13.	   91.	    0.	    0.	10208.]
2025-09-09 11:47:48,891 - INFO - Epoch 73 saved.
2025-09-09 11:47:48,892 - INFO - model saved 38 times, last saved epoch: 73.

2025-09-09 11:47:51,744 - INFO - Epoch 74, Train loss: 0.025057770311832428.
2025-09-09 11:47:52,577 - INFO - mIoU: 0.961; OA: 0.9844; AA: 0.9803; F1: 0.98; Kappa: 0.9733;
2025-09-09 11:47:52,578 - INFO - spatial_LccAccuracy: 0.9226; spatial_PA: 0.9878; spatial_UA: 0.9917; spatial_F1: 0.9898
2025-09-09 11:47:52,578 - INFO - temporal_CdAccuracy: 0.7375; temporal_PA: 0.9569; temporal_UA: 0.9448; temporal_F1: 0.9508
2025-09-09 11:47:52,579 - INFO - Confusion Matrix
 [67104.	 1030.	    6.	   10.	   38.]
 [  655.	51465.	   76.	   15.	   54.]
 [   10.	   55.	 2101.	    0.	    0.]
 [   14.	   16.	    3.	 1196.	    0.]
 [   12.	   95.	    0.	    0.	10205.]
2025-09-09 11:47:52,620 - INFO - Epoch 74 saved.
2025-09-09 11:47:52,621 - INFO - model saved 39 times, last saved epoch: 74.

2025-09-09 11:47:55,417 - INFO - Epoch 75, Train loss: 0.025010334327816963.
2025-09-09 11:47:56,268 - INFO - mIoU: 0.9609; OA: 0.9839; AA: 0.9816; F1: 0.98; Kappa: 0.9725;
2025-09-09 11:47:56,268 - INFO - spatial_LccAccuracy: 0.9289; spatial_PA: 0.9857; spatial_UA: 0.9912; spatial_F1: 0.9884
2025-09-09 11:47:56,268 - INFO - temporal_CdAccuracy: 0.7366; temporal_PA: 0.9554; temporal_UA: 0.9406; temporal_F1: 0.9479
2025-09-09 11:47:56,269 - INFO - Confusion Matrix
 [67523.	  594.	    7.	   11.	   53.]
 [ 1152.	50924.	   85.	   15.	   89.]
 [   11.	   40.	 2115.	    0.	    0.]
 [   15.	   18.	    0.	 1196.	    0.]
 [    4.	   62.	    0.	    0.	10246.]
2025-09-09 11:47:56,270 - INFO - model saved 39 times, last saved epoch: 74.

2025-09-09 11:47:59,098 - INFO - Epoch 76, Train loss: 0.025488361716270447.
2025-09-09 11:47:59,955 - INFO - mIoU: 0.9574; OA: 0.984; AA: 0.9838; F1: 0.9782; Kappa: 0.9726;
2025-09-09 11:47:59,955 - INFO - spatial_LccAccuracy: 0.9289; spatial_PA: 0.9876; spatial_UA: 0.9907; spatial_F1: 0.9891
2025-09-09 11:47:59,955 - INFO - temporal_CdAccuracy: 0.7402; temporal_PA: 0.9592; temporal_UA: 0.9434; temporal_F1: 0.9512
2025-09-09 11:47:59,956 - INFO - Confusion Matrix
 [67331.	  779.	    5.	   13.	   60.]
 [  926.	51104.	   81.	   52.	  102.]
 [   11.	   37.	 2118.	    0.	    0.]
 [   12.	   11.	    0.	 1206.	    0.]
 [    1.	   54.	    0.	    0.	10257.]
2025-09-09 11:47:59,957 - INFO - model saved 39 times, last saved epoch: 74.

2025-09-09 11:48:02,841 - INFO - Epoch 77, Train loss: 0.02343684248626232.
2025-09-09 11:48:03,739 - INFO - mIoU: 0.956; OA: 0.9848; AA: 0.9809; F1: 0.9774; Kappa: 0.974;
2025-09-09 11:48:03,739 - INFO - spatial_LccAccuracy: 0.9204; spatial_PA: 0.987; spatial_UA: 0.9925; spatial_F1: 0.9898
2025-09-09 11:48:03,740 - INFO - temporal_CdAccuracy: 0.7415; temporal_PA: 0.9528; temporal_UA: 0.946; temporal_F1: 0.9494
2025-09-09 11:48:03,740 - INFO - Confusion Matrix
 [67197.	  907.	    6.	   15.	   63.]
 [  677.	51405.	   61.	   56.	   66.]
 [   10.	   82.	 2074.	    0.	    0.]
 [    9.	    9.	    0.	 1211.	    0.]
 [    1.	   76.	    0.	    0.	10235.]
2025-09-09 11:48:03,742 - INFO - model saved 39 times, last saved epoch: 74.

2025-09-09 11:48:06,485 - INFO - Epoch 78, Train loss: 0.023412320762872696.
2025-09-09 11:48:07,332 - INFO - mIoU: 0.9597; OA: 0.9848; AA: 0.9773; F1: 0.9794; Kappa: 0.974;
2025-09-09 11:48:07,332 - INFO - spatial_LccAccuracy: 0.9307; spatial_PA: 0.9886; spatial_UA: 0.991; spatial_F1: 0.9898
2025-09-09 11:48:07,332 - INFO - temporal_CdAccuracy: 0.7406; temporal_PA: 0.9514; temporal_UA: 0.9467; temporal_F1: 0.949
2025-09-09 11:48:07,333 - INFO - Confusion Matrix
 [67235.	  895.	    3.	   12.	   43.]
 [  718.	51448.	   60.	   18.	   21.]
 [   13.	   82.	 2071.	    0.	    0.]
 [   14.	   19.	    0.	 1196.	    0.]
 [    9.	  127.	    0.	    0.	10176.]
2025-09-09 11:48:07,334 - INFO - model saved 39 times, last saved epoch: 74.

2025-09-09 11:48:10,128 - INFO - Epoch 79, Train loss: 0.023004112765192986.
2025-09-09 11:48:11,033 - INFO - mIoU: 0.9564; OA: 0.9841; AA: 0.9753; F1: 0.9776; Kappa: 0.9727;
2025-09-09 11:48:11,033 - INFO - spatial_LccAccuracy: 0.9338; spatial_PA: 0.9886; spatial_UA: 0.991; spatial_F1: 0.9898
2025-09-09 11:48:11,034 - INFO - temporal_CdAccuracy: 0.7411; temporal_PA: 0.9569; temporal_UA: 0.9455; temporal_F1: 0.9512
2025-09-09 11:48:11,034 - INFO - Confusion Matrix
 [67431.	  664.	    5.	   10.	   78.]
 [  995.	51070.	   64.	   11.	  125.]
 [   14.	   67.	 2085.	    0.	    0.]
 [   18.	   41.	    0.	 1170.	    0.]
 [    0.	   43.	    0.	    0.	10269.]
2025-09-09 11:48:11,035 - INFO - model saved 39 times, last saved epoch: 74.

2025-09-09 11:48:13,825 - INFO - Epoch 80, Train loss: 0.022837325930595398.
2025-09-09 11:48:14,646 - INFO - mIoU: 0.9595; OA: 0.9848; AA: 0.9787; F1: 0.9792; Kappa: 0.974;
2025-09-09 11:48:14,646 - INFO - spatial_LccAccuracy: 0.9325; spatial_PA: 0.9919; spatial_UA: 0.9919; spatial_F1: 0.9919
2025-09-09 11:48:14,646 - INFO - temporal_CdAccuracy: 0.7455; temporal_PA: 0.9566; temporal_UA: 0.9408; temporal_F1: 0.9486
2025-09-09 11:48:14,647 - INFO - Confusion Matrix
 [67278.	  852.	    5.	   12.	   41.]
 [  748.	51344.	   68.	   17.	   88.]
 [   13.	   68.	 2085.	    0.	    0.]
 [   19.	   17.	    0.	 1193.	    0.]
 [   23.	   68.	    0.	    0.	10221.]
2025-09-09 11:48:14,648 - INFO - model saved 39 times, last saved epoch: 74.

2025-09-09 11:48:17,456 - INFO - Epoch 81, Train loss: 0.022171765565872192.
2025-09-09 11:48:18,302 - INFO - mIoU: 0.956; OA: 0.9847; AA: 0.9723; F1: 0.9773; Kappa: 0.9738;
2025-09-09 11:48:18,302 - INFO - spatial_LccAccuracy: 0.9258; spatial_PA: 0.987; spatial_UA: 0.9925; spatial_F1: 0.9898
2025-09-09 11:48:18,303 - INFO - temporal_CdAccuracy: 0.7428; temporal_PA: 0.9549; temporal_UA: 0.9441; temporal_F1: 0.9495
2025-09-09 11:48:18,303 - INFO - Confusion Matrix
 [67291.	  842.	    3.	    9.	   43.]
 [  752.	51366.	   52.	   11.	   84.]
 [   11.	  122.	 2033.	    0.	    0.]
 [   15.	   34.	    0.	 1180.	    0.]
 [    1.	   70.	    0.	    0.	10241.]
2025-09-09 11:48:18,304 - INFO - model saved 39 times, last saved epoch: 74.

2025-09-09 11:48:21,186 - INFO - Epoch 82, Train loss: 0.02193026803433895.
2025-09-09 11:48:22,111 - INFO - mIoU: 0.9576; OA: 0.9845; AA: 0.9806; F1: 0.9782; Kappa: 0.9735;
2025-09-09 11:48:22,111 - INFO - spatial_LccAccuracy: 0.9235; spatial_PA: 0.9838; spatial_UA: 0.9917; spatial_F1: 0.9877
2025-09-09 11:48:22,112 - INFO - temporal_CdAccuracy: 0.7388; temporal_PA: 0.9547; temporal_UA: 0.9427; temporal_F1: 0.9487
2025-09-09 11:48:22,112 - INFO - Confusion Matrix
 [67122.	  991.	    9.	   17.	   49.]
 [  633.	51461.	   92.	   23.	   56.]
 [   10.	   62.	 2094.	    0.	    0.]
 [    9.	   18.	    0.	 1202.	    0.]
 [    0.	  110.	    0.	    0.	10202.]
2025-09-09 11:48:22,113 - INFO - model saved 39 times, last saved epoch: 74.

2025-09-09 11:48:24,892 - INFO - Epoch 83, Train loss: 0.021312937140464783.
2025-09-09 11:48:25,700 - INFO - mIoU: 0.9605; OA: 0.9843; AA: 0.9776; F1: 0.9798; Kappa: 0.9731;
2025-09-09 11:48:25,700 - INFO - spatial_LccAccuracy: 0.9258; spatial_PA: 0.9902; spatial_UA: 0.9894; spatial_F1: 0.9898
2025-09-09 11:48:25,700 - INFO - temporal_CdAccuracy: 0.7321; temporal_PA: 0.9559; temporal_UA: 0.939; temporal_F1: 0.9474
2025-09-09 11:48:25,701 - INFO - Confusion Matrix
 [67398.	  765.	    4.	    5.	   16.]
 [  905.	51190.	   74.	    9.	   87.]
 [   13.	   33.	 2120.	    0.	    0.]
 [   20.	   36.	    0.	 1173.	    0.]
 [   54.	   81.	    0.	    0.	10177.]
2025-09-09 11:48:25,702 - INFO - model saved 39 times, last saved epoch: 74.

2025-09-09 11:48:28,515 - INFO - Epoch 84, Train loss: 0.02148657850921154.
2025-09-09 11:48:29,375 - INFO - mIoU: 0.9524; OA: 0.984; AA: 0.9667; F1: 0.9755; Kappa: 0.9726;
2025-09-09 11:48:29,375 - INFO - spatial_LccAccuracy: 0.9222; spatial_PA: 0.9883; spatial_UA: 0.9899; spatial_F1: 0.9891
2025-09-09 11:48:29,375 - INFO - temporal_CdAccuracy: 0.7411; temporal_PA: 0.9565; temporal_UA: 0.9426; temporal_F1: 0.9495
2025-09-09 11:48:29,376 - INFO - Confusion Matrix
 [67200.	  933.	    3.	    7.	   45.]
 [  703.	51497.	   45.	    8.	   12.]
 [   17.	  118.	 2031.	    0.	    0.]
 [   17.	   53.	    0.	 1159.	    0.]
 [    5.	  181.	    0.	    0.	10126.]
2025-09-09 11:48:29,376 - INFO - model saved 39 times, last saved epoch: 74.

2025-09-09 11:48:32,144 - INFO - Epoch 85, Train loss: 0.02238704264163971.
2025-09-09 11:48:32,984 - INFO - mIoU: 0.9606; OA: 0.985; AA: 0.9798; F1: 0.9798; Kappa: 0.9743;
2025-09-09 11:48:32,984 - INFO - spatial_LccAccuracy: 0.9275; spatial_PA: 0.986; spatial_UA: 0.9923; spatial_F1: 0.9891
2025-09-09 11:48:32,984 - INFO - temporal_CdAccuracy: 0.746; temporal_PA: 0.9528; temporal_UA: 0.9445; temporal_F1: 0.9486
2025-09-09 11:48:32,985 - INFO - Confusion Matrix
 [67193.	  932.	    7.	   16.	   40.]
 [  650.	51486.	   63.	   19.	   47.]
 [   13.	   76.	 2077.	    0.	    0.]
 [    6.	   16.	    0.	 1207.	    0.]
 [   11.	  116.	    0.	    0.	10185.]
2025-09-09 11:48:32,986 - INFO - model saved 39 times, last saved epoch: 74.

2025-09-09 11:48:35,801 - INFO - Epoch 86, Train loss: 0.02063020132482052.
2025-09-09 11:48:36,597 - INFO - mIoU: 0.9564; OA: 0.984; AA: 0.976; F1: 0.9776; Kappa: 0.9725;
2025-09-09 11:48:36,597 - INFO - spatial_LccAccuracy: 0.9235; spatial_PA: 0.9825; spatial_UA: 0.9944; spatial_F1: 0.9884
2025-09-09 11:48:36,597 - INFO - temporal_CdAccuracy: 0.737; temporal_PA: 0.9561; temporal_UA: 0.9424; temporal_F1: 0.9492
2025-09-09 11:48:36,598 - INFO - Confusion Matrix
 [67339.	  800.	    7.	   10.	   32.]
 [  868.	51219.	   88.	    8.	   82.]
 [    9.	   43.	 2114.	    0.	    0.]
 [   10.	   49.	    2.	 1168.	    0.]
 [   63.	   82.	    0.	    0.	10167.]
2025-09-09 11:48:36,599 - INFO - model saved 39 times, last saved epoch: 74.

2025-09-09 11:48:39,394 - INFO - Epoch 87, Train loss: 0.02030351385474205.
2025-09-09 11:48:40,257 - INFO - mIoU: 0.9573; OA: 0.9837; AA: 0.9732; F1: 0.9781; Kappa: 0.972;
2025-09-09 11:48:40,258 - INFO - spatial_LccAccuracy: 0.9325; spatial_PA: 0.9865; spatial_UA: 0.9944; spatial_F1: 0.9905
2025-09-09 11:48:40,258 - INFO - temporal_CdAccuracy: 0.7428; temporal_PA: 0.9551; temporal_UA: 0.9432; temporal_F1: 0.9491
2025-09-09 11:48:40,259 - INFO - Confusion Matrix
 [67590.	  568.	    6.	    7.	   17.]
 [ 1113.	51059.	   58.	   13.	   22.]
 [   15.	   83.	 2068.	    0.	    0.]
 [   20.	   21.	    0.	 1188.	    0.]
 [  112.	  131.	    0.	    0.	10069.]
2025-09-09 11:48:40,260 - INFO - model saved 39 times, last saved epoch: 74.

2025-09-09 11:48:43,017 - INFO - Epoch 88, Train loss: 0.02186843939125538.
2025-09-09 11:48:43,869 - INFO - mIoU: 0.9471; OA: 0.9835; AA: 0.9823; F1: 0.9725; Kappa: 0.9717;
2025-09-09 11:48:43,869 - INFO - spatial_LccAccuracy: 0.9222; spatial_PA: 0.9835; spatial_UA: 0.9906; spatial_F1: 0.987
2025-09-09 11:48:43,869 - INFO - temporal_CdAccuracy: 0.7335; temporal_PA: 0.9499; temporal_UA: 0.9322; temporal_F1: 0.941
2025-09-09 11:48:43,870 - INFO - Confusion Matrix
 [67275.	  769.	   10.	   94.	   40.]
 [  932.	51185.	   88.	   39.	   21.]
 [   11.	   54.	 2101.	    0.	    0.]
 [    2.	   11.	    0.	 1216.	    0.]
 [    2.	  142.	    0.	    0.	10168.]
2025-09-09 11:48:43,871 - INFO - model saved 39 times, last saved epoch: 74.

2025-09-09 11:48:46,752 - INFO - Epoch 89, Train loss: 0.019822416827082634.
2025-09-09 11:48:47,605 - INFO - mIoU: 0.9583; OA: 0.9839; AA: 0.976; F1: 0.9786; Kappa: 0.9724;
2025-09-09 11:48:47,605 - INFO - spatial_LccAccuracy: 0.9289; spatial_PA: 0.9843; spatial_UA: 0.9898; spatial_F1: 0.9871
2025-09-09 11:48:47,605 - INFO - temporal_CdAccuracy: 0.7402; temporal_PA: 0.9546; temporal_UA: 0.9444; temporal_F1: 0.9494
2025-09-09 11:48:47,606 - INFO - Confusion Matrix
 [67485.	  625.	    5.	   12.	   61.]
 [ 1086.	51009.	   51.	   11.	  108.]
 [   15.	  109.	 2042.	    0.	    0.]
 [   11.	   18.	    0.	 1200.	    0.]
 [    3.	   48.	    0.	    0.	10261.]
2025-09-09 11:48:47,607 - INFO - model saved 39 times, last saved epoch: 74.

2025-09-09 11:48:50,387 - INFO - Epoch 90, Train loss: 0.019907603040337563.
2025-09-09 11:48:51,305 - INFO - mIoU: 0.9577; OA: 0.9842; AA: 0.9751; F1: 0.9783; Kappa: 0.973;
2025-09-09 11:48:51,306 - INFO - spatial_LccAccuracy: 0.9226; spatial_PA: 0.9889; spatial_UA: 0.9881; spatial_F1: 0.9885
2025-09-09 11:48:51,306 - INFO - temporal_CdAccuracy: 0.7352; temporal_PA: 0.9541; temporal_UA: 0.942; temporal_F1: 0.948
2025-09-09 11:48:51,307 - INFO - Confusion Matrix
 [67101.	 1023.	    5.	    7.	   52.]
 [  639.	51516.	   52.	   20.	   38.]
 [   12.	  101.	 2053.	    0.	    0.]
 [   20.	   16.	    0.	 1193.	    0.]
 [    1.	  132.	    0.	    0.	10179.]
2025-09-09 11:48:51,308 - INFO - model saved 39 times, last saved epoch: 74.

2025-09-09 11:48:54,202 - INFO - Epoch 91, Train loss: 0.01935245282948017.
2025-09-09 11:48:55,087 - INFO - mIoU: 0.9528; OA: 0.9837; AA: 0.9803; F1: 0.9757; Kappa: 0.9721;
2025-09-09 11:48:55,087 - INFO - spatial_LccAccuracy: 0.9289; spatial_PA: 0.9855; spatial_UA: 0.9941; spatial_F1: 0.9898
2025-09-09 11:48:55,087 - INFO - temporal_CdAccuracy: 0.7446; temporal_PA: 0.9562; temporal_UA: 0.944; temporal_F1: 0.95
2025-09-09 11:48:55,088 - INFO - Confusion Matrix
 [67502.	  593.	    5.	   31.	   57.]
 [ 1114.	50933.	   56.	   57.	  105.]
 [   14.	   86.	 2066.	    0.	    0.]
 [    7.	    7.	    0.	 1215.	    0.]
 [    1.	   54.	    0.	    0.	10257.]
2025-09-09 11:48:55,089 - INFO - model saved 39 times, last saved epoch: 74.

2025-09-09 11:48:57,963 - INFO - Epoch 92, Train loss: 0.018794097006320953.
2025-09-09 11:48:58,913 - INFO - mIoU: 0.9434; OA: 0.9845; AA: 0.9824; F1: 0.9704; Kappa: 0.9735;
2025-09-09 11:48:58,913 - INFO - spatial_LccAccuracy: 0.924; spatial_PA: 0.9921; spatial_UA: 0.9929; spatial_F1: 0.9925
2025-09-09 11:48:58,914 - INFO - temporal_CdAccuracy: 0.7437; temporal_PA: 0.9563; temporal_UA: 0.9434; temporal_F1: 0.9498
2025-09-09 11:48:58,914 - INFO - Confusion Matrix
 [67178.	  813.	    6.	  125.	   66.]
 [  688.	51361.	   64.	   47.	  105.]
 [   12.	   70.	 2084.	    0.	    0.]
 [    3.	   11.	    0.	 1215.	    0.]
 [    4.	   62.	    0.	    0.	10246.]
2025-09-09 11:48:58,915 - INFO - model saved 39 times, last saved epoch: 74.

2025-09-09 11:49:01,701 - INFO - Epoch 93, Train loss: 0.01790022850036621.
2025-09-09 11:49:02,555 - INFO - mIoU: 0.9565; OA: 0.9842; AA: 0.9849; F1: 0.9776; Kappa: 0.9729;
2025-09-09 11:49:02,556 - INFO - spatial_LccAccuracy: 0.9253; spatial_PA: 0.9865; spatial_UA: 0.9904; spatial_F1: 0.9884
2025-09-09 11:49:02,556 - INFO - temporal_CdAccuracy: 0.7384; temporal_PA: 0.9559; temporal_UA: 0.9398; temporal_F1: 0.9478
2025-09-09 11:49:02,557 - INFO - Confusion Matrix
 [67256.	  827.	   10.	   22.	   73.]
 [  818.	51196.	  145.	   20.	   86.]
 [   11.	   21.	 2134.	    0.	    0.]
 [   10.	   15.	    0.	 1204.	    0.]
 [    1.	   62.	    0.	    0.	10249.]
2025-09-09 11:49:02,558 - INFO - model saved 39 times, last saved epoch: 74.

2025-09-09 11:49:05,410 - INFO - Epoch 94, Train loss: 0.018409529700875282.
2025-09-09 11:49:06,297 - INFO - mIoU: 0.961; OA: 0.9837; AA: 0.9809; F1: 0.98; Kappa: 0.9721;
2025-09-09 11:49:06,298 - INFO - spatial_LccAccuracy: 0.9249; spatial_PA: 0.9913; spatial_UA: 0.9897; spatial_F1: 0.9905
2025-09-09 11:49:06,298 - INFO - temporal_CdAccuracy: 0.7406; temporal_PA: 0.9608; temporal_UA: 0.9433; temporal_F1: 0.952
2025-09-09 11:49:06,299 - INFO - Confusion Matrix
 [66855.	 1245.	    6.	   12.	   70.]
 [  510.	51603.	   66.	   16.	   70.]
 [    9.	   61.	 2096.	    0.	    0.]
 [   11.	   16.	    0.	 1202.	    0.]
 [    1.	   91.	    0.	    0.	10220.]
2025-09-09 11:49:06,300 - INFO - model saved 39 times, last saved epoch: 74.

2025-09-09 11:49:09,040 - INFO - Epoch 95, Train loss: 0.01882111094892025.
2025-09-09 11:49:09,913 - INFO - mIoU: 0.9543; OA: 0.9848; AA: 0.9702; F1: 0.9765; Kappa: 0.9739;
2025-09-09 11:49:09,913 - INFO - spatial_LccAccuracy: 0.9275; spatial_PA: 0.9862; spatial_UA: 0.9893; spatial_F1: 0.9878
2025-09-09 11:49:09,913 - INFO - temporal_CdAccuracy: 0.7451; temporal_PA: 0.9616; temporal_UA: 0.9464; temporal_F1: 0.9539
2025-09-09 11:49:09,914 - INFO - Confusion Matrix
 [67466.	  671.	    7.	    3.	   41.]
 [  903.	51217.	   64.	    8.	   73.]
 [    8.	   84.	 2074.	    0.	    0.]
 [   35.	   46.	    0.	 1148.	    0.]
 [   22.	   79.	    0.	    0.	10211.]
2025-09-09 11:49:09,915 - INFO - model saved 39 times, last saved epoch: 74.

