2025-11-10 01:15:08,038 - INFO - Epoch 0, Train loss: 1.4893358945846558
2025-11-10 01:15:09,026 - INFO - mIoU: 0.1483; OA: 0.5139; AA: 0.2372; F1: 0.5409; Kappa: 0.1437;
2025-11-10 01:15:09,026 - INFO - spatial_LccAccuracy: 0.0622; spatial_PA: 0.5597; spatial_UA: 0.9039; spatial_F1: 0.6914
2025-11-10 01:15:09,026 - INFO - temporal_CdAccuracy: 0.0254; temporal_PA: 0.5915; temporal_UA: 0.5221; temporal_F1: 0.5546
2025-11-10 01:15:09,027 - INFO - Confusion Matrix
 [36617.	43149.	    0.	    0.	    0.]
 [15844.	42230.	    0.	    0.	    0.]
 [ 1902.	  569.	    0.	    0.	    0.]
 [ 1242.	  365.	    0.	    0.	    0.]
 [ 2771.	 8731.	    0.	    0.	    0.]
2025-11-10 01:15:09,066 - INFO - Epoch 0 saved.
2025-11-10 01:15:09,066 - INFO - model saved 1 times, last saved epoch: 0.

2025-11-10 01:15:12,198 - INFO - Epoch 1, Train loss: 1.3942238092422485
2025-11-10 01:15:13,127 - INFO - mIoU: 0.1586; OA: 0.5898; AA: 0.2417; F1: 0.5516; Kappa: 0.1791;
2025-11-10 01:15:13,127 - INFO - spatial_LccAccuracy: 0.063; spatial_PA: 0.5734; spatial_UA: 0.5517; spatial_F1: 0.5624
2025-11-10 01:15:13,127 - INFO - temporal_CdAccuracy: 0.1549; temporal_PA: 0.5681; temporal_UA: 0.5686; temporal_F1: 0.5683
2025-11-10 01:15:13,128 - INFO - Confusion Matrix
 [74682.	 5084.	    0.	    0.	    0.]
 [42270.	15804.	    0.	    0.	    0.]
 [ 2101.	  370.	    0.	    0.	    0.]
 [ 1607.	    0.	    0.	    0.	    0.]
 [11487.	   15.	    0.	    0.	    0.]
2025-11-10 01:15:13,168 - INFO - Epoch 1 saved.
2025-11-10 01:15:13,169 - INFO - model saved 2 times, last saved epoch: 1.

2025-11-10 01:15:16,371 - INFO - Epoch 2, Train loss: 1.2448440790176392
2025-11-10 01:15:17,317 - INFO - mIoU: 0.1653; OA: 0.605; AA: 0.2483; F1: 0.5695; Kappa: 0.2088;
2025-11-10 01:15:17,317 - INFO - spatial_LccAccuracy: 0.1087; spatial_PA: 0.5725; spatial_UA: 0.5842; spatial_F1: 0.5783
2025-11-10 01:15:17,317 - INFO - temporal_CdAccuracy: 0.1998; temporal_PA: 0.519; temporal_UA: 0.5347; temporal_F1: 0.5268
2025-11-10 01:15:17,317 - INFO - Confusion Matrix
 [76179.	 3587.	    0.	    0.	    0.]
 [41440.	16634.	    0.	    0.	    0.]
 [ 1870.	  601.	    0.	    0.	    0.]
 [ 1607.	    0.	    0.	    0.	    0.]
 [11498.	    4.	    0.	    0.	    0.]
2025-11-10 01:15:17,358 - INFO - Epoch 2 saved.
2025-11-10 01:15:17,359 - INFO - model saved 3 times, last saved epoch: 2.

2025-11-10 01:15:20,655 - INFO - Epoch 3, Train loss: 1.0840383768081665
2025-11-10 01:15:21,559 - INFO - mIoU: 0.1983; OA: 0.6486; AA: 0.2759; F1: 0.6593; Kappa: 0.3171;
2025-11-10 01:15:21,560 - INFO - spatial_LccAccuracy: 0.1338; spatial_PA: 0.6401; spatial_UA: 0.6228; spatial_F1: 0.6313
2025-11-10 01:15:21,560 - INFO - temporal_CdAccuracy: 0.2081; temporal_PA: 0.544; temporal_UA: 0.5528; temporal_F1: 0.5484
2025-11-10 01:15:21,561 - INFO - Confusion Matrix
 [71340.	 8426.	    0.	    0.	    0.]
 [29908.	28166.	    0.	    0.	    0.]
 [ 1701.	  770.	    0.	    0.	    0.]
 [ 1601.	    6.	    0.	    0.	    0.]
 [11411.	   91.	    0.	    0.	    0.]
2025-11-10 01:15:21,602 - INFO - Epoch 3 saved.
2025-11-10 01:15:21,602 - INFO - model saved 4 times, last saved epoch: 3.

2025-11-10 01:15:24,773 - INFO - Epoch 4, Train loss: 0.9366093277931213
2025-11-10 01:15:25,683 - INFO - mIoU: 0.2296; OA: 0.6967; AA: 0.3045; F1: 0.7289; Kappa: 0.4257;
2025-11-10 01:15:25,684 - INFO - spatial_LccAccuracy: 0.1787; spatial_PA: 0.6729; spatial_UA: 0.6259; spatial_F1: 0.6485
2025-11-10 01:15:25,684 - INFO - temporal_CdAccuracy: 0.2151; temporal_PA: 0.5898; temporal_UA: 0.5881; temporal_F1: 0.589
2025-11-10 01:15:25,685 - INFO - Confusion Matrix
 [67894.	11872.	    0.	    0.	    0.]
 [19075.	38999.	    0.	    0.	    0.]
 [ 1495.	  976.	    0.	    0.	    0.]
 [ 1584.	   23.	    0.	    0.	    0.]
 [11302.	  200.	    0.	    0.	    0.]
2025-11-10 01:15:25,751 - INFO - Epoch 4 saved.
2025-11-10 01:15:25,752 - INFO - model saved 5 times, last saved epoch: 4.

2025-11-10 01:15:28,901 - INFO - Epoch 5, Train loss: 0.7885321974754333
2025-11-10 01:15:29,827 - INFO - mIoU: 0.2628; OA: 0.7534; AA: 0.3331; F1: 0.7931; Kappa: 0.5387;
2025-11-10 01:15:29,827 - INFO - spatial_LccAccuracy: 0.2202; spatial_PA: 0.7785; spatial_UA: 0.689; spatial_F1: 0.731
2025-11-10 01:15:29,827 - INFO - temporal_CdAccuracy: 0.2429; temporal_PA: 0.6612; temporal_UA: 0.6126; temporal_F1: 0.636
2025-11-10 01:15:29,828 - INFO - Confusion Matrix
 [69338.	10428.	    0.	    0.	    0.]
 [11822.	46252.	    0.	    0.	    0.]
 [  322.	 2149.	    0.	    0.	    0.]
 [ 1577.	   30.	    0.	    0.	    0.]
 [11298.	  204.	    0.	    0.	    0.]
2025-11-10 01:15:29,868 - INFO - Epoch 5 saved.
2025-11-10 01:15:29,868 - INFO - model saved 6 times, last saved epoch: 5.

2025-11-10 01:15:33,048 - INFO - Epoch 6, Train loss: 0.6273070573806763
2025-11-10 01:15:34,053 - INFO - mIoU: 0.4905; OA: 0.8697; AA: 0.5368; F1: 0.8983; Kappa: 0.7703;
2025-11-10 01:15:34,053 - INFO - spatial_LccAccuracy: 0.4149; spatial_PA: 0.9107; spatial_UA: 0.8442; spatial_F1: 0.8762
2025-11-10 01:15:34,054 - INFO - temporal_CdAccuracy: 0.318; temporal_PA: 0.7239; temporal_UA: 0.6371; temporal_F1: 0.6778
2025-11-10 01:15:34,054 - INFO - Confusion Matrix
 [71756.	 8010.	    0.	    0.	    0.]
 [ 6759.	51315.	    0.	    0.	    0.]
 [   23.	 2448.	    0.	    0.	    0.]
 [ 1589.	   18.	    0.	    0.	    0.]
 [  949.	  193.	    0.	    0.	10360.]
2025-11-10 01:15:34,823 - INFO - Epoch 6 saved.
2025-11-10 01:15:34,824 - INFO - model saved 7 times, last saved epoch: 6.

2025-11-10 01:15:38,148 - INFO - Epoch 7, Train loss: 0.5014106631278992
2025-11-10 01:15:39,169 - INFO - mIoU: 0.5036; OA: 0.8858; AA: 0.5459; F1: 0.9117; Kappa: 0.7988;
2025-11-10 01:15:39,169 - INFO - spatial_LccAccuracy: 0.4447; spatial_PA: 0.9213; spatial_UA: 0.8707; spatial_F1: 0.8953
2025-11-10 01:15:39,169 - INFO - temporal_CdAccuracy: 0.3442; temporal_PA: 0.7418; temporal_UA: 0.6513; temporal_F1: 0.6936
2025-11-10 01:15:39,170 - INFO - Confusion Matrix
 [72784.	 6982.	    0.	    0.	    0.]
 [ 5438.	52635.	    0.	    0.	    1.]
 [   18.	 2453.	    0.	    0.	    0.]
 [ 1587.	   20.	    0.	    0.	    0.]
 [  841.	  187.	    0.	    0.	10474.]
2025-11-10 01:15:39,210 - INFO - Epoch 7 saved.
2025-11-10 01:15:39,211 - INFO - model saved 8 times, last saved epoch: 7.

2025-11-10 01:15:42,390 - INFO - Epoch 8, Train loss: 0.42065444588661194
2025-11-10 01:15:43,311 - INFO - mIoU: 0.5102; OA: 0.8946; AA: 0.55; F1: 0.9184; Kappa: 0.8142;
2025-11-10 01:15:43,311 - INFO - spatial_LccAccuracy: 0.4709; spatial_PA: 0.9208; spatial_UA: 0.8748; spatial_F1: 0.8972
2025-11-10 01:15:43,312 - INFO - temporal_CdAccuracy: 0.3684; temporal_PA: 0.7477; temporal_UA: 0.6678; temporal_F1: 0.7055
2025-11-10 01:15:43,312 - INFO - Confusion Matrix
 [73810.	 5953.	    0.	    0.	    3.]
 [ 5127.	52939.	    0.	    0.	    8.]
 [   20.	 2451.	    0.	    0.	    0.]
 [ 1581.	   26.	    0.	    0.	    0.]
 [  828.	  174.	    0.	    0.	10500.]
2025-11-10 01:15:43,379 - INFO - Epoch 8 saved.
2025-11-10 01:15:43,380 - INFO - model saved 9 times, last saved epoch: 8.

2025-11-10 01:15:46,634 - INFO - Epoch 9, Train loss: 0.36677423119544983
2025-11-10 01:15:47,585 - INFO - mIoU: 0.5152; OA: 0.9004; AA: 0.5529; F1: 0.6939; Kappa: 0.8242;
2025-11-10 01:15:47,586 - INFO - spatial_LccAccuracy: 0.5014; spatial_PA: 0.9206; spatial_UA: 0.8762; spatial_F1: 0.8979
2025-11-10 01:15:47,586 - INFO - temporal_CdAccuracy: 0.3942; temporal_PA: 0.7505; temporal_UA: 0.6828; temporal_F1: 0.715
2025-11-10 01:15:47,586 - INFO - Confusion Matrix
 [74842.	 4921.	    0.	    0.	    3.]
 [ 5271.	52793.	    0.	    0.	   10.]
 [   40.	 2421.	   10.	    0.	    0.]
 [ 1570.	   37.	    0.	    0.	    0.]
 [  846.	  156.	    0.	    0.	10500.]
2025-11-10 01:15:47,628 - INFO - Epoch 9 saved.
2025-11-10 01:15:47,629 - INFO - model saved 10 times, last saved epoch: 9.

2025-11-10 01:15:50,785 - INFO - Epoch 10, Train loss: 0.3266443610191345
2025-11-10 01:15:51,769 - INFO - mIoU: 0.5813; OA: 0.9094; AA: 0.6167; F1: 0.8141; Kappa: 0.8404;
2025-11-10 01:15:51,769 - INFO - spatial_LccAccuracy: 0.5264; spatial_PA: 0.919; spatial_UA: 0.876; spatial_F1: 0.897
2025-11-10 01:15:51,770 - INFO - temporal_CdAccuracy: 0.3852; temporal_PA: 0.7571; temporal_UA: 0.6898; temporal_F1: 0.7219
2025-11-10 01:15:51,770 - INFO - Confusion Matrix
 [75510.	 4245.	    0.	    0.	   11.]
 [ 5285.	52735.	   37.	    0.	   17.]
 [   25.	 1666.	  780.	    0.	    0.]
 [ 1539.	   68.	    0.	    0.	    0.]
 [  857.	  144.	    0.	    0.	10501.]
2025-11-10 01:15:52,868 - INFO - Epoch 10 saved.
2025-11-10 01:15:52,869 - INFO - model saved 11 times, last saved epoch: 10.

2025-11-10 01:15:56,227 - INFO - Epoch 11, Train loss: 0.29481837153434753
2025-11-10 01:15:57,154 - INFO - mIoU: 0.6124; OA: 0.9164; AA: 0.6479; F1: 0.8524; Kappa: 0.8535;
2025-11-10 01:15:57,155 - INFO - spatial_LccAccuracy: 0.5417; spatial_PA: 0.9243; spatial_UA: 0.8835; spatial_F1: 0.9034
2025-11-10 01:15:57,155 - INFO - temporal_CdAccuracy: 0.4224; temporal_PA: 0.7779; temporal_UA: 0.7076; temporal_F1: 0.7411
2025-11-10 01:15:57,156 - INFO - Confusion Matrix
 [74894.	 4859.	    3.	    0.	   10.]
 [ 3907.	54076.	   75.	    0.	   16.]
 [   14.	 1329.	 1128.	    0.	    0.]
 [ 1393.	  214.	    0.	    0.	    0.]
 [  821.	  178.	    0.	    0.	10503.]
2025-11-10 01:15:57,195 - INFO - Epoch 11 saved.
2025-11-10 01:15:57,196 - INFO - model saved 12 times, last saved epoch: 11.

2025-11-10 01:16:00,481 - INFO - Epoch 12, Train loss: 0.2685850262641907
2025-11-10 01:16:01,410 - INFO - mIoU: 0.6401; OA: 0.9215; AA: 0.6771; F1: 0.882; Kappa: 0.8618;
2025-11-10 01:16:01,411 - INFO - spatial_LccAccuracy: 0.5866; spatial_PA: 0.9247; spatial_UA: 0.8771; spatial_F1: 0.9003
2025-11-10 01:16:01,411 - INFO - temporal_CdAccuracy: 0.4364; temporal_PA: 0.7634; temporal_UA: 0.7191; temporal_F1: 0.7406
2025-11-10 01:16:01,412 - INFO - Confusion Matrix
 [77069.	 2664.	    8.	    0.	   25.]
 [ 5589.	52294.	  149.	    0.	   42.]
 [   15.	  962.	 1494.	    0.	    0.]
 [ 1461.	  146.	    0.	    0.	    0.]
 [  870.	  115.	    0.	    0.	10517.]
2025-11-10 01:16:01,452 - INFO - Epoch 12 saved.
2025-11-10 01:16:01,453 - INFO - model saved 13 times, last saved epoch: 12.

2025-11-10 01:16:04,626 - INFO - Epoch 13, Train loss: 0.24628689885139465
2025-11-10 01:16:05,610 - INFO - mIoU: 0.6525; OA: 0.9275; AA: 0.6899; F1: 0.893; Kappa: 0.8727;
2025-11-10 01:16:05,611 - INFO - spatial_LccAccuracy: 0.596; spatial_PA: 0.9237; spatial_UA: 0.8802; spatial_F1: 0.9014
2025-11-10 01:16:05,611 - INFO - temporal_CdAccuracy: 0.4599; temporal_PA: 0.7787; temporal_UA: 0.7318; temporal_F1: 0.7545
2025-11-10 01:16:05,612 - INFO - Confusion Matrix
 [76771.	 2963.	   10.	    0.	   22.]
 [ 4481.	53383.	  180.	    0.	   30.]
 [   13.	  844.	 1614.	    0.	    0.]
 [ 1344.	  263.	    0.	    0.	    0.]
 [  832.	  148.	    0.	    0.	10522.]
2025-11-10 01:16:05,653 - INFO - Epoch 13 saved.
2025-11-10 01:16:05,654 - INFO - model saved 14 times, last saved epoch: 13.

2025-11-10 01:16:08,824 - INFO - Epoch 14, Train loss: 0.22662992775440216
2025-11-10 01:16:09,774 - INFO - mIoU: 0.6663; OA: 0.9311; AA: 0.7032; F1: 0.73; Kappa: 0.8794;
2025-11-10 01:16:09,775 - INFO - spatial_LccAccuracy: 0.6097; spatial_PA: 0.93; spatial_UA: 0.8867; spatial_F1: 0.9078
2025-11-10 01:16:09,775 - INFO - temporal_CdAccuracy: 0.483; temporal_PA: 0.7883; temporal_UA: 0.7401; temporal_F1: 0.7634
2025-11-10 01:16:09,776 - INFO - Confusion Matrix
 [76295.	 3392.	   10.	    6.	   63.]
 [ 3650.	54222.	  159.	    1.	   42.]
 [   13.	  777.	 1681.	    0.	    0.]
 [ 1238.	  331.	    0.	   38.	    0.]
 [  735.	  161.	    0.	    0.	10606.]
2025-11-10 01:16:09,820 - INFO - Epoch 14 saved.
2025-11-10 01:16:09,820 - INFO - model saved 15 times, last saved epoch: 14.

2025-11-10 01:16:13,007 - INFO - Epoch 15, Train loss: 0.20923717319965363
2025-11-10 01:16:13,928 - INFO - mIoU: 0.695; OA: 0.9355; AA: 0.7315; F1: 0.7644; Kappa: 0.8872;
2025-11-10 01:16:13,929 - INFO - spatial_LccAccuracy: 0.6371; spatial_PA: 0.933; spatial_UA: 0.8885; spatial_F1: 0.9102
2025-11-10 01:16:13,929 - INFO - temporal_CdAccuracy: 0.4951; temporal_PA: 0.7895; temporal_UA: 0.7538; temporal_F1: 0.7712
2025-11-10 01:16:13,930 - INFO - Confusion Matrix
 [77050.	 2637.	   10.	    8.	   61.]
 [ 3996.	53860.	  175.	    2.	   41.]
 [   12.	  606.	 1853.	    0.	    0.]
 [ 1201.	  260.	    0.	  146.	    0.]
 [  730.	  151.	    0.	    0.	10621.]
2025-11-10 01:16:13,970 - INFO - Epoch 15 saved.
2025-11-10 01:16:13,970 - INFO - model saved 16 times, last saved epoch: 15.

2025-11-10 01:16:17,159 - INFO - Epoch 16, Train loss: 0.1937362104654312
2025-11-10 01:16:18,099 - INFO - mIoU: 0.7307; OA: 0.9392; AA: 0.7679; F1: 0.8111; Kappa: 0.8942;
2025-11-10 01:16:18,100 - INFO - spatial_LccAccuracy: 0.6355; spatial_PA: 0.9324; spatial_UA: 0.8969; spatial_F1: 0.9143
2025-11-10 01:16:18,100 - INFO - temporal_CdAccuracy: 0.5072; temporal_PA: 0.807; temporal_UA: 0.7523; temporal_F1: 0.7787
2025-11-10 01:16:18,101 - INFO - Confusion Matrix
 [75864.	 3810.	   16.	   47.	   29.]
 [ 2576.	55315.	  166.	    9.	    8.]
 [    4.	  551.	 1916.	    0.	    0.]
 [  795.	  428.	    1.	  383.	    0.]
 [  681.	  212.	    0.	    0.	10609.]
2025-11-10 01:16:18,850 - INFO - Epoch 16 saved.
2025-11-10 01:16:18,851 - INFO - model saved 17 times, last saved epoch: 16.

2025-11-10 01:16:22,043 - INFO - Epoch 17, Train loss: 0.17833903431892395
2025-11-10 01:16:22,991 - INFO - mIoU: 0.7699; OA: 0.9453; AA: 0.8072; F1: 0.8523; Kappa: 0.9051;
2025-11-10 01:16:22,992 - INFO - spatial_LccAccuracy: 0.6754; spatial_PA: 0.9349; spatial_UA: 0.9037; spatial_F1: 0.919
2025-11-10 01:16:22,992 - INFO - temporal_CdAccuracy: 0.5413; temporal_PA: 0.8205; temporal_UA: 0.7763; temporal_F1: 0.7978
2025-11-10 01:16:22,993 - INFO - Confusion Matrix
 [76419.	 3157.	   14.	   39.	  137.]
 [ 2604.	55262.	  155.	   23.	   30.]
 [    2.	  508.	 1961.	    0.	    0.]
 [  631.	  336.	    0.	  640.	    0.]
 [  522.	  229.	    0.	    0.	10751.]
2025-11-10 01:16:23,034 - INFO - Epoch 17 saved.
2025-11-10 01:16:23,035 - INFO - model saved 18 times, last saved epoch: 17.

2025-11-10 01:16:26,251 - INFO - Epoch 18, Train loss: 0.1647147536277771
2025-11-10 01:16:27,272 - INFO - mIoU: 0.7865; OA: 0.9472; AA: 0.8273; F1: 0.867; Kappa: 0.9084;
2025-11-10 01:16:27,272 - INFO - spatial_LccAccuracy: 0.6895; spatial_PA: 0.9342; spatial_UA: 0.904; spatial_F1: 0.9189
2025-11-10 01:16:27,273 - INFO - temporal_CdAccuracy: 0.5499; temporal_PA: 0.8245; temporal_UA: 0.7811; temporal_F1: 0.8022
2025-11-10 01:16:27,273 - INFO - Confusion Matrix
 [76548.	 2971.	   12.	   54.	  181.]
 [ 2639.	55186.	  189.	   28.	   32.]
 [    3.	  432.	 2036.	    0.	    0.]
 [  618.	  245.	    0.	  744.	    0.]
 [  485.	  211.	    0.	    0.	10806.]
2025-11-10 01:16:27,314 - INFO - Epoch 18 saved.
2025-11-10 01:16:27,315 - INFO - model saved 19 times, last saved epoch: 18.

2025-11-10 01:16:30,491 - INFO - Epoch 19, Train loss: 0.15396223962306976
2025-11-10 01:16:31,410 - INFO - mIoU: 0.8106; OA: 0.9497; AA: 0.849; F1: 0.8875; Kappa: 0.9125;
2025-11-10 01:16:31,410 - INFO - spatial_LccAccuracy: 0.7251; spatial_PA: 0.9285; spatial_UA: 0.8946; spatial_F1: 0.9112
2025-11-10 01:16:31,410 - INFO - temporal_CdAccuracy: 0.5577; temporal_PA: 0.8192; temporal_UA: 0.8055; temporal_F1: 0.8123
2025-11-10 01:16:31,411 - INFO - Confusion Matrix
 [78013.	 1498.	   10.	   17.	  228.]
 [ 3931.	53869.	  175.	   41.	   58.]
 [    3.	  397.	 2071.	    0.	    0.]
 [  594.	  117.	    0.	  896.	    0.]
 [  475.	  170.	    0.	    0.	10857.]
2025-11-10 01:16:31,452 - INFO - Epoch 19 saved.
2025-11-10 01:16:31,453 - INFO - model saved 20 times, last saved epoch: 19.

2025-11-10 01:16:34,722 - INFO - Epoch 20, Train loss: 0.1446508765220642
2025-11-10 01:16:35,692 - INFO - mIoU: 0.8392; OA: 0.9548; AA: 0.8863; F1: 0.9087; Kappa: 0.9219;
2025-11-10 01:16:35,692 - INFO - spatial_LccAccuracy: 0.736; spatial_PA: 0.9415; spatial_UA: 0.9357; spatial_F1: 0.9386
2025-11-10 01:16:35,692 - INFO - temporal_CdAccuracy: 0.6093; temporal_PA: 0.8593; temporal_UA: 0.8183; temporal_F1: 0.8383
2025-11-10 01:16:35,693 - INFO - Confusion Matrix
 [76965.	 2463.	   12.	   80.	  246.]
 [ 2399.	55361.	  181.	   79.	   54.]
 [    2.	  375.	 2094.	    0.	    0.]
 [  339.	  116.	    0.	 1152.	    0.]
 [  378.	  207.	    0.	    0.	10917.]
2025-11-10 01:16:35,735 - INFO - Epoch 20 saved.
2025-11-10 01:16:35,735 - INFO - model saved 21 times, last saved epoch: 20.

2025-11-10 01:16:38,987 - INFO - Epoch 21, Train loss: 0.13656294345855713
2025-11-10 01:16:39,923 - INFO - mIoU: 0.8239; OA: 0.9542; AA: 0.8578; F1: 0.8966; Kappa: 0.9203;
2025-11-10 01:16:39,923 - INFO - spatial_LccAccuracy: 0.738; spatial_PA: 0.9305; spatial_UA: 0.8938; spatial_F1: 0.9118
2025-11-10 01:16:39,923 - INFO - temporal_CdAccuracy: 0.5921; temporal_PA: 0.8399; temporal_UA: 0.8281; temporal_F1: 0.834
2025-11-10 01:16:39,924 - INFO - Confusion Matrix
 [78027.	 1559.	    8.	    5.	  167.]
 [ 3352.	54490.	  159.	   33.	   40.]
 [    5.	  365.	 2101.	    0.	    0.]
 [  538.	  137.	    0.	  932.	    0.]
 [  490.	  173.	    0.	    0.	10839.]
2025-11-10 01:16:39,925 - INFO - model saved 21 times, last saved epoch: 20.

2025-11-10 01:16:43,178 - INFO - Epoch 22, Train loss: 0.1289038062095642
2025-11-10 01:16:44,108 - INFO - mIoU: 0.8581; OA: 0.9591; AA: 0.9037; F1: 0.921; Kappa: 0.9293;
2025-11-10 01:16:44,108 - INFO - spatial_LccAccuracy: 0.7693; spatial_PA: 0.9438; spatial_UA: 0.9462; spatial_F1: 0.945
2025-11-10 01:16:44,108 - INFO - temporal_CdAccuracy: 0.6304; temporal_PA: 0.871; temporal_UA: 0.8387; temporal_F1: 0.8545
2025-11-10 01:16:44,109 - INFO - Confusion Matrix
 [77673.	 1844.	   11.	   50.	  188.]
 [ 2610.	55121.	  188.	  103.	   52.]
 [    3.	  324.	 2144.	    0.	    0.]
 [  275.	   88.	    0.	 1244.	    0.]
 [  339.	  194.	    0.	    0.	10969.]
2025-11-10 01:16:44,150 - INFO - Epoch 22 saved.
2025-11-10 01:16:44,151 - INFO - model saved 22 times, last saved epoch: 22.

2025-11-10 01:16:47,364 - INFO - Epoch 23, Train loss: 0.12236496806144714
2025-11-10 01:16:48,276 - INFO - mIoU: 0.8581; OA: 0.9595; AA: 0.9065; F1: 0.921; Kappa: 0.9301;
2025-11-10 01:16:48,277 - INFO - spatial_LccAccuracy: 0.7599; spatial_PA: 0.9477; spatial_UA: 0.957; spatial_F1: 0.9523
2025-11-10 01:16:48,277 - INFO - temporal_CdAccuracy: 0.6406; temporal_PA: 0.8796; temporal_UA: 0.836; temporal_F1: 0.8572
2025-11-10 01:16:48,278 - INFO - Confusion Matrix
 [76935.	 2460.	    8.	   75.	  288.]
 [ 1889.	55849.	  173.	  102.	   61.]
 [    3.	  331.	 2137.	    0.	    0.]
 [  242.	  107.	    0.	 1258.	    0.]
 [  267.	  208.	    0.	    0.	11027.]
2025-11-10 01:16:48,321 - INFO - Epoch 23 saved.
2025-11-10 01:16:48,321 - INFO - model saved 23 times, last saved epoch: 23.

2025-11-10 01:16:51,477 - INFO - Epoch 24, Train loss: 0.11682597547769547
2025-11-10 01:16:52,462 - INFO - mIoU: 0.8643; OA: 0.9598; AA: 0.9062; F1: 0.9251; Kappa: 0.9303;
2025-11-10 01:16:52,462 - INFO - spatial_LccAccuracy: 0.7767; spatial_PA: 0.9448; spatial_UA: 0.9306; spatial_F1: 0.9376
2025-11-10 01:16:52,462 - INFO - temporal_CdAccuracy: 0.6402; temporal_PA: 0.8697; temporal_UA: 0.8524; temporal_F1: 0.861
2025-11-10 01:16:52,463 - INFO - Confusion Matrix
 [78105.	 1494.	    8.	   15.	  144.]
 [ 2868.	54870.	  186.	  109.	   41.]
 [    5.	  300.	 2166.	    0.	    0.]
 [  304.	   38.	    0.	 1265.	    0.]
 [  496.	  159.	    0.	    0.	10847.]
2025-11-10 01:16:52,941 - INFO - Epoch 24 saved.
2025-11-10 01:16:52,942 - INFO - model saved 24 times, last saved epoch: 24.

2025-11-10 01:16:56,181 - INFO - Epoch 25, Train loss: 0.11074095219373703
2025-11-10 01:16:57,128 - INFO - mIoU: 0.8711; OA: 0.9621; AA: 0.9125; F1: 0.9294; Kappa: 0.9345;
2025-11-10 01:16:57,128 - INFO - spatial_LccAccuracy: 0.7841; spatial_PA: 0.9574; spatial_UA: 0.965; spatial_F1: 0.9612
2025-11-10 01:16:57,129 - INFO - temporal_CdAccuracy: 0.6641; temporal_PA: 0.8849; temporal_UA: 0.8523; temporal_F1: 0.8683
2025-11-10 01:16:57,129 - INFO - Confusion Matrix
 [77515.	 1968.	    7.	   23.	  253.]
 [ 2105.	55649.	  127.	  114.	   79.]
 [    3.	  351.	 2117.	    0.	    0.]
 [  219.	   72.	    0.	 1316.	    0.]
 [  334.	  161.	    0.	    0.	11007.]
2025-11-10 01:16:57,171 - INFO - Epoch 25 saved.
2025-11-10 01:16:57,171 - INFO - model saved 25 times, last saved epoch: 25.

2025-11-10 01:17:00,423 - INFO - Epoch 26, Train loss: 0.10531802475452423
2025-11-10 01:17:01,365 - INFO - mIoU: 0.8731; OA: 0.9597; AA: 0.9359; F1: 0.9307; Kappa: 0.9304;
2025-11-10 01:17:01,365 - INFO - spatial_LccAccuracy: 0.7892; spatial_PA: 0.9517; spatial_UA: 0.9752; spatial_F1: 0.9633
2025-11-10 01:17:01,365 - INFO - temporal_CdAccuracy: 0.6441; temporal_PA: 0.8683; temporal_UA: 0.8503; temporal_F1: 0.8592
2025-11-10 01:17:01,365 - INFO - Confusion Matrix
 [78455.	  979.	    7.	   41.	  284.]
 [ 3485.	53952.	  223.	  240.	  174.]
 [    7.	  236.	 2227.	    1.	    0.]
 [  158.	   12.	    0.	 1437.	    0.]
 [  217.	  114.	    0.	    0.	11171.]
2025-11-10 01:17:01,427 - INFO - Epoch 26 saved.
2025-11-10 01:17:01,428 - INFO - model saved 26 times, last saved epoch: 26.

2025-11-10 01:17:04,734 - INFO - Epoch 27, Train loss: 0.10247820615768433
2025-11-10 01:17:05,675 - INFO - mIoU: 0.8857; OA: 0.9653; AA: 0.9278; F1: 0.9381; Kappa: 0.9401;
2025-11-10 01:17:05,676 - INFO - spatial_LccAccuracy: 0.806; spatial_PA: 0.9545; spatial_UA: 0.976; spatial_F1: 0.9651
2025-11-10 01:17:05,676 - INFO - temporal_CdAccuracy: 0.684; temporal_PA: 0.8931; temporal_UA: 0.8684; temporal_F1: 0.8806
2025-11-10 01:17:05,677 - INFO - Confusion Matrix
 [77936.	 1625.	    7.	   13.	  185.]
 [ 2214.	55488.	  162.	  124.	   86.]
 [    4.	  272.	 2195.	    0.	    0.]
 [  157.	   81.	    0.	 1369.	    0.]
 [  232.	  155.	    0.	    0.	11115.]
2025-11-10 01:17:05,718 - INFO - Epoch 27 saved.
2025-11-10 01:17:05,719 - INFO - model saved 27 times, last saved epoch: 27.

2025-11-10 01:17:08,931 - INFO - Epoch 28, Train loss: 0.09829523414373398
2025-11-10 01:17:09,868 - INFO - mIoU: 0.8787; OA: 0.9642; AA: 0.9178; F1: 0.9337; Kappa: 0.9384;
2025-11-10 01:17:09,869 - INFO - spatial_LccAccuracy: 0.7947; spatial_PA: 0.9619; spatial_UA: 0.9817; spatial_F1: 0.9717
2025-11-10 01:17:09,869 - INFO - temporal_CdAccuracy: 0.6754; temporal_PA: 0.8928; temporal_UA: 0.8576; temporal_F1: 0.8748
2025-11-10 01:17:09,870 - INFO - Confusion Matrix
 [77011.	 2535.	    7.	    7.	  206.]
 [ 1435.	56329.	  145.	  101.	   64.]
 [    3.	  283.	 2185.	    0.	    0.]
 [  109.	  208.	    0.	 1290.	    0.]
 [  204.	  180.	    0.	    0.	11118.]
2025-11-10 01:17:09,871 - INFO - model saved 27 times, last saved epoch: 27.

2025-11-10 01:17:13,077 - INFO - Epoch 29, Train loss: 0.09496275335550308
2025-11-10 01:17:13,997 - INFO - mIoU: 0.8953; OA: 0.9673; AA: 0.9464; F1: 0.9438; Kappa: 0.9437;
2025-11-10 01:17:13,998 - INFO - spatial_LccAccuracy: 0.8056; spatial_PA: 0.9611; spatial_UA: 0.9851; spatial_F1: 0.9729
2025-11-10 01:17:13,998 - INFO - temporal_CdAccuracy: 0.6871; temporal_PA: 0.9006; temporal_UA: 0.8673; temporal_F1: 0.8836
2025-11-10 01:17:13,999 - INFO - Confusion Matrix
 [77657.	 1883.	    8.	   32.	  186.]
 [ 1739.	55859.	  223.	  150.	  103.]
 [    4.	  233.	 2234.	    0.	    0.]
 [   78.	   49.	    0.	 1480.	    0.]
 [  200.	  129.	    0.	    0.	11173.]
2025-11-10 01:17:14,039 - INFO - Epoch 29 saved.
2025-11-10 01:17:14,040 - INFO - model saved 28 times, last saved epoch: 29.

2025-11-10 01:17:17,229 - INFO - Epoch 30, Train loss: 0.09411010891199112
2025-11-10 01:17:18,172 - INFO - mIoU: 0.8967; OA: 0.968; AA: 0.9406; F1: 0.9446; Kappa: 0.9448;
2025-11-10 01:17:18,172 - INFO - spatial_LccAccuracy: 0.8185; spatial_PA: 0.9677; spatial_UA: 0.9842; spatial_F1: 0.9759
2025-11-10 01:17:18,172 - INFO - temporal_CdAccuracy: 0.6918; temporal_PA: 0.8991; temporal_UA: 0.8712; temporal_F1: 0.8849
2025-11-10 01:17:18,173 - INFO - Confusion Matrix
 [77902.	 1733.	    7.	    8.	  116.]
 [ 1843.	55832.	  162.	  159.	   78.]
 [    4.	  253.	 2214.	    0.	    0.]
 [  124.	   32.	    0.	 1451.	    0.]
 [  242.	  151.	    0.	    0.	11109.]
2025-11-10 01:17:18,214 - INFO - Epoch 30 saved.
2025-11-10 01:17:18,214 - INFO - model saved 29 times, last saved epoch: 30.

2025-11-10 01:17:21,486 - INFO - Epoch 31, Train loss: 0.08899057656526566
2025-11-10 01:17:22,486 - INFO - mIoU: 0.9028; OA: 0.9694; AA: 0.948; F1: 0.9481; Kappa: 0.9471;
2025-11-10 01:17:22,486 - INFO - spatial_LccAccuracy: 0.8322; spatial_PA: 0.9658; spatial_UA: 0.9837; spatial_F1: 0.9747
2025-11-10 01:17:22,486 - INFO - temporal_CdAccuracy: 0.693; temporal_PA: 0.9014; temporal_UA: 0.883; temporal_F1: 0.8921
2025-11-10 01:17:22,487 - INFO - Confusion Matrix
 [78326.	 1282.	    7.	   14.	  137.]
 [ 2186.	55433.	  174.	  152.	  129.]
 [    4.	  243.	 2224.	    0.	    0.]
 [   85.	   35.	    0.	 1487.	    0.]
 [  133.	  119.	    0.	    0.	11250.]
2025-11-10 01:17:22,551 - INFO - Epoch 31 saved.
2025-11-10 01:17:22,551 - INFO - model saved 30 times, last saved epoch: 31.

2025-11-10 01:17:25,775 - INFO - Epoch 32, Train loss: 0.08654694259166718
2025-11-10 01:17:26,770 - INFO - mIoU: 0.9038; OA: 0.9697; AA: 0.9483; F1: 0.9487; Kappa: 0.9478;
2025-11-10 01:17:26,771 - INFO - spatial_LccAccuracy: 0.8217; spatial_PA: 0.9668; spatial_UA: 0.9839; spatial_F1: 0.9753
2025-11-10 01:17:26,771 - INFO - temporal_CdAccuracy: 0.6946; temporal_PA: 0.9067; temporal_UA: 0.8777; temporal_F1: 0.892
2025-11-10 01:17:26,772 - INFO - Confusion Matrix
 [77588.	 1979.	    7.	   15.	  177.]
 [ 1423.	56243.	  198.	  124.	   86.]
 [    3.	  232.	 2236.	    0.	    0.]
 [   71.	   58.	    0.	 1478.	    0.]
 [  124.	  153.	    0.	    0.	11225.]
2025-11-10 01:17:26,935 - INFO - Epoch 32 saved.
2025-11-10 01:17:26,935 - INFO - model saved 31 times, last saved epoch: 32.

2025-11-10 01:17:30,129 - INFO - Epoch 33, Train loss: 0.08387771993875504
2025-11-10 01:17:31,086 - INFO - mIoU: 0.9055; OA: 0.9702; AA: 0.9571; F1: 0.9496; Kappa: 0.9487;
2025-11-10 01:17:31,086 - INFO - spatial_LccAccuracy: 0.8318; spatial_PA: 0.968; spatial_UA: 0.9888; spatial_F1: 0.9783
2025-11-10 01:17:31,087 - INFO - temporal_CdAccuracy: 0.7; temporal_PA: 0.9088; temporal_UA: 0.8819; temporal_F1: 0.8951
2025-11-10 01:17:31,087 - INFO - Confusion Matrix
 [77762.	 1757.	    7.	   25.	  215.]
 [ 1572.	55960.	  235.	  147.	  160.]
 [    3.	  203.	 2265.	    0.	    0.]
 [   54.	   36.	    0.	 1517.	    0.]
 [   54.	  104.	    0.	    0.	11344.]
2025-11-10 01:17:31,128 - INFO - Epoch 33 saved.
2025-11-10 01:17:31,129 - INFO - model saved 32 times, last saved epoch: 33.

2025-11-10 01:17:34,343 - INFO - Epoch 34, Train loss: 0.08022794872522354
2025-11-10 01:17:35,287 - INFO - mIoU: 0.9085; OA: 0.9718; AA: 0.9443; F1: 0.9512; Kappa: 0.9514;
2025-11-10 01:17:35,287 - INFO - spatial_LccAccuracy: 0.8447; spatial_PA: 0.9684; spatial_UA: 0.9871; spatial_F1: 0.9777
2025-11-10 01:17:35,287 - INFO - temporal_CdAccuracy: 0.7047; temporal_PA: 0.9075; temporal_UA: 0.8877; temporal_F1: 0.8975
2025-11-10 01:17:35,287 - INFO - Confusion Matrix
 [78124.	 1543.	    6.	   13.	   80.]
 [ 1662.	56082.	  133.	  105.	   92.]
 [    4.	  263.	 2204.	    0.	    0.]
 [   64.	   84.	    0.	 1459.	    0.]
 [  123.	  149.	    0.	    0.	11230.]
2025-11-10 01:17:35,326 - INFO - Epoch 34 saved.
2025-11-10 01:17:35,327 - INFO - model saved 33 times, last saved epoch: 34.

2025-11-10 01:17:38,519 - INFO - Epoch 35, Train loss: 0.07921650260686874
2025-11-10 01:17:39,432 - INFO - mIoU: 0.9091; OA: 0.971; AA: 0.9485; F1: 0.9517; Kappa: 0.9499;
2025-11-10 01:17:39,432 - INFO - spatial_LccAccuracy: 0.844; spatial_PA: 0.9653; spatial_UA: 0.9783; spatial_F1: 0.9717
2025-11-10 01:17:39,433 - INFO - temporal_CdAccuracy: 0.7024; temporal_PA: 0.9066; temporal_UA: 0.8909; temporal_F1: 0.8987
2025-11-10 01:17:39,433 - INFO - Confusion Matrix
 [78710.	  915.	    4.	    7.	  130.]
 [ 2433.	55219.	  129.	  135.	  158.]
 [    6.	  259.	 2206.	    0.	    0.]
 [   93.	   27.	    0.	 1487.	    0.]
 [   57.	   97.	    0.	    0.	11348.]
2025-11-10 01:17:39,485 - INFO - Epoch 35 saved.
2025-11-10 01:17:39,485 - INFO - model saved 34 times, last saved epoch: 35.

2025-11-10 01:17:42,735 - INFO - Epoch 36, Train loss: 0.07814899832010269
2025-11-10 01:17:43,682 - INFO - mIoU: 0.908; OA: 0.9718; AA: 0.9444; F1: 0.951; Kappa: 0.9513;
2025-11-10 01:17:43,683 - INFO - spatial_LccAccuracy: 0.842; spatial_PA: 0.9662; spatial_UA: 0.9785; spatial_F1: 0.9723
2025-11-10 01:17:43,683 - INFO - temporal_CdAccuracy: 0.6973; temporal_PA: 0.9082; temporal_UA: 0.8911; temporal_F1: 0.8996
2025-11-10 01:17:43,684 - INFO - Confusion Matrix
 [78574.	 1138.	    4.	    7.	   43.]
 [ 2047.	55662.	  175.	  101.	   89.]
 [    6.	  230.	 2235.	    0.	    0.]
 [  105.	   52.	    0.	 1450.	    0.]
 [  180.	  143.	    0.	    0.	11179.]
2025-11-10 01:17:43,685 - INFO - model saved 34 times, last saved epoch: 35.

2025-11-10 01:17:46,874 - INFO - Epoch 37, Train loss: 0.07626500725746155
2025-11-10 01:17:47,816 - INFO - mIoU: 0.9152; OA: 0.9726; AA: 0.9536; F1: 0.955; Kappa: 0.9528;
2025-11-10 01:17:47,816 - INFO - spatial_LccAccuracy: 0.8432; spatial_PA: 0.9703; spatial_UA: 0.9876; spatial_F1: 0.9788
2025-11-10 01:17:47,816 - INFO - temporal_CdAccuracy: 0.6981; temporal_PA: 0.9087; temporal_UA: 0.8847; temporal_F1: 0.8965
2025-11-10 01:17:47,817 - INFO - Confusion Matrix
 [77806.	 1904.	    7.	   12.	   37.]
 [ 1265.	56448.	  183.	  104.	   74.]
 [    3.	  223.	 2245.	    0.	    0.]
 [   46.	   55.	    0.	 1506.	    0.]
 [  124.	  164.	    0.	    0.	11214.]
2025-11-10 01:17:47,858 - INFO - Epoch 37 saved.
2025-11-10 01:17:47,859 - INFO - model saved 35 times, last saved epoch: 37.

2025-11-10 01:17:51,057 - INFO - Epoch 38, Train loss: 0.07324787974357605
2025-11-10 01:17:51,982 - INFO - mIoU: 0.9149; OA: 0.9736; AA: 0.9455; F1: 0.9548; Kappa: 0.9545;
2025-11-10 01:17:51,983 - INFO - spatial_LccAccuracy: 0.8561; spatial_PA: 0.9745; spatial_UA: 0.981; spatial_F1: 0.9777
2025-11-10 01:17:51,983 - INFO - temporal_CdAccuracy: 0.6981; temporal_PA: 0.9092; temporal_UA: 0.8932; temporal_F1: 0.9011
2025-11-10 01:17:51,984 - INFO - Confusion Matrix
 [77931.	 1794.	    7.	    7.	   27.]
 [ 1286.	56490.	  151.	   59.	   88.]
 [    4.	  253.	 2214.	    0.	    0.]
 [   64.	   96.	    0.	 1447.	    0.]
 [   63.	  149.	    0.	    0.	11290.]
2025-11-10 01:17:51,985 - INFO - model saved 35 times, last saved epoch: 37.

2025-11-10 01:17:55,185 - INFO - Epoch 39, Train loss: 0.07184601575136185
2025-11-10 01:17:56,194 - INFO - mIoU: 0.9124; OA: 0.9734; AA: 0.9455; F1: 0.9534; Kappa: 0.954;
2025-11-10 01:17:56,194 - INFO - spatial_LccAccuracy: 0.8553; spatial_PA: 0.971; spatial_UA: 0.9774; spatial_F1: 0.9742
2025-11-10 01:17:56,194 - INFO - temporal_CdAccuracy: 0.6981; temporal_PA: 0.9128; temporal_UA: 0.8942; temporal_F1: 0.9034
2025-11-10 01:17:56,195 - INFO - Confusion Matrix
 [78684.	 1045.	    6.	    7.	   24.]
 [ 2040.	55664.	  174.	   71.	  125.]
 [    5.	  233.	 2233.	    0.	    0.]
 [  109.	   59.	    0.	 1439.	    0.]
 [   74.	  116.	    0.	    0.	11312.]
2025-11-10 01:17:56,196 - INFO - model saved 35 times, last saved epoch: 37.

2025-11-10 01:17:59,490 - INFO - Epoch 40, Train loss: 0.06908421963453293
2025-11-10 01:18:00,411 - INFO - mIoU: 0.9104; OA: 0.9723; AA: 0.9565; F1: 0.9524; Kappa: 0.9522;
2025-11-10 01:18:00,411 - INFO - spatial_LccAccuracy: 0.8479; spatial_PA: 0.9727; spatial_UA: 0.9746; spatial_F1: 0.9737
2025-11-10 01:18:00,411 - INFO - temporal_CdAccuracy: 0.7012; temporal_PA: 0.9148; temporal_UA: 0.8973; temporal_F1: 0.906
2025-11-10 01:18:00,412 - INFO - Confusion Matrix
 [78478.	 1079.	    3.	    5.	  201.]
 [ 2010.	55512.	  197.	  146.	  209.]
 [    7.	  207.	 2257.	    0.	    0.]
 [   85.	   16.	    0.	 1506.	    0.]
 [   11.	   77.	    0.	    0.	11414.]
2025-11-10 01:18:00,413 - INFO - model saved 35 times, last saved epoch: 37.

2025-11-10 01:18:03,518 - INFO - Epoch 41, Train loss: 0.06914249807596207
2025-11-10 01:18:04,436 - INFO - mIoU: 0.9169; OA: 0.9729; AA: 0.9591; F1: 0.956; Kappa: 0.9532;
2025-11-10 01:18:04,437 - INFO - spatial_LccAccuracy: 0.8565; spatial_PA: 0.9643; spatial_UA: 0.9841; spatial_F1: 0.9741
2025-11-10 01:18:04,437 - INFO - temporal_CdAccuracy: 0.7008; temporal_PA: 0.92; temporal_UA: 0.8983; temporal_F1: 0.909
2025-11-10 01:18:04,438 - INFO - Confusion Matrix
 [78845.	  855.	    4.	    9.	   53.]
 [ 2346.	55241.	  200.	  129.	  158.]
 [    6.	  199.	 2266.	    0.	    0.]
 [   62.	   19.	    0.	 1526.	    0.]
 [   32.	   91.	    0.	    0.	11379.]
2025-11-10 01:18:04,967 - INFO - Epoch 41 saved.
2025-11-10 01:18:04,968 - INFO - model saved 36 times, last saved epoch: 41.

2025-11-10 01:18:08,170 - INFO - Epoch 42, Train loss: 0.06816713511943817
2025-11-10 01:18:09,090 - INFO - mIoU: 0.922; OA: 0.9756; AA: 0.9556; F1: 0.9588; Kappa: 0.9581;
2025-11-10 01:18:09,090 - INFO - spatial_LccAccuracy: 0.8631; spatial_PA: 0.9708; spatial_UA: 0.9895; spatial_F1: 0.98
2025-11-10 01:18:09,090 - INFO - temporal_CdAccuracy: 0.7083; temporal_PA: 0.922; temporal_UA: 0.9023; temporal_F1: 0.9121
2025-11-10 01:18:09,091 - INFO - Confusion Matrix
 [78152.	 1508.	    6.	   13.	   87.]
 [ 1300.	56402.	  161.	   66.	  145.]
 [    4.	  229.	 2238.	    0.	    0.]
 [   32.	   80.	    0.	 1495.	    0.]
 [    2.	  103.	    0.	    0.	11397.]
2025-11-10 01:18:09,151 - INFO - Epoch 42 saved.
2025-11-10 01:18:09,151 - INFO - model saved 37 times, last saved epoch: 42.

2025-11-10 01:18:12,326 - INFO - Epoch 43, Train loss: 0.06551197916269302
2025-11-10 01:18:13,271 - INFO - mIoU: 0.9218; OA: 0.9758; AA: 0.9615; F1: 0.9586; Kappa: 0.9583;
2025-11-10 01:18:13,271 - INFO - spatial_LccAccuracy: 0.8639; spatial_PA: 0.9726; spatial_UA: 0.99; spatial_F1: 0.9812
2025-11-10 01:18:13,271 - INFO - temporal_CdAccuracy: 0.7126; temporal_PA: 0.9262; temporal_UA: 0.9028; temporal_F1: 0.9144
2025-11-10 01:18:13,272 - INFO - Confusion Matrix
 [78500.	 1217.	    6.	   10.	   33.]
 [ 1546.	56082.	  203.	  113.	  130.]
 [    4.	  198.	 2269.	    0.	    0.]
 [   35.	   38.	    0.	 1534.	    0.]
 [   58.	  117.	    0.	    0.	11327.]
2025-11-10 01:18:13,273 - INFO - model saved 37 times, last saved epoch: 42.

2025-11-10 01:18:16,450 - INFO - Epoch 44, Train loss: 0.0633409172296524
2025-11-10 01:18:17,417 - INFO - mIoU: 0.926; OA: 0.9768; AA: 0.9557; F1: 0.961; Kappa: 0.96;
2025-11-10 01:18:17,417 - INFO - spatial_LccAccuracy: 0.8678; spatial_PA: 0.9739; spatial_UA: 0.9886; spatial_F1: 0.9812
2025-11-10 01:18:17,417 - INFO - temporal_CdAccuracy: 0.7114; temporal_PA: 0.9245; temporal_UA: 0.9033; temporal_F1: 0.9138
2025-11-10 01:18:17,418 - INFO - Confusion Matrix
 [78409.	 1329.	    4.	   11.	   13.]
 [ 1380.	56401.	  119.	   79.	   95.]
 [    3.	  252.	 2216.	    0.	    0.]
 [   37.	   54.	    0.	 1516.	    0.]
 [   36.	  147.	    0.	    0.	11319.]
2025-11-10 01:18:17,460 - INFO - Epoch 44 saved.
2025-11-10 01:18:17,461 - INFO - model saved 38 times, last saved epoch: 44.

2025-11-10 01:18:20,695 - INFO - Epoch 45, Train loss: 0.0620204359292984
2025-11-10 01:18:21,661 - INFO - mIoU: 0.9238; OA: 0.9768; AA: 0.9657; F1: 0.9597; Kappa: 0.96;
2025-11-10 01:18:21,661 - INFO - spatial_LccAccuracy: 0.8717; spatial_PA: 0.9749; spatial_UA: 0.9888; spatial_F1: 0.9818
2025-11-10 01:18:21,661 - INFO - temporal_CdAccuracy: 0.7137; temporal_PA: 0.9282; temporal_UA: 0.9107; temporal_F1: 0.9193
2025-11-10 01:18:21,662 - INFO - Confusion Matrix
 [78571.	 1129.	    5.	   18.	   43.]
 [ 1521.	56054.	  234.	  106.	  159.]
 [    5.	  185.	 2281.	    0.	    0.]
 [   29.	   28.	    0.	 1550.	    0.]
 [   16.	   89.	    0.	    0.	11397.]
2025-11-10 01:18:21,662 - INFO - model saved 38 times, last saved epoch: 44.

2025-11-10 01:18:24,869 - INFO - Epoch 46, Train loss: 0.06095060333609581
2025-11-10 01:18:25,860 - INFO - mIoU: 0.9257; OA: 0.9767; AA: 0.9634; F1: 0.9608; Kappa: 0.9597;
2025-11-10 01:18:25,860 - INFO - spatial_LccAccuracy: 0.8733; spatial_PA: 0.9739; spatial_UA: 0.9886; spatial_F1: 0.9812
2025-11-10 01:18:25,860 - INFO - temporal_CdAccuracy: 0.7165; temporal_PA: 0.9283; temporal_UA: 0.9087; temporal_F1: 0.9184
2025-11-10 01:18:25,861 - INFO - Confusion Matrix
 [78890.	  843.	    4.	   17.	   12.]
 [ 1883.	55793.	  184.	  111.	  103.]
 [    5.	  209.	 2257.	    0.	    0.]
 [   29.	   23.	    0.	 1555.	    0.]
 [   34.	  123.	    0.	    0.	11345.]
2025-11-10 01:18:25,862 - INFO - model saved 38 times, last saved epoch: 44.

2025-11-10 01:18:29,159 - INFO - Epoch 47, Train loss: 0.06271596997976303
2025-11-10 01:18:30,136 - INFO - mIoU: 0.9277; OA: 0.9761; AA: 0.9547; F1: 0.9619; Kappa: 0.9588;
2025-11-10 01:18:30,136 - INFO - spatial_LccAccuracy: 0.8584; spatial_PA: 0.9724; spatial_UA: 0.989; spatial_F1: 0.9806
2025-11-10 01:18:30,136 - INFO - temporal_CdAccuracy: 0.7043; temporal_PA: 0.9203; temporal_UA: 0.8985; temporal_F1: 0.9093
2025-11-10 01:18:30,137 - INFO - Confusion Matrix
 [77745.	 1982.	    4.	   17.	   18.]
 [  887.	56974.	  120.	   45.	   48.]
 [    3.	  249.	 2219.	    0.	    0.]
 [   16.	   86.	    0.	 1505.	    0.]
 [   20.	  174.	    0.	    0.	11308.]
2025-11-10 01:18:30,902 - INFO - Epoch 47 saved.
2025-11-10 01:18:30,902 - INFO - model saved 39 times, last saved epoch: 47.

2025-11-10 01:18:34,070 - INFO - Epoch 48, Train loss: 0.05885516479611397
2025-11-10 01:18:34,987 - INFO - mIoU: 0.929; OA: 0.9783; AA: 0.9663; F1: 0.9625; Kappa: 0.9626;
2025-11-10 01:18:34,987 - INFO - spatial_LccAccuracy: 0.8811; spatial_PA: 0.9703; spatial_UA: 0.9912; spatial_F1: 0.9807
2025-11-10 01:18:34,988 - INFO - temporal_CdAccuracy: 0.7274; temporal_PA: 0.9318; temporal_UA: 0.9168; temporal_F1: 0.9242
2025-11-10 01:18:34,988 - INFO - Confusion Matrix
 [78437.	 1272.	    5.	   35.	   17.]
 [ 1247.	56448.	  189.	   86.	  104.]
 [    4.	  198.	 2269.	    0.	    0.]
 [    7.	   43.	    0.	 1557.	    0.]
 [    1.	  123.	    0.	    0.	11378.]
2025-11-10 01:18:35,028 - INFO - Epoch 48 saved.
2025-11-10 01:18:35,029 - INFO - model saved 40 times, last saved epoch: 48.

2025-11-10 01:18:38,228 - INFO - Epoch 49, Train loss: 0.05877846106886864
2025-11-10 01:18:39,234 - INFO - mIoU: 0.9263; OA: 0.9778; AA: 0.9678; F1: 0.9611; Kappa: 0.9617;
2025-11-10 01:18:39,234 - INFO - spatial_LccAccuracy: 0.8706; spatial_PA: 0.9648; spatial_UA: 0.9897; spatial_F1: 0.9771
2025-11-10 01:18:39,234 - INFO - temporal_CdAccuracy: 0.7165; temporal_PA: 0.9343; temporal_UA: 0.9083; temporal_F1: 0.9211
2025-11-10 01:18:39,235 - INFO - Confusion Matrix
 [78500.	 1182.	    5.	   39.	   40.]
 [ 1365.	56263.	  220.	   95.	  131.]
 [    4.	  183.	 2284.	    0.	    0.]
 [    6.	   41.	    0.	 1560.	    0.]
 [    0.	  101.	    0.	    0.	11401.]
2025-11-10 01:18:39,236 - INFO - model saved 40 times, last saved epoch: 48.

2025-11-10 01:18:42,475 - INFO - Epoch 50, Train loss: 0.05676472559571266
2025-11-10 01:18:43,450 - INFO - mIoU: 0.9234; OA: 0.9786; AA: 0.9441; F1: 0.9594; Kappa: 0.9631;
2025-11-10 01:18:43,451 - INFO - spatial_LccAccuracy: 0.878; spatial_PA: 0.9784; spatial_UA: 0.9829; spatial_F1: 0.9807
2025-11-10 01:18:43,451 - INFO - temporal_CdAccuracy: 0.72; temporal_PA: 0.9357; temporal_UA: 0.9197; temporal_F1: 0.9276
2025-11-10 01:18:43,452 - INFO - Confusion Matrix
 [78545.	 1197.	    3.	    4.	   17.]
 [ 1238.	56631.	  134.	    5.	   66.]
 [    5.	  231.	 2235.	    0.	    0.]
 [   57.	  150.	    0.	 1400.	    0.]
 [   18.	  154.	    0.	    0.	11330.]
2025-11-10 01:18:43,453 - INFO - model saved 40 times, last saved epoch: 48.

2025-11-10 01:18:46,791 - INFO - Epoch 51, Train loss: 0.055897507816553116
2025-11-10 01:18:47,783 - INFO - mIoU: 0.9334; OA: 0.9792; AA: 0.9626; F1: 0.965; Kappa: 0.9642;
2025-11-10 01:18:47,783 - INFO - spatial_LccAccuracy: 0.8795; spatial_PA: 0.9794; spatial_UA: 0.9866; spatial_F1: 0.983
2025-11-10 01:18:47,783 - INFO - temporal_CdAccuracy: 0.7176; temporal_PA: 0.9383; temporal_UA: 0.9195; temporal_F1: 0.9288
2025-11-10 01:18:47,783 - INFO - Confusion Matrix
 [78423.	 1287.	    3.	   16.	   37.]
 [ 1124.	56654.	  154.	   53.	   89.]
 [    4.	  209.	 2258.	    0.	    0.]
 [   26.	   51.	    0.	 1530.	    0.]
 [    0.	  135.	    0.	    0.	11367.]
2025-11-10 01:18:47,822 - INFO - Epoch 51 saved.
2025-11-10 01:18:47,822 - INFO - model saved 41 times, last saved epoch: 51.

2025-11-10 01:18:51,016 - INFO - Epoch 52, Train loss: 0.05729072168469429
2025-11-10 01:18:52,001 - INFO - mIoU: 0.9339; OA: 0.9791; AA: 0.9675; F1: 0.9653; Kappa: 0.964;
2025-11-10 01:18:52,001 - INFO - spatial_LccAccuracy: 0.8878; spatial_PA: 0.9728; spatial_UA: 0.991; spatial_F1: 0.9818
2025-11-10 01:18:52,001 - INFO - temporal_CdAccuracy: 0.7235; temporal_PA: 0.9407; temporal_UA: 0.9214; temporal_F1: 0.931
2025-11-10 01:18:52,002 - INFO - Confusion Matrix
 [78879.	  857.	    2.	   15.	   13.]
 [ 1578.	56106.	  181.	   79.	  130.]
 [    5.	  194.	 2272.	    0.	    0.]
 [   13.	   32.	    0.	 1562.	    0.]
 [    1.	  100.	    0.	    0.	11401.]
2025-11-10 01:18:52,193 - INFO - Epoch 52 saved.
2025-11-10 01:18:52,194 - INFO - model saved 42 times, last saved epoch: 52.

2025-11-10 01:18:55,385 - INFO - Epoch 53, Train loss: 0.0547010637819767
2025-11-10 01:18:56,345 - INFO - mIoU: 0.9345; OA: 0.9789; AA: 0.9681; F1: 0.9656; Kappa: 0.9636;
2025-11-10 01:18:56,346 - INFO - spatial_LccAccuracy: 0.8819; spatial_PA: 0.974; spatial_UA: 0.9922; spatial_F1: 0.983
2025-11-10 01:18:56,346 - INFO - temporal_CdAccuracy: 0.72; temporal_PA: 0.9388; temporal_UA: 0.9151; temporal_F1: 0.9268
2025-11-10 01:18:56,347 - INFO - Confusion Matrix
 [78718.	 1008.	    1.	   15.	   24.]
 [ 1441.	56247.	  188.	   72.	  126.]
 [    4.	  191.	 2276.	    0.	    0.]
 [   10.	   30.	    0.	 1567.	    0.]
 [   16.	  112.	    0.	    0.	11374.]
2025-11-10 01:18:56,387 - INFO - Epoch 53 saved.
2025-11-10 01:18:56,388 - INFO - model saved 43 times, last saved epoch: 53.

2025-11-10 01:18:59,614 - INFO - Epoch 54, Train loss: 0.05431840568780899
2025-11-10 01:19:00,657 - INFO - mIoU: 0.931; OA: 0.9746; AA: 0.959; F1: 0.9638; Kappa: 0.9563;
2025-11-10 01:19:00,658 - INFO - spatial_LccAccuracy: 0.8651; spatial_PA: 0.9778; spatial_UA: 0.987; spatial_F1: 0.9824
2025-11-10 01:19:00,658 - INFO - temporal_CdAccuracy: 0.7032; temporal_PA: 0.9298; temporal_UA: 0.8975; temporal_F1: 0.9133
2025-11-10 01:19:00,659 - INFO - Confusion Matrix
 [77185.	 2517.	    5.	   17.	   42.]
 [  624.	57210.	  135.	   28.	   77.]
 [    4.	  235.	 2232.	    0.	    0.]
 [   17.	   61.	    0.	 1529.	    0.]
 [    0.	  142.	    0.	    0.	11360.]
2025-11-10 01:19:00,660 - INFO - model saved 43 times, last saved epoch: 53.

2025-11-10 01:19:03,889 - INFO - Epoch 55, Train loss: 0.05360826104879379
2025-11-10 01:19:04,858 - INFO - mIoU: 0.9279; OA: 0.9778; AA: 0.9696; F1: 0.9621; Kappa: 0.9617;
2025-11-10 01:19:04,858 - INFO - spatial_LccAccuracy: 0.8835; spatial_PA: 0.9714; spatial_UA: 0.9888; spatial_F1: 0.98
2025-11-10 01:19:04,859 - INFO - temporal_CdAccuracy: 0.7294; temporal_PA: 0.9376; temporal_UA: 0.9198; temporal_F1: 0.9286
2025-11-10 01:19:04,859 - INFO - Confusion Matrix
 [79067.	  612.	    2.	   12.	   73.]
 [ 1887.	55651.	  200.	  126.	  210.]
 [    6.	  182.	 2283.	    0.	    0.]
 [   21.	   11.	    0.	 1575.	    0.]
 [    0.	   62.	    0.	    0.	11440.]
2025-11-10 01:19:04,860 - INFO - model saved 43 times, last saved epoch: 53.

2025-11-10 01:19:08,085 - INFO - Epoch 56, Train loss: 0.05283274129033089
2025-11-10 01:19:09,056 - INFO - mIoU: 0.9303; OA: 0.9783; AA: 0.9621; F1: 0.9633; Kappa: 0.9627;
2025-11-10 01:19:09,057 - INFO - spatial_LccAccuracy: 0.8745; spatial_PA: 0.9769; spatial_UA: 0.9775; spatial_F1: 0.9772
2025-11-10 01:19:09,057 - INFO - temporal_CdAccuracy: 0.711; temporal_PA: 0.9402; temporal_UA: 0.9149; temporal_F1: 0.9274
2025-11-10 01:19:09,058 - INFO - Confusion Matrix
 [78752.	  991.	    2.	    5.	   16.]
 [ 1529.	56164.	  169.	   77.	  135.]
 [    5.	  194.	 2272.	    0.	    0.]
 [   64.	   22.	    0.	 1521.	    0.]
 [   10.	  103.	    0.	    0.	11389.]
2025-11-10 01:19:09,059 - INFO - model saved 43 times, last saved epoch: 53.

2025-11-10 01:19:12,234 - INFO - Epoch 57, Train loss: 0.051239632070064545
2025-11-10 01:19:13,241 - INFO - mIoU: 0.9339; OA: 0.9801; AA: 0.9562; F1: 0.9652; Kappa: 0.9657;
2025-11-10 01:19:13,242 - INFO - spatial_LccAccuracy: 0.894; spatial_PA: 0.9805; spatial_UA: 0.9844; spatial_F1: 0.9824
2025-11-10 01:19:13,242 - INFO - temporal_CdAccuracy: 0.727; temporal_PA: 0.9421; temporal_UA: 0.9233; temporal_F1: 0.9326
2025-11-10 01:19:13,243 - INFO - Confusion Matrix
 [78808.	  907.	    2.	    6.	   43.]
 [ 1349.	56459.	  106.	   31.	  129.]
 [    6.	  262.	 2203.	    0.	    0.]
 [   54.	   44.	    0.	 1509.	    0.]
 [    0.	  110.	    0.	    0.	11392.]
2025-11-10 01:19:13,244 - INFO - model saved 43 times, last saved epoch: 53.

2025-11-10 01:19:16,437 - INFO - Epoch 58, Train loss: 0.05218125507235527
2025-11-10 01:19:17,366 - INFO - mIoU: 0.9396; OA: 0.9805; AA: 0.9627; F1: 0.9684; Kappa: 0.9663;
2025-11-10 01:19:17,366 - INFO - spatial_LccAccuracy: 0.8885; spatial_PA: 0.9781; spatial_UA: 0.9915; spatial_F1: 0.9848
2025-11-10 01:19:17,367 - INFO - temporal_CdAccuracy: 0.7243; temporal_PA: 0.9383; temporal_UA: 0.9223; temporal_F1: 0.9302
2025-11-10 01:19:17,367 - INFO - Confusion Matrix
 [78419.	 1304.	    5.	    9.	   29.]
 [  981.	56876.	  120.	   30.	   67.]
 [    4.	  229.	 2238.	    0.	    0.]
 [   14.	   53.	    0.	 1540.	    0.]
 [    0.	  152.	    0.	    0.	11350.]
2025-11-10 01:19:17,408 - INFO - Epoch 58 saved.
2025-11-10 01:19:17,409 - INFO - model saved 44 times, last saved epoch: 58.

2025-11-10 01:19:20,590 - INFO - Epoch 59, Train loss: 0.050777290016412735
2025-11-10 01:19:21,530 - INFO - mIoU: 0.9312; OA: 0.9794; AA: 0.9738; F1: 0.9637; Kappa: 0.9645;
2025-11-10 01:19:21,530 - INFO - spatial_LccAccuracy: 0.8831; spatial_PA: 0.9744; spatial_UA: 0.9905; spatial_F1: 0.9824
2025-11-10 01:19:21,531 - INFO - temporal_CdAccuracy: 0.7262; temporal_PA: 0.9454; temporal_UA: 0.9216; temporal_F1: 0.9334
2025-11-10 01:19:21,531 - INFO - Confusion Matrix
 [78921.	  796.	    2.	   13.	   34.]
 [ 1511.	56003.	  286.	   94.	  180.]
 [    5.	  144.	 2322.	    0.	    0.]
 [   18.	   12.	    0.	 1577.	    0.]
 [    0.	   66.	    0.	    0.	11436.]
2025-11-10 01:19:21,533 - INFO - model saved 44 times, last saved epoch: 58.

2025-11-10 01:19:24,738 - INFO - Epoch 60, Train loss: 0.0476749911904335
2025-11-10 01:19:25,701 - INFO - mIoU: 0.9377; OA: 0.9807; AA: 0.9721; F1: 0.9673; Kappa: 0.9667;
2025-11-10 01:19:25,701 - INFO - spatial_LccAccuracy: 0.8913; spatial_PA: 0.9777; spatial_UA: 0.9931; spatial_F1: 0.9854
2025-11-10 01:19:25,701 - INFO - temporal_CdAccuracy: 0.7337; temporal_PA: 0.9439; temporal_UA: 0.9277; temporal_F1: 0.9358
2025-11-10 01:19:25,702 - INFO - Confusion Matrix
 [78857.	  866.	    4.	   15.	   24.]
 [ 1347.	56348.	  211.	   74.	   94.]
 [    4.	  166.	 2301.	    0.	    0.]
 [   11.	   18.	    0.	 1578.	    0.]
 [    0.	  130.	    0.	    0.	11372.]
2025-11-10 01:19:25,703 - INFO - model saved 44 times, last saved epoch: 58.

2025-11-10 01:19:28,929 - INFO - Epoch 61, Train loss: 0.04823813959956169
2025-11-10 01:19:29,885 - INFO - mIoU: 0.9358; OA: 0.9806; AA: 0.9581; F1: 0.9663; Kappa: 0.9665;
2025-11-10 01:19:29,885 - INFO - spatial_LccAccuracy: 0.8944; spatial_PA: 0.9747; spatial_UA: 0.9914; spatial_F1: 0.983
2025-11-10 01:19:29,886 - INFO - temporal_CdAccuracy: 0.736; temporal_PA: 0.9428; temporal_UA: 0.9254; temporal_F1: 0.934
2025-11-10 01:19:29,886 - INFO - Confusion Matrix
 [78622.	 1118.	    5.	   13.	    8.]
 [ 1128.	56742.	  153.	    8.	   43.]
 [    3.	  202.	 2266.	    0.	    0.]
 [   10.	  109.	    0.	 1488.	    0.]
 [    8.	  169.	    0.	    0.	11325.]
2025-11-10 01:19:29,887 - INFO - model saved 44 times, last saved epoch: 58.

2025-11-10 01:19:33,064 - INFO - Epoch 62, Train loss: 0.048135753720998764
2025-11-10 01:19:34,005 - INFO - mIoU: 0.9414; OA: 0.9813; AA: 0.963; F1: 0.9693; Kappa: 0.9677;
2025-11-10 01:19:34,006 - INFO - spatial_LccAccuracy: 0.9022; spatial_PA: 0.9779; spatial_UA: 0.9905; spatial_F1: 0.9842
2025-11-10 01:19:34,006 - INFO - temporal_CdAccuracy: 0.7337; temporal_PA: 0.9516; temporal_UA: 0.9299; temporal_F1: 0.9406
2025-11-10 01:19:34,007 - INFO - Confusion Matrix
 [79092.	  656.	    2.	   13.	    3.]
 [ 1544.	56299.	  117.	   25.	   89.]
 [    5.	  237.	 2229.	    0.	    0.]
 [   16.	   44.	    0.	 1547.	    0.]
 [    6.	  117.	    0.	    0.	11379.]
2025-11-10 01:19:34,313 - INFO - Epoch 62 saved.
2025-11-10 01:19:34,314 - INFO - model saved 45 times, last saved epoch: 62.

2025-11-10 01:19:37,565 - INFO - Epoch 63, Train loss: 0.04910603538155556
2025-11-10 01:19:38,520 - INFO - mIoU: 0.9402; OA: 0.9816; AA: 0.962; F1: 0.9687; Kappa: 0.9683;
2025-11-10 01:19:38,520 - INFO - spatial_LccAccuracy: 0.8979; spatial_PA: 0.9728; spatial_UA: 0.991; spatial_F1: 0.9818
2025-11-10 01:19:38,520 - INFO - temporal_CdAccuracy: 0.7384; temporal_PA: 0.9481; temporal_UA: 0.9319; temporal_F1: 0.9399
2025-11-10 01:19:38,521 - INFO - Confusion Matrix
 [78884.	  838.	    4.	   12.	   28.]
 [ 1265.	56580.	  105.	   30.	   94.]
 [    3.	  250.	 2218.	    0.	    0.]
 [   12.	   52.	    0.	 1543.	    0.]
 [    0.	  125.	    0.	    0.	11377.]
2025-11-10 01:19:38,522 - INFO - model saved 45 times, last saved epoch: 62.

2025-11-10 01:19:41,697 - INFO - Epoch 64, Train loss: 0.04595940187573433
2025-11-10 01:19:42,624 - INFO - mIoU: 0.9383; OA: 0.9812; AA: 0.9738; F1: 0.9675; Kappa: 0.9676;
2025-11-10 01:19:42,625 - INFO - spatial_LccAccuracy: 0.8991; spatial_PA: 0.9836; spatial_UA: 0.993; spatial_F1: 0.9883
2025-11-10 01:19:42,625 - INFO - temporal_CdAccuracy: 0.7356; temporal_PA: 0.9512; temporal_UA: 0.9335; temporal_F1: 0.9422
2025-11-10 01:19:42,626 - INFO - Confusion Matrix
 [78854.	  882.	    5.	   10.	   15.]
 [ 1245.	56404.	  277.	   54.	   94.]
 [    7.	  143.	 2321.	    0.	    0.]
 [   13.	   19.	    0.	 1575.	    0.]
 [    0.	  117.	    0.	    0.	11385.]
2025-11-10 01:19:42,627 - INFO - model saved 45 times, last saved epoch: 62.

2025-11-10 01:19:45,869 - INFO - Epoch 65, Train loss: 0.04569832980632782
2025-11-10 01:19:46,848 - INFO - mIoU: 0.9034; OA: 0.976; AA: 0.9718; F1: 0.9475; Kappa: 0.9587;
2025-11-10 01:19:46,848 - INFO - spatial_LccAccuracy: 0.8737; spatial_PA: 0.9654; spatial_UA: 0.9854; spatial_F1: 0.9753
2025-11-10 01:19:46,849 - INFO - temporal_CdAccuracy: 0.7102; temporal_PA: 0.9384; temporal_UA: 0.9133; temporal_F1: 0.9257
2025-11-10 01:19:46,849 - INFO - Confusion Matrix
 [79163.	  484.	    2.	   84.	   33.]
 [ 2082.	55254.	  156.	  393.	  189.]
 [    7.	  186.	 2276.	    2.	    0.]
 [    1.	    0.	    0.	 1606.	    0.]
 [    0.	   58.	    0.	    3.	11441.]
2025-11-10 01:19:46,850 - INFO - model saved 45 times, last saved epoch: 62.

2025-11-10 01:19:50,018 - INFO - Epoch 66, Train loss: 0.046981893479824066
2025-11-10 01:19:50,939 - INFO - mIoU: 0.9427; OA: 0.9824; AA: 0.9724; F1: 0.97; Kappa: 0.9697;
2025-11-10 01:19:50,939 - INFO - spatial_LccAccuracy: 0.9007; spatial_PA: 0.9765; spatial_UA: 0.9919; spatial_F1: 0.9842
2025-11-10 01:19:50,940 - INFO - temporal_CdAccuracy: 0.7391; temporal_PA: 0.9512; temporal_UA: 0.9323; temporal_F1: 0.9416
2025-11-10 01:19:50,940 - INFO - Confusion Matrix
 [78952.	  784.	    2.	   12.	   16.]
 [ 1225.	56502.	  144.	   78.	  125.]
 [    5.	  189.	 2277.	    0.	    0.]
 [   11.	   12.	    0.	 1584.	    0.]
 [    0.	   92.	    0.	    0.	11410.]
2025-11-10 01:19:50,981 - INFO - Epoch 66 saved.
2025-11-10 01:19:50,981 - INFO - model saved 46 times, last saved epoch: 66.

2025-11-10 01:19:54,247 - INFO - Epoch 67, Train loss: 0.0460750050842762
2025-11-10 01:19:55,211 - INFO - mIoU: 0.9411; OA: 0.9816; AA: 0.9757; F1: 0.9692; Kappa: 0.9683;
2025-11-10 01:19:55,211 - INFO - spatial_LccAccuracy: 0.9046; spatial_PA: 0.9754; spatial_UA: 0.9907; spatial_F1: 0.983
2025-11-10 01:19:55,211 - INFO - temporal_CdAccuracy: 0.7431; temporal_PA: 0.9504; temporal_UA: 0.9347; temporal_F1: 0.9425
2025-11-10 01:19:55,212 - INFO - Confusion Matrix
 [78973.	  743.	    2.	   19.	   29.]
 [ 1351.	56311.	  203.	   75.	  134.]
 [    5.	  151.	 2315.	    0.	    0.]
 [    6.	   10.	    0.	 1591.	    0.]
 [    0.	   92.	    0.	    0.	11410.]
2025-11-10 01:19:55,213 - INFO - model saved 46 times, last saved epoch: 66.

2025-11-10 01:19:58,405 - INFO - Epoch 68, Train loss: 0.04411691799759865
2025-11-10 01:19:59,341 - INFO - mIoU: 0.9394; OA: 0.98; AA: 0.9716; F1: 0.9683; Kappa: 0.9657;
2025-11-10 01:19:59,341 - INFO - spatial_LccAccuracy: 0.8932; spatial_PA: 0.9815; spatial_UA: 0.9915; spatial_F1: 0.9865
2025-11-10 01:19:59,341 - INFO - temporal_CdAccuracy: 0.7231; temporal_PA: 0.9412; temporal_UA: 0.9219; temporal_F1: 0.9314
2025-11-10 01:19:59,341 - INFO - Confusion Matrix
 [78173.	 1499.	    4.	   21.	   69.]
 [  793.	56933.	  174.	   53.	  121.]
 [    6.	  172.	 2293.	    0.	    0.]
 [    9.	   23.	    0.	 1575.	    0.]
 [    0.	  118.	    0.	    0.	11384.]
2025-11-10 01:19:59,342 - INFO - model saved 46 times, last saved epoch: 66.

2025-11-10 01:20:02,566 - INFO - Epoch 69, Train loss: 0.043447352945804596
2025-11-10 01:20:03,529 - INFO - mIoU: 0.9408; OA: 0.9818; AA: 0.963; F1: 0.969; Kappa: 0.9686;
2025-11-10 01:20:03,530 - INFO - spatial_LccAccuracy: 0.9022; spatial_PA: 0.9742; spatial_UA: 0.9895; spatial_F1: 0.9818
2025-11-10 01:20:03,530 - INFO - temporal_CdAccuracy: 0.7407; temporal_PA: 0.9567; temporal_UA: 0.9293; temporal_F1: 0.9428
2025-11-10 01:20:03,531 - INFO - Confusion Matrix
 [78985.	  768.	    1.	    6.	    6.]
 [ 1331.	56498.	  175.	    7.	   63.]
 [    6.	  172.	 2293.	    0.	    0.]
 [   34.	   66.	    0.	 1507.	    0.]
 [   15.	  144.	    0.	    0.	11343.]
2025-11-10 01:20:03,532 - INFO - model saved 46 times, last saved epoch: 66.

2025-11-10 01:20:06,818 - INFO - Epoch 70, Train loss: 0.04132108762860298
2025-11-10 01:20:07,752 - INFO - mIoU: 0.9335; OA: 0.9818; AA: 0.9749; F1: 0.965; Kappa: 0.9687;
2025-11-10 01:20:07,753 - INFO - spatial_LccAccuracy: 0.8956; spatial_PA: 0.9683; spatial_UA: 0.9897; spatial_F1: 0.9789
2025-11-10 01:20:07,753 - INFO - temporal_CdAccuracy: 0.7376; temporal_PA: 0.9528; temporal_UA: 0.9286; temporal_F1: 0.9405
2025-11-10 01:20:07,754 - INFO - Confusion Matrix
 [78923.	  731.	    5.	   83.	   24.]
 [ 1270.	56396.	  152.	  107.	  149.]
 [    4.	  180.	 2287.	    0.	    0.]
 [    1.	    8.	    0.	 1598.	    0.]
 [    0.	   71.	    0.	    0.	11431.]
2025-11-10 01:20:07,755 - INFO - model saved 46 times, last saved epoch: 66.

2025-11-10 01:20:11,003 - INFO - Epoch 71, Train loss: 0.04185910522937775
2025-11-10 01:20:11,958 - INFO - mIoU: 0.9476; OA: 0.9822; AA: 0.9712; F1: 0.9728; Kappa: 0.9693;
2025-11-10 01:20:11,959 - INFO - spatial_LccAccuracy: 0.9034; spatial_PA: 0.9763; spatial_UA: 0.991; spatial_F1: 0.9836
2025-11-10 01:20:11,959 - INFO - temporal_CdAccuracy: 0.7431; temporal_PA: 0.9488; temporal_UA: 0.9342; temporal_F1: 0.9414
2025-11-10 01:20:11,960 - INFO - Confusion Matrix
 [79126.	  627.	    2.	   11.	    0.]
 [ 1464.	56373.	  159.	   26.	   52.]
 [    6.	  142.	 2323.	    0.	    0.]
 [   14.	   35.	    0.	 1558.	    0.]
 [   50.	  139.	    0.	    0.	11313.]
2025-11-10 01:20:12,000 - INFO - Epoch 71 saved.
2025-11-10 01:20:12,001 - INFO - model saved 47 times, last saved epoch: 71.

2025-11-10 01:20:15,195 - INFO - Epoch 72, Train loss: 0.041129663586616516
2025-11-10 01:20:16,158 - INFO - mIoU: 0.9455; OA: 0.982; AA: 0.9712; F1: 0.9716; Kappa: 0.9691;
2025-11-10 01:20:16,158 - INFO - spatial_LccAccuracy: 0.905; spatial_PA: 0.9763; spatial_UA: 0.991; spatial_F1: 0.9836
2025-11-10 01:20:16,158 - INFO - temporal_CdAccuracy: 0.7356; temporal_PA: 0.9562; temporal_UA: 0.9329; temporal_F1: 0.9444
2025-11-10 01:20:16,159 - INFO - Confusion Matrix
 [78931.	  728.	    2.	   15.	   90.]
 [ 1297.	56442.	  131.	   30.	  174.]
 [    5.	  189.	 2277.	    0.	    0.]
 [    8.	   27.	    0.	 1572.	    0.]
 [    0.	   59.	    0.	    0.	11443.]
2025-11-10 01:20:16,160 - INFO - model saved 47 times, last saved epoch: 71.

2025-11-10 01:20:19,316 - INFO - Epoch 73, Train loss: 0.04091674089431763
2025-11-10 01:20:20,272 - INFO - mIoU: 0.9346; OA: 0.9812; AA: 0.9752; F1: 0.9657; Kappa: 0.9675;
2025-11-10 01:20:20,272 - INFO - spatial_LccAccuracy: 0.8936; spatial_PA: 0.9683; spatial_UA: 0.9897; spatial_F1: 0.9789
2025-11-10 01:20:20,272 - INFO - temporal_CdAccuracy: 0.7352; temporal_PA: 0.9552; temporal_UA: 0.9331; temporal_F1: 0.944
2025-11-10 01:20:20,273 - INFO - Confusion Matrix
 [79051.	  605.	    3.	   74.	   33.]
 [ 1505.	56182.	  192.	   85.	  110.]
 [    5.	  154.	 2312.	    0.	    0.]
 [    4.	   10.	    0.	 1593.	    0.]
 [    0.	  109.	    0.	    0.	11393.]
2025-11-10 01:20:20,274 - INFO - model saved 47 times, last saved epoch: 71.

2025-11-10 01:20:23,550 - INFO - Epoch 74, Train loss: 0.040864698588848114
2025-11-10 01:20:24,494 - INFO - mIoU: 0.9444; OA: 0.9825; AA: 0.9577; F1: 0.9709; Kappa: 0.9698;
2025-11-10 01:20:24,494 - INFO - spatial_LccAccuracy: 0.9089; spatial_PA: 0.9795; spatial_UA: 0.9901; spatial_F1: 0.9847
2025-11-10 01:20:24,494 - INFO - temporal_CdAccuracy: 0.7478; temporal_PA: 0.9497; temporal_UA: 0.9404; temporal_F1: 0.945
2025-11-10 01:20:24,495 - INFO - Confusion Matrix
 [78975.	  781.	    1.	    9.	    0.]
 [ 1235.	56756.	   26.	   19.	   38.]
 [    6.	  310.	 2155.	    0.	    0.]
 [   23.	   31.	    0.	 1553.	    0.]
 [   19.	  181.	    0.	    0.	11302.]
2025-11-10 01:20:24,496 - INFO - model saved 47 times, last saved epoch: 71.

2025-11-10 01:20:27,794 - INFO - Epoch 75, Train loss: 0.03841336816549301
2025-11-10 01:20:28,777 - INFO - mIoU: 0.9441; OA: 0.9824; AA: 0.9645; F1: 0.9709; Kappa: 0.9697;
2025-11-10 01:20:28,777 - INFO - spatial_LccAccuracy: 0.9065; spatial_PA: 0.973; spatial_UA: 0.9883; spatial_F1: 0.9806
2025-11-10 01:20:28,777 - INFO - temporal_CdAccuracy: 0.7395; temporal_PA: 0.949; temporal_UA: 0.9372; temporal_F1: 0.9431
2025-11-10 01:20:28,778 - INFO - Confusion Matrix
 [78689.	 1034.	    5.	   18.	   20.]
 [ 1006.	56851.	  115.	    6.	   96.]
 [    4.	  196.	 2271.	    0.	    0.]
 [   11.	   73.	    0.	 1523.	    0.]
 [    0.	  111.	    0.	    0.	11391.]
2025-11-10 01:20:28,779 - INFO - model saved 47 times, last saved epoch: 71.

2025-11-10 01:20:32,082 - INFO - Epoch 76, Train loss: 0.038094259798526764
2025-11-10 01:20:33,072 - INFO - mIoU: 0.9448; OA: 0.9826; AA: 0.9743; F1: 0.9712; Kappa: 0.9699;
2025-11-10 01:20:33,072 - INFO - spatial_LccAccuracy: 0.9108; spatial_PA: 0.9722; spatial_UA: 0.9917; spatial_F1: 0.9818
2025-11-10 01:20:33,073 - INFO - temporal_CdAccuracy: 0.7493; temporal_PA: 0.9524; temporal_UA: 0.938; temporal_F1: 0.9452
2025-11-10 01:20:33,073 - INFO - Confusion Matrix
 [78867.	  838.	    4.	   35.	   22.]
 [ 1169.	56593.	  187.	   29.	   96.]
 [    4.	  149.	 2318.	    0.	    0.]
 [    4.	   28.	    0.	 1575.	    0.]
 [    0.	  112.	    0.	    0.	11390.]
2025-11-10 01:20:33,074 - INFO - model saved 47 times, last saved epoch: 71.

2025-11-10 01:20:36,252 - INFO - Epoch 77, Train loss: 0.038092344999313354
2025-11-10 01:20:37,213 - INFO - mIoU: 0.9402; OA: 0.9824; AA: 0.9779; F1: 0.9687; Kappa: 0.9696;
2025-11-10 01:20:37,213 - INFO - spatial_LccAccuracy: 0.9069; spatial_PA: 0.9777; spatial_UA: 0.9931; spatial_F1: 0.9854
2025-11-10 01:20:37,213 - INFO - temporal_CdAccuracy: 0.7521; temporal_PA: 0.9535; temporal_UA: 0.9414; temporal_F1: 0.9474
2025-11-10 01:20:37,214 - INFO - Confusion Matrix
 [78933.	  797.	    2.	   18.	   16.]
 [ 1200.	56431.	  164.	  130.	  149.]
 [    3.	  153.	 2315.	    0.	    0.]
 [    4.	    0.	    0.	 1603.	    0.]
 [    0.	   70.	    0.	    0.	11432.]
2025-11-10 01:20:37,215 - INFO - model saved 47 times, last saved epoch: 71.

2025-11-10 01:20:40,393 - INFO - Epoch 78, Train loss: 0.035884782671928406
2025-11-10 01:20:41,347 - INFO - mIoU: 0.941; OA: 0.981; AA: 0.9596; F1: 0.9691; Kappa: 0.9673;
2025-11-10 01:20:41,347 - INFO - spatial_LccAccuracy: 0.8889; spatial_PA: 0.9804; spatial_UA: 0.9903; spatial_F1: 0.9853
2025-11-10 01:20:41,347 - INFO - temporal_CdAccuracy: 0.729; temporal_PA: 0.9475; temporal_UA: 0.9263; temporal_F1: 0.9367
2025-11-10 01:20:41,348 - INFO - Confusion Matrix
 [78156.	 1572.	    2.	    8.	   28.]
 [  650.	57195.	   85.	    5.	  139.]
 [    3.	  268.	 2200.	    0.	    0.]
 [   17.	   64.	    0.	 1526.	    0.]
 [    0.	   77.	    0.	    0.	11425.]
2025-11-10 01:20:41,349 - INFO - model saved 47 times, last saved epoch: 71.

2025-11-10 01:20:44,567 - INFO - Epoch 79, Train loss: 0.039244432002305984
2025-11-10 01:20:45,573 - INFO - mIoU: 0.9465; OA: 0.9819; AA: 0.9703; F1: 0.9721; Kappa: 0.9688;
2025-11-10 01:20:45,573 - INFO - spatial_LccAccuracy: 0.9081; spatial_PA: 0.9786; spatial_UA: 0.9934; spatial_F1: 0.9859
2025-11-10 01:20:45,574 - INFO - temporal_CdAccuracy: 0.7399; temporal_PA: 0.9526; temporal_UA: 0.933; temporal_F1: 0.9427
2025-11-10 01:20:45,574 - INFO - Confusion Matrix
 [79208.	  519.	    4.	   12.	   23.]
 [ 1632.	56170.	  114.	   42.	  116.]
 [    4.	  199.	 2268.	    0.	    0.]
 [    4.	   27.	    0.	 1576.	    0.]
 [    0.	   81.	    0.	    0.	11421.]
2025-11-10 01:20:45,575 - INFO - model saved 47 times, last saved epoch: 71.

2025-11-10 01:20:48,826 - INFO - Epoch 80, Train loss: 0.03520505875349045
2025-11-10 01:20:49,822 - INFO - mIoU: 0.9469; OA: 0.9827; AA: 0.9716; F1: 0.9723; Kappa: 0.9702;
2025-11-10 01:20:49,822 - INFO - spatial_LccAccuracy: 0.9155; spatial_PA: 0.9809; spatial_UA: 0.9922; spatial_F1: 0.9865
2025-11-10 01:20:49,823 - INFO - temporal_CdAccuracy: 0.754; temporal_PA: 0.9495; temporal_UA: 0.945; temporal_F1: 0.9473
2025-11-10 01:20:49,824 - INFO - Confusion Matrix
 [78876.	  859.	    2.	   18.	   11.]
 [ 1161.	56676.	  139.	   38.	   60.]
 [    4.	  185.	 2282.	    0.	    0.]
 [    5.	   23.	    0.	 1579.	    0.]
 [    0.	  148.	    0.	    0.	11354.]
2025-11-10 01:20:49,825 - INFO - model saved 47 times, last saved epoch: 71.

2025-11-10 01:20:53,051 - INFO - Epoch 81, Train loss: 0.035562898963689804
2025-11-10 01:20:54,023 - INFO - mIoU: 0.9395; OA: 0.982; AA: 0.9774; F1: 0.9684; Kappa: 0.9689;
2025-11-10 01:20:54,023 - INFO - spatial_LccAccuracy: 0.9022; spatial_PA: 0.9742; spatial_UA: 0.9895; spatial_F1: 0.9818
2025-11-10 01:20:54,023 - INFO - temporal_CdAccuracy: 0.7419; temporal_PA: 0.9548; temporal_UA: 0.9347; temporal_F1: 0.9446
2025-11-10 01:20:54,024 - INFO - Confusion Matrix
 [79200.	  521.	    2.	   26.	   17.]
 [ 1536.	56100.	  181.	  115.	  142.]
 [    4.	  151.	 2316.	    0.	    0.]
 [    3.	    2.	    0.	 1602.	    0.]
 [    0.	   68.	    0.	    0.	11434.]
2025-11-10 01:20:54,025 - INFO - model saved 47 times, last saved epoch: 71.

2025-11-10 01:20:57,209 - INFO - Epoch 82, Train loss: 0.03557731211185455
2025-11-10 01:20:58,177 - INFO - mIoU: 0.9476; OA: 0.9834; AA: 0.9771; F1: 0.9727; Kappa: 0.9714;
2025-11-10 01:20:58,177 - INFO - spatial_LccAccuracy: 0.9065; spatial_PA: 0.9754; spatial_UA: 0.9907; spatial_F1: 0.983
2025-11-10 01:20:58,177 - INFO - temporal_CdAccuracy: 0.7485; temporal_PA: 0.9575; temporal_UA: 0.9403; temporal_F1: 0.9488
2025-11-10 01:20:58,178 - INFO - Confusion Matrix
 [79153.	  555.	    2.	   11.	   45.]
 [ 1326.	56438.	  179.	   62.	   69.]
 [    4.	  135.	 2332.	    0.	    0.]
 [    8.	    9.	    0.	 1590.	    0.]
 [    0.	  137.	    0.	    0.	11365.]
2025-11-10 01:20:58,219 - INFO - Epoch 82 saved.
2025-11-10 01:20:58,219 - INFO - model saved 48 times, last saved epoch: 82.

2025-11-10 01:21:01,426 - INFO - Epoch 83, Train loss: 0.03766043111681938
2025-11-10 01:21:02,422 - INFO - mIoU: 0.946; OA: 0.9839; AA: 0.9677; F1: 0.9717; Kappa: 0.9722;
2025-11-10 01:21:02,422 - INFO - spatial_LccAccuracy: 0.9179; spatial_PA: 0.9793; spatial_UA: 0.9927; spatial_F1: 0.9859
2025-11-10 01:21:02,422 - INFO - temporal_CdAccuracy: 0.7528; temporal_PA: 0.9551; temporal_UA: 0.9468; temporal_F1: 0.9509
2025-11-10 01:21:02,423 - INFO - Confusion Matrix
 [78898.	  827.	    2.	    7.	   32.]
 [  969.	56858.	   73.	   57.	  117.]
 [    6.	  266.	 2199.	    0.	    0.]
 [    9.	    9.	    0.	 1589.	    0.]
 [    0.	   97.	    0.	    0.	11405.]
2025-11-10 01:21:02,424 - INFO - model saved 48 times, last saved epoch: 82.

2025-11-10 01:21:05,623 - INFO - Epoch 84, Train loss: 0.03375759348273277
2025-11-10 01:21:06,553 - INFO - mIoU: 0.9393; OA: 0.9817; AA: 0.9788; F1: 0.9681; Kappa: 0.9685;
2025-11-10 01:21:06,553 - INFO - spatial_LccAccuracy: 0.9057; spatial_PA: 0.9765; spatial_UA: 0.9919; spatial_F1: 0.9842
2025-11-10 01:21:06,553 - INFO - temporal_CdAccuracy: 0.7462; temporal_PA: 0.958; temporal_UA: 0.9357; temporal_F1: 0.9467
2025-11-10 01:21:06,554 - INFO - Confusion Matrix
 [79232.	  510.	    3.	    6.	   15.]
 [ 1550.	56010.	  274.	   92.	  148.]
 [    4.	  112.	 2355.	    0.	    0.]
 [   16.	    1.	    0.	 1590.	    0.]
 [    0.	   73.	    0.	    0.	11429.]
2025-11-10 01:21:06,555 - INFO - model saved 48 times, last saved epoch: 82.

2025-11-10 01:21:09,872 - INFO - Epoch 85, Train loss: 0.035290297120809555
2025-11-10 01:21:10,782 - INFO - mIoU: 0.9445; OA: 0.9837; AA: 0.9769; F1: 0.9711; Kappa: 0.972;
2025-11-10 01:21:10,783 - INFO - spatial_LccAccuracy: 0.9136; spatial_PA: 0.9827; spatial_UA: 0.9927; spatial_F1: 0.9877
2025-11-10 01:21:10,783 - INFO - temporal_CdAccuracy: 0.7458; temporal_PA: 0.956; temporal_UA: 0.9394; temporal_F1: 0.9477
2025-11-10 01:21:10,784 - INFO - Confusion Matrix
 [79223.	  514.	    2.	   21.	    6.]
 [ 1346.	56367.	  134.	  107.	  120.]
 [    4.	  162.	 2305.	    0.	    0.]
 [    8.	    2.	    0.	 1597.	    0.]
 [    0.	   69.	    0.	    0.	11433.]
2025-11-10 01:21:10,785 - INFO - model saved 48 times, last saved epoch: 82.

2025-11-10 01:21:14,000 - INFO - Epoch 86, Train loss: 0.03281469643115997
2025-11-10 01:21:14,958 - INFO - mIoU: 0.947; OA: 0.9829; AA: 0.9707; F1: 0.9724; Kappa: 0.9706;
2025-11-10 01:21:14,958 - INFO - spatial_LccAccuracy: 0.9132; spatial_PA: 0.9786; spatial_UA: 0.9934; spatial_F1: 0.9859
2025-11-10 01:21:14,958 - INFO - temporal_CdAccuracy: 0.7532; temporal_PA: 0.9494; temporal_UA: 0.9405; temporal_F1: 0.9449
2025-11-10 01:21:14,959 - INFO - Confusion Matrix
 [78730.	  963.	    5.	   53.	   15.]
 [ 1049.	56850.	   86.	   23.	   66.]
 [    4.	  210.	 2257.	    0.	    0.]
 [    1.	   23.	    0.	 1583.	    0.]
 [    0.	  123.	    0.	    0.	11379.]
2025-11-10 01:21:14,960 - INFO - model saved 48 times, last saved epoch: 82.

2025-11-10 01:21:18,173 - INFO - Epoch 87, Train loss: 0.034148216247558594
2025-11-10 01:21:19,173 - INFO - mIoU: 0.9476; OA: 0.9833; AA: 0.964; F1: 0.9726; Kappa: 0.9712;
2025-11-10 01:21:19,174 - INFO - spatial_LccAccuracy: 0.9179; spatial_PA: 0.9834; spatial_UA: 0.992; spatial_F1: 0.9877
2025-11-10 01:21:19,174 - INFO - temporal_CdAccuracy: 0.7528; temporal_PA: 0.9561; temporal_UA: 0.9446; temporal_F1: 0.9503
2025-11-10 01:21:19,175 - INFO - Confusion Matrix
 [78598.	 1139.	    2.	   12.	   15.]
 [  804.	57154.	   71.	   16.	   29.]
 [    4.	  274.	 2193.	    0.	    0.]
 [    5.	   32.	    0.	 1570.	    0.]
 [    0.	  158.	    0.	    0.	11344.]
2025-11-10 01:21:19,176 - INFO - model saved 48 times, last saved epoch: 82.

2025-11-10 01:21:22,363 - INFO - Epoch 88, Train loss: 0.03239888697862625
2025-11-10 01:21:23,300 - INFO - mIoU: 0.9512; OA: 0.9844; AA: 0.9746; F1: 0.9746; Kappa: 0.973;
2025-11-10 01:21:23,301 - INFO - spatial_LccAccuracy: 0.9179; spatial_PA: 0.983; spatial_UA: 0.9937; spatial_F1: 0.9883
2025-11-10 01:21:23,301 - INFO - temporal_CdAccuracy: 0.756; temporal_PA: 0.9571; temporal_UA: 0.9455; temporal_F1: 0.9513
2025-11-10 01:21:23,302 - INFO - Confusion Matrix
 [79147.	  588.	    2.	   10.	   19.]
 [ 1202.	56624.	  179.	   18.	   51.]
 [    4.	  149.	 2318.	    0.	    0.]
 [    7.	   25.	    0.	 1575.	    0.]
 [    0.	  145.	    0.	    0.	11357.]
2025-11-10 01:21:23,343 - INFO - Epoch 88 saved.
2025-11-10 01:21:23,344 - INFO - model saved 49 times, last saved epoch: 88.

2025-11-10 01:21:26,584 - INFO - Epoch 89, Train loss: 0.03166782855987549
2025-11-10 01:21:27,492 - INFO - mIoU: 0.9496; OA: 0.9843; AA: 0.9774; F1: 0.9738; Kappa: 0.973;
2025-11-10 01:21:27,492 - INFO - spatial_LccAccuracy: 0.9179; spatial_PA: 0.9827; spatial_UA: 0.9927; spatial_F1: 0.9877
2025-11-10 01:21:27,493 - INFO - temporal_CdAccuracy: 0.7552; temporal_PA: 0.958; temporal_UA: 0.9433; temporal_F1: 0.9506
2025-11-10 01:21:27,494 - INFO - Confusion Matrix
 [78833.	  876.	    4.	   21.	   32.]
 [  900.	56879.	  155.	   50.	   90.]
 [    4.	  145.	 2322.	    0.	    0.]
 [    7.	   10.	    0.	 1590.	    0.]
 [    0.	  113.	    0.	    0.	11389.]
2025-11-10 01:21:27,495 - INFO - model saved 49 times, last saved epoch: 88.

2025-11-10 01:21:30,784 - INFO - Epoch 90, Train loss: 0.029692217707633972
2025-11-10 01:21:31,757 - INFO - mIoU: 0.9502; OA: 0.9842; AA: 0.9694; F1: 0.9741; Kappa: 0.9728;
2025-11-10 01:21:31,757 - INFO - spatial_LccAccuracy: 0.9194; spatial_PA: 0.9841; spatial_UA: 0.9949; spatial_F1: 0.9895
2025-11-10 01:21:31,757 - INFO - temporal_CdAccuracy: 0.7552; temporal_PA: 0.9553; temporal_UA: 0.945; temporal_F1: 0.9502
2025-11-10 01:21:31,758 - INFO - Confusion Matrix
 [79061.	  687.	    1.	    5.	   12.]
 [ 1127.	56722.	  144.	    5.	   76.]
 [    4.	  159.	 2308.	    0.	    0.]
 [   17.	   53.	    0.	 1537.	    0.]
 [    0.	  129.	    0.	    0.	11373.]
2025-11-10 01:21:31,759 - INFO - model saved 49 times, last saved epoch: 88.

2025-11-10 01:21:34,932 - INFO - Epoch 91, Train loss: 0.031203359365463257
2025-11-10 01:21:35,884 - INFO - mIoU: 0.9441; OA: 0.9841; AA: 0.9589; F1: 0.9708; Kappa: 0.9726;
2025-11-10 01:21:35,885 - INFO - spatial_LccAccuracy: 0.9179; spatial_PA: 0.983; spatial_UA: 0.9937; spatial_F1: 0.9883
2025-11-10 01:21:35,885 - INFO - temporal_CdAccuracy: 0.7544; temporal_PA: 0.9575; temporal_UA: 0.943; temporal_F1: 0.9502
2025-11-10 01:21:35,886 - INFO - Confusion Matrix
 [78934.	  804.	    2.	    1.	   25.]
 [  974.	56937.	   80.	    5.	   78.]
 [    6.	  235.	 2230.	    0.	    0.]
 [   50.	   58.	    0.	 1499.	    0.]
 [    0.	  121.	    0.	    0.	11381.]
2025-11-10 01:21:35,887 - INFO - model saved 49 times, last saved epoch: 88.

2025-11-10 01:21:39,064 - INFO - Epoch 92, Train loss: 0.030084099620580673
2025-11-10 01:21:40,107 - INFO - mIoU: 0.9499; OA: 0.9838; AA: 0.9792; F1: 0.9739; Kappa: 0.9721;
2025-11-10 01:21:40,107 - INFO - spatial_LccAccuracy: 0.9159; spatial_PA: 0.985; spatial_UA: 0.9951; spatial_F1: 0.9901
2025-11-10 01:21:40,107 - INFO - temporal_CdAccuracy: 0.7474; temporal_PA: 0.9605; temporal_UA: 0.9369; temporal_F1: 0.9486
2025-11-10 01:21:40,108 - INFO - Confusion Matrix
 [78723.	 1016.	    1.	   13.	   13.]
 [  853.	56832.	  169.	   55.	  165.]
 [    4.	  140.	 2327.	    0.	    0.]
 [    4.	    8.	    0.	 1595.	    0.]
 [    0.	   45.	    0.	    0.	11457.]
2025-11-10 01:21:40,109 - INFO - model saved 49 times, last saved epoch: 88.

2025-11-10 01:21:43,289 - INFO - Epoch 93, Train loss: 0.029038742184638977
2025-11-10 01:21:44,284 - INFO - mIoU: 0.9514; OA: 0.9841; AA: 0.9738; F1: 0.9747; Kappa: 0.9726;
2025-11-10 01:21:44,285 - INFO - spatial_LccAccuracy: 0.9183; spatial_PA: 0.985; spatial_UA: 0.9951; spatial_F1: 0.9901
2025-11-10 01:21:44,285 - INFO - temporal_CdAccuracy: 0.7521; temporal_PA: 0.9553; temporal_UA: 0.9436; temporal_F1: 0.9494
2025-11-10 01:21:44,286 - INFO - Confusion Matrix
 [78747.	 1007.	    2.	    6.	    4.]
 [  841.	56981.	  161.	   20.	   71.]
 [    4.	  165.	 2302.	    0.	    0.]
 [    7.	   25.	    0.	 1575.	    0.]
 [    0.	  127.	    0.	    0.	11375.]
2025-11-10 01:21:44,326 - INFO - Epoch 93 saved.
2025-11-10 01:21:44,326 - INFO - model saved 50 times, last saved epoch: 93.

2025-11-10 01:21:47,554 - INFO - Epoch 94, Train loss: 0.02958955429494381
2025-11-10 01:21:48,502 - INFO - mIoU: 0.9536; OA: 0.9841; AA: 0.9751; F1: 0.9759; Kappa: 0.9727;
2025-11-10 01:21:48,502 - INFO - spatial_LccAccuracy: 0.9226; spatial_PA: 0.9839; spatial_UA: 0.9939; spatial_F1: 0.9889
2025-11-10 01:21:48,503 - INFO - temporal_CdAccuracy: 0.7524; temporal_PA: 0.9556; temporal_UA: 0.942; temporal_F1: 0.9487
2025-11-10 01:21:48,504 - INFO - Confusion Matrix
 [78722.	 1007.	    1.	   12.	   24.]
 [  856.	56968.	  134.	   16.	  100.]
 [    4.	  166.	 2301.	    0.	    0.]
 [    4.	   21.	    0.	 1582.	    0.]
 [    0.	   91.	    0.	    0.	11411.]
2025-11-10 01:21:48,544 - INFO - Epoch 94 saved.
2025-11-10 01:21:48,545 - INFO - model saved 51 times, last saved epoch: 94.

2025-11-10 01:21:51,949 - INFO - Epoch 95, Train loss: 0.02930440567433834
2025-11-10 01:21:52,905 - INFO - mIoU: 0.9517; OA: 0.984; AA: 0.971; F1: 0.9749; Kappa: 0.9724;
2025-11-10 01:21:52,905 - INFO - spatial_LccAccuracy: 0.9128; spatial_PA: 0.9772; spatial_UA: 0.9912; spatial_F1: 0.9842
2025-11-10 01:21:52,905 - INFO - temporal_CdAccuracy: 0.7575; temporal_PA: 0.952; temporal_UA: 0.9418; temporal_F1: 0.9469
2025-11-10 01:21:52,905 - INFO - Confusion Matrix
 [78633.	 1081.	    3.	   10.	   39.]
 [  768.	57111.	  123.	    5.	   67.]
 [    4.	  163.	 2304.	    0.	    0.]
 [    7.	   49.	    0.	 1551.	    0.]
 [    0.	  138.	    0.	    0.	11364.]
2025-11-10 01:21:52,906 - INFO - model saved 51 times, last saved epoch: 94.

2025-11-10 01:21:56,118 - INFO - Epoch 96, Train loss: 0.02907935529947281
2025-11-10 01:21:57,060 - INFO - mIoU: 0.9512; OA: 0.9832; AA: 0.9746; F1: 0.9747; Kappa: 0.9711;
2025-11-10 01:21:57,061 - INFO - spatial_LccAccuracy: 0.919; spatial_PA: 0.9786; spatial_UA: 0.9934; spatial_F1: 0.9859
2025-11-10 01:21:57,061 - INFO - temporal_CdAccuracy: 0.7521; temporal_PA: 0.9569; temporal_UA: 0.9422; temporal_F1: 0.9495
2025-11-10 01:21:57,062 - INFO - Confusion Matrix
 [79045.	  683.	    2.	   19.	   17.]
 [ 1305.	56491.	   98.	   42.	  138.]
 [    4.	  179.	 2288.	    0.	    0.]
 [    7.	   10.	    0.	 1590.	    0.]
 [    0.	   68.	    0.	    0.	11434.]
2025-11-10 01:21:57,063 - INFO - model saved 51 times, last saved epoch: 94.

2025-11-10 01:22:00,236 - INFO - Epoch 97, Train loss: 0.028087947517633438
2025-11-10 01:22:01,154 - INFO - mIoU: 0.9532; OA: 0.9852; AA: 0.9725; F1: 0.9757; Kappa: 0.9744;
2025-11-10 01:22:01,154 - INFO - spatial_LccAccuracy: 0.9249; spatial_PA: 0.9834; spatial_UA: 0.992; spatial_F1: 0.9877
2025-11-10 01:22:01,154 - INFO - temporal_CdAccuracy: 0.7575; temporal_PA: 0.958; temporal_UA: 0.9465; temporal_F1: 0.9522
2025-11-10 01:22:01,155 - INFO - Confusion Matrix
 [79067.	  667.	    2.	    9.	   21.]
 [ 1036.	56813.	   95.	   29.	  101.]
 [    4.	  190.	 2277.	    0.	    0.]
 [   16.	   17.	    0.	 1574.	    0.]
 [    0.	   90.	    0.	    0.	11412.]
2025-11-10 01:22:01,156 - INFO - model saved 51 times, last saved epoch: 94.

2025-11-10 01:22:04,231 - INFO - Epoch 98, Train loss: 0.0264741238206625
2025-11-10 01:22:05,261 - INFO - mIoU: 0.9511; OA: 0.9843; AA: 0.9748; F1: 0.9746; Kappa: 0.9728;
2025-11-10 01:22:05,261 - INFO - spatial_LccAccuracy: 0.921; spatial_PA: 0.9809; spatial_UA: 0.9922; spatial_F1: 0.9865
2025-11-10 01:22:05,261 - INFO - temporal_CdAccuracy: 0.7556; temporal_PA: 0.9608; temporal_UA: 0.9445; temporal_F1: 0.9526
2025-11-10 01:22:05,262 - INFO - Confusion Matrix
 [79126.	  588.	    2.	   10.	   40.]
 [ 1217.	56600.	  129.	   43.	   85.]
 [    7.	  159.	 2305.	    0.	    0.]
 [   12.	   13.	    0.	 1582.	    0.]
 [    0.	  111.	    0.	    0.	11391.]
2025-11-10 01:22:05,263 - INFO - model saved 51 times, last saved epoch: 94.

2025-11-10 01:22:08,458 - INFO - Epoch 99, Train loss: 0.02769206278026104
2025-11-10 01:22:09,366 - INFO - mIoU: 0.9516; OA: 0.9844; AA: 0.9717; F1: 0.9748; Kappa: 0.9731;
2025-11-10 01:22:09,366 - INFO - spatial_LccAccuracy: 0.9194; spatial_PA: 0.9827; spatial_UA: 0.9927; spatial_F1: 0.9877
2025-11-10 01:22:09,366 - INFO - temporal_CdAccuracy: 0.7509; temporal_PA: 0.957; temporal_UA: 0.941; temporal_F1: 0.9489
2025-11-10 01:22:09,367 - INFO - Confusion Matrix
 [79093.	  644.	    2.	    5.	   22.]
 [ 1148.	56689.	  144.	   11.	   82.]
 [    4.	  151.	 2316.	    0.	    0.]
 [   25.	   33.	    0.	 1549.	    0.]
 [    0.	  119.	    0.	    0.	11383.]
2025-11-10 01:22:09,368 - INFO - model saved 51 times, last saved epoch: 94.

2025-11-10 01:22:12,478 - INFO - Epoch 100, Train loss: 0.02689737267792225
2025-11-10 01:22:13,375 - INFO - mIoU: 0.9429; OA: 0.9835; AA: 0.9737; F1: 0.9702; Kappa: 0.9716;
2025-11-10 01:22:13,375 - INFO - spatial_LccAccuracy: 0.9069; spatial_PA: 0.9799; spatial_UA: 0.9885; spatial_F1: 0.9842
2025-11-10 01:22:13,376 - INFO - temporal_CdAccuracy: 0.7544; temporal_PA: 0.9572; temporal_UA: 0.944; temporal_F1: 0.9506
2025-11-10 01:22:13,376 - INFO - Confusion Matrix
 [79035.	  705.	    0.	    8.	   18.]
 [ 1158.	56563.	  102.	  124.	  127.]
 [    4.	  179.	 2288.	    0.	    0.]
 [   24.	    0.	    0.	 1583.	    0.]
 [    0.	   82.	    0.	    0.	11420.]
2025-11-10 01:22:13,377 - INFO - model saved 51 times, last saved epoch: 94.

2025-11-10 01:22:16,498 - INFO - Epoch 101, Train loss: 0.025772839784622192
2025-11-10 01:22:17,398 - INFO - mIoU: 0.9514; OA: 0.9845; AA: 0.9746; F1: 0.9747; Kappa: 0.9733;
2025-11-10 01:22:17,398 - INFO - spatial_LccAccuracy: 0.9241; spatial_PA: 0.9809; spatial_UA: 0.9922; spatial_F1: 0.9865
2025-11-10 01:22:17,398 - INFO - temporal_CdAccuracy: 0.756; temporal_PA: 0.957; temporal_UA: 0.9461; temporal_F1: 0.9515
2025-11-10 01:22:17,399 - INFO - Confusion Matrix
 [79089.	  643.	    7.	    6.	   21.]
 [ 1131.	56651.	  176.	   13.	  103.]
 [    3.	  137.	 2331.	    0.	    0.]
 [   10.	   37.	    0.	 1560.	    0.]
 [    0.	   93.	    0.	    0.	11409.]
2025-11-10 01:22:17,400 - INFO - model saved 51 times, last saved epoch: 94.

2025-11-10 01:22:20,486 - INFO - Epoch 102, Train loss: 0.024487026035785675
2025-11-10 01:22:21,434 - INFO - mIoU: 0.9518; OA: 0.9845; AA: 0.9685; F1: 0.975; Kappa: 0.9733;
2025-11-10 01:22:21,434 - INFO - spatial_LccAccuracy: 0.9206; spatial_PA: 0.9866; spatial_UA: 0.9912; spatial_F1: 0.9889
2025-11-10 01:22:21,434 - INFO - temporal_CdAccuracy: 0.7474; temporal_PA: 0.9564; temporal_UA: 0.9422; temporal_F1: 0.9493
2025-11-10 01:22:21,435 - INFO - Confusion Matrix
 [78902.	  832.	    2.	    7.	   23.]
 [  955.	56943.	  102.	    4.	   70.]
 [    4.	  180.	 2287.	    0.	    0.]
 [   25.	   42.	    0.	 1540.	    0.]
 [    0.	  127.	    0.	    0.	11375.]
2025-11-10 01:22:21,436 - INFO - model saved 51 times, last saved epoch: 94.

2025-11-10 01:22:24,508 - INFO - Epoch 103, Train loss: 0.026136865839362144
2025-11-10 01:22:25,439 - INFO - mIoU: 0.9528; OA: 0.9845; AA: 0.9748; F1: 0.9755; Kappa: 0.9733;
2025-11-10 01:22:25,440 - INFO - spatial_LccAccuracy: 0.9237; spatial_PA: 0.9855; spatial_UA: 0.9935; spatial_F1: 0.9895
2025-11-10 01:22:25,440 - INFO - temporal_CdAccuracy: 0.7509; temporal_PA: 0.9617; temporal_UA: 0.9429; temporal_F1: 0.9522
2025-11-10 01:22:25,441 - INFO - Confusion Matrix
 [79173.	  553.	    5.	   27.	    8.]
 [ 1256.	56612.	  125.	   18.	   63.]
 [    4.	  154.	 2313.	    0.	    0.]
 [    9.	   20.	    0.	 1578.	    0.]
 [    0.	  132.	    0.	    1.	11369.]
2025-11-10 01:22:25,442 - INFO - model saved 51 times, last saved epoch: 94.

2025-11-10 01:22:28,500 - INFO - Epoch 104, Train loss: 0.024650491774082184
2025-11-10 01:22:29,395 - INFO - mIoU: 0.9483; OA: 0.9847; AA: 0.9762; F1: 0.9731; Kappa: 0.9736;
2025-11-10 01:22:29,395 - INFO - spatial_LccAccuracy: 0.9206; spatial_PA: 0.9857; spatial_UA: 0.9944; spatial_F1: 0.99
2025-11-10 01:22:29,395 - INFO - temporal_CdAccuracy: 0.7556; temporal_PA: 0.9631; temporal_UA: 0.946; temporal_F1: 0.9545
2025-11-10 01:22:29,396 - INFO - Confusion Matrix
 [79124.	  619.	    2.	    3.	   18.]
 [ 1105.	56626.	  159.	   70.	  114.]
 [    4.	  138.	 2329.	    0.	    0.]
 [   30.	    5.	    0.	 1572.	    0.]
 [    0.	   80.	    0.	    0.	11422.]
2025-11-10 01:22:29,397 - INFO - model saved 51 times, last saved epoch: 94.

2025-11-10 01:22:32,581 - INFO - Epoch 105, Train loss: 0.02401895821094513
2025-11-10 01:22:33,582 - INFO - mIoU: 0.9483; OA: 0.9849; AA: 0.9703; F1: 0.973; Kappa: 0.9739;
2025-11-10 01:22:33,582 - INFO - spatial_LccAccuracy: 0.923; spatial_PA: 0.9836; spatial_UA: 0.993; spatial_F1: 0.9883
2025-11-10 01:22:33,582 - INFO - temporal_CdAccuracy: 0.7571; temporal_PA: 0.9623; temporal_UA: 0.9477; temporal_F1: 0.955
2025-11-10 01:22:33,583 - INFO - Confusion Matrix
 [78979.	  749.	    2.	    8.	   28.]
 [  920.	56877.	   87.	   51.	  139.]
 [    4.	  239.	 2228.	    0.	    0.]
 [   11.	   11.	    0.	 1585.	    0.]
 [    0.	   71.	    0.	    0.	11431.]
2025-11-10 01:22:33,584 - INFO - model saved 51 times, last saved epoch: 94.

2025-11-10 01:22:36,725 - INFO - Epoch 106, Train loss: 0.024897167459130287
2025-11-10 01:22:37,654 - INFO - mIoU: 0.9486; OA: 0.9837; AA: 0.9772; F1: 0.9732; Kappa: 0.9719;
2025-11-10 01:22:37,655 - INFO - spatial_LccAccuracy: 0.9132; spatial_PA: 0.9864; spatial_UA: 0.9937; spatial_F1: 0.99
2025-11-10 01:22:37,655 - INFO - temporal_CdAccuracy: 0.747; temporal_PA: 0.9595; temporal_UA: 0.9424; temporal_F1: 0.9508
2025-11-10 01:22:37,656 - INFO - Confusion Matrix
 [79006.	  747.	    2.	    4.	    7.]
 [ 1143.	56569.	  203.	   46.	  113.]
 [    4.	  121.	 2346.	    0.	    0.]
 [   29.	    5.	    0.	 1573.	    0.]
 [    0.	   80.	    0.	    0.	11422.]
2025-11-10 01:22:37,657 - INFO - model saved 51 times, last saved epoch: 94.

2025-11-10 01:22:40,720 - INFO - Epoch 107, Train loss: 0.023656539618968964
2025-11-10 01:22:41,621 - INFO - mIoU: 0.946; OA: 0.9823; AA: 0.9779; F1: 0.972; Kappa: 0.9694;
2025-11-10 01:22:41,621 - INFO - spatial_LccAccuracy: 0.9183; spatial_PA: 0.9777; spatial_UA: 0.9931; spatial_F1: 0.9854
2025-11-10 01:22:41,621 - INFO - temporal_CdAccuracy: 0.7548; temporal_PA: 0.9602; temporal_UA: 0.9475; temporal_F1: 0.9538
2025-11-10 01:22:41,622 - INFO - Confusion Matrix
 [79389.	  338.	    3.	   26.	   10.]
 [ 1746.	55931.	  115.	   95.	  187.]
 [    4.	  149.	 2318.	    0.	    0.]
 [    4.	    1.	    0.	 1602.	    0.]
 [    0.	   45.	    0.	    0.	11457.]
2025-11-10 01:22:41,623 - INFO - model saved 51 times, last saved epoch: 94.

2025-11-10 01:22:44,735 - INFO - Epoch 108, Train loss: 0.022986432537436485
2025-11-10 01:22:45,659 - INFO - mIoU: 0.9538; OA: 0.9842; AA: 0.9823; F1: 0.9761; Kappa: 0.9728;
2025-11-10 01:22:45,659 - INFO - spatial_LccAccuracy: 0.919; spatial_PA: 0.9855; spatial_UA: 0.9935; spatial_F1: 0.9895
2025-11-10 01:22:45,659 - INFO - temporal_CdAccuracy: 0.7501; temporal_PA: 0.9624; temporal_UA: 0.9422; temporal_F1: 0.9522
2025-11-10 01:22:45,660 - INFO - Confusion Matrix
 [78804.	  911.	    4.	   24.	   23.]
 [  928.	56784.	  180.	   30.	  152.]
 [    4.	   97.	 2370.	    0.	    0.]
 [    4.	    9.	    0.	 1594.	    0.]
 [    0.	   59.	    0.	    0.	11443.]
2025-11-10 01:22:45,701 - INFO - Epoch 108 saved.
2025-11-10 01:22:45,702 - INFO - model saved 52 times, last saved epoch: 108.

2025-11-10 01:22:48,797 - INFO - Epoch 109, Train loss: 0.02257905900478363
2025-11-10 01:22:49,725 - INFO - mIoU: 0.9504; OA: 0.9852; AA: 0.9656; F1: 0.9741; Kappa: 0.9745;
2025-11-10 01:22:49,725 - INFO - spatial_LccAccuracy: 0.9237; spatial_PA: 0.9839; spatial_UA: 0.9939; spatial_F1: 0.9889
2025-11-10 01:22:49,725 - INFO - temporal_CdAccuracy: 0.763; temporal_PA: 0.9627; temporal_UA: 0.9483; temporal_F1: 0.9554
2025-11-10 01:22:49,726 - INFO - Confusion Matrix
 [79047.	  700.	    5.	   14.	    0.]
 [  981.	56960.	   84.	    3.	   46.]
 [    4.	  232.	 2235.	    0.	    0.]
 [    4.	   54.	    0.	 1549.	    0.]
 [    0.	  138.	    0.	    0.	11364.]
2025-11-10 01:22:49,727 - INFO - model saved 52 times, last saved epoch: 108.

2025-11-10 01:22:52,890 - INFO - Epoch 110, Train loss: 0.022359119728207588
2025-11-10 01:22:53,806 - INFO - mIoU: 0.9388; OA: 0.9847; AA: 0.9522; F1: 0.9679; Kappa: 0.9736;
2025-11-10 01:22:53,806 - INFO - spatial_LccAccuracy: 0.9128; spatial_PA: 0.98; spatial_UA: 0.992; spatial_F1: 0.9859
2025-11-10 01:22:53,806 - INFO - temporal_CdAccuracy: 0.756; temporal_PA: 0.9584; temporal_UA: 0.9457; temporal_F1: 0.952
2025-11-10 01:22:53,807 - INFO - Confusion Matrix
 [79010.	  724.	    2.	    3.	   27.]
 [  932.	57008.	   68.	    0.	   66.]
 [    4.	  203.	 2264.	    0.	    0.]
 [   38.	  148.	    0.	 1421.	    0.]
 [    0.	  134.	    0.	    0.	11368.]
2025-11-10 01:22:53,808 - INFO - model saved 52 times, last saved epoch: 108.

2025-11-10 01:22:56,930 - INFO - Epoch 111, Train loss: 0.021467464044690132
2025-11-10 01:22:57,897 - INFO - mIoU: 0.9417; OA: 0.9837; AA: 0.9571; F1: 0.9696; Kappa: 0.9719;
2025-11-10 01:22:57,897 - INFO - spatial_LccAccuracy: 0.9241; spatial_PA: 0.9859; spatial_UA: 0.9919; spatial_F1: 0.9889
2025-11-10 01:22:57,897 - INFO - temporal_CdAccuracy: 0.7505; temporal_PA: 0.958; temporal_UA: 0.9412; temporal_F1: 0.9495
2025-11-10 01:22:57,898 - INFO - Confusion Matrix
 [79099.	  647.	    1.	    1.	   18.]
 [ 1191.	56658.	   78.	    5.	  142.]
 [    4.	  206.	 2261.	    0.	    0.]
 [   92.	   55.	    0.	 1460.	    0.]
 [    1.	   60.	    0.	    0.	11441.]
2025-11-10 01:22:57,899 - INFO - model saved 52 times, last saved epoch: 108.

2025-11-10 01:23:01,063 - INFO - Epoch 112, Train loss: 0.021994881331920624
2025-11-10 01:23:02,033 - INFO - mIoU: 0.9491; OA: 0.983; AA: 0.9766; F1: 0.9736; Kappa: 0.9707;
2025-11-10 01:23:02,033 - INFO - spatial_LccAccuracy: 0.9171; spatial_PA: 0.9831; spatial_UA: 0.9911; spatial_F1: 0.9871
2025-11-10 01:23:02,034 - INFO - temporal_CdAccuracy: 0.7442; temporal_PA: 0.9574; temporal_UA: 0.9367; temporal_F1: 0.9469
2025-11-10 01:23:02,034 - INFO - Confusion Matrix
 [78921.	  821.	    0.	    6.	   18.]
 [ 1176.	56563.	  153.	   60.	  122.]
 [    6.	  133.	 2332.	    0.	    0.]
 [   23.	    4.	    0.	 1580.	    0.]
 [    1.	   84.	    0.	    0.	11417.]
2025-11-10 01:23:02,035 - INFO - model saved 52 times, last saved epoch: 108.

2025-11-10 01:23:05,113 - INFO - Epoch 113, Train loss: 0.02195085398852825
2025-11-10 01:23:06,039 - INFO - mIoU: 0.9539; OA: 0.9849; AA: 0.9777; F1: 0.976; Kappa: 0.9739;
2025-11-10 01:23:06,039 - INFO - spatial_LccAccuracy: 0.9284; spatial_PA: 0.9848; spatial_UA: 0.9942; spatial_F1: 0.9895
2025-11-10 01:23:06,039 - INFO - temporal_CdAccuracy: 0.7579; temporal_PA: 0.9623; temporal_UA: 0.948; temporal_F1: 0.9551
2025-11-10 01:23:06,040 - INFO - Confusion Matrix
 [79059.	  658.	    3.	    8.	   38.]
 [ 1069.	56691.	  162.	   22.	  130.]
 [    4.	  147.	 2320.	    0.	    0.]
 [    9.	   11.	    0.	 1587.	    0.]
 [    0.	   60.	    0.	    0.	11442.]
2025-11-10 01:23:06,081 - INFO - Epoch 113 saved.
2025-11-10 01:23:06,081 - INFO - model saved 53 times, last saved epoch: 113.

2025-11-10 01:23:09,191 - INFO - Epoch 114, Train loss: 0.020057933405041695
2025-11-10 01:23:10,177 - INFO - mIoU: 0.946; OA: 0.9845; AA: 0.9611; F1: 0.9717; Kappa: 0.9732;
2025-11-10 01:23:10,177 - INFO - spatial_LccAccuracy: 0.9257; spatial_PA: 0.982; spatial_UA: 0.9934; spatial_F1: 0.9877
2025-11-10 01:23:10,177 - INFO - temporal_CdAccuracy: 0.7603; temporal_PA: 0.9574; temporal_UA: 0.9508; temporal_F1: 0.9541
2025-11-10 01:23:10,178 - INFO - Confusion Matrix
 [78995.	  742.	    4.	    8.	   17.]
 [ 1000.	56890.	   71.	    4.	  109.]
 [    4.	  272.	 2195.	    0.	    0.]
 [    7.	   67.	    0.	 1533.	    0.]
 [    0.	   77.	    0.	    0.	11425.]
2025-11-10 01:23:10,179 - INFO - model saved 53 times, last saved epoch: 113.

2025-11-10 01:23:13,257 - INFO - Epoch 115, Train loss: 0.021574433892965317
2025-11-10 01:23:14,158 - INFO - mIoU: 0.9551; OA: 0.9849; AA: 0.9768; F1: 0.9767; Kappa: 0.9741;
2025-11-10 01:23:14,159 - INFO - spatial_LccAccuracy: 0.9304; spatial_PA: 0.986; spatial_UA: 0.9954; spatial_F1: 0.9906
2025-11-10 01:23:14,159 - INFO - temporal_CdAccuracy: 0.7614; temporal_PA: 0.961; temporal_UA: 0.9508; temporal_F1: 0.9559
2025-11-10 01:23:14,160 - INFO - Confusion Matrix
 [78951.	  777.	    6.	    7.	   25.]
 [  965.	56833.	  149.	   14.	  113.]
 [    3.	  151.	 2317.	    0.	    0.]
 [    8.	   17.	    0.	 1582.	    0.]
 [    0.	   74.	    0.	    0.	11428.]
2025-11-10 01:23:14,200 - INFO - Epoch 115 saved.
2025-11-10 01:23:14,200 - INFO - model saved 54 times, last saved epoch: 115.

2025-11-10 01:23:17,362 - INFO - Epoch 116, Train loss: 0.019307363778352737
2025-11-10 01:23:18,362 - INFO - mIoU: 0.9545; OA: 0.9852; AA: 0.9761; F1: 0.9764; Kappa: 0.9745;
2025-11-10 01:23:18,363 - INFO - spatial_LccAccuracy: 0.9296; spatial_PA: 0.9848; spatial_UA: 0.9942; spatial_F1: 0.9895
2025-11-10 01:23:18,363 - INFO - temporal_CdAccuracy: 0.7571; temporal_PA: 0.9656; temporal_UA: 0.9483; temporal_F1: 0.9568
2025-11-10 01:23:18,364 - INFO - Confusion Matrix
 [79119.	  626.	    2.	   10.	    9.]
 [ 1064.	56774.	  169.	   11.	   56.]
 [    4.	  136.	 2331.	    0.	    0.]
 [   14.	   17.	    0.	 1576.	    0.]
 [    0.	  149.	    0.	    0.	11353.]
2025-11-10 01:23:18,365 - INFO - model saved 54 times, last saved epoch: 115.

2025-11-10 01:23:21,568 - INFO - Epoch 117, Train loss: 0.020479096099734306
2025-11-10 01:23:22,540 - INFO - mIoU: 0.9534; OA: 0.9848; AA: 0.9769; F1: 0.9758; Kappa: 0.9739;
2025-11-10 01:23:22,540 - INFO - spatial_LccAccuracy: 0.9214; spatial_PA: 0.9855; spatial_UA: 0.9935; spatial_F1: 0.9895
2025-11-10 01:23:22,540 - INFO - temporal_CdAccuracy: 0.7618; temporal_PA: 0.9573; temporal_UA: 0.9475; temporal_F1: 0.9524
2025-11-10 01:23:22,541 - INFO - Confusion Matrix
 [78686.	 1019.	    3.	    4.	   54.]
 [  705.	57091.	  168.	   20.	   90.]
 [    3.	  135.	 2333.	    0.	    0.]
 [   19.	   15.	    0.	 1573.	    0.]
 [    0.	   90.	    0.	    0.	11412.]
2025-11-10 01:23:22,542 - INFO - model saved 54 times, last saved epoch: 115.

2025-11-10 01:23:25,628 - INFO - Epoch 118, Train loss: 0.019171247258782387
2025-11-10 01:23:26,606 - INFO - mIoU: 0.9545; OA: 0.9854; AA: 0.9756; F1: 0.9764; Kappa: 0.9749;
2025-11-10 01:23:26,606 - INFO - spatial_LccAccuracy: 0.9265; spatial_PA: 0.9857; spatial_UA: 0.9944; spatial_F1: 0.99
2025-11-10 01:23:26,606 - INFO - temporal_CdAccuracy: 0.7657; temporal_PA: 0.9569; temporal_UA: 0.9514; temporal_F1: 0.9541
2025-11-10 01:23:26,607 - INFO - Confusion Matrix
 [78933.	  790.	    5.	   13.	   25.]
 [  884.	56964.	  103.	   34.	   89.]
 [    3.	  185.	 2283.	    0.	    0.]
 [    4.	    9.	    0.	 1594.	    0.]
 [    0.	   95.	    0.	    0.	11407.]
2025-11-10 01:23:26,607 - INFO - model saved 54 times, last saved epoch: 115.

2025-11-10 01:23:29,705 - INFO - Epoch 119, Train loss: 0.019605806097388268
2025-11-10 01:23:30,652 - INFO - mIoU: 0.9544; OA: 0.985; AA: 0.9807; F1: 0.9763; Kappa: 0.9741;
2025-11-10 01:23:30,652 - INFO - spatial_LccAccuracy: 0.9304; spatial_PA: 0.9845; spatial_UA: 0.9932; spatial_F1: 0.9889
2025-11-10 01:23:30,653 - INFO - temporal_CdAccuracy: 0.761; temporal_PA: 0.9659; temporal_UA: 0.9494; temporal_F1: 0.9576
2025-11-10 01:23:30,653 - INFO - Confusion Matrix
 [79114.	  638.	    2.	    7.	    5.]
 [ 1111.	56642.	  204.	   30.	   87.]
 [    4.	  104.	 2363.	    0.	    0.]
 [   11.	    8.	    0.	 1588.	    0.]
 [    0.	   92.	    0.	    0.	11410.]
2025-11-10 01:23:30,654 - INFO - model saved 54 times, last saved epoch: 115.

2025-11-10 01:23:33,798 - INFO - Epoch 120, Train loss: 0.018979808315634727
2025-11-10 01:23:34,796 - INFO - mIoU: 0.9563; OA: 0.9853; AA: 0.9812; F1: 0.9773; Kappa: 0.9747;
2025-11-10 01:23:34,796 - INFO - spatial_LccAccuracy: 0.9284; spatial_PA: 0.9869; spatial_UA: 0.9956; spatial_F1: 0.9912
2025-11-10 01:23:34,797 - INFO - temporal_CdAccuracy: 0.754; temporal_PA: 0.9601; temporal_UA: 0.9476; temporal_F1: 0.9538
2025-11-10 01:23:34,797 - INFO - Confusion Matrix
 [78933.	  799.	    6.	   12.	   16.]
 [  891.	56834.	  192.	    8.	  149.]
 [    4.	   89.	 2378.	    0.	    0.]
 [    7.	   24.	    0.	 1576.	    0.]
 [    0.	   61.	    0.	    0.	11441.]
2025-11-10 01:23:34,838 - INFO - Epoch 120 saved.
2025-11-10 01:23:34,839 - INFO - model saved 55 times, last saved epoch: 120.

2025-11-10 01:23:38,032 - INFO - Epoch 121, Train loss: 0.02023978903889656
2025-11-10 01:23:38,939 - INFO - mIoU: 0.9462; OA: 0.9839; AA: 0.9791; F1: 0.9721; Kappa: 0.9722;
2025-11-10 01:23:38,939 - INFO - spatial_LccAccuracy: 0.9233; spatial_PA: 0.9818; spatial_UA: 0.9925; spatial_F1: 0.9871
2025-11-10 01:23:38,939 - INFO - temporal_CdAccuracy: 0.7528; temporal_PA: 0.9606; temporal_UA: 0.9417; temporal_F1: 0.951
2025-11-10 01:23:38,940 - INFO - Confusion Matrix
 [79028.	  630.	    3.	   83.	   22.]
 [ 1209.	56605.	  130.	   54.	   76.]
 [    3.	  136.	 2332.	    0.	    0.]
 [    0.	    5.	    0.	 1602.	    0.]
 [    0.	  121.	    0.	    0.	11381.]
2025-11-10 01:23:38,941 - INFO - model saved 55 times, last saved epoch: 120.

2025-11-10 01:23:42,114 - INFO - Epoch 122, Train loss: 0.018477316945791245
2025-11-10 01:23:43,071 - INFO - mIoU: 0.9531; OA: 0.9851; AA: 0.9703; F1: 0.9756; Kappa: 0.9742;
2025-11-10 01:23:43,071 - INFO - spatial_LccAccuracy: 0.9206; spatial_PA: 0.9866; spatial_UA: 0.9912; spatial_F1: 0.9889
2025-11-10 01:23:43,071 - INFO - temporal_CdAccuracy: 0.7564; temporal_PA: 0.9564; temporal_UA: 0.9513; temporal_F1: 0.9539
2025-11-10 01:23:43,071 - INFO - Confusion Matrix
 [79031.	  729.	    2.	    4.	    0.]
 [  995.	56899.	   89.	   25.	   66.]
 [    5.	  210.	 2256.	    0.	    0.]
 [   20.	   13.	    0.	 1574.	    0.]
 [    1.	  134.	    0.	    0.	11367.]
2025-11-10 01:23:43,072 - INFO - model saved 55 times, last saved epoch: 120.

2025-11-10 01:23:46,179 - INFO - Epoch 123, Train loss: 0.017944850027561188
2025-11-10 01:23:47,132 - INFO - mIoU: 0.957; OA: 0.9855; AA: 0.9748; F1: 0.9777; Kappa: 0.975;
2025-11-10 01:23:47,132 - INFO - spatial_LccAccuracy: 0.9261; spatial_PA: 0.9864; spatial_UA: 0.9937; spatial_F1: 0.99
2025-11-10 01:23:47,133 - INFO - temporal_CdAccuracy: 0.7673; temporal_PA: 0.9591; temporal_UA: 0.9526; temporal_F1: 0.9558
2025-11-10 01:23:47,133 - INFO - Confusion Matrix
 [78903.	  845.	    2.	   12.	    4.]
 [  862.	57027.	  112.	    9.	   64.]
 [    3.	  165.	 2303.	    0.	    0.]
 [    6.	   24.	    0.	 1577.	    0.]
 [    0.	  119.	    0.	    0.	11383.]
2025-11-10 01:23:47,174 - INFO - Epoch 123 saved.
2025-11-10 01:23:47,175 - INFO - model saved 56 times, last saved epoch: 123.

2025-11-10 01:23:50,401 - INFO - Epoch 124, Train loss: 0.018064673990011215
2025-11-10 01:23:51,363 - INFO - mIoU: 0.9508; OA: 0.9848; AA: 0.9804; F1: 0.9743; Kappa: 0.9739;
2025-11-10 01:23:51,364 - INFO - spatial_LccAccuracy: 0.9214; spatial_PA: 0.9845; spatial_UA: 0.9932; spatial_F1: 0.9889
2025-11-10 01:23:51,364 - INFO - temporal_CdAccuracy: 0.7485; temporal_PA: 0.9605; temporal_UA: 0.9468; temporal_F1: 0.9536
2025-11-10 01:23:51,365 - INFO - Confusion Matrix
 [78777.	  953.	    3.	   27.	    6.]
 [  774.	56980.	  227.	   25.	   68.]
 [    4.	  111.	 2356.	    0.	    0.]
 [    2.	   15.	    0.	 1590.	    0.]
 [    0.	  111.	    0.	    0.	11391.]
2025-11-10 01:23:51,366 - INFO - model saved 56 times, last saved epoch: 123.

2025-11-10 01:23:54,449 - INFO - Epoch 125, Train loss: 0.01908251829445362
2025-11-10 01:23:55,376 - INFO - mIoU: 0.9523; OA: 0.9848; AA: 0.9701; F1: 0.9751; Kappa: 0.9738;
2025-11-10 01:23:55,376 - INFO - spatial_LccAccuracy: 0.9257; spatial_PA: 0.9864; spatial_UA: 0.9937; spatial_F1: 0.99
2025-11-10 01:23:55,376 - INFO - temporal_CdAccuracy: 0.7603; temporal_PA: 0.9619; temporal_UA: 0.9495; temporal_F1: 0.9557
2025-11-10 01:23:55,377 - INFO - Confusion Matrix
 [78655.	 1022.	    3.	   16.	   70.]
 [  684.	57198.	   72.	   11.	  109.]
 [    4.	  240.	 2227.	    0.	    0.]
 [    3.	   21.	    0.	 1583.	    0.]
 [    0.	   78.	    0.	    0.	11424.]
2025-11-10 01:23:55,378 - INFO - model saved 56 times, last saved epoch: 123.

2025-11-10 01:23:58,679 - INFO - Epoch 126, Train loss: 0.01681370474398136
2025-11-10 01:23:59,586 - INFO - mIoU: 0.9576; OA: 0.9857; AA: 0.9737; F1: 0.978; Kappa: 0.9753;
2025-11-10 01:23:59,586 - INFO - spatial_LccAccuracy: 0.9323; spatial_PA: 0.9839; spatial_UA: 0.9939; spatial_F1: 0.9889
2025-11-10 01:23:59,586 - INFO - temporal_CdAccuracy: 0.765; temporal_PA: 0.9591; temporal_UA: 0.9549; temporal_F1: 0.957
2025-11-10 01:23:59,587 - INFO - Confusion Matrix
 [79047.	  694.	    3.	    6.	   16.]
 [  985.	56907.	   89.	   11.	   82.]
 [    3.	  178.	 2290.	    0.	    0.]
 [   10.	   23.	    0.	 1574.	    0.]
 [    0.	   99.	    0.	    0.	11403.]
2025-11-10 01:23:59,627 - INFO - Epoch 126 saved.
2025-11-10 01:23:59,628 - INFO - model saved 57 times, last saved epoch: 126.

2025-11-10 01:24:02,765 - INFO - Epoch 127, Train loss: 0.01688247174024582
2025-11-10 01:24:03,705 - INFO - mIoU: 0.9469; OA: 0.9849; AA: 0.9626; F1: 0.9724; Kappa: 0.9739;
2025-11-10 01:24:03,706 - INFO - spatial_LccAccuracy: 0.9233; spatial_PA: 0.985; spatial_UA: 0.9951; spatial_F1: 0.9901
2025-11-10 01:24:03,706 - INFO - temporal_CdAccuracy: 0.7599; temporal_PA: 0.9634; temporal_UA: 0.9517; temporal_F1: 0.9575
2025-11-10 01:24:03,707 - INFO - Confusion Matrix
 [79125.	  636.	    2.	    3.	    0.]
 [ 1084.	56820.	  104.	    4.	   62.]
 [    4.	  181.	 2286.	    0.	    0.]
 [   19.	   97.	    0.	 1491.	    0.]
 [    0.	  121.	    0.	    0.	11381.]
2025-11-10 01:24:03,708 - INFO - model saved 57 times, last saved epoch: 126.

2025-11-10 01:24:06,801 - INFO - Epoch 128, Train loss: 0.0170795526355505
2025-11-10 01:24:07,733 - INFO - mIoU: 0.955; OA: 0.9848; AA: 0.9726; F1: 0.9766; Kappa: 0.9738;
2025-11-10 01:24:07,734 - INFO - spatial_LccAccuracy: 0.9257; spatial_PA: 0.9866; spatial_UA: 0.9912; spatial_F1: 0.9889
2025-11-10 01:24:07,734 - INFO - temporal_CdAccuracy: 0.7567; temporal_PA: 0.9605; temporal_UA: 0.9446; temporal_F1: 0.9525
2025-11-10 01:24:07,735 - INFO - Confusion Matrix
 [78818.	  921.	    3.	    7.	   17.]
 [  877.	56999.	  104.	    9.	   85.]
 [    6.	  178.	 2287.	    0.	    0.]
 [   19.	   21.	    0.	 1567.	    0.]
 [    0.	   86.	    0.	    0.	11416.]
2025-11-10 01:24:07,736 - INFO - model saved 57 times, last saved epoch: 126.

2025-11-10 01:24:10,810 - INFO - Epoch 129, Train loss: 0.015765994787216187
2025-11-10 01:24:11,811 - INFO - mIoU: 0.9506; OA: 0.9852; AA: 0.9813; F1: 0.9742; Kappa: 0.9745;
2025-11-10 01:24:11,811 - INFO - spatial_LccAccuracy: 0.9288; spatial_PA: 0.9823; spatial_UA: 0.9944; spatial_F1: 0.9883
2025-11-10 01:24:11,812 - INFO - temporal_CdAccuracy: 0.7536; temporal_PA: 0.9669; temporal_UA: 0.948; temporal_F1: 0.9573
2025-11-10 01:24:11,812 - INFO - Confusion Matrix
 [79203.	  527.	    3.	    4.	   29.]
 [ 1114.	56541.	  251.	   38.	  130.]
 [    4.	   88.	 2379.	    0.	    0.]
 [   22.	    7.	    0.	 1578.	    0.]
 [    0.	   55.	    0.	    0.	11447.]
2025-11-10 01:24:11,813 - INFO - model saved 57 times, last saved epoch: 126.

