2025-10-18 22:58:50,602 - INFO - Epoch 0, Train loss: 2.0639958440887263
2025-10-18 22:58:51,646 - INFO - mIoU: 0.0736; OA: 0.2236; AA: 0.177; F1: 0.1251; Kappa: -0.0317;
2025-10-18 22:58:51,646 - INFO - spatial_LccAccuracy: 0.0; spatial_PA: 0.5019; spatial_UA: 0.8961; spatial_F1: 0.6434
2025-10-18 22:58:51,646 - INFO - temporal_CdAccuracy: 0.0008; temporal_PA: 0.6245; temporal_UA: 0.5214; temporal_F1: 0.5683
2025-10-18 22:58:51,648 - INFO - Confusion Matrix
 [ 4510.	43262.	 3448.	14179.	13948.]
 [ 4912.	27748.	 2575.	11216.	11091.]
 [  106.	 1074.	   95.	  552.	  725.]
 [  141.	  677.	   70.	  221.	  190.]
 [  290.	 7893.	  728.	 2221.	 1788.]
2025-10-18 22:58:51,728 - INFO - Epoch 0 saved.
2025-10-18 22:58:51,728 - INFO - model saved 1 times, last saved epoch: 0.

2025-10-18 22:58:54,630 - INFO - Epoch 1, Train loss: 2.0031234292510134
2025-10-18 22:58:55,739 - INFO - mIoU: 0.1149; OA: 0.3877; AA: 0.2157; F1: 0.1831; Kappa: 0.0385;
2025-10-18 22:58:55,739 - INFO - spatial_LccAccuracy: 0.0016; spatial_PA: 0.5027; spatial_UA: 0.5885; spatial_F1: 0.5422
2025-10-18 22:58:55,739 - INFO - temporal_CdAccuracy: 0.002; temporal_PA: 0.5851; temporal_UA: 0.5171; temporal_F1: 0.549
2025-10-18 22:58:55,740 - INFO - Confusion Matrix
 [17342.	53487.	 1574.	 4605.	 2339.]
 [ 9654.	41517.	  624.	 2899.	 2848.]
 [  211.	 1944.	   17.	  181.	  199.]
 [  265.	  813.	   29.	  112.	   80.]
 [ 1849.	 9172.	  547.	  762.	  590.]
2025-10-18 22:58:55,805 - INFO - Epoch 1 saved.
2025-10-18 22:58:55,806 - INFO - model saved 2 times, last saved epoch: 1.

2025-10-18 22:58:58,745 - INFO - Epoch 2, Train loss: 1.7609283287332664
2025-10-18 22:58:59,771 - INFO - mIoU: 0.197; OA: 0.6272; AA: 0.2762; F1: 0.4427; Kappa: 0.3059;
2025-10-18 22:58:59,771 - INFO - spatial_LccAccuracy: 0.0348; spatial_PA: 0.4997; spatial_UA: 0.479; spatial_F1: 0.4891
2025-10-18 22:58:59,771 - INFO - temporal_CdAccuracy: 0.009; temporal_PA: 0.649; temporal_UA: 0.5383; temporal_F1: 0.5885
2025-10-18 22:58:59,772 - INFO - Confusion Matrix
 [63612.	14914.	  188.	  613.	   20.]
 [24437.	32604.	   40.	  126.	  335.]
 [  690.	 1827.	    0.	    2.	   33.]
 [  862.	  428.	    0.	    0.	    9.]
 [ 9988.	 2695.	   16.	   57.	  164.]
2025-10-18 22:58:59,835 - INFO - Epoch 2 saved.
2025-10-18 22:58:59,835 - INFO - model saved 3 times, last saved epoch: 2.

2025-10-18 22:59:02,712 - INFO - Epoch 3, Train loss: 1.4591564932224914
2025-10-18 22:59:03,680 - INFO - mIoU: 0.2662; OA: 0.7489; AA: 0.3367; F1: 0.5456; Kappa: 0.5308;
2025-10-18 22:59:03,680 - INFO - spatial_LccAccuracy: 0.2815; spatial_PA: 0.5602; spatial_UA: 0.7062; spatial_F1: 0.6248
2025-10-18 22:59:03,680 - INFO - temporal_CdAccuracy: 0.0886; temporal_PA: 0.5916; temporal_UA: 0.5509; temporal_F1: 0.5706
2025-10-18 22:59:03,681 - INFO - Confusion Matrix
 [71531.	 7809.	    1.	    4.	    2.]
 [14343.	43126.	    0.	    1.	   72.]
 [  438.	 2104.	    0.	    0.	   10.]
 [ 1136.	  160.	    0.	    0.	    3.]
 [11491.	  992.	    3.	   14.	  420.]
2025-10-18 22:59:03,749 - INFO - Epoch 3 saved.
2025-10-18 22:59:03,750 - INFO - model saved 4 times, last saved epoch: 3.

2025-10-18 22:59:06,593 - INFO - Epoch 4, Train loss: 1.1052617700944036
2025-10-18 22:59:07,661 - INFO - mIoU: 0.4418; OA: 0.8599; AA: 0.4913; F1: 0.6352; Kappa: 0.7514;
2025-10-18 22:59:07,661 - INFO - spatial_LccAccuracy: 0.4283; spatial_PA: 0.718; spatial_UA: 0.8133; spatial_F1: 0.7627
2025-10-18 22:59:07,661 - INFO - temporal_CdAccuracy: 0.2034; temporal_PA: 0.598; temporal_UA: 0.5787; temporal_F1: 0.5882
2025-10-18 22:59:07,661 - INFO - Confusion Matrix
 [72856.	 6491.	    0.	    0.	    0.]
 [ 6730.	50809.	    0.	    0.	    3.]
 [  218.	 2332.	    1.	    0.	    1.]
 [ 1196.	  103.	    0.	    0.	    0.]
 [ 3284.	 1159.	    6.	    7.	 8464.]
2025-10-18 22:59:07,733 - INFO - Epoch 4 saved.
2025-10-18 22:59:07,734 - INFO - model saved 5 times, last saved epoch: 4.

2025-10-18 22:59:10,649 - INFO - Epoch 5, Train loss: 0.8749443059382231
2025-10-18 22:59:11,594 - INFO - mIoU: 0.5017; OA: 0.8974; AA: 0.5406; F1: 0.6834; Kappa: 0.8201;
2025-10-18 22:59:11,594 - INFO - spatial_LccAccuracy: 0.485; spatial_PA: 0.7497; spatial_UA: 0.8053; spatial_F1: 0.7765
2025-10-18 22:59:11,594 - INFO - temporal_CdAccuracy: 0.2745; temporal_PA: 0.6312; temporal_UA: 0.6348; temporal_F1: 0.633
2025-10-18 22:59:11,595 - INFO - Confusion Matrix
 [74500.	 4845.	    1.	    0.	    1.]
 [ 5168.	52374.	    0.	    0.	    0.]
 [  138.	 2411.	    3.	    0.	    0.]
 [ 1208.	   90.	    1.	    0.	    0.]
 [ 1331.	  568.	    1.	    0.	11020.]
2025-10-18 22:59:11,670 - INFO - Epoch 5 saved.
2025-10-18 22:59:11,671 - INFO - model saved 6 times, last saved epoch: 5.

2025-10-18 22:59:14,594 - INFO - Epoch 6, Train loss: 0.7654800296570203
2025-10-18 22:59:15,603 - INFO - mIoU: 0.5341; OA: 0.9155; AA: 0.5674; F1: 0.5833; Kappa: 0.8522;
2025-10-18 22:59:15,603 - INFO - spatial_LccAccuracy: 0.5732; spatial_PA: 0.8888; spatial_UA: 0.8552; spatial_F1: 0.8717
2025-10-18 22:59:15,603 - INFO - temporal_CdAccuracy: 0.4088; temporal_PA: 0.6643; temporal_UA: 0.6956; temporal_F1: 0.6796
2025-10-18 22:59:15,603 - INFO - Confusion Matrix
 [75792.	 3554.	    1.	    0.	    0.]
 [ 4267.	53265.	    9.	    0.	    1.]
 [  137.	 2249.	  166.	    0.	    0.]
 [ 1041.	  244.	    8.	    6.	    0.]
 [ 1004.	  466.	    0.	    0.	11450.]
2025-10-18 22:59:15,672 - INFO - Epoch 6 saved.
2025-10-18 22:59:15,672 - INFO - model saved 7 times, last saved epoch: 6.

2025-10-18 22:59:18,318 - INFO - Epoch 7, Train loss: 0.6689358027825444
2025-10-18 22:59:19,303 - INFO - mIoU: 0.6064; OA: 0.9258; AA: 0.6373; F1: 0.688; Kappa: 0.8709;
2025-10-18 22:59:19,303 - INFO - spatial_LccAccuracy: 0.5935; spatial_PA: 0.9225; spatial_UA: 0.8642; spatial_F1: 0.8924
2025-10-18 22:59:19,303 - INFO - temporal_CdAccuracy: 0.4623; temporal_PA: 0.6997; temporal_UA: 0.7306; temporal_F1: 0.7148
2025-10-18 22:59:19,303 - INFO - Confusion Matrix
 [75543.	 3801.	    1.	    2.	    0.]
 [ 3245.	54260.	   22.	   13.	    2.]
 [   90.	 1696.	  764.	    1.	    1.]
 [  941.	  225.	    7.	  126.	    0.]
 [  962.	  396.	    0.	    0.	11562.]
2025-10-18 22:59:19,390 - INFO - Epoch 7 saved.
2025-10-18 22:59:19,390 - INFO - model saved 8 times, last saved epoch: 7.

2025-10-18 22:59:22,145 - INFO - Epoch 8, Train loss: 0.629456219095621
2025-10-18 22:59:23,124 - INFO - mIoU: 0.7149; OA: 0.9411; AA: 0.7433; F1: 0.8071; Kappa: 0.8982;
2025-10-18 22:59:23,124 - INFO - spatial_LccAccuracy: 0.6384; spatial_PA: 0.9287; spatial_UA: 0.879; spatial_F1: 0.9032
2025-10-18 22:59:23,125 - INFO - temporal_CdAccuracy: 0.5021; temporal_PA: 0.7511; temporal_UA: 0.772; temporal_F1: 0.7614
2025-10-18 22:59:23,126 - INFO - Confusion Matrix
 [76239.	 3098.	    1.	    7.	    2.]
 [ 2657.	54802.	   50.	   25.	    8.]
 [   38.	 1009.	 1504.	    1.	    0.]
 [  621.	  270.	    4.	  404.	    0.]
 [  834.	  416.	    2.	    0.	11668.]
2025-10-18 22:59:23,205 - INFO - Epoch 8 saved.
2025-10-18 22:59:23,206 - INFO - model saved 9 times, last saved epoch: 8.

2025-10-18 22:59:25,954 - INFO - Epoch 9, Train loss: 0.5994644331635895
2025-10-18 22:59:27,118 - INFO - mIoU: 0.7637; OA: 0.9484; AA: 0.792; F1: 0.8491; Kappa: 0.911;
2025-10-18 22:59:27,118 - INFO - spatial_LccAccuracy: 0.663; spatial_PA: 0.9334; spatial_UA: 0.8812; spatial_F1: 0.9065
2025-10-18 22:59:27,118 - INFO - temporal_CdAccuracy: 0.5326; temporal_PA: 0.7784; temporal_UA: 0.8056; temporal_F1: 0.7918
2025-10-18 22:59:27,119 - INFO - Confusion Matrix
 [76682.	 2646.	    7.	    7.	    5.]
 [ 2509.	54915.	   67.	   33.	   18.]
 [   37.	  685.	 1830.	    0.	    0.]
 [  587.	  175.	    4.	  533.	    0.]
 [  767.	  372.	    3.	    0.	11778.]
2025-10-18 22:59:27,180 - INFO - Epoch 9 saved.
2025-10-18 22:59:27,181 - INFO - model saved 10 times, last saved epoch: 9.

2025-10-18 22:59:29,967 - INFO - Epoch 10, Train loss: 0.5761320165225438
2025-10-18 22:59:30,931 - INFO - mIoU: 0.7942; OA: 0.9524; AA: 0.8228; F1: 0.8734; Kappa: 0.918;
2025-10-18 22:59:30,931 - INFO - spatial_LccAccuracy: 0.6993; spatial_PA: 0.9378; spatial_UA: 0.8807; spatial_F1: 0.9083
2025-10-18 22:59:30,932 - INFO - temporal_CdAccuracy: 0.5677; temporal_PA: 0.7959; temporal_UA: 0.828; temporal_F1: 0.8116
2025-10-18 22:59:30,932 - INFO - Confusion Matrix
 [76774.	 2551.	    7.	    5.	   10.]
 [ 2357.	55041.	   82.	   39.	   23.]
 [   37.	  515.	 2000.	    0.	    0.]
 [  585.	   81.	    3.	  630.	    0.]
 [  676.	  338.	    2.	    0.	11904.]
2025-10-18 22:59:31,011 - INFO - Epoch 10 saved.
2025-10-18 22:59:31,012 - INFO - model saved 11 times, last saved epoch: 10.

2025-10-18 22:59:33,678 - INFO - Epoch 11, Train loss: 0.5490629134341056
2025-10-18 22:59:34,663 - INFO - mIoU: 0.8192; OA: 0.9557; AA: 0.8522; F1: 0.8923; Kappa: 0.9235;
2025-10-18 22:59:34,663 - INFO - spatial_LccAccuracy: 0.7271; spatial_PA: 0.9367; spatial_UA: 0.8857; spatial_F1: 0.9105
2025-10-18 22:59:34,663 - INFO - temporal_CdAccuracy: 0.5873; temporal_PA: 0.8131; temporal_UA: 0.8397; temporal_F1: 0.8262
2025-10-18 22:59:34,663 - INFO - Confusion Matrix
 [77991.	 1330.	    8.	    6.	   12.]
 [ 3337.	53961.	  134.	   69.	   41.]
 [   33.	  364.	 2155.	    0.	    0.]
 [  504.	   57.	    2.	  736.	    0.]
 [  678.	  231.	    2.	    0.	12009.]
2025-10-18 22:59:34,749 - INFO - Epoch 11 saved.
2025-10-18 22:59:34,750 - INFO - model saved 12 times, last saved epoch: 11.

2025-10-18 22:59:37,593 - INFO - Epoch 12, Train loss: 0.5203587059278666
2025-10-18 22:59:38,650 - INFO - mIoU: 0.8372; OA: 0.9617; AA: 0.8688; F1: 0.9046; Kappa: 0.9341;
2025-10-18 22:59:38,650 - INFO - spatial_LccAccuracy: 0.7509; spatial_PA: 0.945; spatial_UA: 0.9034; spatial_F1: 0.9237
2025-10-18 22:59:38,650 - INFO - temporal_CdAccuracy: 0.615; temporal_PA: 0.8535; temporal_UA: 0.8617; temporal_F1: 0.8576
2025-10-18 22:59:38,651 - INFO - Confusion Matrix
 [77668.	 1659.	    4.	    8.	    8.]
 [ 2318.	54992.	   96.	   93.	   43.]
 [   22.	  365.	 2165.	    0.	    0.]
 [  424.	   66.	    2.	  807.	    0.]
 [  532.	  245.	    2.	    0.	12141.]
2025-10-18 22:59:38,713 - INFO - Epoch 12 saved.
2025-10-18 22:59:38,714 - INFO - model saved 13 times, last saved epoch: 12.

2025-10-18 22:59:41,476 - INFO - Epoch 13, Train loss: 0.5050305548291769
2025-10-18 22:59:42,378 - INFO - mIoU: 0.8536; OA: 0.9641; AA: 0.89; F1: 0.9162; Kappa: 0.9383;
2025-10-18 22:59:42,378 - INFO - spatial_LccAccuracy: 0.7614; spatial_PA: 0.9589; spatial_UA: 0.9372; spatial_F1: 0.9479
2025-10-18 22:59:42,378 - INFO - temporal_CdAccuracy: 0.6197; temporal_PA: 0.8647; temporal_UA: 0.8652; temporal_F1: 0.8649
2025-10-18 22:59:42,379 - INFO - Confusion Matrix
 [77649.	 1679.	    2.	   11.	    6.]
 [ 2097.	55156.	  130.	  117.	   42.]
 [   21.	  289.	 2242.	    0.	    0.]
 [  329.	   69.	    4.	  897.	    0.]
 [  483.	  237.	    3.	    0.	12197.]
2025-10-18 22:59:42,459 - INFO - Epoch 13 saved.
2025-10-18 22:59:42,460 - INFO - model saved 14 times, last saved epoch: 13.

2025-10-18 22:59:45,046 - INFO - Epoch 14, Train loss: 0.4951330141991562
2025-10-18 22:59:46,126 - INFO - mIoU: 0.8678; OA: 0.9671; AA: 0.9036; F1: 0.9254; Kappa: 0.9436;
2025-10-18 22:59:46,126 - INFO - spatial_LccAccuracy: 0.7669; spatial_PA: 0.967; spatial_UA: 0.9613; spatial_F1: 0.9642
2025-10-18 22:59:46,126 - INFO - temporal_CdAccuracy: 0.6259; temporal_PA: 0.8804; temporal_UA: 0.8643; temporal_F1: 0.8723
2025-10-18 22:59:46,126 - INFO - Confusion Matrix
 [77204.	 2107.	    2.	   17.	   17.]
 [ 1451.	55822.	  106.	  116.	   47.]
 [   11.	  292.	 2249.	    0.	    0.]
 [  257.	   80.	    5.	  957.	    0.]
 [  319.	  234.	    2.	    0.	12365.]
2025-10-18 22:59:46,192 - INFO - Epoch 14 saved.
2025-10-18 22:59:46,192 - INFO - model saved 15 times, last saved epoch: 14.

2025-10-18 22:59:48,885 - INFO - Epoch 15, Train loss: 0.4833856956188723
2025-10-18 22:59:49,858 - INFO - mIoU: 0.8799; OA: 0.9695; AA: 0.9098; F1: 0.9334; Kappa: 0.9477;
2025-10-18 22:59:49,858 - INFO - spatial_LccAccuracy: 0.7852; spatial_PA: 0.966; spatial_UA: 0.9733; spatial_F1: 0.9696
2025-10-18 22:59:49,859 - INFO - temporal_CdAccuracy: 0.6439; temporal_PA: 0.8941; temporal_UA: 0.8744; temporal_F1: 0.8841
2025-10-18 22:59:49,859 - INFO - Confusion Matrix
 [77472.	 1853.	    1.	   17.	    4.]
 [ 1431.	55899.	   88.	   78.	   46.]
 [   14.	  285.	 2253.	    0.	    0.]
 [  218.	   90.	    1.	  990.	    0.]
 [  349.	  215.	    1.	    0.	12355.]
2025-10-18 22:59:49,937 - INFO - Epoch 15 saved.
2025-10-18 22:59:49,938 - INFO - model saved 16 times, last saved epoch: 15.

2025-10-18 22:59:52,470 - INFO - Epoch 16, Train loss: 0.47658994090483053
2025-10-18 22:59:53,447 - INFO - mIoU: 0.8857; OA: 0.9702; AA: 0.9176; F1: 0.9368; Kappa: 0.9491;
2025-10-18 22:59:53,447 - INFO - spatial_LccAccuracy: 0.7946; spatial_PA: 0.9734; spatial_UA: 0.9689; spatial_F1: 0.9712
2025-10-18 22:59:53,447 - INFO - temporal_CdAccuracy: 0.6447; temporal_PA: 0.8919; temporal_UA: 0.8766; temporal_F1: 0.8842
2025-10-18 22:59:53,447 - INFO - Confusion Matrix
 [77173.	 2141.	    1.	   13.	   19.]
 [ 1197.	56106.	   90.	   95.	   54.]
 [   10.	  266.	 2276.	    0.	    0.]
 [  222.	   63.	    1.	 1013.	    0.]
 [  209.	  193.	    1.	    0.	12517.]
2025-10-18 22:59:53,512 - INFO - Epoch 16 saved.
2025-10-18 22:59:53,512 - INFO - model saved 17 times, last saved epoch: 16.

2025-10-18 22:59:56,104 - INFO - Epoch 17, Train loss: 0.4685736294858944
2025-10-18 22:59:57,071 - INFO - mIoU: 0.9019; OA: 0.9734; AA: 0.9342; F1: 0.9469; Kappa: 0.9545;
2025-10-18 22:59:57,071 - INFO - spatial_LccAccuracy: 0.8309; spatial_PA: 0.9759; spatial_UA: 0.9779; spatial_F1: 0.9769
2025-10-18 22:59:57,071 - INFO - temporal_CdAccuracy: 0.6747; temporal_PA: 0.9045; temporal_UA: 0.8953; temporal_F1: 0.8999
2025-10-18 22:59:57,072 - INFO - Confusion Matrix
 [77563.	 1761.	    1.	   14.	    8.]
 [ 1258.	56028.	   95.	   99.	   62.]
 [    8.	  245.	 2299.	    0.	    0.]
 [  144.	   56.	    1.	 1098.	    0.]
 [  180.	  160.	    0.	    0.	12580.]
2025-10-18 22:59:57,147 - INFO - Epoch 17 saved.
2025-10-18 22:59:57,147 - INFO - model saved 18 times, last saved epoch: 17.

2025-10-18 22:59:59,892 - INFO - Epoch 18, Train loss: 0.46311654881660985
2025-10-18 23:00:00,981 - INFO - mIoU: 0.9057; OA: 0.9738; AA: 0.942; F1: 0.9493; Kappa: 0.9552;
2025-10-18 23:00:00,981 - INFO - spatial_LccAccuracy: 0.8426; spatial_PA: 0.9778; spatial_UA: 0.9818; spatial_F1: 0.9798
2025-10-18 23:00:00,981 - INFO - temporal_CdAccuracy: 0.6861; temporal_PA: 0.9087; temporal_UA: 0.8996; temporal_F1: 0.9042
2025-10-18 23:00:00,981 - INFO - Confusion Matrix
 [78008.	 1320.	    2.	   16.	    1.]
 [ 1606.	55652.	   99.	  131.	   54.]
 [   11.	  229.	 2312.	    0.	    0.]
 [  110.	   39.	    1.	 1149.	    0.]
 [  249.	  151.	    0.	    0.	12520.]
2025-10-18 23:00:01,080 - INFO - Epoch 18 saved.
2025-10-18 23:00:01,080 - INFO - model saved 19 times, last saved epoch: 18.

2025-10-18 23:00:03,709 - INFO - Epoch 19, Train loss: 0.45790833327340785
2025-10-18 23:00:04,706 - INFO - mIoU: 0.9173; OA: 0.9748; AA: 0.948; F1: 0.9561; Kappa: 0.9569;
2025-10-18 23:00:04,706 - INFO - spatial_LccAccuracy: 0.8626; spatial_PA: 0.9741; spatial_UA: 0.9842; spatial_F1: 0.9792
2025-10-18 23:00:04,706 - INFO - temporal_CdAccuracy: 0.6935; temporal_PA: 0.9091; temporal_UA: 0.9077; temporal_F1: 0.9084
2025-10-18 23:00:04,706 - INFO - Confusion Matrix
 [78235.	 1092.	    1.	   19.	    0.]
 [ 1847.	55447.	  109.	   75.	   64.]
 [   11.	  207.	 2334.	    0.	    0.]
 [   76.	   53.	    1.	 1169.	    0.]
 [  182.	  130.	    0.	    0.	12608.]
2025-10-18 23:00:04,769 - INFO - Epoch 19 saved.
2025-10-18 23:00:04,770 - INFO - model saved 20 times, last saved epoch: 19.

2025-10-18 23:00:07,526 - INFO - Epoch 20, Train loss: 0.45152740893156634
2025-10-18 23:00:08,561 - INFO - mIoU: 0.9245; OA: 0.9768; AA: 0.9493; F1: 0.9602; Kappa: 0.9603;
2025-10-18 23:00:08,561 - INFO - spatial_LccAccuracy: 0.8727; spatial_PA: 0.9739; spatial_UA: 0.9833; spatial_F1: 0.9786
2025-10-18 23:00:08,561 - INFO - temporal_CdAccuracy: 0.7134; temporal_PA: 0.9184; temporal_UA: 0.9179; temporal_F1: 0.9182
2025-10-18 23:00:08,561 - INFO - Confusion Matrix
 [78099.	 1232.	    1.	   15.	    0.]
 [ 1441.	55908.	   71.	   55.	   67.]
 [   12.	  244.	 2296.	    0.	    0.]
 [   63.	   47.	    0.	 1189.	    0.]
 [  193.	  120.	    0.	    0.	12607.]
2025-10-18 23:00:08,631 - INFO - Epoch 20 saved.
2025-10-18 23:00:08,633 - INFO - model saved 21 times, last saved epoch: 20.

2025-10-18 23:00:11,471 - INFO - Epoch 21, Train loss: 0.4469250446150762
2025-10-18 23:00:12,474 - INFO - mIoU: 0.9309; OA: 0.9777; AA: 0.9609; F1: 0.9638; Kappa: 0.962;
2025-10-18 23:00:12,474 - INFO - spatial_LccAccuracy: 0.8793; spatial_PA: 0.9762; spatial_UA: 0.9857; spatial_F1: 0.981
2025-10-18 23:00:12,474 - INFO - temporal_CdAccuracy: 0.7118; temporal_PA: 0.9235; temporal_UA: 0.9235; temporal_F1: 0.9235
2025-10-18 23:00:12,474 - INFO - Confusion Matrix
 [77690.	 1632.	    1.	   24.	    0.]
 [  991.	56325.	  101.	   69.	   56.]
 [    7.	  203.	 2342.	    0.	    0.]
 [   32.	   33.	    0.	 1234.	    0.]
 [  124.	  148.	    0.	    0.	12648.]
2025-10-18 23:00:12,538 - INFO - Epoch 21 saved.
2025-10-18 23:00:12,538 - INFO - model saved 22 times, last saved epoch: 21.

2025-10-18 23:00:15,485 - INFO - Epoch 22, Train loss: 0.4429561443950819
2025-10-18 23:00:16,475 - INFO - mIoU: 0.9347; OA: 0.9791; AA: 0.9597; F1: 0.9659; Kappa: 0.9642;
2025-10-18 23:00:16,475 - INFO - spatial_LccAccuracy: 0.8836; spatial_PA: 0.9805; spatial_UA: 0.9886; spatial_F1: 0.9845
2025-10-18 23:00:16,476 - INFO - temporal_CdAccuracy: 0.7181; temporal_PA: 0.9254; temporal_UA: 0.9231; temporal_F1: 0.9243
2025-10-18 23:00:16,476 - INFO - Confusion Matrix
 [78281.	 1051.	    0.	   15.	    0.]
 [ 1375.	55960.	   94.	   50.	   63.]
 [    7.	  216.	 2329.	    0.	    0.]
 [   35.	   32.	    0.	 1232.	    0.]
 [  146.	  133.	    0.	    0.	12641.]
2025-10-18 23:00:16,539 - INFO - Epoch 22 saved.
2025-10-18 23:00:16,540 - INFO - model saved 23 times, last saved epoch: 22.

2025-10-18 23:00:19,176 - INFO - Epoch 23, Train loss: 0.4381321078131658
2025-10-18 23:00:20,256 - INFO - mIoU: 0.9344; OA: 0.9788; AA: 0.9618; F1: 0.9658; Kappa: 0.9637;
2025-10-18 23:00:20,256 - INFO - spatial_LccAccuracy: 0.8848; spatial_PA: 0.979; spatial_UA: 0.983; spatial_F1: 0.981
2025-10-18 23:00:20,256 - INFO - temporal_CdAccuracy: 0.7161; temporal_PA: 0.9253; temporal_UA: 0.9254; temporal_F1: 0.9253
2025-10-18 23:00:20,257 - INFO - Confusion Matrix
 [78274.	 1059.	    0.	   14.	    0.]
 [ 1363.	55957.	   97.	   67.	   58.]
 [   10.	  197.	 2345.	    0.	    0.]
 [   48.	    7.	    0.	 1244.	    0.]
 [  229.	  112.	    0.	    0.	12579.]
2025-10-18 23:00:20,258 - INFO - model saved 23 times, last saved epoch: 22.

2025-10-18 23:00:22,979 - INFO - Epoch 24, Train loss: 0.43392161997208684
2025-10-18 23:00:24,018 - INFO - mIoU: 0.9421; OA: 0.9788; AA: 0.9623; F1: 0.9699; Kappa: 0.9637;
2025-10-18 23:00:24,019 - INFO - spatial_LccAccuracy: 0.8883; spatial_PA: 0.9812; spatial_UA: 0.9879; spatial_F1: 0.9845
2025-10-18 23:00:24,019 - INFO - temporal_CdAccuracy: 0.7138; temporal_PA: 0.9233; temporal_UA: 0.923; temporal_F1: 0.9232
2025-10-18 23:00:24,019 - INFO - Confusion Matrix
 [77704.	 1627.	    1.	   15.	    0.]
 [  902.	56495.	   87.	   13.	   45.]
 [    5.	  211.	 2336.	    0.	    0.]
 [   27.	   27.	    0.	 1245.	    0.]
 [  140.	  165.	    0.	    0.	12615.]
2025-10-18 23:00:24,086 - INFO - Epoch 24 saved.
2025-10-18 23:00:24,086 - INFO - model saved 24 times, last saved epoch: 24.

2025-10-18 23:00:26,872 - INFO - Epoch 25, Train loss: 0.43130617630407675
2025-10-18 23:00:27,884 - INFO - mIoU: 0.9412; OA: 0.9801; AA: 0.9605; F1: 0.9694; Kappa: 0.966;
2025-10-18 23:00:27,884 - INFO - spatial_LccAccuracy: 0.8954; spatial_PA: 0.981; spatial_UA: 0.9905; spatial_F1: 0.9857
2025-10-18 23:00:27,884 - INFO - temporal_CdAccuracy: 0.7251; temporal_PA: 0.9297; temporal_UA: 0.9309; temporal_F1: 0.9303
2025-10-18 23:00:27,885 - INFO - Confusion Matrix
 [78185.	 1149.	    0.	   13.	    0.]
 [ 1168.	56224.	   69.	   24.	   57.]
 [    6.	  224.	 2322.	    0.	    0.]
 [   20.	   42.	    0.	 1237.	    0.]
 [  151.	  134.	    0.	    0.	12635.]
2025-10-18 23:00:27,885 - INFO - model saved 24 times, last saved epoch: 24.

2025-10-18 23:00:30,660 - INFO - Epoch 26, Train loss: 0.42822462449903076
2025-10-18 23:00:31,661 - INFO - mIoU: 0.942; OA: 0.9797; AA: 0.9597; F1: 0.9698; Kappa: 0.9653;
2025-10-18 23:00:31,661 - INFO - spatial_LccAccuracy: 0.8879; spatial_PA: 0.9777; spatial_UA: 0.9879; spatial_F1: 0.9827
2025-10-18 23:00:31,661 - INFO - temporal_CdAccuracy: 0.7212; temporal_PA: 0.9309; temporal_UA: 0.9296; temporal_F1: 0.9303
2025-10-18 23:00:31,662 - INFO - Confusion Matrix
 [77927.	 1401.	    1.	   18.	    0.]
 [ 1032.	56371.	   68.	    4.	   67.]
 [    6.	  225.	 2321.	    0.	    0.]
 [   13.	   59.	    0.	 1227.	    0.]
 [  119.	  104.	    0.	    0.	12697.]
2025-10-18 23:00:31,662 - INFO - model saved 24 times, last saved epoch: 24.

2025-10-18 23:00:34,258 - INFO - Epoch 27, Train loss: 0.4262812006177369
2025-10-18 23:00:35,239 - INFO - mIoU: 0.9466; OA: 0.98; AA: 0.9647; F1: 0.9723; Kappa: 0.9659;
2025-10-18 23:00:35,239 - INFO - spatial_LccAccuracy: 0.893; spatial_PA: 0.9817; spatial_UA: 0.9898; spatial_F1: 0.9857
2025-10-18 23:00:35,239 - INFO - temporal_CdAccuracy: 0.7232; temporal_PA: 0.9283; temporal_UA: 0.931; temporal_F1: 0.9296
2025-10-18 23:00:35,239 - INFO - Confusion Matrix
 [77832.	 1502.	    0.	   13.	    0.]
 [  839.	56581.	   69.	   13.	   40.]
 [    6.	  233.	 2313.	    0.	    0.]
 [   19.	   10.	    0.	 1270.	    0.]
 [  147.	  175.	    0.	    0.	12598.]
2025-10-18 23:00:35,303 - INFO - Epoch 27 saved.
2025-10-18 23:00:35,304 - INFO - model saved 25 times, last saved epoch: 27.

2025-10-18 23:00:37,830 - INFO - Epoch 28, Train loss: 0.4237280352885679
2025-10-18 23:00:38,833 - INFO - mIoU: 0.9432; OA: 0.9795; AA: 0.9696; F1: 0.9705; Kappa: 0.965;
2025-10-18 23:00:38,833 - INFO - spatial_LccAccuracy: 0.8946; spatial_PA: 0.9807; spatial_UA: 0.9861; spatial_F1: 0.9834
2025-10-18 23:00:38,833 - INFO - temporal_CdAccuracy: 0.7228; temporal_PA: 0.9315; temporal_UA: 0.9287; temporal_F1: 0.9301
2025-10-18 23:00:38,834 - INFO - Confusion Matrix
 [78548.	  786.	    0.	   12.	    1.]
 [ 1661.	55618.	  104.	   56.	  103.]
 [   11.	  175.	 2366.	    0.	    0.]
 [   25.	    0.	    0.	 1274.	    0.]
 [  156.	   54.	    0.	    0.	12710.]
2025-10-18 23:00:38,834 - INFO - model saved 25 times, last saved epoch: 27.

2025-10-18 23:00:41,565 - INFO - Epoch 29, Train loss: 0.4218566438055927
2025-10-18 23:00:42,594 - INFO - mIoU: 0.9445; OA: 0.9796; AA: 0.9652; F1: 0.9713; Kappa: 0.965;
2025-10-18 23:00:42,594 - INFO - spatial_LccAccuracy: 0.9059; spatial_PA: 0.9853; spatial_UA: 0.984; spatial_F1: 0.9846
2025-10-18 23:00:42,594 - INFO - temporal_CdAccuracy: 0.7271; temporal_PA: 0.93; temporal_UA: 0.931; temporal_F1: 0.9305
2025-10-18 23:00:42,594 - INFO - Confusion Matrix
 [78556.	  784.	    0.	    7.	    0.]
 [ 1587.	55770.	   95.	   27.	   63.]
 [   11.	  182.	 2359.	    0.	    0.]
 [   41.	    0.	    0.	 1258.	    0.]
 [  235.	  104.	    0.	    0.	12581.]
2025-10-18 23:00:42,594 - INFO - model saved 25 times, last saved epoch: 27.

2025-10-18 23:00:45,548 - INFO - Epoch 30, Train loss: 0.4190047005688922
2025-10-18 23:00:46,653 - INFO - mIoU: 0.953; OA: 0.982; AA: 0.9689; F1: 0.9756; Kappa: 0.9693;
2025-10-18 23:00:46,653 - INFO - spatial_LccAccuracy: 0.9071; spatial_PA: 0.9819; spatial_UA: 0.9908; spatial_F1: 0.9863
2025-10-18 23:00:46,653 - INFO - temporal_CdAccuracy: 0.731; temporal_PA: 0.9407; temporal_UA: 0.9388; temporal_F1: 0.9397
2025-10-18 23:00:46,653 - INFO - Confusion Matrix
 [78225.	 1107.	    0.	   15.	    0.]
 [ 1033.	56368.	   61.	    5.	   75.]
 [    7.	  230.	 2315.	    0.	    0.]
 [   10.	    5.	    0.	 1284.	    0.]
 [  130.	   81.	    0.	    0.	12709.]
2025-10-18 23:00:46,716 - INFO - Epoch 30 saved.
2025-10-18 23:00:46,717 - INFO - model saved 26 times, last saved epoch: 30.

2025-10-18 23:00:49,571 - INFO - Epoch 31, Train loss: 0.4177133515014412
2025-10-18 23:00:50,548 - INFO - mIoU: 0.9526; OA: 0.9806; AA: 0.9741; F1: 0.9754; Kappa: 0.9669;
2025-10-18 23:00:50,548 - INFO - spatial_LccAccuracy: 0.8996; spatial_PA: 0.9852; spatial_UA: 0.9899; spatial_F1: 0.9875
2025-10-18 23:00:50,549 - INFO - temporal_CdAccuracy: 0.722; temporal_PA: 0.9375; temporal_UA: 0.9317; temporal_F1: 0.9346
2025-10-18 23:00:50,549 - INFO - Confusion Matrix
 [77474.	 1856.	    2.	   15.	    0.]
 [  558.	56794.	  100.	   16.	   74.]
 [    4.	  180.	 2368.	    0.	    0.]
 [    9.	    1.	    0.	 1289.	    0.]
 [   61.	  108.	    0.	    0.	12751.]
2025-10-18 23:00:50,549 - INFO - model saved 26 times, last saved epoch: 30.

2025-10-18 23:00:53,394 - INFO - Epoch 32, Train loss: 0.41482830936123866
2025-10-18 23:00:54,370 - INFO - mIoU: 0.9473; OA: 0.9809; AA: 0.9732; F1: 0.9727; Kappa: 0.9673;
2025-10-18 23:00:54,370 - INFO - spatial_LccAccuracy: 0.9032; spatial_PA: 0.9849; spatial_UA: 0.989; spatial_F1: 0.9869
2025-10-18 23:00:54,370 - INFO - temporal_CdAccuracy: 0.729; temporal_PA: 0.9366; temporal_UA: 0.9346; temporal_F1: 0.9356
2025-10-18 23:00:54,370 - INFO - Confusion Matrix
 [78316.	 1022.	    1.	    8.	    0.]
 [ 1262.	56034.	  121.	   51.	   74.]
 [    7.	  162.	 2383.	    0.	    0.]
 [   15.	    0.	    0.	 1284.	    0.]
 [  128.	   90.	    0.	    0.	12702.]
2025-10-18 23:00:54,371 - INFO - model saved 26 times, last saved epoch: 30.

2025-10-18 23:00:57,000 - INFO - Epoch 33, Train loss: 0.4132536273935567
2025-10-18 23:00:58,118 - INFO - mIoU: 0.9529; OA: 0.9822; AA: 0.9715; F1: 0.9756; Kappa: 0.9696;
2025-10-18 23:00:58,118 - INFO - spatial_LccAccuracy: 0.911; spatial_PA: 0.9838; spatial_UA: 0.9913; spatial_F1: 0.9875
2025-10-18 23:00:58,118 - INFO - temporal_CdAccuracy: 0.7396; temporal_PA: 0.9401; temporal_UA: 0.9421; temporal_F1: 0.9411
2025-10-18 23:00:58,119 - INFO - Confusion Matrix
 [78372.	  965.	    0.	   10.	    0.]
 [ 1132.	56240.	   82.	   20.	   68.]
 [    6.	  205.	 2341.	    0.	    0.]
 [    9.	    0.	    0.	 1290.	    0.]
 [  132.	  100.	    0.	    0.	12688.]
2025-10-18 23:00:58,120 - INFO - model saved 26 times, last saved epoch: 30.

2025-10-18 23:01:00,908 - INFO - Epoch 34, Train loss: 0.4125609333100526
2025-10-18 23:01:01,981 - INFO - mIoU: 0.9504; OA: 0.9806; AA: 0.9724; F1: 0.9743; Kappa: 0.9669;
2025-10-18 23:01:01,981 - INFO - spatial_LccAccuracy: 0.8993; spatial_PA: 0.9868; spatial_UA: 0.9895; spatial_F1: 0.9881
2025-10-18 23:01:01,981 - INFO - temporal_CdAccuracy: 0.7224; temporal_PA: 0.9354; temporal_UA: 0.9296; temporal_F1: 0.9325
2025-10-18 23:01:01,982 - INFO - Confusion Matrix
 [77999.	 1340.	    1.	    7.	    0.]
 [ 1001.	56338.	  113.	   26.	   64.]
 [    6.	  167.	 2379.	    0.	    0.]
 [   18.	    0.	    0.	 1281.	    0.]
 [  149.	   89.	    0.	    0.	12682.]
2025-10-18 23:01:01,982 - INFO - model saved 26 times, last saved epoch: 30.

2025-10-18 23:01:04,945 - INFO - Epoch 35, Train loss: 0.4106077525926673
2025-10-18 23:01:06,007 - INFO - mIoU: 0.9559; OA: 0.9819; AA: 0.9733; F1: 0.9771; Kappa: 0.9691;
2025-10-18 23:01:06,007 - INFO - spatial_LccAccuracy: 0.9102; spatial_PA: 0.985; spatial_UA: 0.9925; spatial_F1: 0.9887
2025-10-18 23:01:06,007 - INFO - temporal_CdAccuracy: 0.7345; temporal_PA: 0.937; temporal_UA: 0.9388; temporal_F1: 0.9379
2025-10-18 23:01:06,007 - INFO - Confusion Matrix
 [78424.	  914.	    1.	    8.	    0.]
 [ 1270.	56090.	   93.	    7.	   82.]
 [    6.	  182.	 2364.	    0.	    0.]
 [    9.	    0.	    0.	 1290.	    0.]
 [  128.	   79.	    0.	    0.	12713.]
2025-10-18 23:01:06,071 - INFO - Epoch 35 saved.
2025-10-18 23:01:06,072 - INFO - model saved 27 times, last saved epoch: 35.

2025-10-18 23:01:08,604 - INFO - Epoch 36, Train loss: 0.40986609033175875
2025-10-18 23:01:09,687 - INFO - mIoU: 0.9574; OA: 0.9827; AA: 0.9733; F1: 0.978; Kappa: 0.9704;
2025-10-18 23:01:09,687 - INFO - spatial_LccAccuracy: 0.916; spatial_PA: 0.9835; spatial_UA: 0.9903; spatial_F1: 0.9869
2025-10-18 23:01:09,687 - INFO - temporal_CdAccuracy: 0.7388; temporal_PA: 0.9395; temporal_UA: 0.943; temporal_F1: 0.9412
2025-10-18 23:01:09,687 - INFO - Confusion Matrix
 [78095.	 1240.	    1.	   11.	    0.]
 [  849.	56562.	   71.	    5.	   55.]
 [    4.	  188.	 2360.	    0.	    0.]
 [    8.	    2.	    0.	 1289.	    0.]
 [  100.	  132.	    0.	    0.	12688.]
2025-10-18 23:01:09,751 - INFO - Epoch 36 saved.
2025-10-18 23:01:09,751 - INFO - model saved 28 times, last saved epoch: 36.

2025-10-18 23:01:12,457 - INFO - Epoch 37, Train loss: 0.40781572257509885
2025-10-18 23:01:13,367 - INFO - mIoU: 0.9577; OA: 0.9821; AA: 0.9775; F1: 0.9782; Kappa: 0.9695;
2025-10-18 23:01:13,367 - INFO - spatial_LccAccuracy: 0.9098; spatial_PA: 0.9873; spatial_UA: 0.9914; spatial_F1: 0.9893
2025-10-18 23:01:13,367 - INFO - temporal_CdAccuracy: 0.7302; temporal_PA: 0.9386; temporal_UA: 0.9388; temporal_F1: 0.9387
2025-10-18 23:01:13,368 - INFO - Confusion Matrix
 [77885.	 1453.	    1.	    8.	    0.]
 [  749.	56593.	  114.	   11.	   75.]
 [    4.	  140.	 2408.	    0.	    0.]
 [    9.	    0.	    0.	 1290.	    0.]
 [   83.	   98.	    0.	    0.	12739.]
2025-10-18 23:01:13,430 - INFO - Epoch 37 saved.
2025-10-18 23:01:13,431 - INFO - model saved 29 times, last saved epoch: 37.

2025-10-18 23:01:16,015 - INFO - Epoch 38, Train loss: 0.40717627357992325
2025-10-18 23:01:17,017 - INFO - mIoU: 0.9561; OA: 0.9818; AA: 0.9728; F1: 0.9773; Kappa: 0.9688;
2025-10-18 23:01:17,017 - INFO - spatial_LccAccuracy: 0.9145; spatial_PA: 0.9882; spatial_UA: 0.9916; spatial_F1: 0.9899
2025-10-18 23:01:17,017 - INFO - temporal_CdAccuracy: 0.7333; temporal_PA: 0.9417; temporal_UA: 0.9407; temporal_F1: 0.9412
2025-10-18 23:01:17,017 - INFO - Confusion Matrix
 [77999.	 1341.	    1.	    6.	    0.]
 [  836.	56562.	   95.	    3.	   46.]
 [    5.	  182.	 2365.	    0.	    0.]
 [    9.	    0.	    0.	 1290.	    0.]
 [  137.	  142.	    0.	    0.	12641.]
2025-10-18 23:01:17,018 - INFO - model saved 29 times, last saved epoch: 37.

2025-10-18 23:01:19,836 - INFO - Epoch 39, Train loss: 0.40610157425359167
2025-10-18 23:01:20,888 - INFO - mIoU: 0.9523; OA: 0.9809; AA: 0.9725; F1: 0.9753; Kappa: 0.9672;
2025-10-18 23:01:20,888 - INFO - spatial_LccAccuracy: 0.909; spatial_PA: 0.9833; spatial_UA: 0.9894; spatial_F1: 0.9863
2025-10-18 23:01:20,888 - INFO - temporal_CdAccuracy: 0.7306; temporal_PA: 0.9354; temporal_UA: 0.9348; temporal_F1: 0.9351
2025-10-18 23:01:20,889 - INFO - Confusion Matrix
 [78551.	  790.	    0.	    6.	    0.]
 [ 1503.	55836.	  103.	   22.	   78.]
 [    9.	  168.	 2375.	    0.	    0.]
 [   12.	    0.	    0.	 1287.	    0.]
 [  174.	   76.	    0.	    0.	12670.]
2025-10-18 23:01:20,889 - INFO - model saved 29 times, last saved epoch: 37.

2025-10-18 23:01:23,785 - INFO - Epoch 40, Train loss: 0.4057943669165143
2025-10-18 23:01:24,785 - INFO - mIoU: 0.9496; OA: 0.9819; AA: 0.9714; F1: 0.9739; Kappa: 0.9691;
2025-10-18 23:01:24,785 - INFO - spatial_LccAccuracy: 0.9082; spatial_PA: 0.9875; spatial_UA: 0.9888; spatial_F1: 0.9882
2025-10-18 23:01:24,785 - INFO - temporal_CdAccuracy: 0.7317; temporal_PA: 0.9433; temporal_UA: 0.9402; temporal_F1: 0.9418
2025-10-18 23:01:24,785 - INFO - Confusion Matrix
 [78020.	 1317.	    1.	    6.	    3.]
 [  864.	56431.	   75.	   41.	  131.]
 [    5.	  209.	 2338.	    0.	    0.]
 [   19.	    0.	    0.	 1280.	    0.]
 [   55.	   57.	    0.	    0.	12808.]
2025-10-18 23:01:24,786 - INFO - model saved 29 times, last saved epoch: 37.

2025-10-18 23:01:27,666 - INFO - Epoch 41, Train loss: 0.406774423877645
2025-10-18 23:01:28,698 - INFO - mIoU: 0.9581; OA: 0.9824; AA: 0.9759; F1: 0.9783; Kappa: 0.9699;
2025-10-18 23:01:28,698 - INFO - spatial_LccAccuracy: 0.9141; spatial_PA: 0.9805; spatial_UA: 0.9922; spatial_F1: 0.9863
2025-10-18 23:01:28,699 - INFO - temporal_CdAccuracy: 0.7419; temporal_PA: 0.9435; temporal_UA: 0.9442; temporal_F1: 0.9439
2025-10-18 23:01:28,699 - INFO - Confusion Matrix
 [78369.	  969.	    1.	    8.	    0.]
 [ 1171.	56170.	  105.	    4.	   92.]
 [    5.	  157.	 2390.	    0.	    0.]
 [    8.	    0.	    0.	 1291.	    0.]
 [  113.	   75.	    0.	    0.	12732.]
2025-10-18 23:01:28,761 - INFO - Epoch 41 saved.
2025-10-18 23:01:28,762 - INFO - model saved 30 times, last saved epoch: 41.

2025-10-18 23:01:31,564 - INFO - Epoch 42, Train loss: 0.40473408339926914
2025-10-18 23:01:32,619 - INFO - mIoU: 0.9525; OA: 0.9812; AA: 0.9773; F1: 0.9754; Kappa: 0.9679;
2025-10-18 23:01:32,619 - INFO - spatial_LccAccuracy: 0.9078; spatial_PA: 0.9865; spatial_UA: 0.9886; spatial_F1: 0.9876
2025-10-18 23:01:32,620 - INFO - temporal_CdAccuracy: 0.7325; temporal_PA: 0.9388; temporal_UA: 0.9389; temporal_F1: 0.9389
2025-10-18 23:01:32,620 - INFO - Confusion Matrix
 [78475.	  865.	    1.	    6.	    0.]
 [ 1408.	55856.	  159.	   27.	   92.]
 [    9.	  116.	 2427.	    0.	    0.]
 [   13.	    0.	    0.	 1286.	    0.]
 [  116.	   70.	    0.	    0.	12734.]
2025-10-18 23:01:32,620 - INFO - model saved 30 times, last saved epoch: 41.

2025-10-18 23:01:35,559 - INFO - Epoch 43, Train loss: 0.4030784090853626
2025-10-18 23:01:36,568 - INFO - mIoU: 0.9556; OA: 0.9824; AA: 0.9738; F1: 0.9771; Kappa: 0.9699;
2025-10-18 23:01:36,569 - INFO - spatial_LccAccuracy: 0.918; spatial_PA: 0.988; spatial_UA: 0.9907; spatial_F1: 0.9893
2025-10-18 23:01:36,569 - INFO - temporal_CdAccuracy: 0.736; temporal_PA: 0.9431; temporal_UA: 0.9395; temporal_F1: 0.9413
2025-10-18 23:01:36,570 - INFO - Confusion Matrix
 [78200.	 1140.	    1.	    6.	    0.]
 [  901.	56468.	  108.	    9.	   56.]
 [    6.	  160.	 2386.	    0.	    0.]
 [   11.	    0.	    0.	 1288.	    0.]
 [  175.	  137.	    0.	    0.	12608.]
2025-10-18 23:01:36,571 - INFO - model saved 30 times, last saved epoch: 41.

2025-10-18 23:01:39,600 - INFO - Epoch 44, Train loss: 0.4027383573677229
2025-10-18 23:01:40,604 - INFO - mIoU: 0.9571; OA: 0.9834; AA: 0.9732; F1: 0.9777; Kappa: 0.9716;
2025-10-18 23:01:40,604 - INFO - spatial_LccAccuracy: 0.9192; spatial_PA: 0.9875; spatial_UA: 0.9923; spatial_F1: 0.9899
2025-10-18 23:01:40,604 - INFO - temporal_CdAccuracy: 0.7427; temporal_PA: 0.9435; temporal_UA: 0.9454; temporal_F1: 0.9445
2025-10-18 23:01:40,605 - INFO - Confusion Matrix
 [78344.	 1000.	    1.	    2.	    0.]
 [  983.	56367.	   88.	    8.	   96.]
 [    4.	  196.	 2352.	    0.	    0.]
 [   13.	    0.	    0.	 1286.	    0.]
 [   93.	   72.	    0.	    0.	12755.]
2025-10-18 23:01:40,605 - INFO - model saved 30 times, last saved epoch: 41.

2025-10-18 23:01:43,559 - INFO - Epoch 45, Train loss: 0.4018764375529674
2025-10-18 23:01:44,466 - INFO - mIoU: 0.9602; OA: 0.9834; AA: 0.9761; F1: 0.9794; Kappa: 0.9716;
2025-10-18 23:01:44,466 - INFO - spatial_LccAccuracy: 0.9184; spatial_PA: 0.9885; spatial_UA: 0.9926; spatial_F1: 0.9905
2025-10-18 23:01:44,466 - INFO - temporal_CdAccuracy: 0.7442; temporal_PA: 0.9455; temporal_UA: 0.9463; temporal_F1: 0.9459
2025-10-18 23:01:44,467 - INFO - Confusion Matrix
 [78415.	  928.	    1.	    3.	    0.]
 [ 1066.	56286.	   96.	    3.	   91.]
 [    5.	  160.	 2387.	    0.	    0.]
 [    8.	    0.	    0.	 1291.	    0.]
 [  115.	   79.	    0.	    0.	12726.]
2025-10-18 23:01:44,543 - INFO - Epoch 45 saved.
2025-10-18 23:01:44,544 - INFO - model saved 31 times, last saved epoch: 45.

2025-10-18 23:01:47,328 - INFO - Epoch 46, Train loss: 0.4013770678028557
2025-10-18 23:01:48,381 - INFO - mIoU: 0.9571; OA: 0.9826; AA: 0.9775; F1: 0.9779; Kappa: 0.9702;
2025-10-18 23:01:48,382 - INFO - spatial_LccAccuracy: 0.9153; spatial_PA: 0.9852; spatial_UA: 0.9934; spatial_F1: 0.9893
2025-10-18 23:01:48,382 - INFO - temporal_CdAccuracy: 0.7431; temporal_PA: 0.9461; temporal_UA: 0.9438; temporal_F1: 0.9449
2025-10-18 23:01:48,383 - INFO - Confusion Matrix
 [78418.	  922.	    1.	    6.	    0.]
 [ 1166.	56171.	  132.	   14.	   59.]
 [    5.	  122.	 2425.	    0.	    0.]
 [   11.	    0.	    0.	 1288.	    0.]
 [  125.	  117.	    0.	    0.	12678.]
2025-10-18 23:01:48,384 - INFO - model saved 31 times, last saved epoch: 45.

2025-10-18 23:01:51,109 - INFO - Epoch 47, Train loss: 0.4010899707397319
2025-10-18 23:01:52,141 - INFO - mIoU: 0.9562; OA: 0.9826; AA: 0.9773; F1: 0.9774; Kappa: 0.9703;
2025-10-18 23:01:52,141 - INFO - spatial_LccAccuracy: 0.9164; spatial_PA: 0.9878; spatial_UA: 0.9932; spatial_F1: 0.9905
2025-10-18 23:01:52,141 - INFO - temporal_CdAccuracy: 0.7399; temporal_PA: 0.9452; temporal_UA: 0.9429; temporal_F1: 0.9441
2025-10-18 23:01:52,142 - INFO - Confusion Matrix
 [78061.	 1281.	    1.	    4.	    0.]
 [  755.	56586.	  129.	   21.	   51.]
 [    4.	  131.	 2417.	    0.	    0.]
 [    7.	    0.	    0.	 1292.	    0.]
 [  128.	  160.	    0.	    0.	12632.]
2025-10-18 23:01:52,143 - INFO - model saved 31 times, last saved epoch: 45.

2025-10-18 23:01:54,789 - INFO - Epoch 48, Train loss: 0.40116637334320115
2025-10-18 23:01:55,898 - INFO - mIoU: 0.9519; OA: 0.9802; AA: 0.9772; F1: 0.9751; Kappa: 0.9661;
2025-10-18 23:01:55,898 - INFO - spatial_LccAccuracy: 0.9137; spatial_PA: 0.9885; spatial_UA: 0.9926; spatial_F1: 0.9905
2025-10-18 23:01:55,898 - INFO - temporal_CdAccuracy: 0.7271; temporal_PA: 0.9368; temporal_UA: 0.9307; temporal_F1: 0.9337
2025-10-18 23:01:55,899 - INFO - Confusion Matrix
 [78737.	  608.	    0.	    2.	    0.]
 [ 1812.	55415.	  154.	   33.	  128.]
 [    7.	  115.	 2430.	    0.	    0.]
 [   10.	    0.	    0.	 1289.	    0.]
 [  140.	   40.	    0.	    0.	12740.]
2025-10-18 23:01:55,899 - INFO - model saved 31 times, last saved epoch: 45.

2025-10-18 23:01:58,602 - INFO - Epoch 49, Train loss: 0.400487724668491
2025-10-18 23:01:59,677 - INFO - mIoU: 0.9544; OA: 0.9819; AA: 0.9732; F1: 0.9764; Kappa: 0.969;
2025-10-18 23:01:59,677 - INFO - spatial_LccAccuracy: 0.916; spatial_PA: 0.9855; spatial_UA: 0.9944; spatial_F1: 0.9899
2025-10-18 23:01:59,678 - INFO - temporal_CdAccuracy: 0.7415; temporal_PA: 0.946; temporal_UA: 0.9433; temporal_F1: 0.9447
2025-10-18 23:01:59,678 - INFO - Confusion Matrix
 [78592.	  751.	    0.	    4.	    0.]
 [ 1330.	56007.	  127.	    7.	   71.]
 [    4.	  160.	 2388.	    0.	    0.]
 [   11.	    0.	    0.	 1288.	    0.]
 [  234.	   89.	    0.	    0.	12597.]
2025-10-18 23:01:59,679 - INFO - model saved 31 times, last saved epoch: 45.

2025-10-18 23:02:02,325 - INFO - Epoch 50, Train loss: 0.4004650104860341
2025-10-18 23:02:03,357 - INFO - mIoU: 0.9611; OA: 0.9834; AA: 0.978; F1: 0.9799; Kappa: 0.9717;
2025-10-18 23:02:03,357 - INFO - spatial_LccAccuracy: 0.9211; spatial_PA: 0.9887; spatial_UA: 0.9935; spatial_F1: 0.9911
2025-10-18 23:02:03,357 - INFO - temporal_CdAccuracy: 0.7419; temporal_PA: 0.9461; temporal_UA: 0.9437; temporal_F1: 0.9449
2025-10-18 23:02:03,357 - INFO - Confusion Matrix
 [78181.	 1159.	    1.	    6.	    0.]
 [  864.	56511.	  101.	    5.	   61.]
 [    5.	  134.	 2413.	    0.	    0.]
 [    8.	    2.	    0.	 1289.	    0.]
 [   78.	  120.	    0.	    0.	12722.]
2025-10-18 23:02:03,432 - INFO - Epoch 50 saved.
2025-10-18 23:02:03,433 - INFO - model saved 32 times, last saved epoch: 50.

2025-10-18 23:02:05,993 - INFO - Epoch 51, Train loss: 0.3997866729771869
2025-10-18 23:02:06,956 - INFO - mIoU: 0.9559; OA: 0.9832; AA: 0.973; F1: 0.9772; Kappa: 0.9712;
2025-10-18 23:02:06,957 - INFO - spatial_LccAccuracy: 0.9157; spatial_PA: 0.9863; spatial_UA: 0.9911; spatial_F1: 0.9887
2025-10-18 23:02:06,957 - INFO - temporal_CdAccuracy: 0.7431; temporal_PA: 0.9481; temporal_UA: 0.9445; temporal_F1: 0.9463
2025-10-18 23:02:06,957 - INFO - Confusion Matrix
 [78300.	 1037.	    1.	    9.	    0.]
 [  979.	56399.	  108.	    1.	   55.]
 [    4.	  147.	 2401.	    0.	    0.]
 [    5.	   29.	    0.	 1265.	    0.]
 [   86.	  128.	    0.	    0.	12706.]
2025-10-18 23:02:06,958 - INFO - model saved 32 times, last saved epoch: 50.

2025-10-18 23:02:09,569 - INFO - Epoch 52, Train loss: 0.39849052240389476
2025-10-18 23:02:10,536 - INFO - mIoU: 0.9518; OA: 0.979; AA: 0.967; F1: 0.975; Kappa: 0.9643;
2025-10-18 23:02:10,536 - INFO - spatial_LccAccuracy: 0.9004; spatial_PA: 0.987; spatial_UA: 0.9904; spatial_F1: 0.9887
2025-10-18 23:02:10,536 - INFO - temporal_CdAccuracy: 0.715; temporal_PA: 0.9331; temporal_UA: 0.9263; temporal_F1: 0.9297
2025-10-18 23:02:10,537 - INFO - Confusion Matrix
 [77081.	 2257.	    1.	    8.	    0.]
 [  400.	57052.	   49.	    0.	   41.]
 [    2.	  224.	 2326.	    0.	    0.]
 [    5.	   25.	    0.	 1269.	    0.]
 [   30.	  180.	    0.	    0.	12710.]
2025-10-18 23:02:10,537 - INFO - model saved 32 times, last saved epoch: 50.

2025-10-18 23:02:13,217 - INFO - Epoch 53, Train loss: 0.39986330141191895
2025-10-18 23:02:14,164 - INFO - mIoU: 0.9602; OA: 0.9829; AA: 0.9785; F1: 0.9795; Kappa: 0.9709;
2025-10-18 23:02:14,164 - INFO - spatial_LccAccuracy: 0.9231; spatial_PA: 0.988; spatial_UA: 0.9907; spatial_F1: 0.9893
2025-10-18 23:02:14,164 - INFO - temporal_CdAccuracy: 0.7384; temporal_PA: 0.9458; temporal_UA: 0.9416; temporal_F1: 0.9437
2025-10-18 23:02:14,165 - INFO - Confusion Matrix
 [78051.	 1293.	    1.	    2.	    0.]
 [  805.	56530.	  108.	   11.	   88.]
 [    4.	  127.	 2421.	    0.	    0.]
 [   12.	    0.	    0.	 1287.	    0.]
 [   88.	   83.	    0.	    0.	12749.]
2025-10-18 23:02:14,166 - INFO - model saved 32 times, last saved epoch: 50.

2025-10-18 23:02:16,930 - INFO - Epoch 54, Train loss: 0.398923647329674
2025-10-18 23:02:17,924 - INFO - mIoU: 0.958; OA: 0.983; AA: 0.9723; F1: 0.9783; Kappa: 0.9709;
2025-10-18 23:02:17,924 - INFO - spatial_LccAccuracy: 0.9203; spatial_PA: 0.9854; spatial_UA: 0.9909; spatial_F1: 0.9881
2025-10-18 23:02:17,924 - INFO - temporal_CdAccuracy: 0.7423; temporal_PA: 0.946; temporal_UA: 0.9405; temporal_F1: 0.9432
2025-10-18 23:02:17,925 - INFO - Confusion Matrix
 [78402.	  940.	    1.	    4.	    0.]
 [ 1047.	56344.	   73.	    1.	   77.]
 [    4.	  192.	 2356.	    0.	    0.]
 [    8.	    3.	    0.	 1288.	    0.]
 [  144.	  123.	    0.	    0.	12653.]
2025-10-18 23:02:17,926 - INFO - model saved 32 times, last saved epoch: 50.

2025-10-18 23:02:20,711 - INFO - Epoch 55, Train loss: 0.3997824856583376
2025-10-18 23:02:21,689 - INFO - mIoU: 0.9527; OA: 0.9827; AA: 0.967; F1: 0.9756; Kappa: 0.9705;
2025-10-18 23:02:21,689 - INFO - spatial_LccAccuracy: 0.9102; spatial_PA: 0.9833; spatial_UA: 0.9894; spatial_F1: 0.9863
2025-10-18 23:02:21,689 - INFO - temporal_CdAccuracy: 0.7298; temporal_PA: 0.9469; temporal_UA: 0.9401; temporal_F1: 0.9435
2025-10-18 23:02:21,690 - INFO - Confusion Matrix
 [77914.	 1427.	    1.	    5.	    0.]
 [  618.	56797.	   69.	    0.	   58.]
 [    3.	  199.	 2350.	    0.	    0.]
 [    9.	   39.	    0.	 1251.	    0.]
 [   82.	  146.	    0.	    0.	12692.]
2025-10-18 23:02:21,690 - INFO - model saved 32 times, last saved epoch: 50.

2025-10-18 23:02:24,422 - INFO - Epoch 56, Train loss: 0.3984157805857451
2025-10-18 23:02:25,396 - INFO - mIoU: 0.9555; OA: 0.9808; AA: 0.9797; F1: 0.977; Kappa: 0.9673;
2025-10-18 23:02:25,397 - INFO - spatial_LccAccuracy: 0.9059; spatial_PA: 0.9863; spatial_UA: 0.9911; spatial_F1: 0.9887
2025-10-18 23:02:25,397 - INFO - temporal_CdAccuracy: 0.7161; temporal_PA: 0.9498; temporal_UA: 0.9267; temporal_F1: 0.9381
2025-10-18 23:02:25,398 - INFO - Confusion Matrix
 [78273.	 1072.	    0.	    2.	    0.]
 [ 1241.	56032.	  173.	   19.	   77.]
 [    5.	   88.	 2459.	    0.	    0.]
 [    7.	    0.	    0.	 1292.	    0.]
 [  161.	   98.	    0.	    0.	12661.]
2025-10-18 23:02:25,399 - INFO - model saved 32 times, last saved epoch: 50.

2025-10-18 23:02:28,173 - INFO - Epoch 57, Train loss: 0.3990182091730722
2025-10-18 23:02:29,054 - INFO - mIoU: 0.9569; OA: 0.9833; AA: 0.9737; F1: 0.9778; Kappa: 0.9714;
2025-10-18 23:02:29,054 - INFO - spatial_LccAccuracy: 0.9215; spatial_PA: 0.9868; spatial_UA: 0.9895; spatial_F1: 0.9881
2025-10-18 23:02:29,054 - INFO - temporal_CdAccuracy: 0.7466; temporal_PA: 0.9487; temporal_UA: 0.9473; temporal_F1: 0.948
2025-10-18 23:02:29,055 - INFO - Confusion Matrix
 [78545.	  798.	    1.	    3.	    0.]
 [ 1145.	56215.	   90.	   13.	   79.]
 [    5.	  170.	 2377.	    0.	    0.]
 [   13.	    0.	    0.	 1286.	    0.]
 [  173.	   80.	    0.	    0.	12667.]
2025-10-18 23:02:29,055 - INFO - model saved 32 times, last saved epoch: 50.

2025-10-18 23:02:31,675 - INFO - Epoch 58, Train loss: 0.3976962377565988
2025-10-18 23:02:32,607 - INFO - mIoU: 0.9621; OA: 0.9837; AA: 0.977; F1: 0.9805; Kappa: 0.9722;
2025-10-18 23:02:32,607 - INFO - spatial_LccAccuracy: 0.9227; spatial_PA: 0.9882; spatial_UA: 0.9916; spatial_F1: 0.9899
2025-10-18 23:02:32,607 - INFO - temporal_CdAccuracy: 0.7407; temporal_PA: 0.9504; temporal_UA: 0.9454; temporal_F1: 0.9479
2025-10-18 23:02:32,608 - INFO - Confusion Matrix
 [78056.	 1287.	    1.	    3.	    0.]
 [  711.	56655.	   82.	    0.	   94.]
 [    3.	  163.	 2386.	    0.	    0.]
 [    7.	    2.	    0.	 1290.	    0.]
 [   73.	   76.	    0.	    0.	12771.]
2025-10-18 23:02:32,673 - INFO - Epoch 58 saved.
2025-10-18 23:02:32,674 - INFO - model saved 33 times, last saved epoch: 58.

2025-10-18 23:02:35,386 - INFO - Epoch 59, Train loss: 0.39935975748559704
2025-10-18 23:02:36,360 - INFO - mIoU: 0.9606; OA: 0.9831; AA: 0.9771; F1: 0.9797; Kappa: 0.9711;
2025-10-18 23:02:36,360 - INFO - spatial_LccAccuracy: 0.9203; spatial_PA: 0.9845; spatial_UA: 0.9906; spatial_F1: 0.9875
2025-10-18 23:02:36,360 - INFO - temporal_CdAccuracy: 0.7411; temporal_PA: 0.949; temporal_UA: 0.946; temporal_F1: 0.9475
2025-10-18 23:02:36,360 - INFO - Confusion Matrix
 [78241.	 1099.	    1.	    6.	    0.]
 [  943.	56437.	   92.	    5.	   65.]
 [    4.	  140.	 2408.	    0.	    0.]
 [    6.	    3.	    0.	 1290.	    0.]
 [  117.	  117.	    0.	    0.	12686.]
2025-10-18 23:02:36,361 - INFO - model saved 33 times, last saved epoch: 58.

2025-10-18 23:02:39,286 - INFO - Epoch 60, Train loss: 0.3973426894741769
2025-10-18 23:02:40,281 - INFO - mIoU: 0.9549; OA: 0.981; AA: 0.9819; F1: 0.9767; Kappa: 0.9675;
2025-10-18 23:02:40,281 - INFO - spatial_LccAccuracy: 0.9153; spatial_PA: 0.9824; spatial_UA: 0.9927; spatial_F1: 0.9875
2025-10-18 23:02:40,281 - INFO - temporal_CdAccuracy: 0.7325; temporal_PA: 0.9442; temporal_UA: 0.9373; temporal_F1: 0.9407
2025-10-18 23:02:40,281 - INFO - Confusion Matrix
 [78714.	  626.	    2.	    5.	    0.]
 [ 1713.	55482.	  199.	   22.	  126.]
 [    4.	   79.	 2469.	    0.	    0.]
 [    5.	    0.	    0.	 1294.	    0.]
 [   97.	   39.	    0.	    0.	12784.]
2025-10-18 23:02:40,282 - INFO - model saved 33 times, last saved epoch: 58.

2025-10-18 23:02:43,160 - INFO - Epoch 61, Train loss: 0.3970762815164483
2025-10-18 23:02:44,293 - INFO - mIoU: 0.9558; OA: 0.983; AA: 0.9686; F1: 0.9771; Kappa: 0.9709;
2025-10-18 23:02:44,293 - INFO - spatial_LccAccuracy: 0.9172; spatial_PA: 0.9845; spatial_UA: 0.9906; spatial_F1: 0.9875
2025-10-18 23:02:44,293 - INFO - temporal_CdAccuracy: 0.7337; temporal_PA: 0.9463; temporal_UA: 0.9414; temporal_F1: 0.9438
2025-10-18 23:02:44,294 - INFO - Confusion Matrix
 [78168.	 1176.	    1.	    2.	    0.]
 [  835.	56607.	   61.	    0.	   39.]
 [    3.	  212.	 2337.	    0.	    0.]
 [    8.	   20.	    0.	 1271.	    0.]
 [   87.	  175.	    0.	    0.	12658.]
2025-10-18 23:02:44,294 - INFO - model saved 33 times, last saved epoch: 58.

2025-10-18 23:02:47,033 - INFO - Epoch 62, Train loss: 0.39807460600544947
2025-10-18 23:02:48,011 - INFO - mIoU: 0.9616; OA: 0.9836; AA: 0.9773; F1: 0.9802; Kappa: 0.972;
2025-10-18 23:02:48,011 - INFO - spatial_LccAccuracy: 0.9219; spatial_PA: 0.9873; spatial_UA: 0.9914; spatial_F1: 0.9893
2025-10-18 23:02:48,012 - INFO - temporal_CdAccuracy: 0.7419; temporal_PA: 0.9468; temporal_UA: 0.9472; temporal_F1: 0.947
2025-10-18 23:02:48,012 - INFO - Confusion Matrix
 [78232.	 1111.	    2.	    2.	    0.]
 [  887.	56478.	   97.	    2.	   78.]
 [    2.	  148.	 2402.	    0.	    0.]
 [    7.	    3.	    0.	 1289.	    0.]
 [   97.	   87.	    0.	    0.	12736.]
2025-10-18 23:02:48,013 - INFO - model saved 33 times, last saved epoch: 58.

2025-10-18 23:02:50,736 - INFO - Epoch 63, Train loss: 0.3968913127546725
2025-10-18 23:02:51,862 - INFO - mIoU: 0.9563; OA: 0.9828; AA: 0.9783; F1: 0.9775; Kappa: 0.9707;
2025-10-18 23:02:51,862 - INFO - spatial_LccAccuracy: 0.9125; spatial_PA: 0.9917; spatial_UA: 0.9917; spatial_F1: 0.9917
2025-10-18 23:02:51,862 - INFO - temporal_CdAccuracy: 0.7314; temporal_PA: 0.9516; temporal_UA: 0.9416; temporal_F1: 0.9466
2025-10-18 23:02:51,863 - INFO - Confusion Matrix
 [78288.	 1053.	    1.	    5.	    0.]
 [  989.	56333.	  123.	   29.	   68.]
 [    3.	  127.	 2422.	    0.	    0.]
 [    7.	    0.	    0.	 1292.	    0.]
 [  130.	  103.	    0.	    0.	12687.]
2025-10-18 23:02:51,864 - INFO - model saved 33 times, last saved epoch: 58.

2025-10-18 23:02:54,788 - INFO - Epoch 64, Train loss: 0.3984962487072678
2025-10-18 23:02:55,815 - INFO - mIoU: 0.9601; OA: 0.984; AA: 0.9748; F1: 0.9794; Kappa: 0.9726;
2025-10-18 23:02:55,815 - INFO - spatial_LccAccuracy: 0.9219; spatial_PA: 0.9847; spatial_UA: 0.9915; spatial_F1: 0.9881
2025-10-18 23:02:55,815 - INFO - temporal_CdAccuracy: 0.7442; temporal_PA: 0.9496; temporal_UA: 0.9473; temporal_F1: 0.9484
2025-10-18 23:02:55,815 - INFO - Confusion Matrix
 [78357.	  986.	    0.	    4.	    0.]
 [  973.	56429.	   70.	    9.	   61.]
 [    4.	  176.	 2372.	    0.	    0.]
 [    9.	    5.	    0.	 1285.	    0.]
 [   72.	   97.	    0.	    0.	12751.]
2025-10-18 23:02:55,816 - INFO - model saved 33 times, last saved epoch: 58.

2025-10-18 23:02:58,835 - INFO - Epoch 65, Train loss: 0.3971851436617952
2025-10-18 23:02:59,815 - INFO - mIoU: 0.9603; OA: 0.9826; AA: 0.9748; F1: 0.9795; Kappa: 0.9704;
2025-10-18 23:02:59,815 - INFO - spatial_LccAccuracy: 0.9153; spatial_PA: 0.9826; spatial_UA: 0.9901; spatial_F1: 0.9863
2025-10-18 23:02:59,815 - INFO - temporal_CdAccuracy: 0.731; temporal_PA: 0.9524; temporal_UA: 0.9366; temporal_F1: 0.9444
2025-10-18 23:02:59,816 - INFO - Confusion Matrix
 [77822.	 1522.	    0.	    3.	    0.]
 [  637.	56746.	   67.	    1.	   91.]
 [    3.	  175.	 2374.	    0.	    0.]
 [    4.	   11.	    0.	 1284.	    0.]
 [   81.	   72.	    0.	    0.	12767.]
2025-10-18 23:02:59,816 - INFO - model saved 33 times, last saved epoch: 58.

2025-10-18 23:03:02,630 - INFO - Epoch 66, Train loss: 0.3964413489614214
2025-10-18 23:03:03,659 - INFO - mIoU: 0.9603; OA: 0.9834; AA: 0.9763; F1: 0.9796; Kappa: 0.9716;
2025-10-18 23:03:03,659 - INFO - spatial_LccAccuracy: 0.916; spatial_PA: 0.9838; spatial_UA: 0.9913; spatial_F1: 0.9875
2025-10-18 23:03:03,659 - INFO - temporal_CdAccuracy: 0.738; temporal_PA: 0.9494; temporal_UA: 0.9432; temporal_F1: 0.9463
2025-10-18 23:03:03,659 - INFO - Confusion Matrix
 [78494.	  843.	    1.	    9.	    0.]
 [ 1184.	56197.	   87.	    3.	   71.]
 [    3.	  146.	 2403.	    0.	    0.]
 [    6.	    8.	    0.	 1285.	    0.]
 [   88.	  108.	    0.	    0.	12724.]
2025-10-18 23:03:03,660 - INFO - model saved 33 times, last saved epoch: 58.

2025-10-18 23:03:06,350 - INFO - Epoch 67, Train loss: 0.3968671101220646
2025-10-18 23:03:07,520 - INFO - mIoU: 0.9597; OA: 0.9824; AA: 0.9794; F1: 0.9792; Kappa: 0.97;
2025-10-18 23:03:07,520 - INFO - spatial_LccAccuracy: 0.9203; spatial_PA: 0.9882; spatial_UA: 0.9916; spatial_F1: 0.9899
2025-10-18 23:03:07,521 - INFO - temporal_CdAccuracy: 0.7333; temporal_PA: 0.9477; temporal_UA: 0.9413; temporal_F1: 0.9445
2025-10-18 23:03:07,521 - INFO - Confusion Matrix
 [77853.	 1491.	    1.	    2.	    0.]
 [  672.	56675.	  127.	   12.	   56.]
 [    3.	  118.	 2431.	    0.	    0.]
 [    7.	    0.	    0.	 1292.	    0.]
 [   80.	  131.	    0.	    0.	12709.]
2025-10-18 23:03:07,521 - INFO - model saved 33 times, last saved epoch: 58.

2025-10-18 23:03:10,172 - INFO - Epoch 68, Train loss: 0.39878240579403706
2025-10-18 23:03:11,279 - INFO - mIoU: 0.9621; OA: 0.9828; AA: 0.9816; F1: 0.9805; Kappa: 0.9707;
2025-10-18 23:03:11,279 - INFO - spatial_LccAccuracy: 0.9192; spatial_PA: 0.9885; spatial_UA: 0.9926; spatial_F1: 0.9905
2025-10-18 23:03:11,279 - INFO - temporal_CdAccuracy: 0.7329; temporal_PA: 0.9538; temporal_UA: 0.941; temporal_F1: 0.9473
2025-10-18 23:03:11,279 - INFO - Confusion Matrix
 [77847.	 1496.	    1.	    2.	    1.]
 [  673.	56634.	  138.	    3.	   94.]
 [    3.	  101.	 2448.	    0.	    0.]
 [    9.	    0.	    0.	 1290.	    0.]
 [   26.	   97.	    0.	    0.	12797.]
2025-10-18 23:03:11,280 - INFO - model saved 33 times, last saved epoch: 58.

2025-10-18 23:03:14,263 - INFO - Epoch 69, Train loss: 0.3961640000343323
2025-10-18 23:03:15,219 - INFO - mIoU: 0.9597; OA: 0.9837; AA: 0.9793; F1: 0.9793; Kappa: 0.9721;
2025-10-18 23:03:15,219 - INFO - spatial_LccAccuracy: 0.9235; spatial_PA: 0.9868; spatial_UA: 0.993; spatial_F1: 0.9899
2025-10-18 23:03:15,219 - INFO - temporal_CdAccuracy: 0.7403; temporal_PA: 0.951; temporal_UA: 0.9442; temporal_F1: 0.9476
2025-10-18 23:03:15,219 - INFO - Confusion Matrix
 [78349.	  989.	    3.	    6.	    0.]
 [  926.	56413.	  129.	   11.	   63.]
 [    3.	  106.	 2443.	    0.	    0.]
 [    6.	    5.	    0.	 1288.	    0.]
 [  159.	  100.	    0.	    0.	12661.]
2025-10-18 23:03:15,219 - INFO - model saved 33 times, last saved epoch: 58.

2025-10-18 23:03:18,147 - INFO - Epoch 70, Train loss: 0.39623912206347683
2025-10-18 23:03:19,316 - INFO - mIoU: 0.9619; OA: 0.9844; AA: 0.9779; F1: 0.9804; Kappa: 0.9733;
2025-10-18 23:03:19,316 - INFO - spatial_LccAccuracy: 0.9266; spatial_PA: 0.9875; spatial_UA: 0.9923; spatial_F1: 0.9899
2025-10-18 23:03:19,316 - INFO - temporal_CdAccuracy: 0.7415; temporal_PA: 0.9531; temporal_UA: 0.9466; temporal_F1: 0.9498
2025-10-18 23:03:19,317 - INFO - Confusion Matrix
 [78178.	 1164.	    1.	    4.	    0.]
 [  731.	56629.	   90.	    6.	   86.]
 [    4.	  144.	 2404.	    0.	    0.]
 [    6.	    6.	    0.	 1287.	    0.]
 [   69.	   92.	    0.	    0.	12759.]
2025-10-18 23:03:19,317 - INFO - model saved 33 times, last saved epoch: 58.

2025-10-18 23:03:22,060 - INFO - Epoch 71, Train loss: 0.3967102244033577
2025-10-18 23:03:23,060 - INFO - mIoU: 0.96; OA: 0.983; AA: 0.9761; F1: 0.9793; Kappa: 0.9709;
2025-10-18 23:03:23,061 - INFO - spatial_LccAccuracy: 0.925; spatial_PA: 0.9827; spatial_UA: 0.9937; spatial_F1: 0.9881
2025-10-18 23:03:23,061 - INFO - temporal_CdAccuracy: 0.7442; temporal_PA: 0.9502; temporal_UA: 0.9447; temporal_F1: 0.9474
2025-10-18 23:03:23,062 - INFO - Confusion Matrix
 [78568.	  777.	    0.	    2.	    0.]
 [ 1275.	56064.	   99.	    3.	  101.]
 [    4.	  160.	 2388.	    0.	    0.]
 [    7.	    0.	    0.	 1292.	    0.]
 [  128.	   57.	    0.	    0.	12735.]
2025-10-18 23:03:23,063 - INFO - model saved 33 times, last saved epoch: 58.

2025-10-18 23:03:25,871 - INFO - Epoch 72, Train loss: 0.39660165546843723
2025-10-18 23:03:26,913 - INFO - mIoU: 0.954; OA: 0.9809; AA: 0.9686; F1: 0.9762; Kappa: 0.9675;
2025-10-18 23:03:26,913 - INFO - spatial_LccAccuracy: 0.9036; spatial_PA: 0.9793; spatial_UA: 0.9874; spatial_F1: 0.9833
2025-10-18 23:03:26,913 - INFO - temporal_CdAccuracy: 0.7255; temporal_PA: 0.9417; temporal_UA: 0.9351; temporal_F1: 0.9384
2025-10-18 23:03:26,913 - INFO - Confusion Matrix
 [77393.	 1947.	    2.	    5.	    0.]
 [  429.	56999.	   58.	    0.	   56.]
 [    1.	  195.	 2356.	    0.	    0.]
 [    5.	   35.	    0.	 1259.	    0.]
 [   56.	  139.	    0.	    0.	12725.]
2025-10-18 23:03:26,914 - INFO - model saved 33 times, last saved epoch: 58.

2025-10-18 23:03:29,878 - INFO - Epoch 73, Train loss: 0.39570547964261926
2025-10-18 23:03:30,951 - INFO - mIoU: 0.962; OA: 0.9844; AA: 0.9822; F1: 0.9804; Kappa: 0.9733;
2025-10-18 23:03:30,951 - INFO - spatial_LccAccuracy: 0.9282; spatial_PA: 0.9866; spatial_UA: 0.9921; spatial_F1: 0.9893
2025-10-18 23:03:30,951 - INFO - temporal_CdAccuracy: 0.7403; temporal_PA: 0.9564; temporal_UA: 0.9463; temporal_F1: 0.9513
2025-10-18 23:03:30,952 - INFO - Confusion Matrix
 [78350.	  993.	    1.	    3.	    0.]
 [  893.	56419.	  154.	    9.	   67.]
 [    3.	   97.	 2452.	    0.	    0.]
 [    5.	    0.	    0.	 1294.	    0.]
 [   89.	   90.	    0.	    0.	12741.]
2025-10-18 23:03:30,952 - INFO - model saved 33 times, last saved epoch: 58.

2025-10-18 23:03:33,854 - INFO - Epoch 74, Train loss: 0.3962932378979203
2025-10-18 23:03:34,855 - INFO - mIoU: 0.9591; OA: 0.9831; AA: 0.9773; F1: 0.9789; Kappa: 0.9712;
2025-10-18 23:03:34,855 - INFO - spatial_LccAccuracy: 0.9153; spatial_PA: 0.988; spatial_UA: 0.9942; spatial_F1: 0.9911
2025-10-18 23:03:34,855 - INFO - temporal_CdAccuracy: 0.7357; temporal_PA: 0.9549; temporal_UA: 0.9411; temporal_F1: 0.948
2025-10-18 23:03:34,855 - INFO - Confusion Matrix
 [78319.	 1024.	    1.	    3.	    0.]
 [  939.	56420.	  124.	    7.	   52.]
 [    4.	  127.	 2421.	    0.	    0.]
 [    8.	    0.	    0.	 1291.	    0.]
 [  139.	  165.	    0.	    0.	12616.]
2025-10-18 23:03:34,855 - INFO - model saved 33 times, last saved epoch: 58.

2025-10-18 23:03:37,886 - INFO - Epoch 75, Train loss: 0.39632008738399294
2025-10-18 23:03:38,840 - INFO - mIoU: 0.959; OA: 0.9821; AA: 0.9814; F1: 0.9789; Kappa: 0.9695;
2025-10-18 23:03:38,840 - INFO - spatial_LccAccuracy: 0.9118; spatial_PA: 0.9862; spatial_UA: 0.9937; spatial_F1: 0.9899
2025-10-18 23:03:38,840 - INFO - temporal_CdAccuracy: 0.7275; temporal_PA: 0.9566; temporal_UA: 0.934; temporal_F1: 0.9452
2025-10-18 23:03:38,841 - INFO - Confusion Matrix
 [78654.	  691.	    1.	    1.	    0.]
 [ 1510.	55729.	  142.	   22.	  139.]
 [    4.	   91.	 2457.	    0.	    0.]
 [    6.	    0.	    0.	 1293.	    0.]
 [  112.	   27.	    0.	    0.	12781.]
2025-10-18 23:03:38,841 - INFO - model saved 33 times, last saved epoch: 58.

2025-10-18 23:03:41,690 - INFO - Epoch 76, Train loss: 0.3956293178641278
2025-10-18 23:03:42,846 - INFO - mIoU: 0.9647; OA: 0.9842; AA: 0.9798; F1: 0.9819; Kappa: 0.9731;
2025-10-18 23:03:42,847 - INFO - spatial_LccAccuracy: 0.9242; spatial_PA: 0.9892; spatial_UA: 0.9919; spatial_F1: 0.9905
2025-10-18 23:03:42,847 - INFO - temporal_CdAccuracy: 0.7403; temporal_PA: 0.9543; temporal_UA: 0.9426; temporal_F1: 0.9484
2025-10-18 23:03:42,847 - INFO - Confusion Matrix
 [78267.	 1077.	    1.	    2.	    0.]
 [  925.	56427.	   76.	    7.	  107.]
 [    4.	  132.	 2416.	    0.	    0.]
 [    7.	    4.	    0.	 1288.	    0.]
 [   23.	   57.	    0.	    0.	12840.]
2025-10-18 23:03:42,914 - INFO - Epoch 76 saved.
2025-10-18 23:03:42,915 - INFO - model saved 34 times, last saved epoch: 76.

2025-10-18 23:03:45,601 - INFO - Epoch 77, Train loss: 0.39567691383894926
2025-10-18 23:03:46,709 - INFO - mIoU: 0.9641; OA: 0.9844; AA: 0.9796; F1: 0.9816; Kappa: 0.9734;
2025-10-18 23:03:46,709 - INFO - spatial_LccAccuracy: 0.9254; spatial_PA: 0.9889; spatial_UA: 0.9909; spatial_F1: 0.9899
2025-10-18 23:03:46,709 - INFO - temporal_CdAccuracy: 0.7454; temporal_PA: 0.9502; temporal_UA: 0.9508; temporal_F1: 0.9505
2025-10-18 23:03:46,709 - INFO - Confusion Matrix
 [78336.	 1008.	    1.	    2.	    0.]
 [  911.	56458.	   91.	    6.	   76.]
 [    4.	  123.	 2425.	    0.	    0.]
 [    9.	    1.	    0.	 1289.	    0.]
 [  101.	   64.	    0.	    0.	12755.]
2025-10-18 23:03:46,710 - INFO - model saved 34 times, last saved epoch: 76.

2025-10-18 23:03:49,362 - INFO - Epoch 78, Train loss: 0.39642938064492267
2025-10-18 23:03:50,403 - INFO - mIoU: 0.9617; OA: 0.9842; AA: 0.9748; F1: 0.9803; Kappa: 0.9731;
2025-10-18 23:03:50,403 - INFO - spatial_LccAccuracy: 0.918; spatial_PA: 0.988; spatial_UA: 0.9942; spatial_F1: 0.9911
2025-10-18 23:03:50,403 - INFO - temporal_CdAccuracy: 0.7435; temporal_PA: 0.9487; temporal_UA: 0.947; temporal_F1: 0.9478
2025-10-18 23:03:50,404 - INFO - Confusion Matrix
 [78294.	 1049.	    1.	    3.	    0.]
 [  896.	56494.	   50.	    5.	   97.]
 [    3.	  194.	 2355.	    0.	    0.]
 [    3.	    8.	    0.	 1288.	    0.]
 [   42.	   73.	    0.	    0.	12805.]
2025-10-18 23:03:50,405 - INFO - model saved 34 times, last saved epoch: 76.

2025-10-18 23:03:53,379 - INFO - Epoch 79, Train loss: 0.3960931332585234
2025-10-18 23:03:54,350 - INFO - mIoU: 0.9578; OA: 0.982; AA: 0.9767; F1: 0.9783; Kappa: 0.9693;
2025-10-18 23:03:54,350 - INFO - spatial_LccAccuracy: 0.9137; spatial_PA: 0.9868; spatial_UA: 0.993; spatial_F1: 0.9899
2025-10-18 23:03:54,350 - INFO - temporal_CdAccuracy: 0.7345; temporal_PA: 0.9493; temporal_UA: 0.9401; temporal_F1: 0.9447
2025-10-18 23:03:54,351 - INFO - Confusion Matrix
 [78657.	  688.	    0.	    2.	    0.]
 [ 1494.	55851.	  102.	   21.	   74.]
 [    7.	  132.	 2413.	    0.	    0.]
 [    8.	    0.	    0.	 1291.	    0.]
 [  177.	   54.	    0.	    0.	12689.]
2025-10-18 23:03:54,352 - INFO - model saved 34 times, last saved epoch: 76.

2025-10-18 23:03:57,277 - INFO - Epoch 80, Train loss: 0.3956097910493057
2025-10-18 23:03:58,350 - INFO - mIoU: 0.9623; OA: 0.984; AA: 0.9781; F1: 0.9806; Kappa: 0.9727;
2025-10-18 23:03:58,350 - INFO - spatial_LccAccuracy: 0.9262; spatial_PA: 0.9901; spatial_UA: 0.9921; spatial_F1: 0.9911
2025-10-18 23:03:58,350 - INFO - temporal_CdAccuracy: 0.7489; temporal_PA: 0.9456; temporal_UA: 0.9498; temporal_F1: 0.9477
2025-10-18 23:03:58,351 - INFO - Confusion Matrix
 [78122.	 1222.	    1.	    2.	    0.]
 [  701.	56672.	   92.	    6.	   71.]
 [    3.	  137.	 2412.	    0.	    0.]
 [    9.	    1.	    0.	 1289.	    0.]
 [   98.	  111.	    0.	    0.	12711.]
2025-10-18 23:03:58,351 - INFO - model saved 34 times, last saved epoch: 76.

2025-10-18 23:04:01,373 - INFO - Epoch 81, Train loss: 0.39475651835062486
2025-10-18 23:04:02,447 - INFO - mIoU: 0.9596; OA: 0.9845; AA: 0.9831; F1: 0.9792; Kappa: 0.9736;
2025-10-18 23:04:02,447 - INFO - spatial_LccAccuracy: 0.9223; spatial_PA: 0.9903; spatial_UA: 0.9931; spatial_F1: 0.9917
2025-10-18 23:04:02,447 - INFO - temporal_CdAccuracy: 0.736; temporal_PA: 0.9565; temporal_UA: 0.9433; temporal_F1: 0.9498
2025-10-18 23:04:02,448 - INFO - Confusion Matrix
 [78297.	 1045.	    2.	    3.	    0.]
 [  839.	56416.	  152.	   29.	  106.]
 [    3.	   96.	 2453.	    0.	    0.]
 [    7.	    0.	    0.	 1292.	    0.]
 [   31.	   65.	    0.	    0.	12824.]
2025-10-18 23:04:02,448 - INFO - model saved 34 times, last saved epoch: 76.

2025-10-18 23:04:05,362 - INFO - Epoch 82, Train loss: 0.394975507481498
2025-10-18 23:04:06,410 - INFO - mIoU: 0.9595; OA: 0.984; AA: 0.9786; F1: 0.9791; Kappa: 0.9727;
2025-10-18 23:04:06,410 - INFO - spatial_LccAccuracy: 0.9246; spatial_PA: 0.9901; spatial_UA: 0.9921; spatial_F1: 0.9911
2025-10-18 23:04:06,410 - INFO - temporal_CdAccuracy: 0.7485; temporal_PA: 0.9506; temporal_UA: 0.9477; temporal_F1: 0.9491
2025-10-18 23:04:06,410 - INFO - Confusion Matrix
 [78352.	  985.	    2.	    7.	    1.]
 [  957.	56399.	  103.	   20.	   63.]
 [    2.	  141.	 2409.	    0.	    0.]
 [    7.	    0.	    0.	 1292.	    0.]
 [   76.	   94.	    0.	    0.	12750.]
2025-10-18 23:04:06,411 - INFO - model saved 34 times, last saved epoch: 76.

2025-10-18 23:04:09,385 - INFO - Epoch 83, Train loss: 0.3936992687468203
2025-10-18 23:04:10,540 - INFO - mIoU: 0.9622; OA: 0.984; AA: 0.9808; F1: 0.9806; Kappa: 0.9727;
2025-10-18 23:04:10,540 - INFO - spatial_LccAccuracy: 0.925; spatial_PA: 0.9922; spatial_UA: 0.9936; spatial_F1: 0.9929
2025-10-18 23:04:10,540 - INFO - temporal_CdAccuracy: 0.7442; temporal_PA: 0.9564; temporal_UA: 0.9454; temporal_F1: 0.9509
2025-10-18 23:04:10,541 - INFO - Confusion Matrix
 [78232.	 1105.	    5.	    5.	    0.]
 [  795.	56576.	  128.	    6.	   37.]
 [    2.	   96.	 2454.	    0.	    0.]
 [    8.	    0.	    0.	 1291.	    0.]
 [  111.	  158.	    0.	    0.	12651.]
2025-10-18 23:04:10,541 - INFO - model saved 34 times, last saved epoch: 76.

2025-10-18 23:04:13,472 - INFO - Epoch 84, Train loss: 0.394907032665999
2025-10-18 23:04:14,560 - INFO - mIoU: 0.9609; OA: 0.9835; AA: 0.9797; F1: 0.9799; Kappa: 0.9718;
2025-10-18 23:04:14,560 - INFO - spatial_LccAccuracy: 0.9227; spatial_PA: 0.9898; spatial_UA: 0.9912; spatial_F1: 0.9905
2025-10-18 23:04:14,560 - INFO - temporal_CdAccuracy: 0.747; temporal_PA: 0.9522; temporal_UA: 0.9496; temporal_F1: 0.9509
2025-10-18 23:04:14,561 - INFO - Confusion Matrix
 [78243.	 1090.	    2.	   12.	    0.]
 [  864.	56486.	  107.	    7.	   78.]
 [    3.	  113.	 2436.	    0.	    0.]
 [    4.	    1.	    0.	 1294.	    0.]
 [  131.	  129.	    0.	    0.	12660.]
2025-10-18 23:04:14,561 - INFO - model saved 34 times, last saved epoch: 76.

2025-10-18 23:04:17,443 - INFO - Epoch 85, Train loss: 0.3937153534859604
2025-10-18 23:04:18,548 - INFO - mIoU: 0.9615; OA: 0.9838; AA: 0.98; F1: 0.9802; Kappa: 0.9724;
2025-10-18 23:04:18,548 - INFO - spatial_LccAccuracy: 0.92; spatial_PA: 0.9903; spatial_UA: 0.9931; spatial_F1: 0.9917
2025-10-18 23:04:18,548 - INFO - temporal_CdAccuracy: 0.7349; temporal_PA: 0.9563; temporal_UA: 0.9415; temporal_F1: 0.9488
2025-10-18 23:04:18,549 - INFO - Confusion Matrix
 [78231.	 1113.	    1.	    2.	    0.]
 [  842.	56499.	  131.	    7.	   63.]
 [    4.	  110.	 2438.	    0.	    0.]
 [   10.	    0.	    0.	 1289.	    0.]
 [  108.	   92.	    0.	    0.	12720.]
2025-10-18 23:04:18,550 - INFO - model saved 34 times, last saved epoch: 76.

2025-10-18 23:04:21,443 - INFO - Epoch 86, Train loss: 0.39445402107623795
2025-10-18 23:04:22,418 - INFO - mIoU: 0.9599; OA: 0.9827; AA: 0.9779; F1: 0.9793; Kappa: 0.9705;
2025-10-18 23:04:22,418 - INFO - spatial_LccAccuracy: 0.9149; spatial_PA: 0.9887; spatial_UA: 0.99; spatial_F1: 0.9893
2025-10-18 23:04:22,418 - INFO - temporal_CdAccuracy: 0.7368; temporal_PA: 0.9464; temporal_UA: 0.9436; temporal_F1: 0.945
2025-10-18 23:04:22,418 - INFO - Confusion Matrix
 [77673.	 1669.	    1.	    4.	    0.]
 [  480.	56877.	  107.	    6.	   72.]
 [    3.	  143.	 2406.	    0.	    0.]
 [    6.	    4.	    0.	 1289.	    0.]
 [   57.	  110.	    0.	    0.	12753.]
2025-10-18 23:04:22,419 - INFO - model saved 34 times, last saved epoch: 76.

2025-10-18 23:04:25,052 - INFO - Epoch 87, Train loss: 0.3945249050670529
2025-10-18 23:04:26,068 - INFO - mIoU: 0.9614; OA: 0.9844; AA: 0.9799; F1: 0.9801; Kappa: 0.9734;
2025-10-18 23:04:26,068 - INFO - spatial_LccAccuracy: 0.9258; spatial_PA: 0.9885; spatial_UA: 0.9926; spatial_F1: 0.9905
2025-10-18 23:04:26,068 - INFO - temporal_CdAccuracy: 0.7501; temporal_PA: 0.9543; temporal_UA: 0.9491; temporal_F1: 0.9517
2025-10-18 23:04:26,068 - INFO - Confusion Matrix
 [78496.	  838.	    1.	   12.	    0.]
 [ 1078.	56234.	  105.	    8.	  117.]
 [    4.	  138.	 2410.	    0.	    0.]
 [    6.	    0.	    0.	 1293.	    0.]
 [   37.	   50.	    0.	    0.	12833.]
2025-10-18 23:04:26,069 - INFO - model saved 34 times, last saved epoch: 76.

2025-10-18 23:04:28,818 - INFO - Epoch 88, Train loss: 0.3948833670305169
2025-10-18 23:04:29,826 - INFO - mIoU: 0.958; OA: 0.9812; AA: 0.9804; F1: 0.9783; Kappa: 0.9678;
2025-10-18 23:04:29,827 - INFO - spatial_LccAccuracy: 0.909; spatial_PA: 0.9796; spatial_UA: 0.992; spatial_F1: 0.9857
2025-10-18 23:04:29,827 - INFO - temporal_CdAccuracy: 0.7286; temporal_PA: 0.951; temporal_UA: 0.9364; temporal_F1: 0.9436
2025-10-18 23:04:29,828 - INFO - Confusion Matrix
 [78753.	  588.	    1.	    5.	    0.]
 [ 1752.	55519.	  156.	   13.	  102.]
 [    4.	   96.	 2452.	    0.	    0.]
 [    4.	    0.	    0.	 1295.	    0.]
 [  108.	   60.	    0.	    0.	12752.]
2025-10-18 23:04:29,829 - INFO - model saved 34 times, last saved epoch: 76.

2025-10-18 23:04:32,649 - INFO - Epoch 89, Train loss: 0.39313967979472614
2025-10-18 23:04:33,737 - INFO - mIoU: 0.9613; OA: 0.9818; AA: 0.9804; F1: 0.9801; Kappa: 0.9691;
2025-10-18 23:04:33,737 - INFO - spatial_LccAccuracy: 0.9125; spatial_PA: 0.992; spatial_UA: 0.9926; spatial_F1: 0.9923
2025-10-18 23:04:33,737 - INFO - temporal_CdAccuracy: 0.7267; temporal_PA: 0.9559; temporal_UA: 0.9364; temporal_F1: 0.9461
2025-10-18 23:04:33,737 - INFO - Confusion Matrix
 [77634.	 1705.	    2.	    6.	    0.]
 [  602.	56735.	  102.	    9.	   94.]
 [    2.	  117.	 2433.	    0.	    0.]
 [    6.	    0.	    0.	 1293.	    0.]
 [   77.	   67.	    0.	    0.	12776.]
2025-10-18 23:04:33,738 - INFO - model saved 34 times, last saved epoch: 76.

