2025-09-09 12:42:08,683 - INFO - Epoch 0, Train loss: 1.6277461051940918.
2025-09-09 12:42:09,382 - INFO - mIoU: 0.0707; OA: 0.1916; AA: 0.18; F1: 0.1198; Kappa: 0.0188;
2025-09-09 12:42:09,382 - INFO - spatial_LccAccuracy: 0.0; spatial_PA: 0.5; spatial_UA: 0.6442; spatial_F1: 0.563
2025-09-09 12:42:09,382 - INFO - temporal_CdAccuracy: 0.0; temporal_PA: 0.6593; temporal_UA: 0.5201; temporal_F1: 0.5815
2025-09-09 12:42:09,383 - INFO - Confusion Matrix
 [ 6349.	19322.	20209.	22498.	  734.]
 [ 3826.	18490.	 9776.	17471.	 1770.]
 [   85.	  907.	  500.	  745.	    4.]
 [  205.	  536.	  292.	  287.	    0.]
 [  323.	 4881.	 1908.	 2968.	   74.]
2025-09-09 12:42:09,428 - INFO - Epoch 0 saved.
2025-09-09 12:42:09,429 - INFO - model saved 1 times, last saved epoch: 0.

2025-09-09 12:42:10,869 - INFO - Epoch 1, Train loss: 1.6008508205413818.
2025-09-09 12:42:11,603 - INFO - mIoU: 0.1242; OA: 0.2973; AA: 0.2431; F1: 0.2051; Kappa: 0.0944;
2025-09-09 12:42:11,603 - INFO - spatial_LccAccuracy: 0.0; spatial_PA: 0.5; spatial_UA: 0.6442; spatial_F1: 0.563
2025-09-09 12:42:11,603 - INFO - temporal_CdAccuracy: 0.0; temporal_PA: 0.6942; temporal_UA: 0.5227; temporal_F1: 0.5964
2025-09-09 12:42:11,604 - INFO - Confusion Matrix
 [20336.	10448.	 7137.	16170.	15021.]
 [ 7920.	15999.	 3993.	16228.	 7193.]
 [  128.	 1013.	  329.	  713.	   58.]
 [  380.	  398.	  272.	  220.	   50.]
 [ 2955.	 1567.	  806.	 1818.	 3008.]
2025-09-09 12:42:11,649 - INFO - Epoch 1 saved.
2025-09-09 12:42:11,650 - INFO - model saved 2 times, last saved epoch: 1.

2025-09-09 12:42:13,449 - INFO - Epoch 2, Train loss: 1.5386720895767212.
2025-09-09 12:42:14,191 - INFO - mIoU: 0.1452; OA: 0.3439; AA: 0.2801; F1: 0.2337; Kappa: 0.1385;
2025-09-09 12:42:14,192 - INFO - spatial_LccAccuracy: 0.0; spatial_PA: 0.5; spatial_UA: 0.6442; spatial_F1: 0.563
2025-09-09 12:42:14,192 - INFO - temporal_CdAccuracy: 0.0; temporal_PA: 0.6929; temporal_UA: 0.5232; temporal_F1: 0.5962
2025-09-09 12:42:14,193 - INFO - Confusion Matrix
 [24527.	 5602.	 1836.	10949.	26198.]
 [ 8339.	16637.	 2404.	11455.	12498.]
 [  379.	  836.	  282.	  480.	  264.]
 [  472.	   53.	   75.	  203.	  517.]
 [ 3955.	  198.	   31.	 1484.	 4486.]
2025-09-09 12:42:14,239 - INFO - Epoch 2 saved.
2025-09-09 12:42:14,240 - INFO - model saved 3 times, last saved epoch: 2.

2025-09-09 12:42:15,847 - INFO - Epoch 3, Train loss: 1.4740931987762451.
2025-09-09 12:42:16,593 - INFO - mIoU: 0.1641; OA: 0.3769; AA: 0.3082; F1: 0.2569; Kappa: 0.1817;
2025-09-09 12:42:16,593 - INFO - spatial_LccAccuracy: 0.0; spatial_PA: 0.5; spatial_UA: 0.6442; spatial_F1: 0.563
2025-09-09 12:42:16,594 - INFO - temporal_CdAccuracy: 0.0; temporal_PA: 0.7151; temporal_UA: 0.5257; temporal_F1: 0.606
2025-09-09 12:42:16,594 - INFO - Confusion Matrix
 [24968.	 4827.	  766.	10266.	28285.]
 [ 5781.	20302.	 2413.	12005.	10832.]
 [  255.	 1014.	  257.	  456.	  259.]
 [  397.	   40.	   50.	  264.	  569.]
 [ 4020.	  137.	    8.	 1221.	 4768.]
2025-09-09 12:42:16,644 - INFO - Epoch 3 saved.
2025-09-09 12:42:16,645 - INFO - model saved 4 times, last saved epoch: 3.

2025-09-09 12:42:18,473 - INFO - Epoch 4, Train loss: 1.4114058017730713.
2025-09-09 12:42:19,268 - INFO - mIoU: 0.1846; OA: 0.4141; AA: 0.355; F1: 0.281; Kappa: 0.2308;
2025-09-09 12:42:19,268 - INFO - spatial_LccAccuracy: 0.0; spatial_PA: 0.5; spatial_UA: 0.6442; spatial_F1: 0.563
2025-09-09 12:42:19,268 - INFO - temporal_CdAccuracy: 0.0; temporal_PA: 0.724; temporal_UA: 0.5265; temporal_F1: 0.6097
2025-09-09 12:42:19,269 - INFO - Confusion Matrix
 [26111.	 3455.	 1420.	 8755.	29371.]
 [ 4349.	23341.	 2557.	12529.	 8557.]
 [   69.	 1254.	  259.	  445.	  214.]
 [  356.	   45.	    6.	  382.	  531.]
 [ 3141.	  135.	    2.	 1416.	 5460.]
2025-09-09 12:42:19,319 - INFO - Epoch 4 saved.
2025-09-09 12:42:19,320 - INFO - model saved 5 times, last saved epoch: 4.

2025-09-09 12:42:20,913 - INFO - Epoch 5, Train loss: 1.3542795181274414.
2025-09-09 12:42:21,654 - INFO - mIoU: 0.1999; OA: 0.4425; AA: 0.3726; F1: 0.2981; Kappa: 0.2621;
2025-09-09 12:42:21,654 - INFO - spatial_LccAccuracy: 0.0; spatial_PA: 0.5; spatial_UA: 0.6442; spatial_F1: 0.563
2025-09-09 12:42:21,655 - INFO - temporal_CdAccuracy: 0.0; temporal_PA: 0.7494; temporal_UA: 0.5304; temporal_F1: 0.6212
2025-09-09 12:42:21,655 - INFO - Confusion Matrix
 [27660.	 2602.	 1750.	 8836.	28264.]
 [ 3994.	25318.	 2080.	11631.	 8310.]
 [   39.	 1376.	  269.	  390.	  167.]
 [  282.	  101.	    1.	  374.	  562.]
 [ 2903.	  103.	    1.	 1399.	 5748.]
2025-09-09 12:42:21,702 - INFO - Epoch 5 saved.
2025-09-09 12:42:21,703 - INFO - model saved 6 times, last saved epoch: 5.

2025-09-09 12:42:23,318 - INFO - Epoch 6, Train loss: 1.301748514175415.
2025-09-09 12:42:24,162 - INFO - mIoU: 0.2119; OA: 0.4523; AA: 0.3887; F1: 0.3147; Kappa: 0.274;
2025-09-09 12:42:24,162 - INFO - spatial_LccAccuracy: 0.0; spatial_PA: 0.5; spatial_UA: 0.6442; spatial_F1: 0.563
2025-09-09 12:42:24,162 - INFO - temporal_CdAccuracy: 0.0; temporal_PA: 0.7656; temporal_UA: 0.5327; temporal_F1: 0.6282
2025-09-09 12:42:24,163 - INFO - Confusion Matrix
 [27274.	 2479.	 1468.	10541.	27350.]
 [ 3666.	26863.	 1397.	10766.	 8641.]
 [   72.	 1250.	  390.	  354.	  175.]
 [  301.	  109.	    2.	  373.	  535.]
 [ 2988.	   87.	    5.	 1295.	 5779.]
2025-09-09 12:42:24,226 - INFO - Epoch 6 saved.
2025-09-09 12:42:24,227 - INFO - model saved 7 times, last saved epoch: 6.

2025-09-09 12:42:25,882 - INFO - Epoch 7, Train loss: 1.2459666728973389.
2025-09-09 12:42:26,683 - INFO - mIoU: 0.2262; OA: 0.4685; AA: 0.4088; F1: 0.3333; Kappa: 0.2906;
2025-09-09 12:42:26,683 - INFO - spatial_LccAccuracy: 0.0; spatial_PA: 0.5; spatial_UA: 0.6442; spatial_F1: 0.563
2025-09-09 12:42:26,683 - INFO - temporal_CdAccuracy: 0.0; temporal_PA: 0.7605; temporal_UA: 0.5328; temporal_F1: 0.6266
2025-09-09 12:42:26,684 - INFO - Confusion Matrix
 [28031.	 2192.	 1220.	11733.	25936.]
 [ 3583.	28142.	  890.	 9527.	 9191.]
 [   81.	 1169.	  466.	  373.	  152.]
 [  349.	  114.	    0.	  411.	  446.]
 [ 3090.	   64.	   12.	 1189.	 5799.]
2025-09-09 12:42:26,740 - INFO - Epoch 7 saved.
2025-09-09 12:42:26,741 - INFO - model saved 8 times, last saved epoch: 7.

2025-09-09 12:42:28,498 - INFO - Epoch 8, Train loss: 1.1887882947921753.
2025-09-09 12:42:29,344 - INFO - mIoU: 0.2463; OA: 0.4998; AA: 0.4295; F1: 0.3571; Kappa: 0.3208;
2025-09-09 12:42:29,344 - INFO - spatial_LccAccuracy: 0.0; spatial_PA: 0.5; spatial_UA: 0.6442; spatial_F1: 0.563
2025-09-09 12:42:29,344 - INFO - temporal_CdAccuracy: 0.0; temporal_PA: 0.7544; temporal_UA: 0.5355; temporal_F1: 0.6264
2025-09-09 12:42:29,345 - INFO - Confusion Matrix
 [31053.	 1780.	 1208.	11041.	24030.]
 [ 3416.	29326.	  874.	 7743.	 9974.]
 [  114.	 1040.	  604.	  326.	  157.]
 [  382.	   99.	    1.	  394.	  444.]
 [ 3285.	   52.	    8.	 1132.	 5677.]
2025-09-09 12:42:29,393 - INFO - Epoch 8 saved.
2025-09-09 12:42:29,393 - INFO - model saved 9 times, last saved epoch: 8.

2025-09-09 12:42:30,907 - INFO - Epoch 9, Train loss: 1.1330331563949585.
2025-09-09 12:42:31,621 - INFO - mIoU: 0.2693; OA: 0.5276; AA: 0.4466; F1: 0.3838; Kappa: 0.3486;
2025-09-09 12:42:31,622 - INFO - spatial_LccAccuracy: 0.0; spatial_PA: 0.5; spatial_UA: 0.6442; spatial_F1: 0.563
2025-09-09 12:42:31,622 - INFO - temporal_CdAccuracy: 0.0; temporal_PA: 0.759; temporal_UA: 0.5397; temporal_F1: 0.6309
2025-09-09 12:42:31,623 - INFO - Confusion Matrix
 [33368.	 2115.	 1014.	10305.	22310.]
 [ 2719.	30997.	  728.	 6378.	10511.]
 [  102.	  904.	  790.	  310.	  135.]
 [  411.	   94.	    1.	  363.	  451.]
 [ 3465.	   47.	    4.	 1372.	 5266.]
2025-09-09 12:42:31,683 - INFO - Epoch 9 saved.
2025-09-09 12:42:31,685 - INFO - model saved 10 times, last saved epoch: 9.

2025-09-09 12:42:33,386 - INFO - Epoch 10, Train loss: 1.0810456275939941.
2025-09-09 12:42:34,076 - INFO - mIoU: 0.2854; OA: 0.5633; AA: 0.4485; F1: 0.3991; Kappa: 0.3816;
2025-09-09 12:42:34,076 - INFO - spatial_LccAccuracy: 0.0; spatial_PA: 0.5; spatial_UA: 0.6442; spatial_F1: 0.563
2025-09-09 12:42:34,076 - INFO - temporal_CdAccuracy: 0.0; temporal_PA: 0.7644; temporal_UA: 0.5444; temporal_F1: 0.6359
2025-09-09 12:42:34,077 - INFO - Confusion Matrix
 [37394.	 2001.	 1376.	 6839.	21502.]
 [ 2984.	31895.	  626.	 5280.	10548.]
 [   94.	  853.	  924.	  251.	  119.]
 [  552.	   74.	   26.	  212.	  456.]
 [ 3700.	   55.	    5.	 1245.	 5149.]
2025-09-09 12:42:34,122 - INFO - Epoch 10 saved.
2025-09-09 12:42:34,123 - INFO - model saved 11 times, last saved epoch: 10.

2025-09-09 12:42:35,708 - INFO - Epoch 11, Train loss: 1.0308036804199219.
2025-09-09 12:42:36,441 - INFO - mIoU: 0.3063; OA: 0.5899; AA: 0.4726; F1: 0.4211; Kappa: 0.4109;
2025-09-09 12:42:36,442 - INFO - spatial_LccAccuracy: 0.0004; spatial_PA: 0.5; spatial_UA: 0.6442; spatial_F1: 0.563
2025-09-09 12:42:36,442 - INFO - temporal_CdAccuracy: 0.0; temporal_PA: 0.7659; temporal_UA: 0.5492; temporal_F1: 0.6397
2025-09-09 12:42:36,443 - INFO - Confusion Matrix
 [39700.	 1806.	 1408.	 5887.	20311.]
 [ 2637.	33039.	  640.	 4190.	10827.]
 [   60.	  727.	 1146.	  201.	  107.]
 [  587.	   85.	   44.	  176.	  428.]
 [ 3904.	   54.	    2.	 1115.	 5079.]
2025-09-09 12:42:36,491 - INFO - Epoch 11 saved.
2025-09-09 12:42:36,492 - INFO - model saved 12 times, last saved epoch: 11.

2025-09-09 12:42:38,229 - INFO - Epoch 12, Train loss: 0.982184886932373.
2025-09-09 12:42:38,966 - INFO - mIoU: 0.3268; OA: 0.6244; AA: 0.4965; F1: 0.4412; Kappa: 0.4484;
2025-09-09 12:42:38,967 - INFO - spatial_LccAccuracy: 0.0004; spatial_PA: 0.5; spatial_UA: 0.6442; spatial_F1: 0.563
2025-09-09 12:42:38,967 - INFO - temporal_CdAccuracy: 0.0; temporal_PA: 0.7668; temporal_UA: 0.5535; temporal_F1: 0.6429
2025-09-09 12:42:38,968 - INFO - Confusion Matrix
 [43492.	 1600.	 1497.	 3539.	18984.]
 [ 2783.	33636.	  708.	 3376.	10830.]
 [   65.	  605.	 1351.	  132.	   88.]
 [  673.	   63.	   75.	  112.	  397.]
 [ 3892.	   53.	    3.	 1026.	 5180.]
2025-09-09 12:42:39,012 - INFO - Epoch 12 saved.
2025-09-09 12:42:39,013 - INFO - model saved 13 times, last saved epoch: 12.

2025-09-09 12:42:40,546 - INFO - Epoch 13, Train loss: 0.9303696751594543.
2025-09-09 12:42:41,245 - INFO - mIoU: 0.3423; OA: 0.648; AA: 0.513; F1: 0.456; Kappa: 0.4759;
2025-09-09 12:42:41,245 - INFO - spatial_LccAccuracy: 0.0009; spatial_PA: 0.5; spatial_UA: 0.6442; spatial_F1: 0.563
2025-09-09 12:42:41,245 - INFO - temporal_CdAccuracy: 0.0004; temporal_PA: 0.7668; temporal_UA: 0.5563; temporal_F1: 0.6448
2025-09-09 12:42:41,246 - INFO - Confusion Matrix
 [45555.	 1313.	 1523.	 2617.	18104.]
 [ 2743.	34650.	  610.	 2546.	10784.]
 [   71.	  550.	 1431.	  105.	   84.]
 [  684.	   46.	   83.	  107.	  400.]
 [ 3952.	   48.	    2.	  960.	 5192.]
2025-09-09 12:42:41,309 - INFO - Epoch 13 saved.
2025-09-09 12:42:41,310 - INFO - model saved 14 times, last saved epoch: 13.

2025-09-09 12:42:42,989 - INFO - Epoch 14, Train loss: 0.8751271367073059.
2025-09-09 12:42:43,717 - INFO - mIoU: 0.3583; OA: 0.6696; AA: 0.5414; F1: 0.4731; Kappa: 0.5044;
2025-09-09 12:42:43,717 - INFO - spatial_LccAccuracy: 0.0045; spatial_PA: 0.5; spatial_UA: 0.6442; spatial_F1: 0.563
2025-09-09 12:42:43,718 - INFO - temporal_CdAccuracy: 0.0013; temporal_PA: 0.7622; temporal_UA: 0.565; temporal_F1: 0.6489
2025-09-09 12:42:43,718 - INFO - Confusion Matrix
 [47029.	 1436.	 1446.	 2485.	16716.]
 [ 2312.	35679.	  732.	 2797.	 9813.]
 [   56.	  487.	 1519.	  116.	   63.]
 [  589.	   32.	   98.	  153.	  448.]
 [ 3834.	   57.	    3.	  800.	 5460.]
2025-09-09 12:42:43,768 - INFO - Epoch 14 saved.
2025-09-09 12:42:43,769 - INFO - model saved 15 times, last saved epoch: 14.

2025-09-09 12:42:45,540 - INFO - Epoch 15, Train loss: 0.8165702819824219.
2025-09-09 12:42:46,224 - INFO - mIoU: 0.3764; OA: 0.701; AA: 0.5453; F1: 0.4882; Kappa: 0.5399;
2025-09-09 12:42:46,225 - INFO - spatial_LccAccuracy: 0.0067; spatial_PA: 0.5; spatial_UA: 0.6442; spatial_F1: 0.563
2025-09-09 12:42:46,225 - INFO - temporal_CdAccuracy: 0.0022; temporal_PA: 0.7542; temporal_UA: 0.567; temporal_F1: 0.6473
2025-09-09 12:42:46,226 - INFO - Confusion Matrix
 [50608.	 1044.	 1352.	 1248.	14860.]
 [ 2866.	36403.	  633.	 1459.	 9972.]
 [   72.	  445.	 1563.	   68.	   93.]
 [  693.	   73.	   25.	   74.	  455.]
 [ 4007.	   42.	    2.	  706.	 5397.]
2025-09-09 12:42:46,280 - INFO - Epoch 15 saved.
2025-09-09 12:42:46,281 - INFO - model saved 16 times, last saved epoch: 15.

2025-09-09 12:42:47,967 - INFO - Epoch 16, Train loss: 0.7574915289878845.
2025-09-09 12:42:48,700 - INFO - mIoU: 0.4145; OA: 0.7512; AA: 0.5987; F1: 0.5276; Kappa: 0.6101;
2025-09-09 12:42:48,700 - INFO - spatial_LccAccuracy: 0.0152; spatial_PA: 0.5; spatial_UA: 0.6442; spatial_F1: 0.563
2025-09-09 12:42:48,701 - INFO - temporal_CdAccuracy: 0.0054; temporal_PA: 0.7513; temporal_UA: 0.5806; temporal_F1: 0.655
2025-09-09 12:42:48,701 - INFO - Confusion Matrix
 [53478.	 1290.	 1198.	 1544.	11602.]
 [ 2143.	39513.	  735.	 2216.	 6726.]
 [   35.	  422.	 1630.	   89.	   65.]
 [  569.	   61.	   81.	  175.	  434.]
 [ 3488.	   53.	    4.	  619.	 5990.]
2025-09-09 12:42:48,747 - INFO - Epoch 16 saved.
2025-09-09 12:42:48,748 - INFO - model saved 17 times, last saved epoch: 16.

2025-09-09 12:42:50,435 - INFO - Epoch 17, Train loss: 0.6988089084625244.
2025-09-09 12:42:51,131 - INFO - mIoU: 0.4471; OA: 0.7881; AA: 0.6289; F1: 0.5605; Kappa: 0.6605;
2025-09-09 12:42:51,131 - INFO - spatial_LccAccuracy: 0.0259; spatial_PA: 0.5; spatial_UA: 0.6442; spatial_F1: 0.563
2025-09-09 12:42:51,131 - INFO - temporal_CdAccuracy: 0.0058; temporal_PA: 0.7342; temporal_UA: 0.5811; temporal_F1: 0.6487
2025-09-09 12:42:51,132 - INFO - Confusion Matrix
 [56504.	 1081.	 1044.	 1034.	 9449.]
 [ 2475.	40898.	  675.	 1245.	 6040.]
 [   61.	  352.	 1703.	   74.	   51.]
 [  624.	   25.	   64.	  179.	  428.]
 [ 3252.	   42.	    2.	  415.	 6443.]
2025-09-09 12:42:51,177 - INFO - Epoch 17 saved.
2025-09-09 12:42:51,177 - INFO - model saved 18 times, last saved epoch: 17.

2025-09-09 12:42:52,817 - INFO - Epoch 18, Train loss: 0.6397263407707214.
2025-09-09 12:42:53,501 - INFO - mIoU: 0.4743; OA: 0.8202; AA: 0.6444; F1: 0.5843; Kappa: 0.7065;
2025-09-09 12:42:53,501 - INFO - spatial_LccAccuracy: 0.059; spatial_PA: 0.5; spatial_UA: 0.6442; spatial_F1: 0.563
2025-09-09 12:42:53,501 - INFO - temporal_CdAccuracy: 0.0134; temporal_PA: 0.7463; temporal_UA: 0.5984; temporal_F1: 0.6642
2025-09-09 12:42:53,502 - INFO - Confusion Matrix
 [58797.	  971.	  802.	 1053.	 7489.]
 [ 2285.	42830.	  761.	 1343.	 4114.]
 [   53.	  343.	 1726.	   72.	   47.]
 [  561.	   87.	   67.	  164.	  441.]
 [ 3405.	   47.	    2.	  176.	 6524.]
2025-09-09 12:42:53,576 - INFO - Epoch 18 saved.
2025-09-09 12:42:53,577 - INFO - model saved 19 times, last saved epoch: 18.

2025-09-09 12:42:55,171 - INFO - Epoch 19, Train loss: 0.5858194231987.
2025-09-09 12:42:55,894 - INFO - mIoU: 0.5155; OA: 0.8522; AA: 0.6883; F1: 0.6246; Kappa: 0.7567;
2025-09-09 12:42:55,894 - INFO - spatial_LccAccuracy: 0.1199; spatial_PA: 0.5; spatial_UA: 0.6442; spatial_F1: 0.563
2025-09-09 12:42:55,894 - INFO - temporal_CdAccuracy: 0.0362; temporal_PA: 0.7419; temporal_UA: 0.6073; temporal_F1: 0.6679
2025-09-09 12:42:55,895 - INFO - Confusion Matrix
 [60804.	 1336.	  629.	 1287.	 5056.]
 [ 1881.	44073.	  732.	 1589.	 3058.]
 [   45.	  333.	 1766.	   69.	   28.]
 [  513.	   59.	  120.	  240.	  388.]
 [ 2374.	   62.	    5.	  265.	 7448.]
2025-09-09 12:42:55,946 - INFO - Epoch 19 saved.
2025-09-09 12:42:55,946 - INFO - model saved 20 times, last saved epoch: 19.

2025-09-09 12:42:57,408 - INFO - Epoch 20, Train loss: 0.5362308621406555.
2025-09-09 12:42:58,109 - INFO - mIoU: 0.5489; OA: 0.8667; AA: 0.7044; F1: 0.6548; Kappa: 0.7795;
2025-09-09 12:42:58,109 - INFO - spatial_LccAccuracy: 0.1422; spatial_PA: 0.5; spatial_UA: 0.6442; spatial_F1: 0.563
2025-09-09 12:42:58,110 - INFO - temporal_CdAccuracy: 0.0483; temporal_PA: 0.7507; temporal_UA: 0.621; temporal_F1: 0.6797
2025-09-09 12:42:58,110 - INFO - Confusion Matrix
 [61669.	 1122.	  343.	 1233.	 4745.]
 [ 2137.	44452.	  449.	 1073.	 3222.]
 [   57.	  322.	 1760.	   71.	   31.]
 [  532.	   38.	   71.	  230.	  449.]
 [ 1841.	  112.	    1.	   35.	 8165.]
2025-09-09 12:42:58,158 - INFO - Epoch 20 saved.
2025-09-09 12:42:58,158 - INFO - model saved 21 times, last saved epoch: 20.

2025-09-09 12:43:00,129 - INFO - Epoch 21, Train loss: 0.48933514952659607.
2025-09-09 12:43:00,821 - INFO - mIoU: 0.5724; OA: 0.8827; AA: 0.7224; F1: 0.6767; Kappa: 0.8045;
2025-09-09 12:43:00,821 - INFO - spatial_LccAccuracy: 0.1811; spatial_PA: 0.5; spatial_UA: 0.6442; spatial_F1: 0.563
2025-09-09 12:43:00,821 - INFO - temporal_CdAccuracy: 0.0792; temporal_PA: 0.7485; temporal_UA: 0.6312; temporal_F1: 0.6849
2025-09-09 12:43:00,822 - INFO - Confusion Matrix
 [62861.	 1078.	  353.	  749.	 4071.]
 [ 2235.	44927.	  369.	 1027.	 2775.]
 [   63.	  310.	 1781.	   62.	   25.]
 [  529.	   41.	   81.	  244.	  425.]
 [ 1468.	   64.	    0.	   17.	 8605.]
2025-09-09 12:43:00,868 - INFO - Epoch 21 saved.
2025-09-09 12:43:00,868 - INFO - model saved 22 times, last saved epoch: 21.

2025-09-09 12:43:02,413 - INFO - Epoch 22, Train loss: 0.4470177888870239.
2025-09-09 12:43:03,155 - INFO - mIoU: 0.5909; OA: 0.8953; AA: 0.7403; F1: 0.6925; Kappa: 0.8251;
2025-09-09 12:43:03,155 - INFO - spatial_LccAccuracy: 0.2223; spatial_PA: 0.5; spatial_UA: 0.6442; spatial_F1: 0.563
2025-09-09 12:43:03,155 - INFO - temporal_CdAccuracy: 0.1006; temporal_PA: 0.7353; temporal_UA: 0.6349; temporal_F1: 0.6814
2025-09-09 12:43:03,156 - INFO - Confusion Matrix
 [63771.	  972.	  337.	  711.	 3321.]
 [ 2181.	45294.	  421.	 1125.	 2312.]
 [   51.	  309.	 1806.	   54.	   21.]
 [  448.	   68.	   92.	  273.	  439.]
 [ 1104.	   60.	    0.	   18.	 8972.]
2025-09-09 12:43:03,201 - INFO - Epoch 22 saved.
2025-09-09 12:43:03,202 - INFO - model saved 23 times, last saved epoch: 22.

2025-09-09 12:43:04,781 - INFO - Epoch 23, Train loss: 0.41057994961738586.
2025-09-09 12:43:05,538 - INFO - mIoU: 0.6093; OA: 0.9024; AA: 0.7448; F1: 0.7047; Kappa: 0.8367;
2025-09-09 12:43:05,538 - INFO - spatial_LccAccuracy: 0.3055; spatial_PA: 0.5; spatial_UA: 0.6442; spatial_F1: 0.563
2025-09-09 12:43:05,538 - INFO - temporal_CdAccuracy: 0.1498; temporal_PA: 0.7511; temporal_UA: 0.6504; temporal_F1: 0.6971
2025-09-09 12:43:05,539 - INFO - Confusion Matrix
 [63589.	 1176.	  219.	 1000.	 3128.]
 [ 1894.	46263.	  341.	 1145.	 1690.]
 [   46.	  337.	 1787.	   55.	   16.]
 [  392.	  192.	   54.	  268.	  414.]
 [  918.	   69.	    0.	    8.	 9159.]
2025-09-09 12:43:05,585 - INFO - Epoch 23 saved.
2025-09-09 12:43:05,586 - INFO - model saved 24 times, last saved epoch: 23.

2025-09-09 12:43:07,212 - INFO - Epoch 24, Train loss: 0.3771052956581116.
2025-09-09 12:43:07,910 - INFO - mIoU: 0.6278; OA: 0.9117; AA: 0.7518; F1: 0.7186; Kappa: 0.8511;
2025-09-09 12:43:07,910 - INFO - spatial_LccAccuracy: 0.2992; spatial_PA: 0.5; spatial_UA: 0.6442; spatial_F1: 0.563
2025-09-09 12:43:07,910 - INFO - temporal_CdAccuracy: 0.157; temporal_PA: 0.7447; temporal_UA: 0.6534; temporal_F1: 0.696
2025-09-09 12:43:07,911 - INFO - Confusion Matrix
 [64759.	  921.	  211.	  684.	 2537.]
 [ 2269.	46147.	  314.	  805.	 1798.]
 [   64.	  238.	 1873.	   39.	   27.]
 [  518.	  175.	   32.	  226.	  369.]
 [  786.	   54.	    0.	   11.	 9303.]
2025-09-09 12:43:07,960 - INFO - Epoch 24 saved.
2025-09-09 12:43:07,961 - INFO - model saved 25 times, last saved epoch: 24.

2025-09-09 12:43:09,440 - INFO - Epoch 25, Train loss: 0.35060375928878784.
2025-09-09 12:43:10,128 - INFO - mIoU: 0.6373; OA: 0.9191; AA: 0.7565; F1: 0.7256; Kappa: 0.8635;
2025-09-09 12:43:10,129 - INFO - spatial_LccAccuracy: 0.3596; spatial_PA: 0.5; spatial_UA: 0.6442; spatial_F1: 0.563
2025-09-09 12:43:10,129 - INFO - temporal_CdAccuracy: 0.2071; temporal_PA: 0.7563; temporal_UA: 0.6702; temporal_F1: 0.7106
2025-09-09 12:43:10,130 - INFO - Confusion Matrix
 [64650.	 1300.	  168.	  716.	 2278.]
 [ 1878.	47159.	  340.	  772.	 1184.]
 [   38.	  301.	 1844.	   40.	   18.]
 [  352.	  273.	   93.	  234.	  368.]
 [  647.	   69.	    0.	   14.	 9424.]
2025-09-09 12:43:10,175 - INFO - Epoch 25 saved.
2025-09-09 12:43:10,176 - INFO - model saved 26 times, last saved epoch: 25.

2025-09-09 12:43:12,161 - INFO - Epoch 26, Train loss: 0.3206271231174469.
2025-09-09 12:43:12,865 - INFO - mIoU: 0.648; OA: 0.9215; AA: 0.7581; F1: 0.7355; Kappa: 0.8671;
2025-09-09 12:43:12,865 - INFO - spatial_LccAccuracy: 0.3971; spatial_PA: 0.5423; spatial_UA: 0.9014; spatial_F1: 0.6772
2025-09-09 12:43:12,865 - INFO - temporal_CdAccuracy: 0.2272; temporal_PA: 0.7567; temporal_UA: 0.6773; temporal_F1: 0.7148
2025-09-09 12:43:12,866 - INFO - Confusion Matrix
 [65228.	 1152.	  115.	  596.	 2021.]
 [ 2037.	47066.	  319.	  747.	 1164.]
 [   43.	  286.	 1856.	   33.	   23.]
 [  332.	  287.	   11.	  255.	  435.]
 [  546.	  367.	    0.	   15.	 9226.]
2025-09-09 12:43:12,915 - INFO - Epoch 26 saved.
2025-09-09 12:43:12,915 - INFO - model saved 27 times, last saved epoch: 26.

2025-09-09 12:43:14,592 - INFO - Epoch 27, Train loss: 0.2941509485244751.
2025-09-09 12:43:15,306 - INFO - mIoU: 0.667; OA: 0.9301; AA: 0.7762; F1: 0.7514; Kappa: 0.8813;
2025-09-09 12:43:15,306 - INFO - spatial_LccAccuracy: 0.4374; spatial_PA: 0.5634; spatial_UA: 0.9051; spatial_F1: 0.6945
2025-09-09 12:43:15,306 - INFO - temporal_CdAccuracy: 0.2813; temporal_PA: 0.7598; temporal_UA: 0.6889; temporal_F1: 0.7226
2025-09-09 12:43:15,307 - INFO - Confusion Matrix
 [65731.	 1069.	  168.	  464.	 1680.]
 [ 2082.	47293.	  296.	  670.	  992.]
 [   36.	  238.	 1923.	   23.	   21.]
 [  285.	  320.	   50.	  276.	  389.]
 [  503.	   75.	    0.	   19.	 9557.]
2025-09-09 12:43:15,368 - INFO - Epoch 27 saved.
2025-09-09 12:43:15,368 - INFO - model saved 28 times, last saved epoch: 27.

2025-09-09 12:43:17,246 - INFO - Epoch 28, Train loss: 0.2735821008682251.
2025-09-09 12:43:17,956 - INFO - mIoU: 0.6804; OA: 0.9326; AA: 0.7826; F1: 0.7654; Kappa: 0.8851;
2025-09-09 12:43:17,957 - INFO - spatial_LccAccuracy: 0.4723; spatial_PA: 0.574; spatial_UA: 0.907; spatial_F1: 0.7031
2025-09-09 12:43:17,957 - INFO - temporal_CdAccuracy: 0.275; temporal_PA: 0.7344; temporal_UA: 0.6765; temporal_F1: 0.7042
2025-09-09 12:43:17,958 - INFO - Confusion Matrix
 [66206.	 1062.	  112.	  389.	 1343.]
 [ 2225.	47249.	  309.	  533.	 1017.]
 [   53.	  207.	 1955.	   17.	    9.]
 [  413.	  250.	   31.	  313.	  313.]
 [  689.	   59.	    0.	   10.	 9396.]
2025-09-09 12:43:18,006 - INFO - Epoch 28 saved.
2025-09-09 12:43:18,007 - INFO - model saved 29 times, last saved epoch: 28.

2025-09-09 12:43:19,743 - INFO - Epoch 29, Train loss: 0.25121358036994934.
2025-09-09 12:43:20,526 - INFO - mIoU: 0.6842; OA: 0.9342; AA: 0.7698; F1: 0.7631; Kappa: 0.8876;
2025-09-09 12:43:20,526 - INFO - spatial_LccAccuracy: 0.5635; spatial_PA: 0.7918; spatial_UA: 0.9497; spatial_F1: 0.8636
2025-09-09 12:43:20,526 - INFO - temporal_CdAccuracy: 0.3596; temporal_PA: 0.7432; temporal_UA: 0.6866; temporal_F1: 0.7138
2025-09-09 12:43:20,527 - INFO - Confusion Matrix
 [66586.	  615.	   61.	  252.	 1598.]
 [ 2674.	46959.	  162.	  403.	 1135.]
 [   80.	  221.	 1906.	    8.	   26.]
 [  514.	  228.	   10.	  224.	  344.]
 [  442.	   51.	    0.	    8.	 9653.]
2025-09-09 12:43:20,589 - INFO - Epoch 29 saved.
2025-09-09 12:43:20,590 - INFO - model saved 30 times, last saved epoch: 29.

2025-09-09 12:43:22,386 - INFO - Epoch 30, Train loss: 0.2318844050168991.
2025-09-09 12:43:23,080 - INFO - mIoU: 0.6832; OA: 0.9349; AA: 0.7662; F1: 0.7591; Kappa: 0.8885;
2025-09-09 12:43:23,080 - INFO - spatial_LccAccuracy: 0.5304; spatial_PA: 0.7812; spatial_UA: 0.9475; spatial_F1: 0.8563
2025-09-09 12:43:23,081 - INFO - temporal_CdAccuracy: 0.3265; temporal_PA: 0.7352; temporal_UA: 0.6869; temporal_F1: 0.7102
2025-09-09 12:43:23,081 - INFO - Confusion Matrix
 [67122.	  620.	   37.	  276.	 1057.]
 [ 2974.	46605.	  184.	  311.	 1259.]
 [  117.	  159.	 1950.	   11.	    4.]
 [  440.	  180.	   63.	  184.	  453.]
 [  517.	   62.	    0.	    6.	 9569.]
2025-09-09 12:43:23,082 - INFO - model saved 30 times, last saved epoch: 29.

2025-09-09 12:43:24,598 - INFO - Epoch 31, Train loss: 0.21272297203540802.
2025-09-09 12:43:25,312 - INFO - mIoU: 0.7118; OA: 0.9442; AA: 0.7926; F1: 0.7876; Kappa: 0.9046;
2025-09-09 12:43:25,313 - INFO - spatial_LccAccuracy: 0.6082; spatial_PA: 0.8626; spatial_UA: 0.9657; spatial_F1: 0.9112
2025-09-09 12:43:25,313 - INFO - temporal_CdAccuracy: 0.4557; temporal_PA: 0.7867; temporal_UA: 0.7351; temporal_F1: 0.76
2025-09-09 12:43:25,314 - INFO - Confusion Matrix
 [66827.	  908.	   77.	  268.	 1032.]
 [ 2158.	47846.	  171.	  323.	  835.]
 [   53.	  193.	 1977.	    8.	   10.]
 [  550.	   67.	   23.	  294.	  386.]
 [  329.	   75.	    0.	   14.	 9736.]
2025-09-09 12:43:25,361 - INFO - Epoch 31 saved.
2025-09-09 12:43:25,362 - INFO - model saved 31 times, last saved epoch: 31.

2025-09-09 12:43:27,069 - INFO - Epoch 32, Train loss: 0.19359338283538818.
2025-09-09 12:43:27,737 - INFO - mIoU: 0.7324; OA: 0.9509; AA: 0.8066; F1: 0.8116; Kappa: 0.9159;
2025-09-09 12:43:27,737 - INFO - spatial_LccAccuracy: 0.6673; spatial_PA: 0.8729; spatial_UA: 0.9667; spatial_F1: 0.9174
2025-09-09 12:43:27,738 - INFO - temporal_CdAccuracy: 0.5094; temporal_PA: 0.8347; temporal_UA: 0.7734; temporal_F1: 0.8028
2025-09-09 12:43:27,738 - INFO - Confusion Matrix
 [66620.	 1328.	   70.	  171.	  923.]
 [ 1580.	48839.	  139.	  211.	  564.]
 [   15.	  279.	 1927.	    9.	   11.]
 [  232.	  328.	   58.	  387.	  315.]
 [  246.	  100.	    0.	   14.	 9794.]
2025-09-09 12:43:27,784 - INFO - Epoch 32 saved.
2025-09-09 12:43:27,785 - INFO - model saved 32 times, last saved epoch: 32.

2025-09-09 12:43:29,309 - INFO - Epoch 33, Train loss: 0.17916575074195862.
2025-09-09 12:43:29,979 - INFO - mIoU: 0.7348; OA: 0.9528; AA: 0.8048; F1: 0.8073; Kappa: 0.9191;
2025-09-09 12:43:29,979 - INFO - spatial_LccAccuracy: 0.6699; spatial_PA: 0.8747; spatial_UA: 0.9658; spatial_F1: 0.918
2025-09-09 12:43:29,979 - INFO - temporal_CdAccuracy: 0.5228; temporal_PA: 0.8429; temporal_UA: 0.7861; temporal_F1: 0.8135
2025-09-09 12:43:29,980 - INFO - Confusion Matrix
 [66811.	 1132.	   64.	  207.	  898.]
 [ 1604.	48881.	  152.	  152.	  544.]
 [   14.	  206.	 2016.	    3.	    2.]
 [  374.	  273.	   42.	  317.	  314.]
 [  254.	   80.	    0.	   18.	 9802.]
2025-09-09 12:43:30,023 - INFO - Epoch 33 saved.
2025-09-09 12:43:30,024 - INFO - model saved 33 times, last saved epoch: 33.

2025-09-09 12:43:31,954 - INFO - Epoch 34, Train loss: 0.15982390940189362.
2025-09-09 12:43:32,715 - INFO - mIoU: 0.7575; OA: 0.9565; AA: 0.8221; F1: 0.8333; Kappa: 0.9252;
2025-09-09 12:43:32,715 - INFO - spatial_LccAccuracy: 0.7196; spatial_PA: 0.8762; spatial_UA: 0.9635; spatial_F1: 0.9178
2025-09-09 12:43:32,716 - INFO - temporal_CdAccuracy: 0.5411; temporal_PA: 0.8328; temporal_UA: 0.7937; temporal_F1: 0.8128
2025-09-09 12:43:32,717 - INFO - Confusion Matrix
 [67214.	 1154.	   51.	  162.	  531.]
 [ 1756.	48879.	  111.	  153.	  434.]
 [   10.	  257.	 1966.	    2.	    6.]
 [  178.	  374.	   88.	  452.	  228.]
 [  235.	   94.	    0.	   18.	 9807.]
2025-09-09 12:43:32,765 - INFO - Epoch 34 saved.
2025-09-09 12:43:32,766 - INFO - model saved 34 times, last saved epoch: 34.

2025-09-09 12:43:34,317 - INFO - Epoch 35, Train loss: 0.15212057530879974.
2025-09-09 12:43:35,083 - INFO - mIoU: 0.7645; OA: 0.955; AA: 0.8299; F1: 0.8426; Kappa: 0.9229;
2025-09-09 12:43:35,083 - INFO - spatial_LccAccuracy: 0.716; spatial_PA: 0.8746; spatial_UA: 0.9296; spatial_F1: 0.9013
2025-09-09 12:43:35,083 - INFO - temporal_CdAccuracy: 0.5496; temporal_PA: 0.845; temporal_UA: 0.8151; temporal_F1: 0.8298
2025-09-09 12:43:35,084 - INFO - Confusion Matrix
 [66156.	 1979.	   51.	  130.	  796.]
 [ 1151.	49666.	   77.	  113.	  326.]
 [    7.	  266.	 1963.	    4.	    1.]
 [  234.	  375.	  126.	  502.	   83.]
 [  178.	  117.	    0.	   24.	 9835.]
2025-09-09 12:43:35,130 - INFO - Epoch 35 saved.
2025-09-09 12:43:35,130 - INFO - model saved 35 times, last saved epoch: 35.

2025-09-09 12:43:37,063 - INFO - Epoch 36, Train loss: 0.13818226754665375.
2025-09-09 12:43:37,736 - INFO - mIoU: 0.7707; OA: 0.9594; AA: 0.8294; F1: 0.8429; Kappa: 0.9301;
2025-09-09 12:43:37,736 - INFO - spatial_LccAccuracy: 0.7281; spatial_PA: 0.8814; spatial_UA: 0.9418; spatial_F1: 0.9106
2025-09-09 12:43:37,737 - INFO - temporal_CdAccuracy: 0.5344; temporal_PA: 0.8242; temporal_UA: 0.7941; temporal_F1: 0.8089
2025-09-09 12:43:37,737 - INFO - Confusion Matrix
 [67693.	  809.	   45.	   72.	  493.]
 [ 2039.	48679.	  150.	   91.	  374.]
 [   26.	  142.	 2072.	    1.	    0.]
 [  331.	  220.	   76.	  430.	  263.]
 [  220.	   81.	    0.	   13.	 9840.]
2025-09-09 12:43:37,783 - INFO - Epoch 36 saved.
2025-09-09 12:43:37,784 - INFO - model saved 36 times, last saved epoch: 36.

2025-09-09 12:43:39,232 - INFO - Epoch 37, Train loss: 0.12744346261024475.
2025-09-09 12:43:39,889 - INFO - mIoU: 0.7935; OA: 0.9607; AA: 0.8461; F1: 0.8648; Kappa: 0.9325;
2025-09-09 12:43:39,889 - INFO - spatial_LccAccuracy: 0.7424; spatial_PA: 0.8819; spatial_UA: 0.9238; spatial_F1: 0.9023
2025-09-09 12:43:39,889 - INFO - temporal_CdAccuracy: 0.5657; temporal_PA: 0.8542; temporal_UA: 0.8266; temporal_F1: 0.8402
2025-09-09 12:43:39,890 - INFO - Confusion Matrix
 [66715.	 1675.	   27.	   73.	  622.]
 [ 1154.	49757.	   99.	   95.	  228.]
 [   18.	  178.	 2044.	    1.	    0.]
 [  403.	  185.	   39.	  550.	  143.]
 [  210.	  108.	    0.	   16.	 9820.]
2025-09-09 12:43:39,936 - INFO - Epoch 37 saved.
2025-09-09 12:43:39,937 - INFO - model saved 37 times, last saved epoch: 37.

2025-09-09 12:43:41,835 - INFO - Epoch 38, Train loss: 0.11884244531393051.
2025-09-09 12:43:42,575 - INFO - mIoU: 0.8095; OA: 0.9649; AA: 0.8537; F1: 0.8787; Kappa: 0.9395;
2025-09-09 12:43:42,576 - INFO - spatial_LccAccuracy: 0.7697; spatial_PA: 0.9137; spatial_UA: 0.9286; spatial_F1: 0.9211
2025-09-09 12:43:42,576 - INFO - temporal_CdAccuracy: 0.5912; temporal_PA: 0.8763; temporal_UA: 0.8392; temporal_F1: 0.8574
2025-09-09 12:43:42,577 - INFO - Confusion Matrix
 [67728.	 1006.	   21.	   38.	  319.]
 [ 1731.	49234.	   74.	   67.	  227.]
 [   16.	  200.	 2022.	    1.	    2.]
 [  292.	  244.	   82.	  602.	  100.]
 [  168.	  110.	    0.	   14.	 9862.]
2025-09-09 12:43:42,624 - INFO - Epoch 38 saved.
2025-09-09 12:43:42,625 - INFO - model saved 38 times, last saved epoch: 38.

2025-09-09 12:43:44,226 - INFO - Epoch 39, Train loss: 0.10945120453834534.
2025-09-09 12:43:44,909 - INFO - mIoU: 0.8042; OA: 0.9651; AA: 0.858; F1: 0.8745; Kappa: 0.94;
2025-09-09 12:43:44,909 - INFO - spatial_LccAccuracy: 0.75; spatial_PA: 0.8783; spatial_UA: 0.8998; spatial_F1: 0.8889
2025-09-09 12:43:44,910 - INFO - temporal_CdAccuracy: 0.5796; temporal_PA: 0.8688; temporal_UA: 0.8396; temporal_F1: 0.854
2025-09-09 12:43:44,911 - INFO - Confusion Matrix
 [67271.	 1425.	   63.	   31.	  322.]
 [ 1306.	49655.	  138.	   77.	  157.]
 [    9.	  145.	 2087.	    0.	    0.]
 [  345.	  174.	  140.	  588.	   73.]
 [  182.	   85.	    0.	   12.	 9875.]
2025-09-09 12:43:44,912 - INFO - model saved 38 times, last saved epoch: 38.

2025-09-09 12:43:46,663 - INFO - Epoch 40, Train loss: 0.10074393451213837.
2025-09-09 12:43:47,412 - INFO - mIoU: 0.8137; OA: 0.9671; AA: 0.8523; F1: 0.879; Kappa: 0.9431;
2025-09-09 12:43:47,412 - INFO - spatial_LccAccuracy: 0.8108; spatial_PA: 0.9427; spatial_UA: 0.9223; spatial_F1: 0.9324
2025-09-09 12:43:47,412 - INFO - temporal_CdAccuracy: 0.602; temporal_PA: 0.8576; temporal_UA: 0.846; temporal_F1: 0.8517
2025-09-09 12:43:47,412 - INFO - Confusion Matrix
 [68161.	  751.	   12.	   17.	  171.]
 [ 1924.	49077.	   95.	   76.	  161.]
 [   30.	  146.	 2065.	    0.	    0.]
 [  464.	   95.	   62.	  561.	  138.]
 [  193.	   79.	    0.	    6.	 9876.]
2025-09-09 12:43:47,470 - INFO - Epoch 40 saved.
2025-09-09 12:43:47,470 - INFO - model saved 39 times, last saved epoch: 40.

2025-09-09 12:43:48,955 - INFO - Epoch 41, Train loss: 0.0919899195432663.
2025-09-09 12:43:49,722 - INFO - mIoU: 0.8075; OA: 0.9674; AA: 0.8424; F1: 0.8705; Kappa: 0.9437;
2025-09-09 12:43:49,722 - INFO - spatial_LccAccuracy: 0.8126; spatial_PA: 0.9243; spatial_UA: 0.9112; spatial_F1: 0.9177
2025-09-09 12:43:49,722 - INFO - temporal_CdAccuracy: 0.589; temporal_PA: 0.867; temporal_UA: 0.8475; temporal_F1: 0.8572
2025-09-09 12:43:49,723 - INFO - Confusion Matrix
 [68096.	  857.	   17.	    8.	  134.]
 [ 1737.	49256.	   81.	  118.	  141.]
 [   24.	  170.	 2046.	    1.	    0.]
 [  615.	   27.	   15.	  502.	  161.]
 [  181.	   82.	    0.	    4.	 9887.]
2025-09-09 12:43:49,724 - INFO - model saved 39 times, last saved epoch: 40.

2025-09-09 12:43:51,512 - INFO - Epoch 42, Train loss: 0.08663089573383331.
2025-09-09 12:43:52,220 - INFO - mIoU: 0.8288; OA: 0.97; AA: 0.8633; F1: 0.892; Kappa: 0.9482;
2025-09-09 12:43:52,220 - INFO - spatial_LccAccuracy: 0.8283; spatial_PA: 0.9596; spatial_UA: 0.9403; spatial_F1: 0.9498
2025-09-09 12:43:52,220 - INFO - temporal_CdAccuracy: 0.6109; temporal_PA: 0.8764; temporal_UA: 0.8595; temporal_F1: 0.8679
2025-09-09 12:43:52,221 - INFO - Confusion Matrix
 [68339.	  695.	   16.	    9.	   53.]
 [ 1857.	49209.	  124.	   37.	  106.]
 [   36.	  133.	 2072.	    0.	    0.]
 [  429.	  146.	   79.	  620.	   46.]
 [  181.	   70.	    0.	    4.	 9899.]
2025-09-09 12:43:52,284 - INFO - Epoch 42 saved.
2025-09-09 12:43:52,285 - INFO - model saved 40 times, last saved epoch: 42.

2025-09-09 12:43:54,123 - INFO - Epoch 43, Train loss: 0.08222958445549011.
2025-09-09 12:43:54,825 - INFO - mIoU: 0.8222; OA: 0.9674; AA: 0.8535; F1: 0.8854; Kappa: 0.9435;
2025-09-09 12:43:54,825 - INFO - spatial_LccAccuracy: 0.8269; spatial_PA: 0.9532; spatial_UA: 0.947; spatial_F1: 0.9501
2025-09-09 12:43:54,825 - INFO - temporal_CdAccuracy: 0.6105; temporal_PA: 0.8521; temporal_UA: 0.8426; temporal_F1: 0.8473
2025-09-09 12:43:54,825 - INFO - Confusion Matrix
 [68552.	  504.	   20.	    7.	   29.]
 [ 2426.	48676.	  100.	   29.	  102.]
 [   26.	  159.	 2056.	    0.	    0.]
 [  487.	  171.	   56.	  570.	   36.]
 [  129.	   82.	    0.	   12.	 9931.]
2025-09-09 12:43:54,826 - INFO - model saved 40 times, last saved epoch: 42.

2025-09-09 12:43:56,176 - INFO - Epoch 44, Train loss: 0.07632238417863846.
2025-09-09 12:43:56,872 - INFO - mIoU: 0.8416; OA: 0.9677; AA: 0.8715; F1: 0.9032; Kappa: 0.9442;
2025-09-09 12:43:56,872 - INFO - spatial_LccAccuracy: 0.8238; spatial_PA: 0.9624; spatial_UA: 0.9461; spatial_F1: 0.9542
2025-09-09 12:43:56,872 - INFO - temporal_CdAccuracy: 0.5814; temporal_PA: 0.8576; temporal_UA: 0.8284; temporal_F1: 0.8427
2025-09-09 12:43:56,873 - INFO - Confusion Matrix
 [68534.	  497.	    9.	    5.	   67.]
 [ 2412.	48640.	   89.	   36.	  156.]
 [   19.	  159.	 2062.	    0.	    1.]
 [  440.	   74.	   21.	  690.	   95.]
 [  166.	   81.	    0.	    3.	 9904.]
2025-09-09 12:43:56,918 - INFO - Epoch 44 saved.
2025-09-09 12:43:56,918 - INFO - model saved 41 times, last saved epoch: 44.

2025-09-09 12:43:58,940 - INFO - Epoch 45, Train loss: 0.07151665538549423.
2025-09-09 12:43:59,663 - INFO - mIoU: 0.8393; OA: 0.9689; AA: 0.8791; F1: 0.9013; Kappa: 0.9463;
2025-09-09 12:43:59,663 - INFO - spatial_LccAccuracy: 0.8399; spatial_PA: 0.9324; spatial_UA: 0.9587; spatial_F1: 0.9454
2025-09-09 12:43:59,663 - INFO - temporal_CdAccuracy: 0.5953; temporal_PA: 0.8657; temporal_UA: 0.8411; temporal_F1: 0.8532
2025-09-09 12:43:59,664 - INFO - Confusion Matrix
 [68265.	  716.	   12.	    5.	  114.]
 [ 2007.	48983.	  103.	  150.	   90.]
 [   35.	  146.	 2060.	    0.	    0.]
 [  375.	   16.	   22.	  733.	  174.]
 [  146.	   65.	    0.	    1.	 9942.]
2025-09-09 12:43:59,665 - INFO - model saved 41 times, last saved epoch: 44.

2025-09-09 12:44:01,163 - INFO - Epoch 46, Train loss: 0.07064421474933624.
2025-09-09 12:44:01,946 - INFO - mIoU: 0.869; OA: 0.9745; AA: 0.892; F1: 0.923; Kappa: 0.956;
2025-09-09 12:44:01,946 - INFO - spatial_LccAccuracy: 0.8448; spatial_PA: 0.9608; spatial_UA: 0.9565; spatial_F1: 0.9586
2025-09-09 12:44:01,947 - INFO - temporal_CdAccuracy: 0.6628; temporal_PA: 0.8988; temporal_UA: 0.886; temporal_F1: 0.8923
2025-09-09 12:44:01,947 - INFO - Confusion Matrix
 [68164.	  893.	   12.	    7.	   36.]
 [ 1395.	49787.	   72.	   10.	   69.]
 [   14.	  157.	 2070.	    0.	    0.]
 [  291.	  194.	   28.	  796.	   11.]
 [  141.	   88.	    0.	    5.	 9920.]
2025-09-09 12:44:01,998 - INFO - Epoch 46 saved.
2025-09-09 12:44:01,999 - INFO - model saved 42 times, last saved epoch: 46.

2025-09-09 12:44:03,761 - INFO - Epoch 47, Train loss: 0.06477885693311691.
2025-09-09 12:44:04,569 - INFO - mIoU: 0.8938; OA: 0.9755; AA: 0.9195; F1: 0.9413; Kappa: 0.9579;
2025-09-09 12:44:04,570 - INFO - spatial_LccAccuracy: 0.8538; spatial_PA: 0.9584; spatial_UA: 0.9837; spatial_F1: 0.9709
2025-09-09 12:44:04,570 - INFO - temporal_CdAccuracy: 0.6717; temporal_PA: 0.9241; temporal_UA: 0.8909; temporal_F1: 0.9072
2025-09-09 12:44:04,571 - INFO - Confusion Matrix
 [68007.	  952.	    6.	    7.	  140.]
 [ 1281.	49870.	   62.	   43.	   77.]
 [   15.	  186.	 2040.	    0.	    0.]
 [  157.	  124.	    3.	  990.	   46.]
 [   95.	   85.	    0.	    4.	 9970.]
2025-09-09 12:44:04,616 - INFO - Epoch 47 saved.
2025-09-09 12:44:04,617 - INFO - model saved 43 times, last saved epoch: 47.

2025-09-09 12:44:06,084 - INFO - Epoch 48, Train loss: 0.060041286051273346.
2025-09-09 12:44:06,777 - INFO - mIoU: 0.8899; OA: 0.975; AA: 0.9141; F1: 0.939; Kappa: 0.9569;
2025-09-09 12:44:06,777 - INFO - spatial_LccAccuracy: 0.8636; spatial_PA: 0.9679; spatial_UA: 0.9863; spatial_F1: 0.977
2025-09-09 12:44:06,777 - INFO - temporal_CdAccuracy: 0.6731; temporal_PA: 0.9199; temporal_UA: 0.8873; temporal_F1: 0.9033
2025-09-09 12:44:06,778 - INFO - Confusion Matrix
 [68110.	  932.	    8.	    8.	   54.]
 [ 1411.	49744.	   55.	   44.	   79.]
 [   15.	  243.	 1983.	    0.	    0.]
 [  148.	  148.	    5.	  988.	   31.]
 [  102.	   70.	    0.	    4.	 9978.]
2025-09-09 12:44:06,779 - INFO - model saved 43 times, last saved epoch: 47.

2025-09-09 12:44:08,404 - INFO - Epoch 49, Train loss: 0.05905948206782341.
2025-09-09 12:44:09,106 - INFO - mIoU: 0.8813; OA: 0.9742; AA: 0.9037; F1: 0.9334; Kappa: 0.9554;
2025-09-09 12:44:09,106 - INFO - spatial_LccAccuracy: 0.8426; spatial_PA: 0.9661; spatial_UA: 0.9869; spatial_F1: 0.9764
2025-09-09 12:44:09,106 - INFO - temporal_CdAccuracy: 0.6673; temporal_PA: 0.9148; temporal_UA: 0.8843; temporal_F1: 0.8993
2025-09-09 12:44:09,107 - INFO - Confusion Matrix
 [68256.	  825.	   21.	    5.	    5.]
 [ 1606.	49633.	   43.	   13.	   38.]
 [   14.	  233.	 1994.	    0.	    0.]
 [  112.	  223.	   52.	  925.	    8.]
 [  146.	  118.	    0.	    4.	 9886.]
2025-09-09 12:44:09,108 - INFO - model saved 43 times, last saved epoch: 47.

2025-09-09 12:44:11,034 - INFO - Epoch 50, Train loss: 0.05509210377931595.
2025-09-09 12:44:11,784 - INFO - mIoU: 0.9063; OA: 0.9752; AA: 0.9393; F1: 0.9493; Kappa: 0.9573;
2025-09-09 12:44:11,784 - INFO - spatial_LccAccuracy: 0.8708; spatial_PA: 0.975; spatial_UA: 0.9873; spatial_F1: 0.9811
2025-09-09 12:44:11,784 - INFO - temporal_CdAccuracy: 0.6977; temporal_PA: 0.9243; temporal_UA: 0.8979; temporal_F1: 0.9109
2025-09-09 12:44:11,785 - INFO - Confusion Matrix
 [68042.	  977.	   20.	    8.	   65.]
 [ 1460.	49626.	   94.	   84.	   69.]
 [    9.	  145.	 2087.	    0.	    0.]
 [   91.	  103.	    7.	 1097.	   22.]
 [   94.	   75.	    0.	    3.	 9982.]
2025-09-09 12:44:11,831 - INFO - Epoch 50 saved.
2025-09-09 12:44:11,832 - INFO - model saved 44 times, last saved epoch: 50.

2025-09-09 12:44:13,575 - INFO - Epoch 51, Train loss: 0.052615657448768616.
2025-09-09 12:44:14,248 - INFO - mIoU: 0.9097; OA: 0.9769; AA: 0.935; F1: 0.9512; Kappa: 0.9603;
2025-09-09 12:44:14,248 - INFO - spatial_LccAccuracy: 0.8712; spatial_PA: 0.9814; spatial_UA: 0.989; spatial_F1: 0.9852
2025-09-09 12:44:14,248 - INFO - temporal_CdAccuracy: 0.6928; temporal_PA: 0.9202; temporal_UA: 0.8983; temporal_F1: 0.9091
2025-09-09 12:44:14,249 - INFO - Confusion Matrix
 [67744.	 1324.	   18.	    8.	   18.]
 [  968.	50204.	   66.	   43.	   52.]
 [    8.	  180.	 2053.	    0.	    0.]
 [   82.	  123.	   13.	 1079.	   23.]
 [   72.	   92.	    1.	    3.	 9986.]
2025-09-09 12:44:14,293 - INFO - Epoch 51 saved.
2025-09-09 12:44:14,294 - INFO - model saved 45 times, last saved epoch: 51.

2025-09-09 12:44:16,161 - INFO - Epoch 52, Train loss: 0.04983799532055855.
2025-09-09 12:44:16,847 - INFO - mIoU: 0.8978; OA: 0.977; AA: 0.9253; F1: 0.9431; Kappa: 0.9604;
2025-09-09 12:44:16,848 - INFO - spatial_LccAccuracy: 0.8855; spatial_PA: 0.9766; spatial_UA: 0.9857; spatial_F1: 0.9811
2025-09-09 12:44:16,848 - INFO - temporal_CdAccuracy: 0.6843; temporal_PA: 0.9187; temporal_UA: 0.9028; temporal_F1: 0.9107
2025-09-09 12:44:16,849 - INFO - Confusion Matrix
 [68281.	  807.	   17.	    5.	    2.]
 [ 1409.	49674.	   98.	   55.	   97.]
 [    9.	  128.	 2104.	    0.	    0.]
 [  205.	  116.	    3.	  981.	   15.]
 [   42.	   68.	    0.	    6.	10038.]
2025-09-09 12:44:16,850 - INFO - model saved 45 times, last saved epoch: 51.

2025-09-09 12:44:18,649 - INFO - Epoch 53, Train loss: 0.045337896794080734.
2025-09-09 12:44:19,327 - INFO - mIoU: 0.9161; OA: 0.9783; AA: 0.9422; F1: 0.9549; Kappa: 0.9627;
2025-09-09 12:44:19,327 - INFO - spatial_LccAccuracy: 0.8891; spatial_PA: 0.9738; spatial_UA: 0.99; spatial_F1: 0.9818
2025-09-09 12:44:19,327 - INFO - temporal_CdAccuracy: 0.708; temporal_PA: 0.9354; temporal_UA: 0.9131; temporal_F1: 0.9242
2025-09-09 12:44:19,328 - INFO - Confusion Matrix
 [68254.	  825.	    9.	    8.	   16.]
 [ 1330.	49812.	   69.	   59.	   63.]
 [   12.	  145.	 2084.	    0.	    0.]
 [   72.	  105.	    1.	 1107.	   35.]
 [   44.	  107.	    0.	    9.	 9994.]
2025-09-09 12:44:19,370 - INFO - Epoch 53 saved.
2025-09-09 12:44:19,371 - INFO - model saved 46 times, last saved epoch: 53.

2025-09-09 12:44:21,105 - INFO - Epoch 54, Train loss: 0.045070894062519073.
2025-09-09 12:44:21,815 - INFO - mIoU: 0.9077; OA: 0.9782; AA: 0.9299; F1: 0.9493; Kappa: 0.9625;
2025-09-09 12:44:21,815 - INFO - spatial_LccAccuracy: 0.8801; spatial_PA: 0.9779; spatial_UA: 0.9831; spatial_F1: 0.9805
2025-09-09 12:44:21,815 - INFO - temporal_CdAccuracy: 0.695; temporal_PA: 0.9257; temporal_UA: 0.9044; temporal_F1: 0.9149
2025-09-09 12:44:21,816 - INFO - Confusion Matrix
 [68176.	  926.	    7.	    3.	    0.]
 [ 1202.	49965.	   68.	   52.	   46.]
 [   16.	  140.	 2085.	    0.	    0.]
 [  179.	  116.	    0.	 1023.	    2.]
 [   60.	   99.	    0.	    2.	 9993.]
2025-09-09 12:44:21,817 - INFO - model saved 46 times, last saved epoch: 53.

2025-09-09 12:44:23,608 - INFO - Epoch 55, Train loss: 0.044700995087623596.
2025-09-09 12:44:24,381 - INFO - mIoU: 0.9158; OA: 0.978; AA: 0.9353; F1: 0.9547; Kappa: 0.9622;
2025-09-09 12:44:24,381 - INFO - spatial_LccAccuracy: 0.8824; spatial_PA: 0.9809; spatial_UA: 0.9909; spatial_F1: 0.9859
2025-09-09 12:44:24,381 - INFO - temporal_CdAccuracy: 0.7169; temporal_PA: 0.9341; temporal_UA: 0.9129; temporal_F1: 0.9234
2025-09-09 12:44:24,382 - INFO - Confusion Matrix
 [68106.	  978.	   20.	    6.	    2.]
 [ 1219.	49992.	   46.	   18.	   58.]
 [    2.	  185.	 2054.	    0.	    0.]
 [   62.	  175.	    0.	 1079.	    4.]
 [   34.	  127.	    0.	    9.	 9984.]
2025-09-09 12:44:24,383 - INFO - model saved 46 times, last saved epoch: 53.

2025-09-09 12:44:26,272 - INFO - Epoch 56, Train loss: 0.04199877753853798.
2025-09-09 12:44:26,989 - INFO - mIoU: 0.9157; OA: 0.9785; AA: 0.9362; F1: 0.9547; Kappa: 0.9629;
2025-09-09 12:44:26,990 - INFO - spatial_LccAccuracy: 0.8837; spatial_PA: 0.9796; spatial_UA: 0.9895; spatial_F1: 0.9845
2025-09-09 12:44:26,990 - INFO - temporal_CdAccuracy: 0.7124; temporal_PA: 0.9404; temporal_UA: 0.9125; temporal_F1: 0.9262
2025-09-09 12:44:26,991 - INFO - Confusion Matrix
 [68148.	  944.	   12.	    8.	    0.]
 [ 1204.	49984.	   70.	   14.	   61.]
 [   18.	  153.	 2070.	    0.	    0.]
 [   81.	  158.	    5.	 1073.	    3.]
 [   51.	  100.	    0.	    7.	 9996.]
2025-09-09 12:44:26,992 - INFO - model saved 46 times, last saved epoch: 53.

2025-09-09 12:44:28,890 - INFO - Epoch 57, Train loss: 0.0384194552898407.
2025-09-09 12:44:29,560 - INFO - mIoU: 0.9187; OA: 0.9779; AA: 0.9519; F1: 0.9565; Kappa: 0.962;
2025-09-09 12:44:29,560 - INFO - spatial_LccAccuracy: 0.8864; spatial_PA: 0.9767; spatial_UA: 0.9897; spatial_F1: 0.9831
2025-09-09 12:44:29,560 - INFO - temporal_CdAccuracy: 0.7084; temporal_PA: 0.9364; temporal_UA: 0.9077; temporal_F1: 0.9218
2025-09-09 12:44:29,561 - INFO - Confusion Matrix
 [68292.	  783.	   16.	    9.	   12.]
 [ 1448.	49617.	   90.	  102.	   76.]
 [   24.	  108.	 2108.	    1.	    0.]
 [   55.	   96.	    0.	 1157.	   12.]
 [   34.	   87.	    0.	    6.	10027.]
2025-09-09 12:44:29,606 - INFO - Epoch 57 saved.
2025-09-09 12:44:29,607 - INFO - model saved 47 times, last saved epoch: 57.

2025-09-09 12:44:31,320 - INFO - Epoch 58, Train loss: 0.039252545684576035.
2025-09-09 12:44:32,017 - INFO - mIoU: 0.9245; OA: 0.9792; AA: 0.9464; F1: 0.9598; Kappa: 0.9641;
2025-09-09 12:44:32,017 - INFO - spatial_LccAccuracy: 0.886; spatial_PA: 0.9801; spatial_UA: 0.9917; spatial_F1: 0.9859
2025-09-09 12:44:32,017 - INFO - temporal_CdAccuracy: 0.7214; temporal_PA: 0.9348; temporal_UA: 0.9182; temporal_F1: 0.9264
2025-09-09 12:44:32,018 - INFO - Confusion Matrix
 [68218.	  871.	   14.	    8.	    1.]
 [ 1253.	49916.	   66.	   31.	   67.]
 [   12.	  135.	 2094.	    0.	    0.]
 [   58.	  132.	    0.	 1125.	    5.]
 [   57.	   78.	    0.	    7.	10012.]
2025-09-09 12:44:32,085 - INFO - Epoch 58 saved.
2025-09-09 12:44:32,085 - INFO - model saved 48 times, last saved epoch: 58.

2025-09-09 12:44:33,902 - INFO - Epoch 59, Train loss: 0.035575978457927704.
2025-09-09 12:44:34,677 - INFO - mIoU: 0.9243; OA: 0.9794; AA: 0.9546; F1: 0.9597; Kappa: 0.9646;
2025-09-09 12:44:34,677 - INFO - spatial_LccAccuracy: 0.8976; spatial_PA: 0.9801; spatial_UA: 0.9917; spatial_F1: 0.9859
2025-09-09 12:44:34,677 - INFO - temporal_CdAccuracy: 0.72; temporal_PA: 0.9333; temporal_UA: 0.9176; temporal_F1: 0.9254
2025-09-09 12:44:34,678 - INFO - Confusion Matrix
 [68194.	  888.	   11.	   12.	    7.]
 [ 1208.	49895.	   91.	   84.	   55.]
 [    9.	  103.	 2128.	    1.	    0.]
 [   70.	   74.	    0.	 1159.	   17.]
 [   35.	   95.	    0.	    4.	10020.]
2025-09-09 12:44:34,679 - INFO - model saved 48 times, last saved epoch: 58.

2025-09-09 12:44:36,452 - INFO - Epoch 60, Train loss: 0.035873640328645706.
2025-09-09 12:44:37,231 - INFO - mIoU: 0.9195; OA: 0.9774; AA: 0.9421; F1: 0.9571; Kappa: 0.9611;
2025-09-09 12:44:37,231 - INFO - spatial_LccAccuracy: 0.8873; spatial_PA: 0.9751; spatial_UA: 0.9913; spatial_F1: 0.9832
2025-09-09 12:44:37,231 - INFO - temporal_CdAccuracy: 0.7241; temporal_PA: 0.9359; temporal_UA: 0.9156; temporal_F1: 0.9256
2025-09-09 12:44:37,232 - INFO - Confusion Matrix
 [68430.	  659.	   11.	    8.	    4.]
 [ 1666.	49510.	   54.	   46.	   57.]
 [   10.	  198.	 2033.	    0.	    0.]
 [   60.	  107.	    0.	 1138.	   15.]
 [   50.	   83.	    0.	    3.	10018.]
2025-09-09 12:44:37,233 - INFO - model saved 48 times, last saved epoch: 58.

2025-09-09 12:44:38,646 - INFO - Epoch 61, Train loss: 0.03331269696354866.
2025-09-09 12:44:39,429 - INFO - mIoU: 0.9301; OA: 0.98; AA: 0.9559; F1: 0.963; Kappa: 0.9657;
2025-09-09 12:44:39,430 - INFO - spatial_LccAccuracy: 0.8936; spatial_PA: 0.9788; spatial_UA: 0.9903; spatial_F1: 0.9845
2025-09-09 12:44:39,430 - INFO - temporal_CdAccuracy: 0.725; temporal_PA: 0.9482; temporal_UA: 0.9198; temporal_F1: 0.9338
2025-09-09 12:44:39,431 - INFO - Confusion Matrix
 [68231.	  854.	   12.	    9.	    6.]
 [ 1195.	49948.	   71.	   59.	   60.]
 [    7.	  118.	 2116.	    0.	    0.]
 [   50.	   91.	    0.	 1173.	    6.]
 [   39.	   91.	    0.	    9.	10015.]
2025-09-09 12:44:39,477 - INFO - Epoch 61 saved.
2025-09-09 12:44:39,477 - INFO - model saved 49 times, last saved epoch: 61.

2025-09-09 12:44:41,230 - INFO - Epoch 62, Train loss: 0.034101057797670364.
2025-09-09 12:44:41,917 - INFO - mIoU: 0.9264; OA: 0.9792; AA: 0.95; F1: 0.961; Kappa: 0.9641;
2025-09-09 12:44:41,917 - INFO - spatial_LccAccuracy: 0.8927; spatial_PA: 0.9777; spatial_UA: 0.99; spatial_F1: 0.9838
2025-09-09 12:44:41,917 - INFO - temporal_CdAccuracy: 0.7241; temporal_PA: 0.9428; temporal_UA: 0.92; temporal_F1: 0.9313
2025-09-09 12:44:41,918 - INFO - Confusion Matrix
 [68332.	  755.	   14.	    5.	    6.]
 [ 1359.	49793.	   75.	   49.	   57.]
 [   13.	  123.	 2105.	    0.	    0.]
 [   71.	  101.	    0.	 1146.	    2.]
 [   65.	   99.	    0.	    1.	 9989.]
2025-09-09 12:44:41,919 - INFO - model saved 49 times, last saved epoch: 61.

2025-09-09 12:44:43,734 - INFO - Epoch 63, Train loss: 0.03348811715841293.
2025-09-09 12:44:44,399 - INFO - mIoU: 0.9319; OA: 0.9805; AA: 0.9534; F1: 0.9641; Kappa: 0.9664;
2025-09-09 12:44:44,399 - INFO - spatial_LccAccuracy: 0.8958; spatial_PA: 0.9793; spatial_UA: 0.9925; spatial_F1: 0.9859
2025-09-09 12:44:44,399 - INFO - temporal_CdAccuracy: 0.7357; temporal_PA: 0.9436; temporal_UA: 0.9302; temporal_F1: 0.9368
2025-09-09 12:44:44,400 - INFO - Confusion Matrix
 [68208.	  876.	   18.	    5.	    5.]
 [ 1145.	49999.	   66.	   29.	   94.]
 [   14.	  113.	 2114.	    0.	    0.]
 [   42.	  124.	    0.	 1150.	    4.]
 [   19.	   63.	    0.	    4.	10068.]
2025-09-09 12:44:44,446 - INFO - Epoch 63 saved.
2025-09-09 12:44:44,447 - INFO - model saved 50 times, last saved epoch: 63.

2025-09-09 12:44:46,211 - INFO - Epoch 64, Train loss: 0.02991616353392601.
2025-09-09 12:44:46,950 - INFO - mIoU: 0.9288; OA: 0.9795; AA: 0.9489; F1: 0.9623; Kappa: 0.9648;
2025-09-09 12:44:46,950 - INFO - spatial_LccAccuracy: 0.8953; spatial_PA: 0.9815; spatial_UA: 0.993; spatial_F1: 0.9872
2025-09-09 12:44:46,951 - INFO - temporal_CdAccuracy: 0.725; temporal_PA: 0.9451; temporal_UA: 0.9238; temporal_F1: 0.9344
2025-09-09 12:44:46,951 - INFO - Confusion Matrix
 [68198.	  887.	   17.	    6.	    4.]
 [ 1206.	49977.	   79.	   15.	   56.]
 [   14.	  105.	 2122.	    0.	    0.]
 [   60.	  131.	    0.	 1126.	    3.]
 [   53.	  108.	    0.	    1.	 9992.]
2025-09-09 12:44:46,952 - INFO - model saved 50 times, last saved epoch: 63.

2025-09-09 12:44:48,673 - INFO - Epoch 65, Train loss: 0.029467811807990074.
2025-09-09 12:44:49,369 - INFO - mIoU: 0.9303; OA: 0.9779; AA: 0.9677; F1: 0.9633; Kappa: 0.9619;
2025-09-09 12:44:49,370 - INFO - spatial_LccAccuracy: 0.9007; spatial_PA: 0.9759; spatial_UA: 0.9905; spatial_F1: 0.9832
2025-09-09 12:44:49,370 - INFO - temporal_CdAccuracy: 0.7174; temporal_PA: 0.9407; temporal_UA: 0.9104; temporal_F1: 0.9253
2025-09-09 12:44:49,371 - INFO - Confusion Matrix
 [68520.	  566.	   10.	    8.	    8.]
 [ 1770.	49242.	   97.	  129.	   95.]
 [   24.	   84.	 2129.	    4.	    0.]
 [   39.	   19.	    0.	 1252.	   10.]
 [   30.	   74.	    0.	    3.	10047.]
2025-09-09 12:44:49,372 - INFO - model saved 50 times, last saved epoch: 63.

2025-09-09 12:44:51,140 - INFO - Epoch 66, Train loss: 0.028333941474556923.
2025-09-09 12:44:51,871 - INFO - mIoU: 0.9349; OA: 0.9803; AA: 0.9568; F1: 0.9659; Kappa: 0.9661;
2025-09-09 12:44:51,871 - INFO - spatial_LccAccuracy: 0.903; spatial_PA: 0.9783; spatial_UA: 0.9922; spatial_F1: 0.9852
2025-09-09 12:44:51,871 - INFO - temporal_CdAccuracy: 0.7294; temporal_PA: 0.9405; temporal_UA: 0.9237; temporal_F1: 0.932
2025-09-09 12:44:51,872 - INFO - Confusion Matrix
 [68077.	  990.	   22.	    9.	   14.]
 [ 1068.	50100.	   50.	   33.	   82.]
 [   10.	  124.	 2107.	    0.	    0.]
 [   32.	  104.	    0.	 1178.	    6.]
 [   11.	   85.	    0.	    4.	10054.]
2025-09-09 12:44:51,917 - INFO - Epoch 66 saved.
2025-09-09 12:44:51,918 - INFO - model saved 51 times, last saved epoch: 66.

2025-09-09 12:44:53,506 - INFO - Epoch 67, Train loss: 0.027266301214694977.
2025-09-09 12:44:54,230 - INFO - mIoU: 0.938; OA: 0.9805; AA: 0.9611; F1: 0.9675; Kappa: 0.9665;
2025-09-09 12:44:54,230 - INFO - spatial_LccAccuracy: 0.9092; spatial_PA: 0.9783; spatial_UA: 0.9922; spatial_F1: 0.9852
2025-09-09 12:44:54,230 - INFO - temporal_CdAccuracy: 0.7348; temporal_PA: 0.9426; temporal_UA: 0.9255; temporal_F1: 0.934
2025-09-09 12:44:54,231 - INFO - Confusion Matrix
 [68225.	  866.	   13.	    5.	    3.]
 [ 1200.	49939.	   76.	   42.	   76.]
 [   18.	   96.	 2127.	    0.	    0.]
 [   52.	   68.	    0.	 1196.	    4.]
 [   26.	   67.	    0.	    3.	10058.]
2025-09-09 12:44:54,280 - INFO - Epoch 67 saved.
2025-09-09 12:44:54,281 - INFO - model saved 52 times, last saved epoch: 67.

2025-09-09 12:44:55,928 - INFO - Epoch 68, Train loss: 0.027690380811691284.
2025-09-09 12:44:56,590 - INFO - mIoU: 0.9151; OA: 0.9782; AA: 0.9482; F1: 0.9542; Kappa: 0.9625;
2025-09-09 12:44:56,591 - INFO - spatial_LccAccuracy: 0.9034; spatial_PA: 0.9788; spatial_UA: 0.9903; spatial_F1: 0.9845
2025-09-09 12:44:56,591 - INFO - temporal_CdAccuracy: 0.6941; temporal_PA: 0.928; temporal_UA: 0.9064; temporal_F1: 0.9171
2025-09-09 12:44:56,592 - INFO - Confusion Matrix
 [68513.	  578.	   18.	    3.	    0.]
 [ 1592.	49464.	  154.	   75.	   48.]
 [   20.	   65.	 2156.	    0.	    0.]
 [  185.	   24.	    1.	 1108.	    2.]
 [   45.	  101.	    0.	    9.	 9999.]
2025-09-09 12:44:56,593 - INFO - model saved 52 times, last saved epoch: 67.

2025-09-09 12:44:58,394 - INFO - Epoch 69, Train loss: 0.025579998269677162.
2025-09-09 12:44:59,114 - INFO - mIoU: 0.9362; OA: 0.9804; AA: 0.9613; F1: 0.9666; Kappa: 0.9663;
2025-09-09 12:44:59,114 - INFO - spatial_LccAccuracy: 0.9101; spatial_PA: 0.9844; spatial_UA: 0.9928; spatial_F1: 0.9886
2025-09-09 12:44:59,114 - INFO - temporal_CdAccuracy: 0.7335; temporal_PA: 0.9465; temporal_UA: 0.9265; temporal_F1: 0.9364
2025-09-09 12:44:59,115 - INFO - Confusion Matrix
 [68307.	  777.	   23.	    4.	    1.]
 [ 1265.	49881.	   85.	   52.	   50.]
 [    8.	   93.	 2140.	    0.	    0.]
 [   55.	   68.	    0.	 1196.	    1.]
 [   46.	  100.	    0.	    2.	10006.]
2025-09-09 12:44:59,116 - INFO - model saved 52 times, last saved epoch: 67.

2025-09-09 12:45:00,740 - INFO - Epoch 70, Train loss: 0.02613028511404991.
2025-09-09 12:45:01,440 - INFO - mIoU: 0.9331; OA: 0.9795; AA: 0.9573; F1: 0.9648; Kappa: 0.9648;
2025-09-09 12:45:01,440 - INFO - spatial_LccAccuracy: 0.9061; spatial_PA: 0.98; spatial_UA: 0.9876; spatial_F1: 0.9838
2025-09-09 12:45:01,440 - INFO - temporal_CdAccuracy: 0.7321; temporal_PA: 0.9456; temporal_UA: 0.9209; temporal_F1: 0.9331
2025-09-09 12:45:01,441 - INFO - Confusion Matrix
 [67928.	 1135.	   14.	   13.	   22.]
 [ 1015.	50152.	   72.	   29.	   65.]
 [   15.	  119.	 2107.	    0.	    0.]
 [   21.	  114.	    0.	 1185.	    0.]
 [   13.	   90.	    0.	   13.	10038.]
2025-09-09 12:45:01,442 - INFO - model saved 52 times, last saved epoch: 67.

2025-09-09 12:45:03,027 - INFO - Epoch 71, Train loss: 0.025905057787895203.
2025-09-09 12:45:03,741 - INFO - mIoU: 0.9393; OA: 0.9809; AA: 0.965; F1: 0.9683; Kappa: 0.967;
2025-09-09 12:45:03,742 - INFO - spatial_LccAccuracy: 0.9079; spatial_PA: 0.9759; spatial_UA: 0.9905; spatial_F1: 0.9832
2025-09-09 12:45:03,742 - INFO - temporal_CdAccuracy: 0.7312; temporal_PA: 0.9471; temporal_UA: 0.9263; temporal_F1: 0.9365
2025-09-09 12:45:03,743 - INFO - Confusion Matrix
 [68414.	  673.	   17.	    5.	    3.]
 [ 1334.	49810.	   46.	   80.	   63.]
 [   16.	  147.	 2078.	    0.	    0.]
 [   34.	   29.	    0.	 1253.	    4.]
 [   30.	   85.	    0.	    3.	10036.]
2025-09-09 12:45:03,789 - INFO - Epoch 71 saved.
2025-09-09 12:45:03,790 - INFO - model saved 53 times, last saved epoch: 71.

2025-09-09 12:45:05,522 - INFO - Epoch 72, Train loss: 0.02302352525293827.
2025-09-09 12:45:06,217 - INFO - mIoU: 0.9424; OA: 0.982; AA: 0.9628; F1: 0.97; Kappa: 0.969;
2025-09-09 12:45:06,217 - INFO - spatial_LccAccuracy: 0.9204; spatial_PA: 0.9772; spatial_UA: 0.9919; spatial_F1: 0.9845
2025-09-09 12:45:06,217 - INFO - temporal_CdAccuracy: 0.746; temporal_PA: 0.9554; temporal_UA: 0.9353; temporal_F1: 0.9453
2025-09-09 12:45:06,218 - INFO - Confusion Matrix
 [68369.	  719.	   12.	    8.	    4.]
 [ 1187.	49973.	   59.	   32.	   82.]
 [   11.	  116.	 2114.	    0.	    0.]
 [   25.	   85.	    1.	 1209.	    0.]
 [   14.	   63.	    0.	    3.	10074.]
2025-09-09 12:45:06,267 - INFO - Epoch 72 saved.
2025-09-09 12:45:06,267 - INFO - model saved 54 times, last saved epoch: 72.

2025-09-09 12:45:08,150 - INFO - Epoch 73, Train loss: 0.023658085614442825.
2025-09-09 12:45:08,908 - INFO - mIoU: 0.937; OA: 0.981; AA: 0.9557; F1: 0.967; Kappa: 0.9673;
2025-09-09 12:45:08,908 - INFO - spatial_LccAccuracy: 0.9074; spatial_PA: 0.9806; spatial_UA: 0.9898; spatial_F1: 0.9852
2025-09-09 12:45:08,909 - INFO - temporal_CdAccuracy: 0.7352; temporal_PA: 0.9451; temporal_UA: 0.9304; temporal_F1: 0.9377
2025-09-09 12:45:08,909 - INFO - Confusion Matrix
 [68057.	 1023.	   13.	   10.	    9.]
 [  971.	50231.	   49.	   20.	   62.]
 [   10.	  150.	 2081.	    0.	    0.]
 [   28.	  107.	    0.	 1183.	    2.]
 [   10.	   84.	    0.	    3.	10057.]
2025-09-09 12:45:08,911 - INFO - model saved 54 times, last saved epoch: 72.

2025-09-09 12:45:10,343 - INFO - Epoch 74, Train loss: 0.023069260641932487.
2025-09-09 12:45:11,025 - INFO - mIoU: 0.9414; OA: 0.9805; AA: 0.9651; F1: 0.9695; Kappa: 0.9665;
2025-09-09 12:45:11,026 - INFO - spatial_LccAccuracy: 0.9034; spatial_PA: 0.9783; spatial_UA: 0.9922; spatial_F1: 0.9852
2025-09-09 12:45:11,026 - INFO - temporal_CdAccuracy: 0.729; temporal_PA: 0.9367; temporal_UA: 0.9275; temporal_F1: 0.9321
2025-09-09 12:45:11,027 - INFO - Confusion Matrix
 [67855.	 1213.	   15.	    9.	   20.]
 [  854.	50276.	   76.	   33.	   94.]
 [    6.	   99.	 2134.	    2.	    0.]
 [   24.	   79.	    0.	 1215.	    2.]
 [    6.	   81.	    0.	    1.	10066.]
2025-09-09 12:45:11,028 - INFO - model saved 54 times, last saved epoch: 72.

2025-09-09 12:45:12,464 - INFO - Epoch 75, Train loss: 0.0223867017775774.
2025-09-09 12:45:13,159 - INFO - mIoU: 0.9449; OA: 0.9817; AA: 0.9656; F1: 0.9714; Kappa: 0.9686;
2025-09-09 12:45:13,160 - INFO - spatial_LccAccuracy: 0.9092; spatial_PA: 0.9815; spatial_UA: 0.993; spatial_F1: 0.9872
2025-09-09 12:45:13,160 - INFO - temporal_CdAccuracy: 0.7366; temporal_PA: 0.9432; temporal_UA: 0.9293; temporal_F1: 0.9362
2025-09-09 12:45:13,161 - INFO - Confusion Matrix
 [68088.	  997.	   19.	    6.	    2.]
 [  924.	50231.	   75.	   22.	   81.]
 [   10.	   99.	 2132.	    0.	    0.]
 [   28.	   72.	    0.	 1220.	    0.]
 [   23.	   92.	    0.	    1.	10038.]
2025-09-09 12:45:13,208 - INFO - Epoch 75 saved.
2025-09-09 12:45:13,209 - INFO - model saved 55 times, last saved epoch: 75.

2025-09-09 12:45:14,649 - INFO - Epoch 76, Train loss: 0.02187720499932766.
2025-09-09 12:45:15,337 - INFO - mIoU: 0.9398; OA: 0.9814; AA: 0.9581; F1: 0.9686; Kappa: 0.9681;
2025-09-09 12:45:15,338 - INFO - spatial_LccAccuracy: 0.9092; spatial_PA: 0.9793; spatial_UA: 0.9925; spatial_F1: 0.9859
2025-09-09 12:45:15,338 - INFO - temporal_CdAccuracy: 0.7379; temporal_PA: 0.9494; temporal_UA: 0.9301; temporal_F1: 0.9396
2025-09-09 12:45:15,339 - INFO - Confusion Matrix
 [68296.	  787.	   12.	    6.	   11.]
 [ 1156.	50025.	   57.	   19.	   76.]
 [   15.	  125.	 2101.	    0.	    0.]
 [   26.	  107.	    0.	 1187.	    0.]
 [   11.	   80.	    0.	    1.	10062.]
2025-09-09 12:45:15,340 - INFO - model saved 55 times, last saved epoch: 75.

2025-09-09 12:45:16,671 - INFO - Epoch 77, Train loss: 0.020589517429471016.
2025-09-09 12:45:17,394 - INFO - mIoU: 0.9454; OA: 0.9809; AA: 0.9665; F1: 0.9717; Kappa: 0.9671;
2025-09-09 12:45:17,394 - INFO - spatial_LccAccuracy: 0.9123; spatial_PA: 0.9762; spatial_UA: 0.9916; spatial_F1: 0.9838
2025-09-09 12:45:17,394 - INFO - temporal_CdAccuracy: 0.7451; temporal_PA: 0.9501; temporal_UA: 0.929; temporal_F1: 0.9394
2025-09-09 12:45:17,395 - INFO - Confusion Matrix
 [68430.	  656.	   14.	    6.	    6.]
 [ 1401.	49771.	   81.	   25.	   55.]
 [   18.	   85.	 2138.	    0.	    0.]
 [   35.	   56.	    0.	 1229.	    0.]
 [   28.	   95.	    0.	    3.	10028.]
2025-09-09 12:45:17,445 - INFO - Epoch 77 saved.
2025-09-09 12:45:17,445 - INFO - model saved 56 times, last saved epoch: 77.

2025-09-09 12:45:18,815 - INFO - Epoch 78, Train loss: 0.01999746635556221.
2025-09-09 12:45:19,518 - INFO - mIoU: 0.9412; OA: 0.9807; AA: 0.9775; F1: 0.9694; Kappa: 0.9669;
2025-09-09 12:45:19,518 - INFO - spatial_LccAccuracy: 0.9088; spatial_PA: 0.9804; spatial_UA: 0.9928; spatial_F1: 0.9865
2025-09-09 12:45:19,518 - INFO - temporal_CdAccuracy: 0.7299; temporal_PA: 0.9458; temporal_UA: 0.9291; temporal_F1: 0.9374
2025-09-09 12:45:19,519 - INFO - Confusion Matrix
 [68351.	  732.	   15.	    7.	    7.]
 [ 1298.	49711.	  138.	  103.	   83.]
 [   14.	   64.	 2162.	    1.	    0.]
 [   31.	    3.	    0.	 1286.	    0.]
 [   15.	   72.	    0.	    1.	10066.]
2025-09-09 12:45:19,519 - INFO - model saved 56 times, last saved epoch: 77.

2025-09-09 12:45:20,850 - INFO - Epoch 79, Train loss: 0.01924571581184864.
2025-09-09 12:45:21,595 - INFO - mIoU: 0.9444; OA: 0.9827; AA: 0.9638; F1: 0.9711; Kappa: 0.9702;
2025-09-09 12:45:21,595 - INFO - spatial_LccAccuracy: 0.9173; spatial_PA: 0.9836; spatial_UA: 0.9936; spatial_F1: 0.9886
2025-09-09 12:45:21,595 - INFO - temporal_CdAccuracy: 0.7388; temporal_PA: 0.9515; temporal_UA: 0.9332; temporal_F1: 0.9423
2025-09-09 12:45:21,596 - INFO - Confusion Matrix
 [68244.	  845.	   19.	    4.	    0.]
 [  978.	50202.	   75.	   17.	   61.]
 [   13.	   89.	 2139.	    0.	    0.]
 [   27.	   92.	    1.	 1200.	    0.]
 [    8.	   91.	    0.	    4.	10051.]
2025-09-09 12:45:21,597 - INFO - model saved 56 times, last saved epoch: 77.

2025-09-09 12:45:23,216 - INFO - Epoch 80, Train loss: 0.01964082382619381.
2025-09-09 12:45:23,942 - INFO - mIoU: 0.9503; OA: 0.9819; AA: 0.9763; F1: 0.9744; Kappa: 0.9689;
2025-09-09 12:45:23,942 - INFO - spatial_LccAccuracy: 0.9155; spatial_PA: 0.9804; spatial_UA: 0.9928; spatial_F1: 0.9865
2025-09-09 12:45:23,942 - INFO - temporal_CdAccuracy: 0.7406; temporal_PA: 0.9422; temporal_UA: 0.932; temporal_F1: 0.9371
2025-09-09 12:45:23,943 - INFO - Confusion Matrix
 [68181.	  895.	   18.	    6.	   12.]
 [ 1068.	50024.	   68.	   61.	  112.]
 [    8.	   92.	 2141.	    0.	    0.]
 [   26.	   11.	    0.	 1281.	    2.]
 [    9.	   43.	    0.	    1.	10101.]
2025-09-09 12:45:23,991 - INFO - Epoch 80 saved.
2025-09-09 12:45:23,991 - INFO - model saved 57 times, last saved epoch: 80.

2025-09-09 12:45:25,806 - INFO - Epoch 81, Train loss: 0.0193755105137825.
2025-09-09 12:45:26,595 - INFO - mIoU: 0.949; OA: 0.9813; AA: 0.9703; F1: 0.9736; Kappa: 0.9679;
2025-09-09 12:45:26,595 - INFO - spatial_LccAccuracy: 0.9195; spatial_PA: 0.9836; spatial_UA: 0.9936; spatial_F1: 0.9886
2025-09-09 12:45:26,595 - INFO - temporal_CdAccuracy: 0.7451; temporal_PA: 0.9457; temporal_UA: 0.9319; temporal_F1: 0.9387
2025-09-09 12:45:26,596 - INFO - Confusion Matrix
 [68302.	  787.	   19.	    3.	    1.]
 [ 1233.	49904.	   90.	   21.	   85.]
 [   12.	   92.	 2137.	    0.	    0.]
 [   39.	   32.	    0.	 1249.	    0.]
 [   14.	   74.	    0.	    1.	10065.]
2025-09-09 12:45:26,597 - INFO - model saved 57 times, last saved epoch: 80.

2025-09-09 12:45:28,200 - INFO - Epoch 82, Train loss: 0.017437567934393883.
2025-09-09 12:45:28,882 - INFO - mIoU: 0.9547; OA: 0.9825; AA: 0.9737; F1: 0.9767; Kappa: 0.9699;
2025-09-09 12:45:28,883 - INFO - spatial_LccAccuracy: 0.9168; spatial_PA: 0.9804; spatial_UA: 0.9928; spatial_F1: 0.9865
2025-09-09 12:45:28,883 - INFO - temporal_CdAccuracy: 0.7402; temporal_PA: 0.9465; temporal_UA: 0.934; temporal_F1: 0.9402
2025-09-09 12:45:28,884 - INFO - Confusion Matrix
 [68215.	  874.	   18.	    4.	    1.]
 [ 1035.	50135.	   75.	   17.	   71.]
 [    9.	   89.	 2143.	    0.	    0.]
 [   30.	   25.	    0.	 1265.	    0.]
 [   18.	   80.	    0.	    0.	10056.]
2025-09-09 12:45:28,952 - INFO - Epoch 82 saved.
2025-09-09 12:45:28,952 - INFO - model saved 58 times, last saved epoch: 82.

2025-09-09 12:45:30,968 - INFO - Epoch 83, Train loss: 0.018016917631030083.
2025-09-09 12:45:31,655 - INFO - mIoU: 0.952; OA: 0.9825; AA: 0.9717; F1: 0.9752; Kappa: 0.9699;
2025-09-09 12:45:31,656 - INFO - spatial_LccAccuracy: 0.9159; spatial_PA: 0.9815; spatial_UA: 0.993; spatial_F1: 0.9872
2025-09-09 12:45:31,656 - INFO - temporal_CdAccuracy: 0.7442; temporal_PA: 0.9428; temporal_UA: 0.9359; temporal_F1: 0.9393
2025-09-09 12:45:31,657 - INFO - Confusion Matrix
 [68317.	  755.	   33.	    4.	    3.]
 [ 1119.	50070.	   56.	   23.	   65.]
 [   12.	  111.	 2118.	    0.	    0.]
 [   28.	   22.	    1.	 1269.	    0.]
 [   12.	  104.	    0.	    2.	10036.]
2025-09-09 12:45:31,658 - INFO - model saved 58 times, last saved epoch: 82.

2025-09-09 12:45:33,023 - INFO - Epoch 84, Train loss: 0.017684297636151314.
2025-09-09 12:45:33,748 - INFO - mIoU: 0.9538; OA: 0.9826; AA: 0.9762; F1: 0.9762; Kappa: 0.9702;
2025-09-09 12:45:33,749 - INFO - spatial_LccAccuracy: 0.9177; spatial_PA: 0.9822; spatial_UA: 0.9922; spatial_F1: 0.9872
2025-09-09 12:45:33,749 - INFO - temporal_CdAccuracy: 0.7424; temporal_PA: 0.948; temporal_UA: 0.9357; temporal_F1: 0.9418
2025-09-09 12:45:33,750 - INFO - Confusion Matrix
 [68204.	  878.	   17.	    6.	    7.]
 [ 1001.	50151.	   72.	   41.	   68.]
 [   10.	   91.	 2140.	    0.	    0.]
 [   24.	   13.	    0.	 1283.	    0.]
 [    9.	   92.	    0.	    0.	10053.]
2025-09-09 12:45:33,751 - INFO - model saved 58 times, last saved epoch: 82.

2025-09-09 12:45:35,602 - INFO - Epoch 85, Train loss: 0.015506379306316376.
2025-09-09 12:45:36,336 - INFO - mIoU: 0.9487; OA: 0.9817; AA: 0.9703; F1: 0.9735; Kappa: 0.9686;
2025-09-09 12:45:36,336 - INFO - spatial_LccAccuracy: 0.9123; spatial_PA: 0.9801; spatial_UA: 0.9917; spatial_F1: 0.9859
2025-09-09 12:45:36,337 - INFO - temporal_CdAccuracy: 0.7419; temporal_PA: 0.9476; temporal_UA: 0.9317; temporal_F1: 0.9396
2025-09-09 12:45:36,338 - INFO - Confusion Matrix
 [68357.	  731.	   18.	    4.	    2.]
 [ 1232.	49918.	   58.	   43.	   82.]
 [   13.	  131.	 2097.	    0.	    0.]
 [   27.	   22.	    0.	 1271.	    0.]
 [   17.	   72.	    0.	    0.	10065.]
2025-09-09 12:45:36,339 - INFO - model saved 58 times, last saved epoch: 82.

2025-09-09 12:45:37,903 - INFO - Epoch 86, Train loss: 0.017526201903820038.
2025-09-09 12:45:38,532 - INFO - mIoU: 0.9568; OA: 0.9827; AA: 0.9759; F1: 0.9778; Kappa: 0.9703;
2025-09-09 12:45:38,533 - INFO - spatial_LccAccuracy: 0.9217; spatial_PA: 0.9722; spatial_UA: 0.9916; spatial_F1: 0.9818
2025-09-09 12:45:38,533 - INFO - temporal_CdAccuracy: 0.7469; temporal_PA: 0.9555; temporal_UA: 0.9375; temporal_F1: 0.9464
2025-09-09 12:45:38,534 - INFO - Confusion Matrix
 [68449.	  632.	   15.	    8.	    8.]
 [ 1265.	49901.	   69.	   18.	   80.]
 [   14.	   90.	 2137.	    0.	    0.]
 [   23.	   14.	    0.	 1282.	    1.]
 [   11.	   69.	    0.	    0.	10074.]
2025-09-09 12:45:38,629 - INFO - Epoch 86 saved.
2025-09-09 12:45:38,629 - INFO - model saved 59 times, last saved epoch: 86.

2025-09-09 12:45:40,247 - INFO - Epoch 87, Train loss: 0.015946432948112488.
2025-09-09 12:45:40,990 - INFO - mIoU: 0.9502; OA: 0.9828; AA: 0.9685; F1: 0.9742; Kappa: 0.9704;
2025-09-09 12:45:40,991 - INFO - spatial_LccAccuracy: 0.9208; spatial_PA: 0.9812; spatial_UA: 0.9919; spatial_F1: 0.9865
2025-09-09 12:45:40,991 - INFO - temporal_CdAccuracy: 0.7487; temporal_PA: 0.9494; temporal_UA: 0.94; temporal_F1: 0.9447
2025-09-09 12:45:40,992 - INFO - Confusion Matrix
 [68394.	  696.	   16.	    5.	    1.]
 [ 1141.	50024.	   47.	   26.	   95.]
 [   15.	  119.	 2107.	    0.	    0.]
 [   38.	   32.	    1.	 1248.	    1.]
 [   18.	   54.	    0.	    1.	10081.]
2025-09-09 12:45:40,993 - INFO - model saved 59 times, last saved epoch: 86.

2025-09-09 12:45:42,720 - INFO - Epoch 88, Train loss: 0.015176255255937576.
2025-09-09 12:45:43,485 - INFO - mIoU: 0.9518; OA: 0.9824; AA: 0.969; F1: 0.9751; Kappa: 0.9697;
2025-09-09 12:45:43,485 - INFO - spatial_LccAccuracy: 0.915; spatial_PA: 0.9825; spatial_UA: 0.9933; spatial_F1: 0.9879
2025-09-09 12:45:43,486 - INFO - temporal_CdAccuracy: 0.7433; temporal_PA: 0.947; temporal_UA: 0.9322; temporal_F1: 0.9396
2025-09-09 12:45:43,487 - INFO - Confusion Matrix
 [68098.	  987.	   18.	    6.	    3.]
 [  918.	50298.	   36.	   19.	   62.]
 [   10.	  170.	 2059.	    2.	    0.]
 [   26.	   13.	    0.	 1280.	    1.]
 [    6.	   82.	    0.	    2.	10064.]
2025-09-09 12:45:43,488 - INFO - model saved 59 times, last saved epoch: 86.

2025-09-09 12:45:45,331 - INFO - Epoch 89, Train loss: 0.016091424971818924.
2025-09-09 12:45:45,995 - INFO - mIoU: 0.9499; OA: 0.9829; AA: 0.9682; F1: 0.9741; Kappa: 0.9707;
2025-09-09 12:45:45,995 - INFO - spatial_LccAccuracy: 0.9231; spatial_PA: 0.9775; spatial_UA: 0.993; spatial_F1: 0.9852
2025-09-09 12:45:45,995 - INFO - temporal_CdAccuracy: 0.7513; temporal_PA: 0.9522; temporal_UA: 0.9404; temporal_F1: 0.9463
2025-09-09 12:45:45,996 - INFO - Confusion Matrix
 [68260.	  807.	   17.	   10.	   18.]
 [ 1000.	50185.	   36.	   24.	   88.]
 [    9.	  153.	 2077.	    2.	    0.]
 [   11.	   47.	    0.	 1261.	    1.]
 [    3.	   63.	    0.	    0.	10088.]
2025-09-09 12:45:45,997 - INFO - model saved 59 times, last saved epoch: 86.

2025-09-09 12:45:47,755 - INFO - Epoch 90, Train loss: 0.015056328848004341.
2025-09-09 12:45:48,501 - INFO - mIoU: 0.9546; OA: 0.9834; AA: 0.9744; F1: 0.9766; Kappa: 0.9714;
2025-09-09 12:45:48,502 - INFO - spatial_LccAccuracy: 0.9217; spatial_PA: 0.9825; spatial_UA: 0.9933; spatial_F1: 0.9879
2025-09-09 12:45:48,502 - INFO - temporal_CdAccuracy: 0.7428; temporal_PA: 0.9547; temporal_UA: 0.9368; temporal_F1: 0.9457
2025-09-09 12:45:48,503 - INFO - Confusion Matrix
 [68352.	  734.	   20.	    5.	    1.]
 [ 1048.	50110.	   82.	   18.	   75.]
 [   18.	   79.	 2144.	    0.	    0.]
 [   24.	   28.	    1.	 1267.	    0.]
 [   27.	   69.	    0.	    1.	10057.]
2025-09-09 12:45:48,504 - INFO - model saved 59 times, last saved epoch: 86.

2025-09-09 12:45:50,439 - INFO - Epoch 91, Train loss: 0.015402381308376789.
2025-09-09 12:45:51,142 - INFO - mIoU: 0.9544; OA: 0.9832; AA: 0.9701; F1: 0.9765; Kappa: 0.9712;
2025-09-09 12:45:51,142 - INFO - spatial_LccAccuracy: 0.9173; spatial_PA: 0.9815; spatial_UA: 0.993; spatial_F1: 0.9872
2025-09-09 12:45:51,143 - INFO - temporal_CdAccuracy: 0.7473; temporal_PA: 0.9512; temporal_UA: 0.9366; temporal_F1: 0.9438
2025-09-09 12:45:51,143 - INFO - Confusion Matrix
 [68303.	  775.	   24.	    6.	    4.]
 [ 1018.	50199.	   37.	   10.	   69.]
 [    5.	  147.	 2089.	    0.	    0.]
 [   22.	   28.	    0.	 1270.	    0.]
 [   19.	   83.	    0.	    1.	10051.]
2025-09-09 12:45:51,144 - INFO - model saved 59 times, last saved epoch: 86.

2025-09-09 12:45:52,903 - INFO - Epoch 92, Train loss: 0.014121787622570992.
2025-09-09 12:45:53,607 - INFO - mIoU: 0.9545; OA: 0.9825; AA: 0.9763; F1: 0.9766; Kappa: 0.9699;
2025-09-09 12:45:53,608 - INFO - spatial_LccAccuracy: 0.9182; spatial_PA: 0.9822; spatial_UA: 0.9922; spatial_F1: 0.9872
2025-09-09 12:45:53,608 - INFO - temporal_CdAccuracy: 0.7464; temporal_PA: 0.9505; temporal_UA: 0.936; temporal_F1: 0.9432
2025-09-09 12:45:53,609 - INFO - Confusion Matrix
 [68119.	  951.	   20.	   13.	    9.]
 [  947.	50215.	   77.	   23.	   71.]
 [   14.	   98.	 2129.	    0.	    0.]
 [   15.	   14.	    0.	 1290.	    1.]
 [    3.	   92.	    0.	    1.	10058.]
2025-09-09 12:45:53,610 - INFO - model saved 59 times, last saved epoch: 86.

2025-09-09 12:45:55,341 - INFO - Epoch 93, Train loss: 0.013102570548653603.
2025-09-09 12:45:56,052 - INFO - mIoU: 0.9579; OA: 0.9835; AA: 0.9749; F1: 0.9784; Kappa: 0.9716;
2025-09-09 12:45:56,052 - INFO - spatial_LccAccuracy: 0.9253; spatial_PA: 0.978; spatial_UA: 0.9911; spatial_F1: 0.9845
2025-09-09 12:45:56,052 - INFO - temporal_CdAccuracy: 0.7496; temporal_PA: 0.955; temporal_UA: 0.9384; temporal_F1: 0.9466
2025-09-09 12:45:56,053 - INFO - Confusion Matrix
 [68449.	  641.	   15.	    6.	    1.]
 [ 1168.	50029.	   46.	   21.	   69.]
 [   15.	  108.	 2118.	    0.	    0.]
 [   26.	    8.	    0.	 1285.	    1.]
 [   13.	   77.	    0.	    1.	10063.]
2025-09-09 12:45:56,101 - INFO - Epoch 93 saved.
2025-09-09 12:45:56,101 - INFO - model saved 60 times, last saved epoch: 93.

2025-09-09 12:45:57,623 - INFO - Epoch 94, Train loss: 0.013046289794147015.
2025-09-09 12:45:58,295 - INFO - mIoU: 0.9559; OA: 0.9827; AA: 0.9762; F1: 0.9773; Kappa: 0.9702;
2025-09-09 12:45:58,296 - INFO - spatial_LccAccuracy: 0.9204; spatial_PA: 0.9783; spatial_UA: 0.9922; spatial_F1: 0.9852
2025-09-09 12:45:58,296 - INFO - temporal_CdAccuracy: 0.746; temporal_PA: 0.9536; temporal_UA: 0.9347; temporal_F1: 0.9441
2025-09-09 12:45:58,297 - INFO - Confusion Matrix
 [68432.	  651.	   14.	   11.	    4.]
 [ 1253.	49898.	   73.	   21.	   88.]
 [   10.	  100.	 2131.	    0.	    0.]
 [   23.	   10.	    0.	 1286.	    1.]
 [    9.	   58.	    0.	    0.	10087.]
2025-09-09 12:45:58,298 - INFO - model saved 60 times, last saved epoch: 93.

2025-09-09 12:46:00,201 - INFO - Epoch 95, Train loss: 0.01336753275245428.
2025-09-09 12:46:00,899 - INFO - mIoU: 0.9493; OA: 0.9818; AA: 0.9716; F1: 0.9738; Kappa: 0.9687;
2025-09-09 12:46:00,899 - INFO - spatial_LccAccuracy: 0.9213; spatial_PA: 0.9793; spatial_UA: 0.9925; spatial_F1: 0.9859
2025-09-09 12:46:00,899 - INFO - temporal_CdAccuracy: 0.7388; temporal_PA: 0.9558; temporal_UA: 0.9332; temporal_F1: 0.9443
2025-09-09 12:46:00,900 - INFO - Confusion Matrix
 [68501.	  569.	   12.	   18.	   12.]
 [ 1397.	49761.	   45.	   41.	   89.]
 [   25.	  137.	 2077.	    2.	    0.]
 [   19.	   10.	    0.	 1290.	    1.]
 [   12.	   54.	    0.	    1.	10087.]
2025-09-09 12:46:00,901 - INFO - model saved 60 times, last saved epoch: 93.

2025-09-09 12:46:02,526 - INFO - Epoch 96, Train loss: 0.013912416994571686.
2025-09-09 12:46:03,224 - INFO - mIoU: 0.9548; OA: 0.9835; AA: 0.9719; F1: 0.9767; Kappa: 0.9716;
2025-09-09 12:46:03,225 - INFO - spatial_LccAccuracy: 0.9235; spatial_PA: 0.9804; spatial_UA: 0.9928; spatial_F1: 0.9865
2025-09-09 12:46:03,225 - INFO - temporal_CdAccuracy: 0.7478; temporal_PA: 0.9576; temporal_UA: 0.9386; temporal_F1: 0.948
2025-09-09 12:46:03,226 - INFO - Confusion Matrix
 [68410.	  676.	   20.	    5.	    1.]
 [ 1098.	50094.	   50.	   19.	   72.]
 [   10.	  112.	 2119.	    0.	    0.]
 [   24.	   31.	    0.	 1264.	    1.]
 [   15.	   78.	    0.	    0.	10061.]
2025-09-09 12:46:03,227 - INFO - model saved 60 times, last saved epoch: 93.

2025-09-09 12:46:05,190 - INFO - Epoch 97, Train loss: 0.013055653311312199.
2025-09-09 12:46:05,893 - INFO - mIoU: 0.9564; OA: 0.9833; AA: 0.9757; F1: 0.9776; Kappa: 0.9713;
2025-09-09 12:46:05,893 - INFO - spatial_LccAccuracy: 0.9222; spatial_PA: 0.9815; spatial_UA: 0.993; spatial_F1: 0.9872
2025-09-09 12:46:05,894 - INFO - temporal_CdAccuracy: 0.7473; temporal_PA: 0.9559; temporal_UA: 0.9383; temporal_F1: 0.947
2025-09-09 12:46:05,894 - INFO - Confusion Matrix
 [68333.	  744.	   22.	    9.	    4.]
 [ 1068.	50094.	   52.	   24.	   95.]
 [    9.	  107.	 2125.	    0.	    0.]
 [   23.	   12.	    0.	 1284.	    1.]
 [    9.	   62.	    0.	    0.	10083.]
2025-09-09 12:46:05,896 - INFO - model saved 60 times, last saved epoch: 93.

2025-09-09 12:46:07,783 - INFO - Epoch 98, Train loss: 0.011898219585418701.
2025-09-09 12:46:08,518 - INFO - mIoU: 0.9564; OA: 0.983; AA: 0.9779; F1: 0.9776; Kappa: 0.9707;
2025-09-09 12:46:08,519 - INFO - spatial_LccAccuracy: 0.9275; spatial_PA: 0.9815; spatial_UA: 0.993; spatial_F1: 0.9872
2025-09-09 12:46:08,519 - INFO - temporal_CdAccuracy: 0.7455; temporal_PA: 0.9561; temporal_UA: 0.9387; temporal_F1: 0.9473
2025-09-09 12:46:08,520 - INFO - Confusion Matrix
 [68511.	  578.	   17.	    5.	    1.]
 [ 1283.	49835.	   71.	   35.	  109.]
 [   13.	   84.	 2144.	    0.	    0.]
 [   20.	   10.	    0.	 1289.	    1.]
 [   12.	   46.	    0.	    0.	10096.]
2025-09-09 12:46:08,521 - INFO - model saved 60 times, last saved epoch: 93.

2025-09-09 12:46:10,271 - INFO - Epoch 99, Train loss: 0.011371687985956669.
2025-09-09 12:46:10,959 - INFO - mIoU: 0.9586; OA: 0.9834; AA: 0.9767; F1: 0.9787; Kappa: 0.9715;
2025-09-09 12:46:10,959 - INFO - spatial_LccAccuracy: 0.9226; spatial_PA: 0.9825; spatial_UA: 0.9933; spatial_F1: 0.9879
2025-09-09 12:46:10,960 - INFO - temporal_CdAccuracy: 0.7478; temporal_PA: 0.9587; temporal_UA: 0.9378; temporal_F1: 0.9481
2025-09-09 12:46:10,961 - INFO - Confusion Matrix
 [68277.	  815.	    9.	    7.	    4.]
 [ 1008.	50170.	   52.	   25.	   78.]
 [   15.	  107.	 2118.	    1.	    0.]
 [   15.	    9.	    0.	 1295.	    1.]
 [    9.	   73.	    0.	    0.	10072.]
2025-09-09 12:46:11,006 - INFO - Epoch 99 saved.
2025-09-09 12:46:11,006 - INFO - model saved 61 times, last saved epoch: 99.

2025-09-09 12:46:12,666 - INFO - Epoch 100, Train loss: 0.011576826684176922.
2025-09-09 12:46:13,436 - INFO - mIoU: 0.955; OA: 0.9829; AA: 0.9777; F1: 0.9768; Kappa: 0.9705;
2025-09-09 12:46:13,436 - INFO - spatial_LccAccuracy: 0.9222; spatial_PA: 0.9815; spatial_UA: 0.993; spatial_F1: 0.9872
2025-09-09 12:46:13,436 - INFO - temporal_CdAccuracy: 0.7433; temporal_PA: 0.9589; temporal_UA: 0.9334; temporal_F1: 0.946
2025-09-09 12:46:13,437 - INFO - Confusion Matrix
 [68459.	  627.	   15.	    8.	    3.]
 [ 1229.	49893.	  100.	   27.	   84.]
 [   16.	   75.	 2150.	    0.	    0.]
 [   26.	    7.	    0.	 1286.	    1.]
 [   14.	   66.	    0.	    0.	10074.]
2025-09-09 12:46:13,438 - INFO - model saved 61 times, last saved epoch: 99.

2025-09-09 12:46:15,130 - INFO - Epoch 101, Train loss: 0.011351390741765499.
2025-09-09 12:46:15,839 - INFO - mIoU: 0.9576; OA: 0.9833; AA: 0.9785; F1: 0.9782; Kappa: 0.9713;
2025-09-09 12:46:15,839 - INFO - spatial_LccAccuracy: 0.9244; spatial_PA: 0.9762; spatial_UA: 0.9916; spatial_F1: 0.9838
2025-09-09 12:46:15,840 - INFO - temporal_CdAccuracy: 0.7451; temporal_PA: 0.9597; temporal_UA: 0.9356; temporal_F1: 0.9475
2025-09-09 12:46:15,841 - INFO - Confusion Matrix
 [68430.	  641.	   22.	   12.	    7.]
 [ 1189.	49985.	   69.	   27.	   63.]
 [   10.	   85.	 2146.	    0.	    0.]
 [   15.	   11.	    0.	 1293.	    1.]
 [   13.	   73.	    0.	    0.	10068.]
2025-09-09 12:46:15,842 - INFO - model saved 61 times, last saved epoch: 99.

2025-09-09 12:46:17,607 - INFO - Epoch 102, Train loss: 0.011557772755622864.
2025-09-09 12:46:18,385 - INFO - mIoU: 0.955; OA: 0.9829; AA: 0.9742; F1: 0.9768; Kappa: 0.9707;
2025-09-09 12:46:18,386 - INFO - spatial_LccAccuracy: 0.9235; spatial_PA: 0.9762; spatial_UA: 0.9916; spatial_F1: 0.9838
2025-09-09 12:46:18,386 - INFO - temporal_CdAccuracy: 0.7455; temporal_PA: 0.9549; temporal_UA: 0.9369; temporal_F1: 0.9459
2025-09-09 12:46:18,387 - INFO - Confusion Matrix
 [68445.	  628.	   19.	   11.	    9.]
 [ 1208.	49995.	   55.	   25.	   50.]
 [   14.	  129.	 2097.	    1.	    0.]
 [   13.	    9.	    0.	 1297.	    1.]
 [   13.	  103.	    0.	    0.	10038.]
2025-09-09 12:46:18,388 - INFO - model saved 61 times, last saved epoch: 99.

2025-09-09 12:46:20,033 - INFO - Epoch 103, Train loss: 0.011200714856386185.
2025-09-09 12:46:20,889 - INFO - mIoU: 0.955; OA: 0.9824; AA: 0.9767; F1: 0.9769; Kappa: 0.9698;
2025-09-09 12:46:20,890 - INFO - spatial_LccAccuracy: 0.9208; spatial_PA: 0.9783; spatial_UA: 0.9922; spatial_F1: 0.9852
2025-09-09 12:46:20,890 - INFO - temporal_CdAccuracy: 0.7442; temporal_PA: 0.9558; temporal_UA: 0.9335; temporal_F1: 0.9445
2025-09-09 12:46:20,891 - INFO - Confusion Matrix
 [68385.	  688.	   16.	   14.	    9.]
 [ 1237.	49931.	   62.	   33.	   70.]
 [   17.	   88.	 2136.	    0.	    0.]
 [   16.	   13.	    0.	 1290.	    1.]
 [   10.	   83.	    0.	    1.	10060.]
2025-09-09 12:46:20,892 - INFO - model saved 61 times, last saved epoch: 99.

2025-09-09 12:46:22,706 - INFO - Epoch 104, Train loss: 0.0103759178891778.
2025-09-09 12:46:23,504 - INFO - mIoU: 0.96; OA: 0.9839; AA: 0.9777; F1: 0.9795; Kappa: 0.9722;
2025-09-09 12:46:23,505 - INFO - spatial_LccAccuracy: 0.9253; spatial_PA: 0.977; spatial_UA: 0.9908; spatial_F1: 0.9838
2025-09-09 12:46:23,505 - INFO - temporal_CdAccuracy: 0.7522; temporal_PA: 0.9589; temporal_UA: 0.9408; temporal_F1: 0.9498
2025-09-09 12:46:23,506 - INFO - Confusion Matrix
 [68403.	  675.	   16.	   14.	    4.]
 [ 1088.	50108.	   48.	   16.	   73.]
 [   12.	   97.	 2132.	    0.	    0.]
 [   15.	    9.	    0.	 1295.	    1.]
 [   12.	   85.	    0.	    1.	10056.]
2025-09-09 12:46:23,555 - INFO - Epoch 104 saved.
2025-09-09 12:46:23,556 - INFO - model saved 62 times, last saved epoch: 104.

2025-09-09 12:46:25,340 - INFO - Epoch 105, Train loss: 0.010218107141554356.
2025-09-09 12:46:26,071 - INFO - mIoU: 0.9551; OA: 0.9828; AA: 0.9753; F1: 0.9769; Kappa: 0.9704;
2025-09-09 12:46:26,071 - INFO - spatial_LccAccuracy: 0.9213; spatial_PA: 0.9825; spatial_UA: 0.9933; spatial_F1: 0.9879
2025-09-09 12:46:26,071 - INFO - temporal_CdAccuracy: 0.7469; temporal_PA: 0.9542; temporal_UA: 0.9373; temporal_F1: 0.9457
2025-09-09 12:46:26,072 - INFO - Confusion Matrix
 [68324.	  735.	   27.	   18.	    8.]
 [ 1136.	50054.	   67.	   12.	   64.]
 [    9.	   83.	 2149.	    0.	    0.]
 [   27.	   19.	    0.	 1273.	    1.]
 [   20.	   86.	    0.	    0.	10048.]
2025-09-09 12:46:26,073 - INFO - model saved 62 times, last saved epoch: 104.

2025-09-09 12:46:27,809 - INFO - Epoch 106, Train loss: 0.011234086006879807.
2025-09-09 12:46:28,443 - INFO - mIoU: 0.9581; OA: 0.9834; AA: 0.9794; F1: 0.9785; Kappa: 0.9715;
2025-09-09 12:46:28,444 - INFO - spatial_LccAccuracy: 0.9182; spatial_PA: 0.9804; spatial_UA: 0.9928; spatial_F1: 0.9865
2025-09-09 12:46:28,444 - INFO - temporal_CdAccuracy: 0.7451; temporal_PA: 0.9565; temporal_UA: 0.9386; temporal_F1: 0.9474
2025-09-09 12:46:28,444 - INFO - Confusion Matrix
 [68243.	  838.	   23.	    6.	    2.]
 [  977.	50177.	   75.	   30.	   74.]
 [    8.	   85.	 2148.	    0.	    0.]
 [   14.	    9.	    0.	 1296.	    1.]
 [   11.	   71.	    0.	    0.	10072.]
2025-09-09 12:46:28,445 - INFO - model saved 62 times, last saved epoch: 104.

2025-09-09 12:46:30,158 - INFO - Epoch 107, Train loss: 0.009988046251237392.
2025-09-09 12:46:30,895 - INFO - mIoU: 0.9562; OA: 0.983; AA: 0.9771; F1: 0.9774; Kappa: 0.9708;
2025-09-09 12:46:30,895 - INFO - spatial_LccAccuracy: 0.9226; spatial_PA: 0.9793; spatial_UA: 0.9925; spatial_F1: 0.9859
2025-09-09 12:46:30,895 - INFO - temporal_CdAccuracy: 0.7451; temporal_PA: 0.9594; temporal_UA: 0.9362; temporal_F1: 0.9476
2025-09-09 12:46:30,896 - INFO - Confusion Matrix
 [68462.	  615.	   15.	   15.	    5.]
 [ 1226.	49922.	   94.	   12.	   79.]
 [   13.	   80.	 2148.	    0.	    0.]
 [   22.	   13.	    0.	 1284.	    1.]
 [   15.	   74.	    0.	    0.	10065.]
2025-09-09 12:46:30,897 - INFO - model saved 62 times, last saved epoch: 104.

2025-09-09 12:46:32,662 - INFO - Epoch 108, Train loss: 0.010463505052030087.
2025-09-09 12:46:33,334 - INFO - mIoU: 0.9594; OA: 0.9831; AA: 0.9787; F1: 0.9792; Kappa: 0.9709;
2025-09-09 12:46:33,335 - INFO - spatial_LccAccuracy: 0.9217; spatial_PA: 0.9762; spatial_UA: 0.9916; spatial_F1: 0.9838
2025-09-09 12:46:33,335 - INFO - temporal_CdAccuracy: 0.7455; temporal_PA: 0.9555; temporal_UA: 0.9369; temporal_F1: 0.9461
2025-09-09 12:46:33,336 - INFO - Confusion Matrix
 [68570.	  515.	   17.	    6.	    4.]
 [ 1349.	49796.	   69.	   20.	   99.]
 [   13.	   78.	 2150.	    0.	    0.]
 [   17.	   10.	    0.	 1292.	    1.]
 [   22.	   49.	    0.	    0.	10083.]
2025-09-09 12:46:33,337 - INFO - model saved 62 times, last saved epoch: 104.

2025-09-09 12:46:35,230 - INFO - Epoch 109, Train loss: 0.01030850037932396.
2025-09-09 12:46:35,915 - INFO - mIoU: 0.9583; OA: 0.9835; AA: 0.9769; F1: 0.9786; Kappa: 0.9717;
2025-09-09 12:46:35,916 - INFO - spatial_LccAccuracy: 0.924; spatial_PA: 0.9812; spatial_UA: 0.9919; spatial_F1: 0.9865
2025-09-09 12:46:35,916 - INFO - temporal_CdAccuracy: 0.7437; temporal_PA: 0.9624; temporal_UA: 0.9384; temporal_F1: 0.9503
2025-09-09 12:46:35,917 - INFO - Confusion Matrix
 [68386.	  689.	   18.	   13.	    6.]
 [ 1108.	50063.	   68.	   10.	   84.]
 [    9.	   92.	 2140.	    0.	    0.]
 [   23.	   13.	    0.	 1283.	    1.]
 [   14.	   59.	    0.	    0.	10081.]
2025-09-09 12:46:35,918 - INFO - model saved 62 times, last saved epoch: 104.

2025-09-09 12:46:37,729 - INFO - Epoch 110, Train loss: 0.009450497105717659.
2025-09-09 12:46:38,464 - INFO - mIoU: 0.9606; OA: 0.9838; AA: 0.9793; F1: 0.9798; Kappa: 0.9722;
2025-09-09 12:46:38,465 - INFO - spatial_LccAccuracy: 0.9275; spatial_PA: 0.9793; spatial_UA: 0.9925; spatial_F1: 0.9859
2025-09-09 12:46:38,465 - INFO - temporal_CdAccuracy: 0.7504; temporal_PA: 0.9617; temporal_UA: 0.9419; temporal_F1: 0.9517
2025-09-09 12:46:38,466 - INFO - Confusion Matrix
 [68344.	  728.	   18.	   15.	    7.]
 [ 1053.	50123.	   58.	   14.	   85.]
 [    8.	   82.	 2151.	    0.	    0.]
 [   15.	   12.	    0.	 1291.	    2.]
 [    9.	   61.	    0.	    0.	10084.]
2025-09-09 12:46:38,527 - INFO - Epoch 110 saved.
2025-09-09 12:46:38,527 - INFO - model saved 63 times, last saved epoch: 110.

2025-09-09 12:46:40,330 - INFO - Epoch 111, Train loss: 0.00908562820404768.
2025-09-09 12:46:41,027 - INFO - mIoU: 0.9577; OA: 0.9833; AA: 0.9763; F1: 0.9783; Kappa: 0.9713;
2025-09-09 12:46:41,027 - INFO - spatial_LccAccuracy: 0.928; spatial_PA: 0.9807; spatial_UA: 0.9938; spatial_F1: 0.9872
2025-09-09 12:46:41,028 - INFO - temporal_CdAccuracy: 0.7491; temporal_PA: 0.9593; temporal_UA: 0.9405; temporal_F1: 0.9498
2025-09-09 12:46:41,028 - INFO - Confusion Matrix
 [68432.	  645.	   18.	   13.	    4.]
 [ 1176.	50015.	   68.	   10.	   64.]
 [   15.	   92.	 2134.	    0.	    0.]
 [   17.	   15.	    0.	 1287.	    1.]
 [   13.	   88.	    0.	    2.	10051.]
2025-09-09 12:46:41,029 - INFO - model saved 63 times, last saved epoch: 110.

