2025-09-09 12:30:13,653 - INFO - Epoch 0, Train loss: 1.643791913986206.
2025-09-09 12:30:14,456 - INFO - mIoU: 0.0554; OA: 0.1153; AA: 0.2112; F1: 0.1009; Kappa: -0.0024;
2025-09-09 12:30:14,456 - INFO - spatial_LccAccuracy: 0.0; spatial_PA: 0.5; spatial_UA: 0.6449; spatial_F1: 0.5633
2025-09-09 12:30:14,456 - INFO - temporal_CdAccuracy: 0.0; temporal_PA: 0.6536; temporal_UA: 0.5171; temporal_F1: 0.5774
2025-09-09 12:30:14,456 - INFO - Confusion Matrix
 [ 2130.	15847.	25305.	15741.	10936.]
 [ 1455.	 9739.	17376.	12094.	 9045.]
 [    6.	  609.	  878.	  343.	  497.]
 [   20.	  342.	  495.	  327.	  234.]
 [  900.	 1518.	 3172.	 2760.	 2391.]
2025-09-09 12:30:14,504 - INFO - Epoch 0 saved.
2025-09-09 12:30:14,504 - INFO - model saved 1 times, last saved epoch: 0.

2025-09-09 12:30:16,270 - INFO - Epoch 1, Train loss: 1.6094450950622559.
2025-09-09 12:30:17,031 - INFO - mIoU: 0.0867; OA: 0.2198; AA: 0.2321; F1: 0.1492; Kappa: 0.0279;
2025-09-09 12:30:17,031 - INFO - spatial_LccAccuracy: 0.0; spatial_PA: 0.5; spatial_UA: 0.6449; spatial_F1: 0.5633
2025-09-09 12:30:17,031 - INFO - temporal_CdAccuracy: 0.0; temporal_PA: 0.666; temporal_UA: 0.5191; temporal_F1: 0.5835
2025-09-09 12:30:17,032 - INFO - Confusion Matrix
 [14027.	17695.	13691.	18528.	 6018.]
 [ 6533.	13753.	11624.	12071.	 5728.]
 [  112.	  690.	  608.	  593.	  330.]
 [  138.	  421.	  174.	  524.	  161.]
 [ 2020.	 1645.	 2495.	 4009.	  572.]
2025-09-09 12:30:17,076 - INFO - Epoch 1 saved.
2025-09-09 12:30:17,077 - INFO - model saved 2 times, last saved epoch: 1.

2025-09-09 12:30:18,722 - INFO - Epoch 2, Train loss: 1.5379447937011719.
2025-09-09 12:30:19,502 - INFO - mIoU: 0.1157; OA: 0.3037; AA: 0.2279; F1: 0.1892; Kappa: 0.0656;
2025-09-09 12:30:19,502 - INFO - spatial_LccAccuracy: 0.0; spatial_PA: 0.5; spatial_UA: 0.6449; spatial_F1: 0.5633
2025-09-09 12:30:19,502 - INFO - temporal_CdAccuracy: 0.0; temporal_PA: 0.6679; temporal_UA: 0.5226; temporal_F1: 0.5864
2025-09-09 12:30:19,503 - INFO - Confusion Matrix
 [24707.	14527.	 6434.	15412.	 8879.]
 [10690.	14279.	 6600.	10933.	 7207.]
 [  206.	  702.	  452.	  672.	  301.]
 [  312.	  472.	   24.	  299.	  311.]
 [ 3042.	 2084.	 1099.	 3502.	 1014.]
2025-09-09 12:30:19,555 - INFO - Epoch 2 saved.
2025-09-09 12:30:19,555 - INFO - model saved 3 times, last saved epoch: 2.

2025-09-09 12:30:21,239 - INFO - Epoch 3, Train loss: 1.4784318208694458.
2025-09-09 12:30:21,986 - INFO - mIoU: 0.1277; OA: 0.3351; AA: 0.2218; F1: 0.2038; Kappa: 0.0951;
2025-09-09 12:30:21,987 - INFO - spatial_LccAccuracy: 0.0; spatial_PA: 0.5; spatial_UA: 0.6449; spatial_F1: 0.5633
2025-09-09 12:30:21,987 - INFO - temporal_CdAccuracy: 0.0004; temporal_PA: 0.6627; temporal_UA: 0.524; temporal_F1: 0.5852
2025-09-09 12:30:21,988 - INFO - Confusion Matrix
 [27771.	14946.	 5491.	14143.	 7608.]
 [10317.	15454.	 7191.	 9849.	 6898.]
 [  288.	  847.	  485.	  417.	  296.]
 [  472.	  466.	    2.	  126.	  352.]
 [ 2141.	 1579.	 2234.	 3666.	 1121.]
2025-09-09 12:30:22,031 - INFO - Epoch 3 saved.
2025-09-09 12:30:22,031 - INFO - model saved 4 times, last saved epoch: 3.

2025-09-09 12:30:23,835 - INFO - Epoch 4, Train loss: 1.4142690896987915.
2025-09-09 12:30:24,524 - INFO - mIoU: 0.151; OA: 0.3748; AA: 0.2573; F1: 0.2374; Kappa: 0.1424;
2025-09-09 12:30:24,524 - INFO - spatial_LccAccuracy: 0.0013; spatial_PA: 0.501; spatial_UA: 0.5617; spatial_F1: 0.5296
2025-09-09 12:30:24,524 - INFO - temporal_CdAccuracy: 0.0027; temporal_PA: 0.6377; temporal_UA: 0.5214; temporal_F1: 0.5737
2025-09-09 12:30:24,525 - INFO - Confusion Matrix
 [30495.	15397.	 4199.	12161.	 7707.]
 [ 9228.	16430.	 7561.	 9127.	 7363.]
 [  236.	  924.	  419.	  376.	  378.]
 [  492.	  407.	    2.	  109.	  408.]
 [ 1093.	 1036.	 3026.	 2755.	 2831.]
2025-09-09 12:30:24,588 - INFO - Epoch 4 saved.
2025-09-09 12:30:24,588 - INFO - model saved 5 times, last saved epoch: 4.

2025-09-09 12:30:26,288 - INFO - Epoch 5, Train loss: 1.3497605323791504.
2025-09-09 12:30:27,035 - INFO - mIoU: 0.169; OA: 0.4147; AA: 0.2795; F1: 0.2595; Kappa: 0.18;
2025-09-09 12:30:27,035 - INFO - spatial_LccAccuracy: 0.0018; spatial_PA: 0.5021; spatial_UA: 0.6095; spatial_F1: 0.5506
2025-09-09 12:30:27,036 - INFO - temporal_CdAccuracy: 0.0036; temporal_PA: 0.6327; temporal_UA: 0.5215; temporal_F1: 0.5718
2025-09-09 12:30:27,036 - INFO - Confusion Matrix
 [34249.	16070.	 2562.	10573.	 6505.]
 [ 8730.	17676.	 6733.	 9108.	 7462.]
 [  196.	  919.	  417.	  458.	  343.]
 [  503.	  451.	    8.	  110.	  346.]
 [  794.	  807.	 3359.	 2599.	 3182.]
2025-09-09 12:30:27,080 - INFO - Epoch 5 saved.
2025-09-09 12:30:27,081 - INFO - model saved 6 times, last saved epoch: 5.

2025-09-09 12:30:28,853 - INFO - Epoch 6, Train loss: 1.289716362953186.
2025-09-09 12:30:29,590 - INFO - mIoU: 0.1863; OA: 0.4523; AA: 0.2957; F1: 0.2782; Kappa: 0.2226;
2025-09-09 12:30:29,590 - INFO - spatial_LccAccuracy: 0.0139; spatial_PA: 0.5139; spatial_UA: 0.6147; spatial_F1: 0.5598
2025-09-09 12:30:29,590 - INFO - temporal_CdAccuracy: 0.0148; temporal_PA: 0.6244; temporal_UA: 0.5242; temporal_F1: 0.57
2025-09-09 12:30:29,590 - INFO - Confusion Matrix
 [38390.	14706.	 1704.	 9260.	 5899.]
 [ 7322.	18555.	 6643.	10134.	 7055.]
 [  151.	  975.	  416.	  473.	  318.]
 [  633.	  480.	    4.	  113.	  188.]
 [  869.	  800.	 3328.	 2538.	 3206.]
2025-09-09 12:30:29,634 - INFO - Epoch 6 saved.
2025-09-09 12:30:29,634 - INFO - model saved 7 times, last saved epoch: 6.

2025-09-09 12:30:31,270 - INFO - Epoch 7, Train loss: 1.2256436347961426.
2025-09-09 12:30:31,993 - INFO - mIoU: 0.2057; OA: 0.4908; AA: 0.3181; F1: 0.2991; Kappa: 0.2652;
2025-09-09 12:30:31,993 - INFO - spatial_LccAccuracy: 0.0666; spatial_PA: 0.5676; spatial_UA: 0.6679; spatial_F1: 0.6136
2025-09-09 12:30:31,993 - INFO - temporal_CdAccuracy: 0.0434; temporal_PA: 0.6183; temporal_UA: 0.5275; temporal_F1: 0.5693
2025-09-09 12:30:31,994 - INFO - Confusion Matrix
 [42745.	13513.	 1276.	 8090.	 4335.]
 [ 6446.	19298.	 6998.	10907.	 6060.]
 [  138.	 1032.	  419.	  506.	  238.]
 [  697.	  446.	    2.	  157.	  116.]
 [ 1058.	  793.	 3106.	 2551.	 3233.]
2025-09-09 12:30:32,037 - INFO - Epoch 7 saved.
2025-09-09 12:30:32,038 - INFO - model saved 8 times, last saved epoch: 7.

2025-09-09 12:30:33,804 - INFO - Epoch 8, Train loss: 1.1578201055526733.
2025-09-09 12:30:34,592 - INFO - mIoU: 0.2175; OA: 0.5179; AA: 0.3261; F1: 0.3099; Kappa: 0.2951;
2025-09-09 12:30:34,592 - INFO - spatial_LccAccuracy: 0.1431; spatial_PA: 0.6199; spatial_UA: 0.6839; spatial_F1: 0.6503
2025-09-09 12:30:34,593 - INFO - temporal_CdAccuracy: 0.0711; temporal_PA: 0.6067; temporal_UA: 0.5283; temporal_F1: 0.5648
2025-09-09 12:30:34,593 - INFO - Confusion Matrix
 [46020.	12135.	  955.	 7727.	 3122.]
 [ 6139.	19913.	 7365.	11063.	 5229.]
 [  211.	 1044.	  364.	  476.	  238.]
 [  739.	  391.	    1.	  196.	   91.]
 [ 1213.	  784.	 3120.	 2639.	 2985.]
2025-09-09 12:30:34,638 - INFO - Epoch 8 saved.
2025-09-09 12:30:34,639 - INFO - model saved 9 times, last saved epoch: 8.

2025-09-09 12:30:36,080 - INFO - Epoch 9, Train loss: 1.0931063890457153.
2025-09-09 12:30:36,867 - INFO - mIoU: 0.2296; OA: 0.5361; AA: 0.3531; F1: 0.3228; Kappa: 0.3222;
2025-09-09 12:30:36,867 - INFO - spatial_LccAccuracy: 0.2424; spatial_PA: 0.6574; spatial_UA: 0.7082; spatial_F1: 0.6819
2025-09-09 12:30:36,867 - INFO - temporal_CdAccuracy: 0.1051; temporal_PA: 0.6145; temporal_UA: 0.5336; temporal_F1: 0.5712
2025-09-09 12:30:36,868 - INFO - Confusion Matrix
 [47718.	11170.	  728.	 8393.	 1950.]
 [ 4771.	20649.	 8169.	11236.	 4884.]
 [  104.	 1101.	  405.	  465.	  258.]
 [  701.	  377.	    1.	  329.	   10.]
 [ 1226.	  861.	 3072.	 2761.	 2821.]
2025-09-09 12:30:36,912 - INFO - Epoch 9 saved.
2025-09-09 12:30:36,913 - INFO - model saved 10 times, last saved epoch: 9.

2025-09-09 12:30:38,690 - INFO - Epoch 10, Train loss: 1.0358121395111084.
2025-09-09 12:30:39,403 - INFO - mIoU: 0.2457; OA: 0.5597; AA: 0.3655; F1: 0.3404; Kappa: 0.3525;
2025-09-09 12:30:39,403 - INFO - spatial_LccAccuracy: 0.2826; spatial_PA: 0.6548; spatial_UA: 0.6818; spatial_F1: 0.668
2025-09-09 12:30:39,403 - INFO - temporal_CdAccuracy: 0.1221; temporal_PA: 0.6204; temporal_UA: 0.5359; temporal_F1: 0.5751
2025-09-09 12:30:39,404 - INFO - Confusion Matrix
 [49607.	10227.	  665.	 8444.	 1016.]
 [ 4345.	21758.	 8406.	11110.	 4090.]
 [  257.	  914.	  415.	  501.	  246.]
 [  735.	  355.	    1.	  319.	    8.]
 [ 1031.	  744.	 3048.	 2932.	 2986.]
2025-09-09 12:30:39,447 - INFO - Epoch 10 saved.
2025-09-09 12:30:39,448 - INFO - model saved 11 times, last saved epoch: 10.

2025-09-09 12:30:40,953 - INFO - Epoch 11, Train loss: 0.9846132397651672.
2025-09-09 12:30:41,648 - INFO - mIoU: 0.2579; OA: 0.572; AA: 0.379; F1: 0.3536; Kappa: 0.3755;
2025-09-09 12:30:41,648 - INFO - spatial_LccAccuracy: 0.3734; spatial_PA: 0.6742; spatial_UA: 0.7055; spatial_F1: 0.6895
2025-09-09 12:30:41,649 - INFO - temporal_CdAccuracy: 0.1489; temporal_PA: 0.6156; temporal_UA: 0.5377; temporal_F1: 0.574
2025-09-09 12:30:41,649 - INFO - Confusion Matrix
 [50716.	 8290.	  628.	 9842.	  483.]
 [ 3468.	22050.	 8954.	11000.	 4237.]
 [  146.	  816.	  536.	  510.	  325.]
 [  734.	  357.	   19.	  288.	   20.]
 [  889.	  568.	 3196.	 2936.	 3152.]
2025-09-09 12:30:41,692 - INFO - Epoch 11 saved.
2025-09-09 12:30:41,692 - INFO - model saved 12 times, last saved epoch: 11.

2025-09-09 12:30:43,317 - INFO - Epoch 12, Train loss: 0.9366570115089417.
2025-09-09 12:30:44,106 - INFO - mIoU: 0.2818; OA: 0.6066; AA: 0.4066; F1: 0.3787; Kappa: 0.4172;
2025-09-09 12:30:44,106 - INFO - spatial_LccAccuracy: 0.3775; spatial_PA: 0.6821; spatial_UA: 0.7082; spatial_F1: 0.6949
2025-09-09 12:30:44,107 - INFO - temporal_CdAccuracy: 0.1565; temporal_PA: 0.6279; temporal_UA: 0.5421; temporal_F1: 0.5819
2025-09-09 12:30:44,107 - INFO - Confusion Matrix
 [53705.	 7820.	  601.	 7468.	  365.]
 [ 3019.	23094.	 9162.	11025.	 3409.]
 [  166.	  767.	  512.	  510.	  378.]
 [  697.	  348.	   20.	  330.	   23.]
 [  785.	  551.	 2963.	 2696.	 3746.]
2025-09-09 12:30:44,169 - INFO - Epoch 12 saved.
2025-09-09 12:30:44,170 - INFO - model saved 13 times, last saved epoch: 12.

2025-09-09 12:30:45,810 - INFO - Epoch 13, Train loss: 0.8903323411941528.
2025-09-09 12:30:46,507 - INFO - mIoU: 0.3011; OA: 0.6364; AA: 0.4132; F1: 0.3975; Kappa: 0.4514;
2025-09-09 12:30:46,507 - INFO - spatial_LccAccuracy: 0.3775; spatial_PA: 0.6839; spatial_UA: 0.6997; spatial_F1: 0.6917
2025-09-09 12:30:46,507 - INFO - temporal_CdAccuracy: 0.157; temporal_PA: 0.6331; temporal_UA: 0.5432; temporal_F1: 0.5847
2025-09-09 12:30:46,508 - INFO - Confusion Matrix
 [56198.	 7356.	  856.	 4998.	  551.]
 [ 3183.	24374.	 9013.	11050.	 2089.]
 [  259.	  732.	  516.	  503.	  323.]
 [  693.	  411.	    0.	  248.	   66.]
 [  716.	  578.	 2941.	 2466.	 4040.]
2025-09-09 12:30:46,567 - INFO - Epoch 13 saved.
2025-09-09 12:30:46,568 - INFO - model saved 14 times, last saved epoch: 13.

2025-09-09 12:30:48,333 - INFO - Epoch 14, Train loss: 0.8441359996795654.
2025-09-09 12:30:49,117 - INFO - mIoU: 0.3248; OA: 0.6684; AA: 0.4396; F1: 0.42; Kappa: 0.4943;
2025-09-09 12:30:49,117 - INFO - spatial_LccAccuracy: 0.3958; spatial_PA: 0.7012; spatial_UA: 0.7201; spatial_F1: 0.7105
2025-09-09 12:30:49,117 - INFO - temporal_CdAccuracy: 0.1726; temporal_PA: 0.628; temporal_UA: 0.5431; temporal_F1: 0.5825
2025-09-09 12:30:49,118 - INFO - Confusion Matrix
 [59089.	 6136.	  593.	 3797.	  344.]
 [ 2672.	25419.	 9089.	11123.	 1406.]
 [  189.	  697.	  531.	  469.	  447.]
 [  614.	  374.	   34.	  299.	   97.]
 [  672.	  471.	 2840.	 2421.	 4337.]
2025-09-09 12:30:49,162 - INFO - Epoch 14 saved.
2025-09-09 12:30:49,162 - INFO - model saved 15 times, last saved epoch: 14.

2025-09-09 12:30:50,959 - INFO - Epoch 15, Train loss: 0.7989227771759033.
2025-09-09 12:30:51,648 - INFO - mIoU: 0.346; OA: 0.6939; AA: 0.4506; F1: 0.439; Kappa: 0.5275;
2025-09-09 12:30:51,649 - INFO - spatial_LccAccuracy: 0.4244; spatial_PA: 0.6949; spatial_UA: 0.7033; spatial_F1: 0.6991
2025-09-09 12:30:51,649 - INFO - temporal_CdAccuracy: 0.1838; temporal_PA: 0.6511; temporal_UA: 0.5542; temporal_F1: 0.5988
2025-09-09 12:30:51,650 - INFO - Confusion Matrix
 [61444.	 5185.	  515.	 2495.	  320.]
 [ 2721.	25912.	 9028.	10902.	 1146.]
 [  306.	  726.	  506.	  454.	  341.]
 [  609.	  418.	    3.	  245.	  143.]
 [  517.	  365.	 2599.	 2279.	 4981.]
2025-09-09 12:30:51,699 - INFO - Epoch 15 saved.
2025-09-09 12:30:51,699 - INFO - model saved 16 times, last saved epoch: 15.

2025-09-09 12:30:53,204 - INFO - Epoch 16, Train loss: 0.7532716393470764.
2025-09-09 12:30:53,996 - INFO - mIoU: 0.366; OA: 0.7161; AA: 0.5; F1: 0.4588; Kappa: 0.5623;
2025-09-09 12:30:53,996 - INFO - spatial_LccAccuracy: 0.4978; spatial_PA: 0.7338; spatial_UA: 0.7793; spatial_F1: 0.7559
2025-09-09 12:30:53,997 - INFO - temporal_CdAccuracy: 0.233; temporal_PA: 0.6645; temporal_UA: 0.5665; temporal_F1: 0.6116
2025-09-09 12:30:53,997 - INFO - Confusion Matrix
 [62706.	 4146.	  480.	 2387.	  240.]
 [ 1904.	26630.	 9278.	 9960.	 1937.]
 [  109.	  722.	  559.	  289.	  654.]
 [  453.	  364.	   85.	  413.	  103.]
 [  267.	  367.	 2256.	 2084.	 5767.]
2025-09-09 12:30:54,041 - INFO - Epoch 16 saved.
2025-09-09 12:30:54,041 - INFO - model saved 17 times, last saved epoch: 16.

2025-09-09 12:30:55,599 - INFO - Epoch 17, Train loss: 0.7064664959907532.
2025-09-09 12:30:56,322 - INFO - mIoU: 0.3871; OA: 0.7371; AA: 0.5058; F1: 0.477; Kappa: 0.5894;
2025-09-09 12:30:56,322 - INFO - spatial_LccAccuracy: 0.4781; spatial_PA: 0.7251; spatial_UA: 0.7377; spatial_F1: 0.7314
2025-09-09 12:30:56,322 - INFO - temporal_CdAccuracy: 0.2276; temporal_PA: 0.6559; temporal_UA: 0.5694; temporal_F1: 0.6096
2025-09-09 12:30:56,324 - INFO - Confusion Matrix
 [64444.	 3575.	  466.	 1234.	  240.]
 [ 2189.	27338.	 8728.	10429.	 1025.]
 [  201.	  726.	  566.	  325.	  515.]
 [  579.	  364.	   36.	  337.	  102.]
 [  259.	  297.	 2077.	 1903.	 6205.]
2025-09-09 12:30:56,371 - INFO - Epoch 17 saved.
2025-09-09 12:30:56,371 - INFO - model saved 18 times, last saved epoch: 17.

2025-09-09 12:30:57,892 - INFO - Epoch 18, Train loss: 0.6589822173118591.
2025-09-09 12:30:58,664 - INFO - mIoU: 0.4015; OA: 0.756; AA: 0.5301; F1: 0.4907; Kappa: 0.617;
2025-09-09 12:30:58,664 - INFO - spatial_LccAccuracy: 0.4924; spatial_PA: 0.726; spatial_UA: 0.7601; spatial_F1: 0.7427
2025-09-09 12:30:58,665 - INFO - temporal_CdAccuracy: 0.2406; temporal_PA: 0.6662; temporal_UA: 0.5798; temporal_F1: 0.62
2025-09-09 12:30:58,665 - INFO - Confusion Matrix
 [64948.	 3213.	  375.	 1196.	  227.]
 [ 1810.	28897.	 8419.	 9286.	 1297.]
 [  170.	  653.	  603.	  271.	  636.]
 [  526.	  351.	   64.	  381.	   96.]
 [  194.	  261.	 1971.	 1723.	 6592.]
2025-09-09 12:30:58,718 - INFO - Epoch 18 saved.
2025-09-09 12:30:58,719 - INFO - model saved 19 times, last saved epoch: 18.

2025-09-09 12:31:00,148 - INFO - Epoch 19, Train loss: 0.6109362840652466.
2025-09-09 12:31:00,919 - INFO - mIoU: 0.4119; OA: 0.7639; AA: 0.5092; F1: 0.4976; Kappa: 0.6256;
2025-09-09 12:31:00,919 - INFO - spatial_LccAccuracy: 0.4602; spatial_PA: 0.7136; spatial_UA: 0.7066; spatial_F1: 0.7101
2025-09-09 12:31:00,919 - INFO - temporal_CdAccuracy: 0.2232; temporal_PA: 0.6653; temporal_UA: 0.5815; temporal_F1: 0.6206
2025-09-09 12:31:00,920 - INFO - Confusion Matrix
 [65473.	 3044.	  285.	  806.	  351.]
 [ 2407.	29428.	 7005.	10316.	  553.]
 [  374.	  614.	  577.	  352.	  416.]
 [  752.	  416.	    1.	  193.	   56.]
 [  207.	  220.	 1874.	 1624.	 6816.]
2025-09-09 12:31:00,977 - INFO - Epoch 19 saved.
2025-09-09 12:31:00,978 - INFO - model saved 20 times, last saved epoch: 19.

2025-09-09 12:31:02,347 - INFO - Epoch 20, Train loss: 0.5632055401802063.
2025-09-09 12:31:03,093 - INFO - mIoU: 0.434; OA: 0.79; AA: 0.5591; F1: 0.5195; Kappa: 0.6661;
2025-09-09 12:31:03,093 - INFO - spatial_LccAccuracy: 0.5528; spatial_PA: 0.782; spatial_UA: 0.8465; spatial_F1: 0.813
2025-09-09 12:31:03,094 - INFO - temporal_CdAccuracy: 0.2996; temporal_PA: 0.6898; temporal_UA: 0.61; temporal_F1: 0.6474
2025-09-09 12:31:03,094 - INFO - Confusion Matrix
 [65421.	 3058.	  312.	  916.	  252.]
 [ 1318.	32354.	 7372.	 7866.	  799.]
 [  136.	  690.	  660.	  272.	  575.]
 [  426.	  417.	   95.	  365.	  115.]
 [  106.	  250.	 1464.	 1732.	 7189.]
2025-09-09 12:31:03,141 - INFO - Epoch 20 saved.
2025-09-09 12:31:03,142 - INFO - model saved 21 times, last saved epoch: 20.

2025-09-09 12:31:04,933 - INFO - Epoch 21, Train loss: 0.5129129886627197.
2025-09-09 12:31:05,691 - INFO - mIoU: 0.4522; OA: 0.8103; AA: 0.5774; F1: 0.5359; Kappa: 0.6955;
2025-09-09 12:31:05,691 - INFO - spatial_LccAccuracy: 0.5953; spatial_PA: 0.7963; spatial_UA: 0.9075; spatial_F1: 0.8483
2025-09-09 12:31:05,692 - INFO - temporal_CdAccuracy: 0.3157; temporal_PA: 0.6917; temporal_UA: 0.628; temporal_F1: 0.6583
2025-09-09 12:31:05,692 - INFO - Confusion Matrix
 [66049.	 2706.	  228.	  803.	  173.]
 [ 1389.	34115.	 6064.	 7488.	  653.]
 [   98.	  659.	  663.	  316.	  597.]
 [  347.	  427.	   92.	  390.	  162.]
 [  138.	  210.	 1247.	 1654.	 7492.]
2025-09-09 12:31:05,739 - INFO - Epoch 21 saved.
2025-09-09 12:31:05,739 - INFO - model saved 22 times, last saved epoch: 21.

2025-09-09 12:31:07,343 - INFO - Epoch 22, Train loss: 0.46178537607192993.
2025-09-09 12:31:08,048 - INFO - mIoU: 0.4657; OA: 0.8284; AA: 0.5816; F1: 0.5474; Kappa: 0.7213;
2025-09-09 12:31:08,048 - INFO - spatial_LccAccuracy: 0.5801; spatial_PA: 0.7967; spatial_UA: 0.8945; spatial_F1: 0.8428
2025-09-09 12:31:08,048 - INFO - temporal_CdAccuracy: 0.3198; temporal_PA: 0.6901; temporal_UA: 0.625; temporal_F1: 0.6559
2025-09-09 12:31:08,049 - INFO - Confusion Matrix
 [66482.	 2451.	  175.	  600.	  251.]
 [ 1460.	36100.	 4927.	 6690.	  532.]
 [  115.	  703.	  672.	  363.	  480.]
 [  487.	  465.	   60.	  342.	   64.]
 [  115.	  254.	 1423.	 1406.	 7543.]
2025-09-09 12:31:08,092 - INFO - Epoch 22 saved.
2025-09-09 12:31:08,093 - INFO - model saved 23 times, last saved epoch: 22.

2025-09-09 12:31:09,748 - INFO - Epoch 23, Train loss: 0.41264650225639343.
2025-09-09 12:31:10,424 - INFO - mIoU: 0.5027; OA: 0.8647; AA: 0.6155; F1: 0.5801; Kappa: 0.7767;
2025-09-09 12:31:10,424 - INFO - spatial_LccAccuracy: 0.6471; spatial_PA: 0.9204; spatial_UA: 0.9264; spatial_F1: 0.9234
2025-09-09 12:31:10,425 - INFO - temporal_CdAccuracy: 0.3703; temporal_PA: 0.6997; temporal_UA: 0.6604; temporal_F1: 0.6795
2025-09-09 12:31:10,425 - INFO - Confusion Matrix
 [66433.	 2459.	  186.	  632.	  249.]
 [ 1252.	40054.	 4068.	 3831.	  504.]
 [   94.	  707.	  698.	  304.	  530.]
 [  468.	  461.	   69.	  329.	   91.]
 [   89.	  238.	  584.	 1336.	 8494.]
2025-09-09 12:31:10,487 - INFO - Epoch 23 saved.
2025-09-09 12:31:10,488 - INFO - model saved 24 times, last saved epoch: 23.

2025-09-09 12:31:12,168 - INFO - Epoch 24, Train loss: 0.3693073093891144.
2025-09-09 12:31:12,879 - INFO - mIoU: 0.5394; OA: 0.8923; AA: 0.6458; F1: 0.6121; Kappa: 0.8204;
2025-09-09 12:31:12,879 - INFO - spatial_LccAccuracy: 0.6668; spatial_PA: 0.9598; spatial_UA: 0.9324; spatial_F1: 0.9459
2025-09-09 12:31:12,879 - INFO - temporal_CdAccuracy: 0.4267; temporal_PA: 0.7166; temporal_UA: 0.6828; temporal_F1: 0.6993
2025-09-09 12:31:12,880 - INFO - Confusion Matrix
 [65976.	 2848.	  272.	  708.	  155.]
 [  868.	43161.	 2852.	 2392.	  436.]
 [   87.	  627.	  737.	  317.	  565.]
 [  366.	  440.	  185.	  304.	  123.]
 [  110.	  251.	  437.	  414.	 9529.]
2025-09-09 12:31:12,925 - INFO - Epoch 24 saved.
2025-09-09 12:31:12,926 - INFO - model saved 25 times, last saved epoch: 24.

2025-09-09 12:31:14,615 - INFO - Epoch 25, Train loss: 0.32464033365249634.
2025-09-09 12:31:15,316 - INFO - mIoU: 0.5599; OA: 0.9052; AA: 0.6593; F1: 0.6345; Kappa: 0.8406;
2025-09-09 12:31:15,316 - INFO - spatial_LccAccuracy: 0.6883; spatial_PA: 0.9704; spatial_UA: 0.957; spatial_F1: 0.9636
2025-09-09 12:31:15,316 - INFO - temporal_CdAccuracy: 0.4003; temporal_PA: 0.7045; temporal_UA: 0.6727; temporal_F1: 0.6882
2025-09-09 12:31:15,317 - INFO - Confusion Matrix
 [66880.	 2304.	  116.	  515.	  144.]
 [ 1257.	43751.	 1959.	 2359.	  383.]
 [   81.	  639.	  824.	  344.	  445.]
 [  263.	  585.	   83.	  291.	  196.]
 [   89.	  293.	  101.	  569.	 9689.]
2025-09-09 12:31:15,365 - INFO - Epoch 25 saved.
2025-09-09 12:31:15,366 - INFO - model saved 26 times, last saved epoch: 25.

2025-09-09 12:31:16,831 - INFO - Epoch 26, Train loss: 0.28755417466163635.
2025-09-09 12:31:17,527 - INFO - mIoU: 0.5832; OA: 0.9207; AA: 0.6832; F1: 0.6591; Kappa: 0.866;
2025-09-09 12:31:17,527 - INFO - spatial_LccAccuracy: 0.7008; spatial_PA: 0.9692; spatial_UA: 0.9627; spatial_F1: 0.9659
2025-09-09 12:31:17,528 - INFO - temporal_CdAccuracy: 0.4535; temporal_PA: 0.7359; temporal_UA: 0.7072; temporal_F1: 0.7213
2025-09-09 12:31:17,529 - INFO - Confusion Matrix
 [66995.	 2201.	  156.	  434.	  173.]
 [ 1006.	45273.	 1545.	 1505.	  380.]
 [   49.	  542.	  867.	  361.	  514.]
 [  263.	  461.	  150.	  342.	  202.]
 [   69.	  282.	   46.	  304.	10040.]
2025-09-09 12:31:17,573 - INFO - Epoch 26 saved.
2025-09-09 12:31:17,573 - INFO - model saved 27 times, last saved epoch: 26.

2025-09-09 12:31:19,175 - INFO - Epoch 27, Train loss: 0.25376254320144653.
2025-09-09 12:31:19,916 - INFO - mIoU: 0.595; OA: 0.926; AA: 0.6875; F1: 0.6706; Kappa: 0.8744;
2025-09-09 12:31:19,917 - INFO - spatial_LccAccuracy: 0.7008; spatial_PA: 0.9651; spatial_UA: 0.9587; spatial_F1: 0.9619
2025-09-09 12:31:19,917 - INFO - temporal_CdAccuracy: 0.4343; temporal_PA: 0.7226; temporal_UA: 0.6971; temporal_F1: 0.7097
2025-09-09 12:31:19,918 - INFO - Confusion Matrix
 [67928.	 1523.	   65.	  308.	  135.]
 [ 1490.	44923.	 1129.	 1785.	  382.]
 [   68.	  525.	  906.	  402.	  432.]
 [  233.	  478.	  149.	  326.	  232.]
 [   73.	  307.	   48.	  167.	10146.]
2025-09-09 12:31:19,961 - INFO - Epoch 27 saved.
2025-09-09 12:31:19,961 - INFO - model saved 28 times, last saved epoch: 27.

2025-09-09 12:31:21,783 - INFO - Epoch 28, Train loss: 0.22646532952785492.
2025-09-09 12:31:22,514 - INFO - mIoU: 0.6074; OA: 0.9316; AA: 0.7032; F1: 0.6868; Kappa: 0.8842;
2025-09-09 12:31:22,514 - INFO - spatial_LccAccuracy: 0.6963; spatial_PA: 0.9741; spatial_UA: 0.9697; spatial_F1: 0.9719
2025-09-09 12:31:22,514 - INFO - temporal_CdAccuracy: 0.4879; temporal_PA: 0.7603; temporal_UA: 0.7344; temporal_F1: 0.7471
2025-09-09 12:31:22,515 - INFO - Confusion Matrix
 [66793.	 2365.	  172.	  405.	  224.]
 [  774.	46599.	 1087.	  875.	  374.]
 [   17.	  436.	 1076.	  249.	  555.]
 [  158.	  545.	  182.	  299.	  234.]
 [   47.	  302.	   38.	  133.	10221.]
2025-09-09 12:31:22,562 - INFO - Epoch 28 saved.
2025-09-09 12:31:22,562 - INFO - model saved 29 times, last saved epoch: 28.

2025-09-09 12:31:23,913 - INFO - Epoch 29, Train loss: 0.20362192392349243.
2025-09-09 12:31:24,691 - INFO - mIoU: 0.6272; OA: 0.9371; AA: 0.7096; F1: 0.7058; Kappa: 0.8927;
2025-09-09 12:31:24,691 - INFO - spatial_LccAccuracy: 0.6963; spatial_PA: 0.9507; spatial_UA: 0.8949; spatial_F1: 0.9219
2025-09-09 12:31:24,691 - INFO - temporal_CdAccuracy: 0.4231; temporal_PA: 0.7315; temporal_UA: 0.7161; temporal_F1: 0.7238
2025-09-09 12:31:24,691 - INFO - Confusion Matrix
 [67888.	 1659.	   38.	  240.	  134.]
 [ 1412.	46204.	  737.	 1051.	  305.]
 [  102.	  393.	 1103.	  354.	  381.]
 [  502.	  341.	   83.	  318.	  174.]
 [   71.	  297.	   38.	  120.	10215.]
2025-09-09 12:31:24,735 - INFO - Epoch 29 saved.
2025-09-09 12:31:24,735 - INFO - model saved 30 times, last saved epoch: 29.

2025-09-09 12:31:26,496 - INFO - Epoch 30, Train loss: 0.18371039628982544.
2025-09-09 12:31:27,174 - INFO - mIoU: 0.6284; OA: 0.9396; AA: 0.6969; F1: 0.702; Kappa: 0.8965;
2025-09-09 12:31:27,175 - INFO - spatial_LccAccuracy: 0.6825; spatial_PA: 0.9401; spatial_UA: 0.8816; spatial_F1: 0.9099
2025-09-09 12:31:27,175 - INFO - temporal_CdAccuracy: 0.4123; temporal_PA: 0.7321; temporal_UA: 0.72; temporal_F1: 0.726
2025-09-09 12:31:27,176 - INFO - Confusion Matrix
 [68463.	 1193.	   41.	  150.	  112.]
 [ 1793.	46064.	  531.	 1023.	  298.]
 [  147.	  411.	 1088.	  415.	  272.]
 [  577.	  334.	  134.	  229.	  144.]
 [   82.	  306.	   26.	  110.	10217.]
2025-09-09 12:31:27,218 - INFO - Epoch 30 saved.
2025-09-09 12:31:27,219 - INFO - model saved 31 times, last saved epoch: 30.

2025-09-09 12:31:28,802 - INFO - Epoch 31, Train loss: 0.1696852594614029.
2025-09-09 12:31:29,521 - INFO - mIoU: 0.6526; OA: 0.9472; AA: 0.7247; F1: 0.7311; Kappa: 0.9096;
2025-09-09 12:31:29,521 - INFO - spatial_LccAccuracy: 0.7169; spatial_PA: 0.9721; spatial_UA: 0.9628; spatial_F1: 0.9674
2025-09-09 12:31:29,521 - INFO - temporal_CdAccuracy: 0.5161; temporal_PA: 0.7954; temporal_UA: 0.7789; temporal_F1: 0.7871
2025-09-09 12:31:29,522 - INFO - Confusion Matrix
 [68137.	 1477.	   46.	  169.	  130.]
 [ 1298.	47123.	  478.	  554.	  256.]
 [   62.	  409.	 1234.	  315.	  313.]
 [  232.	  550.	  143.	  306.	  187.]
 [   52.	  314.	   25.	   71.	10279.]
2025-09-09 12:31:29,569 - INFO - Epoch 31 saved.
2025-09-09 12:31:29,569 - INFO - model saved 32 times, last saved epoch: 31.

2025-09-09 12:31:31,409 - INFO - Epoch 32, Train loss: 0.15207141637802124.
2025-09-09 12:31:32,170 - INFO - mIoU: 0.6615; OA: 0.9455; AA: 0.7392; F1: 0.745; Kappa: 0.9069;
2025-09-09 12:31:32,170 - INFO - spatial_LccAccuracy: 0.695; spatial_PA: 0.9635; spatial_UA: 0.9119; spatial_F1: 0.937
2025-09-09 12:31:32,170 - INFO - temporal_CdAccuracy: 0.5143; temporal_PA: 0.805; temporal_UA: 0.7871; temporal_F1: 0.7959
2025-09-09 12:31:32,171 - INFO - Confusion Matrix
 [67114.	 2504.	   91.	  166.	   84.]
 [  839.	47785.	  497.	  410.	  178.]
 [   42.	  331.	 1303.	  245.	  412.]
 [  419.	  296.	  126.	  369.	  208.]
 [   68.	  289.	   26.	   82.	10276.]
2025-09-09 12:31:32,216 - INFO - Epoch 32 saved.
2025-09-09 12:31:32,216 - INFO - model saved 33 times, last saved epoch: 32.

2025-09-09 12:31:33,632 - INFO - Epoch 33, Train loss: 0.1424233764410019.
2025-09-09 12:31:34,331 - INFO - mIoU: 0.6738; OA: 0.952; AA: 0.7425; F1: 0.753; Kappa: 0.9177;
2025-09-09 12:31:34,332 - INFO - spatial_LccAccuracy: 0.7272; spatial_PA: 0.979; spatial_UA: 0.9633; spatial_F1: 0.9711
2025-09-09 12:31:34,332 - INFO - temporal_CdAccuracy: 0.5671; temporal_PA: 0.8289; temporal_UA: 0.8162; temporal_F1: 0.8225
2025-09-09 12:31:34,333 - INFO - Confusion Matrix
 [68089.	 1591.	   42.	  141.	   96.]
 [ 1168.	47616.	  377.	  347.	  201.]
 [   41.	  332.	 1411.	  216.	  333.]
 [  214.	  463.	  151.	  310.	  280.]
 [   59.	  301.	   22.	   69.	10290.]
2025-09-09 12:31:34,381 - INFO - Epoch 33 saved.
2025-09-09 12:31:34,382 - INFO - model saved 34 times, last saved epoch: 33.

2025-09-09 12:31:36,063 - INFO - Epoch 34, Train loss: 0.13196976482868195.
2025-09-09 12:31:36,763 - INFO - mIoU: 0.667; OA: 0.9513; AA: 0.7249; F1: 0.7347; Kappa: 0.9165;
2025-09-09 12:31:36,764 - INFO - spatial_LccAccuracy: 0.7236; spatial_PA: 0.9831; spatial_UA: 0.9885; spatial_F1: 0.9858
2025-09-09 12:31:36,764 - INFO - temporal_CdAccuracy: 0.5966; temporal_PA: 0.8331; temporal_UA: 0.8167; temporal_F1: 0.8248
2025-09-09 12:31:36,765 - INFO - Confusion Matrix
 [67864.	 1692.	  103.	  126.	  174.]
 [ 1223.	47816.	  271.	  229.	  170.]
 [   21.	  354.	 1489.	  225.	  244.]
 [  112.	  860.	  166.	  132.	  148.]
 [   52.	  295.	    9.	   59.	10326.]
2025-09-09 12:31:36,766 - INFO - model saved 34 times, last saved epoch: 33.

2025-09-09 12:31:38,587 - INFO - Epoch 35, Train loss: 0.12455611675977707.
2025-09-09 12:31:39,271 - INFO - mIoU: 0.6936; OA: 0.9559; AA: 0.7459; F1: 0.763; Kappa: 0.9243;
2025-09-09 12:31:39,272 - INFO - spatial_LccAccuracy: 0.7464; spatial_PA: 0.9809; spatial_UA: 0.9665; spatial_F1: 0.9736
2025-09-09 12:31:39,272 - INFO - temporal_CdAccuracy: 0.5957; temporal_PA: 0.851; temporal_UA: 0.8385; temporal_F1: 0.8447
2025-09-09 12:31:39,273 - INFO - Confusion Matrix
 [67934.	 1787.	   57.	   96.	   85.]
 [ 1006.	48211.	  215.	  174.	  103.]
 [   31.	  365.	 1589.	  200.	  148.]
 [  160.	  729.	  126.	  210.	  193.]
 [   63.	  313.	   10.	   49.	10306.]
2025-09-09 12:31:39,316 - INFO - Epoch 35 saved.
2025-09-09 12:31:39,316 - INFO - model saved 35 times, last saved epoch: 35.

2025-09-09 12:31:41,120 - INFO - Epoch 36, Train loss: 0.11300257593393326.
2025-09-09 12:31:41,854 - INFO - mIoU: 0.7029; OA: 0.9579; AA: 0.7515; F1: 0.7724; Kappa: 0.9276;
2025-09-09 12:31:41,855 - INFO - spatial_LccAccuracy: 0.7469; spatial_PA: 0.9702; spatial_UA: 0.9356; spatial_F1: 0.9526
2025-09-09 12:31:41,855 - INFO - temporal_CdAccuracy: 0.5836; temporal_PA: 0.8452; temporal_UA: 0.8403; temporal_F1: 0.8427
2025-09-09 12:31:41,856 - INFO - Confusion Matrix
 [68097.	 1647.	   33.	   72.	  110.]
 [ 1009.	48232.	  161.	  185.	  122.]
 [   27.	  352.	 1593.	  203.	  158.]
 [  362.	  557.	  123.	  237.	  139.]
 [   45.	  305.	    1.	   37.	10353.]
2025-09-09 12:31:41,908 - INFO - Epoch 36 saved.
2025-09-09 12:31:41,909 - INFO - model saved 36 times, last saved epoch: 36.

2025-09-09 12:31:43,918 - INFO - Epoch 37, Train loss: 0.10613200813531876.
2025-09-09 12:31:44,599 - INFO - mIoU: 0.7109; OA: 0.9592; AA: 0.7639; F1: 0.7815; Kappa: 0.9298;
2025-09-09 12:31:44,600 - INFO - spatial_LccAccuracy: 0.7433; spatial_PA: 0.9719; spatial_UA: 0.9407; spatial_F1: 0.956
2025-09-09 12:31:44,600 - INFO - temporal_CdAccuracy: 0.5818; temporal_PA: 0.8441; temporal_UA: 0.8406; temporal_F1: 0.8424
2025-09-09 12:31:44,601 - INFO - Confusion Matrix
 [68284.	 1473.	   46.	   93.	   63.]
 [ 1155.	48078.	  152.	  189.	  135.]
 [   19.	  324.	 1679.	  139.	  172.]
 [  382.	  407.	  199.	  271.	  159.]
 [   35.	  299.	    1.	   37.	10369.]
2025-09-09 12:31:44,645 - INFO - Epoch 37 saved.
2025-09-09 12:31:44,646 - INFO - model saved 37 times, last saved epoch: 37.

2025-09-09 12:31:46,425 - INFO - Epoch 38, Train loss: 0.10068216174840927.
2025-09-09 12:31:47,137 - INFO - mIoU: 0.7148; OA: 0.9578; AA: 0.7585; F1: 0.7812; Kappa: 0.9272;
2025-09-09 12:31:47,137 - INFO - spatial_LccAccuracy: 0.7545; spatial_PA: 0.9622; spatial_UA: 0.9107; spatial_F1: 0.9357
2025-09-09 12:31:47,137 - INFO - temporal_CdAccuracy: 0.5631; temporal_PA: 0.8405; temporal_UA: 0.8415; temporal_F1: 0.841
2025-09-09 12:31:47,138 - INFO - Confusion Matrix
 [68889.	  988.	   16.	   37.	   29.]
 [ 1917.	47350.	  156.	  189.	   97.]
 [   82.	  278.	 1683.	  232.	   58.]
 [  702.	  276.	  110.	  243.	   87.]
 [   65.	  287.	    5.	   44.	10340.]
2025-09-09 12:31:47,181 - INFO - Epoch 38 saved.
2025-09-09 12:31:47,181 - INFO - model saved 38 times, last saved epoch: 38.

2025-09-09 12:31:48,841 - INFO - Epoch 39, Train loss: 0.09543155878782272.
2025-09-09 12:31:49,518 - INFO - mIoU: 0.722; OA: 0.9629; AA: 0.7636; F1: 0.7807; Kappa: 0.936;
2025-09-09 12:31:49,518 - INFO - spatial_LccAccuracy: 0.7835; spatial_PA: 0.9788; spatial_UA: 0.9566; spatial_F1: 0.9676
2025-09-09 12:31:49,518 - INFO - temporal_CdAccuracy: 0.6257; temporal_PA: 0.8691; temporal_UA: 0.8744; temporal_F1: 0.8718
2025-09-09 12:31:49,519 - INFO - Confusion Matrix
 [68680.	 1198.	   27.	   35.	   19.]
 [ 1289.	48112.	   99.	  104.	  105.]
 [   36.	  290.	 1819.	  143.	   45.]
 [  545.	  379.	  180.	  171.	  143.]
 [   49.	  248.	    8.	   38.	10398.]
2025-09-09 12:31:49,567 - INFO - Epoch 39 saved.
2025-09-09 12:31:49,567 - INFO - model saved 39 times, last saved epoch: 39.

2025-09-09 12:31:51,237 - INFO - Epoch 40, Train loss: 0.08801190555095673.
2025-09-09 12:31:52,015 - INFO - mIoU: 0.7316; OA: 0.9635; AA: 0.7703; F1: 0.7926; Kappa: 0.9372;
2025-09-09 12:31:52,015 - INFO - spatial_LccAccuracy: 0.7724; spatial_PA: 0.9785; spatial_UA: 0.9524; spatial_F1: 0.9653
2025-09-09 12:31:52,015 - INFO - temporal_CdAccuracy: 0.6216; temporal_PA: 0.8601; temporal_UA: 0.8682; temporal_F1: 0.8641
2025-09-09 12:31:52,016 - INFO - Confusion Matrix
 [68219.	 1655.	   26.	   24.	   35.]
 [  842.	48622.	   93.	   65.	   87.]
 [   19.	  316.	 1842.	   66.	   90.]
 [  257.	  661.	  117.	  202.	  181.]
 [   48.	  279.	    2.	   31.	10381.]
2025-09-09 12:31:52,059 - INFO - Epoch 40 saved.
2025-09-09 12:31:52,060 - INFO - model saved 40 times, last saved epoch: 40.

2025-09-09 12:31:53,698 - INFO - Epoch 41, Train loss: 0.08093038946390152.
2025-09-09 12:31:54,414 - INFO - mIoU: 0.7489; OA: 0.9655; AA: 0.789; F1: 0.8167; Kappa: 0.9407;
2025-09-09 12:31:54,415 - INFO - spatial_LccAccuracy: 0.7831; spatial_PA: 0.9725; spatial_UA: 0.9315; spatial_F1: 0.9515
2025-09-09 12:31:54,415 - INFO - temporal_CdAccuracy: 0.6114; temporal_PA: 0.863; temporal_UA: 0.8665; temporal_F1: 0.8648
2025-09-09 12:31:54,416 - INFO - Confusion Matrix
 [68713.	 1183.	   11.	   28.	   24.]
 [ 1189.	48274.	   73.	   82.	   91.]
 [   22.	  318.	 1818.	  122.	   53.]
 [  416.	  339.	  137.	  348.	  178.]
 [   57.	  256.	    3.	   40.	10385.]
2025-09-09 12:31:54,467 - INFO - Epoch 41 saved.
2025-09-09 12:31:54,467 - INFO - model saved 41 times, last saved epoch: 41.

2025-09-09 12:31:55,901 - INFO - Epoch 42, Train loss: 0.08066286891698837.
2025-09-09 12:31:56,612 - INFO - mIoU: 0.744; OA: 0.9653; AA: 0.7914; F1: 0.8097; Kappa: 0.9404;
2025-09-09 12:31:56,612 - INFO - spatial_LccAccuracy: 0.8032; spatial_PA: 0.9786; spatial_UA: 0.959; spatial_F1: 0.9687
2025-09-09 12:31:56,612 - INFO - temporal_CdAccuracy: 0.6436; temporal_PA: 0.8719; temporal_UA: 0.8753; temporal_F1: 0.8736
2025-09-09 12:31:56,613 - INFO - Confusion Matrix
 [68587.	 1270.	   32.	   31.	   39.]
 [ 1107.	48224.	  130.	   64.	  184.]
 [   16.	  264.	 1930.	   69.	   54.]
 [  277.	  462.	  190.	  289.	  200.]
 [   41.	  187.	    8.	   28.	10477.]
2025-09-09 12:31:56,613 - INFO - model saved 41 times, last saved epoch: 41.

2025-09-09 12:31:58,387 - INFO - Epoch 43, Train loss: 0.07703319191932678.
2025-09-09 12:31:59,224 - INFO - mIoU: 0.7532; OA: 0.9674; AA: 0.7978; F1: 0.8206; Kappa: 0.9439;
2025-09-09 12:31:59,225 - INFO - spatial_LccAccuracy: 0.801; spatial_PA: 0.9845; spatial_UA: 0.9793; spatial_F1: 0.9819
2025-09-09 12:31:59,225 - INFO - temporal_CdAccuracy: 0.6561; temporal_PA: 0.8903; temporal_UA: 0.8812; temporal_F1: 0.8857
2025-09-09 12:31:59,226 - INFO - Confusion Matrix
 [68749.	 1140.	   25.	   25.	   20.]
 [ 1078.	48353.	  142.	   47.	   89.]
 [   21.	  263.	 1920.	   80.	   49.]
 [  273.	  395.	  164.	  341.	  245.]
 [   43.	  251.	    2.	   26.	10419.]
2025-09-09 12:31:59,275 - INFO - Epoch 43 saved.
2025-09-09 12:31:59,275 - INFO - model saved 42 times, last saved epoch: 43.

2025-09-09 12:32:00,851 - INFO - Epoch 44, Train loss: 0.07442200928926468.
2025-09-09 12:32:01,545 - INFO - mIoU: 0.7387; OA: 0.967; AA: 0.7778; F1: 0.7992; Kappa: 0.9431;
2025-09-09 12:32:01,545 - INFO - spatial_LccAccuracy: 0.7903; spatial_PA: 0.985; spatial_UA: 0.9776; spatial_F1: 0.9813
2025-09-09 12:32:01,545 - INFO - temporal_CdAccuracy: 0.6521; temporal_PA: 0.8834; temporal_UA: 0.8786; temporal_F1: 0.881
2025-09-09 12:32:01,546 - INFO - Confusion Matrix
 [68693.	 1205.	   18.	   16.	   27.]
 [ 1003.	48529.	   70.	   26.	   81.]
 [   22.	  291.	 1892.	   64.	   64.]
 [  174.	  605.	  183.	  215.	  241.]
 [   56.	  252.	    1.	   33.	10399.]
2025-09-09 12:32:01,547 - INFO - model saved 42 times, last saved epoch: 43.

2025-09-09 12:32:03,555 - INFO - Epoch 45, Train loss: 0.07082625478506088.
2025-09-09 12:32:04,250 - INFO - mIoU: 0.7591; OA: 0.9677; AA: 0.804; F1: 0.8273; Kappa: 0.9444;
2025-09-09 12:32:04,250 - INFO - spatial_LccAccuracy: 0.8023; spatial_PA: 0.982; spatial_UA: 0.9704; spatial_F1: 0.9762
2025-09-09 12:32:04,250 - INFO - temporal_CdAccuracy: 0.6431; temporal_PA: 0.8832; temporal_UA: 0.8788; temporal_F1: 0.881
2025-09-09 12:32:04,251 - INFO - Confusion Matrix
 [69037.	  869.	   28.	   11.	   14.]
 [ 1436.	48019.	  106.	   43.	  105.]
 [   25.	  260.	 1944.	   74.	   30.]
 [  234.	  321.	  198.	  369.	  296.]
 [   41.	  213.	    4.	   27.	10456.]
2025-09-09 12:32:04,297 - INFO - Epoch 45 saved.
2025-09-09 12:32:04,298 - INFO - model saved 43 times, last saved epoch: 45.

2025-09-09 12:32:05,864 - INFO - Epoch 46, Train loss: 0.06901437789201736.
2025-09-09 12:32:06,600 - INFO - mIoU: 0.7486; OA: 0.9669; AA: 0.7878; F1: 0.8109; Kappa: 0.9432;
2025-09-09 12:32:06,600 - INFO - spatial_LccAccuracy: 0.7965; spatial_PA: 0.9841; spatial_UA: 0.9811; spatial_F1: 0.9826
2025-09-09 12:32:06,601 - INFO - temporal_CdAccuracy: 0.6556; temporal_PA: 0.8797; temporal_UA: 0.8783; temporal_F1: 0.879
2025-09-09 12:32:06,602 - INFO - Confusion Matrix
 [68457.	 1412.	   34.	   24.	   32.]
 [  870.	48626.	   65.	   28.	  120.]
 [    5.	  270.	 1927.	   50.	   81.]
 [   98.	  574.	  106.	  259.	  381.]
 [   40.	  210.	    2.	   32.	10457.]
2025-09-09 12:32:06,603 - INFO - model saved 43 times, last saved epoch: 45.

2025-09-09 12:32:08,520 - INFO - Epoch 47, Train loss: 0.06460291892290115.
2025-09-09 12:32:09,194 - INFO - mIoU: 0.7825; OA: 0.9698; AA: 0.8353; F1: 0.8547; Kappa: 0.9482;
2025-09-09 12:32:09,194 - INFO - spatial_LccAccuracy: 0.826; spatial_PA: 0.9827; spatial_UA: 0.9663; spatial_F1: 0.9744
2025-09-09 12:32:09,194 - INFO - temporal_CdAccuracy: 0.6521; temporal_PA: 0.8893; temporal_UA: 0.88; temporal_F1: 0.8846
2025-09-09 12:32:09,195 - INFO - Confusion Matrix
 [68574.	 1268.	   43.	   26.	   48.]
 [  863.	48509.	  162.	   49.	  126.]
 [   11.	  223.	 2027.	   37.	   35.]
 [  190.	  159.	  220.	  536.	  313.]
 [   46.	  205.	    4.	   26.	10460.]
2025-09-09 12:32:09,249 - INFO - Epoch 47 saved.
2025-09-09 12:32:09,250 - INFO - model saved 44 times, last saved epoch: 47.

2025-09-09 12:32:10,954 - INFO - Epoch 48, Train loss: 0.061468686908483505.
2025-09-09 12:32:11,635 - INFO - mIoU: 0.7797; OA: 0.9687; AA: 0.8253; F1: 0.8498; Kappa: 0.9462;
2025-09-09 12:32:11,635 - INFO - spatial_LccAccuracy: 0.8023; spatial_PA: 0.9724; spatial_UA: 0.9394; spatial_F1: 0.9556
2025-09-09 12:32:11,635 - INFO - temporal_CdAccuracy: 0.6418; temporal_PA: 0.8813; temporal_UA: 0.8624; temporal_F1: 0.8717
2025-09-09 12:32:11,636 - INFO - Confusion Matrix
 [68950.	  932.	   17.	   19.	   41.]
 [ 1337.	48084.	  148.	   50.	   90.]
 [   24.	  243.	 2006.	   43.	   17.]
 [  422.	   93.	  192.	  484.	  227.]
 [   44.	  242.	    1.	   11.	10443.]
2025-09-09 12:32:11,637 - INFO - model saved 44 times, last saved epoch: 47.

2025-09-09 12:32:13,415 - INFO - Epoch 49, Train loss: 0.060130953788757324.
2025-09-09 12:32:14,137 - INFO - mIoU: 0.7759; OA: 0.9695; AA: 0.8114; F1: 0.8393; Kappa: 0.9475;
2025-09-09 12:32:14,138 - INFO - spatial_LccAccuracy: 0.8175; spatial_PA: 0.9812; spatial_UA: 0.955; spatial_F1: 0.9679
2025-09-09 12:32:14,138 - INFO - temporal_CdAccuracy: 0.6525; temporal_PA: 0.8877; temporal_UA: 0.8896; temporal_F1: 0.8887
2025-09-09 12:32:14,139 - INFO - Confusion Matrix
 [68712.	 1203.	   25.	    3.	   16.]
 [ 1032.	48471.	   81.	   25.	  100.]
 [   28.	  242.	 2014.	   36.	   13.]
 [  298.	  415.	  114.	  367.	  224.]
 [   43.	  180.	    1.	   16.	10501.]
2025-09-09 12:32:14,140 - INFO - model saved 44 times, last saved epoch: 47.

2025-09-09 12:32:15,905 - INFO - Epoch 50, Train loss: 0.057447150349617004.
2025-09-09 12:32:16,557 - INFO - mIoU: 0.7935; OA: 0.9695; AA: 0.8425; F1: 0.8637; Kappa: 0.9477;
2025-09-09 12:32:16,558 - INFO - spatial_LccAccuracy: 0.8135; spatial_PA: 0.9778; spatial_UA: 0.9444; spatial_F1: 0.9608
2025-09-09 12:32:16,558 - INFO - temporal_CdAccuracy: 0.6373; temporal_PA: 0.8947; temporal_UA: 0.8697; temporal_F1: 0.882
2025-09-09 12:32:16,559 - INFO - Confusion Matrix
 [68363.	 1509.	   35.	   17.	   35.]
 [  823.	48584.	  146.	   52.	  104.]
 [   18.	  209.	 2072.	   15.	   19.]
 [  323.	   92.	  223.	  558.	  222.]
 [   34.	  200.	    4.	   14.	10489.]
2025-09-09 12:32:16,605 - INFO - Epoch 50 saved.
2025-09-09 12:32:16,605 - INFO - model saved 45 times, last saved epoch: 50.

2025-09-09 12:32:18,210 - INFO - Epoch 51, Train loss: 0.05630539730191231.
2025-09-09 12:32:18,871 - INFO - mIoU: 0.7904; OA: 0.969; AA: 0.828; F1: 0.8579; Kappa: 0.9466;
2025-09-09 12:32:18,871 - INFO - spatial_LccAccuracy: 0.8314; spatial_PA: 0.979; spatial_UA: 0.9633; spatial_F1: 0.9711
2025-09-09 12:32:18,871 - INFO - temporal_CdAccuracy: 0.6521; temporal_PA: 0.8881; temporal_UA: 0.8752; temporal_F1: 0.8816
2025-09-09 12:32:18,872 - INFO - Confusion Matrix
 [69093.	  833.	   13.	    3.	   17.]
 [ 1543.	47914.	  117.	   35.	  100.]
 [   33.	  220.	 2007.	   58.	   15.]
 [  295.	  320.	   90.	  499.	  214.]
 [   56.	  174.	    5.	   18.	10488.]
2025-09-09 12:32:18,873 - INFO - model saved 45 times, last saved epoch: 50.

2025-09-09 12:32:20,579 - INFO - Epoch 52, Train loss: 0.05355303734540939.
2025-09-09 12:32:21,299 - INFO - mIoU: 0.7959; OA: 0.9718; AA: 0.8293; F1: 0.8602; Kappa: 0.9515;
2025-09-09 12:32:21,300 - INFO - spatial_LccAccuracy: 0.8305; spatial_PA: 0.9799; spatial_UA: 0.9569; spatial_F1: 0.9683
2025-09-09 12:32:21,300 - INFO - temporal_CdAccuracy: 0.6628; temporal_PA: 0.8968; temporal_UA: 0.8962; temporal_F1: 0.8965
2025-09-09 12:32:21,301 - INFO - Confusion Matrix
 [68886.	 1035.	   21.	    6.	   11.]
 [ 1025.	48456.	   84.	   21.	  123.]
 [   32.	  233.	 2033.	   24.	   11.]
 [  449.	  238.	  102.	  475.	  154.]
 [   40.	  146.	    3.	   19.	10533.]
2025-09-09 12:32:21,369 - INFO - Epoch 52 saved.
2025-09-09 12:32:21,370 - INFO - model saved 46 times, last saved epoch: 52.

2025-09-09 12:32:22,971 - INFO - Epoch 53, Train loss: 0.05192942172288895.
2025-09-09 12:32:23,638 - INFO - mIoU: 0.8086; OA: 0.972; AA: 0.8474; F1: 0.8763; Kappa: 0.9519;
2025-09-09 12:32:23,638 - INFO - spatial_LccAccuracy: 0.8551; spatial_PA: 0.986; spatial_UA: 0.9743; spatial_F1: 0.9802
2025-09-09 12:32:23,639 - INFO - temporal_CdAccuracy: 0.6565; temporal_PA: 0.9004; temporal_UA: 0.8865; temporal_F1: 0.8934
2025-09-09 12:32:23,639 - INFO - Confusion Matrix
 [68443.	 1440.	   44.	   12.	   20.]
 [  714.	48790.	   80.	   22.	  103.]
 [    9.	  245.	 2037.	   22.	   20.]
 [  135.	  245.	  117.	  601.	  320.]
 [   27.	  171.	    4.	    9.	10530.]
2025-09-09 12:32:23,686 - INFO - Epoch 53 saved.
2025-09-09 12:32:23,686 - INFO - model saved 47 times, last saved epoch: 53.

2025-09-09 12:32:25,375 - INFO - Epoch 54, Train loss: 0.05068577453494072.
2025-09-09 12:32:26,031 - INFO - mIoU: 0.8117; OA: 0.9721; AA: 0.8477; F1: 0.8781; Kappa: 0.9521;
2025-09-09 12:32:26,032 - INFO - spatial_LccAccuracy: 0.8547; spatial_PA: 0.988; spatial_UA: 0.9776; spatial_F1: 0.9828
2025-09-09 12:32:26,032 - INFO - temporal_CdAccuracy: 0.6704; temporal_PA: 0.8994; temporal_UA: 0.8856; temporal_F1: 0.8924
2025-09-09 12:32:26,033 - INFO - Confusion Matrix
 [68569.	 1324.	   32.	   10.	   24.]
 [  837.	48682.	   77.	   20.	   93.]
 [   17.	  223.	 2040.	   34.	   19.]
 [  179.	  281.	   96.	  603.	  259.]
 [   34.	  172.	    4.	    9.	10522.]
2025-09-09 12:32:26,083 - INFO - Epoch 54 saved.
2025-09-09 12:32:26,083 - INFO - model saved 48 times, last saved epoch: 54.

2025-09-09 12:32:28,024 - INFO - Epoch 55, Train loss: 0.046931423246860504.
2025-09-09 12:32:28,716 - INFO - mIoU: 0.8148; OA: 0.9722; AA: 0.8531; F1: 0.8828; Kappa: 0.9522;
2025-09-09 12:32:28,717 - INFO - spatial_LccAccuracy: 0.8609; spatial_PA: 0.9865; spatial_UA: 0.9727; spatial_F1: 0.9796
2025-09-09 12:32:28,717 - INFO - temporal_CdAccuracy: 0.6588; temporal_PA: 0.8852; temporal_UA: 0.8773; temporal_F1: 0.8812
2025-09-09 12:32:28,717 - INFO - Confusion Matrix
 [68883.	 1006.	   44.	    8.	   18.]
 [ 1162.	48329.	   69.	   17.	  132.]
 [   17.	  253.	 2029.	   10.	   24.]
 [  180.	  214.	  157.	  650.	  217.]
 [   31.	  158.	    5.	   14.	10533.]
2025-09-09 12:32:28,759 - INFO - Epoch 55 saved.
2025-09-09 12:32:28,759 - INFO - model saved 49 times, last saved epoch: 55.

2025-09-09 12:32:30,344 - INFO - Epoch 56, Train loss: 0.04598060995340347.
2025-09-09 12:32:31,025 - INFO - mIoU: 0.8088; OA: 0.9721; AA: 0.8419; F1: 0.8773; Kappa: 0.9521;
2025-09-09 12:32:31,025 - INFO - spatial_LccAccuracy: 0.856; spatial_PA: 0.9862; spatial_UA: 0.9817; spatial_F1: 0.9839
2025-09-09 12:32:31,026 - INFO - temporal_CdAccuracy: 0.6637; temporal_PA: 0.8922; temporal_UA: 0.8841; temporal_F1: 0.8881
2025-09-09 12:32:31,026 - INFO - Confusion Matrix
 [68451.	 1459.	   30.	    8.	   11.]
 [  684.	48901.	   49.	    8.	   67.]
 [   18.	  306.	 1962.	   11.	   36.]
 [  107.	  295.	  109.	  609.	  298.]
 [   44.	  190.	    4.	   11.	10492.]
2025-09-09 12:32:31,027 - INFO - model saved 49 times, last saved epoch: 55.

2025-09-09 12:32:32,991 - INFO - Epoch 57, Train loss: 0.04556220397353172.
2025-09-09 12:32:33,682 - INFO - mIoU: 0.8287; OA: 0.9734; AA: 0.865; F1: 0.8946; Kappa: 0.9543;
2025-09-09 12:32:33,682 - INFO - spatial_LccAccuracy: 0.8681; spatial_PA: 0.9836; spatial_UA: 0.9691; spatial_F1: 0.9763
2025-09-09 12:32:33,683 - INFO - temporal_CdAccuracy: 0.6614; temporal_PA: 0.9067; temporal_UA: 0.8893; temporal_F1: 0.8979
2025-09-09 12:32:33,683 - INFO - Confusion Matrix
 [68725.	 1186.	   23.	   11.	   14.]
 [  929.	48573.	   95.	   15.	   97.]
 [   22.	  250.	 2025.	   19.	   17.]
 [  222.	  125.	  129.	  733.	  209.]
 [   36.	  162.	    3.	    7.	10533.]
2025-09-09 12:32:33,728 - INFO - Epoch 57 saved.
2025-09-09 12:32:33,729 - INFO - model saved 50 times, last saved epoch: 57.

2025-09-09 12:32:35,237 - INFO - Epoch 58, Train loss: 0.04325342923402786.
2025-09-09 12:32:36,057 - INFO - mIoU: 0.8433; OA: 0.9745; AA: 0.875; F1: 0.9053; Kappa: 0.9561;
2025-09-09 12:32:36,058 - INFO - spatial_LccAccuracy: 0.8743; spatial_PA: 0.9846; spatial_UA: 0.9831; spatial_F1: 0.9839
2025-09-09 12:32:36,058 - INFO - temporal_CdAccuracy: 0.6713; temporal_PA: 0.9152; temporal_UA: 0.8911; temporal_F1: 0.903
2025-09-09 12:32:36,059 - INFO - Confusion Matrix
 [69040.	  880.	   16.	    5.	   18.]
 [ 1205.	48300.	   76.	   16.	  112.]
 [   23.	  227.	 2048.	   24.	   11.]
 [  255.	  153.	   94.	  788.	  128.]
 [   23.	  146.	    4.	   10.	10558.]
2025-09-09 12:32:36,104 - INFO - Epoch 58 saved.
2025-09-09 12:32:36,105 - INFO - model saved 51 times, last saved epoch: 58.

2025-09-09 12:32:38,085 - INFO - Epoch 59, Train loss: 0.044063370674848557.
2025-09-09 12:32:38,800 - INFO - mIoU: 0.8437; OA: 0.9757; AA: 0.8809; F1: 0.906; Kappa: 0.9583;
2025-09-09 12:32:38,800 - INFO - spatial_LccAccuracy: 0.8895; spatial_PA: 0.9889; spatial_UA: 0.9844; spatial_F1: 0.9866
2025-09-09 12:32:38,800 - INFO - temporal_CdAccuracy: 0.6869; temporal_PA: 0.9184; temporal_UA: 0.9065; temporal_F1: 0.9124
2025-09-09 12:32:38,800 - INFO - Confusion Matrix
 [68897.	 1027.	   15.	   10.	   10.]
 [  943.	48574.	   91.	   22.	   79.]
 [   22.	  202.	 2088.	   14.	    7.]
 [  112.	  112.	  160.	  803.	  231.]
 [   37.	  152.	    4.	    7.	10541.]
2025-09-09 12:32:38,843 - INFO - Epoch 59 saved.
2025-09-09 12:32:38,844 - INFO - model saved 52 times, last saved epoch: 59.

2025-09-09 12:32:40,500 - INFO - Epoch 60, Train loss: 0.0391620434820652.
2025-09-09 12:32:41,224 - INFO - mIoU: 0.8536; OA: 0.9752; AA: 0.8787; F1: 0.9131; Kappa: 0.9574;
2025-09-09 12:32:41,224 - INFO - spatial_LccAccuracy: 0.8699; spatial_PA: 0.988; spatial_UA: 0.9813; spatial_F1: 0.9847
2025-09-09 12:32:41,225 - INFO - temporal_CdAccuracy: 0.6923; temporal_PA: 0.925; temporal_UA: 0.9063; temporal_F1: 0.9156
2025-09-09 12:32:41,226 - INFO - Confusion Matrix
 [68941.	  992.	   10.	    8.	    8.]
 [ 1085.	48501.	   37.	   11.	   75.]
 [   26.	  277.	 2006.	   19.	    5.]
 [  180.	  213.	   55.	  837.	  133.]
 [   38.	  141.	    2.	   11.	10549.]
2025-09-09 12:32:41,271 - INFO - Epoch 60 saved.
2025-09-09 12:32:41,272 - INFO - model saved 53 times, last saved epoch: 60.

2025-09-09 12:32:42,922 - INFO - Epoch 61, Train loss: 0.039107050746679306.
2025-09-09 12:32:43,679 - INFO - mIoU: 0.863; OA: 0.9762; AA: 0.8899; F1: 0.9197; Kappa: 0.9592;
2025-09-09 12:32:43,680 - INFO - spatial_LccAccuracy: 0.8828; spatial_PA: 0.9864; spatial_UA: 0.979; spatial_F1: 0.9827
2025-09-09 12:32:43,680 - INFO - temporal_CdAccuracy: 0.6968; temporal_PA: 0.931; temporal_UA: 0.9105; temporal_F1: 0.9207
2025-09-09 12:32:43,681 - INFO - Confusion Matrix
 [68932.	  996.	   12.	    7.	   12.]
 [  998.	48531.	   70.	   15.	   95.]
 [   31.	  210.	 2074.	   11.	    7.]
 [  249.	  157.	   67.	  873.	   72.]
 [   37.	  133.	    3.	    7.	10561.]
2025-09-09 12:32:43,728 - INFO - Epoch 61 saved.
2025-09-09 12:32:43,728 - INFO - model saved 54 times, last saved epoch: 61.

2025-09-09 12:32:45,130 - INFO - Epoch 62, Train loss: 0.03723986819386482.
2025-09-09 12:32:45,816 - INFO - mIoU: 0.8511; OA: 0.9748; AA: 0.8766; F1: 0.9115; Kappa: 0.9568;
2025-09-09 12:32:45,816 - INFO - spatial_LccAccuracy: 0.8734; spatial_PA: 0.9884; spatial_UA: 0.99; spatial_F1: 0.9892
2025-09-09 12:32:45,816 - INFO - temporal_CdAccuracy: 0.6941; temporal_PA: 0.9264; temporal_UA: 0.9111; temporal_F1: 0.9187
2025-09-09 12:32:45,817 - INFO - Confusion Matrix
 [68635.	 1297.	   10.	    8.	    9.]
 [  804.	48807.	   42.	    9.	   47.]
 [   22.	  284.	 2012.	   11.	    4.]
 [  108.	  256.	   62.	  822.	  170.]
 [   43.	  182.	    3.	    7.	10506.]
2025-09-09 12:32:45,818 - INFO - model saved 54 times, last saved epoch: 61.

2025-09-09 12:32:47,687 - INFO - Epoch 63, Train loss: 0.03659125417470932.
2025-09-09 12:32:48,445 - INFO - mIoU: 0.8704; OA: 0.9764; AA: 0.9024; F1: 0.9263; Kappa: 0.9596;
2025-09-09 12:32:48,445 - INFO - spatial_LccAccuracy: 0.894; spatial_PA: 0.9864; spatial_UA: 0.979; spatial_F1: 0.9827
2025-09-09 12:32:48,445 - INFO - temporal_CdAccuracy: 0.6963; temporal_PA: 0.9246; temporal_UA: 0.9113; temporal_F1: 0.9179
2025-09-09 12:32:48,446 - INFO - Confusion Matrix
 [68788.	 1111.	   28.	   18.	   14.]
 [  861.	48606.	   65.	   18.	  159.]
 [   16.	  258.	 2039.	    7.	   13.]
 [  117.	  100.	   87.	  981.	  133.]
 [   28.	  119.	    4.	    7.	10583.]
2025-09-09 12:32:48,492 - INFO - Epoch 63 saved.
2025-09-09 12:32:48,492 - INFO - model saved 55 times, last saved epoch: 63.

2025-09-09 12:32:50,181 - INFO - Epoch 64, Train loss: 0.0353754498064518.
2025-09-09 12:32:50,916 - INFO - mIoU: 0.8828; OA: 0.9764; AA: 0.9174; F1: 0.9347; Kappa: 0.9596;
2025-09-09 12:32:50,917 - INFO - spatial_LccAccuracy: 0.8855; spatial_PA: 0.9892; spatial_UA: 0.9854; spatial_F1: 0.9873
2025-09-09 12:32:50,917 - INFO - temporal_CdAccuracy: 0.7102; temporal_PA: 0.9371; temporal_UA: 0.9155; temporal_F1: 0.9262
2025-09-09 12:32:50,917 - INFO - Confusion Matrix
 [68550.	 1357.	   18.	   20.	   14.]
 [  746.	48754.	  116.	   21.	   72.]
 [   19.	  181.	 2108.	    9.	   16.]
 [   96.	   77.	   95.	 1053.	   97.]
 [   45.	  162.	    1.	    5.	10528.]
2025-09-09 12:32:50,968 - INFO - Epoch 64 saved.
2025-09-09 12:32:50,969 - INFO - model saved 56 times, last saved epoch: 64.

2025-09-09 12:32:52,927 - INFO - Epoch 65, Train loss: 0.03382451459765434.
2025-09-09 12:32:53,599 - INFO - mIoU: 0.8777; OA: 0.9765; AA: 0.918; F1: 0.9314; Kappa: 0.9597;
2025-09-09 12:32:53,599 - INFO - spatial_LccAccuracy: 0.8971; spatial_PA: 0.9895; spatial_UA: 0.9903; spatial_F1: 0.9899
2025-09-09 12:32:53,600 - INFO - temporal_CdAccuracy: 0.716; temporal_PA: 0.9377; temporal_UA: 0.9244; temporal_F1: 0.931
2025-09-09 12:32:53,601 - INFO - Confusion Matrix
 [68907.	  999.	   21.	   27.	    5.]
 [ 1037.	48451.	  126.	   33.	   62.]
 [   28.	  156.	 2117.	   28.	    4.]
 [   82.	   50.	  133.	 1060.	   93.]
 [   33.	  229.	    0.	    4.	10475.]
2025-09-09 12:32:53,602 - INFO - model saved 56 times, last saved epoch: 64.

2025-09-09 12:32:55,185 - INFO - Epoch 66, Train loss: 0.032337140291929245.
2025-09-09 12:32:55,911 - INFO - mIoU: 0.8707; OA: 0.9768; AA: 0.8913; F1: 0.9251; Kappa: 0.9601;
2025-09-09 12:32:55,911 - INFO - spatial_LccAccuracy: 0.8564; spatial_PA: 0.9878; spatial_UA: 0.984; spatial_F1: 0.9859
2025-09-09 12:32:55,912 - INFO - temporal_CdAccuracy: 0.6945; temporal_PA: 0.9322; temporal_UA: 0.9067; temporal_F1: 0.9193
2025-09-09 12:32:55,912 - INFO - Confusion Matrix
 [68964.	  977.	    8.	    4.	    6.]
 [  984.	48583.	   52.	    9.	   81.]
 [   37.	  246.	 2032.	   13.	    5.]
 [  219.	  225.	   12.	  907.	   55.]
 [   42.	  129.	    5.	    7.	10558.]
2025-09-09 12:32:55,914 - INFO - model saved 56 times, last saved epoch: 64.

2025-09-09 12:32:57,798 - INFO - Epoch 67, Train loss: 0.03155817836523056.
2025-09-09 12:32:58,501 - INFO - mIoU: 0.9011; OA: 0.9786; AA: 0.929; F1: 0.9461; Kappa: 0.9632;
2025-09-09 12:32:58,501 - INFO - spatial_LccAccuracy: 0.9021; spatial_PA: 0.9887; spatial_UA: 0.9871; spatial_F1: 0.9879
2025-09-09 12:32:58,501 - INFO - temporal_CdAccuracy: 0.7169; temporal_PA: 0.9327; temporal_UA: 0.9194; temporal_F1: 0.926
2025-09-09 12:32:58,502 - INFO - Confusion Matrix
 [69025.	  898.	   15.	   13.	    8.]
 [ 1060.	48459.	   62.	   22.	  106.]
 [   15.	  227.	 2063.	   12.	   16.]
 [  141.	   34.	   72.	 1154.	   17.]
 [   21.	  124.	    3.	    8.	10585.]
2025-09-09 12:32:58,546 - INFO - Epoch 67 saved.
2025-09-09 12:32:58,547 - INFO - model saved 57 times, last saved epoch: 67.

2025-09-09 12:33:00,412 - INFO - Epoch 68, Train loss: 0.03088046982884407.
2025-09-09 12:33:01,099 - INFO - mIoU: 0.8951; OA: 0.9778; AA: 0.9276; F1: 0.9425; Kappa: 0.9619;
2025-09-09 12:33:01,099 - INFO - spatial_LccAccuracy: 0.8945; spatial_PA: 0.9892; spatial_UA: 0.9892; spatial_F1: 0.9892
2025-09-09 12:33:01,099 - INFO - temporal_CdAccuracy: 0.72; temporal_PA: 0.9353; temporal_UA: 0.9189; temporal_F1: 0.927
2025-09-09 12:33:01,100 - INFO - Confusion Matrix
 [68781.	 1113.	   27.	   28.	   10.]
 [  893.	48600.	   96.	   18.	  102.]
 [    9.	  189.	 2113.	    8.	   14.]
 [   44.	   98.	   65.	 1117.	   94.]
 [   17.	  152.	    2.	    5.	10565.]
2025-09-09 12:33:01,101 - INFO - model saved 57 times, last saved epoch: 67.

2025-09-09 12:33:02,793 - INFO - Epoch 69, Train loss: 0.03012888878583908.
2025-09-09 12:33:03,577 - INFO - mIoU: 0.8969; OA: 0.9783; AA: 0.9168; F1: 0.9433; Kappa: 0.9627;
2025-09-09 12:33:03,578 - INFO - spatial_LccAccuracy: 0.8833; spatial_PA: 0.9879; spatial_UA: 0.9918; spatial_F1: 0.9899
2025-09-09 12:33:03,578 - INFO - temporal_CdAccuracy: 0.7196; temporal_PA: 0.9393; temporal_UA: 0.9167; temporal_F1: 0.9278
2025-09-09 12:33:03,579 - INFO - Confusion Matrix
 [69119.	  821.	    5.	   11.	    3.]
 [ 1117.	48483.	   56.	    8.	   45.]
 [   25.	  247.	 2037.	   13.	   11.]
 [   97.	  165.	    7.	 1089.	   60.]
 [   33.	  178.	    1.	    5.	10524.]
2025-09-09 12:33:03,580 - INFO - model saved 57 times, last saved epoch: 67.

2025-09-09 12:33:05,391 - INFO - Epoch 70, Train loss: 0.02900029718875885.
2025-09-09 12:33:06,098 - INFO - mIoU: 0.9074; OA: 0.9783; AA: 0.9326; F1: 0.95; Kappa: 0.9629;
2025-09-09 12:33:06,099 - INFO - spatial_LccAccuracy: 0.903; spatial_PA: 0.9892; spatial_UA: 0.9892; spatial_F1: 0.9892
2025-09-09 12:33:06,099 - INFO - temporal_CdAccuracy: 0.7299; temporal_PA: 0.9368; temporal_UA: 0.9288; temporal_F1: 0.9328
2025-09-09 12:33:06,100 - INFO - Confusion Matrix
 [68611.	 1296.	   22.	   20.	   10.]
 [  737.	48812.	   66.	   11.	   83.]
 [   13.	  208.	 2089.	    6.	   17.]
 [   41.	  122.	   21.	 1163.	   71.]
 [   24.	  132.	    2.	    6.	10577.]
2025-09-09 12:33:06,145 - INFO - Epoch 70 saved.
2025-09-09 12:33:06,146 - INFO - model saved 58 times, last saved epoch: 70.

2025-09-09 12:33:07,849 - INFO - Epoch 71, Train loss: 0.02662956714630127.
2025-09-09 12:33:08,594 - INFO - mIoU: 0.9136; OA: 0.9792; AA: 0.9353; F1: 0.9537; Kappa: 0.9643;
2025-09-09 12:33:08,595 - INFO - spatial_LccAccuracy: 0.903; spatial_PA: 0.9892; spatial_UA: 0.9892; spatial_F1: 0.9892
2025-09-09 12:33:08,595 - INFO - temporal_CdAccuracy: 0.7321; temporal_PA: 0.9387; temporal_UA: 0.9294; temporal_F1: 0.934
2025-09-09 12:33:08,596 - INFO - Confusion Matrix
 [68741.	 1183.	   19.	   14.	    2.]
 [  787.	48807.	   44.	   12.	   59.]
 [    9.	  248.	 2060.	    3.	   13.]
 [   49.	   98.	   20.	 1200.	   51.]
 [   33.	  139.	    4.	    8.	10557.]
2025-09-09 12:33:08,638 - INFO - Epoch 71 saved.
2025-09-09 12:33:08,638 - INFO - model saved 59 times, last saved epoch: 71.

2025-09-09 12:33:10,419 - INFO - Epoch 72, Train loss: 0.027065711095929146.
2025-09-09 12:33:11,140 - INFO - mIoU: 0.9189; OA: 0.9789; AA: 0.9408; F1: 0.9568; Kappa: 0.9638;
2025-09-09 12:33:11,140 - INFO - spatial_LccAccuracy: 0.8967; spatial_PA: 0.9889; spatial_UA: 0.9844; spatial_F1: 0.9866
2025-09-09 12:33:11,141 - INFO - temporal_CdAccuracy: 0.7263; temporal_PA: 0.9396; temporal_UA: 0.9273; temporal_F1: 0.9334
2025-09-09 12:33:11,141 - INFO - Confusion Matrix
 [68732.	 1202.	   12.	    9.	    4.]
 [  839.	48727.	   58.	   11.	   74.]
 [   22.	  231.	 2068.	    9.	    3.]
 [   91.	   39.	   22.	 1235.	   31.]
 [   37.	  129.	    3.	    5.	10567.]
2025-09-09 12:33:11,185 - INFO - Epoch 72 saved.
2025-09-09 12:33:11,186 - INFO - model saved 60 times, last saved epoch: 72.

2025-09-09 12:33:12,753 - INFO - Epoch 73, Train loss: 0.02515377849340439.
2025-09-09 12:33:13,430 - INFO - mIoU: 0.9218; OA: 0.9793; AA: 0.9503; F1: 0.9586; Kappa: 0.9645;
2025-09-09 12:33:13,430 - INFO - spatial_LccAccuracy: 0.9056; spatial_PA: 0.9911; spatial_UA: 0.9927; spatial_F1: 0.9919
2025-09-09 12:33:13,430 - INFO - temporal_CdAccuracy: 0.7281; temporal_PA: 0.9472; temporal_UA: 0.9221; temporal_F1: 0.9345
2025-09-09 12:33:13,431 - INFO - Confusion Matrix
 [68764.	 1144.	   21.	   21.	    9.]
 [  834.	48622.	   95.	   17.	  141.]
 [   15.	  197.	 2107.	    5.	    9.]
 [   39.	   30.	   25.	 1275.	   49.]
 [   20.	   97.	    4.	    6.	10614.]
2025-09-09 12:33:13,477 - INFO - Epoch 73 saved.
2025-09-09 12:33:13,477 - INFO - model saved 61 times, last saved epoch: 73.

2025-09-09 12:33:15,454 - INFO - Epoch 74, Train loss: 0.02429603412747383.
2025-09-09 12:33:16,210 - INFO - mIoU: 0.9262; OA: 0.9775; AA: 0.9503; F1: 0.9612; Kappa: 0.9615;
2025-09-09 12:33:16,210 - INFO - spatial_LccAccuracy: 0.9003; spatial_PA: 0.9905; spatial_UA: 0.9867; spatial_F1: 0.9886
2025-09-09 12:33:16,210 - INFO - temporal_CdAccuracy: 0.7196; temporal_PA: 0.9297; temporal_UA: 0.9231; temporal_F1: 0.9264
2025-09-09 12:33:16,211 - INFO - Confusion Matrix
 [68270.	 1635.	   16.	   24.	   14.]
 [  641.	48909.	   58.	   12.	   89.]
 [   17.	  202.	 2099.	    4.	   11.]
 [   63.	   37.	    5.	 1287.	   26.]
 [   28.	  131.	    3.	    6.	10573.]
2025-09-09 12:33:16,274 - INFO - Epoch 74 saved.
2025-09-09 12:33:16,275 - INFO - model saved 62 times, last saved epoch: 74.

2025-09-09 12:33:18,124 - INFO - Epoch 75, Train loss: 0.024672692641615868.
2025-09-09 12:33:18,865 - INFO - mIoU: 0.9234; OA: 0.9799; AA: 0.9561; F1: 0.9594; Kappa: 0.9656;
2025-09-09 12:33:18,865 - INFO - spatial_LccAccuracy: 0.9114; spatial_PA: 0.9903; spatial_UA: 0.9895; spatial_F1: 0.9899
2025-09-09 12:33:18,865 - INFO - temporal_CdAccuracy: 0.7312; temporal_PA: 0.9481; temporal_UA: 0.9294; temporal_F1: 0.9387
2025-09-09 12:33:18,866 - INFO - Confusion Matrix
 [69077.	  825.	   21.	   28.	    8.]
 [ 1073.	48355.	  138.	   34.	  109.]
 [   15.	  155.	 2150.	    9.	    4.]
 [   54.	   21.	    9.	 1295.	   39.]
 [   27.	  115.	    4.	    8.	10587.]
2025-09-09 12:33:18,867 - INFO - model saved 62 times, last saved epoch: 74.

2025-09-09 12:33:20,514 - INFO - Epoch 76, Train loss: 0.023580648005008698.
2025-09-09 12:33:21,255 - INFO - mIoU: 0.9195; OA: 0.9797; AA: 0.9474; F1: 0.9571; Kappa: 0.9651;
2025-09-09 12:33:21,255 - INFO - spatial_LccAccuracy: 0.9056; spatial_PA: 0.9884; spatial_UA: 0.9861; spatial_F1: 0.9872
2025-09-09 12:33:21,255 - INFO - temporal_CdAccuracy: 0.7276; temporal_PA: 0.944; temporal_UA: 0.9287; temporal_F1: 0.9363
2025-09-09 12:33:21,256 - INFO - Confusion Matrix
 [68988.	  941.	   12.	   17.	    1.]
 [ 1009.	48519.	   72.	   52.	   57.]
 [   18.	  180.	 2108.	   18.	    9.]
 [   88.	   38.	   20.	 1260.	   12.]
 [   32.	  149.	    1.	    2.	10557.]
2025-09-09 12:33:21,257 - INFO - model saved 62 times, last saved epoch: 74.

2025-09-09 12:33:22,820 - INFO - Epoch 77, Train loss: 0.022916419431567192.
2025-09-09 12:33:23,614 - INFO - mIoU: 0.917; OA: 0.9791; AA: 0.939; F1: 0.9557; Kappa: 0.9642;
2025-09-09 12:33:23,615 - INFO - spatial_LccAccuracy: 0.903; spatial_PA: 0.9914; spatial_UA: 0.9898; spatial_F1: 0.9906
2025-09-09 12:33:23,615 - INFO - temporal_CdAccuracy: 0.7299; temporal_PA: 0.9462; temporal_UA: 0.9278; temporal_F1: 0.9369
2025-09-09 12:33:23,616 - INFO - Confusion Matrix
 [68593.	 1331.	   15.	   15.	    5.]
 [  681.	48885.	   50.	   11.	   82.]
 [   15.	  244.	 2060.	    9.	    5.]
 [   46.	   84.	   11.	 1222.	   55.]
 [   27.	  114.	    2.	    5.	10593.]
2025-09-09 12:33:23,617 - INFO - model saved 62 times, last saved epoch: 74.

2025-09-09 12:33:25,405 - INFO - Epoch 78, Train loss: 0.021663352847099304.
2025-09-09 12:33:26,205 - INFO - mIoU: 0.9322; OA: 0.9802; AA: 0.9575; F1: 0.9644; Kappa: 0.966;
2025-09-09 12:33:26,205 - INFO - spatial_LccAccuracy: 0.915; spatial_PA: 0.9889; spatial_UA: 0.9882; spatial_F1: 0.9886
2025-09-09 12:33:26,206 - INFO - temporal_CdAccuracy: 0.7393; temporal_PA: 0.9471; temporal_UA: 0.9316; temporal_F1: 0.9393
2025-09-09 12:33:26,206 - INFO - Confusion Matrix
 [68936.	  979.	   24.	   15.	    5.]
 [  969.	48525.	   91.	   19.	  105.]
 [   11.	  199.	 2107.	    8.	    8.]
 [   43.	   16.	    2.	 1327.	   30.]
 [   34.	   96.	    4.	    4.	10603.]
2025-09-09 12:33:26,250 - INFO - Epoch 78 saved.
2025-09-09 12:33:26,250 - INFO - model saved 63 times, last saved epoch: 78.

2025-09-09 12:33:27,728 - INFO - Epoch 79, Train loss: 0.021205037832260132.
2025-09-09 12:33:28,409 - INFO - mIoU: 0.9311; OA: 0.9806; AA: 0.9509; F1: 0.9637; Kappa: 0.9667;
2025-09-09 12:33:28,409 - INFO - spatial_LccAccuracy: 0.9083; spatial_PA: 0.9877; spatial_UA: 0.9947; spatial_F1: 0.9912
2025-09-09 12:33:28,410 - INFO - temporal_CdAccuracy: 0.7397; temporal_PA: 0.945; temporal_UA: 0.9291; temporal_F1: 0.937
2025-09-09 12:33:28,410 - INFO - Confusion Matrix
 [69155.	  783.	    8.	   12.	    1.]
 [ 1117.	48453.	   60.	   12.	   67.]
 [   21.	  236.	 2060.	    6.	   10.]
 [   39.	   29.	    5.	 1310.	   35.]
 [   25.	  135.	    1.	    5.	10575.]
2025-09-09 12:33:28,413 - INFO - model saved 63 times, last saved epoch: 78.

2025-09-09 12:33:30,015 - INFO - Epoch 80, Train loss: 0.020337378606200218.
2025-09-09 12:33:30,719 - INFO - mIoU: 0.9346; OA: 0.9807; AA: 0.9569; F1: 0.9657; Kappa: 0.9669;
2025-09-09 12:33:30,720 - INFO - spatial_LccAccuracy: 0.9043; spatial_PA: 0.9887; spatial_UA: 0.9871; spatial_F1: 0.9879
2025-09-09 12:33:30,720 - INFO - temporal_CdAccuracy: 0.7343; temporal_PA: 0.9501; temporal_UA: 0.9353; temporal_F1: 0.9426
2025-09-09 12:33:30,721 - INFO - Confusion Matrix
 [68803.	 1117.	   17.	   15.	    7.]
 [  798.	48748.	   82.	   11.	   70.]
 [   14.	  187.	 2121.	    6.	    5.]
 [   55.	   35.	    1.	 1313.	   14.]
 [   28.	  121.	    3.	    6.	10583.]
2025-09-09 12:33:30,764 - INFO - Epoch 80 saved.
2025-09-09 12:33:30,764 - INFO - model saved 64 times, last saved epoch: 80.

2025-09-09 12:33:32,654 - INFO - Epoch 81, Train loss: 0.019692929461598396.
2025-09-09 12:33:33,391 - INFO - mIoU: 0.9379; OA: 0.9812; AA: 0.9567; F1: 0.9675; Kappa: 0.9678;
2025-09-09 12:33:33,391 - INFO - spatial_LccAccuracy: 0.9114; spatial_PA: 0.9879; spatial_UA: 0.9918; spatial_F1: 0.9899
2025-09-09 12:33:33,391 - INFO - temporal_CdAccuracy: 0.7375; temporal_PA: 0.9485; temporal_UA: 0.9307; temporal_F1: 0.9395
2025-09-09 12:33:33,392 - INFO - Confusion Matrix
 [68856.	 1076.	   18.	    9.	    0.]
 [  803.	48781.	   60.	   10.	   55.]
 [   17.	  218.	 2090.	    5.	    3.]
 [   55.	   22.	    1.	 1329.	   11.]
 [   30.	  125.	    1.	    4.	10581.]
2025-09-09 12:33:33,444 - INFO - Epoch 81 saved.
2025-09-09 12:33:33,444 - INFO - model saved 65 times, last saved epoch: 81.

2025-09-09 12:33:35,299 - INFO - Epoch 82, Train loss: 0.01912587322294712.
2025-09-09 12:33:36,016 - INFO - mIoU: 0.9334; OA: 0.9799; AA: 0.9561; F1: 0.9651; Kappa: 0.9656;
2025-09-09 12:33:36,017 - INFO - spatial_LccAccuracy: 0.9034; spatial_PA: 0.9903; spatial_UA: 0.9895; spatial_F1: 0.9899
2025-09-09 12:33:36,017 - INFO - temporal_CdAccuracy: 0.7326; temporal_PA: 0.9437; temporal_UA: 0.9292; temporal_F1: 0.9364
2025-09-09 12:33:36,018 - INFO - Confusion Matrix
 [68529.	 1392.	   12.	   18.	    8.]
 [  634.	48911.	   81.	   12.	   71.]
 [   22.	  172.	 2131.	    3.	    5.]
 [   37.	   45.	    0.	 1301.	   35.]
 [   23.	  123.	    1.	    5.	10589.]
2025-09-09 12:33:36,019 - INFO - model saved 65 times, last saved epoch: 81.

2025-09-09 12:33:37,736 - INFO - Epoch 83, Train loss: 0.01830061711370945.
2025-09-09 12:33:38,428 - INFO - mIoU: 0.9341; OA: 0.9809; AA: 0.9578; F1: 0.9654; Kappa: 0.9672;
2025-09-09 12:33:38,429 - INFO - spatial_LccAccuracy: 0.911; spatial_PA: 0.9877; spatial_UA: 0.9947; spatial_F1: 0.9912
2025-09-09 12:33:38,429 - INFO - temporal_CdAccuracy: 0.7411; temporal_PA: 0.9468; temporal_UA: 0.9356; temporal_F1: 0.9412
2025-09-09 12:33:38,430 - INFO - Confusion Matrix
 [69038.	  869.	   22.	   18.	   12.]
 [ 1020.	48506.	   84.	   13.	   86.]
 [   15.	  191.	 2113.	    7.	    7.]
 [   37.	   28.	    0.	 1322.	   31.]
 [   22.	   97.	    3.	    5.	10614.]
2025-09-09 12:33:38,431 - INFO - model saved 65 times, last saved epoch: 81.

2025-09-09 12:33:40,012 - INFO - Epoch 84, Train loss: 0.018485218286514282.
2025-09-09 12:33:40,742 - INFO - mIoU: 0.9401; OA: 0.9815; AA: 0.9662; F1: 0.9687; Kappa: 0.9683;
2025-09-09 12:33:40,742 - INFO - spatial_LccAccuracy: 0.9132; spatial_PA: 0.9901; spatial_UA: 0.9924; spatial_F1: 0.9912
2025-09-09 12:33:40,742 - INFO - temporal_CdAccuracy: 0.7375; temporal_PA: 0.9493; temporal_UA: 0.9308; temporal_F1: 0.94
2025-09-09 12:33:40,743 - INFO - Confusion Matrix
 [69103.	  819.	   18.	   17.	    2.]
 [ 1031.	48466.	  111.	   21.	   80.]
 [   23.	  133.	 2164.	   11.	    2.]
 [   44.	   12.	    0.	 1354.	    8.]
 [   32.	  111.	    4.	    6.	10588.]
2025-09-09 12:33:40,797 - INFO - Epoch 84 saved.
2025-09-09 12:33:40,797 - INFO - model saved 66 times, last saved epoch: 84.

2025-09-09 12:33:42,372 - INFO - Epoch 85, Train loss: 0.017995035275816917.
2025-09-09 12:33:43,134 - INFO - mIoU: 0.9373; OA: 0.9801; AA: 0.9636; F1: 0.9672; Kappa: 0.966;
2025-09-09 12:33:43,134 - INFO - spatial_LccAccuracy: 0.9137; spatial_PA: 0.9914; spatial_UA: 0.9937; spatial_F1: 0.9926
2025-09-09 12:33:43,134 - INFO - temporal_CdAccuracy: 0.7352; temporal_PA: 0.9483; temporal_UA: 0.9305; temporal_F1: 0.9393
2025-09-09 12:33:43,135 - INFO - Confusion Matrix
 [68987.	  939.	   13.	    7.	   13.]
 [ 1050.	48400.	  124.	   21.	  114.]
 [   23.	  152.	 2142.	    7.	    9.]
 [   46.	   17.	    2.	 1349.	    4.]
 [   23.	   90.	    3.	    7.	10618.]
2025-09-09 12:33:43,135 - INFO - model saved 66 times, last saved epoch: 84.

2025-09-09 12:33:44,590 - INFO - Epoch 86, Train loss: 0.016849763691425323.
2025-09-09 12:33:45,273 - INFO - mIoU: 0.9363; OA: 0.981; AA: 0.9562; F1: 0.9667; Kappa: 0.9675;
2025-09-09 12:33:45,273 - INFO - spatial_LccAccuracy: 0.9074; spatial_PA: 0.9879; spatial_UA: 0.9918; spatial_F1: 0.9899
2025-09-09 12:33:45,274 - INFO - temporal_CdAccuracy: 0.7451; temporal_PA: 0.9451; temporal_UA: 0.9358; temporal_F1: 0.9405
2025-09-09 12:33:45,275 - INFO - Confusion Matrix
 [68955.	  973.	   16.	   12.	    3.]
 [  909.	48653.	   64.	    7.	   76.]
 [   18.	  208.	 2099.	    4.	    4.]
 [   36.	   39.	    0.	 1320.	   23.]
 [   31.	  111.	    3.	    7.	10589.]
2025-09-09 12:33:45,276 - INFO - model saved 66 times, last saved epoch: 84.

2025-09-09 12:33:47,175 - INFO - Epoch 87, Train loss: 0.017580484971404076.
2025-09-09 12:33:47,887 - INFO - mIoU: 0.9345; OA: 0.9792; AA: 0.9673; F1: 0.9656; Kappa: 0.9645;
2025-09-09 12:33:47,887 - INFO - spatial_LccAccuracy: 0.9146; spatial_PA: 0.99; spatial_UA: 0.9885; spatial_F1: 0.9892
2025-09-09 12:33:47,888 - INFO - temporal_CdAccuracy: 0.7335; temporal_PA: 0.9502; temporal_UA: 0.9297; temporal_F1: 0.9398
2025-09-09 12:33:47,888 - INFO - Confusion Matrix
 [68544.	 1362.	   22.	   18.	   13.]
 [  704.	48708.	  183.	   24.	   90.]
 [   17.	  131.	 2173.	    8.	    4.]
 [   39.	   14.	    1.	 1361.	    3.]
 [   27.	  121.	    2.	    5.	10586.]
2025-09-09 12:33:47,890 - INFO - model saved 66 times, last saved epoch: 84.

2025-09-09 12:33:49,570 - INFO - Epoch 88, Train loss: 0.01566416397690773.
2025-09-09 12:33:50,255 - INFO - mIoU: 0.9362; OA: 0.98; AA: 0.9559; F1: 0.9666; Kappa: 0.9657;
2025-09-09 12:33:50,255 - INFO - spatial_LccAccuracy: 0.9119; spatial_PA: 0.9906; spatial_UA: 0.9906; spatial_F1: 0.9906
2025-09-09 12:33:50,256 - INFO - temporal_CdAccuracy: 0.7352; temporal_PA: 0.9471; temporal_UA: 0.9313; temporal_F1: 0.9391
2025-09-09 12:33:50,256 - INFO - Confusion Matrix
 [69042.	  902.	    6.	    5.	    4.]
 [ 1109.	48468.	   80.	   15.	   37.]
 [   29.	  177.	 2117.	    9.	    1.]
 [   53.	   42.	    1.	 1318.	    4.]
 [   35.	  167.	    1.	    2.	10536.]
2025-09-09 12:33:50,258 - INFO - model saved 66 times, last saved epoch: 84.

2025-09-09 12:33:52,132 - INFO - Epoch 89, Train loss: 0.01565580442547798.
2025-09-09 12:33:52,867 - INFO - mIoU: 0.9414; OA: 0.9817; AA: 0.9622; F1: 0.9695; Kappa: 0.9686;
2025-09-09 12:33:52,868 - INFO - spatial_LccAccuracy: 0.9164; spatial_PA: 0.9909; spatial_UA: 0.9916; spatial_F1: 0.9912
2025-09-09 12:33:52,868 - INFO - temporal_CdAccuracy: 0.7437; temporal_PA: 0.9498; temporal_UA: 0.9376; temporal_F1: 0.9436
2025-09-09 12:33:52,869 - INFO - Confusion Matrix
 [68872.	 1060.	   12.	   11.	    4.]
 [  790.	48764.	   71.	   17.	   67.]
 [   26.	  160.	 2134.	    7.	    6.]
 [   37.	   31.	    1.	 1339.	   10.]
 [   26.	  115.	    1.	    4.	10595.]
2025-09-09 12:33:52,912 - INFO - Epoch 89 saved.
2025-09-09 12:33:52,912 - INFO - model saved 67 times, last saved epoch: 89.

2025-09-09 12:33:54,590 - INFO - Epoch 90, Train loss: 0.015115020796656609.
2025-09-09 12:33:55,279 - INFO - mIoU: 0.9409; OA: 0.9813; AA: 0.9649; F1: 0.9692; Kappa: 0.968;
2025-09-09 12:33:55,279 - INFO - spatial_LccAccuracy: 0.9155; spatial_PA: 0.9896; spatial_UA: 0.9942; spatial_F1: 0.9919
2025-09-09 12:33:55,279 - INFO - temporal_CdAccuracy: 0.7433; temporal_PA: 0.9447; temporal_UA: 0.9321; temporal_F1: 0.9384
2025-09-09 12:33:55,280 - INFO - Confusion Matrix
 [68883.	 1025.	   27.	   22.	    2.]
 [  868.	48645.	   87.	   11.	   98.]
 [    5.	  171.	 2148.	    4.	    5.]
 [   32.	   21.	    0.	 1349.	   16.]
 [   25.	   83.	    2.	    5.	10626.]
2025-09-09 12:33:55,281 - INFO - model saved 67 times, last saved epoch: 89.

2025-09-09 12:33:56,978 - INFO - Epoch 91, Train loss: 0.014784259721636772.
2025-09-09 12:33:57,765 - INFO - mIoU: 0.9336; OA: 0.9807; AA: 0.9492; F1: 0.9651; Kappa: 0.9669;
2025-09-09 12:33:57,765 - INFO - spatial_LccAccuracy: 0.8989; spatial_PA: 0.9889; spatial_UA: 0.9882; spatial_F1: 0.9886
2025-09-09 12:33:57,765 - INFO - temporal_CdAccuracy: 0.7348; temporal_PA: 0.9434; temporal_UA: 0.933; temporal_F1: 0.9382
2025-09-09 12:33:57,766 - INFO - Confusion Matrix
 [68879.	 1061.	   12.	    4.	    3.]
 [  825.	48804.	   40.	    4.	   36.]
 [   15.	  252.	 2059.	    5.	    2.]
 [   44.	   68.	    1.	 1300.	    5.]
 [   33.	  171.	    1.	    5.	10531.]
2025-09-09 12:33:57,767 - INFO - model saved 67 times, last saved epoch: 89.

