2025-09-09 11:51:41,818 - INFO - Epoch 0, Train loss: 1.640413761138916.
2025-09-09 11:51:42,623 - INFO - mIoU: 0.0858; OA: 0.1959; AA: 0.2531; F1: 0.1519; Kappa: 0.0288;
2025-09-09 11:51:42,623 - INFO - spatial_LccAccuracy: 0.0; spatial_PA: 0.5; spatial_UA: 0.646; spatial_F1: 0.5637
2025-09-09 11:51:42,623 - INFO - temporal_CdAccuracy: 0.0; temporal_PA: 0.6686; temporal_UA: 0.5192; temporal_F1: 0.5845
2025-09-09 11:51:42,624 - INFO - Confusion Matrix
 [12257.	10406.	26366.	 4072.	15087.]
 [ 8876.	 9404.	21241.	 5077.	 7667.]
 [  401.	  217.	 1160.	  211.	  177.]
 [  173.	  197.	  451.	   49.	  359.]
 [ 1813.	  631.	 4226.	  234.	 3408.]
2025-09-09 11:51:42,673 - INFO - Epoch 0 saved.
2025-09-09 11:51:42,673 - INFO - model saved 1 times, last saved epoch: 0.

2025-09-09 11:51:44,497 - INFO - Epoch 1, Train loss: 1.616828441619873.
2025-09-09 11:51:45,250 - INFO - mIoU: 0.1002; OA: 0.2453; AA: 0.2241; F1: 0.1728; Kappa: 0.0152;
2025-09-09 11:51:45,250 - INFO - spatial_LccAccuracy: 0.0; spatial_PA: 0.5; spatial_UA: 0.646; spatial_F1: 0.5637
2025-09-09 11:51:45,251 - INFO - temporal_CdAccuracy: 0.0; temporal_PA: 0.7092; temporal_UA: 0.522; temporal_F1: 0.6014
2025-09-09 11:51:45,251 - INFO - Confusion Matrix
 [13306.	21726.	15465.	 7417.	10274.]
 [10139.	15814.	11915.	 7224.	 7173.]
 [  496.	  467.	  541.	  303.	  359.]
 [  226.	  412.	   72.	   82.	  437.]
 [ 1193.	 3103.	 2469.	  386.	 3161.]
2025-09-09 11:51:45,297 - INFO - Epoch 1 saved.
2025-09-09 11:51:45,297 - INFO - model saved 2 times, last saved epoch: 1.

2025-09-09 11:51:46,985 - INFO - Epoch 2, Train loss: 1.5714770555496216.
2025-09-09 11:51:47,675 - INFO - mIoU: 0.1146; OA: 0.2789; AA: 0.2462; F1: 0.1943; Kappa: 0.0323;
2025-09-09 11:51:47,675 - INFO - spatial_LccAccuracy: 0.0; spatial_PA: 0.5; spatial_UA: 0.646; spatial_F1: 0.5637
2025-09-09 11:51:47,675 - INFO - temporal_CdAccuracy: 0.0; temporal_PA: 0.6722; temporal_UA: 0.5201; temporal_F1: 0.5864
2025-09-09 11:51:47,676 - INFO - Confusion Matrix
 [17578.	22616.	11036.	 9094.	 7864.]
 [10607.	16252.	10221.	10279.	 4906.]
 [  561.	  511.	  495.	  313.	  286.]
 [  213.	  407.	  209.	  186.	  214.]
 [ 1442.	 3664.	 1949.	  345.	 2912.]
2025-09-09 11:51:47,753 - INFO - Epoch 2 saved.
2025-09-09 11:51:47,754 - INFO - model saved 3 times, last saved epoch: 2.

2025-09-09 11:51:49,329 - INFO - Epoch 3, Train loss: 1.5355634689331055.
2025-09-09 11:51:50,079 - INFO - mIoU: 0.1295; OA: 0.3083; AA: 0.2776; F1: 0.2161; Kappa: 0.0588;
2025-09-09 11:51:50,080 - INFO - spatial_LccAccuracy: 0.0; spatial_PA: 0.5; spatial_UA: 0.646; spatial_F1: 0.5637
2025-09-09 11:51:50,080 - INFO - temporal_CdAccuracy: 0.0; temporal_PA: 0.6452; temporal_UA: 0.5171; temporal_F1: 0.5741
2025-09-09 11:51:50,081 - INFO - Confusion Matrix
 [17897.	26362.	 9883.	 5861.	 8185.]
 [ 8479.	19070.	10021.	10184.	 4511.]
 [  504.	  656.	  474.	  237.	  295.]
 [  189.	  400.	  247.	  225.	  168.]
 [ 1192.	 3291.	 1937.	  195.	 3697.]
2025-09-09 11:51:50,126 - INFO - Epoch 3 saved.
2025-09-09 11:51:50,127 - INFO - model saved 4 times, last saved epoch: 3.

2025-09-09 11:51:51,854 - INFO - Epoch 4, Train loss: 1.492790937423706.
2025-09-09 11:51:52,565 - INFO - mIoU: 0.1407; OA: 0.3367; AA: 0.2865; F1: 0.2306; Kappa: 0.093;
2025-09-09 11:51:52,565 - INFO - spatial_LccAccuracy: 0.0; spatial_PA: 0.5; spatial_UA: 0.646; spatial_F1: 0.5637
2025-09-09 11:51:52,565 - INFO - temporal_CdAccuracy: 0.0; temporal_PA: 0.6222; temporal_UA: 0.5152; temporal_F1: 0.5637
2025-09-09 11:51:52,566 - INFO - Confusion Matrix
 [18166.	28931.	 9483.	 3918.	 7690.]
 [ 5433.	22686.	10055.	10039.	 4052.]
 [  275.	  991.	  411.	  183.	  306.]
 [  149.	  426.	  257.	  228.	  169.]
 [ 1452.	 1813.	 2600.	  770.	 3677.]
2025-09-09 11:51:52,614 - INFO - Epoch 4 saved.
2025-09-09 11:51:52,614 - INFO - model saved 5 times, last saved epoch: 4.

2025-09-09 11:51:54,239 - INFO - Epoch 5, Train loss: 1.4441936016082764.
2025-09-09 11:51:54,985 - INFO - mIoU: 0.1508; OA: 0.3709; AA: 0.2916; F1: 0.2429; Kappa: 0.1215;
2025-09-09 11:51:54,985 - INFO - spatial_LccAccuracy: 0.0; spatial_PA: 0.5; spatial_UA: 0.646; spatial_F1: 0.5637
2025-09-09 11:51:54,985 - INFO - temporal_CdAccuracy: 0.0; temporal_PA: 0.6192; temporal_UA: 0.5158; temporal_F1: 0.5628
2025-09-09 11:51:54,986 - INFO - Confusion Matrix
 [20167.	30126.	 8027.	 2066.	 7802.]
 [ 4197.	25360.	 9487.	 8316.	 4905.]
 [  294.	 1056.	  366.	  126.	  324.]
 [   35.	  522.	  295.	  186.	  191.]
 [ 1480.	 2100.	 2087.	  966.	 3679.]
2025-09-09 11:51:55,030 - INFO - Epoch 5 saved.
2025-09-09 11:51:55,030 - INFO - model saved 6 times, last saved epoch: 5.

2025-09-09 11:51:56,773 - INFO - Epoch 6, Train loss: 1.396578073501587.
2025-09-09 11:51:57,489 - INFO - mIoU: 0.1669; OA: 0.4089; AA: 0.309; F1: 0.2635; Kappa: 0.1539;
2025-09-09 11:51:57,489 - INFO - spatial_LccAccuracy: 0.0; spatial_PA: 0.5; spatial_UA: 0.646; spatial_F1: 0.5637
2025-09-09 11:51:57,489 - INFO - temporal_CdAccuracy: 0.0; temporal_PA: 0.6077; temporal_UA: 0.5154; temporal_F1: 0.5578
2025-09-09 11:51:57,489 - INFO - Confusion Matrix
 [23403.	30909.	 6202.	 1397.	 6277.]
 [ 3784.	27021.	 8669.	 7204.	 5587.]
 [  323.	 1006.	  352.	  104.	  381.]
 [   50.	  509.	  319.	  176.	  175.]
 [ 1666.	 2058.	 1894.	  783.	 3911.]
2025-09-09 11:51:57,545 - INFO - Epoch 6 saved.
2025-09-09 11:51:57,545 - INFO - model saved 7 times, last saved epoch: 6.

2025-09-09 11:51:59,089 - INFO - Epoch 7, Train loss: 1.3493109941482544.
2025-09-09 11:51:59,789 - INFO - mIoU: 0.1944; OA: 0.4598; AA: 0.3328; F1: 0.297; Kappa: 0.2041;
2025-09-09 11:51:59,789 - INFO - spatial_LccAccuracy: 0.0; spatial_PA: 0.5; spatial_UA: 0.646; spatial_F1: 0.5637
2025-09-09 11:51:59,789 - INFO - temporal_CdAccuracy: 0.0; temporal_PA: 0.6334; temporal_UA: 0.5195; temporal_F1: 0.5708
2025-09-09 11:51:59,790 - INFO - Confusion Matrix
 [27940.	30818.	 4780.	  758.	 3892.]
 [ 3779.	28630.	 7417.	 6913.	 5526.]
 [  432.	  900.	  359.	   81.	  394.]
 [  260.	  508.	  300.	  111.	   50.]
 [ 1894.	 1349.	 1726.	  699.	 4644.]
2025-09-09 11:51:59,873 - INFO - Epoch 7 saved.
2025-09-09 11:51:59,874 - INFO - model saved 8 times, last saved epoch: 7.

2025-09-09 11:52:01,559 - INFO - Epoch 8, Train loss: 1.3028854131698608.
2025-09-09 11:52:02,279 - INFO - mIoU: 0.2244; OA: 0.5083; AA: 0.3552; F1: 0.3307; Kappa: 0.26;
2025-09-09 11:52:02,280 - INFO - spatial_LccAccuracy: 0.0004; spatial_PA: 0.5; spatial_UA: 0.646; spatial_F1: 0.5637
2025-09-09 11:52:02,280 - INFO - temporal_CdAccuracy: 0.0; temporal_PA: 0.6323; temporal_UA: 0.5217; temporal_F1: 0.5717
2025-09-09 11:52:02,281 - INFO - Confusion Matrix
 [32196.	29317.	 3965.	  524.	 2186.]
 [ 3860.	30227.	 6086.	 7102.	 4990.]
 [  517.	  829.	  385.	   66.	  369.]
 [  403.	  510.	  278.	   36.	    2.]
 [ 1623.	 1042.	 1782.	  519.	 5346.]
2025-09-09 11:52:02,331 - INFO - Epoch 8 saved.
2025-09-09 11:52:02,332 - INFO - model saved 9 times, last saved epoch: 8.

2025-09-09 11:52:03,822 - INFO - Epoch 9, Train loss: 1.2578895092010498.
2025-09-09 11:52:04,634 - INFO - mIoU: 0.2468; OA: 0.5371; AA: 0.3776; F1: 0.3555; Kappa: 0.2958;
2025-09-09 11:52:04,634 - INFO - spatial_LccAccuracy: 0.0; spatial_PA: 0.5; spatial_UA: 0.646; spatial_F1: 0.5637
2025-09-09 11:52:04,634 - INFO - temporal_CdAccuracy: 0.0; temporal_PA: 0.6245; temporal_UA: 0.5209; temporal_F1: 0.568
2025-09-09 11:52:04,635 - INFO - Confusion Matrix
 [34224.	28495.	 3348.	  343.	 1778.]
 [ 3794.	31433.	 5033.	 7812.	 4193.]
 [  640.	  754.	  424.	   65.	  283.]
 [  440.	  514.	  263.	   12.	    0.]
 [ 1432.	  908.	 1579.	  423.	 5970.]
2025-09-09 11:52:04,686 - INFO - Epoch 9 saved.
2025-09-09 11:52:04,686 - INFO - model saved 10 times, last saved epoch: 9.

2025-09-09 11:52:06,549 - INFO - Epoch 10, Train loss: 1.2144880294799805.
2025-09-09 11:52:07,264 - INFO - mIoU: 0.2773; OA: 0.5688; AA: 0.4199; F1: 0.3894; Kappa: 0.3393;
2025-09-09 11:52:07,265 - INFO - spatial_LccAccuracy: 0.0; spatial_PA: 0.5; spatial_UA: 0.646; spatial_F1: 0.5637
2025-09-09 11:52:07,265 - INFO - temporal_CdAccuracy: 0.0; temporal_PA: 0.6325; temporal_UA: 0.5263; temporal_F1: 0.5745
2025-09-09 11:52:07,266 - INFO - Confusion Matrix
 [36490.	27012.	 2745.	  363.	 1578.]
 [ 3784.	32315.	 3825.	 8760.	 3581.]
 [  640.	  631.	  569.	   61.	  265.]
 [  465.	  523.	  225.	   16.	    0.]
 [  907.	  946.	 1356.	  189.	 6914.]
2025-09-09 11:52:07,316 - INFO - Epoch 10 saved.
2025-09-09 11:52:07,316 - INFO - model saved 11 times, last saved epoch: 10.

2025-09-09 11:52:08,739 - INFO - Epoch 11, Train loss: 1.1722261905670166.
2025-09-09 11:52:09,431 - INFO - mIoU: 0.3054; OA: 0.5827; AA: 0.4481; F1: 0.4179; Kappa: 0.3607;
2025-09-09 11:52:09,432 - INFO - spatial_LccAccuracy: 0.0; spatial_PA: 0.5; spatial_UA: 0.646; spatial_F1: 0.5637
2025-09-09 11:52:09,432 - INFO - temporal_CdAccuracy: 0.0; temporal_PA: 0.6214; temporal_UA: 0.5249; temporal_F1: 0.5691
2025-09-09 11:52:09,433 - INFO - Confusion Matrix
 [37255.	26706.	 2542.	  419.	 1266.]
 [ 3563.	32595.	 3416.	10436.	 2255.]
 [  607.	  547.	  668.	  115.	  229.]
 [  458.	  619.	  125.	   27.	    0.]
 [  567.	  920.	  998.	  196.	 7631.]
2025-09-09 11:52:09,479 - INFO - Epoch 11 saved.
2025-09-09 11:52:09,480 - INFO - model saved 12 times, last saved epoch: 11.

2025-09-09 11:52:11,245 - INFO - Epoch 12, Train loss: 1.1297153234481812.
2025-09-09 11:52:11,969 - INFO - mIoU: 0.3353; OA: 0.6109; AA: 0.4871; F1: 0.4499; Kappa: 0.3993;
2025-09-09 11:52:11,969 - INFO - spatial_LccAccuracy: 0.0018; spatial_PA: 0.5; spatial_UA: 0.646; spatial_F1: 0.5637
2025-09-09 11:52:11,970 - INFO - temporal_CdAccuracy: 0.0004; temporal_PA: 0.6397; temporal_UA: 0.5344; temporal_F1: 0.5823
2025-09-09 11:52:11,970 - INFO - Confusion Matrix
 [39882.	24702.	 2207.	  362.	 1035.]
 [ 3715.	33138.	 2729.	10836.	 1847.]
 [  557.	  424.	  852.	  152.	  181.]
 [  447.	  629.	   99.	   54.	    0.]
 [  500.	  852.	  716.	  206.	 8038.]
2025-09-09 11:52:12,016 - INFO - Epoch 12 saved.
2025-09-09 11:52:12,016 - INFO - model saved 13 times, last saved epoch: 12.

2025-09-09 11:52:13,504 - INFO - Epoch 13, Train loss: 1.0877125263214111.
2025-09-09 11:52:14,209 - INFO - mIoU: 0.363; OA: 0.626; AA: 0.518; F1: 0.4775; Kappa: 0.4211;
2025-09-09 11:52:14,209 - INFO - spatial_LccAccuracy: 0.004; spatial_PA: 0.5032; spatial_UA: 0.8966; spatial_F1: 0.6446
2025-09-09 11:52:14,210 - INFO - temporal_CdAccuracy: 0.0022; temporal_PA: 0.6444; temporal_UA: 0.5423; temporal_F1: 0.5889
2025-09-09 11:52:14,210 - INFO - Confusion Matrix
 [41024.	23819.	 2044.	  438.	  863.]
 [ 3952.	33339.	 2025.	11654.	 1295.]
 [  461.	  395.	  967.	  209.	  134.]
 [  457.	  577.	  104.	   91.	    0.]
 [  439.	  628.	  476.	  210.	 8559.]
2025-09-09 11:52:14,259 - INFO - Epoch 13 saved.
2025-09-09 11:52:14,260 - INFO - model saved 14 times, last saved epoch: 13.

2025-09-09 11:52:15,875 - INFO - Epoch 14, Train loss: 1.044922113418579.
2025-09-09 11:52:16,662 - INFO - mIoU: 0.3849; OA: 0.6479; AA: 0.5407; F1: 0.4993; Kappa: 0.4521;
2025-09-09 11:52:16,662 - INFO - spatial_LccAccuracy: 0.017; spatial_PA: 0.5247; spatial_UA: 0.9001; spatial_F1: 0.663
2025-09-09 11:52:16,662 - INFO - temporal_CdAccuracy: 0.0121; temporal_PA: 0.6506; temporal_UA: 0.5403; temporal_F1: 0.5904
2025-09-09 11:52:16,663 - INFO - Confusion Matrix
 [42229.	23000.	 1898.	  313.	  748.]
 [ 3607.	34470.	 1500.	11114.	 1574.]
 [  436.	  356.	 1027.	  249.	   98.]
 [  416.	  609.	  123.	   81.	    0.]
 [  354.	  520.	  210.	  107.	 9121.]
2025-09-09 11:52:16,743 - INFO - Epoch 14 saved.
2025-09-09 11:52:16,744 - INFO - model saved 15 times, last saved epoch: 14.

2025-09-09 11:52:18,459 - INFO - Epoch 15, Train loss: 0.9996364712715149.
2025-09-09 11:52:19,173 - INFO - mIoU: 0.4122; OA: 0.6632; AA: 0.5627; F1: 0.5234; Kappa: 0.4746;
2025-09-09 11:52:19,173 - INFO - spatial_LccAccuracy: 0.0474; spatial_PA: 0.5925; spatial_UA: 0.9119; spatial_F1: 0.7183
2025-09-09 11:52:19,173 - INFO - temporal_CdAccuracy: 0.0411; temporal_PA: 0.6553; temporal_UA: 0.5523; temporal_F1: 0.5994
2025-09-09 11:52:19,174 - INFO - Confusion Matrix
 [43895.	21557.	 1719.	  349.	  668.]
 [ 3710.	34481.	 1170.	12066.	  838.]
 [  400.	  352.	 1068.	  270.	   76.]
 [  429.	  564.	  106.	  130.	    0.]
 [  314.	  389.	  127.	   87.	 9395.]
2025-09-09 11:52:19,239 - INFO - Epoch 15 saved.
2025-09-09 11:52:19,240 - INFO - model saved 16 times, last saved epoch: 15.

2025-09-09 11:52:20,983 - INFO - Epoch 16, Train loss: 0.9508309364318848.
2025-09-09 11:52:21,778 - INFO - mIoU: 0.4242; OA: 0.6665; AA: 0.5709; F1: 0.535; Kappa: 0.4792;
2025-09-09 11:52:21,778 - INFO - spatial_LccAccuracy: 0.0738; spatial_PA: 0.6323; spatial_UA: 0.9191; spatial_F1: 0.7492
2025-09-09 11:52:21,778 - INFO - temporal_CdAccuracy: 0.0662; temporal_PA: 0.6582; temporal_UA: 0.5559; temporal_F1: 0.6027
2025-09-09 11:52:21,779 - INFO - Confusion Matrix
 [44129.	21612.	 1528.	  394.	  525.]
 [ 3694.	34560.	  938.	12389.	  684.]
 [  381.	  334.	 1101.	  289.	   61.]
 [  440.	  525.	  118.	  146.	    0.]
 [  286.	  378.	   84.	   86.	 9478.]
2025-09-09 11:52:21,838 - INFO - Epoch 16 saved.
2025-09-09 11:52:21,840 - INFO - model saved 17 times, last saved epoch: 16.

2025-09-09 11:52:23,692 - INFO - Epoch 17, Train loss: 0.8992881774902344.
2025-09-09 11:52:24,414 - INFO - mIoU: 0.431; OA: 0.6792; AA: 0.572; F1: 0.5379; Kappa: 0.4987;
2025-09-09 11:52:24,415 - INFO - spatial_LccAccuracy: 0.0801; spatial_PA: 0.6613; spatial_UA: 0.9245; spatial_F1: 0.7711
2025-09-09 11:52:24,415 - INFO - temporal_CdAccuracy: 0.0751; temporal_PA: 0.667; temporal_UA: 0.5586; temporal_F1: 0.608
2025-09-09 11:52:24,416 - INFO - Confusion Matrix
 [45095.	20595.	 1661.	  377.	  460.]
 [ 3190.	35242.	 1027.	12184.	  622.]
 [  370.	  362.	 1066.	  295.	   73.]
 [  462.	  523.	  119.	  125.	    0.]
 [  253.	  287.	   78.	  100.	 9594.]
2025-09-09 11:52:24,464 - INFO - Epoch 17 saved.
2025-09-09 11:52:24,464 - INFO - model saved 18 times, last saved epoch: 17.

2025-09-09 11:52:26,115 - INFO - Epoch 18, Train loss: 0.8415336608886719.
2025-09-09 11:52:26,796 - INFO - mIoU: 0.439; OA: 0.6883; AA: 0.574; F1: 0.5447; Kappa: 0.511;
2025-09-09 11:52:26,796 - INFO - spatial_LccAccuracy: 0.0827; spatial_PA: 0.6581; spatial_UA: 0.9239; spatial_F1: 0.7686
2025-09-09 11:52:26,797 - INFO - temporal_CdAccuracy: 0.0756; temporal_PA: 0.6702; temporal_UA: 0.563; temporal_F1: 0.6119
2025-09-09 11:52:26,797 - INFO - Confusion Matrix
 [45271.	20538.	 1637.	  369.	  373.]
 [ 2848.	36324.	  909.	11708.	  476.]
 [  369.	  354.	 1073.	  291.	   79.]
 [  506.	  482.	  132.	  109.	    0.]
 [  275.	  318.	   66.	   94.	 9559.]
2025-09-09 11:52:26,852 - INFO - Epoch 18 saved.
2025-09-09 11:52:26,852 - INFO - model saved 19 times, last saved epoch: 18.

2025-09-09 11:52:28,801 - INFO - Epoch 19, Train loss: 0.7768605351448059.
2025-09-09 11:52:29,535 - INFO - mIoU: 0.4507; OA: 0.7065; AA: 0.5958; F1: 0.553; Kappa: 0.536;
2025-09-09 11:52:29,535 - INFO - spatial_LccAccuracy: 0.076; spatial_PA: 0.6645; spatial_UA: 0.9251; spatial_F1: 0.7735
2025-09-09 11:52:29,536 - INFO - temporal_CdAccuracy: 0.072; temporal_PA: 0.6839; temporal_UA: 0.5726; temporal_F1: 0.6233
2025-09-09 11:52:29,537 - INFO - Confusion Matrix
 [45628.	19938.	 1956.	  433.	  233.]
 [ 2933.	38292.	 1069.	 9686.	  285.]
 [  362.	  326.	 1105.	  309.	   64.]
 [  480.	  430.	  150.	  169.	    0.]
 [  255.	  305.	   58.	  108.	 9586.]
2025-09-09 11:52:29,588 - INFO - Epoch 19 saved.
2025-09-09 11:52:29,589 - INFO - model saved 20 times, last saved epoch: 19.

2025-09-09 11:52:31,204 - INFO - Epoch 20, Train loss: 0.7064864635467529.
2025-09-09 11:52:31,876 - INFO - mIoU: 0.4671; OA: 0.7453; AA: 0.6104; F1: 0.5668; Kappa: 0.588;
2025-09-09 11:52:31,877 - INFO - spatial_LccAccuracy: 0.0747; spatial_PA: 0.6613; spatial_UA: 0.9245; spatial_F1: 0.7711
2025-09-09 11:52:31,877 - INFO - temporal_CdAccuracy: 0.0693; temporal_PA: 0.6955; temporal_UA: 0.5772; temporal_F1: 0.6309
2025-09-09 11:52:31,878 - INFO - Confusion Matrix
 [45896.	19903.	 1879.	  334.	  176.]
 [ 2703.	43289.	 1311.	 4741.	  221.]
 [  357.	  367.	 1093.	  286.	   63.]
 [  543.	  403.	  138.	  145.	    0.]
 [  238.	  359.	   46.	   98.	 9571.]
2025-09-09 11:52:31,926 - INFO - Epoch 20 saved.
2025-09-09 11:52:31,927 - INFO - model saved 21 times, last saved epoch: 20.

2025-09-09 11:52:33,687 - INFO - Epoch 21, Train loss: 0.6302593946456909.
2025-09-09 11:52:34,405 - INFO - mIoU: 0.4817; OA: 0.7648; AA: 0.6341; F1: 0.5826; Kappa: 0.6157;
2025-09-09 11:52:34,406 - INFO - spatial_LccAccuracy: 0.0778; spatial_PA: 0.6602; spatial_UA: 0.9243; spatial_F1: 0.7702
2025-09-09 11:52:34,406 - INFO - temporal_CdAccuracy: 0.0675; temporal_PA: 0.7097; temporal_UA: 0.5821; temporal_F1: 0.6396
2025-09-09 11:52:34,407 - INFO - Confusion Matrix
 [46194.	19461.	 2169.	  241.	  123.]
 [ 2852.	45457.	 1360.	 2431.	  165.]
 [  302.	  318.	 1180.	  315.	   51.]
 [  548.	  358.	  140.	  183.	    0.]
 [  230.	  365.	   39.	   93.	 9585.]
2025-09-09 11:52:34,461 - INFO - Epoch 21 saved.
2025-09-09 11:52:34,462 - INFO - model saved 22 times, last saved epoch: 21.

2025-09-09 11:52:35,813 - INFO - Epoch 22, Train loss: 0.55434250831604.
2025-09-09 11:52:36,544 - INFO - mIoU: 0.4932; OA: 0.7838; AA: 0.632; F1: 0.5926; Kappa: 0.6428;
2025-09-09 11:52:36,545 - INFO - spatial_LccAccuracy: 0.076; spatial_PA: 0.6548; spatial_UA: 0.9233; spatial_F1: 0.7662
2025-09-09 11:52:36,545 - INFO - temporal_CdAccuracy: 0.0644; temporal_PA: 0.7109; temporal_UA: 0.5826; temporal_F1: 0.6404
2025-09-09 11:52:36,546 - INFO - Confusion Matrix
 [47730.	18311.	 1922.	  127.	   98.]
 [ 3088.	46566.	 1195.	 1267.	  149.]
 [  304.	  324.	 1170.	  308.	   60.]
 [  673.	  302.	  130.	  124.	    0.]
 [  244.	  380.	   26.	   92.	 9570.]
2025-09-09 11:52:36,591 - INFO - Epoch 22 saved.
2025-09-09 11:52:36,592 - INFO - model saved 23 times, last saved epoch: 22.

2025-09-09 11:52:38,323 - INFO - Epoch 23, Train loss: 0.4809778332710266.
2025-09-09 11:52:38,996 - INFO - mIoU: 0.5286; OA: 0.8306; AA: 0.6522; F1: 0.6237; Kappa: 0.7157;
2025-09-09 11:52:38,997 - INFO - spatial_LccAccuracy: 0.0997; spatial_PA: 0.7169; spatial_UA: 0.9329; spatial_F1: 0.8108
2025-09-09 11:52:38,997 - INFO - temporal_CdAccuracy: 0.0908; temporal_PA: 0.7131; temporal_UA: 0.5886; temporal_F1: 0.6449
2025-09-09 11:52:38,998 - INFO - Confusion Matrix
 [53902.	12516.	 1634.	   72.	   64.]
 [ 3746.	46649.	 1145.	  583.	  142.]
 [  296.	  357.	 1159.	  301.	   53.]
 [  727.	  273.	   89.	  140.	    0.]
 [  287.	  344.	   31.	   68.	 9582.]
2025-09-09 11:52:39,044 - INFO - Epoch 23 saved.
2025-09-09 11:52:39,044 - INFO - model saved 24 times, last saved epoch: 23.

2025-09-09 11:52:40,679 - INFO - Epoch 24, Train loss: 0.4132378101348877.
2025-09-09 11:52:41,421 - INFO - mIoU: 0.5729; OA: 0.8789; AA: 0.6848; F1: 0.6619; Kappa: 0.7945;
2025-09-09 11:52:41,421 - INFO - spatial_LccAccuracy: 0.1825; spatial_PA: 0.7916; spatial_UA: 0.9453; spatial_F1: 0.8617
2025-09-09 11:52:41,421 - INFO - temporal_CdAccuracy: 0.1467; temporal_PA: 0.7274; temporal_UA: 0.605; temporal_F1: 0.6606
2025-09-09 11:52:41,422 - INFO - Confusion Matrix
 [59679.	 6952.	 1412.	   79.	   66.]
 [ 3682.	47171.	  858.	  376.	  178.]
 [  208.	  314.	 1259.	  319.	   66.]
 [  713.	  283.	   73.	  160.	    0.]
 [  266.	  333.	   28.	   44.	 9641.]
2025-09-09 11:52:41,489 - INFO - Epoch 24 saved.
2025-09-09 11:52:41,490 - INFO - model saved 25 times, last saved epoch: 24.

2025-09-09 11:52:43,237 - INFO - Epoch 25, Train loss: 0.35766667127609253.
2025-09-09 11:52:43,941 - INFO - mIoU: 0.5982; OA: 0.8935; AA: 0.7118; F1: 0.6901; Kappa: 0.8191;
2025-09-09 11:52:43,941 - INFO - spatial_LccAccuracy: 0.1963; spatial_PA: 0.8002; spatial_UA: 0.9473; spatial_F1: 0.8676
2025-09-09 11:52:43,941 - INFO - temporal_CdAccuracy: 0.1601; temporal_PA: 0.7413; temporal_UA: 0.6161; temporal_F1: 0.673
2025-09-09 11:52:43,942 - INFO - Confusion Matrix
 [61024.	 5716.	 1267.	  113.	   68.]
 [ 3468.	47532.	  860.	  203.	  202.]
 [  162.	  259.	 1336.	  320.	   89.]
 [  658.	  270.	   64.	  237.	    0.]
 [  210.	  295.	   14.	   46.	 9747.]
2025-09-09 11:52:43,991 - INFO - Epoch 25 saved.
2025-09-09 11:52:43,991 - INFO - model saved 26 times, last saved epoch: 25.

2025-09-09 11:52:45,617 - INFO - Epoch 26, Train loss: 0.31538262963294983.
2025-09-09 11:52:46,302 - INFO - mIoU: 0.6241; OA: 0.9068; AA: 0.7133; F1: 0.7152; Kappa: 0.8402;
2025-09-09 11:52:46,302 - INFO - spatial_LccAccuracy: 0.3792; spatial_PA: 0.8594; spatial_UA: 0.9613; spatial_F1: 0.9075
2025-09-09 11:52:46,302 - INFO - temporal_CdAccuracy: 0.2469; temporal_PA: 0.7355; temporal_UA: 0.6405; temporal_F1: 0.6847
2025-09-09 11:52:46,303 - INFO - Confusion Matrix
 [62625.	 4762.	  639.	   98.	   64.]
 [ 3786.	47793.	  425.	  153.	  108.]
 [  171.	  313.	 1269.	  351.	   62.]
 [  664.	  227.	   86.	  252.	    0.]
 [  212.	  321.	    9.	   50.	 9720.]
2025-09-09 11:52:46,365 - INFO - Epoch 26 saved.
2025-09-09 11:52:46,366 - INFO - model saved 27 times, last saved epoch: 26.

2025-09-09 11:52:48,219 - INFO - Epoch 27, Train loss: 0.27880650758743286.
2025-09-09 11:52:48,890 - INFO - mIoU: 0.6481; OA: 0.9162; AA: 0.7435; F1: 0.7419; Kappa: 0.8566;
2025-09-09 11:52:48,890 - INFO - spatial_LccAccuracy: 0.3582; spatial_PA: 0.8703; spatial_UA: 0.9599; spatial_F1: 0.9129
2025-09-09 11:52:48,890 - INFO - temporal_CdAccuracy: 0.2661; temporal_PA: 0.7654; temporal_UA: 0.6541; temporal_F1: 0.7054
2025-09-09 11:52:48,891 - INFO - Confusion Matrix
 [62918.	 4464.	  696.	   51.	   59.]
 [ 3031.	48517.	  398.	  193.	  126.]
 [  121.	  275.	 1372.	  339.	   59.]
 [  555.	  243.	   78.	  353.	    0.]
 [  188.	  328.	    7.	   36.	 9753.]
2025-09-09 11:52:48,936 - INFO - Epoch 27 saved.
2025-09-09 11:52:48,937 - INFO - model saved 28 times, last saved epoch: 27.

2025-09-09 11:52:50,712 - INFO - Epoch 28, Train loss: 0.24867810308933258.
2025-09-09 11:52:51,380 - INFO - mIoU: 0.6637; OA: 0.9251; AA: 0.7426; F1: 0.7544; Kappa: 0.8711;
2025-09-09 11:52:51,380 - INFO - spatial_LccAccuracy: 0.4638; spatial_PA: 0.8876; spatial_UA: 0.9695; spatial_F1: 0.9267
2025-09-09 11:52:51,381 - INFO - temporal_CdAccuracy: 0.3041; temporal_PA: 0.7684; temporal_UA: 0.672; temporal_F1: 0.717
2025-09-09 11:52:51,381 - INFO - Confusion Matrix
 [64318.	 3368.	  419.	   24.	   59.]
 [ 3372.	48295.	  311.	  193.	   94.]
 [  197.	  328.	 1339.	  264.	   38.]
 [  554.	  244.	   92.	  339.	    0.]
 [  138.	  323.	    6.	   31.	 9814.]
2025-09-09 11:52:51,428 - INFO - Epoch 28 saved.
2025-09-09 11:52:51,429 - INFO - model saved 29 times, last saved epoch: 28.

2025-09-09 11:52:53,181 - INFO - Epoch 29, Train loss: 0.22364553809165955.
2025-09-09 11:52:53,910 - INFO - mIoU: 0.6816; OA: 0.9331; AA: 0.7577; F1: 0.77; Kappa: 0.8851;
2025-09-09 11:52:53,911 - INFO - spatial_LccAccuracy: 0.5143; spatial_PA: 0.8999; spatial_UA: 0.97; spatial_F1: 0.9336
2025-09-09 11:52:53,911 - INFO - temporal_CdAccuracy: 0.3538; temporal_PA: 0.7831; temporal_UA: 0.6928; temporal_F1: 0.7352
2025-09-09 11:52:53,912 - INFO - Confusion Matrix
 [64410.	 3332.	  361.	   25.	   60.]
 [ 2619.	49120.	  239.	  137.	  150.]
 [  104.	  273.	 1434.	  300.	   55.]
 [  547.	  223.	   76.	  350.	   33.]
 [  118.	  287.	    6.	   31.	 9870.]
2025-09-09 11:52:53,964 - INFO - Epoch 29 saved.
2025-09-09 11:52:53,964 - INFO - model saved 30 times, last saved epoch: 29.

2025-09-09 11:52:55,551 - INFO - Epoch 30, Train loss: 0.19802947342395782.
2025-09-09 11:52:56,265 - INFO - mIoU: 0.6927; OA: 0.9405; AA: 0.7573; F1: 0.7789; Kappa: 0.8975;
2025-09-09 11:52:56,265 - INFO - spatial_LccAccuracy: 0.568; spatial_PA: 0.8986; spatial_UA: 0.9684; spatial_F1: 0.9322
2025-09-09 11:52:56,266 - INFO - temporal_CdAccuracy: 0.4079; temporal_PA: 0.7937; temporal_UA: 0.7166; temporal_F1: 0.7532
2025-09-09 11:52:56,266 - INFO - Confusion Matrix
 [65487.	 2400.	  217.	   24.	   60.]
 [ 2680.	49182.	  192.	  136.	   75.]
 [  141.	  312.	 1413.	  258.	   42.]
 [  543.	  203.	   98.	  354.	   31.]
 [  158.	  373.	    4.	   33.	 9744.]
2025-09-09 11:52:56,331 - INFO - Epoch 30 saved.
2025-09-09 11:52:56,331 - INFO - model saved 31 times, last saved epoch: 30.

2025-09-09 11:52:58,110 - INFO - Epoch 31, Train loss: 0.180912047624588.
2025-09-09 11:52:58,812 - INFO - mIoU: 0.7085; OA: 0.9439; AA: 0.7698; F1: 0.793; Kappa: 0.9032;
2025-09-09 11:52:58,812 - INFO - spatial_LccAccuracy: 0.6279; spatial_PA: 0.9012; spatial_UA: 0.9363; spatial_F1: 0.9184
2025-09-09 11:52:58,813 - INFO - temporal_CdAccuracy: 0.4065; temporal_PA: 0.7719; temporal_UA: 0.7074; temporal_F1: 0.7383
2025-09-09 11:52:58,813 - INFO - Confusion Matrix
 [66309.	 1622.	  164.	   32.	   61.]
 [ 3258.	48605.	  162.	  122.	  118.]
 [  184.	  248.	 1476.	  235.	   23.]
 [  631.	   91.	  102.	  378.	   27.]
 [  116.	  297.	    5.	   22.	 9872.]
2025-09-09 11:52:58,869 - INFO - Epoch 31 saved.
2025-09-09 11:52:58,870 - INFO - model saved 32 times, last saved epoch: 31.

2025-09-09 11:53:00,434 - INFO - Epoch 32, Train loss: 0.1645163893699646.
2025-09-09 11:53:01,164 - INFO - mIoU: 0.7364; OA: 0.9496; AA: 0.8102; F1: 0.822; Kappa: 0.9133;
2025-09-09 11:53:01,164 - INFO - spatial_LccAccuracy: 0.572; spatial_PA: 0.9124; spatial_UA: 0.888; spatial_F1: 0.9
2025-09-09 11:53:01,164 - INFO - temporal_CdAccuracy: 0.4428; temporal_PA: 0.8064; temporal_UA: 0.7489; temporal_F1: 0.7766
2025-09-09 11:53:01,165 - INFO - Confusion Matrix
 [65958.	 1945.	  207.	   18.	   60.]
 [ 2325.	49396.	  251.	  178.	  115.]
 [   84.	  225.	 1617.	  214.	   26.]
 [  531.	   45.	   84.	  532.	   37.]
 [   96.	  297.	    5.	   22.	 9892.]
2025-09-09 11:53:01,214 - INFO - Epoch 32 saved.
2025-09-09 11:53:01,215 - INFO - model saved 33 times, last saved epoch: 32.

2025-09-09 11:53:02,919 - INFO - Epoch 33, Train loss: 0.15362025797367096.
2025-09-09 11:53:03,559 - INFO - mIoU: 0.7675; OA: 0.9543; AA: 0.8403; F1: 0.8499; Kappa: 0.9216;
2025-09-09 11:53:03,559 - INFO - spatial_LccAccuracy: 0.6377; spatial_PA: 0.956; spatial_UA: 0.9208; spatial_F1: 0.9381
2025-09-09 11:53:03,560 - INFO - temporal_CdAccuracy: 0.4951; temporal_PA: 0.8327; temporal_UA: 0.7739; temporal_F1: 0.8022
2025-09-09 11:53:03,560 - INFO - Confusion Matrix
 [65735.	 2189.	  183.	   21.	   60.]
 [ 1783.	49924.	  147.	  218.	  193.]
 [   60.	  232.	 1668.	  175.	   31.]
 [  416.	   48.	   51.	  662.	   52.]
 [   43.	  215.	    5.	   12.	10037.]
2025-09-09 11:53:03,606 - INFO - Epoch 33 saved.
2025-09-09 11:53:03,607 - INFO - model saved 34 times, last saved epoch: 33.

2025-09-09 11:53:05,513 - INFO - Epoch 34, Train loss: 0.13753002882003784.
2025-09-09 11:53:06,211 - INFO - mIoU: 0.776; OA: 0.9558; AA: 0.8432; F1: 0.8564; Kappa: 0.9241;
2025-09-09 11:53:06,212 - INFO - spatial_LccAccuracy: 0.6673; spatial_PA: 0.9477; spatial_UA: 0.9078; spatial_F1: 0.9273
2025-09-09 11:53:06,212 - INFO - temporal_CdAccuracy: 0.5246; temporal_PA: 0.8279; temporal_UA: 0.7901; temporal_F1: 0.8086
2025-09-09 11:53:06,213 - INFO - Confusion Matrix
 [66378.	 1614.	   96.	   38.	   62.]
 [ 2196.	49557.	  146.	  211.	  155.]
 [   53.	  206.	 1702.	  159.	   46.]
 [  367.	   87.	   31.	  671.	   73.]
 [   79.	  278.	    6.	   21.	 9928.]
2025-09-09 11:53:06,263 - INFO - Epoch 34 saved.
2025-09-09 11:53:06,264 - INFO - model saved 35 times, last saved epoch: 34.

2025-09-09 11:53:07,628 - INFO - Epoch 35, Train loss: 0.1298321932554245.
2025-09-09 11:53:08,338 - INFO - mIoU: 0.7881; OA: 0.9584; AA: 0.8523; F1: 0.8659; Kappa: 0.9285;
2025-09-09 11:53:08,338 - INFO - spatial_LccAccuracy: 0.7017; spatial_PA: 0.962; spatial_UA: 0.9275; spatial_F1: 0.9444
2025-09-09 11:53:08,338 - INFO - temporal_CdAccuracy: 0.5152; temporal_PA: 0.8489; temporal_UA: 0.7915; temporal_F1: 0.8192
2025-09-09 11:53:08,339 - INFO - Confusion Matrix
 [66609.	 1416.	   70.	   31.	   62.]
 [ 2288.	49515.	  148.	  180.	  134.]
 [   58.	  201.	 1740.	  142.	   25.]
 [  378.	   41.	   86.	  690.	   34.]
 [   30.	  248.	    2.	    5.	10027.]
2025-09-09 11:53:08,388 - INFO - Epoch 35 saved.
2025-09-09 11:53:08,389 - INFO - model saved 36 times, last saved epoch: 35.

2025-09-09 11:53:10,141 - INFO - Epoch 36, Train loss: 0.12108402699232101.
2025-09-09 11:53:10,913 - INFO - mIoU: 0.8055; OA: 0.9618; AA: 0.8713; F1: 0.8801; Kappa: 0.9345;
2025-09-09 11:53:10,913 - INFO - spatial_LccAccuracy: 0.7004; spatial_PA: 0.9648; spatial_UA: 0.936; spatial_F1: 0.9502
2025-09-09 11:53:10,913 - INFO - temporal_CdAccuracy: 0.5358; temporal_PA: 0.843; temporal_UA: 0.8049; temporal_F1: 0.8235
2025-09-09 11:53:10,914 - INFO - Confusion Matrix
 [66006.	 1982.	   65.	   63.	   72.]
 [ 1322.	50410.	  153.	  172.	  208.]
 [   43.	  164.	 1786.	  121.	   52.]
 [  321.	   35.	   26.	  766.	   81.]
 [   18.	  223.	    1.	    5.	10065.]
2025-09-09 11:53:10,960 - INFO - Epoch 36 saved.
2025-09-09 11:53:10,960 - INFO - model saved 37 times, last saved epoch: 36.

2025-09-09 11:53:12,707 - INFO - Epoch 37, Train loss: 0.11557766795158386.
2025-09-09 11:53:13,467 - INFO - mIoU: 0.8097; OA: 0.9647; AA: 0.8586; F1: 0.8813; Kappa: 0.9393;
2025-09-09 11:53:13,467 - INFO - spatial_LccAccuracy: 0.725; spatial_PA: 0.9533; spatial_UA: 0.9081; spatial_F1: 0.9302
2025-09-09 11:53:13,468 - INFO - temporal_CdAccuracy: 0.5595; temporal_PA: 0.8457; temporal_UA: 0.8187; temporal_F1: 0.832
2025-09-09 11:53:13,468 - INFO - Confusion Matrix
 [66615.	 1458.	   37.	   13.	   65.]
 [ 1671.	50226.	  135.	   97.	  136.]
 [   59.	  192.	 1837.	   56.	   22.]
 [  418.	   30.	   87.	  649.	   45.]
 [   17.	  191.	    4.	    5.	10095.]
2025-09-09 11:53:13,520 - INFO - Epoch 37 saved.
2025-09-09 11:53:13,520 - INFO - model saved 38 times, last saved epoch: 37.

2025-09-09 11:53:15,151 - INFO - Epoch 38, Train loss: 0.10974428802728653.
2025-09-09 11:53:15,893 - INFO - mIoU: 0.8213; OA: 0.9629; AA: 0.8753; F1: 0.8921; Kappa: 0.9364;
2025-09-09 11:53:15,894 - INFO - spatial_LccAccuracy: 0.7232; spatial_PA: 0.9635; spatial_UA: 0.9379; spatial_F1: 0.9505
2025-09-09 11:53:15,894 - INFO - temporal_CdAccuracy: 0.5635; temporal_PA: 0.8392; temporal_UA: 0.8128; temporal_F1: 0.8258
2025-09-09 11:53:15,895 - INFO - Confusion Matrix
 [65971.	 2073.	   48.	   34.	   62.]
 [ 1306.	50646.	   83.	  138.	   92.]
 [   44.	  177.	 1848.	   58.	   39.]
 [  306.	   35.	   88.	  764.	   36.]
 [   37.	  311.	    3.	    7.	 9954.]
2025-09-09 11:53:15,943 - INFO - Epoch 38 saved.
2025-09-09 11:53:15,944 - INFO - model saved 39 times, last saved epoch: 38.

2025-09-09 11:53:17,383 - INFO - Epoch 39, Train loss: 0.10211149603128433.
2025-09-09 11:53:18,131 - INFO - mIoU: 0.8538; OA: 0.9689; AA: 0.8998; F1: 0.9155; Kappa: 0.9467;
2025-09-09 11:53:18,131 - INFO - spatial_LccAccuracy: 0.788; spatial_PA: 0.9703; spatial_UA: 0.9637; spatial_F1: 0.967
2025-09-09 11:53:18,131 - INFO - temporal_CdAccuracy: 0.6118; temporal_PA: 0.8758; temporal_UA: 0.8456; temporal_F1: 0.8604
2025-09-09 11:53:18,132 - INFO - Confusion Matrix
 [66684.	 1389.	   33.	   18.	   64.]
 [ 1452.	50417.	  121.	  100.	  175.]
 [   38.	  166.	 1904.	   33.	   25.]
 [  235.	   56.	   27.	  854.	   57.]
 [   13.	  168.	    0.	    1.	10130.]
2025-09-09 11:53:18,187 - INFO - Epoch 39 saved.
2025-09-09 11:53:18,188 - INFO - model saved 40 times, last saved epoch: 39.

2025-09-09 11:53:19,937 - INFO - Epoch 40, Train loss: 0.09630507230758667.
2025-09-09 11:53:20,706 - INFO - mIoU: 0.856; OA: 0.9704; AA: 0.9011; F1: 0.9171; Kappa: 0.9492;
2025-09-09 11:53:20,708 - INFO - spatial_LccAccuracy: 0.7987; spatial_PA: 0.9702; spatial_UA: 0.974; spatial_F1: 0.9721
2025-09-09 11:53:20,708 - INFO - temporal_CdAccuracy: 0.61; temporal_PA: 0.8747; temporal_UA: 0.8498; temporal_F1: 0.8621
2025-09-09 11:53:20,708 - INFO - Confusion Matrix
 [66861.	 1199.	   43.	   22.	   63.]
 [ 1439.	50497.	  114.	   88.	  127.]
 [   28.	  167.	 1890.	   43.	   38.]
 [  211.	   62.	   14.	  873.	   69.]
 [   17.	  224.	    3.	    3.	10065.]
2025-09-09 11:53:20,754 - INFO - Epoch 40 saved.
2025-09-09 11:53:20,755 - INFO - model saved 41 times, last saved epoch: 40.

2025-09-09 11:53:22,407 - INFO - Epoch 41, Train loss: 0.0915512964129448.
2025-09-09 11:53:23,132 - INFO - mIoU: 0.8586; OA: 0.9702; AA: 0.9074; F1: 0.9192; Kappa: 0.9488;
2025-09-09 11:53:23,132 - INFO - spatial_LccAccuracy: 0.8037; spatial_PA: 0.9835; spatial_UA: 0.9866; spatial_F1: 0.985
2025-09-09 11:53:23,133 - INFO - temporal_CdAccuracy: 0.6248; temporal_PA: 0.8809; temporal_UA: 0.8549; temporal_F1: 0.8677
2025-09-09 11:53:23,133 - INFO - Confusion Matrix
 [66701.	 1354.	   41.	   29.	   63.]
 [ 1326.	50618.	  117.	  109.	   95.]
 [   26.	  179.	 1890.	   43.	   28.]
 [  163.	   68.	   21.	  915.	   62.]
 [   23.	  244.	    7.	    4.	10034.]
2025-09-09 11:53:23,180 - INFO - Epoch 41 saved.
2025-09-09 11:53:23,180 - INFO - model saved 42 times, last saved epoch: 41.

2025-09-09 11:53:24,970 - INFO - Epoch 42, Train loss: 0.08758759498596191.
2025-09-09 11:53:25,695 - INFO - mIoU: 0.8652; OA: 0.9699; AA: 0.9007; F1: 0.9234; Kappa: 0.9483;
2025-09-09 11:53:25,695 - INFO - spatial_LccAccuracy: 0.8184; spatial_PA: 0.9764; spatial_UA: 0.9749; spatial_F1: 0.9756
2025-09-09 11:53:25,695 - INFO - temporal_CdAccuracy: 0.6123; temporal_PA: 0.8713; temporal_UA: 0.8497; temporal_F1: 0.8604
2025-09-09 11:53:25,696 - INFO - Confusion Matrix
 [66172.	 1912.	   19.	   18.	   67.]
 [  911.	51121.	   89.	   47.	   97.]
 [   29.	  179.	 1899.	   21.	   38.]
 [  228.	   75.	   14.	  863.	   49.]
 [    9.	  235.	    3.	    2.	10063.]
2025-09-09 11:53:25,742 - INFO - Epoch 42 saved.
2025-09-09 11:53:25,743 - INFO - model saved 43 times, last saved epoch: 42.

2025-09-09 11:53:27,394 - INFO - Epoch 43, Train loss: 0.08302576094865799.
2025-09-09 11:53:28,050 - INFO - mIoU: 0.8773; OA: 0.9725; AA: 0.913; F1: 0.9314; Kappa: 0.9528;
2025-09-09 11:53:28,050 - INFO - spatial_LccAccuracy: 0.8372; spatial_PA: 0.9816; spatial_UA: 0.9831; spatial_F1: 0.9823
2025-09-09 11:53:28,051 - INFO - temporal_CdAccuracy: 0.6431; temporal_PA: 0.8915; temporal_UA: 0.8687; temporal_F1: 0.8799
2025-09-09 11:53:28,052 - INFO - Confusion Matrix
 [67096.	  986.	   13.	   29.	   64.]
 [ 1505.	50532.	   87.	   65.	   76.]
 [   31.	  163.	 1932.	   13.	   27.]
 [  163.	   54.	    8.	  926.	   78.]
 [   31.	  284.	    4.	    2.	 9991.]
2025-09-09 11:53:28,102 - INFO - Epoch 43 saved.
2025-09-09 11:53:28,103 - INFO - model saved 44 times, last saved epoch: 43.

2025-09-09 11:53:29,986 - INFO - Epoch 44, Train loss: 0.0778503566980362.
2025-09-09 11:53:30,738 - INFO - mIoU: 0.8926; OA: 0.9737; AA: 0.9329; F1: 0.9413; Kappa: 0.9548;
2025-09-09 11:53:30,738 - INFO - spatial_LccAccuracy: 0.8372; spatial_PA: 0.9802; spatial_UA: 0.9817; spatial_F1: 0.981
2025-09-09 11:53:30,738 - INFO - temporal_CdAccuracy: 0.661; temporal_PA: 0.8901; temporal_UA: 0.8765; temporal_F1: 0.8832
2025-09-09 11:53:30,739 - INFO - Confusion Matrix
 [67050.	 1041.	    7.	   26.	   64.]
 [ 1449.	50455.	  128.	   74.	  159.]
 [   31.	  145.	 1958.	   17.	   15.]
 [  120.	   57.	    5.	 1018.	   29.]
 [   11.	  152.	    4.	    1.	10144.]
2025-09-09 11:53:30,785 - INFO - Epoch 44 saved.
2025-09-09 11:53:30,785 - INFO - model saved 45 times, last saved epoch: 44.

2025-09-09 11:53:32,551 - INFO - Epoch 45, Train loss: 0.07379467040300369.
2025-09-09 11:53:33,279 - INFO - mIoU: 0.8858; OA: 0.9734; AA: 0.9198; F1: 0.9368; Kappa: 0.9545;
2025-09-09 11:53:33,280 - INFO - spatial_LccAccuracy: 0.8341; spatial_PA: 0.9821; spatial_UA: 0.9813; spatial_F1: 0.9817
2025-09-09 11:53:33,280 - INFO - temporal_CdAccuracy: 0.648; temporal_PA: 0.8796; temporal_UA: 0.8665; temporal_F1: 0.873
2025-09-09 11:53:33,281 - INFO - Confusion Matrix
 [66582.	 1516.	    6.	   21.	   63.]
 [ 1004.	51003.	   88.	   48.	  122.]
 [   19.	  167.	 1925.	   19.	   36.]
 [  177.	   52.	    9.	  953.	   38.]
 [    8.	  164.	    2.	    4.	10134.]
2025-09-09 11:53:33,282 - INFO - model saved 45 times, last saved epoch: 44.

2025-09-09 11:53:34,878 - INFO - Epoch 46, Train loss: 0.0708652213215828.
2025-09-09 11:53:35,707 - INFO - mIoU: 0.8675; OA: 0.968; AA: 0.8989; F1: 0.9254; Kappa: 0.9449;
2025-09-09 11:53:35,708 - INFO - spatial_LccAccuracy: 0.797; spatial_PA: 0.9713; spatial_UA: 0.9447; spatial_F1: 0.9578
2025-09-09 11:53:35,708 - INFO - temporal_CdAccuracy: 0.606; temporal_PA: 0.8713; temporal_UA: 0.845; temporal_F1: 0.8579
2025-09-09 11:53:35,709 - INFO - Confusion Matrix
 [67287.	  835.	    2.	    8.	   56.]
 [ 2205.	49914.	   84.	   31.	   31.]
 [   69.	  154.	 1918.	   20.	    5.]
 [  296.	   24.	   31.	  872.	    6.]
 [   80.	  333.	   15.	    7.	 9877.]
2025-09-09 11:53:35,710 - INFO - model saved 45 times, last saved epoch: 44.

2025-09-09 11:53:37,344 - INFO - Epoch 47, Train loss: 0.0685882568359375.
2025-09-09 11:53:38,222 - INFO - mIoU: 0.9012; OA: 0.9744; AA: 0.9333; F1: 0.9467; Kappa: 0.956;
2025-09-09 11:53:38,222 - INFO - spatial_LccAccuracy: 0.8614; spatial_PA: 0.9787; spatial_UA: 0.9872; spatial_F1: 0.9829
2025-09-09 11:53:38,222 - INFO - temporal_CdAccuracy: 0.6691; temporal_PA: 0.8992; temporal_UA: 0.8836; temporal_F1: 0.8913
2025-09-09 11:53:38,223 - INFO - Confusion Matrix
 [67384.	  721.	    4.	   16.	   63.]
 [ 1723.	50340.	   93.	   54.	   55.]
 [   40.	  158.	 1941.	   14.	   13.]
 [  126.	   35.	    8.	 1041.	   19.]
 [   33.	  250.	    3.	    3.	10023.]
2025-09-09 11:53:38,272 - INFO - Epoch 47 saved.
2025-09-09 11:53:38,273 - INFO - model saved 46 times, last saved epoch: 47.

2025-09-09 11:53:39,673 - INFO - Epoch 48, Train loss: 0.06516198813915253.
2025-09-09 11:53:40,311 - INFO - mIoU: 0.8934; OA: 0.9741; AA: 0.9246; F1: 0.9418; Kappa: 0.9556;
2025-09-09 11:53:40,312 - INFO - spatial_LccAccuracy: 0.8578; spatial_PA: 0.9826; spatial_UA: 0.9834; spatial_F1: 0.983
2025-09-09 11:53:40,312 - INFO - temporal_CdAccuracy: 0.6655; temporal_PA: 0.8971; temporal_UA: 0.8787; temporal_F1: 0.8878
2025-09-09 11:53:40,313 - INFO - Confusion Matrix
 [67061.	 1056.	    5.	    5.	   61.]
 [ 1373.	50725.	   87.	   48.	   32.]
 [   34.	  156.	 1945.	   27.	    4.]
 [  137.	   54.	   11.	  988.	   39.]
 [   23.	  312.	    4.	    2.	 9971.]
2025-09-09 11:53:40,314 - INFO - model saved 46 times, last saved epoch: 47.

2025-09-09 11:53:41,983 - INFO - Epoch 49, Train loss: 0.06357906758785248.
2025-09-09 11:53:42,779 - INFO - mIoU: 0.9097; OA: 0.9759; AA: 0.9442; F1: 0.9517; Kappa: 0.9587;
2025-09-09 11:53:42,779 - INFO - spatial_LccAccuracy: 0.8708; spatial_PA: 0.9803; spatial_UA: 0.9897; spatial_F1: 0.985
2025-09-09 11:53:42,780 - INFO - temporal_CdAccuracy: 0.6865; temporal_PA: 0.9065; temporal_UA: 0.9006; temporal_F1: 0.9035
2025-09-09 11:53:42,780 - INFO - Confusion Matrix
 [67150.	  950.	    3.	   24.	   61.]
 [ 1357.	50684.	   89.	   66.	   69.]
 [   35.	  147.	 1949.	   11.	   24.]
 [   91.	   27.	    5.	 1096.	   10.]
 [   26.	  225.	    4.	    6.	10051.]
2025-09-09 11:53:42,827 - INFO - Epoch 49 saved.
2025-09-09 11:53:42,828 - INFO - model saved 47 times, last saved epoch: 49.

2025-09-09 11:53:44,502 - INFO - Epoch 50, Train loss: 0.06025616452097893.
2025-09-09 11:53:45,220 - INFO - mIoU: 0.9003; OA: 0.9763; AA: 0.9271; F1: 0.9458; Kappa: 0.9592;
2025-09-09 11:53:45,220 - INFO - spatial_LccAccuracy: 0.8815; spatial_PA: 0.9819; spatial_UA: 0.9881; spatial_F1: 0.985
2025-09-09 11:53:45,220 - INFO - temporal_CdAccuracy: 0.6686; temporal_PA: 0.9036; temporal_UA: 0.8867; temporal_F1: 0.8951
2025-09-09 11:53:45,221 - INFO - Confusion Matrix
 [67130.	  976.	    4.	   18.	   60.]
 [ 1222.	50897.	   82.	   30.	   34.]
 [   39.	  157.	 1951.	   12.	    7.]
 [  180.	   49.	    8.	  991.	    1.]
 [   16.	  285.	    5.	    1.	10005.]
2025-09-09 11:53:45,222 - INFO - model saved 47 times, last saved epoch: 49.

2025-09-09 11:53:47,164 - INFO - Epoch 51, Train loss: 0.059144675731658936.
2025-09-09 11:53:47,861 - INFO - mIoU: 0.9048; OA: 0.9739; AA: 0.9389; F1: 0.9489; Kappa: 0.9553;
2025-09-09 11:53:47,861 - INFO - spatial_LccAccuracy: 0.8716; spatial_PA: 0.9832; spatial_UA: 0.9855; spatial_F1: 0.9844
2025-09-09 11:53:47,861 - INFO - temporal_CdAccuracy: 0.6677; temporal_PA: 0.9012; temporal_UA: 0.8911; temporal_F1: 0.8961
2025-09-09 11:53:47,862 - INFO - Confusion Matrix
 [66549.	 1521.	   28.	   28.	   62.]
 [ 1027.	51029.	  117.	   29.	   63.]
 [   11.	  170.	 1964.	   11.	   10.]
 [   92.	   56.	    4.	 1057.	   20.]
 [   12.	  238.	    3.	    0.	10059.]
2025-09-09 11:53:47,863 - INFO - model saved 47 times, last saved epoch: 49.

2025-09-09 11:53:49,791 - INFO - Epoch 52, Train loss: 0.053742215037345886.
2025-09-09 11:53:50,578 - INFO - mIoU: 0.9146; OA: 0.9763; AA: 0.945; F1: 0.9546; Kappa: 0.9594;
2025-09-09 11:53:50,578 - INFO - spatial_LccAccuracy: 0.8775; spatial_PA: 0.9865; spatial_UA: 0.9904; spatial_F1: 0.9884
2025-09-09 11:53:50,578 - INFO - temporal_CdAccuracy: 0.6691; temporal_PA: 0.9109; temporal_UA: 0.8915; temporal_F1: 0.9011
2025-09-09 11:53:50,579 - INFO - Confusion Matrix
 [66654.	 1448.	    5.	   20.	   61.]
 [  878.	51182.	  104.	   29.	   72.]
 [   20.	  141.	 1975.	   17.	   13.]
 [   89.	   52.	    4.	 1079.	    5.]
 [    4.	  215.	    1.	    0.	10092.]
2025-09-09 11:53:50,625 - INFO - Epoch 52 saved.
2025-09-09 11:53:50,626 - INFO - model saved 48 times, last saved epoch: 52.

2025-09-09 11:53:52,411 - INFO - Epoch 53, Train loss: 0.0522146075963974.
2025-09-09 11:53:53,092 - INFO - mIoU: 0.9174; OA: 0.976; AA: 0.9497; F1: 0.9562; Kappa: 0.9588;
2025-09-09 11:53:53,093 - INFO - spatial_LccAccuracy: 0.8828; spatial_PA: 0.9784; spatial_UA: 0.9902; spatial_F1: 0.9843
2025-09-09 11:53:53,093 - INFO - temporal_CdAccuracy: 0.6905; temporal_PA: 0.9114; temporal_UA: 0.9023; temporal_F1: 0.9068
2025-09-09 11:53:53,094 - INFO - Confusion Matrix
 [67267.	  822.	    9.	   30.	   60.]
 [ 1562.	50513.	   94.	   45.	   51.]
 [   23.	  149.	 1973.	   11.	   10.]
 [   77.	   30.	    5.	 1116.	    1.]
 [    5.	  230.	    2.	    2.	10073.]
2025-09-09 11:53:53,152 - INFO - Epoch 53 saved.
2025-09-09 11:53:53,154 - INFO - model saved 49 times, last saved epoch: 53.

2025-09-09 11:53:54,943 - INFO - Epoch 54, Train loss: 0.05057418718934059.
2025-09-09 11:53:55,650 - INFO - mIoU: 0.9098; OA: 0.9771; AA: 0.9328; F1: 0.9517; Kappa: 0.9606;
2025-09-09 11:53:55,650 - INFO - spatial_LccAccuracy: 0.89; spatial_PA: 0.9814; spatial_UA: 0.99; spatial_F1: 0.9857
2025-09-09 11:53:55,651 - INFO - temporal_CdAccuracy: 0.6892; temporal_PA: 0.9195; temporal_UA: 0.8997; temporal_F1: 0.9095
2025-09-09 11:53:55,652 - INFO - Confusion Matrix
 [67036.	 1080.	    3.	    9.	   60.]
 [ 1085.	51047.	   60.	   28.	   45.]
 [   32.	  212.	 1907.	   10.	    5.]
 [  125.	   55.	    3.	 1044.	    2.]
 [   18.	  245.	    1.	    0.	10048.]
2025-09-09 11:53:55,653 - INFO - model saved 49 times, last saved epoch: 53.

2025-09-09 11:53:57,161 - INFO - Epoch 55, Train loss: 0.04975179210305214.
2025-09-09 11:53:57,869 - INFO - mIoU: 0.9126; OA: 0.9763; AA: 0.9377; F1: 0.9533; Kappa: 0.9593;
2025-09-09 11:53:57,869 - INFO - spatial_LccAccuracy: 0.8877; spatial_PA: 0.9805; spatial_UA: 0.9868; spatial_F1: 0.9836
2025-09-09 11:53:57,870 - INFO - temporal_CdAccuracy: 0.6936; temporal_PA: 0.9174; temporal_UA: 0.9006; temporal_F1: 0.909
2025-09-09 11:53:57,870 - INFO - Confusion Matrix
 [67349.	  770.	    1.	    8.	   60.]
 [ 1529.	50580.	   74.	   34.	   48.]
 [   33.	  162.	 1955.	   11.	    5.]
 [  138.	   34.	    5.	 1052.	    0.]
 [   23.	  237.	    2.	    1.	10049.]
2025-09-09 11:53:57,872 - INFO - model saved 49 times, last saved epoch: 53.

2025-09-09 11:53:59,486 - INFO - Epoch 56, Train loss: 0.04617277905344963.
2025-09-09 11:54:00,195 - INFO - mIoU: 0.9225; OA: 0.9785; AA: 0.948; F1: 0.9591; Kappa: 0.9631;
2025-09-09 11:54:00,195 - INFO - spatial_LccAccuracy: 0.8949; spatial_PA: 0.987; spatial_UA: 0.9885; spatial_F1: 0.9878
2025-09-09 11:54:00,196 - INFO - temporal_CdAccuracy: 0.6981; temporal_PA: 0.9247; temporal_UA: 0.9114; temporal_F1: 0.918
2025-09-09 11:54:00,196 - INFO - Confusion Matrix
 [67174.	  941.	    3.	   10.	   60.]
 [ 1091.	51025.	   85.	   33.	   31.]
 [   27.	  163.	 1965.	    7.	    4.]
 [   81.	   34.	    4.	 1108.	    2.]
 [    8.	  296.	    5.	    2.	10001.]
2025-09-09 11:54:00,241 - INFO - Epoch 56 saved.
2025-09-09 11:54:00,242 - INFO - model saved 50 times, last saved epoch: 56.

2025-09-09 11:54:02,153 - INFO - Epoch 57, Train loss: 0.04570294916629791.
2025-09-09 11:54:02,883 - INFO - mIoU: 0.9262; OA: 0.9779; AA: 0.9515; F1: 0.9613; Kappa: 0.9621;
2025-09-09 11:54:02,883 - INFO - spatial_LccAccuracy: 0.8828; spatial_PA: 0.9864; spatial_UA: 0.9864; spatial_F1: 0.9864
2025-09-09 11:54:02,883 - INFO - temporal_CdAccuracy: 0.7048; temporal_PA: 0.9134; temporal_UA: 0.909; temporal_F1: 0.9112
2025-09-09 11:54:02,883 - INFO - Confusion Matrix
 [66779.	 1337.	    2.	   10.	   60.]
 [  792.	51319.	  100.	   16.	   38.]
 [   24.	  125.	 1997.	    8.	   12.]
 [   72.	   31.	    5.	 1114.	    7.]
 [   23.	  300.	    5.	    1.	 9983.]
2025-09-09 11:54:02,931 - INFO - Epoch 57 saved.
2025-09-09 11:54:02,932 - INFO - model saved 51 times, last saved epoch: 57.

2025-09-09 11:54:04,520 - INFO - Epoch 58, Train loss: 0.044337693601846695.
2025-09-09 11:54:05,287 - INFO - mIoU: 0.9248; OA: 0.9793; AA: 0.9477; F1: 0.9603; Kappa: 0.9646;
2025-09-09 11:54:05,288 - INFO - spatial_LccAccuracy: 0.8998; spatial_PA: 0.9862; spatial_UA: 0.9893; spatial_F1: 0.9878
2025-09-09 11:54:05,288 - INFO - temporal_CdAccuracy: 0.7093; temporal_PA: 0.9257; temporal_UA: 0.9163; temporal_F1: 0.921
2025-09-09 11:54:05,289 - INFO - Confusion Matrix
 [67183.	  937.	    0.	    8.	   60.]
 [ 1052.	51046.	   76.	   20.	   71.]
 [   23.	  177.	 1947.	   12.	    7.]
 [   81.	   40.	    2.	 1103.	    3.]
 [   14.	  186.	    2.	    0.	10110.]
2025-09-09 11:54:05,290 - INFO - model saved 51 times, last saved epoch: 57.

2025-09-09 11:54:07,197 - INFO - Epoch 59, Train loss: 0.041316211223602295.
2025-09-09 11:54:07,924 - INFO - mIoU: 0.9266; OA: 0.9779; AA: 0.957; F1: 0.9614; Kappa: 0.962;
2025-09-09 11:54:07,925 - INFO - spatial_LccAccuracy: 0.8864; spatial_PA: 0.991; spatial_UA: 0.9887; spatial_F1: 0.9898
2025-09-09 11:54:07,925 - INFO - temporal_CdAccuracy: 0.6928; temporal_PA: 0.9284; temporal_UA: 0.9045; temporal_F1: 0.9163
2025-09-09 11:54:07,925 - INFO - Confusion Matrix
 [67114.	  996.	    4.	   13.	   61.]
 [ 1205.	50875.	   90.	   40.	   55.]
 [   35.	  124.	 1984.	   20.	    3.]
 [   54.	   23.	    3.	 1149.	    0.]
 [   27.	  204.	    5.	    6.	10070.]
2025-09-09 11:54:07,978 - INFO - Epoch 59 saved.
2025-09-09 11:54:07,979 - INFO - model saved 52 times, last saved epoch: 59.

2025-09-09 11:54:09,553 - INFO - Epoch 60, Train loss: 0.03879724442958832.
2025-09-09 11:54:10,415 - INFO - mIoU: 0.9295; OA: 0.9798; AA: 0.9594; F1: 0.963; Kappa: 0.9654;
2025-09-09 11:54:10,416 - INFO - spatial_LccAccuracy: 0.8909; spatial_PA: 0.9857; spatial_UA: 0.9912; spatial_F1: 0.9884
2025-09-09 11:54:10,416 - INFO - temporal_CdAccuracy: 0.7093; temporal_PA: 0.9251; temporal_UA: 0.9142; temporal_F1: 0.9196
2025-09-09 11:54:10,417 - INFO - Confusion Matrix
 [67100.	 1001.	    0.	   26.	   61.]
 [  953.	51081.	   99.	   32.	  100.]
 [   21.	  119.	 1994.	   10.	   22.]
 [   36.	   32.	    5.	 1146.	   10.]
 [    7.	  173.	    0.	    2.	10130.]
2025-09-09 11:54:10,463 - INFO - Epoch 60 saved.
2025-09-09 11:54:10,464 - INFO - model saved 53 times, last saved epoch: 60.

2025-09-09 11:54:12,239 - INFO - Epoch 61, Train loss: 0.037667106837034225.
2025-09-09 11:54:12,922 - INFO - mIoU: 0.928; OA: 0.9779; AA: 0.9611; F1: 0.9621; Kappa: 0.9621;
2025-09-09 11:54:12,922 - INFO - spatial_LccAccuracy: 0.8828; spatial_PA: 0.991; spatial_UA: 0.9848; spatial_F1: 0.9879
2025-09-09 11:54:12,923 - INFO - temporal_CdAccuracy: 0.6986; temporal_PA: 0.9246; temporal_UA: 0.9077; temporal_F1: 0.916
2025-09-09 11:54:12,924 - INFO - Confusion Matrix
 [66786.	 1318.	    2.	   21.	   61.]
 [  945.	51076.	   80.	   64.	  100.]
 [   32.	  149.	 1970.	   13.	    2.]
 [   49.	    7.	    4.	 1169.	    0.]
 [    4.	  117.	    1.	    2.	10188.]
2025-09-09 11:54:12,925 - INFO - model saved 53 times, last saved epoch: 60.

2025-09-09 11:54:14,301 - INFO - Epoch 62, Train loss: 0.03730547055602074.
2025-09-09 11:54:14,980 - INFO - mIoU: 0.9296; OA: 0.9793; AA: 0.9537; F1: 0.963; Kappa: 0.9645;
2025-09-09 11:54:14,981 - INFO - spatial_LccAccuracy: 0.8918; spatial_PA: 0.9838; spatial_UA: 0.9876; spatial_F1: 0.9857
2025-09-09 11:54:14,981 - INFO - temporal_CdAccuracy: 0.7026; temporal_PA: 0.9258; temporal_UA: 0.9124; temporal_F1: 0.9191
2025-09-09 11:54:14,982 - INFO - Confusion Matrix
 [67368.	  753.	    0.	    7.	   60.]
 [ 1282.	50809.	  102.	   17.	   55.]
 [   25.	  129.	 1998.	   11.	    3.]
 [   72.	   38.	    5.	 1114.	    0.]
 [   19.	  192.	    0.	    1.	10100.]
2025-09-09 11:54:15,027 - INFO - Epoch 62 saved.
2025-09-09 11:54:15,028 - INFO - model saved 54 times, last saved epoch: 62.

2025-09-09 11:54:16,861 - INFO - Epoch 63, Train loss: 0.034461863338947296.
2025-09-09 11:54:17,637 - INFO - mIoU: 0.9324; OA: 0.9798; AA: 0.9582; F1: 0.9646; Kappa: 0.9654;
2025-09-09 11:54:17,638 - INFO - spatial_LccAccuracy: 0.8918; spatial_PA: 0.9908; spatial_UA: 0.9916; spatial_F1: 0.9912
2025-09-09 11:54:17,638 - INFO - temporal_CdAccuracy: 0.7057; temporal_PA: 0.9318; temporal_UA: 0.9151; temporal_F1: 0.9234
2025-09-09 11:54:17,639 - INFO - Confusion Matrix
 [67040.	 1069.	    8.	   11.	   60.]
 [  889.	51193.	   76.	   38.	   69.]
 [   11.	  184.	 1959.	    3.	    9.]
 [   34.	   30.	    2.	 1161.	    2.]
 [   10.	  201.	    3.	    2.	10096.]
2025-09-09 11:54:17,685 - INFO - Epoch 63 saved.
2025-09-09 11:54:17,685 - INFO - model saved 55 times, last saved epoch: 63.

2025-09-09 11:54:19,179 - INFO - Epoch 64, Train loss: 0.03426758199930191.
2025-09-09 11:54:19,929 - INFO - mIoU: 0.9321; OA: 0.9793; AA: 0.9556; F1: 0.9645; Kappa: 0.9646;
2025-09-09 11:54:19,929 - INFO - spatial_LccAccuracy: 0.8895; spatial_PA: 0.9883; spatial_UA: 0.9899; spatial_F1: 0.9891
2025-09-09 11:54:19,929 - INFO - temporal_CdAccuracy: 0.7133; temporal_PA: 0.9155; temporal_UA: 0.9143; temporal_F1: 0.9149
2025-09-09 11:54:19,930 - INFO - Confusion Matrix
 [66805.	 1308.	    6.	    9.	   60.]
 [  736.	51370.	   78.	   21.	   60.]
 [   13.	  163.	 1978.	    5.	    7.]
 [   55.	   37.	    2.	 1134.	    1.]
 [   24.	  185.	    2.	    2.	10099.]
2025-09-09 11:54:19,931 - INFO - model saved 55 times, last saved epoch: 63.

2025-09-09 11:54:21,696 - INFO - Epoch 65, Train loss: 0.03327781707048416.
2025-09-09 11:54:22,454 - INFO - mIoU: 0.9356; OA: 0.9797; AA: 0.9598; F1: 0.9664; Kappa: 0.9652;
2025-09-09 11:54:22,454 - INFO - spatial_LccAccuracy: 0.9043; spatial_PA: 0.9865; spatial_UA: 0.9904; spatial_F1: 0.9884
2025-09-09 11:54:22,454 - INFO - temporal_CdAccuracy: 0.7129; temporal_PA: 0.9249; temporal_UA: 0.9187; temporal_F1: 0.9218
2025-09-09 11:54:22,455 - INFO - Confusion Matrix
 [67229.	  891.	    1.	    7.	   60.]
 [ 1121.	50968.	  104.	   19.	   53.]
 [   25.	  138.	 1994.	    9.	    0.]
 [   46.	   27.	    3.	 1153.	    0.]
 [   12.	  201.	    2.	    0.	10097.]
2025-09-09 11:54:22,502 - INFO - Epoch 65 saved.
2025-09-09 11:54:22,503 - INFO - model saved 56 times, last saved epoch: 65.

2025-09-09 11:54:24,053 - INFO - Epoch 66, Train loss: 0.03119915910065174.
2025-09-09 11:54:24,726 - INFO - mIoU: 0.935; OA: 0.9791; AA: 0.9608; F1: 0.9661; Kappa: 0.9642;
2025-09-09 11:54:24,726 - INFO - spatial_LccAccuracy: 0.8895; spatial_PA: 0.9878; spatial_UA: 0.9917; spatial_F1: 0.9898
2025-09-09 11:54:24,726 - INFO - temporal_CdAccuracy: 0.7227; temporal_PA: 0.9182; temporal_UA: 0.9178; temporal_F1: 0.918
2025-09-09 11:54:24,727 - INFO - Confusion Matrix
 [67145.	  969.	    3.	   11.	   60.]
 [ 1066.	51044.	   87.	   30.	   38.]
 [   21.	  133.	 2000.	    7.	    5.]
 [   36.	   23.	    4.	 1166.	    0.]
 [   33.	  267.	    1.	    4.	10007.]
2025-09-09 11:54:24,728 - INFO - model saved 56 times, last saved epoch: 65.

2025-09-09 11:54:26,419 - INFO - Epoch 67, Train loss: 0.031064793467521667.
2025-09-09 11:54:27,136 - INFO - mIoU: 0.9363; OA: 0.9805; AA: 0.9597; F1: 0.9667; Kappa: 0.9666;
2025-09-09 11:54:27,136 - INFO - spatial_LccAccuracy: 0.9021; spatial_PA: 0.9894; spatial_UA: 0.9902; spatial_F1: 0.9898
2025-09-09 11:54:27,136 - INFO - temporal_CdAccuracy: 0.7191; temporal_PA: 0.9294; temporal_UA: 0.9205; temporal_F1: 0.9249
2025-09-09 11:54:27,137 - INFO - Confusion Matrix
 [67049.	 1054.	   12.	   13.	   60.]
 [  869.	51229.	   84.	   16.	   67.]
 [   13.	  151.	 1992.	    3.	    7.]
 [   48.	   27.	    5.	 1147.	    2.]
 [   11.	  173.	    0.	    1.	10127.]
2025-09-09 11:54:27,202 - INFO - Epoch 67 saved.
2025-09-09 11:54:27,203 - INFO - model saved 57 times, last saved epoch: 67.

2025-09-09 11:54:28,939 - INFO - Epoch 68, Train loss: 0.027539100497961044.
2025-09-09 11:54:29,624 - INFO - mIoU: 0.936; OA: 0.9802; AA: 0.9589; F1: 0.9666; Kappa: 0.9661;
2025-09-09 11:54:29,624 - INFO - spatial_LccAccuracy: 0.9088; spatial_PA: 0.9921; spatial_UA: 0.9929; spatial_F1: 0.9925
2025-09-09 11:54:29,624 - INFO - temporal_CdAccuracy: 0.7169; temporal_PA: 0.9299; temporal_UA: 0.9187; temporal_F1: 0.9243
2025-09-09 11:54:29,625 - INFO - Confusion Matrix
 [67356.	  759.	    1.	   12.	   60.]
 [ 1155.	50964.	   73.	   27.	   46.]
 [   21.	  148.	 1990.	    6.	    1.]
 [   43.	   28.	    3.	 1154.	    1.]
 [   34.	  232.	    2.	    0.	10044.]
2025-09-09 11:54:29,626 - INFO - model saved 57 times, last saved epoch: 67.

2025-09-09 11:54:31,164 - INFO - Epoch 69, Train loss: 0.028114570304751396.
2025-09-09 11:54:31,874 - INFO - mIoU: 0.9376; OA: 0.9802; AA: 0.961; F1: 0.9674; Kappa: 0.9661;
2025-09-09 11:54:31,874 - INFO - spatial_LccAccuracy: 0.8998; spatial_PA: 0.9886; spatial_UA: 0.991; spatial_F1: 0.9898
2025-09-09 11:54:31,874 - INFO - temporal_CdAccuracy: 0.7111; temporal_PA: 0.9238; temporal_UA: 0.9169; temporal_F1: 0.9203
2025-09-09 11:54:31,875 - INFO - Confusion Matrix
 [67063.	 1051.	    8.	    6.	   60.]
 [  920.	51160.	   76.	   29.	   80.]
 [   16.	  171.	 1973.	    3.	    3.]
 [   38.	   24.	    2.	 1165.	    0.]
 [   10.	  153.	    1.	    1.	10147.]
2025-09-09 11:54:31,920 - INFO - Epoch 69 saved.
2025-09-09 11:54:31,921 - INFO - model saved 58 times, last saved epoch: 69.

2025-09-09 11:54:33,538 - INFO - Epoch 70, Train loss: 0.028465915471315384.
2025-09-09 11:54:34,271 - INFO - mIoU: 0.9383; OA: 0.9802; AA: 0.9715; F1: 0.9679; Kappa: 0.9662;
2025-09-09 11:54:34,271 - INFO - spatial_LccAccuracy: 0.8994; spatial_PA: 0.9883; spatial_UA: 0.9899; spatial_F1: 0.9891
2025-09-09 11:54:34,271 - INFO - temporal_CdAccuracy: 0.7191; temporal_PA: 0.9219; temporal_UA: 0.9227; temporal_F1: 0.9223
2025-09-09 11:54:34,271 - INFO - Confusion Matrix
 [66970.	 1124.	   13.	   21.	   60.]
 [  870.	51115.	  129.	   39.	  112.]
 [   10.	   94.	 2052.	    8.	    2.]
 [   30.	   12.	    5.	 1182.	    0.]
 [    7.	  111.	    2.	    1.	10191.]
2025-09-09 11:54:34,316 - INFO - Epoch 70 saved.
2025-09-09 11:54:34,316 - INFO - model saved 59 times, last saved epoch: 70.

2025-09-09 11:54:35,738 - INFO - Epoch 71, Train loss: 0.025971584022045135.
2025-09-09 11:54:36,555 - INFO - mIoU: 0.9381; OA: 0.9802; AA: 0.9651; F1: 0.9678; Kappa: 0.9661;
2025-09-09 11:54:36,555 - INFO - spatial_LccAccuracy: 0.9083; spatial_PA: 0.9881; spatial_UA: 0.9928; spatial_F1: 0.9905
2025-09-09 11:54:36,556 - INFO - temporal_CdAccuracy: 0.7111; temporal_PA: 0.9369; temporal_UA: 0.9201; temporal_F1: 0.9284
2025-09-09 11:54:36,556 - INFO - Confusion Matrix
 [67285.	  818.	    3.	   21.	   61.]
 [ 1108.	50989.	  105.	   26.	   37.]
 [   13.	  115.	 2027.	    6.	    5.]
 [   25.	   25.	    4.	 1173.	    2.]
 [   19.	  256.	    1.	    1.	10035.]
2025-09-09 11:54:36,557 - INFO - model saved 59 times, last saved epoch: 70.

2025-09-09 11:54:38,410 - INFO - Epoch 72, Train loss: 0.026079664006829262.
2025-09-09 11:54:39,114 - INFO - mIoU: 0.9369; OA: 0.9807; AA: 0.9677; F1: 0.9671; Kappa: 0.9669;
2025-09-09 11:54:39,114 - INFO - spatial_LccAccuracy: 0.898; spatial_PA: 0.9878; spatial_UA: 0.9917; spatial_F1: 0.9898
2025-09-09 11:54:39,115 - INFO - temporal_CdAccuracy: 0.7053; temporal_PA: 0.937; temporal_UA: 0.9178; temporal_F1: 0.9273
2025-09-09 11:54:39,115 - INFO - Confusion Matrix
 [67139.	  950.	    9.	   30.	   60.]
 [  955.	51105.	   89.	   44.	   72.]
 [   19.	  113.	 2021.	    8.	    5.]
 [   27.	   15.	    4.	 1182.	    1.]
 [   10.	  178.	    3.	    1.	10120.]
2025-09-09 11:54:39,117 - INFO - model saved 59 times, last saved epoch: 70.

2025-09-09 11:54:40,704 - INFO - Epoch 73, Train loss: 0.02427227422595024.
2025-09-09 11:54:41,375 - INFO - mIoU: 0.9371; OA: 0.9806; AA: 0.964; F1: 0.9672; Kappa: 0.9667;
2025-09-09 11:54:41,375 - INFO - spatial_LccAccuracy: 0.9186; spatial_PA: 0.9886; spatial_UA: 0.991; spatial_F1: 0.9898
2025-09-09 11:54:41,375 - INFO - temporal_CdAccuracy: 0.7165; temporal_PA: 0.9326; temporal_UA: 0.9186; temporal_F1: 0.9255
2025-09-09 11:54:41,375 - INFO - Confusion Matrix
 [67357.	  754.	    2.	   15.	   60.]
 [ 1118.	50982.	  108.	   19.	   38.]
 [   23.	  119.	 2013.	   11.	    0.]
 [   32.	   19.	    5.	 1173.	    0.]
 [   36.	  235.	    1.	    9.	10031.]
2025-09-09 11:54:41,376 - INFO - model saved 59 times, last saved epoch: 70.

2025-09-09 11:54:43,178 - INFO - Epoch 74, Train loss: 0.023816732689738274.
2025-09-09 11:54:43,875 - INFO - mIoU: 0.9376; OA: 0.9804; AA: 0.968; F1: 0.9675; Kappa: 0.9663;
2025-09-09 11:54:43,876 - INFO - spatial_LccAccuracy: 0.9003; spatial_PA: 0.9926; spatial_UA: 0.9911; spatial_F1: 0.9919
2025-09-09 11:54:43,876 - INFO - temporal_CdAccuracy: 0.7048; temporal_PA: 0.9358; temporal_UA: 0.9133; temporal_F1: 0.9244
2025-09-09 11:54:43,877 - INFO - Confusion Matrix
 [67137.	  965.	    8.	   18.	   60.]
 [  978.	51091.	   89.	   57.	   50.]
 [   17.	  116.	 2023.	    7.	    3.]
 [   28.	   10.	    4.	 1187.	    0.]
 [   18.	  205.	    1.	    1.	10087.]
2025-09-09 11:54:43,878 - INFO - model saved 59 times, last saved epoch: 70.

2025-09-09 11:54:45,492 - INFO - Epoch 75, Train loss: 0.023501913994550705.
2025-09-09 11:54:46,259 - INFO - mIoU: 0.9367; OA: 0.9806; AA: 0.9567; F1: 0.967; Kappa: 0.9667;
2025-09-09 11:54:46,260 - INFO - spatial_LccAccuracy: 0.9003; spatial_PA: 0.9904; spatial_UA: 0.9866; spatial_F1: 0.9885
2025-09-09 11:54:46,260 - INFO - temporal_CdAccuracy: 0.7205; temporal_PA: 0.9252; temporal_UA: 0.9248; temporal_F1: 0.925
2025-09-09 11:54:46,261 - INFO - Confusion Matrix
 [67163.	  962.	    0.	    3.	   60.]
 [  883.	51256.	   79.	   16.	   31.]
 [   15.	  159.	 1989.	    3.	    0.]
 [   57.	   28.	    2.	 1142.	    0.]
 [   21.	  282.	    1.	    2.	10006.]
2025-09-09 11:54:46,262 - INFO - model saved 59 times, last saved epoch: 70.

2025-09-09 11:54:48,077 - INFO - Epoch 76, Train loss: 0.02143624797463417.
2025-09-09 11:54:48,831 - INFO - mIoU: 0.9416; OA: 0.9803; AA: 0.963; F1: 0.9697; Kappa: 0.9662;
2025-09-09 11:54:48,832 - INFO - spatial_LccAccuracy: 0.9132; spatial_PA: 0.9916; spatial_UA: 0.9908; spatial_F1: 0.9912
2025-09-09 11:54:48,832 - INFO - temporal_CdAccuracy: 0.7106; temporal_PA: 0.936; temporal_UA: 0.9185; temporal_F1: 0.9271
2025-09-09 11:54:48,833 - INFO - Confusion Matrix
 [67267.	  847.	    7.	    7.	   60.]
 [ 1142.	50985.	   86.	   10.	   42.]
 [   17.	  126.	 2019.	    3.	    1.]
 [   45.	   20.	    5.	 1159.	    0.]
 [   18.	  206.	    1.	    3.	10084.]
2025-09-09 11:54:48,879 - INFO - Epoch 76 saved.
2025-09-09 11:54:48,880 - INFO - model saved 60 times, last saved epoch: 76.

2025-09-09 11:54:50,537 - INFO - Epoch 77, Train loss: 0.02221175655722618.
2025-09-09 11:54:51,270 - INFO - mIoU: 0.9378; OA: 0.9808; AA: 0.9619; F1: 0.9676; Kappa: 0.9671;
2025-09-09 11:54:51,271 - INFO - spatial_LccAccuracy: 0.9016; spatial_PA: 0.991; spatial_UA: 0.9887; spatial_F1: 0.9898
2025-09-09 11:54:51,271 - INFO - temporal_CdAccuracy: 0.7241; temporal_PA: 0.931; temporal_UA: 0.925; temporal_F1: 0.9279
2025-09-09 11:54:51,272 - INFO - Confusion Matrix
 [67191.	  915.	    6.	   16.	   60.]
 [  957.	51147.	   93.	   15.	   53.]
 [   22.	  134.	 2005.	    5.	    0.]
 [   47.	   21.	    4.	 1157.	    0.]
 [   25.	  192.	    1.	    4.	10090.]
2025-09-09 11:54:51,273 - INFO - model saved 60 times, last saved epoch: 76.

2025-09-09 11:54:52,933 - INFO - Epoch 78, Train loss: 0.020926833152770996.
2025-09-09 11:54:53,627 - INFO - mIoU: 0.9434; OA: 0.9817; AA: 0.965; F1: 0.9706; Kappa: 0.9686;
2025-09-09 11:54:53,628 - INFO - spatial_LccAccuracy: 0.9106; spatial_PA: 0.9886; spatial_UA: 0.991; spatial_F1: 0.9898
2025-09-09 11:54:53,628 - INFO - temporal_CdAccuracy: 0.7196; temporal_PA: 0.9378; temporal_UA: 0.9283; temporal_F1: 0.9331
2025-09-09 11:54:53,629 - INFO - Confusion Matrix
 [67119.	  998.	    2.	    9.	   60.]
 [  830.	51231.	   79.	   14.	  111.]
 [   20.	  128.	 2012.	    3.	    3.]
 [   34.	   28.	    5.	 1161.	    1.]
 [    4.	  128.	    1.	    0.	10179.]
2025-09-09 11:54:53,677 - INFO - Epoch 78 saved.
2025-09-09 11:54:53,678 - INFO - model saved 61 times, last saved epoch: 78.

2025-09-09 11:54:55,168 - INFO - Epoch 79, Train loss: 0.01962254010140896.
2025-09-09 11:54:55,927 - INFO - mIoU: 0.935; OA: 0.9808; AA: 0.9534; F1: 0.966; Kappa: 0.9671;
2025-09-09 11:54:55,927 - INFO - spatial_LccAccuracy: 0.9123; spatial_PA: 0.9862; spatial_UA: 0.9893; spatial_F1: 0.9878
2025-09-09 11:54:55,928 - INFO - temporal_CdAccuracy: 0.7106; temporal_PA: 0.9406; temporal_UA: 0.9239; temporal_F1: 0.9322
2025-09-09 11:54:55,928 - INFO - Confusion Matrix
 [66969.	 1151.	    1.	    7.	   60.]
 [  720.	51430.	   63.	    8.	   44.]
 [   22.	  173.	 1966.	    5.	    0.]
 [   60.	   44.	    2.	 1123.	    0.]
 [    8.	  202.	    1.	    0.	10101.]
2025-09-09 11:54:55,930 - INFO - model saved 61 times, last saved epoch: 78.

2025-09-09 11:54:57,733 - INFO - Epoch 80, Train loss: 0.02120206132531166.
2025-09-09 11:54:58,478 - INFO - mIoU: 0.9413; OA: 0.9819; AA: 0.9596; F1: 0.9695; Kappa: 0.9689;
2025-09-09 11:54:58,478 - INFO - spatial_LccAccuracy: 0.9128; spatial_PA: 0.9883; spatial_UA: 0.9899; spatial_F1: 0.9891
2025-09-09 11:54:58,479 - INFO - temporal_CdAccuracy: 0.7236; temporal_PA: 0.9338; temporal_UA: 0.925; temporal_F1: 0.9294
2025-09-09 11:54:58,479 - INFO - Confusion Matrix
 [67271.	  847.	    1.	    9.	   60.]
 [  915.	51235.	   63.	   10.	   42.]
 [   15.	  162.	 1984.	    4.	    1.]
 [   44.	   28.	    4.	 1152.	    1.]
 [    9.	  217.	    0.	    0.	10086.]
2025-09-09 11:54:58,481 - INFO - model saved 61 times, last saved epoch: 78.

2025-09-09 11:55:00,232 - INFO - Epoch 81, Train loss: 0.017913997173309326.
2025-09-09 11:55:00,909 - INFO - mIoU: 0.9425; OA: 0.9819; AA: 0.9653; F1: 0.9701; Kappa: 0.969;
2025-09-09 11:55:00,910 - INFO - spatial_LccAccuracy: 0.9128; spatial_PA: 0.9891; spatial_UA: 0.9891; spatial_F1: 0.9891
2025-09-09 11:55:00,910 - INFO - temporal_CdAccuracy: 0.7191; temporal_PA: 0.9354; temporal_UA: 0.9247; temporal_F1: 0.93
2025-09-09 11:55:00,911 - INFO - Confusion Matrix
 [67339.	  782.	    2.	    5.	   60.]
 [  994.	51104.	  107.	   14.	   46.]
 [   21.	  115.	 2025.	    3.	    2.]
 [   42.	   19.	    5.	 1163.	    0.]
 [    8.	  192.	    5.	    4.	10103.]
2025-09-09 11:55:00,912 - INFO - model saved 61 times, last saved epoch: 78.

2025-09-09 11:55:02,627 - INFO - Epoch 82, Train loss: 0.020329348742961884.
2025-09-09 11:55:03,381 - INFO - mIoU: 0.9431; OA: 0.9817; AA: 0.9693; F1: 0.9704; Kappa: 0.9686;
2025-09-09 11:55:03,381 - INFO - spatial_LccAccuracy: 0.8976; spatial_PA: 0.9894; spatial_UA: 0.9902; spatial_F1: 0.9898
2025-09-09 11:55:03,381 - INFO - temporal_CdAccuracy: 0.7205; temporal_PA: 0.9314; temporal_UA: 0.9224; temporal_F1: 0.9269
2025-09-09 11:55:03,382 - INFO - Confusion Matrix
 [67036.	 1077.	    2.	   13.	   60.]
 [  757.	51313.	   83.	   39.	   73.]
 [   13.	  131.	 2017.	    5.	    0.]
 [   23.	   14.	    3.	 1188.	    1.]
 [    4.	  157.	    2.	    3.	10146.]
2025-09-09 11:55:03,383 - INFO - model saved 61 times, last saved epoch: 78.

2025-09-09 11:55:05,137 - INFO - Epoch 83, Train loss: 0.017131974920630455.
2025-09-09 11:55:05,904 - INFO - mIoU: 0.9416; OA: 0.9804; AA: 0.9635; F1: 0.9697; Kappa: 0.9665;
2025-09-09 11:55:05,905 - INFO - spatial_LccAccuracy: 0.9021; spatial_PA: 0.9896; spatial_UA: 0.9873; spatial_F1: 0.9885
2025-09-09 11:55:05,905 - INFO - temporal_CdAccuracy: 0.7097; temporal_PA: 0.9384; temporal_UA: 0.9215; temporal_F1: 0.9299
2025-09-09 11:55:05,906 - INFO - Confusion Matrix
 [67033.	 1071.	    5.	   17.	   62.]
 [  897.	51216.	   71.	   14.	   67.]
 [   20.	  157.	 1989.	    0.	    0.]
 [   41.	   12.	    3.	 1173.	    0.]
 [   21.	  163.	    1.	    2.	10125.]
2025-09-09 11:55:05,907 - INFO - model saved 61 times, last saved epoch: 78.

2025-09-09 11:55:07,551 - INFO - Epoch 84, Train loss: 0.018971847370266914.
2025-09-09 11:55:08,248 - INFO - mIoU: 0.9445; OA: 0.9818; AA: 0.9633; F1: 0.9712; Kappa: 0.9688;
2025-09-09 11:55:08,248 - INFO - spatial_LccAccuracy: 0.9092; spatial_PA: 0.9913; spatial_UA: 0.9897; spatial_F1: 0.9905
2025-09-09 11:55:08,248 - INFO - temporal_CdAccuracy: 0.7209; temporal_PA: 0.9346; temporal_UA: 0.9265; temporal_F1: 0.9305
2025-09-09 11:55:08,249 - INFO - Confusion Matrix
 [66996.	 1124.	    4.	    4.	   60.]
 [  694.	51421.	   56.	   20.	   74.]
 [   12.	  174.	 1980.	    0.	    0.]
 [   36.	   21.	    2.	 1170.	    0.]
 [   11.	  151.	    1.	    0.	10149.]
2025-09-09 11:55:08,299 - INFO - Epoch 84 saved.
2025-09-09 11:55:08,299 - INFO - model saved 62 times, last saved epoch: 84.

2025-09-09 11:55:09,996 - INFO - Epoch 85, Train loss: 0.01632026955485344.
2025-09-09 11:55:10,691 - INFO - mIoU: 0.9431; OA: 0.9811; AA: 0.9696; F1: 0.9705; Kappa: 0.9676;
2025-09-09 11:55:10,691 - INFO - spatial_LccAccuracy: 0.8962; spatial_PA: 0.9916; spatial_UA: 0.9908; spatial_F1: 0.9912
2025-09-09 11:55:10,691 - INFO - temporal_CdAccuracy: 0.7062; temporal_PA: 0.9372; temporal_UA: 0.9182; temporal_F1: 0.9276
2025-09-09 11:55:10,692 - INFO - Confusion Matrix
 [67035.	 1075.	    8.	    8.	   62.]
 [  827.	51255.	   82.	   49.	   52.]
 [   18.	  121.	 2025.	    2.	    0.]
 [   27.	    8.	    4.	 1190.	    0.]
 [   11.	  182.	    2.	    0.	10117.]
2025-09-09 11:55:10,693 - INFO - model saved 62 times, last saved epoch: 84.

2025-09-09 11:55:12,224 - INFO - Epoch 86, Train loss: 0.01632719486951828.
2025-09-09 11:55:12,950 - INFO - mIoU: 0.9469; OA: 0.9825; AA: 0.9674; F1: 0.9725; Kappa: 0.9699;
2025-09-09 11:55:12,950 - INFO - spatial_LccAccuracy: 0.9164; spatial_PA: 0.9908; spatial_UA: 0.9916; spatial_F1: 0.9912
2025-09-09 11:55:12,950 - INFO - temporal_CdAccuracy: 0.7214; temporal_PA: 0.9398; temporal_UA: 0.9281; temporal_F1: 0.9339
2025-09-09 11:55:12,951 - INFO - Confusion Matrix
 [67316.	  796.	    8.	    7.	   61.]
 [  933.	51165.	   70.	   18.	   79.]
 [   11.	  137.	 2015.	    1.	    2.]
 [   29.	   19.	    4.	 1177.	    0.]
 [   24.	  154.	    0.	    1.	10133.]
2025-09-09 11:55:13,006 - INFO - Epoch 86 saved.
2025-09-09 11:55:13,007 - INFO - model saved 63 times, last saved epoch: 86.

2025-09-09 11:55:14,808 - INFO - Epoch 87, Train loss: 0.014570602215826511.
2025-09-09 11:55:15,508 - INFO - mIoU: 0.947; OA: 0.9825; AA: 0.9716; F1: 0.9726; Kappa: 0.9701;
2025-09-09 11:55:15,508 - INFO - spatial_LccAccuracy: 0.9114; spatial_PA: 0.9902; spatial_UA: 0.9894; spatial_F1: 0.9898
2025-09-09 11:55:15,508 - INFO - temporal_CdAccuracy: 0.7254; temporal_PA: 0.9394; temporal_UA: 0.9333; temporal_F1: 0.9363
2025-09-09 11:55:15,509 - INFO - Confusion Matrix
 [67302.	  810.	    9.	    7.	   60.]
 [  916.	51148.	  106.	   23.	   72.]
 [    9.	   99.	 2054.	    3.	    1.]
 [   30.	   12.	    5.	 1182.	    0.]
 [   23.	  154.	    1.	    2.	10132.]
2025-09-09 11:55:15,557 - INFO - Epoch 87 saved.
2025-09-09 11:55:15,557 - INFO - model saved 64 times, last saved epoch: 87.

2025-09-09 11:55:17,106 - INFO - Epoch 88, Train loss: 0.016156820580363274.
2025-09-09 11:55:17,885 - INFO - mIoU: 0.9447; OA: 0.9825; AA: 0.9629; F1: 0.9713; Kappa: 0.9699;
2025-09-09 11:55:17,886 - INFO - spatial_LccAccuracy: 0.9217; spatial_PA: 0.9902; spatial_UA: 0.9894; spatial_F1: 0.9898
2025-09-09 11:55:17,886 - INFO - temporal_CdAccuracy: 0.7205; temporal_PA: 0.944; temporal_UA: 0.9296; temporal_F1: 0.9367
2025-09-09 11:55:17,887 - INFO - Confusion Matrix
 [67203.	  917.	    3.	    5.	   60.]
 [  827.	51292.	   75.	    6.	   65.]
 [   13.	  138.	 2012.	    2.	    1.]
 [   41.	   37.	    3.	 1148.	    0.]
 [    9.	  152.	    0.	    0.	10151.]
2025-09-09 11:55:17,888 - INFO - model saved 64 times, last saved epoch: 87.

2025-09-09 11:55:19,540 - INFO - Epoch 89, Train loss: 0.015402114018797874.
2025-09-09 11:55:20,292 - INFO - mIoU: 0.9486; OA: 0.9827; AA: 0.9709; F1: 0.9734; Kappa: 0.9703;
2025-09-09 11:55:20,292 - INFO - spatial_LccAccuracy: 0.9173; spatial_PA: 0.9908; spatial_UA: 0.9916; spatial_F1: 0.9912
2025-09-09 11:55:20,292 - INFO - temporal_CdAccuracy: 0.7214; temporal_PA: 0.9457; temporal_UA: 0.9324; temporal_F1: 0.939
2025-09-09 11:55:20,293 - INFO - Confusion Matrix
 [67124.	  990.	    7.	    7.	   60.]
 [  750.	51316.	  106.	    9.	   84.]
 [   11.	  109.	 2044.	    2.	    0.]
 [   28.	   18.	    5.	 1178.	    0.]
 [    6.	  133.	    0.	    2.	10171.]
2025-09-09 11:55:20,344 - INFO - Epoch 89 saved.
2025-09-09 11:55:20,345 - INFO - model saved 65 times, last saved epoch: 89.

2025-09-09 11:55:21,916 - INFO - Epoch 90, Train loss: 0.014568840153515339.
2025-09-09 11:55:22,703 - INFO - mIoU: 0.9463; OA: 0.9822; AA: 0.9745; F1: 0.9722; Kappa: 0.9694;
2025-09-09 11:55:22,703 - INFO - spatial_LccAccuracy: 0.9164; spatial_PA: 0.99; spatial_UA: 0.9923; spatial_F1: 0.9912
2025-09-09 11:55:22,703 - INFO - temporal_CdAccuracy: 0.7232; temporal_PA: 0.9417; temporal_UA: 0.9309; temporal_F1: 0.9363
2025-09-09 11:55:22,704 - INFO - Confusion Matrix
 [67426.	  679.	   11.	   12.	   60.]
 [ 1099.	50956.	  112.	   37.	   61.]
 [    5.	   96.	 2063.	    1.	    1.]
 [   17.	    9.	    5.	 1198.	    0.]
 [   18.	  164.	    1.	    6.	10123.]
2025-09-09 11:55:22,705 - INFO - model saved 65 times, last saved epoch: 89.

