2025-09-09 11:39:26,965 - INFO - Epoch 0, Train loss: 1.6538825035095215.
2025-09-09 11:39:27,747 - INFO - mIoU: 0.0702; OA: 0.1739; AA: 0.2143; F1: 0.1215; Kappa: 0.0151;
2025-09-09 11:39:27,747 - INFO - spatial_LccAccuracy: 0.0; spatial_PA: 0.5; spatial_UA: 0.6456; spatial_F1: 0.5635
2025-09-09 11:39:27,747 - INFO - temporal_CdAccuracy: 0.0; temporal_PA: 0.6476; temporal_UA: 0.5165; temporal_F1: 0.5747
2025-09-09 11:39:27,748 - INFO - Confusion Matrix
 [ 3346.	22617.	24181.	 8226.	11393.]
 [  981.	17533.	15908.	 7231.	 9203.]
 [   81.	  873.	  777.	  133.	  367.]
 [   19.	  318.	  561.	  244.	  163.]
 [  446.	 2166.	 3885.	 2071.	 1437.]
2025-09-09 11:39:27,814 - INFO - Epoch 0 saved.
2025-09-09 11:39:27,815 - INFO - model saved 1 times, last saved epoch: 0.

2025-09-09 11:39:29,664 - INFO - Epoch 1, Train loss: 1.617051362991333.
2025-09-09 11:39:30,345 - INFO - mIoU: 0.0994; OA: 0.2536; AA: 0.2366; F1: 0.1704; Kappa: 0.0341;
2025-09-09 11:39:30,346 - INFO - spatial_LccAccuracy: 0.0; spatial_PA: 0.5; spatial_UA: 0.6456; spatial_F1: 0.5635
2025-09-09 11:39:30,346 - INFO - temporal_CdAccuracy: 0.0; temporal_PA: 0.6739; temporal_UA: 0.5171; temporal_F1: 0.5852
2025-09-09 11:39:30,347 - INFO - Confusion Matrix
 [12773.	21333.	11312.	 3937.	20408.]
 [ 5629.	17653.	 7768.	 2335.	17471.]
 [  324.	  841.	  563.	   95.	  408.]
 [  122.	  347.	  311.	  146.	  379.]
 [ 1724.	 2692.	 1961.	  743.	 2885.]
2025-09-09 11:39:30,392 - INFO - Epoch 1 saved.
2025-09-09 11:39:30,393 - INFO - model saved 2 times, last saved epoch: 1.

2025-09-09 11:39:32,054 - INFO - Epoch 2, Train loss: 1.5426124334335327.
2025-09-09 11:39:32,780 - INFO - mIoU: 0.1284; OA: 0.3454; AA: 0.2473; F1: 0.2087; Kappa: 0.0803;
2025-09-09 11:39:32,780 - INFO - spatial_LccAccuracy: 0.0; spatial_PA: 0.5; spatial_UA: 0.6456; spatial_F1: 0.5635
2025-09-09 11:39:32,781 - INFO - temporal_CdAccuracy: 0.0; temporal_PA: 0.6942; temporal_UA: 0.5188; temporal_F1: 0.5939
2025-09-09 11:39:32,781 - INFO - Confusion Matrix
 [23864.	18825.	 6026.	  654.	20394.]
 [ 9939.	18700.	 3549.	 1239.	17429.]
 [  583.	  728.	  427.	   17.	  476.]
 [  245.	  304.	  157.	    1.	  598.]
 [ 3211.	 2719.	  684.	   46.	 3345.]
2025-09-09 11:39:32,827 - INFO - Epoch 2 saved.
2025-09-09 11:39:32,828 - INFO - model saved 3 times, last saved epoch: 2.

2025-09-09 11:39:34,489 - INFO - Epoch 3, Train loss: 1.4591313600540161.
2025-09-09 11:39:35,180 - INFO - mIoU: 0.1535; OA: 0.4175; AA: 0.2554; F1: 0.2364; Kappa: 0.1443;
2025-09-09 11:39:35,181 - INFO - spatial_LccAccuracy: 0.0; spatial_PA: 0.5; spatial_UA: 0.6456; spatial_F1: 0.5635
2025-09-09 11:39:35,181 - INFO - temporal_CdAccuracy: 0.0; temporal_PA: 0.7323; temporal_UA: 0.5247; temporal_F1: 0.6114
2025-09-09 11:39:35,182 - INFO - Confusion Matrix
 [31464.	15692.	 3989.	  763.	17855.]
 [10502.	21769.	 3510.	  706.	14369.]
 [  621.	  696.	  341.	   13.	  560.]
 [  320.	  473.	   35.	    2.	  475.]
 [ 3744.	 2942.	  856.	   25.	 2438.]
2025-09-09 11:39:35,227 - INFO - Epoch 3 saved.
2025-09-09 11:39:35,227 - INFO - model saved 4 times, last saved epoch: 3.

2025-09-09 11:39:37,078 - INFO - Epoch 4, Train loss: 1.3689305782318115.
2025-09-09 11:39:37,799 - INFO - mIoU: 0.1831; OA: 0.4763; AA: 0.2945; F1: 0.2741; Kappa: 0.2067;
2025-09-09 11:39:37,800 - INFO - spatial_LccAccuracy: 0.0; spatial_PA: 0.5; spatial_UA: 0.6456; spatial_F1: 0.5635
2025-09-09 11:39:37,800 - INFO - temporal_CdAccuracy: 0.0; temporal_PA: 0.6891; temporal_UA: 0.5226; temporal_F1: 0.5944
2025-09-09 11:39:37,800 - INFO - Confusion Matrix
 [37517.	12253.	 3963.	 2130.	13900.]
 [11488.	23804.	 2478.	  403.	12683.]
 [  573.	  766.	  338.	   78.	  476.]
 [  447.	  420.	   19.	  136.	  283.]
 [ 3869.	 2897.	 1099.	   30.	 2110.]
2025-09-09 11:39:37,860 - INFO - Epoch 4 saved.
2025-09-09 11:39:37,860 - INFO - model saved 5 times, last saved epoch: 4.

2025-09-09 11:39:39,476 - INFO - Epoch 5, Train loss: 1.2787007093429565.
2025-09-09 11:39:40,196 - INFO - mIoU: 0.2038; OA: 0.527; AA: 0.3156; F1: 0.2947; Kappa: 0.2614;
2025-09-09 11:39:40,197 - INFO - spatial_LccAccuracy: 0.0004; spatial_PA: 0.5; spatial_UA: 0.6456; spatial_F1: 0.5635
2025-09-09 11:39:40,197 - INFO - temporal_CdAccuracy: 0.0; temporal_PA: 0.6301; temporal_UA: 0.5181; temporal_F1: 0.5686
2025-09-09 11:39:40,198 - INFO - Confusion Matrix
 [43281.	 8791.	 4563.	 2832.	10296.]
 [12237.	25386.	 1629.	  355.	11249.]
 [  522.	  884.	  340.	  105.	  380.]
 [  506.	  273.	   86.	  206.	  234.]
 [ 4786.	 2715.	  959.	   62.	 1483.]
2025-09-09 11:39:40,243 - INFO - Epoch 5 saved.
2025-09-09 11:39:40,243 - INFO - model saved 6 times, last saved epoch: 5.

2025-09-09 11:39:41,904 - INFO - Epoch 6, Train loss: 1.1888864040374756.
2025-09-09 11:39:42,658 - INFO - mIoU: 0.2252; OA: 0.5821; AA: 0.3299; F1: 0.3157; Kappa: 0.3209;
2025-09-09 11:39:42,658 - INFO - spatial_LccAccuracy: 0.0018; spatial_PA: 0.5011; spatial_UA: 0.8957; spatial_F1: 0.6427
2025-09-09 11:39:42,658 - INFO - temporal_CdAccuracy: 0.0004; temporal_PA: 0.5653; temporal_UA: 0.511; temporal_F1: 0.5368
2025-09-09 11:39:42,659 - INFO - Confusion Matrix
 [49026.	 7609.	 4198.	 1978.	 6952.]
 [12636.	27398.	  957.	  279.	 9586.]
 [  499.	  949.	  287.	  117.	  379.]
 [  629.	  217.	  124.	  211.	  124.]
 [ 5335.	 2595.	  800.	   99.	 1176.]
2025-09-09 11:39:42,705 - INFO - Epoch 6 saved.
2025-09-09 11:39:42,706 - INFO - model saved 7 times, last saved epoch: 6.

2025-09-09 11:39:44,389 - INFO - Epoch 7, Train loss: 1.0925339460372925.
2025-09-09 11:39:45,150 - INFO - mIoU: 0.2534; OA: 0.6354; AA: 0.3614; F1: 0.347; Kappa: 0.3895;
2025-09-09 11:39:45,150 - INFO - spatial_LccAccuracy: 0.0152; spatial_PA: 0.5054; spatial_UA: 0.8965; spatial_F1: 0.6463
2025-09-09 11:39:45,150 - INFO - temporal_CdAccuracy: 0.0027; temporal_PA: 0.571; temporal_UA: 0.5163; temporal_F1: 0.5423
2025-09-09 11:39:45,151 - INFO - Confusion Matrix
 [53256.	 7123.	 4121.	 1224.	 4039.]
 [11680.	30416.	  606.	  185.	 7969.]
 [  428.	  958.	  387.	  110.	  348.]
 [  692.	  196.	   93.	  230.	   94.]
 [ 5545.	 2701.	  679.	  121.	  959.]
2025-09-09 11:39:45,198 - INFO - Epoch 7 saved.
2025-09-09 11:39:45,199 - INFO - model saved 8 times, last saved epoch: 7.

2025-09-09 11:39:47,112 - INFO - Epoch 8, Train loss: 0.9933105707168579.
2025-09-09 11:39:47,914 - INFO - mIoU: 0.2827; OA: 0.6829; AA: 0.3807; F1: 0.3762; Kappa: 0.4592;
2025-09-09 11:39:47,914 - INFO - spatial_LccAccuracy: 0.0313; spatial_PA: 0.5094; spatial_UA: 0.8471; spatial_F1: 0.6362
2025-09-09 11:39:47,914 - INFO - temporal_CdAccuracy: 0.0116; temporal_PA: 0.6069; temporal_UA: 0.5313; temporal_F1: 0.5666
2025-09-09 11:39:47,915 - INFO - Confusion Matrix
 [55651.	 6841.	 3703.	  454.	 3114.]
 [ 9036.	34736.	  229.	  133.	 6722.]
 [  250.	 1075.	  431.	  117.	  358.]
 [  728.	  186.	   91.	  225.	   75.]
 [ 5984.	 2875.	  566.	    9.	  571.]
2025-09-09 11:39:47,959 - INFO - Epoch 8 saved.
2025-09-09 11:39:47,960 - INFO - model saved 9 times, last saved epoch: 8.

2025-09-09 11:39:49,514 - INFO - Epoch 9, Train loss: 0.9004363417625427.
2025-09-09 11:39:50,251 - INFO - mIoU: 0.3057; OA: 0.729; AA: 0.3996; F1: 0.3941; Kappa: 0.5295;
2025-09-09 11:39:50,251 - INFO - spatial_LccAccuracy: 0.0537; spatial_PA: 0.5904; spatial_UA: 0.8996; spatial_F1: 0.713
2025-09-09 11:39:50,251 - INFO - temporal_CdAccuracy: 0.0465; temporal_PA: 0.6277; temporal_UA: 0.5511; temporal_F1: 0.5869
2025-09-09 11:39:50,251 - INFO - Confusion Matrix
 [58539.	 5968.	 2642.	  443.	 2171.]
 [ 7119.	38185.	  171.	   82.	 5299.]
 [  136.	 1088.	  483.	  152.	  372.]
 [  833.	  164.	   91.	  198.	   19.]
 [ 6341.	 2730.	  485.	   53.	  396.]
2025-09-09 11:39:50,325 - INFO - Epoch 9 saved.
2025-09-09 11:39:50,326 - INFO - model saved 10 times, last saved epoch: 9.

2025-09-09 11:39:52,104 - INFO - Epoch 10, Train loss: 0.8205247521400452.
2025-09-09 11:39:52,828 - INFO - mIoU: 0.3292; OA: 0.7647; AA: 0.4203; F1: 0.4166; Kappa: 0.5865;
2025-09-09 11:39:52,829 - INFO - spatial_LccAccuracy: 0.0818; spatial_PA: 0.7347; spatial_UA: 0.9319; spatial_F1: 0.8216
2025-09-09 11:39:52,829 - INFO - temporal_CdAccuracy: 0.1038; temporal_PA: 0.6358; temporal_UA: 0.5641; temporal_F1: 0.5978
2025-09-09 11:39:52,830 - INFO - Confusion Matrix
 [60929.	 4549.	 1752.	  545.	 1988.]
 [ 6298.	40439.	  277.	   73.	 3769.]
 [  131.	 1024.	  484.	  188.	  404.]
 [  874.	  142.	   72.	  213.	    4.]
 [ 6195.	 2791.	  455.	   36.	  528.]
2025-09-09 11:39:52,876 - INFO - Epoch 10 saved.
2025-09-09 11:39:52,877 - INFO - model saved 11 times, last saved epoch: 10.

2025-09-09 11:39:54,255 - INFO - Epoch 11, Train loss: 0.7492876052856445.
2025-09-09 11:39:54,928 - INFO - mIoU: 0.3459; OA: 0.7842; AA: 0.432; F1: 0.4353; Kappa: 0.6195;
2025-09-09 11:39:54,928 - INFO - spatial_LccAccuracy: 0.1042; spatial_PA: 0.781; spatial_UA: 0.9373; spatial_F1: 0.852
2025-09-09 11:39:54,928 - INFO - temporal_CdAccuracy: 0.1248; temporal_PA: 0.6542; temporal_UA: 0.5832; temporal_F1: 0.6167
2025-09-09 11:39:54,928 - INFO - Confusion Matrix
 [61676.	 4553.	 1159.	  352.	 2023.]
 [ 5189.	42120.	  136.	   89.	 3322.]
 [  112.	 1091.	  523.	  165.	  340.]
 [  917.	  147.	   49.	  186.	    6.]
 [ 5490.	 3265.	  536.	    6.	  708.]
2025-09-09 11:39:54,971 - INFO - Epoch 11 saved.
2025-09-09 11:39:54,972 - INFO - model saved 12 times, last saved epoch: 11.

2025-09-09 11:39:56,653 - INFO - Epoch 12, Train loss: 0.6850876808166504.
2025-09-09 11:39:57,355 - INFO - mIoU: 0.3662; OA: 0.8044; AA: 0.451; F1: 0.4588; Kappa: 0.653;
2025-09-09 11:39:57,355 - INFO - spatial_LccAccuracy: 0.1199; spatial_PA: 0.7703; spatial_UA: 0.9346; spatial_F1: 0.8445
2025-09-09 11:39:57,355 - INFO - temporal_CdAccuracy: 0.1257; temporal_PA: 0.6684; temporal_UA: 0.59; temporal_F1: 0.6268
2025-09-09 11:39:57,356 - INFO - Confusion Matrix
 [62755.	 3828.	  969.	  283.	 1928.]
 [ 4773.	43474.	  158.	   82.	 2369.]
 [  205.	  893.	  559.	  223.	  351.]
 [  928.	  141.	   22.	  205.	    9.]
 [ 5460.	 3216.	  387.	   10.	  932.]
2025-09-09 11:39:57,407 - INFO - Epoch 12 saved.
2025-09-09 11:39:57,408 - INFO - model saved 13 times, last saved epoch: 12.

2025-09-09 11:39:58,931 - INFO - Epoch 13, Train loss: 0.6304349303245544.
2025-09-09 11:39:59,586 - INFO - mIoU: 0.3873; OA: 0.8216; AA: 0.4666; F1: 0.4842; Kappa: 0.682;
2025-09-09 11:39:59,586 - INFO - spatial_LccAccuracy: 0.1288; spatial_PA: 0.7004; spatial_UA: 0.914; spatial_F1: 0.7931
2025-09-09 11:39:59,586 - INFO - temporal_CdAccuracy: 0.0957; temporal_PA: 0.6829; temporal_UA: 0.5977; temporal_F1: 0.6375
2025-09-09 11:39:59,587 - INFO - Confusion Matrix
 [63371.	 3798.	  591.	  110.	 1893.]
 [ 4233.	44848.	  103.	   37.	 1635.]
 [  219.	  817.	  632.	  242.	  321.]
 [  929.	  141.	   17.	  182.	   36.]
 [ 5316.	 3134.	  320.	   36.	 1199.]
2025-09-09 11:39:59,633 - INFO - Epoch 13 saved.
2025-09-09 11:39:59,633 - INFO - model saved 14 times, last saved epoch: 13.

2025-09-09 11:40:01,540 - INFO - Epoch 14, Train loss: 0.5781239867210388.
2025-09-09 11:40:02,304 - INFO - mIoU: 0.3947; OA: 0.8333; AA: 0.474; F1: 0.4893; Kappa: 0.7026;
2025-09-09 11:40:02,305 - INFO - spatial_LccAccuracy: 0.1449; spatial_PA: 0.6773; spatial_UA: 0.902; spatial_F1: 0.7737
2025-09-09 11:40:02,305 - INFO - temporal_CdAccuracy: 0.0948; temporal_PA: 0.6938; temporal_UA: 0.5985; temporal_F1: 0.6426
2025-09-09 11:40:02,306 - INFO - Confusion Matrix
 [63956.	 3224.	  497.	  253.	 1833.]
 [ 3945.	45630.	  110.	   76.	 1095.]
 [  253.	  757.	  663.	  273.	  285.]
 [  900.	  197.	   12.	  157.	   39.]
 [ 4603.	 3612.	  402.	    4.	 1384.]
2025-09-09 11:40:02,351 - INFO - Epoch 14 saved.
2025-09-09 11:40:02,351 - INFO - model saved 15 times, last saved epoch: 14.

2025-09-09 11:40:03,932 - INFO - Epoch 15, Train loss: 0.5316601991653442.
2025-09-09 11:40:04,658 - INFO - mIoU: 0.4144; OA: 0.8432; AA: 0.4965; F1: 0.5158; Kappa: 0.7208;
2025-09-09 11:40:04,658 - INFO - spatial_LccAccuracy: 0.1816; spatial_PA: 0.6812; spatial_UA: 0.8815; spatial_F1: 0.7685
2025-09-09 11:40:04,659 - INFO - temporal_CdAccuracy: 0.1136; temporal_PA: 0.7018; temporal_UA: 0.587; temporal_F1: 0.6393
2025-09-09 11:40:04,659 - INFO - Confusion Matrix
 [64528.	 2935.	  463.	  126.	 1711.]
 [ 3697.	45990.	  112.	   41.	 1016.]
 [  300.	  667.	  740.	  309.	  215.]
 [  883.	  129.	   85.	  202.	    6.]
 [ 3523.	 4414.	  378.	   24.	 1666.]
2025-09-09 11:40:04,715 - INFO - Epoch 15 saved.
2025-09-09 11:40:04,716 - INFO - model saved 16 times, last saved epoch: 15.

2025-09-09 11:40:06,542 - INFO - Epoch 16, Train loss: 0.49238109588623047.
2025-09-09 11:40:07,281 - INFO - mIoU: 0.4331; OA: 0.8545; AA: 0.5153; F1: 0.538; Kappa: 0.7414;
2025-09-09 11:40:07,281 - INFO - spatial_LccAccuracy: 0.1834; spatial_PA: 0.6944; spatial_UA: 0.898; spatial_F1: 0.7832
2025-09-09 11:40:07,282 - INFO - temporal_CdAccuracy: 0.1212; temporal_PA: 0.696; temporal_UA: 0.5895; temporal_F1: 0.6383
2025-09-09 11:40:07,282 - INFO - Confusion Matrix
 [64951.	 2691.	  266.	  135.	 1720.]
 [ 3598.	46395.	  121.	   56.	  686.]
 [  307.	  612.	  810.	  346.	  156.]
 [  850.	  185.	   73.	  183.	   14.]
 [ 2673.	 4530.	  498.	    3.	 2301.]
2025-09-09 11:40:07,330 - INFO - Epoch 16 saved.
2025-09-09 11:40:07,330 - INFO - model saved 17 times, last saved epoch: 16.

2025-09-09 11:40:09,059 - INFO - Epoch 17, Train loss: 0.45670709013938904.
2025-09-09 11:40:09,750 - INFO - mIoU: 0.4525; OA: 0.8635; AA: 0.5286; F1: 0.5608; Kappa: 0.7571;
2025-09-09 11:40:09,750 - INFO - spatial_LccAccuracy: 0.2397; spatial_PA: 0.7023; spatial_UA: 0.8879; spatial_F1: 0.7843
2025-09-09 11:40:09,751 - INFO - temporal_CdAccuracy: 0.1556; temporal_PA: 0.7068; temporal_UA: 0.5794; temporal_F1: 0.6368
2025-09-09 11:40:09,752 - INFO - Confusion Matrix
 [65566.	 2286.	  250.	  112.	 1549.]
 [ 3704.	46404.	  136.	   39.	  573.]
 [  296.	  603.	  836.	  356.	  140.]
 [  845.	  216.	   52.	  168.	   24.]
 [ 2579.	 4341.	  206.	    3.	 2876.]
2025-09-09 11:40:09,798 - INFO - Epoch 17 saved.
2025-09-09 11:40:09,798 - INFO - model saved 18 times, last saved epoch: 17.

2025-09-09 11:40:11,359 - INFO - Epoch 18, Train loss: 0.42357248067855835.
2025-09-09 11:40:12,081 - INFO - mIoU: 0.4822; OA: 0.8769; AA: 0.5561; F1: 0.5929; Kappa: 0.7819;
2025-09-09 11:40:12,081 - INFO - spatial_LccAccuracy: 0.2665; spatial_PA: 0.7138; spatial_UA: 0.8828; spatial_F1: 0.7893
2025-09-09 11:40:12,082 - INFO - temporal_CdAccuracy: 0.1811; temporal_PA: 0.7253; temporal_UA: 0.5871; temporal_F1: 0.6489
2025-09-09 11:40:12,083 - INFO - Confusion Matrix
 [65657.	 2403.	  220.	   74.	 1409.]
 [ 3277.	46963.	   99.	   32.	  485.]
 [  245.	  627.	  888.	  356.	  115.]
 [  854.	  220.	   43.	  156.	   32.]
 [ 2162.	 3664.	  191.	    4.	 3984.]
2025-09-09 11:40:12,127 - INFO - Epoch 18 saved.
2025-09-09 11:40:12,128 - INFO - model saved 19 times, last saved epoch: 18.

2025-09-09 11:40:13,883 - INFO - Epoch 19, Train loss: 0.39787518978118896.
2025-09-09 11:40:14,559 - INFO - mIoU: 0.5173; OA: 0.8904; AA: 0.592; F1: 0.6295; Kappa: 0.8061;
2025-09-09 11:40:14,560 - INFO - spatial_LccAccuracy: 0.3873; spatial_PA: 0.7117; spatial_UA: 0.8559; spatial_F1: 0.7772
2025-09-09 11:40:14,560 - INFO - temporal_CdAccuracy: 0.2594; temporal_PA: 0.715; temporal_UA: 0.5968; temporal_F1: 0.6506
2025-09-09 11:40:14,560 - INFO - Confusion Matrix
 [66541.	 1903.	  199.	  127.	  993.]
 [ 3646.	46594.	  111.	   53.	  452.]
 [  313.	  524.	  935.	  387.	   72.]
 [  793.	  192.	  112.	  200.	    8.]
 [ 1975.	 2673.	  174.	    3.	 5180.]
2025-09-09 11:40:14,610 - INFO - Epoch 19 saved.
2025-09-09 11:40:14,611 - INFO - model saved 20 times, last saved epoch: 19.

2025-09-09 11:40:16,299 - INFO - Epoch 20, Train loss: 0.36832261085510254.
2025-09-09 11:40:17,021 - INFO - mIoU: 0.5194; OA: 0.897; AA: 0.5942; F1: 0.6268; Kappa: 0.8193;
2025-09-09 11:40:17,021 - INFO - spatial_LccAccuracy: 0.3627; spatial_PA: 0.7175; spatial_UA: 0.8807; spatial_F1: 0.7907
2025-09-09 11:40:17,021 - INFO - temporal_CdAccuracy: 0.2522; temporal_PA: 0.7405; temporal_UA: 0.6157; temporal_F1: 0.6724
2025-09-09 11:40:17,022 - INFO - Confusion Matrix
 [65931.	 2412.	  170.	   68.	 1182.]
 [ 2676.	47558.	   99.	   38.	  485.]
 [  226.	  762.	  810.	  374.	   59.]
 [  710.	  214.	  194.	  186.	    1.]
 [ 1030.	 2864.	  247.	    8.	 5856.]
2025-09-09 11:40:17,090 - INFO - Epoch 20 saved.
2025-09-09 11:40:17,090 - INFO - model saved 21 times, last saved epoch: 20.

2025-09-09 11:40:19,013 - INFO - Epoch 21, Train loss: 0.34389162063598633.
2025-09-09 11:40:19,710 - INFO - mIoU: 0.5579; OA: 0.9072; AA: 0.6277; F1: 0.6665; Kappa: 0.8361;
2025-09-09 11:40:19,710 - INFO - spatial_LccAccuracy: 0.4942; spatial_PA: 0.7288; spatial_UA: 0.8157; spatial_F1: 0.7698
2025-09-09 11:40:19,710 - INFO - temporal_CdAccuracy: 0.3305; temporal_PA: 0.7441; temporal_UA: 0.6375; temporal_F1: 0.6867
2025-09-09 11:40:19,711 - INFO - Confusion Matrix
 [67335.	 1553.	  190.	   98.	  587.]
 [ 3470.	46886.	  148.	   40.	  312.]
 [  295.	  479.	  999.	  413.	   45.]
 [  785.	  160.	  116.	  233.	   11.]
 [ 1879.	 1728.	  138.	    5.	 6255.]
2025-09-09 11:40:19,758 - INFO - Epoch 21 saved.
2025-09-09 11:40:19,758 - INFO - model saved 22 times, last saved epoch: 21.

2025-09-09 11:40:21,352 - INFO - Epoch 22, Train loss: 0.318238228559494.
2025-09-09 11:40:22,133 - INFO - mIoU: 0.5709; OA: 0.9157; AA: 0.6344; F1: 0.669; Kappa: 0.8514;
2025-09-09 11:40:22,133 - INFO - spatial_LccAccuracy: 0.5635; spatial_PA: 0.7703; spatial_UA: 0.7966; spatial_F1: 0.7832
2025-09-09 11:40:22,134 - INFO - temporal_CdAccuracy: 0.4079; temporal_PA: 0.7597; temporal_UA: 0.692; temporal_F1: 0.7243
2025-09-09 11:40:22,134 - INFO - Confusion Matrix
 [67575.	 1536.	  177.	  124.	  351.]
 [ 3269.	47106.	  133.	   64.	  284.]
 [  340.	  462.	 1012.	  379.	   38.]
 [  824.	  191.	  124.	  163.	    3.]
 [ 1672.	 1137.	  201.	    5.	 6990.]
2025-09-09 11:40:22,188 - INFO - Epoch 22 saved.
2025-09-09 11:40:22,189 - INFO - model saved 23 times, last saved epoch: 22.

2025-09-09 11:40:23,881 - INFO - Epoch 23, Train loss: 0.29461604356765747.
2025-09-09 11:40:24,538 - INFO - mIoU: 0.5907; OA: 0.9243; AA: 0.6511; F1: 0.6877; Kappa: 0.8672;
2025-09-09 11:40:24,538 - INFO - spatial_LccAccuracy: 0.5805; spatial_PA: 0.7729; spatial_UA: 0.8046; spatial_F1: 0.7884
2025-09-09 11:40:24,539 - INFO - temporal_CdAccuracy: 0.4428; temporal_PA: 0.7873; temporal_UA: 0.7239; temporal_F1: 0.7543
2025-09-09 11:40:24,540 - INFO - Confusion Matrix
 [67429.	 1749.	  147.	   56.	  382.]
 [ 2614.	47887.	   72.	   16.	  267.]
 [  184.	  621.	  979.	  418.	   29.]
 [  698.	  229.	  172.	  206.	    0.]
 [ 1322.	 1020.	  150.	    4.	 7509.]
2025-09-09 11:40:24,585 - INFO - Epoch 23 saved.
2025-09-09 11:40:24,585 - INFO - model saved 24 times, last saved epoch: 23.

2025-09-09 11:40:26,044 - INFO - Epoch 24, Train loss: 0.2693394720554352.
2025-09-09 11:40:26,788 - INFO - mIoU: 0.6061; OA: 0.931; AA: 0.6649; F1: 0.6979; Kappa: 0.8795;
2025-09-09 11:40:26,788 - INFO - spatial_LccAccuracy: 0.5953; spatial_PA: 0.7887; spatial_UA: 0.8439; spatial_F1: 0.8154
2025-09-09 11:40:26,789 - INFO - temporal_CdAccuracy: 0.4624; temporal_PA: 0.8019; temporal_UA: 0.7272; temporal_F1: 0.7627
2025-09-09 11:40:26,789 - INFO - Confusion Matrix
 [67315.	 1905.	  123.	   47.	  373.]
 [ 2276.	48244.	   75.	   19.	  242.]
 [  219.	  593.	  943.	  455.	   21.]
 [  643.	  234.	  205.	  223.	    0.]
 [  613.	 1081.	  125.	    6.	 8180.]
2025-09-09 11:40:26,836 - INFO - Epoch 24 saved.
2025-09-09 11:40:26,837 - INFO - model saved 25 times, last saved epoch: 24.

2025-09-09 11:40:28,598 - INFO - Epoch 25, Train loss: 0.25075045228004456.
2025-09-09 11:40:29,327 - INFO - mIoU: 0.6279; OA: 0.9355; AA: 0.6873; F1: 0.7163; Kappa: 0.8873;
2025-09-09 11:40:29,327 - INFO - spatial_LccAccuracy: 0.5926; spatial_PA: 0.7757; spatial_UA: 0.8025; spatial_F1: 0.7889
2025-09-09 11:40:29,328 - INFO - temporal_CdAccuracy: 0.4499; temporal_PA: 0.7921; temporal_UA: 0.7304; temporal_F1: 0.76
2025-09-09 11:40:29,329 - INFO - Confusion Matrix
 [67767.	 1516.	  127.	   69.	  284.]
 [ 2682.	47807.	  115.	   30.	  222.]
 [  322.	  393.	 1092.	  405.	   19.]
 [  707.	  158.	  212.	  228.	    0.]
 [  676.	  586.	  124.	    6.	 8613.]
2025-09-09 11:40:29,378 - INFO - Epoch 25 saved.
2025-09-09 11:40:29,379 - INFO - model saved 26 times, last saved epoch: 25.

2025-09-09 11:40:30,741 - INFO - Epoch 26, Train loss: 0.22990812361240387.
2025-09-09 11:40:31,388 - INFO - mIoU: 0.6467; OA: 0.9412; AA: 0.6989; F1: 0.7309; Kappa: 0.8976;
2025-09-09 11:40:31,388 - INFO - spatial_LccAccuracy: 0.6136; spatial_PA: 0.7852; spatial_UA: 0.8129; spatial_F1: 0.7988
2025-09-09 11:40:31,389 - INFO - temporal_CdAccuracy: 0.4656; temporal_PA: 0.7992; temporal_UA: 0.7524; temporal_F1: 0.7751
2025-09-09 11:40:31,390 - INFO - Confusion Matrix
 [67534.	 1795.	  115.	   61.	  258.]
 [ 2151.	48427.	   71.	   28.	  179.]
 [  210.	  491.	 1121.	  397.	   12.]
 [  709.	  197.	  170.	  229.	    0.]
 [  589.	  408.	   35.	    7.	 8966.]
2025-09-09 11:40:31,438 - INFO - Epoch 26 saved.
2025-09-09 11:40:31,439 - INFO - model saved 27 times, last saved epoch: 26.

2025-09-09 11:40:33,142 - INFO - Epoch 27, Train loss: 0.21374531090259552.
2025-09-09 11:40:33,861 - INFO - mIoU: 0.6266; OA: 0.9398; AA: 0.6749; F1: 0.703; Kappa: 0.8954;
2025-09-09 11:40:33,862 - INFO - spatial_LccAccuracy: 0.631; spatial_PA: 0.8043; spatial_UA: 0.8937; spatial_F1: 0.8466
2025-09-09 11:40:33,862 - INFO - temporal_CdAccuracy: 0.5036; temporal_PA: 0.8205; temporal_UA: 0.764; temporal_F1: 0.7912
2025-09-09 11:40:33,863 - INFO - Confusion Matrix
 [66904.	 2422.	  112.	   41.	  284.]
 [ 1634.	48978.	   55.	   23.	  166.]
 [   99.	  706.	  990.	  426.	   10.]
 [  550.	  402.	  220.	  131.	    2.]
 [  431.	  469.	   14.	    5.	 9086.]
2025-09-09 11:40:33,864 - INFO - model saved 27 times, last saved epoch: 26.

2025-09-09 11:40:35,612 - INFO - Epoch 28, Train loss: 0.1972106248140335.
2025-09-09 11:40:36,320 - INFO - mIoU: 0.6477; OA: 0.9448; AA: 0.6907; F1: 0.7224; Kappa: 0.9036;
2025-09-09 11:40:36,320 - INFO - spatial_LccAccuracy: 0.631; spatial_PA: 0.7819; spatial_UA: 0.8082; spatial_F1: 0.7948
2025-09-09 11:40:36,320 - INFO - temporal_CdAccuracy: 0.4866; temporal_PA: 0.7991; temporal_UA: 0.7661; temporal_F1: 0.7822
2025-09-09 11:40:36,321 - INFO - Confusion Matrix
 [68164.	 1358.	   68.	   44.	  129.]
 [ 2433.	48235.	   57.	   20.	  111.]
 [  233.	  451.	 1148.	  389.	   10.]
 [  668.	  290.	  208.	  139.	    0.]
 [  474.	  437.	   16.	    6.	 9072.]
2025-09-09 11:40:36,374 - INFO - Epoch 28 saved.
2025-09-09 11:40:36,375 - INFO - model saved 28 times, last saved epoch: 28.

2025-09-09 11:40:38,005 - INFO - Epoch 29, Train loss: 0.18089160323143005.
2025-09-09 11:40:38,725 - INFO - mIoU: 0.6542; OA: 0.9464; AA: 0.6986; F1: 0.7302; Kappa: 0.9064;
2025-09-09 11:40:38,725 - INFO - spatial_LccAccuracy: 0.6306; spatial_PA: 0.7935; spatial_UA: 0.8445; spatial_F1: 0.8182
2025-09-09 11:40:38,726 - INFO - temporal_CdAccuracy: 0.5045; temporal_PA: 0.8283; temporal_UA: 0.7831; temporal_F1: 0.8051
2025-09-09 11:40:38,726 - INFO - Confusion Matrix
 [68316.	 1238.	   29.	   56.	  124.]
 [ 2453.	48173.	   60.	   30.	  140.]
 [  166.	  462.	 1157.	  440.	    6.]
 [  578.	  313.	  238.	  174.	    2.]
 [  402.	  444.	    6.	    4.	 9149.]
2025-09-09 11:40:38,773 - INFO - Epoch 29 saved.
2025-09-09 11:40:38,773 - INFO - model saved 29 times, last saved epoch: 29.

2025-09-09 11:40:40,667 - INFO - Epoch 30, Train loss: 0.16812638938426971.
2025-09-09 11:40:41,392 - INFO - mIoU: 0.6588; OA: 0.9496; AA: 0.7098; F1: 0.7331; Kappa: 0.9122;
2025-09-09 11:40:41,392 - INFO - spatial_LccAccuracy: 0.6436; spatial_PA: 0.7872; spatial_UA: 0.8225; spatial_F1: 0.8045
2025-09-09 11:40:41,393 - INFO - temporal_CdAccuracy: 0.504; temporal_PA: 0.8373; temporal_UA: 0.7914; temporal_F1: 0.8137
2025-09-09 11:40:41,393 - INFO - Confusion Matrix
 [68105.	 1347.	   90.	   81.	  140.]
 [ 1940.	48690.	  108.	   25.	   93.]
 [  202.	  378.	 1266.	  384.	    1.]
 [  618.	  167.	  348.	  172.	    0.]
 [  342.	  483.	   11.	    5.	 9164.]
2025-09-09 11:40:41,442 - INFO - Epoch 30 saved.
2025-09-09 11:40:41,443 - INFO - model saved 30 times, last saved epoch: 30.

2025-09-09 11:40:43,090 - INFO - Epoch 31, Train loss: 0.15705041587352753.
2025-09-09 11:40:43,856 - INFO - mIoU: 0.671; OA: 0.9479; AA: 0.7159; F1: 0.7487; Kappa: 0.9089;
2025-09-09 11:40:43,856 - INFO - spatial_LccAccuracy: 0.6315; spatial_PA: 0.7875; spatial_UA: 0.8202; spatial_F1: 0.8035
2025-09-09 11:40:43,856 - INFO - temporal_CdAccuracy: 0.4897; temporal_PA: 0.8131; temporal_UA: 0.7841; temporal_F1: 0.7983
2025-09-09 11:40:43,857 - INFO - Confusion Matrix
 [68586.	  987.	   18.	   58.	  114.]
 [ 2746.	47915.	  101.	   35.	   59.]
 [  198.	  373.	 1264.	  391.	    5.]
 [  675.	  218.	  190.	  222.	    0.]
 [  356.	  433.	   17.	   18.	 9181.]
2025-09-09 11:40:43,906 - INFO - Epoch 31 saved.
2025-09-09 11:40:43,907 - INFO - model saved 31 times, last saved epoch: 31.

2025-09-09 11:40:45,820 - INFO - Epoch 32, Train loss: 0.1477530151605606.
2025-09-09 11:40:46,526 - INFO - mIoU: 0.6758; OA: 0.9499; AA: 0.7191; F1: 0.7527; Kappa: 0.9124;
2025-09-09 11:40:46,527 - INFO - spatial_LccAccuracy: 0.6418; spatial_PA: 0.7867; spatial_UA: 0.8094; spatial_F1: 0.7979
2025-09-09 11:40:46,527 - INFO - temporal_CdAccuracy: 0.4955; temporal_PA: 0.8174; temporal_UA: 0.7842; temporal_F1: 0.8005
2025-09-09 11:40:46,528 - INFO - Confusion Matrix
 [68501.	 1098.	   23.	   61.	   80.]
 [ 2399.	48250.	   96.	   42.	   69.]
 [  269.	  353.	 1294.	  313.	    2.]
 [  724.	  163.	  199.	  219.	    0.]
 [  459.	  350.	   13.	   10.	 9173.]
2025-09-09 11:40:46,577 - INFO - Epoch 32 saved.
2025-09-09 11:40:46,578 - INFO - model saved 32 times, last saved epoch: 32.

2025-09-09 11:40:48,163 - INFO - Epoch 33, Train loss: 0.1377345621585846.
2025-09-09 11:40:49,950 - INFO - mIoU: 0.6816; OA: 0.953; AA: 0.7303; F1: 0.7587; Kappa: 0.918;
2025-09-09 11:40:49,950 - INFO - spatial_LccAccuracy: 0.6628; spatial_PA: 0.7874; spatial_UA: 0.8291; spatial_F1: 0.8077
2025-09-09 11:40:49,950 - INFO - temporal_CdAccuracy: 0.5174; temporal_PA: 0.8382; temporal_UA: 0.8132; temporal_F1: 0.8255
2025-09-09 11:40:49,951 - INFO - Confusion Matrix
 [68493.	 1053.	   61.	   50.	  106.]
 [ 2113.	48540.	  106.	   36.	   61.]
 [  218.	  348.	 1363.	  302.	    0.]
 [  665.	  110.	  291.	  239.	    0.]
 [  317.	  455.	    9.	    8.	 9216.]
2025-09-09 11:40:49,997 - INFO - Epoch 33 saved.
2025-09-09 11:40:49,998 - INFO - model saved 33 times, last saved epoch: 33.

2025-09-09 11:40:51,637 - INFO - Epoch 34, Train loss: 0.13181644678115845.
2025-09-09 11:40:52,351 - INFO - mIoU: 0.6865; OA: 0.9536; AA: 0.7342; F1: 0.7643; Kappa: 0.9191;
2025-09-09 11:40:52,351 - INFO - spatial_LccAccuracy: 0.6722; spatial_PA: 0.793; spatial_UA: 0.8498; spatial_F1: 0.8204
2025-09-09 11:40:52,351 - INFO - temporal_CdAccuracy: 0.5282; temporal_PA: 0.8445; temporal_UA: 0.8044; temporal_F1: 0.824
2025-09-09 11:40:52,352 - INFO - Confusion Matrix
 [68502.	 1122.	   13.	   39.	   87.]
 [ 2115.	48578.	   89.	   20.	   54.]
 [  189.	  363.	 1381.	  290.	    8.]
 [  543.	  177.	  333.	  252.	    0.]
 [  319.	  448.	    9.	    8.	 9221.]
2025-09-09 11:40:52,397 - INFO - Epoch 34 saved.
2025-09-09 11:40:52,397 - INFO - model saved 34 times, last saved epoch: 34.

2025-09-09 11:40:54,023 - INFO - Epoch 35, Train loss: 0.12292798608541489.
2025-09-09 11:40:54,688 - INFO - mIoU: 0.6846; OA: 0.9547; AA: 0.7334; F1: 0.7603; Kappa: 0.9212;
2025-09-09 11:40:54,689 - INFO - spatial_LccAccuracy: 0.6646; spatial_PA: 0.8017; spatial_UA: 0.8821; spatial_F1: 0.84
2025-09-09 11:40:54,689 - INFO - temporal_CdAccuracy: 0.5313; temporal_PA: 0.8648; temporal_UA: 0.8069; temporal_F1: 0.8349
2025-09-09 11:40:54,690 - INFO - Confusion Matrix
 [68579.	 1011.	   21.	   50.	  102.]
 [ 2012.	48637.	  113.	   24.	   70.]
 [   93.	  369.	 1372.	  396.	    1.]
 [  484.	  272.	  303.	  245.	    1.]
 [  307.	  429.	    3.	   10.	 9256.]
2025-09-09 11:40:54,691 - INFO - model saved 34 times, last saved epoch: 34.

2025-09-09 11:40:56,306 - INFO - Epoch 36, Train loss: 0.11566886305809021.
2025-09-09 11:40:57,026 - INFO - mIoU: 0.6936; OA: 0.9572; AA: 0.7365; F1: 0.7686; Kappa: 0.9255;
2025-09-09 11:40:57,026 - INFO - spatial_LccAccuracy: 0.686; spatial_PA: 0.8076; spatial_UA: 0.8868; spatial_F1: 0.8454
2025-09-09 11:40:57,026 - INFO - temporal_CdAccuracy: 0.5353; temporal_PA: 0.8564; temporal_UA: 0.8235; temporal_F1: 0.8396
2025-09-09 11:40:57,027 - INFO - Confusion Matrix
 [68202.	 1405.	   28.	   42.	   86.]
 [ 1400.	49331.	   46.	   27.	   52.]
 [   64.	  464.	 1379.	  324.	    0.]
 [  513.	  291.	  249.	  250.	    2.]
 [  283.	  457.	    4.	    5.	 9256.]
2025-09-09 11:40:57,075 - INFO - Epoch 36 saved.
2025-09-09 11:40:57,075 - INFO - model saved 35 times, last saved epoch: 36.

2025-09-09 11:40:58,961 - INFO - Epoch 37, Train loss: 0.11024104803800583.
2025-09-09 11:40:59,709 - INFO - mIoU: 0.6975; OA: 0.9575; AA: 0.7497; F1: 0.7735; Kappa: 0.9262;
2025-09-09 11:40:59,709 - INFO - spatial_LccAccuracy: 0.6771; spatial_PA: 0.8039; spatial_UA: 0.8668; spatial_F1: 0.8342
2025-09-09 11:40:59,709 - INFO - temporal_CdAccuracy: 0.5344; temporal_PA: 0.8528; temporal_UA: 0.8239; temporal_F1: 0.8381
2025-09-09 11:40:59,710 - INFO - Confusion Matrix
 [68014.	 1551.	   46.	   50.	  102.]
 [ 1242.	49407.	  104.	   50.	   53.]
 [  161.	  301.	 1487.	  282.	    0.]
 [  536.	  131.	  363.	  271.	    4.]
 [  234.	  486.	    2.	    1.	 9282.]
2025-09-09 11:40:59,771 - INFO - Epoch 37 saved.
2025-09-09 11:40:59,772 - INFO - model saved 36 times, last saved epoch: 37.

2025-09-09 11:41:01,538 - INFO - Epoch 38, Train loss: 0.10389279574155807.
2025-09-09 11:41:02,261 - INFO - mIoU: 0.7104; OA: 0.9576; AA: 0.754; F1: 0.7863; Kappa: 0.926;
2025-09-09 11:41:02,261 - INFO - spatial_LccAccuracy: 0.6928; spatial_PA: 0.7968; spatial_UA: 0.8399; spatial_F1: 0.8178
2025-09-09 11:41:02,261 - INFO - temporal_CdAccuracy: 0.5215; temporal_PA: 0.8532; temporal_UA: 0.8205; temporal_F1: 0.8365
2025-09-09 11:41:02,262 - INFO - Confusion Matrix
 [68806.	  824.	   23.	   43.	   67.]
 [ 2105.	48585.	   73.	   42.	   51.]
 [  173.	  304.	 1524.	  230.	    0.]
 [  731.	   45.	  243.	  286.	    0.]
 [  353.	  381.	    2.	    3.	 9266.]
2025-09-09 11:41:02,309 - INFO - Epoch 38 saved.
2025-09-09 11:41:02,310 - INFO - model saved 37 times, last saved epoch: 38.

2025-09-09 11:41:03,709 - INFO - Epoch 39, Train loss: 0.10183672606945038.
2025-09-09 11:41:04,453 - INFO - mIoU: 0.7026; OA: 0.9596; AA: 0.7514; F1: 0.7764; Kappa: 0.9297;
2025-09-09 11:41:04,453 - INFO - spatial_LccAccuracy: 0.6954; spatial_PA: 0.8198; spatial_UA: 0.881; spatial_F1: 0.8493
2025-09-09 11:41:04,453 - INFO - temporal_CdAccuracy: 0.5572; temporal_PA: 0.8563; temporal_UA: 0.8374; temporal_F1: 0.8467
2025-09-09 11:41:04,454 - INFO - Confusion Matrix
 [68464.	 1147.	   31.	   40.	   81.]
 [ 1553.	49173.	   62.	   28.	   40.]
 [  121.	  344.	 1531.	  235.	    0.]
 [  484.	  169.	  402.	  250.	    0.]
 [  240.	  442.	    5.	    2.	 9316.]
2025-09-09 11:41:04,455 - INFO - model saved 37 times, last saved epoch: 38.

2025-09-09 11:41:06,102 - INFO - Epoch 40, Train loss: 0.09290789067745209.
2025-09-09 11:41:06,826 - INFO - mIoU: 0.7276; OA: 0.962; AA: 0.7715; F1: 0.8019; Kappa: 0.9338;
2025-09-09 11:41:06,827 - INFO - spatial_LccAccuracy: 0.7267; spatial_PA: 0.87; spatial_UA: 0.8943; spatial_F1: 0.882
2025-09-09 11:41:06,827 - INFO - temporal_CdAccuracy: 0.5778; temporal_PA: 0.866; temporal_UA: 0.8408; temporal_F1: 0.8532
2025-09-09 11:41:06,828 - INFO - Confusion Matrix
 [68566.	 1057.	   32.	   40.	   68.]
 [ 1518.	49186.	   83.	   26.	   43.]
 [  106.	  289.	 1611.	  225.	    0.]
 [  605.	  149.	  223.	  325.	    3.]
 [  214.	  419.	    1.	    1.	 9370.]
2025-09-09 11:41:06,878 - INFO - Epoch 40 saved.
2025-09-09 11:41:06,878 - INFO - model saved 38 times, last saved epoch: 40.

2025-09-09 11:41:08,366 - INFO - Epoch 41, Train loss: 0.08697252720594406.
2025-09-09 11:41:09,098 - INFO - mIoU: 0.7335; OA: 0.9643; AA: 0.7817; F1: 0.8066; Kappa: 0.9379;
2025-09-09 11:41:09,098 - INFO - spatial_LccAccuracy: 0.7715; spatial_PA: 0.9549; spatial_UA: 0.9473; spatial_F1: 0.9511
2025-09-09 11:41:09,098 - INFO - temporal_CdAccuracy: 0.6252; temporal_PA: 0.8768; temporal_UA: 0.8617; temporal_F1: 0.8692
2025-09-09 11:41:09,099 - INFO - Confusion Matrix
 [68636.	  967.	   37.	   54.	   69.]
 [ 1470.	49240.	   87.	   23.	   36.]
 [  105.	  282.	 1701.	  143.	    0.]
 [  467.	  176.	  338.	  324.	    0.]
 [   98.	  438.	    1.	    5.	 9463.]
2025-09-09 11:41:09,144 - INFO - Epoch 41 saved.
2025-09-09 11:41:09,145 - INFO - model saved 39 times, last saved epoch: 41.

2025-09-09 11:41:10,910 - INFO - Epoch 42, Train loss: 0.08359292894601822.
2025-09-09 11:41:11,651 - INFO - mIoU: 0.7525; OA: 0.9639; AA: 0.7966; F1: 0.828; Kappa: 0.9373;
2025-09-09 11:41:11,652 - INFO - spatial_LccAccuracy: 0.7674; spatial_PA: 0.9681; spatial_UA: 0.9561; spatial_F1: 0.9621
2025-09-09 11:41:11,652 - INFO - temporal_CdAccuracy: 0.6225; temporal_PA: 0.8746; temporal_UA: 0.8532; temporal_F1: 0.8638
2025-09-09 11:41:11,653 - INFO - Confusion Matrix
 [68718.	  911.	    8.	   39.	   87.]
 [ 1717.	48941.	   60.	   18.	  120.]
 [   56.	  324.	 1722.	  129.	    0.]
 [  390.	  187.	  226.	  407.	   95.]
 [   88.	  391.	    0.	    1.	 9525.]
2025-09-09 11:41:11,703 - INFO - Epoch 42 saved.
2025-09-09 11:41:11,704 - INFO - model saved 40 times, last saved epoch: 42.

2025-09-09 11:41:13,387 - INFO - Epoch 43, Train loss: 0.08130879700183868.
2025-09-09 11:41:14,120 - INFO - mIoU: 0.7667; OA: 0.966; AA: 0.8158; F1: 0.8423; Kappa: 0.941;
2025-09-09 11:41:14,120 - INFO - spatial_LccAccuracy: 0.7657; spatial_PA: 0.966; spatial_UA: 0.9429; spatial_F1: 0.9543
2025-09-09 11:41:14,121 - INFO - temporal_CdAccuracy: 0.6181; temporal_PA: 0.8693; temporal_UA: 0.8374; temporal_F1: 0.8531
2025-09-09 11:41:14,122 - INFO - Confusion Matrix
 [68700.	  920.	   14.	   52.	   77.]
 [ 1563.	49076.	  101.	   27.	   89.]
 [   47.	  282.	 1801.	  101.	    0.]
 [  472.	   58.	  292.	  481.	    2.]
 [   68.	  398.	    1.	    1.	 9537.]
2025-09-09 11:41:14,167 - INFO - Epoch 43 saved.
2025-09-09 11:41:14,168 - INFO - model saved 41 times, last saved epoch: 43.

2025-09-09 11:41:16,211 - INFO - Epoch 44, Train loss: 0.07492881268262863.
2025-09-09 11:41:16,916 - INFO - mIoU: 0.7579; OA: 0.9655; AA: 0.81; F1: 0.8319; Kappa: 0.9402;
2025-09-09 11:41:16,916 - INFO - spatial_LccAccuracy: 0.7469; spatial_PA: 0.9667; spatial_UA: 0.9362; spatial_F1: 0.9512
2025-09-09 11:41:16,916 - INFO - temporal_CdAccuracy: 0.6167; temporal_PA: 0.8672; temporal_UA: 0.8453; temporal_F1: 0.8561
2025-09-09 11:41:16,916 - INFO - Confusion Matrix
 [68339.	 1265.	   20.	   50.	   89.]
 [ 1240.	49371.	  131.	   44.	   70.]
 [   51.	  257.	 1847.	   76.	    0.]
 [  503.	   58.	  331.	  413.	    0.]
 [  102.	  344.	    1.	    1.	 9557.]
2025-09-09 11:41:16,918 - INFO - model saved 41 times, last saved epoch: 43.

2025-09-09 11:41:18,378 - INFO - Epoch 45, Train loss: 0.07184536755084991.
2025-09-09 11:41:19,050 - INFO - mIoU: 0.7964; OA: 0.9697; AA: 0.8419; F1: 0.8696; Kappa: 0.9475;
2025-09-09 11:41:19,050 - INFO - spatial_LccAccuracy: 0.7697; spatial_PA: 0.9673; spatial_UA: 0.9532; spatial_F1: 0.9602
2025-09-09 11:41:19,050 - INFO - temporal_CdAccuracy: 0.6337; temporal_PA: 0.8982; temporal_UA: 0.8572; temporal_F1: 0.8772
2025-09-09 11:41:19,051 - INFO - Confusion Matrix
 [68674.	  938.	   15.	   46.	   90.]
 [ 1326.	49364.	   75.	   19.	   72.]
 [   24.	  287.	 1868.	   52.	    0.]
 [  349.	   70.	  280.	  599.	    7.]
 [   73.	  343.	    1.	    0.	 9588.]
2025-09-09 11:41:19,100 - INFO - Epoch 45 saved.
2025-09-09 11:41:19,101 - INFO - model saved 42 times, last saved epoch: 45.

2025-09-09 11:41:21,048 - INFO - Epoch 46, Train loss: 0.0713716596364975.
2025-09-09 11:41:21,737 - INFO - mIoU: 0.785; OA: 0.9646; AA: 0.8388; F1: 0.8613; Kappa: 0.939;
2025-09-09 11:41:21,737 - INFO - spatial_LccAccuracy: 0.7746; spatial_PA: 0.9762; spatial_UA: 0.9777; spatial_F1: 0.977
2025-09-09 11:41:21,737 - INFO - temporal_CdAccuracy: 0.6351; temporal_PA: 0.8792; temporal_UA: 0.8569; temporal_F1: 0.8679
2025-09-09 11:41:21,738 - INFO - Confusion Matrix
 [67552.	 2020.	   27.	   59.	  105.]
 [  885.	49798.	   97.	   11.	   65.]
 [   17.	  284.	 1893.	   37.	    0.]
 [  113.	  255.	  360.	  572.	    5.]
 [   42.	  360.	    0.	    1.	 9602.]
2025-09-09 11:41:21,739 - INFO - model saved 42 times, last saved epoch: 45.

2025-09-09 11:41:23,502 - INFO - Epoch 47, Train loss: 0.06585612893104553.
2025-09-09 11:41:24,178 - INFO - mIoU: 0.7955; OA: 0.9687; AA: 0.8436; F1: 0.8675; Kappa: 0.9457;
2025-09-09 11:41:24,178 - INFO - spatial_LccAccuracy: 0.771; spatial_PA: 0.9721; spatial_UA: 0.9566; spatial_F1: 0.9643
2025-09-09 11:41:24,178 - INFO - temporal_CdAccuracy: 0.627; temporal_PA: 0.8836; temporal_UA: 0.853; temporal_F1: 0.868
2025-09-09 11:41:24,179 - INFO - Confusion Matrix
 [68930.	  712.	    8.	   46.	   67.]
 [ 1724.	48882.	  129.	   44.	   77.]
 [   54.	  207.	 1924.	   46.	    0.]
 [  422.	   43.	  261.	  577.	    2.]
 [   71.	  287.	    0.	    0.	 9647.]
2025-09-09 11:41:24,180 - INFO - model saved 42 times, last saved epoch: 45.

2025-09-09 11:41:25,760 - INFO - Epoch 48, Train loss: 0.062153056263923645.
2025-09-09 11:41:26,602 - INFO - mIoU: 0.8029; OA: 0.9701; AA: 0.8477; F1: 0.8738; Kappa: 0.9481;
2025-09-09 11:41:26,602 - INFO - spatial_LccAccuracy: 0.771; spatial_PA: 0.9691; spatial_UA: 0.953; spatial_F1: 0.961
2025-09-09 11:41:26,602 - INFO - temporal_CdAccuracy: 0.6288; temporal_PA: 0.8887; temporal_UA: 0.8491; temporal_F1: 0.8685
2025-09-09 11:41:26,603 - INFO - Confusion Matrix
 [68913.	  719.	   15.	   46.	   70.]
 [ 1606.	49054.	   98.	   29.	   69.]
 [   33.	  241.	 1928.	   29.	    0.]
 [  416.	   31.	  259.	  597.	    2.]
 [   48.	  305.	    1.	    1.	 9650.]
2025-09-09 11:41:26,653 - INFO - Epoch 48 saved.
2025-09-09 11:41:26,654 - INFO - model saved 43 times, last saved epoch: 48.

2025-09-09 11:41:28,394 - INFO - Epoch 49, Train loss: 0.05809979513287544.
2025-09-09 11:41:29,067 - INFO - mIoU: 0.8291; OA: 0.9698; AA: 0.8757; F1: 0.898; Kappa: 0.9479;
2025-09-09 11:41:29,067 - INFO - spatial_LccAccuracy: 0.771; spatial_PA: 0.9755; spatial_UA: 0.9646; spatial_F1: 0.97
2025-09-09 11:41:29,067 - INFO - temporal_CdAccuracy: 0.6427; temporal_PA: 0.9024; temporal_UA: 0.8626; temporal_F1: 0.8821
2025-09-09 11:41:29,068 - INFO - Confusion Matrix
 [68073.	 1529.	   20.	   50.	   91.]
 [ 1009.	49672.	   93.	   10.	   72.]
 [   17.	  272.	 1913.	   29.	    0.]
 [  184.	   74.	  253.	  786.	    8.]
 [   51.	  288.	    0.	    0.	 9666.]
2025-09-09 11:41:29,131 - INFO - Epoch 49 saved.
2025-09-09 11:41:29,132 - INFO - model saved 44 times, last saved epoch: 49.

2025-09-09 11:41:30,549 - INFO - Epoch 50, Train loss: 0.05621584877371788.
2025-09-09 11:41:31,254 - INFO - mIoU: 0.8327; OA: 0.9699; AA: 0.8725; F1: 0.899; Kappa: 0.9478;
2025-09-09 11:41:31,254 - INFO - spatial_LccAccuracy: 0.7737; spatial_PA: 0.9705; spatial_UA: 0.9543; spatial_F1: 0.9623
2025-09-09 11:41:31,254 - INFO - temporal_CdAccuracy: 0.6216; temporal_PA: 0.8985; temporal_UA: 0.8553; temporal_F1: 0.8764
2025-09-09 11:41:31,255 - INFO - Confusion Matrix
 [68980.	  665.	    8.	   49.	   61.]
 [ 1854.	48762.	   90.	   46.	  104.]
 [   22.	  255.	 1927.	   27.	    0.]
 [  395.	   22.	  127.	  760.	    1.]
 [   61.	  251.	    0.	    1.	 9692.]
2025-09-09 11:41:31,301 - INFO - Epoch 50 saved.
2025-09-09 11:41:31,301 - INFO - model saved 45 times, last saved epoch: 50.

2025-09-09 11:41:33,135 - INFO - Epoch 51, Train loss: 0.054685596376657486.
2025-09-09 11:41:33,842 - INFO - mIoU: 0.8442; OA: 0.9717; AA: 0.885; F1: 0.9088; Kappa: 0.9512;
2025-09-09 11:41:33,842 - INFO - spatial_LccAccuracy: 0.7943; spatial_PA: 0.9766; spatial_UA: 0.9685; spatial_F1: 0.9725
2025-09-09 11:41:33,842 - INFO - temporal_CdAccuracy: 0.657; temporal_PA: 0.8975; temporal_UA: 0.8754; temporal_F1: 0.8863
2025-09-09 11:41:33,843 - INFO - Confusion Matrix
 [68140.	 1461.	   10.	   50.	  102.]
 [  902.	49770.	   69.	    8.	  107.]
 [   18.	  266.	 1930.	   17.	    0.]
 [  199.	   78.	  195.	  829.	    4.]
 [   33.	  271.	    0.	    1.	 9700.]
2025-09-09 11:41:33,899 - INFO - Epoch 51 saved.
2025-09-09 11:41:33,900 - INFO - model saved 46 times, last saved epoch: 51.

2025-09-09 11:41:35,438 - INFO - Epoch 52, Train loss: 0.053295038640499115.
2025-09-09 11:41:36,115 - INFO - mIoU: 0.8374; OA: 0.9726; AA: 0.8825; F1: 0.9032; Kappa: 0.9526;
2025-09-09 11:41:36,115 - INFO - spatial_LccAccuracy: 0.8189; spatial_PA: 0.9759; spatial_UA: 0.9729; spatial_F1: 0.9744
2025-09-09 11:41:36,115 - INFO - temporal_CdAccuracy: 0.6883; temporal_PA: 0.9051; temporal_UA: 0.8923; temporal_F1: 0.8986
2025-09-09 11:41:36,116 - INFO - Confusion Matrix
 [68468.	 1136.	   25.	   54.	   80.]
 [ 1153.	49551.	   78.	    8.	   66.]
 [   17.	  223.	 1988.	    3.	    0.]
 [  101.	  133.	  283.	  779.	    9.]
 [   34.	  279.	    0.	    0.	 9692.]
2025-09-09 11:41:36,117 - INFO - model saved 46 times, last saved epoch: 51.

2025-09-09 11:41:37,739 - INFO - Epoch 53, Train loss: 0.04810448735952377.
2025-09-09 11:41:38,546 - INFO - mIoU: 0.8464; OA: 0.974; AA: 0.8923; F1: 0.9096; Kappa: 0.955;
2025-09-09 11:41:38,546 - INFO - spatial_LccAccuracy: 0.7943; spatial_PA: 0.9755; spatial_UA: 0.9646; spatial_F1: 0.97
2025-09-09 11:41:38,547 - INFO - temporal_CdAccuracy: 0.6498; temporal_PA: 0.9092; temporal_UA: 0.8796; temporal_F1: 0.8942
2025-09-09 11:41:38,547 - INFO - Confusion Matrix
 [68743.	  879.	   19.	   53.	   69.]
 [ 1255.	49347.	  138.	   28.	   88.]
 [   34.	  192.	 2003.	    2.	    0.]
 [  233.	   24.	  221.	  827.	    0.]
 [   27.	  230.	    0.	    1.	 9747.]
2025-09-09 11:41:38,612 - INFO - Epoch 53 saved.
2025-09-09 11:41:38,612 - INFO - model saved 47 times, last saved epoch: 53.

2025-09-09 11:41:40,231 - INFO - Epoch 54, Train loss: 0.04678575322031975.
2025-09-09 11:41:41,005 - INFO - mIoU: 0.8632; OA: 0.9742; AA: 0.9041; F1: 0.9218; Kappa: 0.9554;
2025-09-09 11:41:41,005 - INFO - spatial_LccAccuracy: 0.8117; spatial_PA: 0.9761; spatial_UA: 0.9702; spatial_F1: 0.9731
2025-09-09 11:41:41,005 - INFO - temporal_CdAccuracy: 0.6628; temporal_PA: 0.9088; temporal_UA: 0.8885; temporal_F1: 0.8985
2025-09-09 11:41:41,006 - INFO - Confusion Matrix
 [68763.	  870.	    6.	   56.	   68.]
 [ 1320.	49284.	  128.	   19.	  105.]
 [   21.	  209.	 1996.	    5.	    0.]
 [  201.	   40.	  148.	  910.	    6.]
 [   26.	  235.	    0.	    0.	 9744.]
2025-09-09 11:41:41,053 - INFO - Epoch 54 saved.
2025-09-09 11:41:41,054 - INFO - model saved 48 times, last saved epoch: 54.

2025-09-09 11:41:43,006 - INFO - Epoch 55, Train loss: 0.04543917626142502.
2025-09-09 11:41:43,823 - INFO - mIoU: 0.8558; OA: 0.9739; AA: 0.902; F1: 0.9162; Kappa: 0.9549;
2025-09-09 11:41:43,823 - INFO - spatial_LccAccuracy: 0.8032; spatial_PA: 0.9742; spatial_UA: 0.9669; spatial_F1: 0.9705
2025-09-09 11:41:43,824 - INFO - temporal_CdAccuracy: 0.6485; temporal_PA: 0.9128; temporal_UA: 0.8819; temporal_F1: 0.8971
2025-09-09 11:41:43,825 - INFO - Confusion Matrix
 [68899.	  738.	   10.	   50.	   66.]
 [ 1412.	49117.	  161.	   78.	   88.]
 [   32.	  187.	 2002.	   10.	    0.]
 [  257.	   32.	  123.	  893.	    0.]
 [   24.	  227.	    0.	    1.	 9753.]
2025-09-09 11:41:43,826 - INFO - model saved 48 times, last saved epoch: 54.

2025-09-09 11:41:45,372 - INFO - Epoch 56, Train loss: 0.04530562460422516.
2025-09-09 11:41:46,071 - INFO - mIoU: 0.8574; OA: 0.9681; AA: 0.9049; F1: 0.9183; Kappa: 0.9447;
2025-09-09 11:41:46,071 - INFO - spatial_LccAccuracy: 0.7853; spatial_PA: 0.9732; spatial_UA: 0.9702; spatial_F1: 0.9717
2025-09-09 11:41:46,072 - INFO - temporal_CdAccuracy: 0.6158; temporal_PA: 0.8947; temporal_UA: 0.849; temporal_F1: 0.8712
2025-09-09 11:41:46,073 - INFO - Confusion Matrix
 [68903.	  718.	    8.	   52.	   82.]
 [ 2234.	48292.	  129.	  110.	   91.]
 [   45.	  190.	 1996.	    0.	    0.]
 [  246.	   23.	   97.	  937.	    2.]
 [   56.	  199.	    1.	    0.	 9749.]
2025-09-09 11:41:46,074 - INFO - model saved 48 times, last saved epoch: 54.

2025-09-09 11:41:47,839 - INFO - Epoch 57, Train loss: 0.04355916380882263.
2025-09-09 11:41:48,610 - INFO - mIoU: 0.8801; OA: 0.9754; AA: 0.9179; F1: 0.9333; Kappa: 0.9575;
2025-09-09 11:41:48,610 - INFO - spatial_LccAccuracy: 0.8301; spatial_PA: 0.9759; spatial_UA: 0.9729; spatial_F1: 0.9744
2025-09-09 11:41:48,611 - INFO - temporal_CdAccuracy: 0.686; temporal_PA: 0.9225; temporal_UA: 0.8979; temporal_F1: 0.91
2025-09-09 11:41:48,611 - INFO - Confusion Matrix
 [68645.	  984.	   13.	   47.	   74.]
 [ 1208.	49444.	   74.	   21.	  109.]
 [   19.	  218.	 1994.	    0.	    0.]
 [   98.	   52.	  151.	  994.	   10.]
 [   25.	  198.	    0.	    1.	 9781.]
2025-09-09 11:41:48,671 - INFO - Epoch 57 saved.
2025-09-09 11:41:48,671 - INFO - model saved 49 times, last saved epoch: 57.

2025-09-09 11:41:50,213 - INFO - Epoch 58, Train loss: 0.03835827112197876.
2025-09-09 11:41:50,926 - INFO - mIoU: 0.8811; OA: 0.9759; AA: 0.916; F1: 0.9335; Kappa: 0.9584;
2025-09-09 11:41:50,927 - INFO - spatial_LccAccuracy: 0.8207; spatial_PA: 0.9787; spatial_UA: 0.9833; spatial_F1: 0.981
2025-09-09 11:41:50,927 - INFO - temporal_CdAccuracy: 0.6659; temporal_PA: 0.9273; temporal_UA: 0.8887; temporal_F1: 0.9076
2025-09-09 11:41:50,928 - INFO - Confusion Matrix
 [68878.	  759.	   13.	   46.	   67.]
 [ 1329.	49286.	   89.	   32.	  120.]
 [   28.	  196.	 2007.	    0.	    0.]
 [  190.	   47.	   82.	  973.	   13.]
 [   21.	  196.	    0.	    1.	 9787.]
2025-09-09 11:41:50,973 - INFO - Epoch 58 saved.
2025-09-09 11:41:50,974 - INFO - model saved 50 times, last saved epoch: 58.

2025-09-09 11:41:52,806 - INFO - Epoch 59, Train loss: 0.03702265024185181.
2025-09-09 11:41:53,462 - INFO - mIoU: 0.8874; OA: 0.9761; AA: 0.9259; F1: 0.9379; Kappa: 0.9587;
2025-09-09 11:41:53,462 - INFO - spatial_LccAccuracy: 0.8265; spatial_PA: 0.9753; spatial_UA: 0.9709; spatial_F1: 0.9731
2025-09-09 11:41:53,462 - INFO - temporal_CdAccuracy: 0.6829; temporal_PA: 0.9165; temporal_UA: 0.9033; temporal_F1: 0.9098
2025-09-09 11:41:53,463 - INFO - Confusion Matrix
 [68502.	 1121.	   16.	   50.	   74.]
 [ 1052.	49597.	  104.	   19.	   84.]
 [   22.	  192.	 2017.	    0.	    0.]
 [  108.	   32.	  135.	 1029.	    1.]
 [   10.	  191.	    0.	    0.	 9804.]
2025-09-09 11:41:53,523 - INFO - Epoch 59 saved.
2025-09-09 11:41:53,524 - INFO - model saved 51 times, last saved epoch: 59.

2025-09-09 11:41:55,114 - INFO - Epoch 60, Train loss: 0.03595981001853943.
2025-09-09 11:41:55,853 - INFO - mIoU: 0.8941; OA: 0.9775; AA: 0.9265; F1: 0.9419; Kappa: 0.9612;
2025-09-09 11:41:55,853 - INFO - spatial_LccAccuracy: 0.8265; spatial_PA: 0.9764; spatial_UA: 0.9749; spatial_F1: 0.9757
2025-09-09 11:41:55,854 - INFO - temporal_CdAccuracy: 0.6838; temporal_PA: 0.925; temporal_UA: 0.9028; temporal_F1: 0.9138
2025-09-09 11:41:55,854 - INFO - Confusion Matrix
 [68652.	  994.	    7.	   43.	   67.]
 [ 1052.	49638.	   73.	   14.	   79.]
 [   18.	  214.	 1999.	    0.	    0.]
 [  112.	   41.	  113.	 1038.	    1.]
 [   11.	  178.	    0.	    0.	 9816.]
2025-09-09 11:41:55,902 - INFO - Epoch 60 saved.
2025-09-09 11:41:55,902 - INFO - model saved 52 times, last saved epoch: 60.

2025-09-09 11:41:57,417 - INFO - Epoch 61, Train loss: 0.03496318683028221.
2025-09-09 11:41:58,201 - INFO - mIoU: 0.8875; OA: 0.9738; AA: 0.9233; F1: 0.9381; Kappa: 0.9548;
2025-09-09 11:41:58,201 - INFO - spatial_LccAccuracy: 0.8354; spatial_PA: 0.9782; spatial_UA: 0.9851; spatial_F1: 0.9816
2025-09-09 11:41:58,201 - INFO - temporal_CdAccuracy: 0.6807; temporal_PA: 0.9216; temporal_UA: 0.8985; temporal_F1: 0.9099
2025-09-09 11:41:58,201 - INFO - Confusion Matrix
 [68007.	 1590.	   15.	   66.	   85.]
 [  890.	49822.	   53.	   13.	   78.]
 [   17.	  230.	 1982.	    2.	    0.]
 [   54.	   98.	  104.	 1037.	   12.]
 [   10.	  198.	    0.	    0.	 9797.]
2025-09-09 11:41:58,202 - INFO - model saved 52 times, last saved epoch: 60.

2025-09-09 11:41:59,944 - INFO - Epoch 62, Train loss: 0.0350312665104866.
2025-09-09 11:42:00,651 - INFO - mIoU: 0.8901; OA: 0.9753; AA: 0.9256; F1: 0.9397; Kappa: 0.9574;
2025-09-09 11:42:00,651 - INFO - spatial_LccAccuracy: 0.8305; spatial_PA: 0.9792; spatial_UA: 0.9815; spatial_F1: 0.9803
2025-09-09 11:42:00,651 - INFO - temporal_CdAccuracy: 0.6811; temporal_PA: 0.9275; temporal_UA: 0.8969; temporal_F1: 0.912
2025-09-09 11:42:00,652 - INFO - Confusion Matrix
 [68276.	 1325.	   22.	   55.	   85.]
 [  977.	49695.	   53.	   14.	  117.]
 [   13.	  242.	 1975.	    1.	    0.]
 [   82.	   60.	  113.	 1046.	    4.]
 [    0.	  148.	    0.	    0.	 9857.]
2025-09-09 11:42:00,653 - INFO - model saved 52 times, last saved epoch: 60.

2025-09-09 11:42:02,268 - INFO - Epoch 63, Train loss: 0.031567156314849854.
2025-09-09 11:42:03,071 - INFO - mIoU: 0.8903; OA: 0.9763; AA: 0.9204; F1: 0.9394; Kappa: 0.9591;
2025-09-09 11:42:03,072 - INFO - spatial_LccAccuracy: 0.8211; spatial_PA: 0.9709; spatial_UA: 0.9495; spatial_F1: 0.9601
2025-09-09 11:42:03,072 - INFO - temporal_CdAccuracy: 0.6731; temporal_PA: 0.9135; temporal_UA: 0.901; temporal_F1: 0.9072
2025-09-09 11:42:03,073 - INFO - Confusion Matrix
 [68448.	 1203.	    4.	   40.	   68.]
 [  972.	49716.	   69.	   27.	   72.]
 [   20.	  225.	 1986.	    0.	    0.]
 [  205.	   25.	   65.	 1006.	    4.]
 [    8.	  171.	    0.	    0.	 9826.]
2025-09-09 11:42:03,074 - INFO - model saved 52 times, last saved epoch: 60.

2025-09-09 11:42:04,770 - INFO - Epoch 64, Train loss: 0.030510313808918.
2025-09-09 11:42:05,446 - INFO - mIoU: 0.9005; OA: 0.9777; AA: 0.9373; F1: 0.9459; Kappa: 0.9615;
2025-09-09 11:42:05,446 - INFO - spatial_LccAccuracy: 0.8417; spatial_PA: 0.9793; spatial_UA: 0.9854; spatial_F1: 0.9823
2025-09-09 11:42:05,446 - INFO - temporal_CdAccuracy: 0.6847; temporal_PA: 0.9298; temporal_UA: 0.905; temporal_F1: 0.9172
2025-09-09 11:42:05,447 - INFO - Confusion Matrix
 [68675.	  952.	   10.	   53.	   73.]
 [ 1127.	49540.	  108.	   16.	   65.]
 [   20.	  177.	 2032.	    2.	    0.]
 [   71.	   29.	  114.	 1089.	    2.]
 [    8.	  166.	    0.	    0.	 9831.]
2025-09-09 11:42:05,493 - INFO - Epoch 64 saved.
2025-09-09 11:42:05,494 - INFO - model saved 53 times, last saved epoch: 64.

2025-09-09 11:42:07,131 - INFO - Epoch 65, Train loss: 0.029619453474879265.
2025-09-09 11:42:07,793 - INFO - mIoU: 0.8981; OA: 0.9778; AA: 0.9308; F1: 0.9443; Kappa: 0.9617;
2025-09-09 11:42:07,794 - INFO - spatial_LccAccuracy: 0.8462; spatial_PA: 0.9767; spatial_UA: 0.976; spatial_F1: 0.9763
2025-09-09 11:42:07,794 - INFO - temporal_CdAccuracy: 0.6901; temporal_PA: 0.9305; temporal_UA: 0.9063; temporal_F1: 0.9182
2025-09-09 11:42:07,795 - INFO - Confusion Matrix
 [68894.	  750.	    9.	   40.	   70.]
 [ 1285.	49364.	   91.	   26.	   90.]
 [   18.	  200.	 2012.	    1.	    0.]
 [  149.	   20.	   81.	 1055.	    0.]
 [    9.	  135.	    0.	    0.	 9861.]
2025-09-09 11:42:07,796 - INFO - model saved 53 times, last saved epoch: 64.

2025-09-09 11:42:09,567 - INFO - Epoch 66, Train loss: 0.028833841904997826.
2025-09-09 11:42:10,346 - INFO - mIoU: 0.9006; OA: 0.9779; AA: 0.938; F1: 0.9459; Kappa: 0.9619;
2025-09-09 11:42:10,346 - INFO - spatial_LccAccuracy: 0.8394; spatial_PA: 0.9806; spatial_UA: 0.9868; spatial_F1: 0.9837
2025-09-09 11:42:10,346 - INFO - temporal_CdAccuracy: 0.6847; temporal_PA: 0.9305; temporal_UA: 0.906; temporal_F1: 0.9181
2025-09-09 11:42:10,347 - INFO - Confusion Matrix
 [68757.	  880.	    4.	   58.	   64.]
 [ 1185.	49457.	   98.	   19.	   97.]
 [   19.	  180.	 2031.	    1.	    0.]
 [   65.	   24.	  124.	 1091.	    1.]
 [   13.	  131.	    0.	    0.	 9861.]
2025-09-09 11:42:10,394 - INFO - Epoch 66 saved.
2025-09-09 11:42:10,395 - INFO - model saved 54 times, last saved epoch: 66.

2025-09-09 11:42:12,179 - INFO - Epoch 67, Train loss: 0.02888014353811741.
2025-09-09 11:42:12,904 - INFO - mIoU: 0.9047; OA: 0.9772; AA: 0.9359; F1: 0.9484; Kappa: 0.9607;
2025-09-09 11:42:12,904 - INFO - spatial_LccAccuracy: 0.8323; spatial_PA: 0.9744; spatial_UA: 0.9643; spatial_F1: 0.9693
2025-09-09 11:42:12,904 - INFO - temporal_CdAccuracy: 0.6758; temporal_PA: 0.9193; temporal_UA: 0.9063; temporal_F1: 0.9127
2025-09-09 11:42:12,905 - INFO - Confusion Matrix
 [68709.	  924.	   12.	   37.	   81.]
 [ 1241.	49420.	   84.	   26.	   85.]
 [   19.	  186.	 2025.	    1.	    0.]
 [  154.	   10.	   57.	 1082.	    2.]
 [    4.	  134.	    0.	    0.	 9867.]
2025-09-09 11:42:12,951 - INFO - Epoch 67 saved.
2025-09-09 11:42:12,952 - INFO - model saved 55 times, last saved epoch: 67.

2025-09-09 11:42:14,780 - INFO - Epoch 68, Train loss: 0.025700820609927177.
2025-09-09 11:42:15,602 - INFO - mIoU: 0.9046; OA: 0.9783; AA: 0.9382; F1: 0.9482; Kappa: 0.9625;
2025-09-09 11:42:15,603 - INFO - spatial_LccAccuracy: 0.8466; spatial_PA: 0.9752; spatial_UA: 0.9636; spatial_F1: 0.9694
2025-09-09 11:42:15,603 - INFO - temporal_CdAccuracy: 0.6874; temporal_PA: 0.9265; temporal_UA: 0.9122; temporal_F1: 0.9193
2025-09-09 11:42:15,604 - INFO - Confusion Matrix
 [68971.	  682.	    9.	   33.	   68.]
 [ 1315.	49287.	  136.	   37.	   81.]
 [   22.	  154.	 2054.	    1.	    0.]
 [  177.	    7.	   42.	 1079.	    0.]
 [    2.	  143.	    0.	    0.	 9860.]
2025-09-09 11:42:15,605 - INFO - model saved 55 times, last saved epoch: 67.

2025-09-09 11:42:17,425 - INFO - Epoch 69, Train loss: 0.024733277037739754.
2025-09-09 11:42:18,094 - INFO - mIoU: 0.9068; OA: 0.9778; AA: 0.943; F1: 0.9497; Kappa: 0.9617;
2025-09-09 11:42:18,094 - INFO - spatial_LccAccuracy: 0.8457; spatial_PA: 0.9795; spatial_UA: 0.9865; spatial_F1: 0.983
2025-09-09 11:42:18,094 - INFO - temporal_CdAccuracy: 0.6834; temporal_PA: 0.9354; temporal_UA: 0.9036; temporal_F1: 0.9192
2025-09-09 11:42:18,095 - INFO - Confusion Matrix
 [68800.	  830.	   17.	   38.	   78.]
 [ 1275.	49347.	  127.	   21.	   86.]
 [   20.	  161.	 2050.	    0.	    0.]
 [   77.	   23.	   91.	 1113.	    1.]
 [    1.	  134.	    0.	    0.	 9870.]
2025-09-09 11:42:18,144 - INFO - Epoch 69 saved.
2025-09-09 11:42:18,145 - INFO - model saved 56 times, last saved epoch: 69.

2025-09-09 11:42:19,757 - INFO - Epoch 70, Train loss: 0.02397197112441063.
2025-09-09 11:42:20,493 - INFO - mIoU: 0.9144; OA: 0.9785; AA: 0.9448; F1: 0.9542; Kappa: 0.9629;
2025-09-09 11:42:20,493 - INFO - spatial_LccAccuracy: 0.852; spatial_PA: 0.9798; spatial_UA: 0.9876; spatial_F1: 0.9837
2025-09-09 11:42:20,493 - INFO - temporal_CdAccuracy: 0.695; temporal_PA: 0.9318; temporal_UA: 0.9123; temporal_F1: 0.9219
2025-09-09 11:42:20,494 - INFO - Confusion Matrix
 [68771.	  867.	   12.	   40.	   73.]
 [ 1193.	49472.	   67.	   25.	   99.]
 [   20.	  186.	 2022.	    3.	    0.]
 [   76.	   35.	   55.	 1138.	    1.]
 [    2.	  128.	    0.	    0.	 9875.]
2025-09-09 11:42:20,543 - INFO - Epoch 70 saved.
2025-09-09 11:42:20,544 - INFO - model saved 57 times, last saved epoch: 70.

2025-09-09 11:42:22,296 - INFO - Epoch 71, Train loss: 0.02291044592857361.
2025-09-09 11:42:23,003 - INFO - mIoU: 0.9153; OA: 0.9785; AA: 0.9441; F1: 0.9547; Kappa: 0.9629;
2025-09-09 11:42:23,003 - INFO - spatial_LccAccuracy: 0.8609; spatial_PA: 0.9817; spatial_UA: 0.9871; spatial_F1: 0.9844
2025-09-09 11:42:23,003 - INFO - temporal_CdAccuracy: 0.7013; temporal_PA: 0.9311; temporal_UA: 0.9128; temporal_F1: 0.9218
2025-09-09 11:42:23,003 - INFO - Confusion Matrix
 [68688.	  963.	    5.	   39.	   68.]
 [ 1127.	49535.	   57.	   20.	  117.]
 [   18.	  182.	 2030.	    1.	    0.]
 [   65.	   40.	   55.	 1126.	   19.]
 [    8.	  102.	    0.	    0.	 9895.]
2025-09-09 11:42:23,062 - INFO - Epoch 71 saved.
2025-09-09 11:42:23,062 - INFO - model saved 58 times, last saved epoch: 71.

2025-09-09 11:42:24,398 - INFO - Epoch 72, Train loss: 0.02280661277472973.
2025-09-09 11:42:25,123 - INFO - mIoU: 0.9209; OA: 0.9794; AA: 0.9515; F1: 0.958; Kappa: 0.9643;
2025-09-09 11:42:25,124 - INFO - spatial_LccAccuracy: 0.8676; spatial_PA: 0.9772; spatial_UA: 0.9705; spatial_F1: 0.9738
2025-09-09 11:42:25,124 - INFO - temporal_CdAccuracy: 0.7004; temporal_PA: 0.9354; temporal_UA: 0.9182; temporal_F1: 0.9267
2025-09-09 11:42:25,125 - INFO - Confusion Matrix
 [69048.	  615.	    8.	   27.	   65.]
 [ 1376.	49246.	  115.	   27.	   92.]
 [   19.	  132.	 2080.	    0.	    0.]
 [   99.	   10.	   46.	 1150.	    0.]
 [   13.	  126.	    0.	    0.	 9866.]
2025-09-09 11:42:25,173 - INFO - Epoch 72 saved.
2025-09-09 11:42:25,174 - INFO - model saved 59 times, last saved epoch: 72.

2025-09-09 11:42:26,845 - INFO - Epoch 73, Train loss: 0.021804699674248695.
2025-09-09 11:42:27,599 - INFO - mIoU: 0.9213; OA: 0.9799; AA: 0.9465; F1: 0.9582; Kappa: 0.9653;
2025-09-09 11:42:27,599 - INFO - spatial_LccAccuracy: 0.8685; spatial_PA: 0.9822; spatial_UA: 0.9892; spatial_F1: 0.9857
2025-09-09 11:42:27,600 - INFO - temporal_CdAccuracy: 0.7004; temporal_PA: 0.9383; temporal_UA: 0.918; temporal_F1: 0.928
2025-09-09 11:42:27,601 - INFO - Confusion Matrix
 [68770.	  884.	    2.	   31.	   76.]
 [ 1048.	49662.	   52.	   13.	   81.]
 [   19.	  202.	 2010.	    0.	    0.]
 [   58.	   33.	   57.	 1152.	    5.]
 [    5.	  129.	    0.	    0.	 9871.]
2025-09-09 11:42:27,647 - INFO - Epoch 73 saved.
2025-09-09 11:42:27,648 - INFO - model saved 60 times, last saved epoch: 73.

2025-09-09 11:42:29,258 - INFO - Epoch 74, Train loss: 0.02203606441617012.
2025-09-09 11:42:29,954 - INFO - mIoU: 0.9273; OA: 0.9793; AA: 0.9533; F1: 0.9617; Kappa: 0.9643;
2025-09-09 11:42:29,954 - INFO - spatial_LccAccuracy: 0.8792; spatial_PA: 0.982; spatial_UA: 0.9882; spatial_F1: 0.985
2025-09-09 11:42:29,954 - INFO - temporal_CdAccuracy: 0.7115; temporal_PA: 0.9348; temporal_UA: 0.9253; temporal_F1: 0.93
2025-09-09 11:42:29,955 - INFO - Confusion Matrix
 [68834.	  817.	    8.	   36.	   68.]
 [ 1244.	49458.	   59.	   22.	   73.]
 [   17.	  191.	 2023.	    0.	    0.]
 [   58.	   28.	   28.	 1191.	    0.]
 [    2.	  121.	    0.	    0.	 9882.]
2025-09-09 11:42:30,000 - INFO - Epoch 74 saved.
2025-09-09 11:42:30,001 - INFO - model saved 61 times, last saved epoch: 74.

2025-09-09 11:42:31,897 - INFO - Epoch 75, Train loss: 0.021313227713108063.
2025-09-09 11:42:32,584 - INFO - mIoU: 0.9235; OA: 0.9784; AA: 0.9473; F1: 0.9595; Kappa: 0.9627;
2025-09-09 11:42:32,584 - INFO - spatial_LccAccuracy: 0.8748; spatial_PA: 0.9814; spatial_UA: 0.986; spatial_F1: 0.9837
2025-09-09 11:42:32,584 - INFO - temporal_CdAccuracy: 0.7089; temporal_PA: 0.937; temporal_UA: 0.9186; temporal_F1: 0.9277
2025-09-09 11:42:32,585 - INFO - Confusion Matrix
 [68701.	  958.	    6.	   28.	   70.]
 [ 1173.	49506.	   53.	   15.	  109.]
 [   13.	  241.	 1977.	    0.	    0.]
 [   74.	   31.	   20.	 1178.	    2.]
 [    2.	  104.	    0.	    0.	 9899.]
2025-09-09 11:42:32,586 - INFO - model saved 61 times, last saved epoch: 74.

2025-09-09 11:42:34,187 - INFO - Epoch 76, Train loss: 0.019559361040592194.
2025-09-09 11:42:34,963 - INFO - mIoU: 0.9296; OA: 0.9798; AA: 0.9596; F1: 0.963; Kappa: 0.9652;
2025-09-09 11:42:34,963 - INFO - spatial_LccAccuracy: 0.8855; spatial_PA: 0.9825; spatial_UA: 0.9863; spatial_F1: 0.9844
2025-09-09 11:42:34,963 - INFO - temporal_CdAccuracy: 0.7115; temporal_PA: 0.942; temporal_UA: 0.9221; temporal_F1: 0.932
2025-09-09 11:42:34,964 - INFO - Confusion Matrix
 [69023.	  640.	   12.	   23.	   65.]
 [ 1328.	49253.	  123.	   28.	  124.]
 [   21.	  142.	 2068.	    0.	    0.]
 [   68.	   10.	   22.	 1205.	    0.]
 [    9.	   91.	    0.	    0.	 9905.]
2025-09-09 11:42:35,009 - INFO - Epoch 76 saved.
2025-09-09 11:42:35,010 - INFO - model saved 62 times, last saved epoch: 76.

2025-09-09 11:42:36,913 - INFO - Epoch 77, Train loss: 0.01876281015574932.
2025-09-09 11:42:37,636 - INFO - mIoU: 0.9267; OA: 0.9796; AA: 0.9507; F1: 0.9613; Kappa: 0.9649;
2025-09-09 11:42:37,637 - INFO - spatial_LccAccuracy: 0.8851; spatial_PA: 0.9833; spatial_UA: 0.9895; spatial_F1: 0.9864
2025-09-09 11:42:37,637 - INFO - temporal_CdAccuracy: 0.7151; temporal_PA: 0.9363; temporal_UA: 0.9237; temporal_F1: 0.9299
2025-09-09 11:42:37,638 - INFO - Confusion Matrix
 [68730.	  925.	   10.	   30.	   68.]
 [ 1076.	49621.	   49.	   18.	   92.]
 [    9.	  242.	 1979.	    1.	    0.]
 [   50.	   29.	   19.	 1195.	   12.]
 [    2.	   99.	    0.	    0.	 9904.]
2025-09-09 11:42:37,639 - INFO - model saved 62 times, last saved epoch: 76.

2025-09-09 11:42:39,214 - INFO - Epoch 78, Train loss: 0.018971316516399384.
2025-09-09 11:42:39,911 - INFO - mIoU: 0.9286; OA: 0.9791; AA: 0.9576; F1: 0.9624; Kappa: 0.9639;
2025-09-09 11:42:39,912 - INFO - spatial_LccAccuracy: 0.8833; spatial_PA: 0.9825; spatial_UA: 0.9863; spatial_F1: 0.9844
2025-09-09 11:42:39,912 - INFO - temporal_CdAccuracy: 0.712; temporal_PA: 0.9297; temporal_UA: 0.9243; temporal_F1: 0.927
2025-09-09 11:42:39,913 - INFO - Confusion Matrix
 [68586.	 1071.	    5.	   29.	   72.]
 [ 1016.	49620.	   91.	   30.	   99.]
 [   19.	  168.	 2043.	    1.	    0.]
 [   62.	   11.	   26.	 1206.	    0.]
 [   12.	   95.	    0.	    0.	 9898.]
2025-09-09 11:42:39,914 - INFO - model saved 62 times, last saved epoch: 76.

2025-09-09 11:42:41,669 - INFO - Epoch 79, Train loss: 0.017854155972599983.
2025-09-09 11:42:42,407 - INFO - mIoU: 0.9339; OA: 0.9796; AA: 0.9608; F1: 0.9654; Kappa: 0.9648;
2025-09-09 11:42:42,407 - INFO - spatial_LccAccuracy: 0.8913; spatial_PA: 0.9806; spatial_UA: 0.9868; spatial_F1: 0.9837
2025-09-09 11:42:42,407 - INFO - temporal_CdAccuracy: 0.708; temporal_PA: 0.9376; temporal_UA: 0.9206; temporal_F1: 0.9291
2025-09-09 11:42:42,408 - INFO - Confusion Matrix
 [68973.	  697.	    6.	   22.	   65.]
 [ 1359.	49278.	   87.	   33.	   99.]
 [   19.	  159.	 2053.	    0.	    0.]
 [   63.	    6.	   14.	 1222.	    0.]
 [    2.	  103.	    0.	    0.	 9900.]
2025-09-09 11:42:42,456 - INFO - Epoch 79 saved.
2025-09-09 11:42:42,457 - INFO - model saved 63 times, last saved epoch: 79.

2025-09-09 11:42:44,167 - INFO - Epoch 80, Train loss: 0.018660740926861763.
2025-09-09 11:42:44,868 - INFO - mIoU: 0.9237; OA: 0.9791; AA: 0.9507; F1: 0.9596; Kappa: 0.964;
2025-09-09 11:42:44,868 - INFO - spatial_LccAccuracy: 0.8779; spatial_PA: 0.9748; spatial_UA: 0.9592; spatial_F1: 0.9669
2025-09-09 11:42:44,869 - INFO - temporal_CdAccuracy: 0.7008; temporal_PA: 0.9378; temporal_UA: 0.9219; temporal_F1: 0.9298
2025-09-09 11:42:44,870 - INFO - Confusion Matrix
 [68996.	  679.	   10.	   12.	   66.]
 [ 1335.	49222.	   82.	   42.	  175.]
 [   14.	  158.	 2059.	    0.	    0.]
 [  143.	    5.	    6.	 1149.	    2.]
 [    6.	   63.	    0.	    0.	 9936.]
2025-09-09 11:42:44,871 - INFO - model saved 63 times, last saved epoch: 79.

2025-09-09 11:42:46,568 - INFO - Epoch 81, Train loss: 0.015876200050115585.
2025-09-09 11:42:47,298 - INFO - mIoU: 0.9367; OA: 0.9803; AA: 0.9597; F1: 0.9669; Kappa: 0.9659;
2025-09-09 11:42:47,298 - INFO - spatial_LccAccuracy: 0.8909; spatial_PA: 0.9806; spatial_UA: 0.9868; spatial_F1: 0.9837
2025-09-09 11:42:47,298 - INFO - temporal_CdAccuracy: 0.72; temporal_PA: 0.943; temporal_UA: 0.926; temporal_F1: 0.9344
2025-09-09 11:42:47,299 - INFO - Confusion Matrix
 [68993.	  683.	    5.	   19.	   63.]
 [ 1305.	49363.	   75.	   19.	   94.]
 [   20.	  167.	 2043.	    1.	    0.]
 [   61.	   16.	    9.	 1219.	    0.]
 [    7.	  102.	    0.	    0.	 9896.]
2025-09-09 11:42:47,379 - INFO - Epoch 81 saved.
2025-09-09 11:42:47,379 - INFO - model saved 64 times, last saved epoch: 81.

2025-09-09 11:42:49,281 - INFO - Epoch 82, Train loss: 0.016400232911109924.
2025-09-09 11:42:50,000 - INFO - mIoU: 0.9378; OA: 0.9811; AA: 0.9633; F1: 0.9675; Kappa: 0.9674;
2025-09-09 11:42:50,001 - INFO - spatial_LccAccuracy: 0.8958; spatial_PA: 0.9833; spatial_UA: 0.9895; spatial_F1: 0.9864
2025-09-09 11:42:50,001 - INFO - temporal_CdAccuracy: 0.7254; temporal_PA: 0.9446; temporal_UA: 0.9286; temporal_F1: 0.9365
2025-09-09 11:42:50,002 - INFO - Confusion Matrix
 [68728.	  939.	   10.	   21.	   65.]
 [  944.	49721.	   86.	   27.	   78.]
 [   14.	  162.	 2055.	    0.	    0.]
 [   47.	   12.	   14.	 1232.	    0.]
 [    5.	  110.	    0.	    0.	 9890.]
2025-09-09 11:42:50,047 - INFO - Epoch 82 saved.
2025-09-09 11:42:50,048 - INFO - model saved 65 times, last saved epoch: 82.

2025-09-09 11:42:52,011 - INFO - Epoch 83, Train loss: 0.015630118548870087.
2025-09-09 11:42:52,717 - INFO - mIoU: 0.934; OA: 0.9795; AA: 0.9612; F1: 0.9655; Kappa: 0.9647;
2025-09-09 11:42:52,717 - INFO - spatial_LccAccuracy: 0.8877; spatial_PA: 0.9817; spatial_UA: 0.9911; spatial_F1: 0.9864
2025-09-09 11:42:52,717 - INFO - temporal_CdAccuracy: 0.7129; temporal_PA: 0.9468; temporal_UA: 0.9222; temporal_F1: 0.9343
2025-09-09 11:42:52,718 - INFO - Confusion Matrix
 [69082.	  594.	    4.	   19.	   64.]
 [ 1481.	49154.	   81.	   43.	   97.]
 [   19.	  166.	 2045.	    1.	    0.]
 [   51.	    9.	   14.	 1230.	    1.]
 [    8.	   93.	    0.	    0.	 9904.]
2025-09-09 11:42:52,719 - INFO - model saved 65 times, last saved epoch: 82.

2025-09-09 11:42:54,513 - INFO - Epoch 84, Train loss: 0.014696848578751087.
2025-09-09 11:42:55,202 - INFO - mIoU: 0.938; OA: 0.9807; AA: 0.9592; F1: 0.9676; Kappa: 0.9666;
2025-09-09 11:42:55,202 - INFO - spatial_LccAccuracy: 0.8953; spatial_PA: 0.982; spatial_UA: 0.9882; spatial_F1: 0.985
2025-09-09 11:42:55,202 - INFO - temporal_CdAccuracy: 0.7227; temporal_PA: 0.9351; temporal_UA: 0.928; temporal_F1: 0.9316
2025-09-09 11:42:55,203 - INFO - Confusion Matrix
 [68815.	  862.	    7.	   16.	   63.]
 [ 1095.	49597.	   44.	   28.	   92.]
 [    9.	  223.	 1999.	    0.	    0.]
 [   55.	    8.	    5.	 1236.	    1.]
 [    3.	   83.	    0.	    0.	 9919.]
2025-09-09 11:42:55,255 - INFO - Epoch 84 saved.
2025-09-09 11:42:55,256 - INFO - model saved 66 times, last saved epoch: 84.

2025-09-09 11:42:56,908 - INFO - Epoch 85, Train loss: 0.015042607672512531.
2025-09-09 11:42:57,638 - INFO - mIoU: 0.9388; OA: 0.9794; AA: 0.9648; F1: 0.9681; Kappa: 0.9644;
2025-09-09 11:42:57,638 - INFO - spatial_LccAccuracy: 0.9003; spatial_PA: 0.9831; spatial_UA: 0.9925; spatial_F1: 0.9878
2025-09-09 11:42:57,638 - INFO - temporal_CdAccuracy: 0.7223; temporal_PA: 0.9396; temporal_UA: 0.9274; temporal_F1: 0.9335
2025-09-09 11:42:57,639 - INFO - Confusion Matrix
 [69234.	  452.	    2.	   12.	   63.]
 [ 1677.	48940.	  116.	   27.	   96.]
 [   21.	  145.	 2064.	    1.	    0.]
 [   46.	    8.	    7.	 1244.	    0.]
 [    3.	   86.	    0.	    0.	 9916.]
2025-09-09 11:42:57,684 - INFO - Epoch 85 saved.
2025-09-09 11:42:57,685 - INFO - model saved 67 times, last saved epoch: 85.

2025-09-09 11:42:59,680 - INFO - Epoch 86, Train loss: 0.015425301156938076.
2025-09-09 11:43:00,439 - INFO - mIoU: 0.9351; OA: 0.9788; AA: 0.9591; F1: 0.9661; Kappa: 0.9634;
2025-09-09 11:43:00,439 - INFO - spatial_LccAccuracy: 0.8918; spatial_PA: 0.9841; spatial_UA: 0.9887; spatial_F1: 0.9864
2025-09-09 11:43:00,440 - INFO - temporal_CdAccuracy: 0.7191; temporal_PA: 0.9293; temporal_UA: 0.9274; temporal_F1: 0.9283
2025-09-09 11:43:00,441 - INFO - Confusion Matrix
 [68535.	 1128.	    5.	   28.	   67.]
 [ 1066.	49620.	   65.	   17.	   88.]
 [   17.	  202.	 2012.	    0.	    0.]
 [   41.	   20.	    8.	 1233.	    3.]
 [   11.	   83.	    0.	    0.	 9911.]
2025-09-09 11:43:00,442 - INFO - model saved 67 times, last saved epoch: 85.

2025-09-09 11:43:02,099 - INFO - Epoch 87, Train loss: 0.014604135416448116.
2025-09-09 11:43:02,807 - INFO - mIoU: 0.9344; OA: 0.9805; AA: 0.9568; F1: 0.9656; Kappa: 0.9663;
2025-09-09 11:43:02,808 - INFO - spatial_LccAccuracy: 0.8909; spatial_PA: 0.9828; spatial_UA: 0.9914; spatial_F1: 0.9871
2025-09-09 11:43:02,808 - INFO - temporal_CdAccuracy: 0.7209; temporal_PA: 0.9372; temporal_UA: 0.9244; temporal_F1: 0.9308
2025-09-09 11:43:02,809 - INFO - Confusion Matrix
 [68690.	  972.	    6.	   28.	   67.]
 [ 1004.	49719.	   58.	   11.	   64.]
 [   20.	  180.	 2031.	    0.	    0.]
 [   34.	   44.	   20.	 1204.	    3.]
 [    2.	  109.	    0.	    0.	 9894.]
2025-09-09 11:43:02,810 - INFO - model saved 67 times, last saved epoch: 85.

2025-09-09 11:43:04,725 - INFO - Epoch 88, Train loss: 0.014749479480087757.
2025-09-09 11:43:05,447 - INFO - mIoU: 0.9393; OA: 0.9811; AA: 0.9628; F1: 0.9683; Kappa: 0.9673;
2025-09-09 11:43:05,447 - INFO - spatial_LccAccuracy: 0.9038; spatial_PA: 0.985; spatial_UA: 0.992; spatial_F1: 0.9885
2025-09-09 11:43:05,447 - INFO - temporal_CdAccuracy: 0.7285; temporal_PA: 0.9417; temporal_UA: 0.9286; temporal_F1: 0.9351
2025-09-09 11:43:05,448 - INFO - Confusion Matrix
 [68817.	  847.	    5.	   25.	   69.]
 [ 1045.	49609.	   71.	   16.	  115.]
 [   16.	  198.	 2016.	    1.	    0.]
 [   32.	   14.	   10.	 1248.	    1.]
 [    4.	   73.	    0.	    0.	 9928.]
2025-09-09 11:43:05,496 - INFO - Epoch 88 saved.
2025-09-09 11:43:05,497 - INFO - model saved 68 times, last saved epoch: 88.

2025-09-09 11:43:07,159 - INFO - Epoch 89, Train loss: 0.012813752517104149.
2025-09-09 11:43:07,887 - INFO - mIoU: 0.9392; OA: 0.9808; AA: 0.9636; F1: 0.9682; Kappa: 0.9669;
2025-09-09 11:43:07,887 - INFO - spatial_LccAccuracy: 0.9025; spatial_PA: 0.9839; spatial_UA: 0.9917; spatial_F1: 0.9878
2025-09-09 11:43:07,887 - INFO - temporal_CdAccuracy: 0.7263; temporal_PA: 0.9359; temporal_UA: 0.9324; temporal_F1: 0.9341
2025-09-09 11:43:07,888 - INFO - Confusion Matrix
 [68665.	  992.	    9.	   32.	   65.]
 [  951.	49739.	   69.	   18.	   79.]
 [   13.	  192.	 2026.	    0.	    0.]
 [   33.	   12.	   10.	 1249.	    1.]
 [    2.	   95.	    0.	    0.	 9908.]
2025-09-09 11:43:07,889 - INFO - model saved 68 times, last saved epoch: 88.

2025-09-09 11:43:09,728 - INFO - Epoch 90, Train loss: 0.014293594285845757.
2025-09-09 11:43:10,497 - INFO - mIoU: 0.9388; OA: 0.9812; AA: 0.9601; F1: 0.9681; Kappa: 0.9675;
2025-09-09 11:43:10,497 - INFO - spatial_LccAccuracy: 0.9034; spatial_PA: 0.9825; spatial_UA: 0.9903; spatial_F1: 0.9864
2025-09-09 11:43:10,497 - INFO - temporal_CdAccuracy: 0.7312; temporal_PA: 0.945; temporal_UA: 0.933; temporal_F1: 0.939
2025-09-09 11:43:10,498 - INFO - Confusion Matrix
 [68802.	  864.	    5.	   26.	   66.]
 [ 1023.	49684.	   51.	   17.	   81.]
 [   15.	  200.	 2016.	    0.	    0.]
 [   40.	   24.	    6.	 1232.	    3.]
 [    3.	   99.	    0.	    0.	 9903.]
2025-09-09 11:43:10,500 - INFO - model saved 68 times, last saved epoch: 88.

2025-09-09 11:43:12,187 - INFO - Epoch 91, Train loss: 0.013204234652221203.
2025-09-09 11:43:12,918 - INFO - mIoU: 0.9284; OA: 0.9798; AA: 0.9705; F1: 0.962; Kappa: 0.9653;
2025-09-09 11:43:12,919 - INFO - spatial_LccAccuracy: 0.8931; spatial_PA: 0.9827; spatial_UA: 0.9874; spatial_F1: 0.9851
2025-09-09 11:43:12,919 - INFO - temporal_CdAccuracy: 0.7223; temporal_PA: 0.9464; temporal_UA: 0.9298; temporal_F1: 0.938
2025-09-09 11:43:12,920 - INFO - Confusion Matrix
 [68948.	  702.	   29.	   19.	   65.]
 [ 1199.	49234.	  291.	   36.	   96.]
 [    9.	  109.	 2112.	    1.	    0.]
 [   44.	    4.	    6.	 1251.	    0.]
 [   10.	   84.	    0.	    0.	 9911.]
2025-09-09 11:43:12,921 - INFO - model saved 68 times, last saved epoch: 88.

2025-09-09 11:43:14,881 - INFO - Epoch 92, Train loss: 0.012163398787379265.
2025-09-09 11:43:15,627 - INFO - mIoU: 0.9425; OA: 0.9813; AA: 0.9646; F1: 0.9701; Kappa: 0.9678;
2025-09-09 11:43:15,628 - INFO - spatial_LccAccuracy: 0.9012; spatial_PA: 0.9828; spatial_UA: 0.9914; spatial_F1: 0.9871
2025-09-09 11:43:15,628 - INFO - temporal_CdAccuracy: 0.7263; temporal_PA: 0.9408; temporal_UA: 0.9325; temporal_F1: 0.9366
2025-09-09 11:43:15,629 - INFO - Confusion Matrix
 [68736.	  930.	    5.	   21.	   71.]
 [  963.	49749.	   61.	   25.	   58.]
 [   12.	  176.	 2043.	    0.	    0.]
 [   40.	   13.	    4.	 1248.	    0.]
 [    4.	  121.	    0.	    0.	 9880.]
2025-09-09 11:43:15,720 - INFO - Epoch 92 saved.
2025-09-09 11:43:15,721 - INFO - model saved 69 times, last saved epoch: 92.

