2025-09-14 23:15:36,191 - INFO - Epoch 0, Train loss: 1.5084298849105835
2025-09-14 23:15:37,467 - INFO - mIoU: 0.1708; OA: 0.6032; AA: 0.2522; F1: 0.5873; Kappa: 0.2319;
2025-09-14 23:15:37,467 - INFO - spatial_LccAccuracy: 0.0157; spatial_PA: 0.6367; spatial_UA: 0.7327; spatial_F1: 0.6813
2025-09-14 23:15:37,467 - INFO - temporal_CdAccuracy: 0.0667; temporal_PA: 0.5546; temporal_UA: 0.5231; temporal_F1: 0.5384
2025-09-14 23:15:37,468 - INFO - Confusion Matrix
 [63660.	 4232.	    0.	    0.	  199.]
 [34024.	17232.	    0.	    0.	 1551.]
 [ 2172.	  263.	    0.	    0.	    9.]
 [ 1284.	    3.	    0.	    0.	    0.]
 [ 9338.	  133.	    0.	    0.	    0.]
2025-09-14 23:15:37,507 - INFO - Epoch 0 saved.
2025-09-14 23:15:37,508 - INFO - model saved 1 times, last saved epoch: 0.

2025-09-14 23:15:40,780 - INFO - Epoch 1, Train loss: 1.2628096342086792
2025-09-14 23:15:41,941 - INFO - mIoU: 0.1769; OA: 0.6249; AA: 0.2606; F1: 0.6018; Kappa: 0.2617;
2025-09-14 23:15:41,941 - INFO - spatial_LccAccuracy: 0.047; spatial_PA: 0.5565; spatial_UA: 0.5376; spatial_F1: 0.5468
2025-09-14 23:15:41,941 - INFO - temporal_CdAccuracy: 0.1356; temporal_PA: 0.5352; temporal_UA: 0.5256; temporal_F1: 0.5304
2025-09-14 23:15:41,942 - INFO - Confusion Matrix
 [66814.	 1277.	    0.	    0.	    0.]
 [35820.	16987.	    0.	    0.	    0.]
 [ 2136.	  308.	    0.	    0.	    0.]
 [ 1287.	    0.	    0.	    0.	    0.]
 [ 9452.	   19.	    0.	    0.	    0.]
2025-09-14 23:15:41,992 - INFO - Epoch 1 saved.
2025-09-14 23:15:41,993 - INFO - model saved 2 times, last saved epoch: 1.

2025-09-14 23:15:45,216 - INFO - Epoch 2, Train loss: 1.0168256759643555
2025-09-14 23:15:46,284 - INFO - mIoU: 0.2286; OA: 0.6985; AA: 0.3028; F1: 0.7266; Kappa: 0.4278;
2025-09-14 23:15:46,284 - INFO - spatial_LccAccuracy: 0.1521; spatial_PA: 0.6937; spatial_UA: 0.6293; spatial_F1: 0.6599
2025-09-14 23:15:46,284 - INFO - temporal_CdAccuracy: 0.1919; temporal_PA: 0.6052; temporal_UA: 0.5739; temporal_F1: 0.5892
2025-09-14 23:15:46,285 - INFO - Confusion Matrix
 [61069.	 7022.	    0.	    0.	    0.]
 [20207.	32600.	    0.	    0.	    0.]
 [ 1331.	 1113.	    0.	    0.	    0.]
 [ 1283.	    4.	    0.	    0.	    0.]
 [ 9387.	   84.	    0.	    0.	    0.]
2025-09-14 23:15:46,325 - INFO - Epoch 2 saved.
2025-09-14 23:15:46,326 - INFO - model saved 3 times, last saved epoch: 2.

2025-09-14 23:15:49,930 - INFO - Epoch 3, Train loss: 0.8157643675804138
2025-09-14 23:15:51,102 - INFO - mIoU: 0.2606; OA: 0.7498; AA: 0.3315; F1: 0.5264; Kappa: 0.5354;
2025-09-14 23:15:51,102 - INFO - spatial_LccAccuracy: 0.1991; spatial_PA: 0.8026; spatial_UA: 0.7084; spatial_F1: 0.7526
2025-09-14 23:15:51,102 - INFO - temporal_CdAccuracy: 0.2125; temporal_PA: 0.693; temporal_UA: 0.6018; temporal_F1: 0.6442
2025-09-14 23:15:51,103 - INFO - Confusion Matrix
 [58223.	 9868.	    0.	    0.	    0.]
 [10484.	42323.	    0.	    0.	    0.]
 [  457.	 1987.	    0.	    0.	    0.]
 [ 1267.	   20.	    0.	    0.	    0.]
 [ 9299.	  165.	    0.	    0.	    7.]
2025-09-14 23:15:51,142 - INFO - Epoch 3 saved.
2025-09-14 23:15:51,142 - INFO - model saved 4 times, last saved epoch: 3.

2025-09-14 23:15:54,502 - INFO - Epoch 4, Train loss: 0.6010878682136536
2025-09-14 23:15:55,651 - INFO - mIoU: 0.4795; OA: 0.8543; AA: 0.5298; F1: 0.8868; Kappa: 0.7437;
2025-09-14 23:15:55,651 - INFO - spatial_LccAccuracy: 0.3445; spatial_PA: 0.8918; spatial_UA: 0.8255; spatial_F1: 0.8574
2025-09-14 23:15:55,651 - INFO - temporal_CdAccuracy: 0.285; temporal_PA: 0.7408; temporal_UA: 0.6199; temporal_F1: 0.675
2025-09-14 23:15:55,652 - INFO - Confusion Matrix
 [59868.	 8194.	    0.	    0.	   29.]
 [ 6576.	46230.	    0.	    0.	    1.]
 [   20.	 2424.	    0.	    0.	    0.]
 [ 1273.	   14.	    0.	    0.	    0.]
 [  859.	  144.	    0.	    0.	 8468.]
2025-09-14 23:15:55,699 - INFO - Epoch 4 saved.
2025-09-14 23:15:55,700 - INFO - model saved 5 times, last saved epoch: 4.

2025-09-14 23:15:59,066 - INFO - Epoch 5, Train loss: 0.4620267152786255
2025-09-14 23:16:00,349 - INFO - mIoU: 0.4971; OA: 0.8794; AA: 0.5418; F1: 0.9054; Kappa: 0.7879;
2025-09-14 23:16:00,349 - INFO - spatial_LccAccuracy: 0.4224; spatial_PA: 0.9157; spatial_UA: 0.8661; spatial_F1: 0.8902
2025-09-14 23:16:00,349 - INFO - temporal_CdAccuracy: 0.3374; temporal_PA: 0.7564; temporal_UA: 0.6471; temporal_F1: 0.6975
2025-09-14 23:16:00,350 - INFO - Confusion Matrix
 [61585.	 6449.	    0.	    0.	   57.]
 [ 4971.	47827.	    0.	    0.	    9.]
 [   16.	 2428.	    0.	    0.	    0.]
 [ 1275.	   12.	    0.	    0.	    0.]
 [  824.	  133.	    0.	    0.	 8514.]
2025-09-14 23:16:00,392 - INFO - Epoch 5 saved.
2025-09-14 23:16:00,393 - INFO - model saved 6 times, last saved epoch: 5.

2025-09-14 23:16:03,738 - INFO - Epoch 6, Train loss: 0.38207849860191345
2025-09-14 23:16:05,066 - INFO - mIoU: 0.504; OA: 0.8893; AA: 0.5459; F1: 0.9125; Kappa: 0.805;
2025-09-14 23:16:05,066 - INFO - spatial_LccAccuracy: 0.464; spatial_PA: 0.9174; spatial_UA: 0.868; spatial_F1: 0.892
2025-09-14 23:16:05,066 - INFO - temporal_CdAccuracy: 0.3647; temporal_PA: 0.7614; temporal_UA: 0.6669; temporal_F1: 0.711
2025-09-14 23:16:05,067 - INFO - Confusion Matrix
 [62787.	 5235.	    0.	    0.	   69.]
 [ 4848.	47948.	    0.	    0.	   11.]
 [   60.	 2384.	    0.	    0.	    0.]
 [ 1269.	   18.	    0.	    0.	    0.]
 [  833.	  118.	    0.	    0.	 8520.]
2025-09-14 23:16:05,121 - INFO - Epoch 6 saved.
2025-09-14 23:16:05,122 - INFO - model saved 7 times, last saved epoch: 6.

2025-09-14 23:16:08,553 - INFO - Epoch 7, Train loss: 0.32804232835769653
2025-09-14 23:16:09,729 - INFO - mIoU: 0.5698; OA: 0.9028; AA: 0.6086; F1: 0.8025; Kappa: 0.8295;
2025-09-14 23:16:09,729 - INFO - spatial_LccAccuracy: 0.4859; spatial_PA: 0.9187; spatial_UA: 0.8692; spatial_F1: 0.8933
2025-09-14 23:16:09,729 - INFO - temporal_CdAccuracy: 0.3673; temporal_PA: 0.7776; temporal_UA: 0.6752; temporal_F1: 0.7228
2025-09-14 23:16:09,729 - INFO - Confusion Matrix
 [63219.	 4801.	    2.	    0.	   69.]
 [ 4144.	48609.	   44.	    0.	   10.]
 [   11.	 1713.	  720.	    0.	    0.]
 [ 1189.	   98.	    0.	    0.	    0.]
 [  789.	  162.	    0.	    0.	 8520.]
2025-09-14 23:16:09,770 - INFO - Epoch 7 saved.
2025-09-14 23:16:09,771 - INFO - model saved 8 times, last saved epoch: 7.

2025-09-14 23:16:13,505 - INFO - Epoch 8, Train loss: 0.2812343239784241
2025-09-14 23:16:14,703 - INFO - mIoU: 0.6347; OA: 0.9145; AA: 0.6735; F1: 0.7282; Kappa: 0.8504;
2025-09-14 23:16:14,704 - INFO - spatial_LccAccuracy: 0.5472; spatial_PA: 0.918; spatial_UA: 0.8742; spatial_F1: 0.8956
2025-09-14 23:16:14,704 - INFO - temporal_CdAccuracy: 0.4036; temporal_PA: 0.7834; temporal_UA: 0.6909; temporal_F1: 0.7343
2025-09-14 23:16:14,704 - INFO - Confusion Matrix
 [64385.	 3598.	    7.	   21.	   80.]
 [ 4241.	48424.	  127.	    1.	   14.]
 [   26.	 1301.	 1117.	    0.	    0.]
 [  966.	  129.	    1.	  191.	    0.]
 [  770.	  181.	    0.	    0.	 8520.]
2025-09-14 23:16:14,745 - INFO - Epoch 8 saved.
2025-09-14 23:16:14,746 - INFO - model saved 9 times, last saved epoch: 8.

2025-09-14 23:16:18,217 - INFO - Epoch 9, Train loss: 0.23757430911064148
2025-09-14 23:16:19,484 - INFO - mIoU: 0.704; OA: 0.9296; AA: 0.7444; F1: 0.8044; Kappa: 0.8775;
2025-09-14 23:16:19,484 - INFO - spatial_LccAccuracy: 0.6139; spatial_PA: 0.9186; spatial_UA: 0.8806; spatial_F1: 0.8992
2025-09-14 23:16:19,484 - INFO - temporal_CdAccuracy: 0.4872; temporal_PA: 0.8128; temporal_UA: 0.7321; temporal_F1: 0.7703
2025-09-14 23:16:19,484 - INFO - Confusion Matrix
 [64086.	 3803.	    3.	   99.	  100.]
 [ 2441.	50229.	   98.	   15.	   24.]
 [    4.	 1148.	 1292.	    0.	    0.]
 [  603.	  167.	    2.	  515.	    0.]
 [  672.	  266.	    0.	    0.	 8533.]
2025-09-14 23:16:19,540 - INFO - Epoch 9 saved.
2025-09-14 23:16:19,541 - INFO - model saved 10 times, last saved epoch: 9.

2025-09-14 23:16:23,038 - INFO - Epoch 10, Train loss: 0.2039279043674469
2025-09-14 23:16:24,347 - INFO - mIoU: 0.7586; OA: 0.9368; AA: 0.7938; F1: 0.8488; Kappa: 0.89;
2025-09-14 23:16:24,347 - INFO - spatial_LccAccuracy: 0.6604; spatial_PA: 0.9199; spatial_UA: 0.8769; spatial_F1: 0.8979
2025-09-14 23:16:24,347 - INFO - temporal_CdAccuracy: 0.5078; temporal_PA: 0.8035; temporal_UA: 0.75; temporal_F1: 0.7758
2025-09-14 23:16:24,348 - INFO - Confusion Matrix
 [65735.	 2240.	   11.	   19.	   86.]
 [ 3674.	48991.	   95.	   31.	   16.]
 [    8.	  645.	 1791.	    0.	    0.]
 [  631.	   89.	    0.	  567.	    0.]
 [  700.	  224.	    0.	    0.	 8547.]
2025-09-14 23:16:24,389 - INFO - Epoch 10 saved.
2025-09-14 23:16:24,390 - INFO - model saved 11 times, last saved epoch: 10.

2025-09-14 23:16:27,796 - INFO - Epoch 11, Train loss: 0.17615175247192383
2025-09-14 23:16:28,882 - INFO - mIoU: 0.7933; OA: 0.9437; AA: 0.8318; F1: 0.8736; Kappa: 0.9023;
2025-09-14 23:16:28,883 - INFO - spatial_LccAccuracy: 0.6931; spatial_PA: 0.9249; spatial_UA: 0.8853; spatial_F1: 0.9047
2025-09-14 23:16:28,883 - INFO - temporal_CdAccuracy: 0.5432; temporal_PA: 0.8162; temporal_UA: 0.7721; temporal_F1: 0.7936
2025-09-14 23:16:28,884 - INFO - Confusion Matrix
 [65687.	 2084.	   18.	   18.	  284.]
 [ 3207.	49393.	   78.	   43.	   86.]
 [    3.	  378.	 2063.	    0.	    0.]
 [  551.	  107.	    0.	  629.	    0.]
 [  462.	  237.	    0.	    0.	 8772.]
2025-09-14 23:16:28,935 - INFO - Epoch 11 saved.
2025-09-14 23:16:28,936 - INFO - model saved 12 times, last saved epoch: 11.

2025-09-14 23:16:32,332 - INFO - Epoch 12, Train loss: 0.1553688794374466
2025-09-14 23:16:33,570 - INFO - mIoU: 0.8308; OA: 0.9508; AA: 0.8708; F1: 0.9002; Kappa: 0.9149;
2025-09-14 23:16:33,570 - INFO - spatial_LccAccuracy: 0.7293; spatial_PA: 0.928; spatial_UA: 0.9167; spatial_F1: 0.9224
2025-09-14 23:16:33,570 - INFO - temporal_CdAccuracy: 0.6049; temporal_PA: 0.8464; temporal_UA: 0.8029; temporal_F1: 0.8241
2025-09-14 23:16:33,571 - INFO - Confusion Matrix
 [65739.	 2061.	   25.	   23.	  243.]
 [ 2697.	49886.	   67.	   82.	   75.]
 [    1.	  214.	 2229.	    0.	    0.]
 [  397.	  125.	    0.	  765.	    0.]
 [  365.	  227.	    0.	    0.	 8879.]
2025-09-14 23:16:33,611 - INFO - Epoch 12 saved.
2025-09-14 23:16:33,612 - INFO - model saved 13 times, last saved epoch: 12.

2025-09-14 23:16:37,002 - INFO - Epoch 13, Train loss: 0.141612246632576
2025-09-14 23:16:38,257 - INFO - mIoU: 0.8465; OA: 0.952; AA: 0.8921; F1: 0.9121; Kappa: 0.9172;
2025-09-14 23:16:38,257 - INFO - spatial_LccAccuracy: 0.7441; spatial_PA: 0.9385; spatial_UA: 0.9323; spatial_F1: 0.9354
2025-09-14 23:16:38,257 - INFO - temporal_CdAccuracy: 0.6139; temporal_PA: 0.8481; temporal_UA: 0.814; temporal_F1: 0.8307
2025-09-14 23:16:38,257 - INFO - Confusion Matrix
 [66033.	 1563.	   22.	   16.	  457.]
 [ 3083.	49412.	   54.	  108.	  150.]
 [    2.	  192.	 2250.	    0.	    0.]
 [  368.	   52.	    0.	  867.	    0.]
 [  212.	  160.	    0.	    0.	 9099.]
2025-09-14 23:16:38,304 - INFO - Epoch 13 saved.
2025-09-14 23:16:38,305 - INFO - model saved 14 times, last saved epoch: 13.

2025-09-14 23:16:41,819 - INFO - Epoch 14, Train loss: 0.13099868595600128
2025-09-14 23:16:42,962 - INFO - mIoU: 0.866; OA: 0.9564; AA: 0.9075; F1: 0.9251; Kappa: 0.9249;
2025-09-14 23:16:42,962 - INFO - spatial_LccAccuracy: 0.7629; spatial_PA: 0.9398; spatial_UA: 0.9508; spatial_F1: 0.9453
2025-09-14 23:16:42,962 - INFO - temporal_CdAccuracy: 0.6403; temporal_PA: 0.8667; temporal_UA: 0.8238; temporal_F1: 0.8447
2025-09-14 23:16:42,962 - INFO - Confusion Matrix
 [65684.	 2062.	   23.	   17.	  305.]
 [ 2232.	50336.	   63.	   93.	   83.]
 [    1.	  151.	 2292.	    0.	    0.]
 [  263.	   83.	    0.	  941.	    0.]
 [  246.	  219.	    0.	    0.	 9006.]
2025-09-14 23:16:43,013 - INFO - Epoch 14 saved.
2025-09-14 23:16:43,015 - INFO - model saved 15 times, last saved epoch: 14.

2025-09-14 23:16:46,330 - INFO - Epoch 15, Train loss: 0.12149357795715332
2025-09-14 23:16:47,446 - INFO - mIoU: 0.855; OA: 0.9498; AA: 0.8919; F1: 0.9183; Kappa: 0.9139;
2025-09-14 23:16:47,446 - INFO - spatial_LccAccuracy: 0.7213; spatial_PA: 0.9329; spatial_UA: 0.9672; spatial_F1: 0.9497
2025-09-14 23:16:47,446 - INFO - temporal_CdAccuracy: 0.5942; temporal_PA: 0.8641; temporal_UA: 0.7947; temporal_F1: 0.828
2025-09-14 23:16:47,446 - INFO - Confusion Matrix
 [63425.	 4325.	   15.	   11.	  315.]
 [  914.	51758.	   17.	   56.	   62.]
 [    0.	  241.	 2203.	    0.	    0.]
 [  116.	  288.	    0.	  883.	    0.]
 [  112.	  264.	    0.	    0.	 9095.]
2025-09-14 23:16:47,447 - INFO - model saved 15 times, last saved epoch: 14.

2025-09-14 23:16:50,948 - INFO - Epoch 16, Train loss: 0.11550814658403397
2025-09-14 23:16:52,111 - INFO - mIoU: 0.893; OA: 0.9612; AA: 0.948; F1: 0.9424; Kappa: 0.9334;
2025-09-14 23:16:52,111 - INFO - spatial_LccAccuracy: 0.7875; spatial_PA: 0.9422; spatial_UA: 0.9764; spatial_F1: 0.959
2025-09-14 23:16:52,112 - INFO - temporal_CdAccuracy: 0.6595; temporal_PA: 0.8842; temporal_UA: 0.8368; temporal_F1: 0.8599
2025-09-14 23:16:52,112 - INFO - Confusion Matrix
 [65805.	 2035.	   36.	   50.	  165.]
 [ 1939.	50544.	  115.	  150.	   59.]
 [    0.	  105.	 2339.	    0.	    0.]
 [   97.	   27.	    0.	 1163.	    0.]
 [  222.	  190.	    0.	    7.	 9052.]
2025-09-14 23:16:52,157 - INFO - Epoch 16 saved.
2025-09-14 23:16:52,158 - INFO - model saved 16 times, last saved epoch: 16.

2025-09-14 23:16:55,806 - INFO - Epoch 17, Train loss: 0.10743632167577744
2025-09-14 23:16:57,137 - INFO - mIoU: 0.8967; OA: 0.9611; AA: 0.9379; F1: 0.9443; Kappa: 0.9329;
2025-09-14 23:16:57,137 - INFO - spatial_LccAccuracy: 0.8022; spatial_PA: 0.9495; spatial_UA: 0.9688; spatial_F1: 0.959
2025-09-14 23:16:57,137 - INFO - temporal_CdAccuracy: 0.6591; temporal_PA: 0.8694; temporal_UA: 0.8455; temporal_F1: 0.8573
2025-09-14 23:16:57,138 - INFO - Confusion Matrix
 [66666.	 1241.	   10.	    9.	  165.]
 [ 2900.	49600.	   70.	  119.	  118.]
 [    2.	  113.	 2329.	    0.	    0.]
 [  174.	   23.	    0.	 1090.	    0.]
 [  141.	  132.	    0.	    1.	 9197.]
2025-09-14 23:16:57,201 - INFO - Epoch 17 saved.
2025-09-14 23:16:57,201 - INFO - model saved 17 times, last saved epoch: 17.

2025-09-14 23:17:00,897 - INFO - Epoch 18, Train loss: 0.1031174287199974
2025-09-14 23:17:02,068 - INFO - mIoU: 0.8901; OA: 0.9639; AA: 0.9211; F1: 0.9395; Kappa: 0.9379;
2025-09-14 23:17:02,068 - INFO - spatial_LccAccuracy: 0.8022; spatial_PA: 0.9496; spatial_UA: 0.9578; spatial_F1: 0.9537
2025-09-14 23:17:02,068 - INFO - temporal_CdAccuracy: 0.6617; temporal_PA: 0.8817; temporal_UA: 0.8489; temporal_F1: 0.865
2025-09-14 23:17:02,068 - INFO - Confusion Matrix
 [66023.	 1833.	   11.	    3.	  221.]
 [ 1838.	50776.	   39.	   61.	   93.]
 [    1.	  121.	 2322.	    0.	    0.]
 [  174.	  140.	    0.	  973.	    0.]
 [  146.	  156.	    0.	    0.	 9169.]
2025-09-14 23:17:02,069 - INFO - model saved 17 times, last saved epoch: 17.

2025-09-14 23:17:05,893 - INFO - Epoch 19, Train loss: 0.09769619256258011
2025-09-14 23:17:07,119 - INFO - mIoU: 0.904; OA: 0.9642; AA: 0.9525; F1: 0.9489; Kappa: 0.9384;
2025-09-14 23:17:07,119 - INFO - spatial_LccAccuracy: 0.8085; spatial_PA: 0.9406; spatial_UA: 0.9782; spatial_F1: 0.959
2025-09-14 23:17:07,119 - INFO - temporal_CdAccuracy: 0.6756; temporal_PA: 0.9031; temporal_UA: 0.8581; temporal_F1: 0.88
2025-09-14 23:17:07,120 - INFO - Confusion Matrix
 [65911.	 2058.	   24.	   37.	   61.]
 [ 1650.	50873.	  116.	  137.	   31.]
 [    0.	   98.	 2346.	    0.	    0.]
 [   51.	   48.	    0.	 1188.	    0.]
 [  245.	  240.	    0.	    4.	 8982.]
2025-09-14 23:17:07,185 - INFO - Epoch 19 saved.
2025-09-14 23:17:07,186 - INFO - model saved 18 times, last saved epoch: 19.

2025-09-14 23:17:10,985 - INFO - Epoch 20, Train loss: 0.09093628078699112
2025-09-14 23:17:12,232 - INFO - mIoU: 0.9117; OA: 0.9664; AA: 0.9521; F1: 0.9532; Kappa: 0.9422;
2025-09-14 23:17:12,232 - INFO - spatial_LccAccuracy: 0.8179; spatial_PA: 0.952; spatial_UA: 0.9747; spatial_F1: 0.9632
2025-09-14 23:17:12,232 - INFO - temporal_CdAccuracy: 0.6787; temporal_PA: 0.894; temporal_UA: 0.8641; temporal_F1: 0.8788
2025-09-14 23:17:12,233 - INFO - Confusion Matrix
 [66470.	 1354.	    8.	    9.	  250.]
 [ 2120.	50360.	   69.	  105.	  153.]
 [    0.	  103.	 2341.	    0.	    0.]
 [  104.	   33.	    0.	 1150.	    0.]
 [   94.	  102.	    0.	    0.	 9275.]
2025-09-14 23:17:12,273 - INFO - Epoch 20 saved.
2025-09-14 23:17:12,274 - INFO - model saved 19 times, last saved epoch: 20.

2025-09-14 23:17:15,947 - INFO - Epoch 21, Train loss: 0.08592118322849274
2025-09-14 23:17:17,246 - INFO - mIoU: 0.9152; OA: 0.9679; AA: 0.9555; F1: 0.9551; Kappa: 0.9449;
2025-09-14 23:17:17,247 - INFO - spatial_LccAccuracy: 0.8143; spatial_PA: 0.9569; spatial_UA: 0.9782; spatial_F1: 0.9674
2025-09-14 23:17:17,247 - INFO - temporal_CdAccuracy: 0.6631; temporal_PA: 0.8947; temporal_UA: 0.8684; temporal_F1: 0.8813
2025-09-14 23:17:17,248 - INFO - Confusion Matrix
 [65655.	 2218.	   19.	   17.	  182.]
 [ 1231.	51288.	  116.	   78.	   94.]
 [    0.	   93.	 2351.	    0.	    0.]
 [   62.	   75.	    0.	 1150.	    0.]
 [    8.	  118.	    0.	    0.	 9345.]
2025-09-14 23:17:17,324 - INFO - Epoch 21 saved.
2025-09-14 23:17:17,325 - INFO - model saved 20 times, last saved epoch: 21.

2025-09-14 23:17:20,923 - INFO - Epoch 22, Train loss: 0.08376966416835785
2025-09-14 23:17:22,185 - INFO - mIoU: 0.9045; OA: 0.9673; AA: 0.9637; F1: 0.9486; Kappa: 0.9439;
2025-09-14 23:17:22,186 - INFO - spatial_LccAccuracy: 0.8192; spatial_PA: 0.9612; spatial_UA: 0.9752; spatial_F1: 0.9682
2025-09-14 23:17:22,186 - INFO - temporal_CdAccuracy: 0.6711; temporal_PA: 0.8947; temporal_UA: 0.8708; temporal_F1: 0.8826
2025-09-14 23:17:22,187 - INFO - Confusion Matrix
 [66441.	 1520.	   12.	   35.	   83.]
 [ 1852.	50480.	  110.	  243.	  122.]
 [    0.	   93.	 2351.	    0.	    0.]
 [   59.	    4.	    0.	 1224.	    0.]
 [  137.	  104.	    0.	    5.	 9225.]
2025-09-14 23:17:22,188 - INFO - model saved 20 times, last saved epoch: 21.

2025-09-14 23:17:25,909 - INFO - Epoch 23, Train loss: 0.08057273179292679
2025-09-14 23:17:26,972 - INFO - mIoU: 0.9212; OA: 0.9696; AA: 0.9666; F1: 0.9583; Kappa: 0.9477;
2025-09-14 23:17:26,972 - INFO - spatial_LccAccuracy: 0.8367; spatial_PA: 0.9395; spatial_UA: 0.9779; spatial_F1: 0.9583
2025-09-14 23:17:26,972 - INFO - temporal_CdAccuracy: 0.694; temporal_PA: 0.9131; temporal_UA: 0.8879; temporal_F1: 0.9003
2025-09-14 23:17:26,972 - INFO - Confusion Matrix
 [66887.	 1116.	   13.	   41.	   34.]
 [ 2233.	50246.	   66.	  151.	  111.]
 [    0.	   95.	 2349.	    0.	    0.]
 [   48.	   11.	    0.	 1228.	    0.]
 [   56.	   94.	    0.	    4.	 9317.]
2025-09-14 23:17:27,011 - INFO - Epoch 23 saved.
2025-09-14 23:17:27,012 - INFO - model saved 21 times, last saved epoch: 23.

2025-09-14 23:17:30,693 - INFO - Epoch 24, Train loss: 0.076670341193676
2025-09-14 23:17:31,864 - INFO - mIoU: 0.9139; OA: 0.9693; AA: 0.9658; F1: 0.9541; Kappa: 0.9472;
2025-09-14 23:17:31,864 - INFO - spatial_LccAccuracy: 0.8353; spatial_PA: 0.9569; spatial_UA: 0.9782; spatial_F1: 0.9674
2025-09-14 23:17:31,865 - INFO - temporal_CdAccuracy: 0.6823; temporal_PA: 0.8981; temporal_UA: 0.8789; temporal_F1: 0.8884
2025-09-14 23:17:31,865 - INFO - Confusion Matrix
 [67056.	  929.	    7.	   29.	   70.]
 [ 2369.	50020.	  116.	  192.	  110.]
 [    0.	   90.	 2354.	    0.	    0.]
 [   62.	    4.	    0.	 1221.	    0.]
 [   50.	   86.	    0.	    4.	 9331.]
2025-09-14 23:17:31,866 - INFO - model saved 21 times, last saved epoch: 23.

2025-09-14 23:17:35,364 - INFO - Epoch 25, Train loss: 0.07421692460775375
2025-09-14 23:17:36,501 - INFO - mIoU: 0.9193; OA: 0.9715; AA: 0.9633; F1: 0.9573; Kappa: 0.951;
2025-09-14 23:17:36,501 - INFO - spatial_LccAccuracy: 0.8452; spatial_PA: 0.9569; spatial_UA: 0.9782; spatial_F1: 0.9674
2025-09-14 23:17:36,501 - INFO - temporal_CdAccuracy: 0.6864; temporal_PA: 0.9125; temporal_UA: 0.8875; temporal_F1: 0.8998
2025-09-14 23:17:36,501 - INFO - Confusion Matrix
 [66925.	 1118.	    7.	   15.	   26.]
 [ 1919.	50541.	  123.	  148.	   76.]
 [    0.	   92.	 2352.	    0.	    0.]
 [   75.	    7.	    0.	 1205.	    0.]
 [  102.	  104.	    0.	    5.	 9260.]
2025-09-14 23:17:36,502 - INFO - model saved 21 times, last saved epoch: 23.

2025-09-14 23:17:39,900 - INFO - Epoch 26, Train loss: 0.07032104581594467
2025-09-14 23:17:41,161 - INFO - mIoU: 0.9298; OA: 0.9733; AA: 0.9655; F1: 0.9632; Kappa: 0.954;
2025-09-14 23:17:41,161 - INFO - spatial_LccAccuracy: 0.8528; spatial_PA: 0.9593; spatial_UA: 0.9799; spatial_F1: 0.9695
2025-09-14 23:17:41,161 - INFO - temporal_CdAccuracy: 0.6926; temporal_PA: 0.9144; temporal_UA: 0.8955; temporal_F1: 0.9048
2025-09-14 23:17:41,162 - INFO - Confusion Matrix
 [66830.	 1223.	    8.	   16.	   14.]
 [ 1649.	50903.	   85.	  104.	   66.]
 [    0.	   90.	 2354.	    0.	    0.]
 [   49.	   20.	    0.	 1218.	    0.]
 [  133.	  121.	    0.	    5.	 9212.]
2025-09-14 23:17:41,214 - INFO - Epoch 26 saved.
2025-09-14 23:17:41,215 - INFO - model saved 22 times, last saved epoch: 26.

2025-09-14 23:17:44,562 - INFO - Epoch 27, Train loss: 0.06858723610639572
2025-09-14 23:17:45,886 - INFO - mIoU: 0.9313; OA: 0.9731; AA: 0.9604; F1: 0.9641; Kappa: 0.9538;
2025-09-14 23:17:45,887 - INFO - spatial_LccAccuracy: 0.8568; spatial_PA: 0.9542; spatial_UA: 0.984; spatial_F1: 0.9689
2025-09-14 23:17:45,887 - INFO - temporal_CdAccuracy: 0.6886; temporal_PA: 0.9221; temporal_UA: 0.8927; temporal_F1: 0.9072
2025-09-14 23:17:45,887 - INFO - Confusion Matrix
 [66240.	 1724.	    7.	   18.	  102.]
 [ 1209.	51363.	   62.	   45.	  128.]
 [    0.	  111.	 2333.	    0.	    0.]
 [   48.	   67.	    0.	 1172.	    0.]
 [    0.	   84.	    0.	    0.	 9387.]
2025-09-14 23:17:45,927 - INFO - Epoch 27 saved.
2025-09-14 23:17:45,927 - INFO - model saved 23 times, last saved epoch: 27.

2025-09-14 23:17:49,690 - INFO - Epoch 28, Train loss: 0.06708057224750519
2025-09-14 23:17:50,979 - INFO - mIoU: 0.9343; OA: 0.9745; AA: 0.9582; F1: 0.9656; Kappa: 0.9561;
2025-09-14 23:17:50,979 - INFO - spatial_LccAccuracy: 0.8698; spatial_PA: 0.9615; spatial_UA: 0.9805; spatial_F1: 0.9709
2025-09-14 23:17:50,979 - INFO - temporal_CdAccuracy: 0.6881; temporal_PA: 0.9178; temporal_UA: 0.8934; temporal_F1: 0.9054
2025-09-14 23:17:50,979 - INFO - Confusion Matrix
 [66955.	 1115.	    2.	    4.	   15.]
 [ 1693.	50947.	   52.	   57.	   58.]
 [    0.	  101.	 2343.	    0.	    0.]
 [   91.	   31.	    0.	 1165.	    0.]
 [   70.	  128.	    0.	    0.	 9273.]
2025-09-14 23:17:51,018 - INFO - Epoch 28 saved.
2025-09-14 23:17:51,019 - INFO - model saved 24 times, last saved epoch: 28.

2025-09-14 23:17:54,409 - INFO - Epoch 29, Train loss: 0.06388396769762039
2025-09-14 23:17:55,668 - INFO - mIoU: 0.9362; OA: 0.975; AA: 0.9586; F1: 0.9667; Kappa: 0.957;
2025-09-14 23:17:55,668 - INFO - spatial_LccAccuracy: 0.8787; spatial_PA: 0.9593; spatial_UA: 0.9799; spatial_F1: 0.9695
2025-09-14 23:17:55,668 - INFO - temporal_CdAccuracy: 0.6962; temporal_PA: 0.9198; temporal_UA: 0.9008; temporal_F1: 0.9102
2025-09-14 23:17:55,668 - INFO - Confusion Matrix
 [67125.	  926.	    2.	    3.	   35.]
 [ 1856.	50777.	   27.	   55.	   92.]
 [    0.	  126.	 2318.	    0.	    0.]
 [   83.	   34.	    0.	 1170.	    0.]
 [    9.	  102.	    0.	    0.	 9360.]
2025-09-14 23:17:55,711 - INFO - Epoch 29 saved.
2025-09-14 23:17:55,712 - INFO - model saved 25 times, last saved epoch: 29.

2025-09-14 23:17:59,251 - INFO - Epoch 30, Train loss: 0.06318481266498566
2025-09-14 23:18:00,569 - INFO - mIoU: 0.9296; OA: 0.9727; AA: 0.9521; F1: 0.9628; Kappa: 0.953;
2025-09-14 23:18:00,569 - INFO - spatial_LccAccuracy: 0.8595; spatial_PA: 0.9693; spatial_UA: 0.9716; spatial_F1: 0.9705
2025-09-14 23:18:00,569 - INFO - temporal_CdAccuracy: 0.6796; temporal_PA: 0.9037; temporal_UA: 0.8863; temporal_F1: 0.8949
2025-09-14 23:18:00,570 - INFO - Confusion Matrix
 [67113.	  958.	    1.	    1.	   18.]
 [ 2116.	50489.	   26.	   54.	  122.]
 [    2.	   99.	 2343.	    0.	    0.]
 [  152.	   15.	    0.	 1120.	    0.]
 [   17.	   77.	    0.	    0.	 9377.]
2025-09-14 23:18:00,570 - INFO - model saved 25 times, last saved epoch: 29.

2025-09-14 23:18:04,117 - INFO - Epoch 31, Train loss: 0.0609239786863327
2025-09-14 23:18:05,405 - INFO - mIoU: 0.9428; OA: 0.9759; AA: 0.9647; F1: 0.9704; Kappa: 0.9584;
2025-09-14 23:18:05,405 - INFO - spatial_LccAccuracy: 0.8787; spatial_PA: 0.9559; spatial_UA: 0.9866; spatial_F1: 0.971
2025-09-14 23:18:05,405 - INFO - temporal_CdAccuracy: 0.7007; temporal_PA: 0.93; temporal_UA: 0.9058; temporal_F1: 0.9177
2025-09-14 23:18:05,406 - INFO - Confusion Matrix
 [67281.	  728.	    2.	   13.	   67.]
 [ 1966.	50669.	   19.	   41.	  112.]
 [    0.	  120.	 2324.	    0.	    0.]
 [   49.	   36.	    0.	 1202.	    0.]
 [    0.	   83.	    0.	    0.	 9388.]
2025-09-14 23:18:05,462 - INFO - Epoch 31 saved.
2025-09-14 23:18:05,463 - INFO - model saved 26 times, last saved epoch: 31.

2025-09-14 23:18:09,139 - INFO - Epoch 32, Train loss: 0.05876912921667099
2025-09-14 23:18:10,385 - INFO - mIoU: 0.9224; OA: 0.9717; AA: 0.9667; F1: 0.9589; Kappa: 0.9513;
2025-09-14 23:18:10,386 - INFO - spatial_LccAccuracy: 0.86; spatial_PA: 0.9501; spatial_UA: 0.9796; spatial_F1: 0.9646
2025-09-14 23:18:10,386 - INFO - temporal_CdAccuracy: 0.6971; temporal_PA: 0.9195; temporal_UA: 0.8969; temporal_F1: 0.9081
2025-09-14 23:18:10,386 - INFO - Confusion Matrix
 [67550.	  505.	    5.	   17.	   14.]
 [ 2599.	49793.	   94.	  160.	  161.]
 [    0.	   81.	 2363.	    0.	    0.]
 [   75.	    3.	    0.	 1209.	    0.]
 [   18.	   52.	    0.	    5.	 9396.]
2025-09-14 23:18:10,386 - INFO - model saved 26 times, last saved epoch: 31.

2025-09-14 23:18:14,085 - INFO - Epoch 33, Train loss: 0.058463405817747116
2025-09-14 23:18:15,497 - INFO - mIoU: 0.9446; OA: 0.9777; AA: 0.9673; F1: 0.9714; Kappa: 0.9616;
2025-09-14 23:18:15,497 - INFO - spatial_LccAccuracy: 0.8859; spatial_PA: 0.97; spatial_UA: 0.9859; spatial_F1: 0.9779
2025-09-14 23:18:15,497 - INFO - temporal_CdAccuracy: 0.7029; temporal_PA: 0.9316; temporal_UA: 0.9066; temporal_F1: 0.9189
2025-09-14 23:18:15,498 - INFO - Confusion Matrix
 [66857.	 1212.	    2.	   11.	    9.]
 [ 1213.	51479.	   37.	   54.	   24.]
 [    0.	   96.	 2348.	    0.	    0.]
 [   50.	   18.	    0.	 1219.	    0.]
 [   96.	  165.	    0.	    5.	 9205.]
2025-09-14 23:18:15,558 - INFO - Epoch 33 saved.
2025-09-14 23:18:15,559 - INFO - model saved 27 times, last saved epoch: 33.

2025-09-14 23:18:19,215 - INFO - Epoch 34, Train loss: 0.05429234355688095
2025-09-14 23:18:20,434 - INFO - mIoU: 0.9289; OA: 0.9761; AA: 0.9742; F1: 0.9625; Kappa: 0.959;
2025-09-14 23:18:20,434 - INFO - spatial_LccAccuracy: 0.8747; spatial_PA: 0.9664; spatial_UA: 0.9839; spatial_F1: 0.9751
2025-09-14 23:18:20,434 - INFO - temporal_CdAccuracy: 0.6957; temporal_PA: 0.9313; temporal_UA: 0.9023; temporal_F1: 0.9166
2025-09-14 23:18:20,434 - INFO - Confusion Matrix
 [67075.	  971.	    3.	   25.	   17.]
 [ 1543.	50815.	  131.	  150.	  168.]
 [    0.	   71.	 2373.	    0.	    0.]
 [   49.	    2.	    0.	 1236.	    0.]
 [    9.	   63.	    0.	    0.	 9399.]
2025-09-14 23:18:20,435 - INFO - model saved 27 times, last saved epoch: 33.

2025-09-14 23:18:23,819 - INFO - Epoch 35, Train loss: 0.05512920022010803
2025-09-14 23:18:25,086 - INFO - mIoU: 0.947; OA: 0.9779; AA: 0.9652; F1: 0.9726; Kappa: 0.9619;
2025-09-14 23:18:25,087 - INFO - spatial_LccAccuracy: 0.8913; spatial_PA: 0.9621; spatial_UA: 0.9871; spatial_F1: 0.9744
2025-09-14 23:18:25,087 - INFO - temporal_CdAccuracy: 0.7105; temporal_PA: 0.9359; temporal_UA: 0.9155; temporal_F1: 0.9256
2025-09-14 23:18:25,088 - INFO - Confusion Matrix
 [66804.	 1271.	    2.	    8.	    6.]
 [ 1200.	51524.	   27.	   31.	   25.]
 [    0.	  108.	 2336.	    0.	    0.]
 [   52.	   31.	    0.	 1204.	    0.]
 [   23.	  182.	    0.	    4.	 9262.]
2025-09-14 23:18:25,145 - INFO - Epoch 35 saved.
2025-09-14 23:18:25,145 - INFO - model saved 28 times, last saved epoch: 35.

2025-09-14 23:18:28,828 - INFO - Epoch 36, Train loss: 0.05535809323191643
2025-09-14 23:18:30,160 - INFO - mIoU: 0.9395; OA: 0.9766; AA: 0.9767; F1: 0.9685; Kappa: 0.9598;
2025-09-14 23:18:30,161 - INFO - spatial_LccAccuracy: 0.8832; spatial_PA: 0.957; spatial_UA: 0.9869; spatial_F1: 0.9717
2025-09-14 23:18:30,161 - INFO - temporal_CdAccuracy: 0.7132; temporal_PA: 0.9392; temporal_UA: 0.9108; temporal_F1: 0.9248
2025-09-14 23:18:30,162 - INFO - Confusion Matrix
 [66904.	 1093.	    3.	   39.	   52.]
 [ 1418.	51014.	   52.	   99.	  224.]
 [    0.	   78.	 2366.	    0.	    0.]
 [   33.	    4.	    0.	 1250.	    0.]
 [    0.	   42.	    0.	    0.	 9429.]
2025-09-14 23:18:30,163 - INFO - model saved 28 times, last saved epoch: 35.

2025-09-14 23:18:33,552 - INFO - Epoch 37, Train loss: 0.05183736979961395
2025-09-14 23:18:34,868 - INFO - mIoU: 0.9478; OA: 0.9779; AA: 0.9691; F1: 0.973; Kappa: 0.962;
2025-09-14 23:18:34,868 - INFO - spatial_LccAccuracy: 0.8949; spatial_PA: 0.9656; spatial_UA: 0.9806; spatial_F1: 0.973
2025-09-14 23:18:34,869 - INFO - temporal_CdAccuracy: 0.7069; temporal_PA: 0.9279; temporal_UA: 0.9164; temporal_F1: 0.9221
2025-09-14 23:18:34,869 - INFO - Confusion Matrix
 [67266.	  809.	    2.	    6.	    8.]
 [ 1687.	50925.	   23.	   52.	  120.]
 [    0.	  109.	 2335.	    0.	    0.]
 [   59.	   11.	    0.	 1217.	    0.]
 [    5.	   69.	    0.	    0.	 9397.]
2025-09-14 23:18:34,926 - INFO - Epoch 37 saved.
2025-09-14 23:18:34,927 - INFO - model saved 29 times, last saved epoch: 37.

2025-09-14 23:18:38,482 - INFO - Epoch 38, Train loss: 0.048692796379327774
2025-09-14 23:18:39,728 - INFO - mIoU: 0.9453; OA: 0.9786; AA: 0.9741; F1: 0.9717; Kappa: 0.9631;
2025-09-14 23:18:39,728 - INFO - spatial_LccAccuracy: 0.889; spatial_PA: 0.9572; spatial_UA: 0.9836; spatial_F1: 0.9702
2025-09-14 23:18:39,728 - INFO - temporal_CdAccuracy: 0.7074; temporal_PA: 0.9426; temporal_UA: 0.9144; temporal_F1: 0.9283
2025-09-14 23:18:39,728 - INFO - Confusion Matrix
 [67153.	  910.	    1.	   16.	   11.]
 [ 1462.	51102.	   73.	   76.	   94.]
 [    1.	   77.	 2366.	    0.	    0.]
 [   45.	    7.	    0.	 1235.	    0.]
 [   15.	   88.	    0.	    0.	 9368.]
2025-09-14 23:18:39,729 - INFO - model saved 29 times, last saved epoch: 37.

2025-09-14 23:18:43,174 - INFO - Epoch 39, Train loss: 0.04877769947052002
2025-09-14 23:18:44,418 - INFO - mIoU: 0.9509; OA: 0.979; AA: 0.9706; F1: 0.9747; Kappa: 0.964;
2025-09-14 23:18:44,419 - INFO - spatial_LccAccuracy: 0.902; spatial_PA: 0.9771; spatial_UA: 0.9858; spatial_F1: 0.9814
2025-09-14 23:18:44,419 - INFO - temporal_CdAccuracy: 0.715; temporal_PA: 0.9382; temporal_UA: 0.9194; temporal_F1: 0.9287
2025-09-14 23:18:44,419 - INFO - Confusion Matrix
 [66703.	 1370.	    2.	   10.	    6.]
 [ 1007.	51680.	   49.	   30.	   41.]
 [    0.	   87.	 2357.	    0.	    0.]
 [   49.	   22.	    0.	 1216.	    0.]
 [   10.	  125.	    0.	    2.	 9334.]
2025-09-14 23:18:44,460 - INFO - Epoch 39 saved.
2025-09-14 23:18:44,461 - INFO - model saved 30 times, last saved epoch: 39.

2025-09-14 23:18:47,922 - INFO - Epoch 40, Train loss: 0.047900401055812836
2025-09-14 23:18:49,195 - INFO - mIoU: 0.9473; OA: 0.9783; AA: 0.9689; F1: 0.9728; Kappa: 0.9627;
2025-09-14 23:18:49,195 - INFO - spatial_LccAccuracy: 0.8944; spatial_PA: 0.9703; spatial_UA: 0.9871; spatial_F1: 0.9786
2025-09-14 23:18:49,195 - INFO - temporal_CdAccuracy: 0.7132; temporal_PA: 0.938; temporal_UA: 0.915; temporal_F1: 0.9264
2025-09-14 23:18:49,195 - INFO - Confusion Matrix
 [66594.	 1426.	    1.	    6.	   64.]
 [  956.	51658.	   39.	   35.	  119.]
 [    0.	  129.	 2315.	    0.	    0.]
 [   49.	   17.	    0.	 1221.	    0.]
 [    0.	   72.	    0.	    1.	 9398.]
2025-09-14 23:18:49,196 - INFO - model saved 30 times, last saved epoch: 39.

2025-09-14 23:18:53,001 - INFO - Epoch 41, Train loss: 0.04666659235954285
2025-09-14 23:18:54,231 - INFO - mIoU: 0.9295; OA: 0.9786; AA: 0.9436; F1: 0.9625; Kappa: 0.9631;
2025-09-14 23:18:54,231 - INFO - spatial_LccAccuracy: 0.881; spatial_PA: 0.9676; spatial_UA: 0.9885; spatial_F1: 0.9779
2025-09-14 23:18:54,231 - INFO - temporal_CdAccuracy: 0.7114; temporal_PA: 0.944; temporal_UA: 0.9176; temporal_F1: 0.9306
2025-09-14 23:18:54,231 - INFO - Confusion Matrix
 [66819.	 1252.	    2.	    9.	    9.]
 [ 1024.	51716.	   24.	    6.	   37.]
 [    0.	  139.	 2305.	    0.	    0.]
 [   39.	  180.	    0.	 1068.	    0.]
 [    9.	  140.	    0.	    0.	 9322.]
2025-09-14 23:18:54,232 - INFO - model saved 30 times, last saved epoch: 39.

2025-09-14 23:18:57,649 - INFO - Epoch 42, Train loss: 0.045724790543317795
2025-09-14 23:18:58,869 - INFO - mIoU: 0.9532; OA: 0.9799; AA: 0.9716; F1: 0.976; Kappa: 0.9655;
2025-09-14 23:18:58,869 - INFO - spatial_LccAccuracy: 0.902; spatial_PA: 0.9683; spatial_UA: 0.9834; spatial_F1: 0.9758
2025-09-14 23:18:58,869 - INFO - temporal_CdAccuracy: 0.7132; temporal_PA: 0.9443; temporal_UA: 0.9178; temporal_F1: 0.9309
2025-09-14 23:18:58,870 - INFO - Confusion Matrix
 [67198.	  875.	    1.	    9.	    8.]
 [ 1344.	51265.	   13.	   34.	  151.]
 [    0.	  103.	 2341.	    0.	    0.]
 [   48.	   14.	    0.	 1225.	    0.]
 [   31.	   59.	    0.	    0.	 9381.]
2025-09-14 23:18:58,909 - INFO - Epoch 42 saved.
2025-09-14 23:18:58,909 - INFO - model saved 31 times, last saved epoch: 42.

2025-09-14 23:19:02,272 - INFO - Epoch 43, Train loss: 0.04523702338337898
2025-09-14 23:19:03,591 - INFO - mIoU: 0.9516; OA: 0.9801; AA: 0.9746; F1: 0.9751; Kappa: 0.9657;
2025-09-14 23:19:03,591 - INFO - spatial_LccAccuracy: 0.9065; spatial_PA: 0.9605; spatial_UA: 0.9845; spatial_F1: 0.9723
2025-09-14 23:19:03,591 - INFO - temporal_CdAccuracy: 0.7239; temporal_PA: 0.9434; temporal_UA: 0.9239; temporal_F1: 0.9336
2025-09-14 23:19:03,592 - INFO - Confusion Matrix
 [67311.	  750.	    2.	   22.	    6.]
 [ 1473.	51159.	   30.	   52.	   93.]
 [    0.	   92.	 2352.	    0.	    0.]
 [   36.	    9.	    0.	 1242.	    0.]
 [   22.	   85.	    0.	    2.	 9362.]
2025-09-14 23:19:03,593 - INFO - model saved 31 times, last saved epoch: 42.

2025-09-14 23:19:06,939 - INFO - Epoch 44, Train loss: 0.044192925095558167
2025-09-14 23:19:08,245 - INFO - mIoU: 0.9514; OA: 0.9803; AA: 0.9675; F1: 0.9749; Kappa: 0.9661;
2025-09-14 23:19:08,245 - INFO - spatial_LccAccuracy: 0.9087; spatial_PA: 0.97; spatial_UA: 0.9859; spatial_F1: 0.9779
2025-09-14 23:19:08,245 - INFO - temporal_CdAccuracy: 0.7248; temporal_PA: 0.9449; temporal_UA: 0.9263; temporal_F1: 0.9355
2025-09-14 23:19:08,246 - INFO - Confusion Matrix
 [67335.	  749.	    2.	    5.	    0.]
 [ 1427.	51283.	   24.	   30.	   43.]
 [    0.	  105.	 2339.	    0.	    0.]
 [   67.	   12.	    0.	 1208.	    0.]
 [   52.	  120.	    0.	    2.	 9297.]
2025-09-14 23:19:08,248 - INFO - model saved 31 times, last saved epoch: 42.

2025-09-14 23:19:11,846 - INFO - Epoch 45, Train loss: 0.042964473366737366
2025-09-14 23:19:12,977 - INFO - mIoU: 0.9519; OA: 0.9799; AA: 0.9697; F1: 0.9752; Kappa: 0.9655;
2025-09-14 23:19:12,977 - INFO - spatial_LccAccuracy: 0.9029; spatial_PA: 0.9656; spatial_UA: 0.9848; spatial_F1: 0.9751
2025-09-14 23:19:12,977 - INFO - temporal_CdAccuracy: 0.7168; temporal_PA: 0.9434; temporal_UA: 0.9178; temporal_F1: 0.9304
2025-09-14 23:19:12,978 - INFO - Confusion Matrix
 [66746.	 1316.	    2.	    5.	   22.]
 [  907.	51710.	   45.	   15.	  130.]
 [    0.	   90.	 2354.	    0.	    0.]
 [   45.	   40.	    0.	 1202.	    0.]
 [    4.	   74.	    0.	    0.	 9393.]
2025-09-14 23:19:12,979 - INFO - model saved 31 times, last saved epoch: 42.

2025-09-14 23:19:16,662 - INFO - Epoch 46, Train loss: 0.042616818100214005
2025-09-14 23:19:17,714 - INFO - mIoU: 0.9487; OA: 0.9796; AA: 0.9681; F1: 0.9736; Kappa: 0.9649;
2025-09-14 23:19:17,714 - INFO - spatial_LccAccuracy: 0.9043; spatial_PA: 0.9575; spatial_UA: 0.9848; spatial_F1: 0.9709
2025-09-14 23:19:17,714 - INFO - temporal_CdAccuracy: 0.7257; temporal_PA: 0.9405; temporal_UA: 0.9245; temporal_F1: 0.9324
2025-09-14 23:19:17,715 - INFO - Confusion Matrix
 [67193.	  855.	    1.	   30.	   12.]
 [ 1393.	51262.	    9.	   25.	  118.]
 [    0.	  170.	 2274.	    0.	    0.]
 [   29.	   22.	    0.	 1236.	    0.]
 [    0.	   73.	    0.	    0.	 9398.]
2025-09-14 23:19:17,715 - INFO - model saved 31 times, last saved epoch: 42.

2025-09-14 23:19:21,182 - INFO - Epoch 47, Train loss: 0.04294987767934799
2025-09-14 23:19:22,453 - INFO - mIoU: 0.9563; OA: 0.9814; AA: 0.9723; F1: 0.9776; Kappa: 0.9681;
2025-09-14 23:19:22,453 - INFO - spatial_LccAccuracy: 0.9132; spatial_PA: 0.9692; spatial_UA: 0.9868; spatial_F1: 0.9779
2025-09-14 23:19:22,453 - INFO - temporal_CdAccuracy: 0.7271; temporal_PA: 0.9495; temporal_UA: 0.9289; temporal_F1: 0.9391
2025-09-14 23:19:22,454 - INFO - Confusion Matrix
 [67400.	  665.	    2.	    8.	   16.]
 [ 1407.	51253.	   38.	   15.	   94.]
 [    0.	   85.	 2359.	    0.	    0.]
 [   38.	   33.	    0.	 1216.	    0.]
 [    0.	   87.	    0.	    0.	 9384.]
2025-09-14 23:19:22,497 - INFO - Epoch 47 saved.
2025-09-14 23:19:22,498 - INFO - model saved 32 times, last saved epoch: 47.

2025-09-14 23:19:26,066 - INFO - Epoch 48, Train loss: 0.041805461049079895
2025-09-14 23:19:27,245 - INFO - mIoU: 0.9518; OA: 0.9801; AA: 0.9747; F1: 0.9752; Kappa: 0.9657;
2025-09-14 23:19:27,245 - INFO - spatial_LccAccuracy: 0.9096; spatial_PA: 0.9673; spatial_UA: 0.9873; spatial_F1: 0.9772
2025-09-14 23:19:27,245 - INFO - temporal_CdAccuracy: 0.7235; temporal_PA: 0.9456; temporal_UA: 0.9256; temporal_F1: 0.9355
2025-09-14 23:19:27,245 - INFO - Confusion Matrix
 [67425.	  637.	    1.	   10.	   18.]
 [ 1550.	51005.	   94.	   25.	  133.]
 [    1.	   66.	 2377.	    0.	    0.]
 [   49.	   12.	    0.	 1226.	    0.]
 [    0.	   76.	    0.	    0.	 9395.]
2025-09-14 23:19:27,246 - INFO - model saved 32 times, last saved epoch: 47.

2025-09-14 23:19:30,574 - INFO - Epoch 49, Train loss: 0.0391906313598156
2025-09-14 23:19:31,773 - INFO - mIoU: 0.9523; OA: 0.9808; AA: 0.9721; F1: 0.9754; Kappa: 0.9669;
2025-09-14 23:19:31,773 - INFO - spatial_LccAccuracy: 0.9038; spatial_PA: 0.9708; spatial_UA: 0.981; spatial_F1: 0.9758
2025-09-14 23:19:31,773 - INFO - temporal_CdAccuracy: 0.7244; temporal_PA: 0.9499; temporal_UA: 0.9281; temporal_F1: 0.9389
2025-09-14 23:19:31,773 - INFO - Confusion Matrix
 [67386.	  682.	    1.	   13.	    9.]
 [ 1449.	51173.	   18.	   45.	  122.]
 [    0.	  104.	 2340.	    0.	    0.]
 [   56.	    6.	    0.	 1225.	    0.]
 [    1.	   71.	    0.	    0.	 9399.]
2025-09-14 23:19:31,774 - INFO - model saved 32 times, last saved epoch: 47.

2025-09-14 23:19:35,360 - INFO - Epoch 50, Train loss: 0.0402030423283577
2025-09-14 23:19:36,541 - INFO - mIoU: 0.9547; OA: 0.981; AA: 0.9737; F1: 0.9767; Kappa: 0.9673;
2025-09-14 23:19:36,541 - INFO - spatial_LccAccuracy: 0.9128; spatial_PA: 0.9673; spatial_UA: 0.9873; spatial_F1: 0.9772
2025-09-14 23:19:36,542 - INFO - temporal_CdAccuracy: 0.728; temporal_PA: 0.9488; temporal_UA: 0.9294; temporal_F1: 0.939
2025-09-14 23:19:36,542 - INFO - Confusion Matrix
 [67563.	  498.	    1.	   18.	   11.]
 [ 1618.	51029.	   20.	   36.	  104.]
 [    1.	  111.	 2332.	    0.	    0.]
 [   38.	    7.	    0.	 1242.	    0.]
 [    2.	   84.	    0.	    0.	 9385.]
2025-09-14 23:19:36,543 - INFO - model saved 32 times, last saved epoch: 47.

2025-09-14 23:19:40,173 - INFO - Epoch 51, Train loss: 0.038240887224674225
2025-09-14 23:19:41,428 - INFO - mIoU: 0.9536; OA: 0.9809; AA: 0.9735; F1: 0.9761; Kappa: 0.9672;
2025-09-14 23:19:41,428 - INFO - spatial_LccAccuracy: 0.9119; spatial_PA: 0.976; spatial_UA: 0.9855; spatial_F1: 0.9807
2025-09-14 23:19:41,429 - INFO - temporal_CdAccuracy: 0.7315; temporal_PA: 0.9486; temporal_UA: 0.9297; temporal_F1: 0.9391
2025-09-14 23:19:41,429 - INFO - Confusion Matrix
 [67289.	  780.	    1.	   13.	    8.]
 [ 1352.	51275.	   44.	   34.	  102.]
 [    0.	   83.	 2361.	    0.	    0.]
 [   56.	    8.	    0.	 1223.	    0.]
 [    0.	   77.	    0.	    0.	 9394.]
2025-09-14 23:19:41,430 - INFO - model saved 32 times, last saved epoch: 47.

2025-09-14 23:19:45,242 - INFO - Epoch 52, Train loss: 0.03922663629055023
2025-09-14 23:19:46,330 - INFO - mIoU: 0.9553; OA: 0.9816; AA: 0.9794; F1: 0.9771; Kappa: 0.9684;
2025-09-14 23:19:46,330 - INFO - spatial_LccAccuracy: 0.9136; spatial_PA: 0.9697; spatial_UA: 0.9891; spatial_F1: 0.9793
2025-09-14 23:19:46,330 - INFO - temporal_CdAccuracy: 0.7257; temporal_PA: 0.9533; temporal_UA: 0.927; temporal_F1: 0.94
2025-09-14 23:19:46,330 - INFO - Confusion Matrix
 [67325.	  699.	    1.	   26.	   40.]
 [ 1290.	51268.	   54.	   36.	  159.]
 [    0.	   67.	 2377.	    0.	    0.]
 [   31.	    7.	    0.	 1249.	    0.]
 [    0.	   56.	    0.	    0.	 9415.]
2025-09-14 23:19:46,331 - INFO - model saved 32 times, last saved epoch: 47.

2025-09-14 23:19:49,960 - INFO - Epoch 53, Train loss: 0.03855003044009209
2025-09-14 23:19:51,296 - INFO - mIoU: 0.9552; OA: 0.982; AA: 0.9729; F1: 0.977; Kappa: 0.969;
2025-09-14 23:19:51,296 - INFO - spatial_LccAccuracy: 0.9154; spatial_PA: 0.9662; spatial_UA: 0.9871; spatial_F1: 0.9765
2025-09-14 23:19:51,296 - INFO - temporal_CdAccuracy: 0.7311; temporal_PA: 0.9516; temporal_UA: 0.9324; temporal_F1: 0.9419
2025-09-14 23:19:51,297 - INFO - Confusion Matrix
 [67377.	  698.	    1.	    9.	    6.]
 [ 1297.	51361.	   81.	   10.	   58.]
 [    0.	   57.	 2387.	    0.	    0.]
 [   38.	   42.	    0.	 1207.	    0.]
 [    2.	  114.	    0.	    1.	 9354.]
2025-09-14 23:19:51,299 - INFO - model saved 32 times, last saved epoch: 47.

2025-09-14 23:19:54,676 - INFO - Epoch 54, Train loss: 0.03831597790122032
2025-09-14 23:19:55,777 - INFO - mIoU: 0.9564; OA: 0.9814; AA: 0.9715; F1: 0.9776; Kappa: 0.9679;
2025-09-14 23:19:55,777 - INFO - spatial_LccAccuracy: 0.9195; spatial_PA: 0.9629; spatial_UA: 0.9862; spatial_F1: 0.9744
2025-09-14 23:19:55,778 - INFO - temporal_CdAccuracy: 0.7338; temporal_PA: 0.9535; temporal_UA: 0.9351; temporal_F1: 0.9442
2025-09-14 23:19:55,778 - INFO - Confusion Matrix
 [67302.	  775.	    1.	    7.	    6.]
 [ 1311.	51341.	   35.	   10.	  110.]
 [    0.	   74.	 2370.	    0.	    0.]
 [   39.	   43.	    0.	 1205.	    0.]
 [    8.	   80.	    0.	    0.	 9383.]
2025-09-14 23:19:55,820 - INFO - Epoch 54 saved.
2025-09-14 23:19:55,821 - INFO - model saved 33 times, last saved epoch: 54.

2025-09-14 23:19:59,534 - INFO - Epoch 55, Train loss: 0.03642568737268448
2025-09-14 23:20:00,749 - INFO - mIoU: 0.9553; OA: 0.9813; AA: 0.9789; F1: 0.977; Kappa: 0.9678;
2025-09-14 23:20:00,749 - INFO - spatial_LccAccuracy: 0.9181; spatial_PA: 0.9823; spatial_UA: 0.9902; spatial_F1: 0.9862
2025-09-14 23:20:00,749 - INFO - temporal_CdAccuracy: 0.7275; temporal_PA: 0.9544; temporal_UA: 0.9273; temporal_F1: 0.9407
2025-09-14 23:20:00,750 - INFO - Confusion Matrix
 [67223.	  838.	    1.	   19.	   10.]
 [ 1223.	51336.	   75.	   33.	  140.]
 [    0.	   61.	 2383.	    0.	    0.]
 [   36.	    6.	    0.	 1245.	    0.]
 [    1.	   70.	    0.	    0.	 9400.]
2025-09-14 23:20:00,750 - INFO - model saved 33 times, last saved epoch: 54.

2025-09-14 23:20:04,515 - INFO - Epoch 56, Train loss: 0.03640489652752876
2025-09-14 23:20:05,867 - INFO - mIoU: 0.9561; OA: 0.9814; AA: 0.9747; F1: 0.9775; Kappa: 0.968;
2025-09-14 23:20:05,867 - INFO - spatial_LccAccuracy: 0.9105; spatial_PA: 0.9684; spatial_UA: 0.9876; spatial_F1: 0.9779
2025-09-14 23:20:05,867 - INFO - temporal_CdAccuracy: 0.732; temporal_PA: 0.9523; temporal_UA: 0.9313; temporal_F1: 0.9417
2025-09-14 23:20:05,868 - INFO - Confusion Matrix
 [67272.	  709.	    2.	   13.	   95.]
 [ 1237.	51321.	   19.	   14.	  216.]
 [    0.	  101.	 2343.	    0.	    0.]
 [   33.	   19.	    0.	 1234.	    1.]
 [    0.	   35.	    0.	    0.	 9436.]
2025-09-14 23:20:05,868 - INFO - model saved 33 times, last saved epoch: 54.

2025-09-14 23:20:09,556 - INFO - Epoch 57, Train loss: 0.034950140863657
2025-09-14 23:20:10,762 - INFO - mIoU: 0.9547; OA: 0.9806; AA: 0.9758; F1: 0.9768; Kappa: 0.9668;
2025-09-14 23:20:10,762 - INFO - spatial_LccAccuracy: 0.9136; spatial_PA: 0.9811; spatial_UA: 0.9859; spatial_F1: 0.9835
2025-09-14 23:20:10,762 - INFO - temporal_CdAccuracy: 0.7275; temporal_PA: 0.9528; temporal_UA: 0.9281; temporal_F1: 0.9403
2025-09-14 23:20:10,762 - INFO - Confusion Matrix
 [66589.	 1429.	    3.	   22.	   48.]
 [  680.	51905.	   31.	   21.	  170.]
 [    0.	   96.	 2348.	    0.	    0.]
 [   34.	   14.	    0.	 1239.	    0.]
 [    0.	   49.	    0.	    0.	 9422.]
2025-09-14 23:20:10,763 - INFO - model saved 33 times, last saved epoch: 54.

2025-09-14 23:20:14,322 - INFO - Epoch 58, Train loss: 0.035250578075647354
2025-09-14 23:20:15,491 - INFO - mIoU: 0.9532; OA: 0.979; AA: 0.9681; F1: 0.9759; Kappa: 0.9639;
2025-09-14 23:20:15,491 - INFO - spatial_LccAccuracy: 0.9051; spatial_PA: 0.964; spatial_UA: 0.9865; spatial_F1: 0.9751
2025-09-14 23:20:15,491 - INFO - temporal_CdAccuracy: 0.723; temporal_PA: 0.9402; temporal_UA: 0.92; temporal_F1: 0.93
2025-09-14 23:20:15,491 - INFO - Confusion Matrix
 [66540.	 1521.	    3.	   13.	   14.]
 [  884.	51863.	   24.	    6.	   30.]
 [    0.	   74.	 2370.	    0.	    0.]
 [   34.	   60.	    0.	 1193.	    0.]
 [    1.	  148.	    0.	    0.	 9322.]
2025-09-14 23:20:15,492 - INFO - model saved 33 times, last saved epoch: 54.

2025-09-14 23:20:18,919 - INFO - Epoch 59, Train loss: 0.03468538820743561
2025-09-14 23:20:20,148 - INFO - mIoU: 0.9601; OA: 0.9832; AA: 0.9779; F1: 0.9796; Kappa: 0.9711;
2025-09-14 23:20:20,148 - INFO - spatial_LccAccuracy: 0.9226; spatial_PA: 0.973; spatial_UA: 0.9899; spatial_F1: 0.9814
2025-09-14 23:20:20,148 - INFO - temporal_CdAccuracy: 0.7414; temporal_PA: 0.9531; temporal_UA: 0.9389; temporal_F1: 0.9459
2025-09-14 23:20:20,149 - INFO - Confusion Matrix
 [67139.	  924.	    2.	   18.	    8.]
 [  934.	51717.	   29.	   26.	  101.]
 [    0.	   87.	 2357.	    0.	    0.]
 [   32.	    8.	    0.	 1247.	    0.]
 [    1.	   85.	    0.	    0.	 9385.]
2025-09-14 23:20:20,189 - INFO - Epoch 59 saved.
2025-09-14 23:20:20,190 - INFO - model saved 34 times, last saved epoch: 59.

2025-09-14 23:20:23,782 - INFO - Epoch 60, Train loss: 0.032242950052022934
2025-09-14 23:20:25,021 - INFO - mIoU: 0.9516; OA: 0.9802; AA: 0.9705; F1: 0.975; Kappa: 0.9659;
2025-09-14 23:20:25,021 - INFO - spatial_LccAccuracy: 0.906; spatial_PA: 0.9722; spatial_UA: 0.9908; spatial_F1: 0.9814
2025-09-14 23:20:25,021 - INFO - temporal_CdAccuracy: 0.7204; temporal_PA: 0.9472; temporal_UA: 0.9246; temporal_F1: 0.9358
2025-09-14 23:20:25,022 - INFO - Confusion Matrix
 [66546.	 1490.	    4.	   22.	   29.]
 [  715.	51992.	   53.	   10.	   37.]
 [    0.	   78.	 2366.	    0.	    0.]
 [   33.	   48.	    0.	 1206.	    0.]
 [    0.	  138.	    0.	    1.	 9332.]
2025-09-14 23:20:25,022 - INFO - model saved 34 times, last saved epoch: 59.

2025-09-14 23:20:28,617 - INFO - Epoch 61, Train loss: 0.03283075988292694
2025-09-14 23:20:29,978 - INFO - mIoU: 0.9574; OA: 0.9812; AA: 0.9783; F1: 0.9782; Kappa: 0.9678;
2025-09-14 23:20:29,978 - INFO - spatial_LccAccuracy: 0.9195; spatial_PA: 0.982; spatial_UA: 0.9891; spatial_F1: 0.9855
2025-09-14 23:20:29,978 - INFO - temporal_CdAccuracy: 0.7351; temporal_PA: 0.9543; temporal_UA: 0.9306; temporal_F1: 0.9423
2025-09-14 23:20:29,979 - INFO - Confusion Matrix
 [66758.	 1306.	    2.	   15.	   10.]
 [  781.	51808.	   57.	   24.	  137.]
 [    0.	   72.	 2372.	    0.	    0.]
 [   35.	    8.	    0.	 1244.	    0.]
 [    1.	   68.	    0.	    0.	 9402.]
2025-09-14 23:20:29,979 - INFO - model saved 34 times, last saved epoch: 59.

2025-09-14 23:20:33,302 - INFO - Epoch 62, Train loss: 0.03442733734846115
2025-09-14 23:20:34,514 - INFO - mIoU: 0.9602; OA: 0.9828; AA: 0.9769; F1: 0.9796; Kappa: 0.9704;
2025-09-14 23:20:34,514 - INFO - spatial_LccAccuracy: 0.919; spatial_PA: 0.9787; spatial_UA: 0.9883; spatial_F1: 0.9835
2025-09-14 23:20:34,514 - INFO - temporal_CdAccuracy: 0.7275; temporal_PA: 0.9547; temporal_UA: 0.9324; temporal_F1: 0.9434
2025-09-14 23:20:34,515 - INFO - Confusion Matrix
 [66980.	 1092.	    1.	   12.	    6.]
 [  824.	51825.	   38.	   18.	  102.]
 [    0.	   77.	 2367.	    0.	    0.]
 [   37.	   14.	    0.	 1236.	    0.]
 [    5.	   85.	    0.	    0.	 9381.]
2025-09-14 23:20:34,564 - INFO - Epoch 62 saved.
2025-09-14 23:20:34,565 - INFO - model saved 35 times, last saved epoch: 62.

2025-09-14 23:20:37,806 - INFO - Epoch 63, Train loss: 0.032668862491846085
2025-09-14 23:20:39,119 - INFO - mIoU: 0.9566; OA: 0.9826; AA: 0.9812; F1: 0.9777; Kappa: 0.9701;
2025-09-14 23:20:39,119 - INFO - spatial_LccAccuracy: 0.9154; spatial_PA: 0.967; spatial_UA: 0.9862; spatial_F1: 0.9765
2025-09-14 23:20:39,119 - INFO - temporal_CdAccuracy: 0.7257; temporal_PA: 0.9599; temporal_UA: 0.9342; temporal_F1: 0.9469
2025-09-14 23:20:39,119 - INFO - Confusion Matrix
 [67482.	  568.	    0.	   28.	   13.]
 [ 1338.	51244.	   54.	   51.	  120.]
 [    0.	   51.	 2393.	    0.	    0.]
 [   33.	    1.	    0.	 1253.	    0.]
 [    0.	   76.	    0.	    0.	 9395.]
2025-09-14 23:20:39,120 - INFO - model saved 35 times, last saved epoch: 62.

2025-09-14 23:20:42,421 - INFO - Epoch 64, Train loss: 0.030863501131534576
2025-09-14 23:20:43,491 - INFO - mIoU: 0.9523; OA: 0.9816; AA: 0.975; F1: 0.9755; Kappa: 0.9683;
2025-09-14 23:20:43,491 - INFO - spatial_LccAccuracy: 0.9172; spatial_PA: 0.9822; spatial_UA: 0.9862; spatial_F1: 0.9842
2025-09-14 23:20:43,491 - INFO - temporal_CdAccuracy: 0.7284; temporal_PA: 0.9543; temporal_UA: 0.9292; temporal_F1: 0.9416
2025-09-14 23:20:43,491 - INFO - Confusion Matrix
 [67043.	 1030.	    1.	    8.	    9.]
 [  970.	51602.	  105.	   27.	  103.]
 [    0.	   49.	 2395.	    0.	    0.]
 [   68.	    5.	    0.	 1214.	    0.]
 [    8.	   87.	    0.	    0.	 9376.]
2025-09-14 23:20:43,492 - INFO - model saved 35 times, last saved epoch: 62.

2025-09-14 23:20:47,143 - INFO - Epoch 65, Train loss: 0.0316268615424633
2025-09-14 23:20:48,446 - INFO - mIoU: 0.9537; OA: 0.9811; AA: 0.9751; F1: 0.9762; Kappa: 0.9675;
2025-09-14 23:20:48,446 - INFO - spatial_LccAccuracy: 0.9114; spatial_PA: 0.9708; spatial_UA: 0.9893; spatial_F1: 0.98
2025-09-14 23:20:48,446 - INFO - temporal_CdAccuracy: 0.7311; temporal_PA: 0.9547; temporal_UA: 0.9291; temporal_F1: 0.9417
2025-09-14 23:20:48,447 - INFO - Confusion Matrix
 [66758.	 1294.	    5.	   27.	    7.]
 [  807.	51841.	   77.	   13.	   69.]
 [    0.	   62.	 2382.	    0.	    0.]
 [   28.	   36.	    0.	 1223.	    0.]
 [    4.	  105.	    0.	    0.	 9362.]
2025-09-14 23:20:48,448 - INFO - model saved 35 times, last saved epoch: 62.

2025-09-14 23:20:52,104 - INFO - Epoch 66, Train loss: 0.03034408576786518
2025-09-14 23:20:53,462 - INFO - mIoU: 0.9507; OA: 0.9825; AA: 0.9631; F1: 0.9746; Kappa: 0.9698;
2025-09-14 23:20:53,462 - INFO - spatial_LccAccuracy: 0.9163; spatial_PA: 0.9787; spatial_UA: 0.9883; spatial_F1: 0.9835
2025-09-14 23:20:53,462 - INFO - temporal_CdAccuracy: 0.7342; temporal_PA: 0.9481; temporal_UA: 0.9373; temporal_F1: 0.9427
2025-09-14 23:20:53,463 - INFO - Confusion Matrix
 [67004.	 1077.	    1.	    8.	    1.]
 [  783.	51944.	   24.	    5.	   51.]
 [    0.	  140.	 2304.	    0.	    0.]
 [   43.	   57.	    0.	 1187.	    0.]
 [   22.	  140.	    0.	    0.	 9309.]
2025-09-14 23:20:53,464 - INFO - model saved 35 times, last saved epoch: 62.

2025-09-14 23:20:57,137 - INFO - Epoch 67, Train loss: 0.030860193073749542
2025-09-14 23:20:58,344 - INFO - mIoU: 0.9599; OA: 0.9827; AA: 0.9774; F1: 0.9795; Kappa: 0.9702;
2025-09-14 23:20:58,345 - INFO - spatial_LccAccuracy: 0.9181; spatial_PA: 0.9768; spatial_UA: 0.9888; spatial_F1: 0.9828
2025-09-14 23:20:58,345 - INFO - temporal_CdAccuracy: 0.7338; temporal_PA: 0.9524; temporal_UA: 0.9336; temporal_F1: 0.9429
2025-09-14 23:20:58,346 - INFO - Confusion Matrix
 [66934.	 1120.	    2.	   27.	    8.]
 [  819.	51836.	   34.	    9.	  109.]
 [    0.	   75.	 2369.	    0.	    0.]
 [   30.	   21.	    0.	 1236.	    0.]
 [    1.	   67.	    0.	    0.	 9403.]
2025-09-14 23:20:58,347 - INFO - model saved 35 times, last saved epoch: 62.

2025-09-14 23:21:01,727 - INFO - Epoch 68, Train loss: 0.030228717252612114
2025-09-14 23:21:02,777 - INFO - mIoU: 0.9564; OA: 0.9821; AA: 0.9793; F1: 0.9776; Kappa: 0.9692;
2025-09-14 23:21:02,777 - INFO - spatial_LccAccuracy: 0.911; spatial_PA: 0.9763; spatial_UA: 0.9907; spatial_F1: 0.9835
2025-09-14 23:21:02,777 - INFO - temporal_CdAccuracy: 0.7257; temporal_PA: 0.9574; temporal_UA: 0.9309; temporal_F1: 0.944
2025-09-14 23:21:02,778 - INFO - Confusion Matrix
 [67108.	  944.	    3.	   20.	   16.]
 [ 1028.	51573.	  101.	   20.	   85.]
 [    0.	   49.	 2395.	    0.	    0.]
 [   36.	   11.	    0.	 1240.	    0.]
 [    0.	   87.	    0.	    0.	 9384.]
2025-09-14 23:21:02,779 - INFO - model saved 35 times, last saved epoch: 62.

2025-09-14 23:21:06,316 - INFO - Epoch 69, Train loss: 0.028420643880963326
2025-09-14 23:21:07,578 - INFO - mIoU: 0.9604; OA: 0.9833; AA: 0.9768; F1: 0.9797; Kappa: 0.9714;
2025-09-14 23:21:07,578 - INFO - spatial_LccAccuracy: 0.9213; spatial_PA: 0.9782; spatial_UA: 0.9902; spatial_F1: 0.9841
2025-09-14 23:21:07,578 - INFO - temporal_CdAccuracy: 0.7338; temporal_PA: 0.9523; temporal_UA: 0.9355; temporal_F1: 0.9438
2025-09-14 23:21:07,579 - INFO - Confusion Matrix
 [67041.	 1031.	    1.	   16.	    2.]
 [  812.	51874.	   35.	   20.	   66.]
 [    0.	   93.	 2351.	    0.	    0.]
 [   34.	    8.	    0.	 1245.	    0.]
 [    2.	  114.	    0.	    0.	 9355.]
2025-09-14 23:21:07,637 - INFO - Epoch 69 saved.
2025-09-14 23:21:07,637 - INFO - model saved 36 times, last saved epoch: 69.

2025-09-14 23:21:11,127 - INFO - Epoch 70, Train loss: 0.030519649386405945
2025-09-14 23:21:12,302 - INFO - mIoU: 0.9597; OA: 0.9829; AA: 0.9799; F1: 0.9794; Kappa: 0.9706;
2025-09-14 23:21:12,303 - INFO - spatial_LccAccuracy: 0.9195; spatial_PA: 0.9787; spatial_UA: 0.9924; spatial_F1: 0.9855
2025-09-14 23:21:12,303 - INFO - temporal_CdAccuracy: 0.736; temporal_PA: 0.957; temporal_UA: 0.9364; temporal_F1: 0.9466
2025-09-14 23:21:12,304 - INFO - Confusion Matrix
 [66881.	 1157.	    2.	   26.	   25.]
 [  731.	51924.	   44.	   25.	   83.]
 [    0.	   62.	 2382.	    0.	    0.]
 [   33.	    6.	    0.	 1248.	    0.]
 [    0.	   99.	    0.	    0.	 9372.]
2025-09-14 23:21:12,305 - INFO - model saved 36 times, last saved epoch: 69.

2025-09-14 23:21:15,941 - INFO - Epoch 71, Train loss: 0.029397716745734215
2025-09-14 23:21:17,239 - INFO - mIoU: 0.9541; OA: 0.9823; AA: 0.9776; F1: 0.9763; Kappa: 0.9697;
2025-09-14 23:21:17,239 - INFO - spatial_LccAccuracy: 0.9096; spatial_PA: 0.9822; spatial_UA: 0.9862; spatial_F1: 0.9842
2025-09-14 23:21:17,240 - INFO - temporal_CdAccuracy: 0.7333; temporal_PA: 0.9531; temporal_UA: 0.9341; temporal_F1: 0.9435
2025-09-14 23:21:17,240 - INFO - Confusion Matrix
 [67001.	 1062.	    1.	   17.	   10.]
 [  877.	51742.	   33.	   66.	   89.]
 [    0.	   85.	 2359.	    0.	    0.]
 [   40.	    1.	    0.	 1246.	    0.]
 [    1.	   86.	    0.	    0.	 9384.]
2025-09-14 23:21:17,242 - INFO - model saved 36 times, last saved epoch: 69.

2025-09-14 23:21:20,988 - INFO - Epoch 72, Train loss: 0.02753172256052494
2025-09-14 23:21:22,287 - INFO - mIoU: 0.9586; OA: 0.9826; AA: 0.9799; F1: 0.9788; Kappa: 0.97;
2025-09-14 23:21:22,288 - INFO - spatial_LccAccuracy: 0.9141; spatial_PA: 0.9722; spatial_UA: 0.9908; spatial_F1: 0.9814
2025-09-14 23:21:22,288 - INFO - temporal_CdAccuracy: 0.7391; temporal_PA: 0.9545; temporal_UA: 0.9391; temporal_F1: 0.9468
2025-09-14 23:21:22,289 - INFO - Confusion Matrix
 [67269.	  788.	    1.	   25.	    8.]
 [ 1145.	51480.	   52.	   32.	   98.]
 [    0.	   63.	 2381.	    0.	    0.]
 [   31.	    5.	    0.	 1251.	    0.]
 [    0.	   90.	    0.	    0.	 9381.]
2025-09-14 23:21:22,290 - INFO - model saved 36 times, last saved epoch: 69.

2025-09-14 23:21:26,038 - INFO - Epoch 73, Train loss: 0.027483893558382988
2025-09-14 23:21:27,287 - INFO - mIoU: 0.9607; OA: 0.9826; AA: 0.9769; F1: 0.9799; Kappa: 0.9701;
2025-09-14 23:21:27,288 - INFO - spatial_LccAccuracy: 0.9217; spatial_PA: 0.9801; spatial_UA: 0.9897; spatial_F1: 0.9848
2025-09-14 23:21:27,288 - INFO - temporal_CdAccuracy: 0.7338; temporal_PA: 0.9551; temporal_UA: 0.9335; temporal_F1: 0.9442
2025-09-14 23:21:27,289 - INFO - Confusion Matrix
 [66999.	 1067.	    1.	   14.	   10.]
 [  891.	51768.	   42.	   10.	   96.]
 [    0.	   63.	 2381.	    0.	    0.]
 [   35.	   24.	    0.	 1228.	    0.]
 [    0.	   79.	    0.	    0.	 9392.]
2025-09-14 23:21:27,356 - INFO - Epoch 73 saved.
2025-09-14 23:21:27,357 - INFO - model saved 37 times, last saved epoch: 73.

2025-09-14 23:21:31,032 - INFO - Epoch 74, Train loss: 0.026622558012604713
2025-09-14 23:21:32,312 - INFO - mIoU: 0.9564; OA: 0.9789; AA: 0.9708; F1: 0.9776; Kappa: 0.9637;
2025-09-14 23:21:32,312 - INFO - spatial_LccAccuracy: 0.9114; spatial_PA: 0.9846; spatial_UA: 0.98; spatial_F1: 0.9823
2025-09-14 23:21:32,312 - INFO - temporal_CdAccuracy: 0.7235; temporal_PA: 0.949; temporal_UA: 0.9348; temporal_F1: 0.9418
2025-09-14 23:21:32,313 - INFO - Confusion Matrix
 [66088.	 1992.	    0.	    4.	    7.]
 [  468.	52252.	   30.	    6.	   51.]
 [    0.	  101.	 2343.	    0.	    0.]
 [   41.	   28.	    0.	 1218.	    0.]
 [    0.	  106.	    0.	    0.	 9365.]
2025-09-14 23:21:32,314 - INFO - model saved 37 times, last saved epoch: 73.

2025-09-14 23:21:35,995 - INFO - Epoch 75, Train loss: 0.026217389851808548
2025-09-14 23:21:37,251 - INFO - mIoU: 0.9609; OA: 0.984; AA: 0.9782; F1: 0.98; Kappa: 0.9726;
2025-09-14 23:21:37,252 - INFO - spatial_LccAccuracy: 0.9221; spatial_PA: 0.9777; spatial_UA: 0.9922; spatial_F1: 0.9849
2025-09-14 23:21:37,252 - INFO - temporal_CdAccuracy: 0.7387; temporal_PA: 0.9608; temporal_UA: 0.9392; temporal_F1: 0.9498
2025-09-14 23:21:37,252 - INFO - Confusion Matrix
 [67064.	  994.	    2.	   25.	    6.]
 [  777.	51885.	   40.	   13.	   92.]
 [    0.	   68.	 2376.	    0.	    0.]
 [   30.	   23.	    0.	 1234.	    0.]
 [    0.	   70.	    0.	    0.	 9401.]
2025-09-14 23:21:37,292 - INFO - Epoch 75 saved.
2025-09-14 23:21:37,293 - INFO - model saved 38 times, last saved epoch: 75.

2025-09-14 23:21:40,801 - INFO - Epoch 76, Train loss: 0.02580840326845646
2025-09-14 23:21:42,189 - INFO - mIoU: 0.9562; OA: 0.9813; AA: 0.9711; F1: 0.9775; Kappa: 0.9677;
2025-09-14 23:21:42,189 - INFO - spatial_LccAccuracy: 0.919; spatial_PA: 0.9657; spatial_UA: 0.9891; spatial_F1: 0.9772
2025-09-14 23:21:42,189 - INFO - temporal_CdAccuracy: 0.7369; temporal_PA: 0.9587; temporal_UA: 0.9369; temporal_F1: 0.9477
2025-09-14 23:21:42,190 - INFO - Confusion Matrix
 [67561.	  512.	    1.	   11.	    6.]
 [ 1603.	51078.	   42.	    7.	   77.]
 [    0.	   88.	 2356.	    0.	    0.]
 [   35.	   40.	    0.	 1212.	    0.]
 [    0.	   91.	    0.	    0.	 9380.]
2025-09-14 23:21:42,191 - INFO - model saved 38 times, last saved epoch: 75.

2025-09-14 23:21:45,885 - INFO - Epoch 77, Train loss: 0.02621719427406788
2025-09-14 23:21:47,082 - INFO - mIoU: 0.9608; OA: 0.9831; AA: 0.9798; F1: 0.98; Kappa: 0.971;
2025-09-14 23:21:47,083 - INFO - spatial_LccAccuracy: 0.9275; spatial_PA: 0.9806; spatial_UA: 0.9919; spatial_F1: 0.9862
2025-09-14 23:21:47,083 - INFO - temporal_CdAccuracy: 0.7369; temporal_PA: 0.9563; temporal_UA: 0.9364; temporal_F1: 0.9463
2025-09-14 23:21:47,084 - INFO - Confusion Matrix
 [67150.	  911.	    1.	   20.	    9.]
 [  959.	51681.	   60.	   17.	   90.]
 [    0.	   59.	 2385.	    0.	    0.]
 [   32.	    9.	    0.	 1246.	    0.]
 [    0.	   95.	    0.	    0.	 9376.]
2025-09-14 23:21:47,085 - INFO - model saved 38 times, last saved epoch: 75.

2025-09-14 23:21:50,614 - INFO - Epoch 78, Train loss: 0.024925455451011658
2025-09-14 23:21:51,860 - INFO - mIoU: 0.9592; OA: 0.9829; AA: 0.9754; F1: 0.9791; Kappa: 0.9705;
2025-09-14 23:21:51,860 - INFO - spatial_LccAccuracy: 0.9213; spatial_PA: 0.9801; spatial_UA: 0.9897; spatial_F1: 0.9848
2025-09-14 23:21:51,861 - INFO - temporal_CdAccuracy: 0.7378; temporal_PA: 0.9487; temporal_UA: 0.9394; temporal_F1: 0.944
2025-09-14 23:21:51,861 - INFO - Confusion Matrix
 [66795.	 1268.	    2.	   22.	    4.]
 [  633.	52056.	   34.	    8.	   76.]
 [    0.	   87.	 2357.	    0.	    0.]
 [   30.	   25.	    0.	 1232.	    0.]
 [    1.	  109.	    0.	    0.	 9361.]
2025-09-14 23:21:51,861 - INFO - model saved 38 times, last saved epoch: 75.

2025-09-14 23:21:55,412 - INFO - Epoch 79, Train loss: 0.026597455143928528
2025-09-14 23:21:56,540 - INFO - mIoU: 0.9595; OA: 0.9837; AA: 0.9737; F1: 0.9792; Kappa: 0.9719;
2025-09-14 23:21:56,540 - INFO - spatial_LccAccuracy: 0.9244; spatial_PA: 0.9841; spatial_UA: 0.9897; spatial_F1: 0.9869
2025-09-14 23:21:56,540 - INFO - temporal_CdAccuracy: 0.7391; temporal_PA: 0.962; temporal_UA: 0.9383; temporal_F1: 0.95
2025-09-14 23:21:56,540 - INFO - Confusion Matrix
 [67141.	  923.	    1.	   11.	   15.]
 [  894.	51814.	   46.	    6.	   47.]
 [    0.	   56.	 2388.	    0.	    0.]
 [   40.	   43.	    0.	 1204.	    0.]
 [    0.	  107.	    0.	    0.	 9364.]
2025-09-14 23:21:56,541 - INFO - model saved 38 times, last saved epoch: 75.

2025-09-14 23:21:59,670 - INFO - Epoch 80, Train loss: 0.024313028901815414
2025-09-14 23:22:00,767 - INFO - mIoU: 0.9617; OA: 0.9834; AA: 0.9755; F1: 0.9804; Kappa: 0.9714;
2025-09-14 23:22:00,768 - INFO - spatial_LccAccuracy: 0.9235; spatial_PA: 0.9754; spatial_UA: 0.9874; spatial_F1: 0.9814
2025-09-14 23:22:00,768 - INFO - temporal_CdAccuracy: 0.7418; temporal_PA: 0.9542; temporal_UA: 0.9411; temporal_F1: 0.9476
2025-09-14 23:22:00,768 - INFO - Confusion Matrix
 [67470.	  610.	    0.	    7.	    4.]
 [ 1249.	51403.	   35.	    8.	  112.]
 [    0.	   76.	 2368.	    0.	    0.]
 [   51.	   12.	    0.	 1224.	    0.]
 [    0.	   65.	    0.	    0.	 9406.]
2025-09-14 23:22:00,807 - INFO - Epoch 80 saved.
2025-09-14 23:22:00,808 - INFO - model saved 39 times, last saved epoch: 80.

2025-09-14 23:22:04,429 - INFO - Epoch 81, Train loss: 0.02380375936627388
2025-09-14 23:22:05,681 - INFO - mIoU: 0.9603; OA: 0.9841; AA: 0.9765; F1: 0.9797; Kappa: 0.9727;
2025-09-14 23:22:05,681 - INFO - spatial_LccAccuracy: 0.923; spatial_PA: 0.9719; spatial_UA: 0.9896; spatial_F1: 0.9807
2025-09-14 23:22:05,681 - INFO - temporal_CdAccuracy: 0.7405; temporal_PA: 0.9609; temporal_UA: 0.9387; temporal_F1: 0.9497
2025-09-14 23:22:05,682 - INFO - Confusion Matrix
 [67344.	  719.	    2.	   16.	   10.]
 [ 1015.	51628.	   48.	    9.	  107.]
 [    0.	   70.	 2374.	    0.	    0.]
 [   34.	   28.	    0.	 1225.	    0.]
 [    0.	   72.	    0.	    0.	 9399.]
2025-09-14 23:22:05,682 - INFO - model saved 39 times, last saved epoch: 80.

2025-09-14 23:22:09,409 - INFO - Epoch 82, Train loss: 0.02295622229576111
2025-09-14 23:22:10,512 - INFO - mIoU: 0.9559; OA: 0.9814; AA: 0.9819; F1: 0.9774; Kappa: 0.9681;
2025-09-14 23:22:10,512 - INFO - spatial_LccAccuracy: 0.915; spatial_PA: 0.9831; spatial_UA: 0.9894; spatial_F1: 0.9862
2025-09-14 23:22:10,512 - INFO - temporal_CdAccuracy: 0.723; temporal_PA: 0.9581; temporal_UA: 0.9271; temporal_F1: 0.9424
2025-09-14 23:22:10,513 - INFO - Confusion Matrix
 [66807.	 1249.	    1.	   26.	    8.]
 [  790.	51724.	   63.	   42.	  188.]
 [    0.	   52.	 2392.	    0.	    0.]
 [   31.	    2.	    0.	 1254.	    0.]
 [    0.	   38.	    0.	    0.	 9433.]
2025-09-14 23:22:10,513 - INFO - model saved 39 times, last saved epoch: 80.

2025-09-14 23:22:14,208 - INFO - Epoch 83, Train loss: 0.02274705469608307
2025-09-14 23:22:15,315 - INFO - mIoU: 0.9615; OA: 0.9836; AA: 0.9772; F1: 0.9803; Kappa: 0.9718;
2025-09-14 23:22:15,316 - INFO - spatial_LccAccuracy: 0.9266; spatial_PA: 0.9855; spatial_UA: 0.9911; spatial_F1: 0.9883
2025-09-14 23:22:15,316 - INFO - temporal_CdAccuracy: 0.7391; temporal_PA: 0.9545; temporal_UA: 0.9393; temporal_F1: 0.9468
2025-09-14 23:22:15,317 - INFO - Confusion Matrix
 [67143.	  935.	    1.	    7.	    5.]
 [  891.	51781.	   37.	   22.	   76.]
 [    0.	   82.	 2362.	    0.	    0.]
 [   42.	    6.	    0.	 1239.	    0.]
 [    0.	   95.	    0.	    0.	 9376.]
2025-09-14 23:22:15,318 - INFO - model saved 39 times, last saved epoch: 80.

2025-09-14 23:22:18,612 - INFO - Epoch 84, Train loss: 0.022927075624465942
2025-09-14 23:22:19,752 - INFO - mIoU: 0.9612; OA: 0.984; AA: 0.979; F1: 0.9802; Kappa: 0.9726;
2025-09-14 23:22:19,752 - INFO - spatial_LccAccuracy: 0.9293; spatial_PA: 0.9855; spatial_UA: 0.9911; spatial_F1: 0.9883
2025-09-14 23:22:19,752 - INFO - temporal_CdAccuracy: 0.7391; temporal_PA: 0.9595; temporal_UA: 0.9416; temporal_F1: 0.9505
2025-09-14 23:22:19,752 - INFO - Confusion Matrix
 [67112.	  962.	    2.	    9.	    6.]
 [  784.	51841.	   76.	   13.	   93.]
 [    0.	   54.	 2390.	    0.	    0.]
 [   46.	    7.	    0.	 1234.	    0.]
 [    5.	   83.	    0.	    0.	 9383.]
2025-09-14 23:22:19,753 - INFO - model saved 39 times, last saved epoch: 80.

2025-09-14 23:22:23,467 - INFO - Epoch 85, Train loss: 0.02213408052921295
2025-09-14 23:22:24,530 - INFO - mIoU: 0.9624; OA: 0.9847; AA: 0.9802; F1: 0.9808; Kappa: 0.9736;
2025-09-14 23:22:24,530 - INFO - spatial_LccAccuracy: 0.9266; spatial_PA: 0.9763; spatial_UA: 0.9907; spatial_F1: 0.9835
2025-09-14 23:22:24,530 - INFO - temporal_CdAccuracy: 0.736; temporal_PA: 0.9637; temporal_UA: 0.934; temporal_F1: 0.9486
2025-09-14 23:22:24,530 - INFO - Confusion Matrix
 [67353.	  707.	    0.	   25.	    6.]
 [  970.	51665.	   49.	   14.	  109.]
 [    0.	   62.	 2382.	    0.	    0.]
 [   34.	    9.	    0.	 1244.	    0.]
 [    0.	   72.	    0.	    0.	 9399.]
2025-09-14 23:22:24,573 - INFO - Epoch 85 saved.
2025-09-14 23:22:24,574 - INFO - model saved 40 times, last saved epoch: 85.

2025-09-14 23:22:28,180 - INFO - Epoch 86, Train loss: 0.021696709096431732
2025-09-14 23:22:29,531 - INFO - mIoU: 0.9631; OA: 0.9844; AA: 0.979; F1: 0.9811; Kappa: 0.9731;
2025-09-14 23:22:29,531 - INFO - spatial_LccAccuracy: 0.9293; spatial_PA: 0.979; spatial_UA: 0.9894; spatial_F1: 0.9841
2025-09-14 23:22:29,531 - INFO - temporal_CdAccuracy: 0.7414; temporal_PA: 0.961; temporal_UA: 0.9431; temporal_F1: 0.952
2025-09-14 23:22:29,532 - INFO - Confusion Matrix
 [67437.	  639.	    1.	   10.	    4.]
 [ 1098.	51556.	   45.	   19.	   89.]
 [    0.	   64.	 2380.	    0.	    0.]
 [   42.	    6.	    0.	 1239.	    0.]
 [    0.	   79.	    0.	    0.	 9392.]
2025-09-14 23:22:29,603 - INFO - Epoch 86 saved.
2025-09-14 23:22:29,604 - INFO - model saved 41 times, last saved epoch: 86.

2025-09-14 23:22:33,316 - INFO - Epoch 87, Train loss: 0.022276856005191803
2025-09-14 23:22:34,638 - INFO - mIoU: 0.9584; OA: 0.9817; AA: 0.98; F1: 0.9787; Kappa: 0.9685;
2025-09-14 23:22:34,639 - INFO - spatial_LccAccuracy: 0.9217; spatial_PA: 0.9724; spatial_UA: 0.9876; spatial_F1: 0.98
2025-09-14 23:22:34,639 - INFO - temporal_CdAccuracy: 0.7306; temporal_PA: 0.9585; temporal_UA: 0.9306; temporal_F1: 0.9444
2025-09-14 23:22:34,639 - INFO - Confusion Matrix
 [67387.	  608.	    0.	   23.	   73.]
 [ 1356.	51191.	   43.	   19.	  198.]
 [    0.	   66.	 2378.	    0.	    0.]
 [   32.	    4.	    0.	 1250.	    1.]
 [    0.	   32.	    0.	    0.	 9439.]
2025-09-14 23:22:34,639 - INFO - model saved 41 times, last saved epoch: 86.

2025-09-14 23:22:38,211 - INFO - Epoch 88, Train loss: 0.02123270183801651
2025-09-14 23:22:39,615 - INFO - mIoU: 0.9558; OA: 0.9829; AA: 0.9704; F1: 0.9773; Kappa: 0.9706;
2025-09-14 23:22:39,615 - INFO - spatial_LccAccuracy: 0.9221; spatial_PA: 0.9863; spatial_UA: 0.9903; spatial_F1: 0.9883
2025-09-14 23:22:39,615 - INFO - temporal_CdAccuracy: 0.7427; temporal_PA: 0.957; temporal_UA: 0.9418; temporal_F1: 0.9493
2025-09-14 23:22:39,616 - INFO - Confusion Matrix
 [66902.	 1170.	    0.	   18.	    1.]
 [  721.	51967.	   26.	    7.	   86.]
 [    0.	  107.	 2337.	    0.	    0.]
 [   33.	   47.	    0.	 1207.	    0.]
 [    0.	   80.	    0.	    0.	 9391.]
2025-09-14 23:22:39,616 - INFO - model saved 41 times, last saved epoch: 86.

2025-09-14 23:22:43,444 - INFO - Epoch 89, Train loss: 0.0212276428937912
2025-09-14 23:22:44,798 - INFO - mIoU: 0.962; OA: 0.9843; AA: 0.9765; F1: 0.9806; Kappa: 0.9729;
2025-09-14 23:22:44,798 - INFO - spatial_LccAccuracy: 0.9262; spatial_PA: 0.9839; spatial_UA: 0.9886; spatial_F1: 0.9862
2025-09-14 23:22:44,798 - INFO - temporal_CdAccuracy: 0.7374; temporal_PA: 0.9617; temporal_UA: 0.941; temporal_F1: 0.9512
2025-09-14 23:22:44,799 - INFO - Confusion Matrix
 [67183.	  895.	    1.	    7.	    5.]
 [  839.	51799.	   42.	    8.	  119.]
 [    0.	   65.	 2379.	    0.	    0.]
 [   41.	   26.	    0.	 1220.	    0.]
 [    0.	   63.	    0.	    0.	 9408.]
2025-09-14 23:22:44,800 - INFO - model saved 41 times, last saved epoch: 86.

2025-09-14 23:22:48,343 - INFO - Epoch 90, Train loss: 0.02065395750105381
2025-09-14 23:22:49,629 - INFO - mIoU: 0.9606; OA: 0.9848; AA: 0.9747; F1: 0.9798; Kappa: 0.9739;
2025-09-14 23:22:49,629 - INFO - spatial_LccAccuracy: 0.9284; spatial_PA: 0.9793; spatial_UA: 0.9905; spatial_F1: 0.9848
2025-09-14 23:22:49,629 - INFO - temporal_CdAccuracy: 0.7409; temporal_PA: 0.9634; temporal_UA: 0.9445; temporal_F1: 0.9539
2025-09-14 23:22:49,629 - INFO - Confusion Matrix
 [67238.	  836.	    1.	    9.	    7.]
 [  803.	51856.	   42.	    7.	   99.]
 [    0.	   75.	 2369.	    0.	    0.]
 [   49.	   24.	    0.	 1214.	    0.]
 [    0.	   83.	    0.	    0.	 9388.]
2025-09-14 23:22:49,630 - INFO - model saved 41 times, last saved epoch: 86.

2025-09-14 23:22:53,470 - INFO - Epoch 91, Train loss: 0.019964847713708878
2025-09-14 23:22:54,639 - INFO - mIoU: 0.9576; OA: 0.9848; AA: 0.971; F1: 0.9781; Kappa: 0.9738;
2025-09-14 23:22:54,639 - INFO - spatial_LccAccuracy: 0.923; spatial_PA: 0.9777; spatial_UA: 0.9922; spatial_F1: 0.9849
2025-09-14 23:22:54,639 - INFO - temporal_CdAccuracy: 0.7405; temporal_PA: 0.9654; temporal_UA: 0.9421; temporal_F1: 0.9536
2025-09-14 23:22:54,640 - INFO - Confusion Matrix
 [67366.	  703.	    1.	   13.	    8.]
 [  950.	51720.	   31.	    5.	  101.]
 [    0.	   75.	 2369.	    0.	    0.]
 [   33.	   66.	    0.	 1188.	    0.]
 [    0.	   59.	    0.	    0.	 9412.]
2025-09-14 23:22:54,641 - INFO - model saved 41 times, last saved epoch: 86.

2025-09-14 23:22:58,368 - INFO - Epoch 92, Train loss: 0.019859114661812782
2025-09-14 23:22:59,646 - INFO - mIoU: 0.9623; OA: 0.9846; AA: 0.9768; F1: 0.9807; Kappa: 0.9735;
2025-09-14 23:22:59,646 - INFO - spatial_LccAccuracy: 0.9253; spatial_PA: 0.9828; spatial_UA: 0.9924; spatial_F1: 0.9876
2025-09-14 23:22:59,646 - INFO - temporal_CdAccuracy: 0.7468; temporal_PA: 0.956; temporal_UA: 0.9446; temporal_F1: 0.9503
2025-09-14 23:22:59,647 - INFO - Confusion Matrix
 [67180.	  885.	    3.	   22.	    1.]
 [  810.	51892.	   27.	    7.	   71.]
 [    0.	   98.	 2346.	    0.	    0.]
 [   30.	   15.	    0.	 1242.	    0.]
 [    0.	   98.	    0.	    0.	 9373.]
2025-09-14 23:22:59,648 - INFO - model saved 41 times, last saved epoch: 86.

2025-09-14 23:23:03,015 - INFO - Epoch 93, Train loss: 0.019764481112360954
2025-09-14 23:23:04,250 - INFO - mIoU: 0.9591; OA: 0.984; AA: 0.9813; F1: 0.979; Kappa: 0.9724;
2025-09-14 23:23:04,250 - INFO - spatial_LccAccuracy: 0.9284; spatial_PA: 0.9825; spatial_UA: 0.9913; spatial_F1: 0.9869
2025-09-14 23:23:04,250 - INFO - temporal_CdAccuracy: 0.7383; temporal_PA: 0.9602; temporal_UA: 0.9391; temporal_F1: 0.9495
2025-09-14 23:23:04,251 - INFO - Confusion Matrix
 [67399.	  672.	    2.	   17.	    1.]
 [ 1070.	51506.	   74.	   36.	  121.]
 [    0.	   55.	 2389.	    0.	    0.]
 [   35.	    3.	    0.	 1249.	    0.]
 [    0.	   65.	    0.	    0.	 9406.]
2025-09-14 23:23:04,252 - INFO - model saved 41 times, last saved epoch: 86.

2025-09-14 23:23:07,530 - INFO - Epoch 94, Train loss: 0.019879309460520744
2025-09-14 23:23:08,571 - INFO - mIoU: 0.9637; OA: 0.9844; AA: 0.9798; F1: 0.9815; Kappa: 0.9732;
2025-09-14 23:23:08,571 - INFO - spatial_LccAccuracy: 0.9244; spatial_PA: 0.9804; spatial_UA: 0.9908; spatial_F1: 0.9855
2025-09-14 23:23:08,572 - INFO - temporal_CdAccuracy: 0.7356; temporal_PA: 0.9631; temporal_UA: 0.9387; temporal_F1: 0.9508
2025-09-14 23:23:08,572 - INFO - Confusion Matrix
 [67113.	  964.	    0.	    9.	    5.]
 [  764.	51874.	   56.	   13.	  100.]
 [    0.	   67.	 2377.	    0.	    0.]
 [   37.	    7.	    0.	 1243.	    0.]
 [    0.	   70.	    0.	    0.	 9401.]
2025-09-14 23:23:08,621 - INFO - Epoch 94 saved.
2025-09-14 23:23:08,621 - INFO - model saved 42 times, last saved epoch: 94.

2025-09-14 23:23:12,053 - INFO - Epoch 95, Train loss: 0.019090959802269936
2025-09-14 23:23:13,201 - INFO - mIoU: 0.9652; OA: 0.9843; AA: 0.9804; F1: 0.9822; Kappa: 0.973;
2025-09-14 23:23:13,201 - INFO - spatial_LccAccuracy: 0.9253; spatial_PA: 0.9839; spatial_UA: 0.9927; spatial_F1: 0.9883
2025-09-14 23:23:13,202 - INFO - temporal_CdAccuracy: 0.7432; temporal_PA: 0.9599; temporal_UA: 0.9436; temporal_F1: 0.9517
2025-09-14 23:23:13,203 - INFO - Confusion Matrix
 [67126.	  952.	    0.	   12.	    1.]
 [  822.	51847.	   38.	   15.	   85.]
 [    0.	   61.	 2383.	    0.	    0.]
 [   37.	    5.	    0.	 1245.	    0.]
 [    0.	   78.	    0.	    0.	 9393.]
2025-09-14 23:23:13,268 - INFO - Epoch 95 saved.
2025-09-14 23:23:13,268 - INFO - model saved 43 times, last saved epoch: 95.

2025-09-14 23:23:16,821 - INFO - Epoch 96, Train loss: 0.018968073651194572
2025-09-14 23:23:18,055 - INFO - mIoU: 0.9649; OA: 0.9851; AA: 0.9804; F1: 0.9821; Kappa: 0.9744;
2025-09-14 23:23:18,056 - INFO - spatial_LccAccuracy: 0.932; spatial_PA: 0.9844; spatial_UA: 0.9908; spatial_F1: 0.9876
2025-09-14 23:23:18,056 - INFO - temporal_CdAccuracy: 0.7445; temporal_PA: 0.962; temporal_UA: 0.9455; temporal_F1: 0.9537
2025-09-14 23:23:18,056 - INFO - Confusion Matrix
 [67142.	  931.	    2.	   16.	    0.]
 [  722.	51947.	   51.	    9.	   78.]
 [    0.	   52.	 2392.	    0.	    0.]
 [   35.	   13.	    0.	 1239.	    0.]
 [    2.	   83.	    0.	    0.	 9386.]
2025-09-14 23:23:18,057 - INFO - model saved 43 times, last saved epoch: 95.

2025-09-14 23:23:21,666 - INFO - Epoch 97, Train loss: 0.018401626497507095
2025-09-14 23:23:22,899 - INFO - mIoU: 0.9602; OA: 0.9852; AA: 0.9717; F1: 0.9796; Kappa: 0.9745;
2025-09-14 23:23:22,899 - INFO - spatial_LccAccuracy: 0.9262; spatial_PA: 0.985; spatial_UA: 0.9889; spatial_F1: 0.9869
2025-09-14 23:23:22,899 - INFO - temporal_CdAccuracy: 0.7468; temporal_PA: 0.9593; temporal_UA: 0.9468; temporal_F1: 0.953
2025-09-14 23:23:22,899 - INFO - Confusion Matrix
 [67400.	  684.	    1.	    4.	    2.]
 [  933.	51777.	   37.	    5.	   55.]
 [    0.	   81.	 2363.	    0.	    0.]
 [   46.	   42.	    0.	 1199.	    0.]
 [    6.	   92.	    0.	    0.	 9373.]
2025-09-14 23:23:22,900 - INFO - model saved 43 times, last saved epoch: 95.

2025-09-14 23:23:26,273 - INFO - Epoch 98, Train loss: 0.018307609483599663
2025-09-14 23:23:27,670 - INFO - mIoU: 0.9659; OA: 0.9859; AA: 0.9804; F1: 0.9826; Kappa: 0.9757;
2025-09-14 23:23:27,670 - INFO - spatial_LccAccuracy: 0.9333; spatial_PA: 0.9847; spatial_UA: 0.9919; spatial_F1: 0.9883
2025-09-14 23:23:27,670 - INFO - temporal_CdAccuracy: 0.7481; temporal_PA: 0.9612; temporal_UA: 0.9497; temporal_F1: 0.9554
2025-09-14 23:23:27,671 - INFO - Confusion Matrix
 [67345.	  725.	    0.	   14.	    7.]
 [  840.	51819.	   36.	   12.	  100.]
 [    0.	   61.	 2383.	    0.	    0.]
 [   37.	   12.	    0.	 1238.	    0.]
 [    0.	   50.	    0.	    0.	 9421.]
2025-09-14 23:23:27,710 - INFO - Epoch 98 saved.
2025-09-14 23:23:27,711 - INFO - model saved 44 times, last saved epoch: 98.

2025-09-14 23:23:31,074 - INFO - Epoch 99, Train loss: 0.018184158951044083
2025-09-14 23:23:32,394 - INFO - mIoU: 0.9579; OA: 0.9845; AA: 0.9823; F1: 0.9784; Kappa: 0.9734;
2025-09-14 23:23:32,394 - INFO - spatial_LccAccuracy: 0.9248; spatial_PA: 0.982; spatial_UA: 0.9933; spatial_F1: 0.9876
2025-09-14 23:23:32,394 - INFO - temporal_CdAccuracy: 0.7477; temporal_PA: 0.9601; temporal_UA: 0.9431; temporal_F1: 0.9515
2025-09-14 23:23:32,395 - INFO - Confusion Matrix
 [67408.	  644.	    3.	   35.	    1.]
 [ 1029.	51574.	   76.	   39.	   89.]
 [    0.	   54.	 2390.	    0.	    0.]
 [   29.	    4.	    0.	 1254.	    0.]
 [    0.	   69.	    0.	    0.	 9402.]
2025-09-14 23:23:32,395 - INFO - model saved 44 times, last saved epoch: 98.

2025-09-14 23:23:35,811 - INFO - Epoch 100, Train loss: 0.01698640175163746
2025-09-14 23:23:37,170 - INFO - mIoU: 0.9638; OA: 0.985; AA: 0.9793; F1: 0.9815; Kappa: 0.9742;
2025-09-14 23:23:37,170 - INFO - spatial_LccAccuracy: 0.9298; spatial_PA: 0.9823; spatial_UA: 0.9902; spatial_F1: 0.9862
2025-09-14 23:23:37,170 - INFO - temporal_CdAccuracy: 0.7454; temporal_PA: 0.958; temporal_UA: 0.9479; temporal_F1: 0.953
2025-09-14 23:23:37,171 - INFO - Confusion Matrix
 [67486.	  586.	    0.	   17.	    2.]
 [ 1073.	51597.	   28.	   21.	   88.]
 [    0.	   85.	 2359.	    0.	    0.]
 [   35.	    3.	    0.	 1249.	    0.]
 [    0.	   69.	    0.	    0.	 9402.]
2025-09-14 23:23:37,171 - INFO - model saved 44 times, last saved epoch: 98.

2025-09-14 23:23:40,772 - INFO - Epoch 101, Train loss: 0.017246348783373833
2025-09-14 23:23:41,931 - INFO - mIoU: 0.9571; OA: 0.9838; AA: 0.9814; F1: 0.978; Kappa: 0.9721;
2025-09-14 23:23:41,931 - INFO - spatial_LccAccuracy: 0.9239; spatial_PA: 0.9858; spatial_UA: 0.9922; spatial_F1: 0.989
2025-09-14 23:23:41,931 - INFO - temporal_CdAccuracy: 0.7423; temporal_PA: 0.9622; temporal_UA: 0.9401; temporal_F1: 0.9511
2025-09-14 23:23:41,932 - INFO - Confusion Matrix
 [66920.	 1147.	    2.	   21.	    1.]
 [  632.	51990.	   77.	   51.	   57.]
 [    0.	   51.	 2393.	    0.	    0.]
 [   34.	    3.	    0.	 1250.	    0.]
 [    0.	  101.	    0.	    0.	 9370.]
2025-09-14 23:23:41,933 - INFO - model saved 44 times, last saved epoch: 98.

2025-09-14 23:23:45,661 - INFO - Epoch 102, Train loss: 0.016295572742819786
2025-09-14 23:23:46,913 - INFO - mIoU: 0.9634; OA: 0.9848; AA: 0.9806; F1: 0.9813; Kappa: 0.9738;
2025-09-14 23:23:46,913 - INFO - spatial_LccAccuracy: 0.928; spatial_PA: 0.9725; spatial_UA: 0.9919; spatial_F1: 0.9821
2025-09-14 23:23:46,913 - INFO - temporal_CdAccuracy: 0.7436; temporal_PA: 0.9637; temporal_UA: 0.9411; temporal_F1: 0.9523
2025-09-14 23:23:46,914 - INFO - Confusion Matrix
 [67502.	  560.	    0.	   28.	    1.]
 [ 1124.	51529.	   28.	   19.	  107.]
 [    0.	   69.	 2375.	    0.	    0.]
 [   30.	    7.	    0.	 1250.	    0.]
 [    0.	   69.	    0.	    0.	 9402.]
2025-09-14 23:23:46,914 - INFO - model saved 44 times, last saved epoch: 98.

2025-09-14 23:23:50,841 - INFO - Epoch 103, Train loss: 0.01671658083796501
2025-09-14 23:23:52,074 - INFO - mIoU: 0.9652; OA: 0.9853; AA: 0.9805; F1: 0.9823; Kappa: 0.9748;
2025-09-14 23:23:52,075 - INFO - spatial_LccAccuracy: 0.9302; spatial_PA: 0.985; spatial_UA: 0.993; spatial_F1: 0.989
2025-09-14 23:23:52,075 - INFO - temporal_CdAccuracy: 0.7477; temporal_PA: 0.9613; temporal_UA: 0.9459; temporal_F1: 0.9535
2025-09-14 23:23:52,075 - INFO - Confusion Matrix
 [67315.	  754.	    2.	   18.	    2.]
 [  883.	51788.	   39.	   12.	   85.]
 [    0.	   65.	 2379.	    0.	    0.]
 [   33.	   10.	    0.	 1244.	    0.]
 [    0.	   63.	    0.	    0.	 9408.]
2025-09-14 23:23:52,076 - INFO - model saved 44 times, last saved epoch: 98.

2025-09-14 23:23:55,732 - INFO - Epoch 104, Train loss: 0.0166213046759367
2025-09-14 23:23:56,883 - INFO - mIoU: 0.9648; OA: 0.9851; AA: 0.9803; F1: 0.982; Kappa: 0.9743;
2025-09-14 23:23:56,883 - INFO - spatial_LccAccuracy: 0.9311; spatial_PA: 0.985; spatial_UA: 0.993; spatial_F1: 0.989
2025-09-14 23:23:56,884 - INFO - temporal_CdAccuracy: 0.7427; temporal_PA: 0.9636; temporal_UA: 0.9445; temporal_F1: 0.954
2025-09-14 23:23:56,884 - INFO - Confusion Matrix
 [67194.	  875.	    0.	   19.	    3.]
 [  789.	51891.	   38.	   14.	   75.]
 [    0.	   72.	 2372.	    0.	    0.]
 [   32.	    7.	    0.	 1248.	    0.]
 [    0.	   77.	    0.	    0.	 9394.]
2025-09-14 23:23:56,885 - INFO - model saved 44 times, last saved epoch: 98.

2025-09-14 23:24:00,588 - INFO - Epoch 105, Train loss: 0.0164774302393198
2025-09-14 23:24:01,656 - INFO - mIoU: 0.9649; OA: 0.9852; AA: 0.98; F1: 0.9821; Kappa: 0.9745;
2025-09-14 23:24:01,656 - INFO - spatial_LccAccuracy: 0.9315; spatial_PA: 0.9814; spatial_UA: 0.9911; spatial_F1: 0.9862
2025-09-14 23:24:01,656 - INFO - temporal_CdAccuracy: 0.7432; temporal_PA: 0.9658; temporal_UA: 0.9437; temporal_F1: 0.9546
2025-09-14 23:24:01,656 - INFO - Confusion Matrix
 [67313.	  767.	    0.	   10.	    1.]
 [  848.	51740.	   33.	   11.	  175.]
 [    0.	   66.	 2378.	    0.	    0.]
 [   35.	   14.	    0.	 1238.	    0.]
 [    0.	   31.	    0.	    0.	 9440.]
2025-09-14 23:24:01,657 - INFO - model saved 44 times, last saved epoch: 98.

2025-09-14 23:24:05,303 - INFO - Epoch 106, Train loss: 0.01612468808889389
2025-09-14 23:24:06,585 - INFO - mIoU: 0.962; OA: 0.9843; AA: 0.975; F1: 0.9806; Kappa: 0.973;
2025-09-14 23:24:06,586 - INFO - spatial_LccAccuracy: 0.9244; spatial_PA: 0.985; spatial_UA: 0.9889; spatial_F1: 0.9869
2025-09-14 23:24:06,586 - INFO - temporal_CdAccuracy: 0.7472; temporal_PA: 0.9593; temporal_UA: 0.9473; temporal_F1: 0.9532
2025-09-14 23:24:06,587 - INFO - Confusion Matrix
 [67229.	  851.	    2.	    8.	    1.]
 [  898.	51795.	   33.	    7.	   74.]
 [    0.	   81.	 2363.	    0.	    0.]
 [   38.	   28.	    0.	 1221.	    0.]
 [    0.	   83.	    0.	    0.	 9388.]
2025-09-14 23:24:06,588 - INFO - model saved 44 times, last saved epoch: 98.

2025-09-14 23:24:10,288 - INFO - Epoch 107, Train loss: 0.016086071729660034
2025-09-14 23:24:11,599 - INFO - mIoU: 0.9626; OA: 0.984; AA: 0.9819; F1: 0.9809; Kappa: 0.9725;
2025-09-14 23:24:11,599 - INFO - spatial_LccAccuracy: 0.9253; spatial_PA: 0.9866; spatial_UA: 0.9914; spatial_F1: 0.989
2025-09-14 23:24:11,599 - INFO - temporal_CdAccuracy: 0.7414; temporal_PA: 0.9619; temporal_UA: 0.9433; temporal_F1: 0.9526
2025-09-14 23:24:11,600 - INFO - Confusion Matrix
 [66823.	 1236.	    2.	   22.	    8.]
 [  554.	52077.	   44.	   23.	  109.]
 [    0.	   59.	 2385.	    0.	    0.]
 [   31.	    5.	    0.	 1251.	    0.]
 [    0.	   58.	    0.	    0.	 9413.]
2025-09-14 23:24:11,601 - INFO - model saved 44 times, last saved epoch: 98.

2025-09-14 23:24:15,127 - INFO - Epoch 108, Train loss: 0.015882570296525955
2025-09-14 23:24:16,326 - INFO - mIoU: 0.9645; OA: 0.9852; AA: 0.9779; F1: 0.9819; Kappa: 0.9745;
2025-09-14 23:24:16,326 - INFO - spatial_LccAccuracy: 0.9311; spatial_PA: 0.9839; spatial_UA: 0.9927; spatial_F1: 0.9883
2025-09-14 23:24:16,326 - INFO - temporal_CdAccuracy: 0.7463; temporal_PA: 0.964; temporal_UA: 0.9453; temporal_F1: 0.9546
2025-09-14 23:24:16,327 - INFO - Confusion Matrix
 [67376.	  702.	    0.	    9.	    4.]
 [  931.	51741.	   41.	    7.	   87.]
 [    0.	   68.	 2376.	    0.	    0.]
 [   34.	   22.	    0.	 1231.	    0.]
 [    0.	   80.	    0.	    0.	 9391.]
2025-09-14 23:24:16,327 - INFO - model saved 44 times, last saved epoch: 98.

2025-09-14 23:24:20,282 - INFO - Epoch 109, Train loss: 0.015083279460668564
2025-09-14 23:24:21,487 - INFO - mIoU: 0.9626; OA: 0.9854; AA: 0.9819; F1: 0.9808; Kappa: 0.9748;
2025-09-14 23:24:21,487 - INFO - spatial_LccAccuracy: 0.932; spatial_PA: 0.9833; spatial_UA: 0.9905; spatial_F1: 0.9869
2025-09-14 23:24:21,487 - INFO - temporal_CdAccuracy: 0.7517; temporal_PA: 0.9646; temporal_UA: 0.9481; temporal_F1: 0.9563
2025-09-14 23:24:21,487 - INFO - Confusion Matrix
 [67154.	  908.	    1.	   25.	    3.]
 [  705.	51953.	   32.	   38.	   79.]
 [    0.	   62.	 2382.	    0.	    0.]
 [   31.	    4.	    0.	 1252.	    0.]
 [    0.	   75.	    0.	    0.	 9396.]
2025-09-14 23:24:21,488 - INFO - model saved 44 times, last saved epoch: 98.

2025-09-14 23:24:25,116 - INFO - Epoch 110, Train loss: 0.01553242839872837
2025-09-14 23:24:26,388 - INFO - mIoU: 0.9613; OA: 0.9851; AA: 0.9775; F1: 0.9802; Kappa: 0.9744;
2025-09-14 23:24:26,388 - INFO - spatial_LccAccuracy: 0.9302; spatial_PA: 0.9795; spatial_UA: 0.9916; spatial_F1: 0.9855
2025-09-14 23:24:26,388 - INFO - temporal_CdAccuracy: 0.7485; temporal_PA: 0.9633; temporal_UA: 0.9463; temporal_F1: 0.9547
2025-09-14 23:24:26,388 - INFO - Confusion Matrix
 [67248.	  823.	    1.	   18.	    1.]
 [  815.	51827.	   56.	    7.	  102.]
 [    0.	   58.	 2386.	    0.	    0.]
 [   32.	   36.	    0.	 1219.	    0.]
 [    0.	   49.	    0.	    0.	 9422.]
2025-09-14 23:24:26,389 - INFO - model saved 44 times, last saved epoch: 98.

2025-09-14 23:24:29,574 - INFO - Epoch 111, Train loss: 0.015117216855287552
2025-09-14 23:24:30,868 - INFO - mIoU: 0.966; OA: 0.9859; AA: 0.9788; F1: 0.9826; Kappa: 0.9757;
2025-09-14 23:24:30,868 - INFO - spatial_LccAccuracy: 0.9342; spatial_PA: 0.9836; spatial_UA: 0.9916; spatial_F1: 0.9876
2025-09-14 23:24:30,868 - INFO - temporal_CdAccuracy: 0.7463; temporal_PA: 0.9634; temporal_UA: 0.9489; temporal_F1: 0.9561
2025-09-14 23:24:30,869 - INFO - Confusion Matrix
 [67389.	  686.	    0.	   13.	    3.]
 [  889.	51818.	   26.	   12.	   62.]
 [    0.	   76.	 2368.	    0.	    0.]
 [   37.	   11.	    0.	 1239.	    0.]
 [    2.	   78.	    0.	    0.	 9391.]
2025-09-14 23:24:30,909 - INFO - Epoch 111 saved.
2025-09-14 23:24:30,909 - INFO - model saved 45 times, last saved epoch: 111.

2025-09-14 23:24:34,595 - INFO - Epoch 112, Train loss: 0.014731986448168755
2025-09-14 23:24:35,719 - INFO - mIoU: 0.9656; OA: 0.9852; AA: 0.9771; F1: 0.9825; Kappa: 0.9745;
2025-09-14 23:24:35,720 - INFO - spatial_LccAccuracy: 0.9342; spatial_PA: 0.9847; spatial_UA: 0.9919; spatial_F1: 0.9883
2025-09-14 23:24:35,720 - INFO - temporal_CdAccuracy: 0.7459; temporal_PA: 0.9622; temporal_UA: 0.9456; temporal_F1: 0.9538
2025-09-14 23:24:35,721 - INFO - Confusion Matrix
 [67272.	  815.	    0.	    4.	    0.]
 [  842.	51860.	   30.	    7.	   68.]
 [    0.	   70.	 2374.	    0.	    0.]
 [   44.	   15.	    0.	 1228.	    0.]
 [    0.	   93.	    0.	    0.	 9378.]
2025-09-14 23:24:35,722 - INFO - model saved 45 times, last saved epoch: 111.

2025-09-14 23:24:38,908 - INFO - Epoch 113, Train loss: 0.014208424836397171
2025-09-14 23:24:40,239 - INFO - mIoU: 0.9641; OA: 0.9844; AA: 0.9783; F1: 0.9817; Kappa: 0.9732;
2025-09-14 23:24:40,239 - INFO - spatial_LccAccuracy: 0.928; spatial_PA: 0.9855; spatial_UA: 0.9911; spatial_F1: 0.9883
2025-09-14 23:24:40,239 - INFO - temporal_CdAccuracy: 0.7445; temporal_PA: 0.9645; temporal_UA: 0.9429; temporal_F1: 0.9536
2025-09-14 23:24:40,239 - INFO - Confusion Matrix
 [67153.	  932.	    0.	    4.	    2.]
 [  797.	51836.	   44.	    9.	  121.]
 [    0.	   75.	 2369.	    0.	    0.]
 [   42.	   10.	    0.	 1235.	    0.]
 [    0.	   52.	    0.	    0.	 9419.]
2025-09-14 23:24:40,240 - INFO - model saved 45 times, last saved epoch: 111.

2025-09-14 23:24:43,296 - INFO - Epoch 114, Train loss: 0.014102229848504066
2025-09-14 23:24:44,387 - INFO - mIoU: 0.9663; OA: 0.9856; AA: 0.9805; F1: 0.9828; Kappa: 0.9752;
2025-09-14 23:24:44,387 - INFO - spatial_LccAccuracy: 0.9356; spatial_PA: 0.9869; spatial_UA: 0.9925; spatial_F1: 0.9897
2025-09-14 23:24:44,388 - INFO - temporal_CdAccuracy: 0.7526; temporal_PA: 0.9623; temporal_UA: 0.9505; temporal_F1: 0.9564
2025-09-14 23:24:44,388 - INFO - Confusion Matrix
 [67341.	  738.	    2.	    8.	    2.]
 [  871.	51816.	   60.	    8.	   52.]
 [    0.	   56.	 2388.	    0.	    0.]
 [   37.	    8.	    0.	 1242.	    0.]
 [    0.	   95.	    0.	    0.	 9376.]
2025-09-14 23:24:44,427 - INFO - Epoch 114 saved.
2025-09-14 23:24:44,428 - INFO - model saved 46 times, last saved epoch: 114.

2025-09-14 23:24:47,684 - INFO - Epoch 115, Train loss: 0.01483597606420517
2025-09-14 23:24:48,720 - INFO - mIoU: 0.9566; OA: 0.9835; AA: 0.9798; F1: 0.9777; Kappa: 0.9716;
2025-09-14 23:24:48,720 - INFO - spatial_LccAccuracy: 0.9221; spatial_PA: 0.9771; spatial_UA: 0.9899; spatial_F1: 0.9835
2025-09-14 23:24:48,720 - INFO - temporal_CdAccuracy: 0.7378; temporal_PA: 0.9601; temporal_UA: 0.9364; temporal_F1: 0.9481
2025-09-14 23:24:48,720 - INFO - Confusion Matrix
 [67556.	  520.	    1.	   10.	    4.]
 [ 1248.	51316.	  156.	   14.	   73.]
 [    0.	   41.	 2403.	    0.	    0.]
 [   39.	   10.	    0.	 1238.	    0.]
 [    8.	   85.	    0.	    1.	 9377.]
2025-09-14 23:24:48,720 - INFO - model saved 46 times, last saved epoch: 114.

2025-09-14 23:24:51,964 - INFO - Epoch 116, Train loss: 0.01389241311699152
2025-09-14 23:24:53,025 - INFO - mIoU: 0.9652; OA: 0.9853; AA: 0.9785; F1: 0.9823; Kappa: 0.9748;
2025-09-14 23:24:53,026 - INFO - spatial_LccAccuracy: 0.9329; spatial_PA: 0.9847; spatial_UA: 0.9919; spatial_F1: 0.9883
2025-09-14 23:24:53,026 - INFO - temporal_CdAccuracy: 0.7468; temporal_PA: 0.9619; temporal_UA: 0.9501; temporal_F1: 0.956
2025-09-14 23:24:53,026 - INFO - Confusion Matrix
 [67365.	  720.	    0.	    6.	    0.]
 [  911.	51758.	   35.	   13.	   90.]
 [    0.	   76.	 2368.	    0.	    0.]
 [   42.	    8.	    0.	 1237.	    0.]
 [    0.	   65.	    0.	    0.	 9406.]
2025-09-14 23:24:53,027 - INFO - model saved 46 times, last saved epoch: 114.

2025-09-14 23:24:56,461 - INFO - Epoch 117, Train loss: 0.012784845195710659
2025-09-14 23:24:57,629 - INFO - mIoU: 0.9656; OA: 0.9852; AA: 0.9772; F1: 0.9824; Kappa: 0.9745;
2025-09-14 23:24:57,629 - INFO - spatial_LccAccuracy: 0.9347; spatial_PA: 0.9866; spatial_UA: 0.9914; spatial_F1: 0.989
2025-09-14 23:24:57,629 - INFO - temporal_CdAccuracy: 0.7477; temporal_PA: 0.9602; temporal_UA: 0.948; temporal_F1: 0.9541
2025-09-14 23:24:57,630 - INFO - Confusion Matrix
 [67372.	  714.	    0.	    4.	    1.]
 [  931.	51764.	   32.	    6.	   74.]
 [    0.	   71.	 2373.	    0.	    0.]
 [   39.	   19.	    0.	 1229.	    0.]
 [    0.	   93.	    0.	    0.	 9378.]
2025-09-14 23:24:57,631 - INFO - model saved 46 times, last saved epoch: 114.

