2025-09-14 22:40:16,665 - INFO - Epoch 0, Train loss: 1.475180983543396
2025-09-14 22:40:17,925 - INFO - mIoU: 0.154; OA: 0.5283; AA: 0.2488; F1: 0.3699; Kappa: 0.1994;
2025-09-14 22:40:17,926 - INFO - spatial_LccAccuracy: 0.0268; spatial_PA: 0.534; spatial_UA: 0.7734; spatial_F1: 0.6318
2025-09-14 22:40:17,926 - INFO - temporal_CdAccuracy: 0.0157; temporal_PA: 0.6685; temporal_UA: 0.5347; temporal_F1: 0.5942
2025-09-14 22:40:17,927 - INFO - Confusion Matrix
 [26634.	41194.	    0.	    0.	 2099.]
 [ 6400.	44197.	    0.	    0.	  675.]
 [  307.	 1871.	    0.	    0.	  135.]
 [   19.	 1258.	    0.	    0.	  174.]
 [ 1038.	 8090.	    0.	    0.	    9.]
2025-09-14 22:40:17,983 - INFO - Epoch 0 saved.
2025-09-14 22:40:17,983 - INFO - model saved 1 times, last saved epoch: 0.

2025-09-14 22:40:21,732 - INFO - Epoch 1, Train loss: 1.2450792789459229
2025-09-14 22:40:22,974 - INFO - mIoU: 0.1754; OA: 0.6237; AA: 0.2566; F1: 0.5973; Kappa: 0.247;
2025-09-14 22:40:22,974 - INFO - spatial_LccAccuracy: 0.0447; spatial_PA: 0.5482; spatial_UA: 0.5332; spatial_F1: 0.5406
2025-09-14 22:40:22,974 - INFO - temporal_CdAccuracy: 0.1409; temporal_PA: 0.569; temporal_UA: 0.5382; temporal_F1: 0.5531
2025-09-14 22:40:22,975 - INFO - Confusion Matrix
 [66960.	 2967.	    0.	    0.	    0.]
 [34592.	16680.	    0.	    0.	    0.]
 [ 1551.	  762.	    0.	    0.	    0.]
 [ 1451.	    0.	    0.	    0.	    0.]
 [ 9108.	   29.	    0.	    0.	    0.]
2025-09-14 22:40:23,033 - INFO - Epoch 1 saved.
2025-09-14 22:40:23,033 - INFO - model saved 2 times, last saved epoch: 1.

2025-09-14 22:40:26,877 - INFO - Epoch 2, Train loss: 0.9859319925308228
2025-09-14 22:40:28,258 - INFO - mIoU: 0.2459; OA: 0.728; AA: 0.3181; F1: 0.7613; Kappa: 0.4864;
2025-09-14 22:40:28,259 - INFO - spatial_LccAccuracy: 0.1579; spatial_PA: 0.7338; spatial_UA: 0.6556; spatial_F1: 0.6925
2025-09-14 22:40:28,259 - INFO - temporal_CdAccuracy: 0.2125; temporal_PA: 0.6753; temporal_UA: 0.6022; temporal_F1: 0.6367
2025-09-14 22:40:28,260 - INFO - Confusion Matrix
 [60229.	 9698.	    0.	    0.	    0.]
 [13874.	37398.	    0.	    0.	    0.]
 [  374.	 1939.	    0.	    0.	    0.]
 [ 1438.	   13.	    0.	    0.	    0.]
 [ 9005.	  132.	    0.	    0.	    0.]
2025-09-14 22:40:28,302 - INFO - Epoch 2 saved.
2025-09-14 22:40:28,303 - INFO - model saved 3 times, last saved epoch: 2.

2025-09-14 22:40:31,706 - INFO - Epoch 3, Train loss: 0.7666484117507935
2025-09-14 22:40:32,849 - INFO - mIoU: 0.2794; OA: 0.7817; AA: 0.3468; F1: 0.549; Kappa: 0.5942;
2025-09-14 22:40:32,849 - INFO - spatial_LccAccuracy: 0.2443; spatial_PA: 0.8419; spatial_UA: 0.7454; spatial_F1: 0.7907
2025-09-14 22:40:32,849 - INFO - temporal_CdAccuracy: 0.2864; temporal_PA: 0.7233; temporal_UA: 0.6242; temporal_F1: 0.6701
2025-09-14 22:40:32,849 - INFO - Confusion Matrix
 [59971.	 9956.	    0.	    0.	    0.]
 [ 6437.	44835.	    0.	    0.	    0.]
 [   40.	 2273.	    0.	    0.	    0.]
 [ 1442.	    9.	    0.	    0.	    0.]
 [ 8960.	  161.	    0.	    0.	   16.]
2025-09-14 22:40:32,890 - INFO - Epoch 3 saved.
2025-09-14 22:40:32,891 - INFO - model saved 4 times, last saved epoch: 3.

2025-09-14 22:40:36,403 - INFO - Epoch 4, Train loss: 0.5690677762031555
2025-09-14 22:40:37,682 - INFO - mIoU: 0.4964; OA: 0.8732; AA: 0.5426; F1: 0.9042; Kappa: 0.7763;
2025-09-14 22:40:37,682 - INFO - spatial_LccAccuracy: 0.4072; spatial_PA: 0.9178; spatial_UA: 0.8537; spatial_F1: 0.8846
2025-09-14 22:40:37,682 - INFO - temporal_CdAccuracy: 0.3396; temporal_PA: 0.7502; temporal_UA: 0.6379; temporal_F1: 0.6895
2025-09-14 22:40:37,683 - INFO - Confusion Matrix
 [61757.	 8170.	    0.	    0.	    0.]
 [ 4272.	47000.	    0.	    0.	    0.]
 [   16.	 2297.	    0.	    0.	    0.]
 [ 1442.	    9.	    0.	    0.	    0.]
 [  639.	  153.	    0.	    0.	 8345.]
2025-09-14 22:40:37,724 - INFO - Epoch 4 saved.
2025-09-14 22:40:37,725 - INFO - model saved 5 times, last saved epoch: 4.

2025-09-14 22:40:41,097 - INFO - Epoch 5, Train loss: 0.4468817114830017
2025-09-14 22:40:42,300 - INFO - mIoU: 0.5061; OA: 0.8858; AA: 0.5484; F1: 0.9141; Kappa: 0.7979;
2025-09-14 22:40:42,300 - INFO - spatial_LccAccuracy: 0.4322; spatial_PA: 0.9129; spatial_UA: 0.8557; spatial_F1: 0.8834
2025-09-14 22:40:42,300 - INFO - temporal_CdAccuracy: 0.3553; temporal_PA: 0.7635; temporal_UA: 0.6553; temporal_F1: 0.7053
2025-09-14 22:40:42,301 - INFO - Confusion Matrix
 [63445.	 6482.	    0.	    0.	    0.]
 [ 4328.	46944.	    0.	    0.	    0.]
 [   23.	 2290.	    0.	    0.	    0.]
 [ 1440.	   11.	    0.	    0.	    0.]
 [  596.	  141.	    0.	    0.	 8400.]
2025-09-14 22:40:42,341 - INFO - Epoch 5 saved.
2025-09-14 22:40:42,341 - INFO - model saved 6 times, last saved epoch: 5.

2025-09-14 22:40:45,883 - INFO - Epoch 6, Train loss: 0.37361854314804077
2025-09-14 22:40:46,833 - INFO - mIoU: 0.5537; OA: 0.896; AA: 0.5928; F1: 0.7763; Kappa: 0.8158;
2025-09-14 22:40:46,833 - INFO - spatial_LccAccuracy: 0.4582; spatial_PA: 0.9143; spatial_UA: 0.8569; spatial_F1: 0.8846
2025-09-14 22:40:46,833 - INFO - temporal_CdAccuracy: 0.3526; temporal_PA: 0.7711; temporal_UA: 0.661; temporal_F1: 0.7118
2025-09-14 22:40:46,833 - INFO - Confusion Matrix
 [64688.	 5237.	    2.	    0.	    0.]
 [ 4664.	46575.	   33.	    0.	    0.]
 [   74.	 1750.	  489.	    0.	    0.]
 [ 1441.	   10.	    0.	    0.	    0.]
 [  596.	  141.	    0.	    0.	 8400.]
2025-09-14 22:40:46,893 - INFO - Epoch 6 saved.
2025-09-14 22:40:46,893 - INFO - model saved 7 times, last saved epoch: 6.

2025-09-14 22:40:50,168 - INFO - Epoch 7, Train loss: 0.3203543722629547
2025-09-14 22:40:51,314 - INFO - mIoU: 0.5916; OA: 0.9104; AA: 0.6276; F1: 0.8267; Kappa: 0.8419;
2025-09-14 22:40:51,314 - INFO - spatial_LccAccuracy: 0.5007; spatial_PA: 0.9231; spatial_UA: 0.8637; spatial_F1: 0.8925
2025-09-14 22:40:51,314 - INFO - temporal_CdAccuracy: 0.3978; temporal_PA: 0.7882; temporal_UA: 0.6902; temporal_F1: 0.736
2025-09-14 22:40:51,315 - INFO - Confusion Matrix
 [65103.	 4821.	    3.	    0.	    0.]
 [ 3466.	47761.	   44.	    0.	    1.]
 [   32.	 1457.	  824.	    0.	    0.]
 [ 1350.	   99.	    2.	    0.	    0.]
 [  555.	  182.	    0.	    0.	 8400.]
2025-09-14 22:40:51,355 - INFO - Epoch 7 saved.
2025-09-14 22:40:51,356 - INFO - model saved 8 times, last saved epoch: 7.

2025-09-14 22:40:54,852 - INFO - Epoch 8, Train loss: 0.27221712470054626
2025-09-14 22:40:55,922 - INFO - mIoU: 0.6525; OA: 0.9249; AA: 0.6891; F1: 0.7306; Kappa: 0.868;
2025-09-14 22:40:55,922 - INFO - spatial_LccAccuracy: 0.5772; spatial_PA: 0.9296; spatial_UA: 0.8689; spatial_F1: 0.8982
2025-09-14 22:40:55,922 - INFO - temporal_CdAccuracy: 0.46; temporal_PA: 0.7904; temporal_UA: 0.7161; temporal_F1: 0.7514
2025-09-14 22:40:55,923 - INFO - Confusion Matrix
 [65951.	 3960.	    9.	    2.	    5.]
 [ 2865.	48267.	  138.	    1.	    1.]
 [   17.	  994.	 1302.	    0.	    0.]
 [ 1011.	  318.	    8.	  114.	    0.]
 [  512.	  224.	    0.	    0.	 8401.]
2025-09-14 22:40:55,980 - INFO - Epoch 8 saved.
2025-09-14 22:40:55,981 - INFO - model saved 9 times, last saved epoch: 8.

2025-09-14 22:40:59,397 - INFO - Epoch 9, Train loss: 0.22581180930137634
2025-09-14 22:41:00,636 - INFO - mIoU: 0.7322; OA: 0.9388; AA: 0.7645; F1: 0.8168; Kappa: 0.8927;
2025-09-14 22:41:00,636 - INFO - spatial_LccAccuracy: 0.6371; spatial_PA: 0.9321; spatial_UA: 0.8727; spatial_F1: 0.9014
2025-09-14 22:41:00,637 - INFO - temporal_CdAccuracy: 0.5163; temporal_PA: 0.8036; temporal_UA: 0.749; temporal_F1: 0.7754
2025-09-14 22:41:00,637 - INFO - Confusion Matrix
 [66892.	 3010.	   10.	    1.	   14.]
 [ 2644.	48512.	  110.	    5.	    1.]
 [   10.	  620.	 1683.	    0.	    0.]
 [  829.	  223.	    6.	  393.	    0.]
 [  448.	  271.	    0.	    0.	 8418.]
2025-09-14 22:41:00,679 - INFO - Epoch 9 saved.
2025-09-14 22:41:00,680 - INFO - model saved 10 times, last saved epoch: 9.

2025-09-14 22:41:04,077 - INFO - Epoch 10, Train loss: 0.1907266527414322
2025-09-14 22:41:05,314 - INFO - mIoU: 0.7847; OA: 0.9457; AA: 0.8218; F1: 0.8651; Kappa: 0.9052;
2025-09-14 22:41:05,314 - INFO - spatial_LccAccuracy: 0.6707; spatial_PA: 0.929; spatial_UA: 0.8756; spatial_F1: 0.9015
2025-09-14 22:41:05,315 - INFO - temporal_CdAccuracy: 0.5499; temporal_PA: 0.8148; temporal_UA: 0.7726; temporal_F1: 0.7931
2025-09-14 22:41:05,315 - INFO - Confusion Matrix
 [67090.	 2585.	   15.	    3.	  234.]
 [ 2491.	48621.	  132.	   13.	   15.]
 [   11.	  368.	 1934.	    0.	    0.]
 [  629.	  193.	    6.	  623.	    0.]
 [  305.	  280.	    0.	    0.	 8552.]
2025-09-14 22:41:05,356 - INFO - Epoch 10 saved.
2025-09-14 22:41:05,357 - INFO - model saved 11 times, last saved epoch: 10.

2025-09-14 22:41:09,091 - INFO - Epoch 11, Train loss: 0.16768710315227509
2025-09-14 22:41:10,184 - INFO - mIoU: 0.8157; OA: 0.9511; AA: 0.8532; F1: 0.8901; Kappa: 0.9148;
2025-09-14 22:41:10,184 - INFO - spatial_LccAccuracy: 0.6908; spatial_PA: 0.9301; spatial_UA: 0.8872; spatial_F1: 0.9081
2025-09-14 22:41:10,184 - INFO - temporal_CdAccuracy: 0.5776; temporal_PA: 0.8315; temporal_UA: 0.796; temporal_F1: 0.8134
2025-09-14 22:41:10,184 - INFO - Confusion Matrix
 [67180.	 2491.	   17.	   10.	  229.]
 [ 2165.	48933.	  106.	   53.	   15.]
 [    8.	  334.	 1971.	    0.	    0.]
 [  501.	  144.	    6.	  800.	    0.]
 [  225.	  256.	    0.	    0.	 8656.]
2025-09-14 22:41:10,224 - INFO - Epoch 11 saved.
2025-09-14 22:41:10,225 - INFO - model saved 12 times, last saved epoch: 11.

2025-09-14 22:41:14,013 - INFO - Epoch 12, Train loss: 0.1512756198644638
2025-09-14 22:41:15,216 - INFO - mIoU: 0.8287; OA: 0.9527; AA: 0.8731; F1: 0.8993; Kappa: 0.9174;
2025-09-14 22:41:15,216 - INFO - spatial_LccAccuracy: 0.7199; spatial_PA: 0.9386; spatial_UA: 0.9004; spatial_F1: 0.9191
2025-09-14 22:41:15,216 - INFO - temporal_CdAccuracy: 0.5902; temporal_PA: 0.8209; temporal_UA: 0.8108; temporal_F1: 0.8158
2025-09-14 22:41:15,217 - INFO - Confusion Matrix
 [68344.	 1314.	   20.	    4.	  245.]
 [ 3263.	47711.	  126.	  138.	   34.]
 [   12.	  260.	 2041.	    0.	    0.]
 [  507.	   45.	    6.	  893.	    0.]
 [  196.	  173.	    0.	    0.	 8768.]
2025-09-14 22:41:15,290 - INFO - Epoch 12 saved.
2025-09-14 22:41:15,291 - INFO - model saved 13 times, last saved epoch: 12.

2025-09-14 22:41:18,966 - INFO - Epoch 13, Train loss: 0.13827094435691833
2025-09-14 22:41:20,152 - INFO - mIoU: 0.8558; OA: 0.9589; AA: 0.9016; F1: 0.9187; Kappa: 0.9286;
2025-09-14 22:41:20,153 - INFO - spatial_LccAccuracy: 0.7602; spatial_PA: 0.944; spatial_UA: 0.9756; spatial_F1: 0.9596
2025-09-14 22:41:20,153 - INFO - temporal_CdAccuracy: 0.6582; temporal_PA: 0.87; temporal_UA: 0.8355; temporal_F1: 0.8524
2025-09-14 22:41:20,154 - INFO - Confusion Matrix
 [67691.	 1970.	   21.	   35.	  210.]
 [ 1969.	49033.	  108.	  136.	   26.]
 [    2.	  252.	 2059.	    0.	    0.]
 [  232.	  144.	    6.	 1069.	    0.]
 [  186.	  211.	    0.	    0.	 8740.]
2025-09-14 22:41:20,213 - INFO - Epoch 13 saved.
2025-09-14 22:41:20,214 - INFO - model saved 14 times, last saved epoch: 13.

2025-09-14 22:41:23,684 - INFO - Epoch 14, Train loss: 0.12723815441131592
2025-09-14 22:41:24,872 - INFO - mIoU: 0.8544; OA: 0.9565; AA: 0.8909; F1: 0.9182; Kappa: 0.9245;
2025-09-14 22:41:24,873 - INFO - spatial_LccAccuracy: 0.7436; spatial_PA: 0.952; spatial_UA: 0.9757; spatial_F1: 0.9637
2025-09-14 22:41:24,873 - INFO - temporal_CdAccuracy: 0.6394; temporal_PA: 0.8641; temporal_UA: 0.8216; temporal_F1: 0.8423
2025-09-14 22:41:24,874 - INFO - Confusion Matrix
 [66635.	 3128.	    9.	    2.	  153.]
 [ 1212.	49885.	   35.	  121.	   19.]
 [    2.	  356.	 1955.	    0.	    0.]
 [  232.	  158.	    6.	 1055.	    0.]
 [  163.	  237.	    0.	    0.	 8737.]
2025-09-14 22:41:24,875 - INFO - model saved 14 times, last saved epoch: 13.

2025-09-14 22:41:28,394 - INFO - Epoch 15, Train loss: 0.1204071119427681
2025-09-14 22:41:29,723 - INFO - mIoU: 0.8684; OA: 0.9626; AA: 0.9047; F1: 0.9263; Kappa: 0.9349;
2025-09-14 22:41:29,723 - INFO - spatial_LccAccuracy: 0.7834; spatial_PA: 0.9544; spatial_UA: 0.9733; spatial_F1: 0.9638
2025-09-14 22:41:29,723 - INFO - temporal_CdAccuracy: 0.677; temporal_PA: 0.8695; temporal_UA: 0.8488; temporal_F1: 0.859
2025-09-14 22:41:29,724 - INFO - Confusion Matrix
 [68179.	 1700.	   11.	    3.	   34.]
 [ 1979.	49059.	   59.	  156.	   19.]
 [    3.	  272.	 2038.	    0.	    0.]
 [  260.	   86.	    6.	 1099.	    0.]
 [  247.	  180.	    0.	    0.	 8710.]
2025-09-14 22:41:29,770 - INFO - Epoch 15 saved.
2025-09-14 22:41:29,771 - INFO - model saved 15 times, last saved epoch: 15.

2025-09-14 22:41:33,346 - INFO - Epoch 16, Train loss: 0.11235123872756958
2025-09-14 22:41:34,613 - INFO - mIoU: 0.8841; OA: 0.9648; AA: 0.922; F1: 0.9368; Kappa: 0.939;
2025-09-14 22:41:34,613 - INFO - spatial_LccAccuracy: 0.7942; spatial_PA: 0.9502; spatial_UA: 0.9763; spatial_F1: 0.963
2025-09-14 22:41:34,613 - INFO - temporal_CdAccuracy: 0.6828; temporal_PA: 0.8835; temporal_UA: 0.8575; temporal_F1: 0.8703
2025-09-14 22:41:34,614 - INFO - Confusion Matrix
 [67708.	 2094.	    8.	    2.	  115.]
 [ 1421.	49617.	   54.	  150.	   30.]
 [    2.	  282.	 2029.	    0.	    0.]
 [  119.	  120.	    6.	 1206.	    0.]
 [  137.	  176.	    0.	    0.	 8824.]
2025-09-14 22:41:34,672 - INFO - Epoch 16 saved.
2025-09-14 22:41:34,673 - INFO - model saved 16 times, last saved epoch: 16.

2025-09-14 22:41:38,057 - INFO - Epoch 17, Train loss: 0.10569795966148376
2025-09-14 22:41:39,167 - INFO - mIoU: 0.8779; OA: 0.9638; AA: 0.9144; F1: 0.9327; Kappa: 0.9372;
2025-09-14 22:41:39,167 - INFO - spatial_LccAccuracy: 0.7843; spatial_PA: 0.9572; spatial_UA: 0.9692; spatial_F1: 0.9632
2025-09-14 22:41:39,167 - INFO - temporal_CdAccuracy: 0.6667; temporal_PA: 0.8828; temporal_UA: 0.8456; temporal_F1: 0.8638
2025-09-14 22:41:39,167 - INFO - Confusion Matrix
 [67412.	 2425.	   12.	    0.	   78.]
 [ 1151.	49890.	   83.	  120.	   28.]
 [    2.	  231.	 2080.	    0.	    0.]
 [  170.	  144.	    6.	 1131.	    0.]
 [  212.	  188.	    0.	    0.	 8737.]
2025-09-14 22:41:39,168 - INFO - model saved 16 times, last saved epoch: 16.

2025-09-14 22:41:42,736 - INFO - Epoch 18, Train loss: 0.09909076243638992
2025-09-14 22:41:43,998 - INFO - mIoU: 0.8962; OA: 0.9677; AA: 0.9438; F1: 0.9441; Kappa: 0.944;
2025-09-14 22:41:43,998 - INFO - spatial_LccAccuracy: 0.8157; spatial_PA: 0.9656; spatial_UA: 0.9746; spatial_F1: 0.9701
2025-09-14 22:41:43,999 - INFO - temporal_CdAccuracy: 0.6975; temporal_PA: 0.8897; temporal_UA: 0.8669; temporal_F1: 0.8782
2025-09-14 22:41:43,999 - INFO - Confusion Matrix
 [68335.	 1351.	    9.	    6.	  226.]
 [ 1831.	49048.	   96.	  184.	  113.]
 [    3.	  218.	 2092.	    0.	    0.]
 [  103.	   42.	    6.	 1300.	    0.]
 [   56.	   84.	    0.	    0.	 8997.]
2025-09-14 22:41:44,039 - INFO - Epoch 18 saved.
2025-09-14 22:41:44,040 - INFO - model saved 17 times, last saved epoch: 18.

2025-09-14 22:41:47,553 - INFO - Epoch 19, Train loss: 0.09546752274036407
2025-09-14 22:41:48,724 - INFO - mIoU: 0.8924; OA: 0.9674; AA: 0.9243; F1: 0.942; Kappa: 0.9432;
2025-09-14 22:41:48,724 - INFO - spatial_LccAccuracy: 0.7973; spatial_PA: 0.9398; spatial_UA: 0.9745; spatial_F1: 0.9568
2025-09-14 22:41:48,724 - INFO - temporal_CdAccuracy: 0.6899; temporal_PA: 0.8984; temporal_UA: 0.8693; temporal_F1: 0.8836
2025-09-14 22:41:48,725 - INFO - Confusion Matrix
 [68064.	 1844.	    6.	   12.	    1.]
 [ 1300.	49799.	   47.	  114.	   12.]
 [    2.	  284.	 2027.	    0.	    0.]
 [   38.	  159.	    5.	 1249.	    0.]
 [  357.	  195.	    0.	    0.	 8585.]
2025-09-14 22:41:48,726 - INFO - model saved 17 times, last saved epoch: 18.

2025-09-14 22:41:52,323 - INFO - Epoch 20, Train loss: 0.09258443117141724
2025-09-14 22:41:53,513 - INFO - mIoU: 0.8987; OA: 0.9693; AA: 0.9316; F1: 0.9458; Kappa: 0.9465;
2025-09-14 22:41:53,513 - INFO - spatial_LccAccuracy: 0.8255; spatial_PA: 0.9616; spatial_UA: 0.9784; spatial_F1: 0.97
2025-09-14 22:41:53,513 - INFO - temporal_CdAccuracy: 0.706; temporal_PA: 0.9007; temporal_UA: 0.8855; temporal_F1: 0.8931
2025-09-14 22:41:53,513 - INFO - Confusion Matrix
 [68505.	 1416.	    1.	    5.	    0.]
 [ 1498.	49578.	   41.	  144.	   11.]
 [    2.	  289.	 2022.	    0.	    0.]
 [   52.	   89.	    5.	 1305.	    0.]
 [  382.	  186.	    0.	    0.	 8569.]
2025-09-14 22:41:53,552 - INFO - Epoch 20 saved.
2025-09-14 22:41:53,553 - INFO - model saved 18 times, last saved epoch: 20.

2025-09-14 22:41:57,018 - INFO - Epoch 21, Train loss: 0.08831089735031128
2025-09-14 22:41:58,216 - INFO - mIoU: 0.9031; OA: 0.9709; AA: 0.952; F1: 0.9481; Kappa: 0.9497;
2025-09-14 22:41:58,217 - INFO - spatial_LccAccuracy: 0.8161; spatial_PA: 0.9497; spatial_UA: 0.9782; spatial_F1: 0.9637
2025-09-14 22:41:58,217 - INFO - temporal_CdAccuracy: 0.6922; temporal_PA: 0.9088; temporal_UA: 0.8761; temporal_F1: 0.8922
2025-09-14 22:41:58,218 - INFO - Confusion Matrix
 [67874.	 1790.	   12.	   50.	  201.]
 [ 1053.	49817.	  103.	  144.	  155.]
 [    2.	  202.	 2109.	    0.	    0.]
 [   20.	  100.	    6.	 1325.	    0.]
 [    3.	   64.	    0.	    0.	 9070.]
2025-09-14 22:41:58,276 - INFO - Epoch 21 saved.
2025-09-14 22:41:58,277 - INFO - model saved 19 times, last saved epoch: 21.

2025-09-14 22:42:01,746 - INFO - Epoch 22, Train loss: 0.08337541669607162
2025-09-14 22:42:02,997 - INFO - mIoU: 0.898; OA: 0.9713; AA: 0.9269; F1: 0.9449; Kappa: 0.9499;
2025-09-14 22:42:02,997 - INFO - spatial_LccAccuracy: 0.8304; spatial_PA: 0.9728; spatial_UA: 0.9758; spatial_F1: 0.9743
2025-09-14 22:42:02,997 - INFO - temporal_CdAccuracy: 0.7016; temporal_PA: 0.9005; temporal_UA: 0.8835; temporal_F1: 0.8919
2025-09-14 22:42:02,998 - INFO - Confusion Matrix
 [68894.	 1024.	    0.	    2.	    7.]
 [ 1779.	49301.	   23.	  135.	   34.]
 [    4.	  309.	 2000.	    0.	    0.]
 [  130.	   72.	    2.	 1247.	    0.]
 [  202.	  130.	    0.	    0.	 8805.]
2025-09-14 22:42:02,998 - INFO - model saved 19 times, last saved epoch: 21.

2025-09-14 22:42:06,501 - INFO - Epoch 23, Train loss: 0.08012401312589645
2025-09-14 22:42:07,837 - INFO - mIoU: 0.9112; OA: 0.9739; AA: 0.9582; F1: 0.9525; Kappa: 0.9547;
2025-09-14 22:42:07,837 - INFO - spatial_LccAccuracy: 0.8479; spatial_PA: 0.9699; spatial_UA: 0.9798; spatial_F1: 0.9748
2025-09-14 22:42:07,837 - INFO - temporal_CdAccuracy: 0.7289; temporal_PA: 0.9173; temporal_UA: 0.9048; temporal_F1: 0.911
2025-09-14 22:42:07,838 - INFO - Confusion Matrix
 [68807.	 1098.	   11.	    4.	    7.]
 [ 1527.	49303.	  192.	  172.	   78.]
 [    3.	  176.	 2134.	    0.	    0.]
 [   56.	   26.	    6.	 1363.	    0.]
 [   58.	   90.	    1.	    0.	 8988.]
2025-09-14 22:42:07,896 - INFO - Epoch 23 saved.
2025-09-14 22:42:07,897 - INFO - model saved 20 times, last saved epoch: 23.

2025-09-14 22:42:11,310 - INFO - Epoch 24, Train loss: 0.07570139318704605
2025-09-14 22:42:12,504 - INFO - mIoU: 0.9176; OA: 0.9743; AA: 0.9581; F1: 0.9562; Kappa: 0.9554;
2025-09-14 22:42:12,504 - INFO - spatial_LccAccuracy: 0.8573; spatial_PA: 0.9675; spatial_UA: 0.9781; spatial_F1: 0.9728
2025-09-14 22:42:12,505 - INFO - temporal_CdAccuracy: 0.7204; temporal_PA: 0.9187; temporal_UA: 0.8956; temporal_F1: 0.907
2025-09-14 22:42:12,506 - INFO - Confusion Matrix
 [69085.	  822.	    2.	    4.	   14.]
 [ 1846.	49042.	  101.	  172.	  111.]
 [    4.	  189.	 2120.	    0.	    0.]
 [   58.	   25.	    5.	 1363.	    0.]
 [   30.	   59.	    0.	    0.	 9048.]
2025-09-14 22:42:12,562 - INFO - Epoch 24 saved.
2025-09-14 22:42:12,563 - INFO - model saved 21 times, last saved epoch: 24.

2025-09-14 22:42:16,292 - INFO - Epoch 25, Train loss: 0.07146290689706802
2025-09-14 22:42:17,719 - INFO - mIoU: 0.9121; OA: 0.9725; AA: 0.9367; F1: 0.953; Kappa: 0.9524;
2025-09-14 22:42:17,719 - INFO - spatial_LccAccuracy: 0.8398; spatial_PA: 0.9649; spatial_UA: 0.9835; spatial_F1: 0.9741
2025-09-14 22:42:17,719 - INFO - temporal_CdAccuracy: 0.6989; temporal_PA: 0.9175; temporal_UA: 0.884; temporal_F1: 0.9004
2025-09-14 22:42:17,719 - INFO - Confusion Matrix
 [67573.	 2335.	    1.	    3.	   15.]
 [  562.	50552.	   49.	   58.	   51.]
 [    3.	  226.	 2084.	    0.	    0.]
 [   38.	  179.	    4.	 1230.	    0.]
 [   12.	  148.	    0.	    0.	 8977.]
2025-09-14 22:42:17,720 - INFO - model saved 21 times, last saved epoch: 24.

2025-09-14 22:42:21,191 - INFO - Epoch 26, Train loss: 0.07089513540267944
2025-09-14 22:42:22,407 - INFO - mIoU: 0.9182; OA: 0.9763; AA: 0.9647; F1: 0.9565; Kappa: 0.9589;
2025-09-14 22:42:22,408 - INFO - spatial_LccAccuracy: 0.8617; spatial_PA: 0.9694; spatial_UA: 0.9816; spatial_F1: 0.9755
2025-09-14 22:42:22,408 - INFO - temporal_CdAccuracy: 0.7306; temporal_PA: 0.9302; temporal_UA: 0.9066; temporal_F1: 0.9183
2025-09-14 22:42:22,409 - INFO - Confusion Matrix
 [68984.	  923.	    1.	    6.	   13.]
 [ 1476.	49347.	  142.	  205.	  102.]
 [    3.	  175.	 2135.	    0.	    0.]
 [   40.	   13.	    5.	 1393.	    0.]
 [   19.	   56.	    1.	    0.	 9061.]
2025-09-14 22:42:22,465 - INFO - Epoch 26 saved.
2025-09-14 22:42:22,465 - INFO - model saved 22 times, last saved epoch: 26.

2025-09-14 22:42:26,203 - INFO - Epoch 27, Train loss: 0.06805328279733658
2025-09-14 22:42:27,421 - INFO - mIoU: 0.8818; OA: 0.9729; AA: 0.8968; F1: 0.9336; Kappa: 0.953;
2025-09-14 22:42:27,421 - INFO - spatial_LccAccuracy: 0.8255; spatial_PA: 0.97; spatial_UA: 0.988; spatial_F1: 0.9789
2025-09-14 22:42:27,421 - INFO - temporal_CdAccuracy: 0.7132; temporal_PA: 0.9161; temporal_UA: 0.8943; temporal_F1: 0.9051
2025-09-14 22:42:27,422 - INFO - Confusion Matrix
 [67937.	 1979.	    0.	    3.	    8.]
 [  630.	50574.	   12.	    2.	   54.]
 [    2.	  348.	 1963.	    0.	    0.]
 [   34.	  411.	    0.	 1006.	    0.]
 [    3.	  143.	    0.	    0.	 8991.]
2025-09-14 22:42:27,423 - INFO - model saved 22 times, last saved epoch: 26.

2025-09-14 22:42:31,307 - INFO - Epoch 28, Train loss: 0.07000568509101868
2025-09-14 22:42:32,458 - INFO - mIoU: 0.9254; OA: 0.9768; AA: 0.9611; F1: 0.9606; Kappa: 0.9598;
2025-09-14 22:42:32,458 - INFO - spatial_LccAccuracy: 0.8649; spatial_PA: 0.9814; spatial_UA: 0.986; spatial_F1: 0.9837
2025-09-14 22:42:32,459 - INFO - temporal_CdAccuracy: 0.7226; temporal_PA: 0.9309; temporal_UA: 0.9053; temporal_F1: 0.9179
2025-09-14 22:42:32,459 - INFO - Confusion Matrix
 [68266.	 1628.	    3.	    7.	   23.]
 [  766.	50151.	   96.	  119.	  140.]
 [    3.	  191.	 2119.	    0.	    0.]
 [   32.	   48.	    6.	 1365.	    0.]
 [    0.	   52.	    0.	    0.	 9085.]
2025-09-14 22:42:32,509 - INFO - Epoch 28 saved.
2025-09-14 22:42:32,509 - INFO - model saved 23 times, last saved epoch: 28.

2025-09-14 22:42:36,174 - INFO - Epoch 29, Train loss: 0.06496145576238632
2025-09-14 22:42:37,326 - INFO - mIoU: 0.9238; OA: 0.9779; AA: 0.9509; F1: 0.9597; Kappa: 0.9616;
2025-09-14 22:42:37,326 - INFO - spatial_LccAccuracy: 0.8752; spatial_PA: 0.9759; spatial_UA: 0.9875; spatial_F1: 0.9816
2025-09-14 22:42:37,326 - INFO - temporal_CdAccuracy: 0.7374; temporal_PA: 0.9304; temporal_UA: 0.9128; temporal_F1: 0.9215
2025-09-14 22:42:37,327 - INFO - Confusion Matrix
 [68842.	 1076.	    0.	    9.	    0.]
 [ 1146.	49946.	   18.	  122.	   40.]
 [    3.	  292.	 2018.	    0.	    0.]
 [   31.	   50.	    2.	 1368.	    0.]
 [   52.	  125.	    0.	    0.	 8960.]
2025-09-14 22:42:37,327 - INFO - model saved 23 times, last saved epoch: 28.

2025-09-14 22:42:41,105 - INFO - Epoch 30, Train loss: 0.06484352052211761
2025-09-14 22:42:42,335 - INFO - mIoU: 0.9268; OA: 0.9756; AA: 0.9576; F1: 0.9615; Kappa: 0.9578;
2025-09-14 22:42:42,336 - INFO - spatial_LccAccuracy: 0.8617; spatial_PA: 0.9751; spatial_UA: 0.9883; spatial_F1: 0.9816
2025-09-14 22:42:42,336 - INFO - temporal_CdAccuracy: 0.7114; temporal_PA: 0.9323; temporal_UA: 0.9008; temporal_F1: 0.9163
2025-09-14 22:42:42,337 - INFO - Confusion Matrix
 [67772.	 2119.	    6.	   13.	   17.]
 [  473.	50526.	  118.	   52.	  103.]
 [    3.	  172.	 2138.	    0.	    0.]
 [   11.	  103.	    6.	 1331.	    0.]
 [    0.	   76.	    1.	    0.	 9060.]
2025-09-14 22:42:42,395 - INFO - Epoch 30 saved.
2025-09-14 22:42:42,396 - INFO - model saved 24 times, last saved epoch: 30.

2025-09-14 22:42:46,041 - INFO - Epoch 31, Train loss: 0.06262964755296707
2025-09-14 22:42:47,139 - INFO - mIoU: 0.9322; OA: 0.9784; AA: 0.9606; F1: 0.9645; Kappa: 0.9626;
2025-09-14 22:42:47,139 - INFO - spatial_LccAccuracy: 0.8729; spatial_PA: 0.9737; spatial_UA: 0.9869; spatial_F1: 0.9803
2025-09-14 22:42:47,139 - INFO - temporal_CdAccuracy: 0.728; temporal_PA: 0.9355; temporal_UA: 0.9098; temporal_F1: 0.9225
2025-09-14 22:42:47,140 - INFO - Confusion Matrix
 [68750.	 1168.	    0.	    9.	    0.]
 [ 1042.	50030.	   26.	  125.	   49.]
 [    3.	  222.	 2088.	    0.	    0.]
 [   19.	   32.	    3.	 1397.	    0.]
 [   86.	  109.	    0.	    0.	 8942.]
2025-09-14 22:42:47,191 - INFO - Epoch 31 saved.
2025-09-14 22:42:47,191 - INFO - model saved 25 times, last saved epoch: 31.

2025-09-14 22:42:50,833 - INFO - Epoch 32, Train loss: 0.05923699215054512
2025-09-14 22:42:51,795 - INFO - mIoU: 0.9274; OA: 0.9783; AA: 0.9693; F1: 0.9617; Kappa: 0.9625;
2025-09-14 22:42:51,795 - INFO - spatial_LccAccuracy: 0.8779; spatial_PA: 0.982; spatial_UA: 0.9882; spatial_F1: 0.9851
2025-09-14 22:42:51,795 - INFO - temporal_CdAccuracy: 0.7302; temporal_PA: 0.9386; temporal_UA: 0.9144; temporal_F1: 0.9264
2025-09-14 22:42:51,796 - INFO - Confusion Matrix
 [68588.	 1310.	    3.	   10.	   16.]
 [  892.	50005.	  103.	  182.	   90.]
 [    3.	  173.	 2137.	    0.	    0.]
 [   22.	    8.	    5.	 1416.	    0.]
 [    3.	   84.	    0.	    0.	 9050.]
2025-09-14 22:42:51,796 - INFO - model saved 25 times, last saved epoch: 31.

2025-09-14 22:42:55,672 - INFO - Epoch 33, Train loss: 0.05979706346988678
2025-09-14 22:42:56,774 - INFO - mIoU: 0.9363; OA: 0.9807; AA: 0.9645; F1: 0.9667; Kappa: 0.9664;
2025-09-14 22:42:56,774 - INFO - spatial_LccAccuracy: 0.8917; spatial_PA: 0.9737; spatial_UA: 0.9869; spatial_F1: 0.9803
2025-09-14 22:42:56,774 - INFO - temporal_CdAccuracy: 0.7481; temporal_PA: 0.9431; temporal_UA: 0.9283; temporal_F1: 0.9356
2025-09-14 22:42:56,774 - INFO - Confusion Matrix
 [69131.	  784.	    1.	    4.	    7.]
 [ 1199.	49845.	   37.	  125.	   66.]
 [    4.	  199.	 2110.	    0.	    0.]
 [   27.	   24.	    5.	 1395.	    0.]
 [    3.	  108.	    0.	    0.	 9026.]
2025-09-14 22:42:56,814 - INFO - Epoch 33 saved.
2025-09-14 22:42:56,815 - INFO - model saved 26 times, last saved epoch: 33.

2025-09-14 22:43:00,360 - INFO - Epoch 34, Train loss: 0.05668315291404724
2025-09-14 22:43:01,328 - INFO - mIoU: 0.9245; OA: 0.9788; AA: 0.9509; F1: 0.9602; Kappa: 0.9632;
2025-09-14 22:43:01,328 - INFO - spatial_LccAccuracy: 0.8783; spatial_PA: 0.9828; spatial_UA: 0.9874; spatial_F1: 0.9851
2025-09-14 22:43:01,328 - INFO - temporal_CdAccuracy: 0.74; temporal_PA: 0.9387; temporal_UA: 0.9146; temporal_F1: 0.9265
2025-09-14 22:43:01,328 - INFO - Confusion Matrix
 [68663.	 1165.	    0.	   10.	   89.]
 [  847.	50119.	   11.	   79.	  216.]
 [    3.	  290.	 2020.	    0.	    0.]
 [   12.	   93.	    3.	 1342.	    1.]
 [    0.	   29.	    0.	    0.	 9108.]
2025-09-14 22:43:01,329 - INFO - model saved 26 times, last saved epoch: 33.

2025-09-14 22:43:05,002 - INFO - Epoch 35, Train loss: 0.055509429425001144
2025-09-14 22:43:06,168 - INFO - mIoU: 0.9228; OA: 0.9789; AA: 0.967; F1: 0.959; Kappa: 0.9634;
2025-09-14 22:43:06,168 - INFO - spatial_LccAccuracy: 0.8805; spatial_PA: 0.9833; spatial_UA: 0.9895; spatial_F1: 0.9864
2025-09-14 22:43:06,168 - INFO - temporal_CdAccuracy: 0.7369; temporal_PA: 0.94; temporal_UA: 0.9161; temporal_F1: 0.9279
2025-09-14 22:43:06,168 - INFO - Confusion Matrix
 [69182.	  739.	    1.	    5.	    0.]
 [ 1328.	49537.	   96.	  231.	   80.]
 [    3.	  172.	 2138.	    0.	    0.]
 [   37.	    3.	    5.	 1406.	    0.]
 [   61.	   66.	    0.	    0.	 9010.]
2025-09-14 22:43:06,169 - INFO - model saved 26 times, last saved epoch: 33.

2025-09-14 22:43:09,885 - INFO - Epoch 36, Train loss: 0.05422784760594368
2025-09-14 22:43:11,158 - INFO - mIoU: 0.9371; OA: 0.9798; AA: 0.9662; F1: 0.9671; Kappa: 0.965;
2025-09-14 22:43:11,158 - INFO - spatial_LccAccuracy: 0.8904; spatial_PA: 0.9838; spatial_UA: 0.9877; spatial_F1: 0.9858
2025-09-14 22:43:11,158 - INFO - temporal_CdAccuracy: 0.732; temporal_PA: 0.9471; temporal_UA: 0.9175; temporal_F1: 0.9321
2025-09-14 22:43:11,159 - INFO - Confusion Matrix
 [68501.	 1373.	    1.	   15.	   37.]
 [  693.	50310.	  131.	   47.	   91.]
 [    5.	  162.	 2146.	    0.	    0.]
 [   11.	   52.	    6.	 1382.	    0.]
 [    0.	   90.	    0.	    0.	 9047.]
2025-09-14 22:43:11,216 - INFO - Epoch 36 saved.
2025-09-14 22:43:11,217 - INFO - model saved 27 times, last saved epoch: 36.

2025-09-14 22:43:14,641 - INFO - Epoch 37, Train loss: 0.05074178799986839
2025-09-14 22:43:15,710 - INFO - mIoU: 0.941; OA: 0.9809; AA: 0.9673; F1: 0.9693; Kappa: 0.9669;
2025-09-14 22:43:15,710 - INFO - spatial_LccAccuracy: 0.8984; spatial_PA: 0.9759; spatial_UA: 0.9875; spatial_F1: 0.9816
2025-09-14 22:43:15,710 - INFO - temporal_CdAccuracy: 0.7477; temporal_PA: 0.9399; temporal_UA: 0.9252; temporal_F1: 0.9324
2025-09-14 22:43:15,710 - INFO - Confusion Matrix
 [69051.	  823.	    1.	    7.	   45.]
 [ 1124.	49899.	   52.	   81.	  116.]
 [    5.	  199.	 2109.	    0.	    0.]
 [   16.	   21.	    5.	 1409.	    0.]
 [    0.	   65.	    0.	    0.	 9072.]
2025-09-14 22:43:15,750 - INFO - Epoch 37 saved.
2025-09-14 22:43:15,750 - INFO - model saved 28 times, last saved epoch: 37.

2025-09-14 22:43:19,262 - INFO - Epoch 38, Train loss: 0.05188658460974693
2025-09-14 22:43:20,462 - INFO - mIoU: 0.9223; OA: 0.9773; AA: 0.937; F1: 0.9587; Kappa: 0.9607;
2025-09-14 22:43:20,462 - INFO - spatial_LccAccuracy: 0.8644; spatial_PA: 0.982; spatial_UA: 0.9882; spatial_F1: 0.9851
2025-09-14 22:43:20,462 - INFO - temporal_CdAccuracy: 0.7302; temporal_PA: 0.9335; temporal_UA: 0.9117; temporal_F1: 0.9225
2025-09-14 22:43:20,463 - INFO - Confusion Matrix
 [68070.	 1848.	    1.	    3.	    5.]
 [  469.	50727.	   25.	    5.	   46.]
 [    4.	  210.	 2099.	    0.	    0.]
 [   44.	  192.	    4.	 1211.	    0.]
 [    7.	  175.	    0.	    0.	 8955.]
2025-09-14 22:43:20,463 - INFO - model saved 28 times, last saved epoch: 37.

2025-09-14 22:43:23,884 - INFO - Epoch 39, Train loss: 0.05193487927317619
2025-09-14 22:43:25,060 - INFO - mIoU: 0.9463; OA: 0.9828; AA: 0.9644; F1: 0.9721; Kappa: 0.9702;
2025-09-14 22:43:25,060 - INFO - spatial_LccAccuracy: 0.9056; spatial_PA: 0.9783; spatial_UA: 0.9892; spatial_F1: 0.9837
2025-09-14 22:43:25,060 - INFO - temporal_CdAccuracy: 0.7463; temporal_PA: 0.9527; temporal_UA: 0.9293; temporal_F1: 0.9409
2025-09-14 22:43:25,061 - INFO - Confusion Matrix
 [68994.	  910.	    1.	    5.	   17.]
 [  860.	50227.	   39.	   33.	  113.]
 [    5.	  196.	 2112.	    0.	    0.]
 [   22.	   48.	    5.	 1376.	    0.]
 [    0.	   53.	    0.	    0.	 9084.]
2025-09-14 22:43:25,100 - INFO - Epoch 39 saved.
2025-09-14 22:43:25,101 - INFO - model saved 29 times, last saved epoch: 39.

2025-09-14 22:43:28,305 - INFO - Epoch 40, Train loss: 0.04848645627498627
2025-09-14 22:43:29,350 - INFO - mIoU: 0.9392; OA: 0.9812; AA: 0.9707; F1: 0.9683; Kappa: 0.9674;
2025-09-14 22:43:29,350 - INFO - spatial_LccAccuracy: 0.8993; spatial_PA: 0.9767; spatial_UA: 0.9867; spatial_F1: 0.9816
2025-09-14 22:43:29,350 - INFO - temporal_CdAccuracy: 0.7414; temporal_PA: 0.945; temporal_UA: 0.9234; temporal_F1: 0.9341
2025-09-14 22:43:29,350 - INFO - Confusion Matrix
 [69296.	  620.	    1.	    5.	    5.]
 [ 1293.	49631.	   74.	  118.	  156.]
 [    7.	  168.	 2138.	    0.	    0.]
 [   34.	    0.	    3.	 1414.	    0.]
 [    5.	   33.	    0.	    0.	 9099.]
2025-09-14 22:43:29,351 - INFO - model saved 29 times, last saved epoch: 39.

2025-09-14 22:43:32,496 - INFO - Epoch 41, Train loss: 0.048856306821107864
2025-09-14 22:43:33,577 - INFO - mIoU: 0.9406; OA: 0.9815; AA: 0.9726; F1: 0.969; Kappa: 0.9679;
2025-09-14 22:43:33,577 - INFO - spatial_LccAccuracy: 0.9105; spatial_PA: 0.9746; spatial_UA: 0.9902; spatial_F1: 0.9823
2025-09-14 22:43:33,577 - INFO - temporal_CdAccuracy: 0.7526; temporal_PA: 0.9472; temporal_UA: 0.9335; temporal_F1: 0.9403
2025-09-14 22:43:33,577 - INFO - Confusion Matrix
 [69104.	  767.	    3.	   52.	    1.]
 [ 1133.	49873.	   83.	   74.	  109.]
 [    3.	  166.	 2144.	    0.	    0.]
 [   10.	   11.	    5.	 1425.	    0.]
 [    0.	   64.	    0.	    0.	 9073.]
2025-09-14 22:43:33,578 - INFO - model saved 29 times, last saved epoch: 39.

2025-09-14 22:43:36,876 - INFO - Epoch 42, Train loss: 0.048172544687986374
2025-09-14 22:43:37,985 - INFO - mIoU: 0.9466; OA: 0.9825; AA: 0.9704; F1: 0.9723; Kappa: 0.9696;
2025-09-14 22:43:37,986 - INFO - spatial_LccAccuracy: 0.9078; spatial_PA: 0.9775; spatial_UA: 0.99; spatial_F1: 0.9837
2025-09-14 22:43:37,986 - INFO - temporal_CdAccuracy: 0.7468; temporal_PA: 0.9515; temporal_UA: 0.9287; temporal_F1: 0.94
2025-09-14 22:43:37,986 - INFO - Confusion Matrix
 [69187.	  729.	    1.	    5.	    5.]
 [ 1079.	49931.	   82.	   54.	  126.]
 [    3.	  165.	 2145.	    0.	    0.]
 [   22.	   21.	    5.	 1403.	    0.]
 [    0.	   51.	    0.	    0.	 9086.]
2025-09-14 22:43:38,025 - INFO - Epoch 42 saved.
2025-09-14 22:43:38,026 - INFO - model saved 30 times, last saved epoch: 42.

2025-09-14 22:43:41,332 - INFO - Epoch 43, Train loss: 0.04458523541688919
2025-09-14 22:43:42,550 - INFO - mIoU: 0.9473; OA: 0.983; AA: 0.9646; F1: 0.9726; Kappa: 0.9706;
2025-09-14 22:43:42,550 - INFO - spatial_LccAccuracy: 0.9069; spatial_PA: 0.9759; spatial_UA: 0.9875; spatial_F1: 0.9816
2025-09-14 22:43:42,550 - INFO - temporal_CdAccuracy: 0.7579; temporal_PA: 0.9553; temporal_UA: 0.939; temporal_F1: 0.9471
2025-09-14 22:43:42,551 - INFO - Confusion Matrix
 [69111.	  807.	    0.	    7.	    2.]
 [  923.	50181.	   24.	   41.	  103.]
 [    4.	  243.	 2066.	    0.	    0.]
 [   16.	   26.	    0.	 1409.	    0.]
 [    7.	   71.	    0.	    0.	 9059.]
2025-09-14 22:43:42,591 - INFO - Epoch 43 saved.
2025-09-14 22:43:42,592 - INFO - model saved 31 times, last saved epoch: 43.

2025-09-14 22:43:46,253 - INFO - Epoch 44, Train loss: 0.045110106468200684
2025-09-14 22:43:47,362 - INFO - mIoU: 0.9414; OA: 0.9818; AA: 0.9611; F1: 0.9695; Kappa: 0.9684;
2025-09-14 22:43:47,362 - INFO - spatial_LccAccuracy: 0.898; spatial_PA: 0.9824; spatial_UA: 0.9786; spatial_F1: 0.9805
2025-09-14 22:43:47,362 - INFO - temporal_CdAccuracy: 0.7477; temporal_PA: 0.9419; temporal_UA: 0.9336; temporal_F1: 0.9378
2025-09-14 22:43:47,363 - INFO - Confusion Matrix
 [68773.	 1147.	    1.	    3.	    3.]
 [  739.	50334.	   50.	   40.	  109.]
 [   11.	  181.	 2121.	    0.	    0.]
 [   87.	   10.	    5.	 1349.	    0.]
 [    0.	   60.	    0.	    0.	 9077.]
2025-09-14 22:43:47,363 - INFO - model saved 31 times, last saved epoch: 43.

2025-09-14 22:43:50,886 - INFO - Epoch 45, Train loss: 0.04298766329884529
2025-09-14 22:43:51,996 - INFO - mIoU: 0.9351; OA: 0.9826; AA: 0.9516; F1: 0.9659; Kappa: 0.9699;
2025-09-14 22:43:51,996 - INFO - spatial_LccAccuracy: 0.9051; spatial_PA: 0.982; spatial_UA: 0.9882; spatial_F1: 0.9851
2025-09-14 22:43:51,996 - INFO - temporal_CdAccuracy: 0.7512; temporal_PA: 0.9554; temporal_UA: 0.9343; temporal_F1: 0.9448
2025-09-14 22:43:51,996 - INFO - Confusion Matrix
 [68995.	  925.	    1.	    4.	    2.]
 [  770.	50349.	   82.	    3.	   68.]
 [    7.	  159.	 2147.	    0.	    0.]
 [   35.	  141.	    6.	 1269.	    0.]
 [    5.	  119.	    0.	    0.	 9013.]
2025-09-14 22:43:51,997 - INFO - model saved 31 times, last saved epoch: 43.

2025-09-14 22:43:55,568 - INFO - Epoch 46, Train loss: 0.044162508100271225
2025-09-14 22:43:56,862 - INFO - mIoU: 0.9516; OA: 0.9838; AA: 0.9656; F1: 0.975; Kappa: 0.9718;
2025-09-14 22:43:56,862 - INFO - spatial_LccAccuracy: 0.9159; spatial_PA: 0.9818; spatial_UA: 0.9911; spatial_F1: 0.9864
2025-09-14 22:43:56,862 - INFO - temporal_CdAccuracy: 0.7624; temporal_PA: 0.953; temporal_UA: 0.9426; temporal_F1: 0.9478
2025-09-14 22:43:56,863 - INFO - Confusion Matrix
 [68932.	  989.	    1.	    5.	    0.]
 [  675.	50480.	   24.	   21.	   72.]
 [    4.	  213.	 2096.	    0.	    0.]
 [   13.	   37.	    1.	 1400.	    0.]
 [    7.	  115.	    0.	    0.	 9015.]
2025-09-14 22:43:56,905 - INFO - Epoch 46 saved.
2025-09-14 22:43:56,906 - INFO - model saved 32 times, last saved epoch: 46.

2025-09-14 22:44:00,045 - INFO - Epoch 47, Train loss: 0.04275823384523392
2025-09-14 22:44:00,933 - INFO - mIoU: 0.9526; OA: 0.9837; AA: 0.9691; F1: 0.9755; Kappa: 0.9716;
2025-09-14 22:44:00,933 - INFO - spatial_LccAccuracy: 0.9181; spatial_PA: 0.981; spatial_UA: 0.9919; spatial_F1: 0.9864
2025-09-14 22:44:00,933 - INFO - temporal_CdAccuracy: 0.7562; temporal_PA: 0.9564; temporal_UA: 0.9373; temporal_F1: 0.9468
2025-09-14 22:44:00,933 - INFO - Confusion Matrix
 [69118.	  784.	    1.	   11.	   13.]
 [  919.	50180.	   33.	   21.	  119.]
 [    4.	  176.	 2133.	    0.	    0.]
 [    7.	   45.	    3.	 1396.	    0.]
 [    0.	   56.	    0.	    0.	 9081.]
2025-09-14 22:44:00,976 - INFO - Epoch 47 saved.
2025-09-14 22:44:00,977 - INFO - model saved 33 times, last saved epoch: 47.

2025-09-14 22:44:04,281 - INFO - Epoch 48, Train loss: 0.041908781975507736
2025-09-14 22:44:05,414 - INFO - mIoU: 0.9369; OA: 0.9796; AA: 0.9723; F1: 0.9669; Kappa: 0.9648;
2025-09-14 22:44:05,414 - INFO - spatial_LccAccuracy: 0.8962; spatial_PA: 0.9878; spatial_UA: 0.984; spatial_F1: 0.9859
2025-09-14 22:44:05,414 - INFO - temporal_CdAccuracy: 0.7342; temporal_PA: 0.9467; temporal_UA: 0.9219; temporal_F1: 0.9341
2025-09-14 22:44:05,414 - INFO - Confusion Matrix
 [68733.	 1183.	    1.	    4.	    6.]
 [  913.	49978.	  183.	   82.	  116.]
 [    6.	  143.	 2164.	    0.	    0.]
 [   30.	    2.	    5.	 1414.	    0.]
 [    2.	   52.	    1.	    0.	 9082.]
2025-09-14 22:44:05,415 - INFO - model saved 33 times, last saved epoch: 47.

2025-09-14 22:44:08,933 - INFO - Epoch 49, Train loss: 0.04131656885147095
2025-09-14 22:44:10,068 - INFO - mIoU: 0.9464; OA: 0.9829; AA: 0.9758; F1: 0.9722; Kappa: 0.9704;
2025-09-14 22:44:10,069 - INFO - spatial_LccAccuracy: 0.9114; spatial_PA: 0.9775; spatial_UA: 0.99; spatial_F1: 0.9837
2025-09-14 22:44:10,069 - INFO - temporal_CdAccuracy: 0.7553; temporal_PA: 0.9566; temporal_UA: 0.935; temporal_F1: 0.9456
2025-09-14 22:44:10,069 - INFO - Confusion Matrix
 [68862.	 1024.	    1.	   19.	   21.]
 [  678.	50261.	   94.	   67.	  172.]
 [    4.	  156.	 2153.	    0.	    0.]
 [    8.	    6.	    5.	 1432.	    0.]
 [    1.	   35.	    0.	    0.	 9101.]
2025-09-14 22:44:10,069 - INFO - model saved 33 times, last saved epoch: 47.

2025-09-14 22:44:13,602 - INFO - Epoch 50, Train loss: 0.04090117663145065
2025-09-14 22:44:14,928 - INFO - mIoU: 0.9489; OA: 0.9824; AA: 0.971; F1: 0.9735; Kappa: 0.9695;
2025-09-14 22:44:14,929 - INFO - spatial_LccAccuracy: 0.9114; spatial_PA: 0.9752; spatial_UA: 0.9813; spatial_F1: 0.9783
2025-09-14 22:44:14,929 - INFO - temporal_CdAccuracy: 0.7485; temporal_PA: 0.9539; temporal_UA: 0.9335; temporal_F1: 0.9436
2025-09-14 22:44:14,929 - INFO - Confusion Matrix
 [69354.	  547.	    1.	    4.	   21.]
 [ 1279.	49747.	   63.	   50.	  133.]
 [   14.	  159.	 2140.	    0.	    0.]
 [   31.	    3.	    5.	 1412.	    0.]
 [    0.	   48.	    0.	    0.	 9089.]
2025-09-14 22:44:14,931 - INFO - model saved 33 times, last saved epoch: 47.

2025-09-14 22:44:18,367 - INFO - Epoch 51, Train loss: 0.04034745320677757
2025-09-14 22:44:19,574 - INFO - mIoU: 0.9539; OA: 0.985; AA: 0.97; F1: 0.9762; Kappa: 0.9739;
2025-09-14 22:44:19,574 - INFO - spatial_LccAccuracy: 0.9244; spatial_PA: 0.9828; spatial_UA: 0.9914; spatial_F1: 0.9871
2025-09-14 22:44:19,575 - INFO - temporal_CdAccuracy: 0.7664; temporal_PA: 0.9589; temporal_UA: 0.9458; temporal_F1: 0.9523
2025-09-14 22:44:19,575 - INFO - Confusion Matrix
 [69199.	  709.	    1.	    9.	    9.]
 [  825.	50281.	   33.	   28.	  105.]
 [    4.	  196.	 2113.	    0.	    0.]
 [    9.	   30.	    1.	 1411.	    0.]
 [    0.	   57.	    0.	    0.	 9080.]
2025-09-14 22:44:19,648 - INFO - Epoch 51 saved.
2025-09-14 22:44:19,648 - INFO - model saved 34 times, last saved epoch: 51.

2025-09-14 22:44:23,327 - INFO - Epoch 52, Train loss: 0.03790144622325897
2025-09-14 22:44:24,428 - INFO - mIoU: 0.9439; OA: 0.9834; AA: 0.9562; F1: 0.9708; Kappa: 0.9712;
2025-09-14 22:44:24,428 - INFO - spatial_LccAccuracy: 0.9128; spatial_PA: 0.9826; spatial_UA: 0.9903; spatial_F1: 0.9864
2025-09-14 22:44:24,428 - INFO - temporal_CdAccuracy: 0.7642; temporal_PA: 0.9507; temporal_UA: 0.9418; temporal_F1: 0.9462
2025-09-14 22:44:24,428 - INFO - Confusion Matrix
 [68975.	  944.	    1.	    6.	    1.]
 [  737.	50402.	   23.	    2.	  108.]
 [    4.	  218.	 2091.	    0.	    0.]
 [    9.	  116.	    0.	 1326.	    0.]
 [    0.	   59.	    0.	    0.	 9078.]
2025-09-14 22:44:24,429 - INFO - model saved 34 times, last saved epoch: 51.

2025-09-14 22:44:27,839 - INFO - Epoch 53, Train loss: 0.03774895891547203
2025-09-14 22:44:29,035 - INFO - mIoU: 0.9462; OA: 0.9839; AA: 0.9679; F1: 0.972; Kappa: 0.972;
2025-09-14 22:44:29,035 - INFO - spatial_LccAccuracy: 0.9128; spatial_PA: 0.9821; spatial_UA: 0.9922; spatial_F1: 0.9871
2025-09-14 22:44:29,035 - INFO - temporal_CdAccuracy: 0.7655; temporal_PA: 0.9578; temporal_UA: 0.9402; temporal_F1: 0.9489
2025-09-14 22:44:29,035 - INFO - Confusion Matrix
 [69343.	  566.	    1.	    6.	   11.]
 [ 1002.	49997.	   14.	   74.	  185.]
 [    5.	  257.	 2051.	    0.	    0.]
 [   12.	    4.	    0.	 1435.	    0.]
 [    0.	   28.	    0.	    0.	 9109.]
2025-09-14 22:44:29,036 - INFO - model saved 34 times, last saved epoch: 51.

2025-09-14 22:44:32,671 - INFO - Epoch 54, Train loss: 0.03816935047507286
2025-09-14 22:44:34,058 - INFO - mIoU: 0.9516; OA: 0.984; AA: 0.9729; F1: 0.975; Kappa: 0.9722;
2025-09-14 22:44:34,058 - INFO - spatial_LccAccuracy: 0.9163; spatial_PA: 0.9882; spatial_UA: 0.9929; spatial_F1: 0.9905
2025-09-14 22:44:34,059 - INFO - temporal_CdAccuracy: 0.7647; temporal_PA: 0.9579; temporal_UA: 0.9426; temporal_F1: 0.9502
2025-09-14 22:44:34,059 - INFO - Confusion Matrix
 [69010.	  895.	    1.	   10.	   11.]
 [  749.	50307.	   26.	   65.	  125.]
 [    4.	  197.	 2112.	    0.	    0.]
 [    6.	    8.	    2.	 1435.	    0.]
 [    0.	   50.	    0.	    0.	 9087.]
2025-09-14 22:44:34,060 - INFO - model saved 34 times, last saved epoch: 51.

2025-09-14 22:44:37,578 - INFO - Epoch 55, Train loss: 0.03718038648366928
2025-09-14 22:44:38,816 - INFO - mIoU: 0.9476; OA: 0.9841; AA: 0.963; F1: 0.9729; Kappa: 0.9725;
2025-09-14 22:44:38,816 - INFO - spatial_LccAccuracy: 0.9195; spatial_PA: 0.9871; spatial_UA: 0.9926; spatial_F1: 0.9898
2025-09-14 22:44:38,816 - INFO - temporal_CdAccuracy: 0.766; temporal_PA: 0.9572; temporal_UA: 0.9444; temporal_F1: 0.9507
2025-09-14 22:44:38,817 - INFO - Confusion Matrix
 [69010.	  882.	    1.	    4.	   30.]
 [  679.	50380.	   51.	    2.	  160.]
 [    5.	  170.	 2138.	    0.	    0.]
 [   16.	   92.	    1.	 1342.	    0.]
 [    0.	   36.	    0.	    0.	 9101.]
2025-09-14 22:44:38,817 - INFO - model saved 34 times, last saved epoch: 51.

2025-09-14 22:44:42,372 - INFO - Epoch 56, Train loss: 0.03551635518670082
2025-09-14 22:44:43,560 - INFO - mIoU: 0.9547; OA: 0.9846; AA: 0.9771; F1: 0.9766; Kappa: 0.9732;
2025-09-14 22:44:43,560 - INFO - spatial_LccAccuracy: 0.9253; spatial_PA: 0.9842; spatial_UA: 0.9928; spatial_F1: 0.9885
2025-09-14 22:44:43,561 - INFO - temporal_CdAccuracy: 0.7597; temporal_PA: 0.96; temporal_UA: 0.9389; temporal_F1: 0.9493
2025-09-14 22:44:43,561 - INFO - Confusion Matrix
 [69173.	  747.	    1.	    5.	    1.]
 [  838.	50177.	   99.	   40.	  118.]
 [    7.	  143.	 2163.	    0.	    0.]
 [   11.	    4.	    2.	 1434.	    0.]
 [    2.	   52.	    0.	    0.	 9083.]
2025-09-14 22:44:44,034 - INFO - Epoch 56 saved.
2025-09-14 22:44:44,035 - INFO - model saved 35 times, last saved epoch: 56.

2025-09-14 22:44:47,742 - INFO - Epoch 57, Train loss: 0.03606491908431053
2025-09-14 22:44:48,863 - INFO - mIoU: 0.947; OA: 0.9833; AA: 0.9629; F1: 0.9725; Kappa: 0.9711;
2025-09-14 22:44:48,863 - INFO - spatial_LccAccuracy: 0.9123; spatial_PA: 0.9879; spatial_UA: 0.9918; spatial_F1: 0.9898
2025-09-14 22:44:48,863 - INFO - temporal_CdAccuracy: 0.753; temporal_PA: 0.9464; temporal_UA: 0.9337; temporal_F1: 0.94
2025-09-14 22:44:48,864 - INFO - Confusion Matrix
 [68696.	 1222.	    1.	    4.	    4.]
 [  490.	50629.	   77.	    1.	   75.]
 [    4.	  149.	 2160.	    0.	    0.]
 [   23.	   88.	    3.	 1337.	    0.]
 [    0.	   98.	    0.	    0.	 9039.]
2025-09-14 22:44:48,865 - INFO - model saved 35 times, last saved epoch: 56.

2025-09-14 22:44:52,539 - INFO - Epoch 58, Train loss: 0.03518997132778168
2025-09-14 22:44:53,738 - INFO - mIoU: 0.946; OA: 0.9836; AA: 0.975; F1: 0.972; Kappa: 0.9717;
2025-09-14 22:44:53,738 - INFO - spatial_LccAccuracy: 0.915; spatial_PA: 0.9821; spatial_UA: 0.9922; spatial_F1: 0.9871
2025-09-14 22:44:53,738 - INFO - temporal_CdAccuracy: 0.757; temporal_PA: 0.9588; temporal_UA: 0.9361; temporal_F1: 0.9473
2025-09-14 22:44:53,738 - INFO - Confusion Matrix
 [68951.	  905.	    1.	   65.	    5.]
 [  713.	50277.	   38.	   61.	  183.]
 [    3.	  174.	 2136.	    0.	    0.]
 [    6.	   11.	    0.	 1434.	    0.]
 [    0.	   29.	    0.	    0.	 9108.]
2025-09-14 22:44:53,739 - INFO - model saved 35 times, last saved epoch: 56.

2025-09-14 22:44:57,142 - INFO - Epoch 59, Train loss: 0.03391510993242264
2025-09-14 22:44:58,519 - INFO - mIoU: 0.9505; OA: 0.985; AA: 0.9761; F1: 0.9741; Kappa: 0.9739;
2025-09-14 22:44:58,519 - INFO - spatial_LccAccuracy: 0.9257; spatial_PA: 0.9833; spatial_UA: 0.9895; spatial_F1: 0.9864
2025-09-14 22:44:58,519 - INFO - temporal_CdAccuracy: 0.762; temporal_PA: 0.9592; temporal_UA: 0.9434; temporal_F1: 0.9512
2025-09-14 22:44:58,520 - INFO - Confusion Matrix
 [69219.	  701.	    1.	    6.	    0.]
 [  763.	50184.	  196.	   12.	  117.]
 [    6.	  128.	 2179.	    0.	    0.]
 [   12.	   19.	    5.	 1415.	    0.]
 [    2.	   48.	    0.	    0.	 9087.]
2025-09-14 22:44:58,521 - INFO - model saved 35 times, last saved epoch: 56.

2025-09-14 22:45:01,941 - INFO - Epoch 60, Train loss: 0.034484006464481354
2025-09-14 22:45:03,133 - INFO - mIoU: 0.9564; OA: 0.9853; AA: 0.9693; F1: 0.9775; Kappa: 0.9744;
2025-09-14 22:45:03,133 - INFO - spatial_LccAccuracy: 0.9235; spatial_PA: 0.9839; spatial_UA: 0.9917; spatial_F1: 0.9878
2025-09-14 22:45:03,133 - INFO - temporal_CdAccuracy: 0.7754; temporal_PA: 0.9582; temporal_UA: 0.9508; temporal_F1: 0.9545
2025-09-14 22:45:03,134 - INFO - Confusion Matrix
 [69169.	  750.	    1.	    6.	    1.]
 [  756.	50360.	   33.	    6.	  117.]
 [    7.	  196.	 2110.	    0.	    0.]
 [   10.	   35.	    0.	 1406.	    0.]
 [    2.	   55.	    0.	    0.	 9080.]
2025-09-14 22:45:03,175 - INFO - Epoch 60 saved.
2025-09-14 22:45:03,175 - INFO - model saved 36 times, last saved epoch: 60.

2025-09-14 22:45:06,673 - INFO - Epoch 61, Train loss: 0.03429277986288071
2025-09-14 22:45:07,950 - INFO - mIoU: 0.9564; OA: 0.9853; AA: 0.97; F1: 0.9775; Kappa: 0.9746;
2025-09-14 22:45:07,950 - INFO - spatial_LccAccuracy: 0.9266; spatial_PA: 0.9828; spatial_UA: 0.9914; spatial_F1: 0.9871
2025-09-14 22:45:07,950 - INFO - temporal_CdAccuracy: 0.7709; temporal_PA: 0.9606; temporal_UA: 0.9469; temporal_F1: 0.9537
2025-09-14 22:45:07,951 - INFO - Confusion Matrix
 [69252.	  668.	    1.	    5.	    1.]
 [  841.	50262.	   47.	    5.	  117.]
 [    4.	  161.	 2148.	    0.	    0.]
 [    7.	   55.	    1.	 1388.	    0.]
 [    0.	   53.	    0.	    0.	 9084.]
2025-09-14 22:45:07,951 - INFO - model saved 36 times, last saved epoch: 60.

2025-09-14 22:45:11,508 - INFO - Epoch 62, Train loss: 0.033238817006349564
2025-09-14 22:45:12,601 - INFO - mIoU: 0.9551; OA: 0.9846; AA: 0.967; F1: 0.9768; Kappa: 0.9733;
2025-09-14 22:45:12,601 - INFO - spatial_LccAccuracy: 0.9226; spatial_PA: 0.9799; spatial_UA: 0.9916; spatial_F1: 0.9857
2025-09-14 22:45:12,601 - INFO - temporal_CdAccuracy: 0.7669; temporal_PA: 0.9584; temporal_UA: 0.9433; temporal_F1: 0.9508
2025-09-14 22:45:12,601 - INFO - Confusion Matrix
 [69234.	  687.	    1.	    5.	    0.]
 [  876.	50300.	   12.	   18.	   66.]
 [   18.	  214.	 2081.	    0.	    0.]
 [   14.	   17.	    0.	 1420.	    0.]
 [   34.	   98.	    0.	    0.	 9005.]
2025-09-14 22:45:12,602 - INFO - model saved 36 times, last saved epoch: 60.

2025-09-14 22:45:16,171 - INFO - Epoch 63, Train loss: 0.03229690343141556
2025-09-14 22:45:17,391 - INFO - mIoU: 0.9542; OA: 0.9853; AA: 0.9755; F1: 0.9762; Kappa: 0.9744;
2025-09-14 22:45:17,391 - INFO - spatial_LccAccuracy: 0.9284; spatial_PA: 0.9847; spatial_UA: 0.9909; spatial_F1: 0.9878
2025-09-14 22:45:17,391 - INFO - temporal_CdAccuracy: 0.7736; temporal_PA: 0.9617; temporal_UA: 0.9474; temporal_F1: 0.9545
2025-09-14 22:45:17,392 - INFO - Confusion Matrix
 [69240.	  681.	    1.	    5.	    0.]
 [  794.	50237.	  128.	   20.	   93.]
 [    5.	  149.	 2159.	    0.	    0.]
 [   10.	   11.	    5.	 1425.	    0.]
 [    0.	   74.	    0.	    0.	 9063.]
2025-09-14 22:45:17,392 - INFO - model saved 36 times, last saved epoch: 60.

2025-09-14 22:45:20,894 - INFO - Epoch 64, Train loss: 0.03171558305621147
2025-09-14 22:45:22,198 - INFO - mIoU: 0.9403; OA: 0.9824; AA: 0.9579; F1: 0.9689; Kappa: 0.9696;
2025-09-14 22:45:22,199 - INFO - spatial_LccAccuracy: 0.9038; spatial_PA: 0.986; spatial_UA: 0.9923; spatial_F1: 0.9891
2025-09-14 22:45:22,199 - INFO - temporal_CdAccuracy: 0.7548; temporal_PA: 0.9527; temporal_UA: 0.9358; temporal_F1: 0.9442
2025-09-14 22:45:22,199 - INFO - Confusion Matrix
 [68485.	 1425.	    5.	    9.	    3.]
 [  347.	50780.	   87.	    0.	   58.]
 [    3.	  150.	 2160.	    0.	    0.]
 [    6.	  137.	    3.	 1305.	    0.]
 [    0.	  122.	    0.	    0.	 9015.]
2025-09-14 22:45:22,200 - INFO - model saved 36 times, last saved epoch: 60.

2025-09-14 22:45:25,664 - INFO - Epoch 65, Train loss: 0.03106807731091976
2025-09-14 22:45:27,029 - INFO - mIoU: 0.9567; OA: 0.9849; AA: 0.9775; F1: 0.9776; Kappa: 0.9738;
2025-09-14 22:45:27,029 - INFO - spatial_LccAccuracy: 0.9257; spatial_PA: 0.9818; spatial_UA: 0.9911; spatial_F1: 0.9864
2025-09-14 22:45:27,029 - INFO - temporal_CdAccuracy: 0.7638; temporal_PA: 0.9599; temporal_UA: 0.942; temporal_F1: 0.9509
2025-09-14 22:45:27,030 - INFO - Confusion Matrix
 [69249.	  667.	    1.	    5.	    5.]
 [  866.	50127.	  104.	   21.	  154.]
 [    6.	  141.	 2166.	    0.	    0.]
 [   11.	    7.	    1.	 1432.	    0.]
 [    0.	   37.	    0.	    0.	 9100.]
2025-09-14 22:45:27,085 - INFO - Epoch 65 saved.
2025-09-14 22:45:27,086 - INFO - model saved 37 times, last saved epoch: 65.

2025-09-14 22:45:30,515 - INFO - Epoch 66, Train loss: 0.0309157595038414
2025-09-14 22:45:31,528 - INFO - mIoU: 0.9574; OA: 0.9847; AA: 0.9719; F1: 0.9781; Kappa: 0.9735;
2025-09-14 22:45:31,528 - INFO - spatial_LccAccuracy: 0.9302; spatial_PA: 0.9903; spatial_UA: 0.9895; spatial_F1: 0.9899
2025-09-14 22:45:31,529 - INFO - temporal_CdAccuracy: 0.7687; temporal_PA: 0.9615; temporal_UA: 0.9479; temporal_F1: 0.9547
2025-09-14 22:45:31,529 - INFO - Confusion Matrix
 [68914.	 1006.	    1.	    4.	    2.]
 [  597.	50508.	   47.	   10.	  110.]
 [    5.	  156.	 2152.	    0.	    0.]
 [   27.	   24.	    0.	 1400.	    0.]
 [    1.	   57.	    0.	    0.	 9079.]
2025-09-14 22:45:31,602 - INFO - Epoch 66 saved.
2025-09-14 22:45:31,603 - INFO - model saved 38 times, last saved epoch: 66.

2025-09-14 22:45:34,929 - INFO - Epoch 67, Train loss: 0.029655281454324722
2025-09-14 22:45:36,079 - INFO - mIoU: 0.9591; OA: 0.9856; AA: 0.9723; F1: 0.9789; Kappa: 0.975;
2025-09-14 22:45:36,080 - INFO - spatial_LccAccuracy: 0.932; spatial_PA: 0.9836; spatial_UA: 0.9906; spatial_F1: 0.9871
2025-09-14 22:45:36,080 - INFO - temporal_CdAccuracy: 0.77; temporal_PA: 0.9613; temporal_UA: 0.9457; temporal_F1: 0.9535
2025-09-14 22:45:36,080 - INFO - Confusion Matrix
 [69217.	  704.	    1.	    5.	    0.]
 [  795.	50344.	   29.	   18.	   86.]
 [    9.	  197.	 2107.	    0.	    0.]
 [   10.	    9.	    0.	 1432.	    0.]
 [    7.	   65.	    0.	    0.	 9065.]
2025-09-14 22:45:36,119 - INFO - Epoch 67 saved.
2025-09-14 22:45:36,120 - INFO - model saved 39 times, last saved epoch: 67.

2025-09-14 22:45:39,439 - INFO - Epoch 68, Train loss: 0.029400577768683434
2025-09-14 22:45:40,653 - INFO - mIoU: 0.9503; OA: 0.9842; AA: 0.9782; F1: 0.9743; Kappa: 0.9727;
2025-09-14 22:45:40,653 - INFO - spatial_LccAccuracy: 0.9181; spatial_PA: 0.9833; spatial_UA: 0.9895; spatial_F1: 0.9864
2025-09-14 22:45:40,653 - INFO - temporal_CdAccuracy: 0.7588; temporal_PA: 0.9571; temporal_UA: 0.9352; temporal_F1: 0.946
2025-09-14 22:45:40,654 - INFO - Confusion Matrix
 [69417.	  497.	    1.	    5.	    7.]
 [ 1055.	49855.	  103.	   74.	  185.]
 [    6.	  142.	 2165.	    0.	    0.]
 [   10.	    0.	    0.	 1441.	    0.]
 [    2.	   27.	    0.	    0.	 9108.]
2025-09-14 22:45:40,654 - INFO - model saved 39 times, last saved epoch: 67.

2025-09-14 22:45:44,152 - INFO - Epoch 69, Train loss: 0.029845615848898888
2025-09-14 22:45:45,569 - INFO - mIoU: 0.9568; OA: 0.9858; AA: 0.9689; F1: 0.9777; Kappa: 0.9754;
2025-09-14 22:45:45,569 - INFO - spatial_LccAccuracy: 0.9284; spatial_PA: 0.9833; spatial_UA: 0.9895; spatial_F1: 0.9864
2025-09-14 22:45:45,570 - INFO - temporal_CdAccuracy: 0.7714; temporal_PA: 0.9621; temporal_UA: 0.9484; temporal_F1: 0.9552
2025-09-14 22:45:45,570 - INFO - Confusion Matrix
 [69155.	  768.	    1.	    3.	    0.]
 [  681.	50466.	   48.	    2.	   75.]
 [    7.	  161.	 2145.	    0.	    0.]
 [   24.	   44.	    0.	 1383.	    0.]
 [    2.	   82.	    0.	    0.	 9053.]
2025-09-14 22:45:45,571 - INFO - model saved 39 times, last saved epoch: 67.

2025-09-14 22:45:49,145 - INFO - Epoch 70, Train loss: 0.03007860668003559
2025-09-14 22:45:50,302 - INFO - mIoU: 0.959; OA: 0.9861; AA: 0.974; F1: 0.9789; Kappa: 0.9759;
2025-09-14 22:45:50,302 - INFO - spatial_LccAccuracy: 0.9338; spatial_PA: 0.99; spatial_UA: 0.9924; spatial_F1: 0.9912
2025-09-14 22:45:50,302 - INFO - temporal_CdAccuracy: 0.7763; temporal_PA: 0.9627; temporal_UA: 0.9503; temporal_F1: 0.9565
2025-09-14 22:45:50,302 - INFO - Confusion Matrix
 [69080.	  842.	    1.	    4.	    0.]
 [  583.	50516.	   39.	   25.	  109.]
 [    6.	  168.	 2139.	    0.	    0.]
 [   25.	    6.	    0.	 1420.	    0.]
 [    3.	   55.	    0.	    0.	 9079.]
2025-09-14 22:45:50,303 - INFO - model saved 39 times, last saved epoch: 67.

2025-09-14 22:45:53,562 - INFO - Epoch 71, Train loss: 0.028965549543499947
2025-09-14 22:45:54,894 - INFO - mIoU: 0.9602; OA: 0.986; AA: 0.975; F1: 0.9795; Kappa: 0.9758;
2025-09-14 22:45:54,895 - INFO - spatial_LccAccuracy: 0.9329; spatial_PA: 0.9871; spatial_UA: 0.9926; spatial_F1: 0.9898
2025-09-14 22:45:54,895 - INFO - temporal_CdAccuracy: 0.7732; temporal_PA: 0.9619; temporal_UA: 0.9479; temporal_F1: 0.9549
2025-09-14 22:45:54,896 - INFO - Confusion Matrix
 [69200.	  713.	    1.	    6.	    7.]
 [  709.	50360.	   52.	    8.	  143.]
 [    7.	  159.	 2147.	    0.	    0.]
 [    6.	   24.	    0.	 1421.	    0.]
 [    0.	   40.	    0.	    0.	 9097.]
2025-09-14 22:45:54,953 - INFO - Epoch 71 saved.
2025-09-14 22:45:54,954 - INFO - model saved 40 times, last saved epoch: 71.

2025-09-14 22:45:58,241 - INFO - Epoch 72, Train loss: 0.02796676754951477
2025-09-14 22:45:59,468 - INFO - mIoU: 0.9583; OA: 0.985; AA: 0.9711; F1: 0.9785; Kappa: 0.974;
2025-09-14 22:45:59,469 - INFO - spatial_LccAccuracy: 0.9324; spatial_PA: 0.981; spatial_UA: 0.9919; spatial_F1: 0.9864
2025-09-14 22:45:59,469 - INFO - temporal_CdAccuracy: 0.774; temporal_PA: 0.9617; temporal_UA: 0.9471; temporal_F1: 0.9543
2025-09-14 22:45:59,469 - INFO - Confusion Matrix
 [69396.	  525.	    1.	    5.	    0.]
 [ 1038.	50072.	   37.	    5.	  120.]
 [    6.	  175.	 2132.	    0.	    0.]
 [   13.	   30.	    0.	 1408.	    0.]
 [    0.	   51.	    0.	    0.	 9086.]
2025-09-14 22:45:59,469 - INFO - model saved 40 times, last saved epoch: 71.

2025-09-14 22:46:02,662 - INFO - Epoch 73, Train loss: 0.026983056217432022
2025-09-14 22:46:03,901 - INFO - mIoU: 0.9582; OA: 0.9844; AA: 0.9771; F1: 0.9785; Kappa: 0.9731;
2025-09-14 22:46:03,901 - INFO - spatial_LccAccuracy: 0.9253; spatial_PA: 0.9887; spatial_UA: 0.991; spatial_F1: 0.9898
2025-09-14 22:46:03,902 - INFO - temporal_CdAccuracy: 0.762; temporal_PA: 0.9601; temporal_UA: 0.9406; temporal_F1: 0.9502
2025-09-14 22:46:03,902 - INFO - Confusion Matrix
 [68737.	 1181.	    2.	    7.	    0.]
 [  458.	50604.	   92.	   13.	  105.]
 [    4.	  136.	 2173.	    0.	    0.]
 [    7.	   18.	    0.	 1426.	    0.]
 [    2.	   61.	    0.	    0.	 9074.]
2025-09-14 22:46:03,902 - INFO - model saved 40 times, last saved epoch: 71.

2025-09-14 22:46:07,280 - INFO - Epoch 74, Train loss: 0.028664017096161842
2025-09-14 22:46:08,424 - INFO - mIoU: 0.9522; OA: 0.9848; AA: 0.9644; F1: 0.9752; Kappa: 0.9736;
2025-09-14 22:46:08,424 - INFO - spatial_LccAccuracy: 0.923; spatial_PA: 0.9863; spatial_UA: 0.9894; spatial_F1: 0.9878
2025-09-14 22:46:08,424 - INFO - temporal_CdAccuracy: 0.7602; temporal_PA: 0.9612; temporal_UA: 0.939; temporal_F1: 0.95
2025-09-14 22:46:08,425 - INFO - Confusion Matrix
 [69121.	  799.	    1.	    3.	    3.]
 [  722.	50375.	   23.	    4.	  148.]
 [    6.	  219.	 2088.	    0.	    0.]
 [   32.	   36.	    0.	 1383.	    0.]
 [    4.	   38.	    0.	    0.	 9095.]
2025-09-14 22:46:08,425 - INFO - model saved 40 times, last saved epoch: 71.

2025-09-14 22:46:11,522 - INFO - Epoch 75, Train loss: 0.026291538029909134
2025-09-14 22:46:12,533 - INFO - mIoU: 0.9604; OA: 0.9859; AA: 0.9718; F1: 0.9796; Kappa: 0.9755;
2025-09-14 22:46:12,533 - INFO - spatial_LccAccuracy: 0.9289; spatial_PA: 0.9826; spatial_UA: 0.9903; spatial_F1: 0.9864
2025-09-14 22:46:12,533 - INFO - temporal_CdAccuracy: 0.779; temporal_PA: 0.9621; temporal_UA: 0.9494; temporal_F1: 0.9557
2025-09-14 22:46:12,534 - INFO - Confusion Matrix
 [69159.	  762.	    1.	    5.	    0.]
 [  703.	50448.	   26.	    5.	   90.]
 [    5.	  191.	 2117.	    0.	    0.]
 [    9.	   21.	    0.	 1421.	    0.]
 [    2.	   76.	    0.	    0.	 9059.]
2025-09-14 22:46:12,574 - INFO - Epoch 75 saved.
2025-09-14 22:46:12,574 - INFO - model saved 41 times, last saved epoch: 75.

2025-09-14 22:46:15,708 - INFO - Epoch 76, Train loss: 0.025940630584955215
2025-09-14 22:46:16,873 - INFO - mIoU: 0.9597; OA: 0.9859; AA: 0.9779; F1: 0.9792; Kappa: 0.9755;
2025-09-14 22:46:16,874 - INFO - spatial_LccAccuracy: 0.9324; spatial_PA: 0.9821; spatial_UA: 0.9922; spatial_F1: 0.9871
2025-09-14 22:46:16,874 - INFO - temporal_CdAccuracy: 0.7763; temporal_PA: 0.958; temporal_UA: 0.9488; temporal_F1: 0.9534
2025-09-14 22:46:16,874 - INFO - Confusion Matrix
 [69201.	  713.	    3.	    9.	    1.]
 [  753.	50328.	   60.	   32.	   99.]
 [    2.	  151.	 2160.	    0.	    0.]
 [    7.	    6.	    0.	 1438.	    0.]
 [    1.	   60.	    0.	    0.	 9076.]
2025-09-14 22:46:16,875 - INFO - model saved 41 times, last saved epoch: 75.

2025-09-14 22:46:20,279 - INFO - Epoch 77, Train loss: 0.026391852647066116
2025-09-14 22:46:21,456 - INFO - mIoU: 0.9593; OA: 0.986; AA: 0.9752; F1: 0.979; Kappa: 0.9758;
2025-09-14 22:46:21,457 - INFO - spatial_LccAccuracy: 0.9365; spatial_PA: 0.9796; spatial_UA: 0.9905; spatial_F1: 0.9851
2025-09-14 22:46:21,457 - INFO - temporal_CdAccuracy: 0.7732; temporal_PA: 0.9647; temporal_UA: 0.9484; temporal_F1: 0.9565
2025-09-14 22:46:21,458 - INFO - Confusion Matrix
 [69158.	  764.	    1.	    3.	    1.]
 [  666.	50410.	   45.	   27.	  124.]
 [    4.	  160.	 2149.	    0.	    0.]
 [   25.	    4.	    0.	 1422.	    0.]
 [    0.	   50.	    0.	    0.	 9087.]
2025-09-14 22:46:21,459 - INFO - model saved 41 times, last saved epoch: 75.

2025-09-14 22:46:24,926 - INFO - Epoch 78, Train loss: 0.026804879307746887
2025-09-14 22:46:26,096 - INFO - mIoU: 0.9569; OA: 0.9849; AA: 0.9723; F1: 0.9777; Kappa: 0.9737;
2025-09-14 22:46:26,096 - INFO - spatial_LccAccuracy: 0.928; spatial_PA: 0.9781; spatial_UA: 0.9922; spatial_F1: 0.9851
2025-09-14 22:46:26,096 - INFO - temporal_CdAccuracy: 0.779; temporal_PA: 0.9593; temporal_UA: 0.9458; temporal_F1: 0.9525
2025-09-14 22:46:26,097 - INFO - Confusion Matrix
 [69214.	  705.	    1.	    7.	    0.]
 [  860.	50232.	   22.	   29.	  129.]
 [    6.	  212.	 2095.	    0.	    0.]
 [    6.	    6.	    0.	 1439.	    0.]
 [    2.	   46.	    0.	    0.	 9089.]
2025-09-14 22:46:26,097 - INFO - model saved 41 times, last saved epoch: 75.

2025-09-14 22:46:29,516 - INFO - Epoch 79, Train loss: 0.026268916204571724
2025-09-14 22:46:30,785 - INFO - mIoU: 0.9553; OA: 0.9849; AA: 0.9706; F1: 0.9769; Kappa: 0.9738;
2025-09-14 22:46:30,785 - INFO - spatial_LccAccuracy: 0.9293; spatial_PA: 0.9807; spatial_UA: 0.9908; spatial_F1: 0.9857
2025-09-14 22:46:30,786 - INFO - temporal_CdAccuracy: 0.7767; temporal_PA: 0.9636; temporal_UA: 0.9484; temporal_F1: 0.956
2025-09-14 22:46:30,786 - INFO - Confusion Matrix
 [69395.	  514.	    2.	    4.	   12.]
 [ 1030.	50040.	   71.	    2.	  129.]
 [    4.	  142.	 2167.	    0.	    0.]
 [   18.	   51.	    0.	 1382.	    0.]
 [    0.	   44.	    0.	    0.	 9093.]
2025-09-14 22:46:30,787 - INFO - model saved 41 times, last saved epoch: 75.

2025-09-14 22:46:34,473 - INFO - Epoch 80, Train loss: 0.025678222998976707
2025-09-14 22:46:35,576 - INFO - mIoU: 0.9559; OA: 0.9841; AA: 0.9791; F1: 0.9772; Kappa: 0.9726;
2025-09-14 22:46:35,576 - INFO - spatial_LccAccuracy: 0.9204; spatial_PA: 0.9903; spatial_UA: 0.9895; spatial_F1: 0.9899
2025-09-14 22:46:35,576 - INFO - temporal_CdAccuracy: 0.766; temporal_PA: 0.9595; temporal_UA: 0.9425; temporal_F1: 0.9509
2025-09-14 22:46:35,577 - INFO - Confusion Matrix
 [68714.	 1199.	    1.	   10.	    3.]
 [  450.	50561.	  116.	   27.	  118.]
 [    8.	  131.	 2174.	    0.	    0.]
 [    8.	    2.	    1.	 1440.	    0.]
 [    0.	   52.	    0.	    0.	 9085.]
2025-09-14 22:46:35,578 - INFO - model saved 41 times, last saved epoch: 75.

2025-09-14 22:46:39,019 - INFO - Epoch 81, Train loss: 0.02451515384018421
2025-09-14 22:46:40,309 - INFO - mIoU: 0.9565; OA: 0.9852; AA: 0.9787; F1: 0.9775; Kappa: 0.9743;
2025-09-14 22:46:40,309 - INFO - spatial_LccAccuracy: 0.9271; spatial_PA: 0.9828; spatial_UA: 0.9914; spatial_F1: 0.9871
2025-09-14 22:46:40,309 - INFO - temporal_CdAccuracy: 0.7736; temporal_PA: 0.9589; temporal_UA: 0.9463; temporal_F1: 0.9525
2025-09-14 22:46:40,311 - INFO - Confusion Matrix
 [69156.	  757.	    1.	    9.	    4.]
 [  735.	50249.	  144.	    9.	  135.]
 [    6.	  124.	 2183.	    0.	    0.]
 [   10.	   10.	    1.	 1430.	    0.]
 [    0.	   42.	    0.	    0.	 9095.]
2025-09-14 22:46:40,312 - INFO - model saved 41 times, last saved epoch: 75.

2025-09-14 22:46:44,022 - INFO - Epoch 82, Train loss: 0.025057552382349968
2025-09-14 22:46:45,270 - INFO - mIoU: 0.9613; OA: 0.9867; AA: 0.9775; F1: 0.9801; Kappa: 0.9769;
2025-09-14 22:46:45,271 - INFO - spatial_LccAccuracy: 0.9365; spatial_PA: 0.9836; spatial_UA: 0.9906; spatial_F1: 0.9871
2025-09-14 22:46:45,271 - INFO - temporal_CdAccuracy: 0.7781; temporal_PA: 0.9627; temporal_UA: 0.9493; temporal_F1: 0.956
2025-09-14 22:46:45,271 - INFO - Confusion Matrix
 [69303.	  618.	    1.	    5.	    0.]
 [  744.	50367.	   59.	   29.	   73.]
 [    4.	  153.	 2156.	    0.	    0.]
 [    9.	    3.	    0.	 1439.	    0.]
 [    0.	   90.	    0.	    0.	 9047.]
2025-09-14 22:46:45,310 - INFO - Epoch 82 saved.
2025-09-14 22:46:45,311 - INFO - model saved 42 times, last saved epoch: 82.

2025-09-14 22:46:49,102 - INFO - Epoch 83, Train loss: 0.024713406339287758
2025-09-14 22:46:50,310 - INFO - mIoU: 0.9572; OA: 0.985; AA: 0.9706; F1: 0.978; Kappa: 0.9739;
2025-09-14 22:46:50,310 - INFO - spatial_LccAccuracy: 0.9315; spatial_PA: 0.9826; spatial_UA: 0.9903; spatial_F1: 0.9864
2025-09-14 22:46:50,310 - INFO - temporal_CdAccuracy: 0.774; temporal_PA: 0.9638; temporal_UA: 0.946; temporal_F1: 0.9548
2025-09-14 22:46:50,311 - INFO - Confusion Matrix
 [69040.	  873.	    1.	    5.	    8.]
 [  669.	50397.	   31.	    2.	  173.]
 [    6.	  163.	 2144.	    0.	    0.]
 [    9.	   51.	    0.	 1391.	    0.]
 [    0.	   27.	    0.	    0.	 9110.]
2025-09-14 22:46:50,312 - INFO - model saved 42 times, last saved epoch: 82.

2025-09-14 22:46:53,998 - INFO - Epoch 84, Train loss: 0.024662649258971214
2025-09-14 22:46:55,184 - INFO - mIoU: 0.9557; OA: 0.9855; AA: 0.9795; F1: 0.9771; Kappa: 0.9748;
2025-09-14 22:46:55,184 - INFO - spatial_LccAccuracy: 0.9253; spatial_PA: 0.9828; spatial_UA: 0.9914; spatial_F1: 0.9871
2025-09-14 22:46:55,184 - INFO - temporal_CdAccuracy: 0.7705; temporal_PA: 0.9652; temporal_UA: 0.943; temporal_F1: 0.954
2025-09-14 22:46:55,185 - INFO - Confusion Matrix
 [68965.	  952.	    2.	    8.	    0.]
 [  516.	50511.	  122.	   42.	   81.]
 [    5.	  126.	 2182.	    0.	    0.]
 [   10.	    2.	    0.	 1439.	    0.]
 [    3.	   79.	    0.	    0.	 9055.]
2025-09-14 22:46:55,185 - INFO - model saved 42 times, last saved epoch: 82.

2025-09-14 22:46:58,902 - INFO - Epoch 85, Train loss: 0.022465016692876816
2025-09-14 22:47:00,028 - INFO - mIoU: 0.9575; OA: 0.9847; AA: 0.9755; F1: 0.978; Kappa: 0.9735;
2025-09-14 22:47:00,028 - INFO - spatial_LccAccuracy: 0.9226; spatial_PA: 0.9903; spatial_UA: 0.9895; spatial_F1: 0.9899
2025-09-14 22:47:00,028 - INFO - temporal_CdAccuracy: 0.7687; temporal_PA: 0.9612; temporal_UA: 0.9425; temporal_F1: 0.9518
2025-09-14 22:47:00,029 - INFO - Confusion Matrix
 [68775.	 1146.	    1.	    5.	    0.]
 [  442.	50642.	  112.	    4.	   72.]
 [    8.	  129.	 2176.	    0.	    0.]
 [   13.	   22.	    0.	 1416.	    0.]
 [    0.	   95.	    0.	    0.	 9042.]
2025-09-14 22:47:00,029 - INFO - model saved 42 times, last saved epoch: 82.

2025-09-14 22:47:03,366 - INFO - Epoch 86, Train loss: 0.02383238635957241
2025-09-14 22:47:04,472 - INFO - mIoU: 0.9596; OA: 0.9856; AA: 0.9779; F1: 0.9792; Kappa: 0.975;
2025-09-14 22:47:04,473 - INFO - spatial_LccAccuracy: 0.9284; spatial_PA: 0.9839; spatial_UA: 0.9917; spatial_F1: 0.9878
2025-09-14 22:47:04,473 - INFO - temporal_CdAccuracy: 0.7691; temporal_PA: 0.9604; temporal_UA: 0.9489; temporal_F1: 0.9546
2025-09-14 22:47:04,473 - INFO - Confusion Matrix
 [68926.	  990.	    1.	    7.	    3.]
 [  491.	50546.	   63.	   24.	  148.]
 [    5.	  151.	 2157.	    0.	    0.]
 [   10.	    6.	    0.	 1435.	    0.]
 [    0.	   33.	    0.	    0.	 9104.]
2025-09-14 22:47:04,473 - INFO - model saved 42 times, last saved epoch: 82.

2025-09-14 22:47:08,025 - INFO - Epoch 87, Train loss: 0.023026563227176666
2025-09-14 22:47:09,316 - INFO - mIoU: 0.9556; OA: 0.986; AA: 0.9766; F1: 0.9771; Kappa: 0.9758;
2025-09-14 22:47:09,317 - INFO - spatial_LccAccuracy: 0.9266; spatial_PA: 0.9807; spatial_UA: 0.9908; spatial_F1: 0.9857
2025-09-14 22:47:09,317 - INFO - temporal_CdAccuracy: 0.7767; temporal_PA: 0.9662; temporal_UA: 0.9473; temporal_F1: 0.9567
2025-09-14 22:47:09,318 - INFO - Confusion Matrix
 [69261.	  658.	    1.	    7.	    0.]
 [  720.	50316.	   44.	   65.	  127.]
 [    7.	  157.	 2149.	    0.	    0.]
 [   12.	    2.	    0.	 1437.	    0.]
 [   30.	   44.	    0.	    0.	 9063.]
2025-09-14 22:47:09,319 - INFO - model saved 42 times, last saved epoch: 82.

2025-09-14 22:47:12,661 - INFO - Epoch 88, Train loss: 0.021870899945497513
2025-09-14 22:47:14,035 - INFO - mIoU: 0.9511; OA: 0.9842; AA: 0.979; F1: 0.9748; Kappa: 0.9726;
2025-09-14 22:47:14,035 - INFO - spatial_LccAccuracy: 0.9262; spatial_PA: 0.9813; spatial_UA: 0.993; spatial_F1: 0.9871
2025-09-14 22:47:14,035 - INFO - temporal_CdAccuracy: 0.7682; temporal_PA: 0.9618; temporal_UA: 0.9408; temporal_F1: 0.9512
2025-09-14 22:47:14,036 - INFO - Confusion Matrix
 [69551.	  363.	    2.	   11.	    0.]
 [ 1246.	49716.	   62.	   99.	  149.]
 [    5.	  134.	 2174.	    0.	    0.]
 [    7.	    0.	    0.	 1444.	    0.]
 [    5.	   37.	    0.	    0.	 9095.]
2025-09-14 22:47:14,037 - INFO - model saved 42 times, last saved epoch: 82.

2025-09-14 22:47:17,496 - INFO - Epoch 89, Train loss: 0.022185681387782097
2025-09-14 22:47:18,609 - INFO - mIoU: 0.9604; OA: 0.9866; AA: 0.9781; F1: 0.9796; Kappa: 0.9768;
2025-09-14 22:47:18,609 - INFO - spatial_LccAccuracy: 0.9351; spatial_PA: 0.9871; spatial_UA: 0.9926; spatial_F1: 0.9898
2025-09-14 22:47:18,609 - INFO - temporal_CdAccuracy: 0.779; temporal_PA: 0.9655; temporal_UA: 0.9503; temporal_F1: 0.9579
2025-09-14 22:47:18,609 - INFO - Confusion Matrix
 [69077.	  828.	    2.	   20.	    0.]
 [  530.	50548.	   40.	   27.	  127.]
 [    6.	  160.	 2147.	    0.	    0.]
 [    4.	    5.	    0.	 1442.	    0.]
 [    0.	   48.	    0.	    0.	 9089.]
2025-09-14 22:47:18,610 - INFO - model saved 42 times, last saved epoch: 82.

2025-09-14 22:47:21,987 - INFO - Epoch 90, Train loss: 0.021817797794938087
2025-09-14 22:47:23,100 - INFO - mIoU: 0.9593; OA: 0.986; AA: 0.9765; F1: 0.979; Kappa: 0.9758;
2025-09-14 22:47:23,112 - INFO - spatial_LccAccuracy: 0.9266; spatial_PA: 0.9871; spatial_UA: 0.9926; spatial_F1: 0.9898
2025-09-14 22:47:23,112 - INFO - temporal_CdAccuracy: 0.7696; temporal_PA: 0.9639; temporal_UA: 0.9438; temporal_F1: 0.9537
2025-09-14 22:47:23,112 - INFO - Confusion Matrix
 [69015.	  904.	    1.	    7.	    0.]
 [  533.	50581.	   49.	   37.	   72.]
 [    7.	  154.	 2152.	    0.	    0.]
 [   13.	    3.	    0.	 1435.	    0.]
 [    1.	   94.	    0.	    0.	 9042.]
2025-09-14 22:47:23,114 - INFO - model saved 42 times, last saved epoch: 82.

2025-09-14 22:47:26,530 - INFO - Epoch 91, Train loss: 0.02287694253027439
2025-09-14 22:47:27,730 - INFO - mIoU: 0.9574; OA: 0.986; AA: 0.9709; F1: 0.978; Kappa: 0.9756;
2025-09-14 22:47:27,730 - INFO - spatial_LccAccuracy: 0.9284; spatial_PA: 0.9815; spatial_UA: 0.99; spatial_F1: 0.9857
2025-09-14 22:47:27,730 - INFO - temporal_CdAccuracy: 0.7785; temporal_PA: 0.9619; temporal_UA: 0.945; temporal_F1: 0.9534
2025-09-14 22:47:27,730 - INFO - Confusion Matrix
 [69284.	  635.	    1.	    7.	    0.]
 [  774.	50371.	   69.	    1.	   57.]
 [    8.	  138.	 2167.	    0.	    0.]
 [   10.	   49.	    0.	 1392.	    0.]
 [   22.	  113.	    0.	    0.	 9002.]
2025-09-14 22:47:27,731 - INFO - model saved 42 times, last saved epoch: 82.

2025-09-14 22:47:31,230 - INFO - Epoch 92, Train loss: 0.02135191112756729
2025-09-14 22:47:32,758 - INFO - mIoU: 0.957; OA: 0.9861; AA: 0.9756; F1: 0.9779; Kappa: 0.9758;
2025-09-14 22:47:32,758 - INFO - spatial_LccAccuracy: 0.9298; spatial_PA: 0.9887; spatial_UA: 0.991; spatial_F1: 0.9898
2025-09-14 22:47:32,758 - INFO - temporal_CdAccuracy: 0.7727; temporal_PA: 0.9625; temporal_UA: 0.948; temporal_F1: 0.9552
2025-09-14 22:47:32,758 - INFO - Confusion Matrix
 [69363.	  553.	    1.	    6.	    4.]
 [  825.	50193.	   26.	   50.	  178.]
 [    7.	  174.	 2132.	    0.	    0.]
 [   16.	    1.	    0.	 1434.	    0.]
 [    0.	   27.	    0.	    0.	 9110.]
2025-09-14 22:47:32,759 - INFO - model saved 42 times, last saved epoch: 82.

2025-09-14 22:47:35,998 - INFO - Epoch 93, Train loss: 0.020948445424437523
2025-09-14 22:47:37,140 - INFO - mIoU: 0.9613; OA: 0.9867; AA: 0.9761; F1: 0.9801; Kappa: 0.977;
2025-09-14 22:47:37,140 - INFO - spatial_LccAccuracy: 0.9347; spatial_PA: 0.9839; spatial_UA: 0.9917; spatial_F1: 0.9878
2025-09-14 22:47:37,140 - INFO - temporal_CdAccuracy: 0.7749; temporal_PA: 0.9663; temporal_UA: 0.9496; temporal_F1: 0.9578
2025-09-14 22:47:37,141 - INFO - Confusion Matrix
 [69331.	  587.	    1.	    6.	    2.]
 [  735.	50313.	   25.	   23.	  176.]
 [    9.	  175.	 2129.	    0.	    0.]
 [   11.	    3.	    0.	 1437.	    0.]
 [    0.	   27.	    0.	    0.	 9110.]
2025-09-14 22:47:37,142 - INFO - model saved 42 times, last saved epoch: 82.

2025-09-14 22:47:40,671 - INFO - Epoch 94, Train loss: 0.02044244483113289
2025-09-14 22:47:41,917 - INFO - mIoU: 0.9545; OA: 0.9858; AA: 0.9656; F1: 0.9765; Kappa: 0.9753;
2025-09-14 22:47:41,918 - INFO - spatial_LccAccuracy: 0.9253; spatial_PA: 0.9868; spatial_UA: 0.9915; spatial_F1: 0.9892
2025-09-14 22:47:41,918 - INFO - temporal_CdAccuracy: 0.7723; temporal_PA: 0.9649; temporal_UA: 0.9467; temporal_F1: 0.9557
2025-09-14 22:47:41,918 - INFO - Confusion Matrix
 [68966.	  957.	    1.	    3.	    0.]
 [  489.	50670.	   28.	    3.	   82.]
 [    8.	  187.	 2118.	    0.	    0.]
 [   20.	   59.	    0.	 1372.	    0.]
 [    0.	   72.	    0.	    0.	 9065.]
2025-09-14 22:47:41,919 - INFO - model saved 42 times, last saved epoch: 82.

2025-09-14 22:47:45,413 - INFO - Epoch 95, Train loss: 0.019461950287222862
2025-09-14 22:47:46,690 - INFO - mIoU: 0.9609; OA: 0.9859; AA: 0.9774; F1: 0.9798; Kappa: 0.9755;
2025-09-14 22:47:46,690 - INFO - spatial_LccAccuracy: 0.9257; spatial_PA: 0.9841; spatial_UA: 0.9888; spatial_F1: 0.9864
2025-09-14 22:47:46,690 - INFO - temporal_CdAccuracy: 0.7629; temporal_PA: 0.9612; temporal_UA: 0.9422; temporal_F1: 0.9516
2025-09-14 22:47:46,690 - INFO - Confusion Matrix
 [69215.	  706.	    1.	    5.	    0.]
 [  734.	50294.	   76.	    7.	  161.]
 [   15.	  135.	 2163.	    0.	    0.]
 [   17.	    5.	    0.	 1429.	    0.]
 [    1.	   32.	    0.	    0.	 9104.]
2025-09-14 22:47:46,691 - INFO - model saved 42 times, last saved epoch: 82.

2025-09-14 22:47:50,161 - INFO - Epoch 96, Train loss: 0.020438266918063164
2025-09-14 22:47:51,425 - INFO - mIoU: 0.9534; OA: 0.985; AA: 0.9737; F1: 0.9759; Kappa: 0.974;
2025-09-14 22:47:51,425 - INFO - spatial_LccAccuracy: 0.9217; spatial_PA: 0.9891; spatial_UA: 0.9853; spatial_F1: 0.9872
2025-09-14 22:47:51,425 - INFO - temporal_CdAccuracy: 0.7664; temporal_PA: 0.9593; temporal_UA: 0.9479; temporal_F1: 0.9536
2025-09-14 22:47:51,425 - INFO - Confusion Matrix
 [69068.	  853.	    1.	    2.	    3.]
 [  649.	50353.	   59.	   45.	  166.]
 [   10.	  153.	 2150.	    0.	    0.]
 [   37.	    3.	    0.	 1411.	    0.]
 [    0.	   32.	    0.	    0.	 9105.]
2025-09-14 22:47:51,426 - INFO - model saved 42 times, last saved epoch: 82.

2025-09-14 22:47:54,992 - INFO - Epoch 97, Train loss: 0.019010718911886215
2025-09-14 22:47:56,234 - INFO - mIoU: 0.9554; OA: 0.9854; AA: 0.9723; F1: 0.9769; Kappa: 0.9747;
2025-09-14 22:47:56,234 - INFO - spatial_LccAccuracy: 0.928; spatial_PA: 0.9847; spatial_UA: 0.9909; spatial_F1: 0.9878
2025-09-14 22:47:56,234 - INFO - temporal_CdAccuracy: 0.7799; temporal_PA: 0.9576; temporal_UA: 0.9482; temporal_F1: 0.9529
2025-09-14 22:47:56,234 - INFO - Confusion Matrix
 [69104.	  777.	    1.	   43.	    2.]
 [  710.	50431.	   25.	    9.	   97.]
 [    6.	  199.	 2108.	    0.	    0.]
 [    9.	   12.	    0.	 1430.	    0.]
 [    1.	   64.	    0.	    0.	 9072.]
2025-09-14 22:47:56,235 - INFO - model saved 42 times, last saved epoch: 82.

2025-09-14 22:47:59,632 - INFO - Epoch 98, Train loss: 0.019045455381274223
2025-09-14 22:48:00,697 - INFO - mIoU: 0.9606; OA: 0.9863; AA: 0.98; F1: 0.9797; Kappa: 0.9763;
2025-09-14 22:48:00,697 - INFO - spatial_LccAccuracy: 0.9329; spatial_PA: 0.9839; spatial_UA: 0.9917; spatial_F1: 0.9878
2025-09-14 22:48:00,698 - INFO - temporal_CdAccuracy: 0.7718; temporal_PA: 0.9655; temporal_UA: 0.9472; temporal_F1: 0.9563
2025-09-14 22:48:00,698 - INFO - Confusion Matrix
 [69306.	  611.	    2.	    7.	    1.]
 [  779.	50247.	   72.	   33.	  141.]
 [    5.	  135.	 2173.	    0.	    0.]
 [    8.	    2.	    0.	 1441.	    0.]
 [    0.	   36.	    0.	    0.	 9101.]
2025-09-14 22:48:00,698 - INFO - model saved 42 times, last saved epoch: 82.

2025-09-14 22:48:04,009 - INFO - Epoch 99, Train loss: 0.01859176531434059
2025-09-14 22:48:05,262 - INFO - mIoU: 0.9593; OA: 0.9861; AA: 0.9729; F1: 0.979; Kappa: 0.9759;
2025-09-14 22:48:05,263 - INFO - spatial_LccAccuracy: 0.936; spatial_PA: 0.9807; spatial_UA: 0.9908; spatial_F1: 0.9857
2025-09-14 22:48:05,263 - INFO - temporal_CdAccuracy: 0.7776; temporal_PA: 0.962; temporal_UA: 0.9532; temporal_F1: 0.9576
2025-09-14 22:48:05,263 - INFO - Confusion Matrix
 [69396.	  523.	    1.	    7.	    0.]
 [  900.	50223.	   22.	   23.	  104.]
 [   11.	  194.	 2108.	    0.	    0.]
 [   15.	    3.	    0.	 1433.	    0.]
 [    3.	   57.	    0.	    0.	 9077.]
2025-09-14 22:48:05,264 - INFO - model saved 42 times, last saved epoch: 82.

2025-09-14 22:48:08,557 - INFO - Epoch 100, Train loss: 0.018999358639121056
2025-09-14 22:48:09,908 - INFO - mIoU: 0.9602; OA: 0.9868; AA: 0.972; F1: 0.9795; Kappa: 0.9771;
2025-09-14 22:48:09,908 - INFO - spatial_LccAccuracy: 0.94; spatial_PA: 0.9836; spatial_UA: 0.9906; spatial_F1: 0.9871
2025-09-14 22:48:09,909 - INFO - temporal_CdAccuracy: 0.7763; temporal_PA: 0.9676; temporal_UA: 0.9501; temporal_F1: 0.9587
2025-09-14 22:48:09,909 - INFO - Confusion Matrix
 [69211.	  710.	    1.	    3.	    2.]
 [  623.	50488.	   23.	   10.	  128.]
 [    6.	  179.	 2128.	    0.	    0.]
 [   34.	    9.	    0.	 1408.	    0.]
 [    1.	   42.	    0.	    0.	 9094.]
2025-09-14 22:48:09,910 - INFO - model saved 42 times, last saved epoch: 82.

2025-09-14 22:48:13,546 - INFO - Epoch 101, Train loss: 0.017572492361068726
2025-09-14 22:48:14,609 - INFO - mIoU: 0.9624; OA: 0.9868; AA: 0.9755; F1: 0.9806; Kappa: 0.9772;
2025-09-14 22:48:14,609 - INFO - spatial_LccAccuracy: 0.94; spatial_PA: 0.9879; spatial_UA: 0.9918; spatial_F1: 0.9898
2025-09-14 22:48:14,609 - INFO - temporal_CdAccuracy: 0.7799; temporal_PA: 0.9615; temporal_UA: 0.9537; temporal_F1: 0.9576
2025-09-14 22:48:14,609 - INFO - Confusion Matrix
 [69176.	  740.	    1.	    9.	    1.]
 [  601.	50519.	   38.	    8.	  106.]
 [    9.	  164.	 2140.	    0.	    0.]
 [   14.	    8.	    0.	 1429.	    0.]
 [    8.	   59.	    0.	    0.	 9070.]
2025-09-14 22:48:14,660 - INFO - Epoch 101 saved.
2025-09-14 22:48:14,661 - INFO - model saved 43 times, last saved epoch: 101.

2025-09-14 22:48:18,041 - INFO - Epoch 102, Train loss: 0.018624797463417053
2025-09-14 22:48:19,133 - INFO - mIoU: 0.9597; OA: 0.9857; AA: 0.972; F1: 0.9793; Kappa: 0.9752;
2025-09-14 22:48:19,133 - INFO - spatial_LccAccuracy: 0.9324; spatial_PA: 0.9866; spatial_UA: 0.9904; spatial_F1: 0.9885
2025-09-14 22:48:19,133 - INFO - temporal_CdAccuracy: 0.7727; temporal_PA: 0.9612; temporal_UA: 0.9473; temporal_F1: 0.9542
2025-09-14 22:48:19,133 - INFO - Confusion Matrix
 [68999.	  922.	    1.	    5.	    0.]
 [  567.	50562.	   37.	    2.	  104.]
 [    6.	  164.	 2143.	    0.	    0.]
 [   13.	   35.	    0.	 1403.	    0.]
 [    4.	   55.	    0.	    0.	 9078.]
2025-09-14 22:48:19,134 - INFO - model saved 43 times, last saved epoch: 101.

