2025-09-09 12:09:02,157 - INFO - Epoch 0, Train loss: 1.5615960359573364.
2025-09-09 12:09:02,987 - INFO - mIoU: 0.1756; OA: 0.584; AA: 0.2548; F1: 0.6091; Kappa: 0.2274;
2025-09-09 12:09:02,988 - INFO - spatial_LccAccuracy: 0.0009; spatial_PA: 0.6328; spatial_UA: 0.9124; spatial_F1: 0.7473
2025-09-09 12:09:02,988 - INFO - temporal_CdAccuracy: 0.0572; temporal_PA: 0.6416; temporal_UA: 0.5253; temporal_F1: 0.5777
2025-09-09 12:09:02,988 - INFO - Confusion Matrix
 [48685.	19233.	  661.	    0.	    0.]
 [22610.	29663.	  313.	    0.	    2.]
 [  450.	 1771.	    0.	    0.	    0.]
 [  645.	  549.	   65.	    0.	    0.]
 [ 9205.	  302.	    6.	    0.	    0.]
2025-09-09 12:09:03,040 - INFO - Epoch 0 saved.
2025-09-09 12:09:03,041 - INFO - model saved 1 times, last saved epoch: 0.

2025-09-09 12:09:05,832 - INFO - Epoch 1, Train loss: 1.3340014219284058.
2025-09-09 12:09:06,634 - INFO - mIoU: 0.1356; OA: 0.5601; AA: 0.226; F1: 0.4739; Kappa: 0.1152;
2025-09-09 12:09:06,635 - INFO - spatial_LccAccuracy: 0.0353; spatial_PA: 0.3751; spatial_UA: 0.3968; spatial_F1: 0.3856
2025-09-09 12:09:06,635 - INFO - temporal_CdAccuracy: 0.1114; temporal_PA: 0.5066; temporal_UA: 0.5055; temporal_F1: 0.506
2025-09-09 12:09:06,636 - INFO - Confusion Matrix
 [67361.	 1218.	    0.	    0.	    0.]
 [44807.	 7781.	    0.	    0.	    0.]
 [ 1831.	  390.	    0.	    0.	    0.]
 [ 1259.	    0.	    0.	    0.	    0.]
 [ 9512.	    1.	    0.	    0.	    0.]
2025-09-09 12:09:06,637 - INFO - model saved 1 times, last saved epoch: 0.

2025-09-09 12:09:09,387 - INFO - Epoch 2, Train loss: 1.0664088726043701.
2025-09-09 12:09:10,183 - INFO - mIoU: 0.2028; OA: 0.6608; AA: 0.2805; F1: 0.669; Kappa: 0.3423;
2025-09-09 12:09:10,183 - INFO - spatial_LccAccuracy: 0.1145; spatial_PA: 0.6218; spatial_UA: 0.588; spatial_F1: 0.6045
2025-09-09 12:09:10,183 - INFO - temporal_CdAccuracy: 0.1789; temporal_PA: 0.5539; temporal_UA: 0.5343; temporal_F1: 0.5439
2025-09-09 12:09:10,184 - INFO - Confusion Matrix
 [63934.	 4645.	    0.	    0.	    0.]
 [27872.	24716.	    0.	    0.	    0.]
 [ 1326.	  895.	    0.	    0.	    0.]
 [ 1257.	    2.	    0.	    0.	    0.]
 [ 9479.	   34.	    0.	    0.	    0.]
2025-09-09 12:09:10,231 - INFO - Epoch 2 saved.
2025-09-09 12:09:10,231 - INFO - model saved 2 times, last saved epoch: 2.

2025-09-09 12:09:13,033 - INFO - Epoch 3, Train loss: 0.8507872223854065.
2025-09-09 12:09:13,880 - INFO - mIoU: 0.2608; OA: 0.7511; AA: 0.3312; F1: 0.7894; Kappa: 0.5364;
2025-09-09 12:09:13,880 - INFO - spatial_LccAccuracy: 0.1896; spatial_PA: 0.7844; spatial_UA: 0.6921; spatial_F1: 0.7353
2025-09-09 12:09:13,880 - INFO - temporal_CdAccuracy: 0.2388; temporal_PA: 0.6602; temporal_UA: 0.5981; temporal_F1: 0.6276
2025-09-09 12:09:13,881 - INFO - Confusion Matrix
 [58630.	 9949.	    0.	    0.	    0.]
 [10450.	42138.	    0.	    0.	    0.]
 [  378.	 1843.	    0.	    0.	    0.]
 [ 1245.	   14.	    0.	    0.	    0.]
 [ 9371.	  142.	    0.	    0.	    0.]
2025-09-09 12:09:13,922 - INFO - Epoch 3 saved.
2025-09-09 12:09:13,923 - INFO - model saved 3 times, last saved epoch: 3.

2025-09-09 12:09:16,759 - INFO - Epoch 4, Train loss: 0.6432248950004578.
2025-09-09 12:09:17,593 - INFO - mIoU: 0.4777; OA: 0.8578; AA: 0.5264; F1: 0.8854; Kappa: 0.7487;
2025-09-09 12:09:17,593 - INFO - spatial_LccAccuracy: 0.3484; spatial_PA: 0.8884; spatial_UA: 0.8026; spatial_F1: 0.8433
2025-09-09 12:09:17,593 - INFO - temporal_CdAccuracy: 0.2925; temporal_PA: 0.7251; temporal_UA: 0.6177; temporal_F1: 0.6671
2025-09-09 12:09:17,593 - INFO - Confusion Matrix
 [60906.	 7673.	    0.	    0.	    0.]
 [ 6692.	45896.	    0.	    0.	    0.]
 [   17.	 2204.	    0.	    0.	    0.]
 [ 1244.	   15.	    0.	    0.	    0.]
 [ 1068.	  158.	    0.	    0.	 8287.]
2025-09-09 12:09:17,662 - INFO - Epoch 4 saved.
2025-09-09 12:09:17,663 - INFO - model saved 4 times, last saved epoch: 4.

2025-09-09 12:09:20,596 - INFO - Epoch 5, Train loss: 0.48984652757644653.
2025-09-09 12:09:21,490 - INFO - mIoU: 0.4909; OA: 0.8726; AA: 0.5357; F1: 0.899; Kappa: 0.7747;
2025-09-09 12:09:21,491 - INFO - spatial_LccAccuracy: 0.3976; spatial_PA: 0.9148; spatial_UA: 0.8646; spatial_F1: 0.889
2025-09-09 12:09:21,491 - INFO - temporal_CdAccuracy: 0.3247; temporal_PA: 0.7486; temporal_UA: 0.631; temporal_F1: 0.6848
2025-09-09 12:09:21,492 - INFO - Confusion Matrix
 [62182.	 6397.	    0.	    0.	    0.]
 [ 6160.	46428.	    0.	    0.	    0.]
 [   51.	 2170.	    0.	    0.	    0.]
 [ 1244.	   15.	    0.	    0.	    0.]
 [  914.	  142.	    0.	    0.	 8457.]
2025-09-09 12:09:21,545 - INFO - Epoch 5 saved.
2025-09-09 12:09:21,545 - INFO - model saved 5 times, last saved epoch: 5.

2025-09-09 12:09:24,286 - INFO - Epoch 6, Train loss: 0.4049455225467682.
2025-09-09 12:09:25,163 - INFO - mIoU: 0.5223; OA: 0.887; AA: 0.5636; F1: 0.7308; Kappa: 0.8006;
2025-09-09 12:09:25,163 - INFO - spatial_LccAccuracy: 0.4445; spatial_PA: 0.9176; spatial_UA: 0.8691; spatial_F1: 0.8927
2025-09-09 12:09:25,163 - INFO - temporal_CdAccuracy: 0.3475; temporal_PA: 0.7645; temporal_UA: 0.6492; temporal_F1: 0.7022
2025-09-09 12:09:25,164 - INFO - Confusion Matrix
 [62747.	 5832.	    0.	    0.	    0.]
 [ 5023.	47548.	   17.	    0.	    0.]
 [   32.	 1946.	  243.	    0.	    0.]
 [ 1242.	   17.	    0.	    0.	    0.]
 [  901.	  152.	    0.	    0.	 8460.]
2025-09-09 12:09:25,213 - INFO - Epoch 6 saved.
2025-09-09 12:09:25,214 - INFO - model saved 6 times, last saved epoch: 6.

2025-09-09 12:09:27,988 - INFO - Epoch 7, Train loss: 0.35165929794311523.
2025-09-09 12:09:28,817 - INFO - mIoU: 0.5673; OA: 0.8973; AA: 0.6081; F1: 0.8024; Kappa: 0.8197;
2025-09-09 12:09:28,817 - INFO - spatial_LccAccuracy: 0.4611; spatial_PA: 0.9192; spatial_UA: 0.8709; spatial_F1: 0.8944
2025-09-09 12:09:28,817 - INFO - temporal_CdAccuracy: 0.3605; temporal_PA: 0.7886; temporal_UA: 0.664; temporal_F1: 0.7209
2025-09-09 12:09:28,818 - INFO - Confusion Matrix
 [62522.	 6051.	    6.	    0.	    0.]
 [ 3810.	48695.	   83.	    0.	    0.]
 [   20.	 1506.	  695.	    0.	    0.]
 [ 1195.	   62.	    2.	    0.	    0.]
 [  861.	  187.	    0.	    0.	 8465.]
2025-09-09 12:09:28,860 - INFO - Epoch 7 saved.
2025-09-09 12:09:28,861 - INFO - model saved 7 times, last saved epoch: 7.

2025-09-09 12:09:31,591 - INFO - Epoch 8, Train loss: 0.3104158341884613.
2025-09-09 12:09:32,469 - INFO - mIoU: 0.6044; OA: 0.905; AA: 0.6518; F1: 0.6798; Kappa: 0.8332;
2025-09-09 12:09:32,469 - INFO - spatial_LccAccuracy: 0.4996; spatial_PA: 0.9265; spatial_UA: 0.8744; spatial_F1: 0.8997
2025-09-09 12:09:32,469 - INFO - temporal_CdAccuracy: 0.3721; temporal_PA: 0.7776; temporal_UA: 0.6694; temporal_F1: 0.7195
2025-09-09 12:09:32,470 - INFO - Confusion Matrix
 [64136.	 4426.	   10.	    1.	    6.]
 [ 4662.	47626.	  299.	    0.	    1.]
 [   11.	 1055.	 1155.	    0.	    0.]
 [ 1219.	   29.	    4.	    7.	    0.]
 [  868.	  154.	    1.	    0.	 8490.]
2025-09-09 12:09:32,512 - INFO - Epoch 8 saved.
2025-09-09 12:09:32,513 - INFO - model saved 8 times, last saved epoch: 8.

2025-09-09 12:09:35,344 - INFO - Epoch 9, Train loss: 0.2737704813480377.
2025-09-09 12:09:36,196 - INFO - mIoU: 0.6445; OA: 0.9164; AA: 0.6885; F1: 0.7275; Kappa: 0.8538;
2025-09-09 12:09:36,196 - INFO - spatial_LccAccuracy: 0.5425; spatial_PA: 0.9357; spatial_UA: 0.8803; spatial_F1: 0.9072
2025-09-09 12:09:36,196 - INFO - temporal_CdAccuracy: 0.4159; temporal_PA: 0.7886; temporal_UA: 0.6901; temporal_F1: 0.7361
2025-09-09 12:09:36,197 - INFO - Confusion Matrix
 [64085.	 4454.	   18.	    7.	   15.]
 [ 3467.	48892.	  223.	    1.	    5.]
 [    9.	  880.	 1332.	    0.	    0.]
 [ 1036.	  112.	    8.	  103.	    0.]
 [  758.	  222.	    0.	    0.	 8533.]
2025-09-09 12:09:36,240 - INFO - Epoch 9 saved.
2025-09-09 12:09:36,240 - INFO - model saved 9 times, last saved epoch: 9.

2025-09-09 12:09:39,032 - INFO - Epoch 10, Train loss: 0.23675574362277985.
2025-09-09 12:09:39,842 - INFO - mIoU: 0.7104; OA: 0.9307; AA: 0.7516; F1: 0.7961; Kappa: 0.8788;
2025-09-09 12:09:39,842 - INFO - spatial_LccAccuracy: 0.6078; spatial_PA: 0.9283; spatial_UA: 0.8807; spatial_F1: 0.9039
2025-09-09 12:09:39,843 - INFO - temporal_CdAccuracy: 0.4575; temporal_PA: 0.7996; temporal_UA: 0.7177; temporal_F1: 0.7564
2025-09-09 12:09:39,843 - INFO - Confusion Matrix
 [65569.	 2950.	   22.	   10.	   28.]
 [ 3624.	48763.	  197.	    2.	    2.]
 [    9.	  526.	 1686.	    0.	    0.]
 [  821.	  160.	    8.	  270.	    0.]
 [  659.	  283.	    0.	    0.	 8571.]
2025-09-09 12:09:39,885 - INFO - Epoch 10 saved.
2025-09-09 12:09:39,885 - INFO - model saved 10 times, last saved epoch: 10.

2025-09-09 12:09:42,605 - INFO - Epoch 11, Train loss: 0.20287270843982697.
2025-09-09 12:09:43,444 - INFO - mIoU: 0.7616; OA: 0.9401; AA: 0.7988; F1: 0.8458; Kappa: 0.8954;
2025-09-09 12:09:43,444 - INFO - spatial_LccAccuracy: 0.6691; spatial_PA: 0.9286; spatial_UA: 0.8814; spatial_F1: 0.9044
2025-09-09 12:09:43,444 - INFO - temporal_CdAccuracy: 0.5139; temporal_PA: 0.809; temporal_UA: 0.755; temporal_F1: 0.7811
2025-09-09 12:09:43,445 - INFO - Confusion Matrix
 [66330.	 2174.	   28.	    6.	   41.]
 [ 3524.	48904.	  153.	    2.	    5.]
 [    6.	  367.	 1848.	    0.	    0.]
 [  610.	  184.	    9.	  456.	    0.]
 [  636.	  292.	    0.	    0.	 8585.]
2025-09-09 12:09:43,487 - INFO - Epoch 11 saved.
2025-09-09 12:09:43,487 - INFO - model saved 11 times, last saved epoch: 11.

2025-09-09 12:09:46,282 - INFO - Epoch 12, Train loss: 0.1748800128698349.
2025-09-09 12:09:47,195 - INFO - mIoU: 0.8015; OA: 0.947; AA: 0.8465; F1: 0.8785; Kappa: 0.9079;
2025-09-09 12:09:47,195 - INFO - spatial_LccAccuracy: 0.6798; spatial_PA: 0.9299; spatial_UA: 0.8958; spatial_F1: 0.9125
2025-09-09 12:09:47,196 - INFO - temporal_CdAccuracy: 0.5653; temporal_PA: 0.8389; temporal_UA: 0.782; temporal_F1: 0.8095
2025-09-09 12:09:47,197 - INFO - Confusion Matrix
 [65773.	 2605.	   32.	   71.	   98.]
 [ 2459.	49929.	  156.	   37.	    7.]
 [    3.	  221.	 1997.	    0.	    0.]
 [  440.	  168.	    9.	  642.	    0.]
 [  440.	  370.	    0.	    0.	 8703.]
2025-09-09 12:09:47,240 - INFO - Epoch 12 saved.
2025-09-09 12:09:47,241 - INFO - model saved 12 times, last saved epoch: 12.

2025-09-09 12:09:50,027 - INFO - Epoch 13, Train loss: 0.15355511009693146.
2025-09-09 12:09:50,886 - INFO - mIoU: 0.7958; OA: 0.9493; AA: 0.8303; F1: 0.8717; Kappa: 0.9118;
2025-09-09 12:09:50,886 - INFO - spatial_LccAccuracy: 0.708; spatial_PA: 0.926; spatial_UA: 0.9068; spatial_F1: 0.9163
2025-09-09 12:09:50,887 - INFO - temporal_CdAccuracy: 0.602; temporal_PA: 0.845; temporal_UA: 0.7989; temporal_F1: 0.8213
2025-09-09 12:09:50,888 - INFO - Confusion Matrix
 [65931.	 2471.	   28.	   23.	  126.]
 [ 2229.	50245.	   74.	   33.	    7.]
 [    3.	  261.	 1957.	    0.	    0.]
 [  412.	  283.	    7.	  557.	    0.]
 [  452.	  395.	    0.	    0.	 8666.]
2025-09-09 12:09:50,889 - INFO - model saved 12 times, last saved epoch: 12.

2025-09-09 12:09:53,815 - INFO - Epoch 14, Train loss: 0.14105431735515594.
2025-09-09 12:09:54,649 - INFO - mIoU: 0.8253; OA: 0.9533; AA: 0.8626; F1: 0.8958; Kappa: 0.9188;
2025-09-09 12:09:54,650 - INFO - spatial_LccAccuracy: 0.7366; spatial_PA: 0.9333; spatial_UA: 0.9051; spatial_F1: 0.919
2025-09-09 12:09:54,650 - INFO - temporal_CdAccuracy: 0.6145; temporal_PA: 0.8439; temporal_UA: 0.8132; temporal_F1: 0.8283
2025-09-09 12:09:54,651 - INFO - Confusion Matrix
 [66647.	 1750.	   26.	   15.	  141.]
 [ 2678.	49730.	   99.	   62.	   19.]
 [    7.	  191.	 2023.	    0.	    0.]
 [  450.	   97.	    6.	  706.	    0.]
 [  427.	  298.	    0.	    0.	 8788.]
2025-09-09 12:09:54,698 - INFO - Epoch 14 saved.
2025-09-09 12:09:54,699 - INFO - model saved 13 times, last saved epoch: 14.

2025-09-09 12:09:57,505 - INFO - Epoch 15, Train loss: 0.13031379878520966.
2025-09-09 12:09:58,371 - INFO - mIoU: 0.8172; OA: 0.9553; AA: 0.8452; F1: 0.8879; Kappa: 0.9222;
2025-09-09 12:09:58,371 - INFO - spatial_LccAccuracy: 0.7527; spatial_PA: 0.934; spatial_UA: 0.9095; spatial_F1: 0.9216
2025-09-09 12:09:58,372 - INFO - temporal_CdAccuracy: 0.6203; temporal_PA: 0.8408; temporal_UA: 0.8239; temporal_F1: 0.8323
2025-09-09 12:09:58,373 - INFO - Confusion Matrix
 [66873.	 1576.	   12.	    1.	  117.]
 [ 2560.	49918.	   49.	   39.	   22.]
 [   12.	  243.	 1966.	    0.	    0.]
 [  488.	  146.	    5.	  620.	    0.]
 [  438.	  284.	    0.	    0.	 8791.]
2025-09-09 12:09:58,374 - INFO - model saved 13 times, last saved epoch: 14.

2025-09-09 12:10:01,109 - INFO - Epoch 16, Train loss: 0.1205049455165863.
2025-09-09 12:10:01,991 - INFO - mIoU: 0.8403; OA: 0.9579; AA: 0.8757; F1: 0.9061; Kappa: 0.9268;
2025-09-09 12:10:01,991 - INFO - spatial_LccAccuracy: 0.7639; spatial_PA: 0.9381; spatial_UA: 0.9243; spatial_F1: 0.9311
2025-09-09 12:10:01,991 - INFO - temporal_CdAccuracy: 0.6431; temporal_PA: 0.8613; temporal_UA: 0.8393; temporal_F1: 0.8502
2025-09-09 12:10:01,992 - INFO - Confusion Matrix
 [67059.	 1460.	   15.	    5.	   40.]
 [ 2485.	49895.	  109.	   83.	   16.]
 [   11.	  141.	 2069.	    0.	    0.]
 [  408.	   87.	    6.	  758.	    0.]
 [  494.	  285.	    0.	    0.	 8734.]
2025-09-09 12:10:02,043 - INFO - Epoch 16 saved.
2025-09-09 12:10:02,044 - INFO - model saved 14 times, last saved epoch: 16.

2025-09-09 12:10:04,806 - INFO - Epoch 17, Train loss: 0.11232701689004898.
2025-09-09 12:10:05,635 - INFO - mIoU: 0.8705; OA: 0.9619; AA: 0.913; F1: 0.928; Kappa: 0.9341;
2025-09-09 12:10:05,635 - INFO - spatial_LccAccuracy: 0.8001; spatial_PA: 0.9556; spatial_UA: 0.967; spatial_F1: 0.9612
2025-09-09 12:10:05,635 - INFO - temporal_CdAccuracy: 0.6829; temporal_PA: 0.881; temporal_UA: 0.853; temporal_F1: 0.8668
2025-09-09 12:10:05,636 - INFO - Confusion Matrix
 [66803.	 1484.	   16.	    9.	  267.]
 [ 2133.	50186.	   91.	  111.	   67.]
 [   10.	  143.	 2068.	    0.	    0.]
 [  212.	   90.	    6.	  951.	    0.]
 [  228.	  246.	    0.	    0.	 9039.]
2025-09-09 12:10:05,677 - INFO - Epoch 17 saved.
2025-09-09 12:10:05,678 - INFO - model saved 15 times, last saved epoch: 17.

2025-09-09 12:10:08,640 - INFO - Epoch 18, Train loss: 0.10571867227554321.
2025-09-09 12:10:09,500 - INFO - mIoU: 0.8733; OA: 0.9623; AA: 0.9149; F1: 0.9297; Kappa: 0.9348;
2025-09-09 12:10:09,500 - INFO - spatial_LccAccuracy: 0.8005; spatial_PA: 0.9436; spatial_UA: 0.9613; spatial_F1: 0.9523
2025-09-09 12:10:09,501 - INFO - temporal_CdAccuracy: 0.6664; temporal_PA: 0.8789; temporal_UA: 0.8456; temporal_F1: 0.862
2025-09-09 12:10:09,501 - INFO - Confusion Matrix
 [66890.	 1368.	   15.	    1.	  305.]
 [ 2314.	49960.	  119.	   78.	  117.]
 [    7.	  127.	 2087.	    0.	    0.]
 [  220.	  103.	    6.	  930.	    0.]
 [   77.	  202.	    0.	    0.	 9234.]
2025-09-09 12:10:09,545 - INFO - Epoch 18 saved.
2025-09-09 12:10:09,545 - INFO - model saved 16 times, last saved epoch: 18.

2025-09-09 12:10:12,351 - INFO - Epoch 19, Train loss: 0.09912697225809097.
2025-09-09 12:10:13,174 - INFO - mIoU: 0.8745; OA: 0.9639; AA: 0.9125; F1: 0.9306; Kappa: 0.9375;
2025-09-09 12:10:13,174 - INFO - spatial_LccAccuracy: 0.7956; spatial_PA: 0.9431; spatial_UA: 0.9741; spatial_F1: 0.9584
2025-09-09 12:10:13,175 - INFO - temporal_CdAccuracy: 0.6744; temporal_PA: 0.8867; temporal_UA: 0.852; temporal_F1: 0.869
2025-09-09 12:10:13,175 - INFO - Confusion Matrix
 [66867.	 1634.	   16.	    6.	   56.]
 [ 1789.	50549.	  163.	   63.	   24.]
 [    8.	  105.	 2108.	    0.	    0.]
 [  148.	  164.	    7.	  940.	    0.]
 [  350.	  310.	    0.	    0.	 8853.]
2025-09-09 12:10:13,217 - INFO - Epoch 19 saved.
2025-09-09 12:10:13,218 - INFO - model saved 17 times, last saved epoch: 19.

2025-09-09 12:10:15,988 - INFO - Epoch 20, Train loss: 0.0954933762550354.
2025-09-09 12:10:16,821 - INFO - mIoU: 0.887; OA: 0.9658; AA: 0.9503; F1: 0.9388; Kappa: 0.941;
2025-09-09 12:10:16,822 - INFO - spatial_LccAccuracy: 0.8131; spatial_PA: 0.9576; spatial_UA: 0.9783; spatial_F1: 0.9679
2025-09-09 12:10:16,822 - INFO - temporal_CdAccuracy: 0.6883; temporal_PA: 0.8975; temporal_UA: 0.858; temporal_F1: 0.8773
2025-09-09 12:10:16,823 - INFO - Confusion Matrix
 [67098.	 1194.	   26.	   16.	  245.]
 [ 2103.	49867.	  222.	  174.	  222.]
 [    8.	   97.	 2116.	    0.	    0.]
 [  108.	   28.	    6.	 1117.	    0.]
 [   22.	  120.	    0.	    0.	 9371.]
2025-09-09 12:10:16,867 - INFO - Epoch 20 saved.
2025-09-09 12:10:16,868 - INFO - model saved 18 times, last saved epoch: 20.

2025-09-09 12:10:19,643 - INFO - Epoch 21, Train loss: 0.09004224836826324.
2025-09-09 12:10:20,503 - INFO - mIoU: 0.8956; OA: 0.9663; AA: 0.9464; F1: 0.9437; Kappa: 0.9417;
2025-09-09 12:10:20,503 - INFO - spatial_LccAccuracy: 0.8175; spatial_PA: 0.9645; spatial_UA: 0.9754; spatial_F1: 0.97
2025-09-09 12:10:20,503 - INFO - temporal_CdAccuracy: 0.6896; temporal_PA: 0.885; temporal_UA: 0.8635; temporal_F1: 0.8741
2025-09-09 12:10:20,504 - INFO - Confusion Matrix
 [67539.	  914.	   11.	   18.	   97.]
 [ 2471.	49715.	  126.	  173.	  103.]
 [   11.	  112.	 2098.	    0.	    0.]
 [  107.	   21.	    5.	 1126.	    0.]
 [  196.	  156.	    0.	    0.	 9161.]
2025-09-09 12:10:20,547 - INFO - Epoch 21 saved.
2025-09-09 12:10:20,547 - INFO - model saved 19 times, last saved epoch: 21.

2025-09-09 12:10:23,299 - INFO - Epoch 22, Train loss: 0.08608241379261017.
2025-09-09 12:10:24,204 - INFO - mIoU: 0.901; OA: 0.9687; AA: 0.9526; F1: 0.9469; Kappa: 0.946;
2025-09-09 12:10:24,204 - INFO - spatial_LccAccuracy: 0.8314; spatial_PA: 0.9526; spatial_UA: 0.981; spatial_F1: 0.9665
2025-09-09 12:10:24,204 - INFO - temporal_CdAccuracy: 0.699; temporal_PA: 0.9064; temporal_UA: 0.8777; temporal_F1: 0.8918
2025-09-09 12:10:24,205 - INFO - Confusion Matrix
 [67288.	 1058.	   11.	   23.	  199.]
 [ 2015.	50186.	  142.	  153.	   92.]
 [    9.	  104.	 2108.	    0.	    0.]
 [   77.	   34.	    6.	 1142.	    0.]
 [   73.	  199.	    0.	    0.	 9241.]
2025-09-09 12:10:24,389 - INFO - Epoch 22 saved.
2025-09-09 12:10:24,389 - INFO - model saved 20 times, last saved epoch: 22.

2025-09-09 12:10:27,205 - INFO - Epoch 23, Train loss: 0.08423629403114319.
2025-09-09 12:10:28,004 - INFO - mIoU: 0.8943; OA: 0.9683; AA: 0.9486; F1: 0.9428; Kappa: 0.9453;
2025-09-09 12:10:28,005 - INFO - spatial_LccAccuracy: 0.8238; spatial_PA: 0.9612; spatial_UA: 0.9774; spatial_F1: 0.9692
2025-09-09 12:10:28,005 - INFO - temporal_CdAccuracy: 0.6892; temporal_PA: 0.9011; temporal_UA: 0.8735; temporal_F1: 0.8871
2025-09-09 12:10:28,006 - INFO - Confusion Matrix
 [67356.	  937.	    7.	   11.	  268.]
 [ 2098.	49962.	  154.	  162.	  212.]
 [   11.	  101.	 2109.	    0.	    0.]
 [  129.	   20.	    6.	 1102.	    2.]
 [    9.	  125.	    0.	    0.	 9379.]
2025-09-09 12:10:28,007 - INFO - model saved 20 times, last saved epoch: 22.

2025-09-09 12:10:30,787 - INFO - Epoch 24, Train loss: 0.08094917982816696.
2025-09-09 12:10:31,598 - INFO - mIoU: 0.8972; OA: 0.9695; AA: 0.9269; F1: 0.9444; Kappa: 0.9472;
2025-09-09 12:10:31,598 - INFO - spatial_LccAccuracy: 0.8403; spatial_PA: 0.9763; spatial_UA: 0.9799; spatial_F1: 0.9781
2025-09-09 12:10:31,598 - INFO - temporal_CdAccuracy: 0.6999; temporal_PA: 0.906; temporal_UA: 0.8767; temporal_F1: 0.8911
2025-09-09 12:10:31,599 - INFO - Confusion Matrix
 [66824.	 1712.	    4.	    5.	   34.]
 [ 1276.	51119.	   67.	   72.	   54.]
 [   10.	  153.	 2058.	    0.	    0.]
 [  121.	  112.	    5.	 1021.	    0.]
 [  253.	  220.	    0.	    0.	 9040.]
2025-09-09 12:10:31,600 - INFO - model saved 20 times, last saved epoch: 22.

2025-09-09 12:10:34,423 - INFO - Epoch 25, Train loss: 0.07517246901988983.
2025-09-09 12:10:35,321 - INFO - mIoU: 0.9045; OA: 0.9676; AA: 0.9569; F1: 0.9491; Kappa: 0.9444;
2025-09-09 12:10:35,322 - INFO - spatial_LccAccuracy: 0.8229; spatial_PA: 0.9719; spatial_UA: 0.9815; spatial_F1: 0.9767
2025-09-09 12:10:35,322 - INFO - temporal_CdAccuracy: 0.6941; temporal_PA: 0.9115; temporal_UA: 0.8699; temporal_F1: 0.8902
2025-09-09 12:10:35,323 - INFO - Confusion Matrix
 [65824.	 2421.	   10.	   29.	  295.]
 [  815.	51380.	   97.	  144.	  152.]
 [    6.	  122.	 2093.	    0.	    0.]
 [   51.	   37.	    6.	 1160.	    5.]
 [    2.	  152.	    0.	    0.	 9359.]
2025-09-09 12:10:35,364 - INFO - Epoch 25 saved.
2025-09-09 12:10:35,365 - INFO - model saved 21 times, last saved epoch: 25.

2025-09-09 12:10:38,118 - INFO - Epoch 26, Train loss: 0.07405339181423187.
2025-09-09 12:10:38,987 - INFO - mIoU: 0.9116; OA: 0.9717; AA: 0.9521; F1: 0.9529; Kappa: 0.951;
2025-09-09 12:10:38,988 - INFO - spatial_LccAccuracy: 0.8578; spatial_PA: 0.9595; spatial_UA: 0.9819; spatial_F1: 0.9706
2025-09-09 12:10:38,988 - INFO - temporal_CdAccuracy: 0.7044; temporal_PA: 0.9118; temporal_UA: 0.8889; temporal_F1: 0.9002
2025-09-09 12:10:38,989 - INFO - Confusion Matrix
 [67887.	  655.	    7.	    8.	   22.]
 [ 2237.	50029.	  109.	  134.	   79.]
 [    9.	  108.	 2104.	    0.	    0.]
 [   85.	   29.	    6.	 1139.	    0.]
 [  131.	  180.	    0.	    0.	 9202.]
2025-09-09 12:10:39,030 - INFO - Epoch 26 saved.
2025-09-09 12:10:39,031 - INFO - model saved 22 times, last saved epoch: 26.

2025-09-09 12:10:41,779 - INFO - Epoch 27, Train loss: 0.07119731605052948.
2025-09-09 12:10:42,614 - INFO - mIoU: 0.9081; OA: 0.9727; AA: 0.9414; F1: 0.9506; Kappa: 0.9527;
2025-09-09 12:10:42,614 - INFO - spatial_LccAccuracy: 0.8502; spatial_PA: 0.9707; spatial_UA: 0.9735; spatial_F1: 0.9721
2025-09-09 12:10:42,614 - INFO - temporal_CdAccuracy: 0.7066; temporal_PA: 0.9088; temporal_UA: 0.8907; temporal_F1: 0.8997
2025-09-09 12:10:42,615 - INFO - Confusion Matrix
 [67758.	  728.	    3.	    3.	   87.]
 [ 2008.	50280.	   88.	   88.	  124.]
 [   13.	  114.	 2094.	    0.	    0.]
 [  155.	   38.	    5.	 1061.	    0.]
 [   64.	  150.	    0.	    0.	 9299.]
2025-09-09 12:10:42,616 - INFO - model saved 22 times, last saved epoch: 26.

2025-09-09 12:10:45,530 - INFO - Epoch 28, Train loss: 0.0672568529844284.
2025-09-09 12:10:46,363 - INFO - mIoU: 0.9136; OA: 0.9745; AA: 0.9641; F1: 0.9539; Kappa: 0.956;
2025-09-09 12:10:46,363 - INFO - spatial_LccAccuracy: 0.8573; spatial_PA: 0.9666; spatial_UA: 0.9869; spatial_F1: 0.9767
2025-09-09 12:10:46,364 - INFO - temporal_CdAccuracy: 0.7066; temporal_PA: 0.9262; temporal_UA: 0.8963; temporal_F1: 0.911
2025-09-09 12:10:46,364 - INFO - Confusion Matrix
 [67595.	  913.	    7.	   44.	   20.]
 [ 1627.	50562.	  153.	  154.	   92.]
 [    8.	   93.	 2120.	    0.	    0.]
 [   46.	   18.	    6.	 1188.	    1.]
 [   67.	  169.	    1.	    0.	 9276.]
2025-09-09 12:10:46,406 - INFO - Epoch 28 saved.
2025-09-09 12:10:46,407 - INFO - model saved 23 times, last saved epoch: 28.

2025-09-09 12:10:49,183 - INFO - Epoch 29, Train loss: 0.06914076954126358.
2025-09-09 12:10:50,050 - INFO - mIoU: 0.9066; OA: 0.9742; AA: 0.9335; F1: 0.9496; Kappa: 0.9555;
2025-09-09 12:10:50,050 - INFO - spatial_LccAccuracy: 0.8614; spatial_PA: 0.976; spatial_UA: 0.9789; spatial_F1: 0.9774
2025-09-09 12:10:50,051 - INFO - temporal_CdAccuracy: 0.7165; temporal_PA: 0.9146; temporal_UA: 0.8944; temporal_F1: 0.9044
2025-09-09 12:10:50,052 - INFO - Confusion Matrix
 [67615.	  861.	    2.	    2.	   99.]
 [ 1641.	50663.	   65.	   47.	  172.]
 [   13.	  139.	 2069.	    0.	    0.]
 [  147.	   92.	    5.	 1013.	    2.]
 [   22.	  147.	    0.	    0.	 9344.]
2025-09-09 12:10:50,053 - INFO - model saved 23 times, last saved epoch: 28.

2025-09-09 12:10:52,958 - INFO - Epoch 30, Train loss: 0.06287252902984619.
2025-09-09 12:10:53,782 - INFO - mIoU: 0.921; OA: 0.9763; AA: 0.9611; F1: 0.9582; Kappa: 0.9591;
2025-09-09 12:10:53,782 - INFO - spatial_LccAccuracy: 0.8623; spatial_PA: 0.979; spatial_UA: 0.9864; spatial_F1: 0.9827
2025-09-09 12:10:53,782 - INFO - temporal_CdAccuracy: 0.7209; temporal_PA: 0.927; temporal_UA: 0.9032; temporal_F1: 0.9149
2025-09-09 12:10:53,783 - INFO - Confusion Matrix
 [67541.	  978.	    4.	    8.	   48.]
 [ 1372.	50845.	  133.	  115.	  123.]
 [   11.	   98.	 2112.	    0.	    0.]
 [   65.	   25.	    6.	 1162.	    1.]
 [   38.	  154.	    0.	    0.	 9321.]
2025-09-09 12:10:53,827 - INFO - Epoch 30 saved.
2025-09-09 12:10:53,827 - INFO - model saved 24 times, last saved epoch: 30.

2025-09-09 12:10:56,631 - INFO - Epoch 31, Train loss: 0.05959729477763176.
2025-09-09 12:10:57,495 - INFO - mIoU: 0.9198; OA: 0.9759; AA: 0.9594; F1: 0.9577; Kappa: 0.9584;
2025-09-09 12:10:57,496 - INFO - spatial_LccAccuracy: 0.8569; spatial_PA: 0.9698; spatial_UA: 0.9878; spatial_F1: 0.9787
2025-09-09 12:10:57,496 - INFO - temporal_CdAccuracy: 0.708; temporal_PA: 0.9336; temporal_UA: 0.8935; temporal_F1: 0.9131
2025-09-09 12:10:57,497 - INFO - Confusion Matrix
 [66986.	 1369.	    8.	   14.	  202.]
 [  914.	51300.	  150.	   64.	  160.]
 [    7.	   94.	 2120.	    0.	    0.]
 [   44.	   69.	    6.	 1139.	    1.]
 [    0.	  137.	    0.	    0.	 9376.]
2025-09-09 12:10:57,498 - INFO - model saved 24 times, last saved epoch: 30.

2025-09-09 12:11:00,280 - INFO - Epoch 32, Train loss: 0.057314928621053696.
2025-09-09 12:11:01,139 - INFO - mIoU: 0.9259; OA: 0.9776; AA: 0.9544; F1: 0.961; Kappa: 0.9613;
2025-09-09 12:11:01,139 - INFO - spatial_LccAccuracy: 0.8815; spatial_PA: 0.9729; spatial_UA: 0.9886; spatial_F1: 0.9807
2025-09-09 12:11:01,139 - INFO - temporal_CdAccuracy: 0.7272; temporal_PA: 0.934; temporal_UA: 0.9105; temporal_F1: 0.9221
2025-09-09 12:11:01,140 - INFO - Confusion Matrix
 [67622.	  874.	    8.	    8.	   67.]
 [ 1337.	51009.	   79.	   59.	  104.]
 [    9.	  122.	 2090.	    0.	    0.]
 [   54.	   71.	    5.	 1129.	    0.]
 [   11.	  196.	    0.	    0.	 9306.]
2025-09-09 12:11:01,181 - INFO - Epoch 32 saved.
2025-09-09 12:11:01,181 - INFO - model saved 25 times, last saved epoch: 32.

2025-09-09 12:11:04,076 - INFO - Epoch 33, Train loss: 0.05758263170719147.
2025-09-09 12:11:04,931 - INFO - mIoU: 0.9271; OA: 0.9768; AA: 0.9642; F1: 0.9617; Kappa: 0.9599;
2025-09-09 12:11:04,932 - INFO - spatial_LccAccuracy: 0.873; spatial_PA: 0.9662; spatial_UA: 0.9888; spatial_F1: 0.9774
2025-09-09 12:11:04,932 - INFO - temporal_CdAccuracy: 0.7156; temporal_PA: 0.941; temporal_UA: 0.9006; temporal_F1: 0.9203
2025-09-09 12:11:04,933 - INFO - Confusion Matrix
 [67283.	 1198.	   11.	   17.	   70.]
 [ 1172.	51090.	  122.	   79.	  125.]
 [    7.	   90.	 2124.	    0.	    0.]
 [   41.	   46.	    6.	 1166.	    0.]
 [    1.	  134.	    0.	    0.	 9378.]
2025-09-09 12:11:04,974 - INFO - Epoch 33 saved.
2025-09-09 12:11:04,975 - INFO - model saved 26 times, last saved epoch: 33.

2025-09-09 12:11:07,769 - INFO - Epoch 34, Train loss: 0.054953061044216156.
2025-09-09 12:11:08,619 - INFO - mIoU: 0.9267; OA: 0.9774; AA: 0.9687; F1: 0.9615; Kappa: 0.9611;
2025-09-09 12:11:08,620 - INFO - spatial_LccAccuracy: 0.8708; spatial_PA: 0.9711; spatial_UA: 0.9891; spatial_F1: 0.98
2025-09-09 12:11:08,620 - INFO - temporal_CdAccuracy: 0.7352; temporal_PA: 0.9392; temporal_UA: 0.9112; temporal_F1: 0.925
2025-09-09 12:11:08,621 - INFO - Confusion Matrix
 [67662.	  773.	    6.	    7.	  131.]
 [ 1390.	50742.	  117.	  115.	  224.]
 [    9.	   92.	 2120.	    0.	    0.]
 [   42.	   14.	    6.	 1193.	    4.]
 [    0.	   97.	    0.	    0.	 9416.]
2025-09-09 12:11:08,622 - INFO - model saved 26 times, last saved epoch: 33.

2025-09-09 12:11:11,409 - INFO - Epoch 35, Train loss: 0.053406164050102234.
2025-09-09 12:11:12,272 - INFO - mIoU: 0.9302; OA: 0.979; AA: 0.9662; F1: 0.9634; Kappa: 0.9638;
2025-09-09 12:11:12,272 - INFO - spatial_LccAccuracy: 0.8828; spatial_PA: 0.9742; spatial_UA: 0.99; spatial_F1: 0.982
2025-09-09 12:11:12,273 - INFO - temporal_CdAccuracy: 0.7321; temporal_PA: 0.9415; temporal_UA: 0.9115; temporal_F1: 0.9262
2025-09-09 12:11:12,273 - INFO - Confusion Matrix
 [67547.	  993.	    7.	   11.	   21.]
 [ 1079.	51240.	   83.	  124.	   62.]
 [    8.	  114.	 2099.	    0.	    0.]
 [   43.	   11.	    5.	 1200.	    0.]
 [   57.	  194.	    0.	    0.	 9262.]
2025-09-09 12:11:12,323 - INFO - Epoch 35 saved.
2025-09-09 12:11:12,324 - INFO - model saved 27 times, last saved epoch: 35.

2025-09-09 12:11:15,099 - INFO - Epoch 36, Train loss: 0.05150934308767319.
2025-09-09 12:11:15,946 - INFO - mIoU: 0.9291; OA: 0.9772; AA: 0.9539; F1: 0.9628; Kappa: 0.9606;
2025-09-09 12:11:15,947 - INFO - spatial_LccAccuracy: 0.8784; spatial_PA: 0.9847; spatial_UA: 0.9861; spatial_F1: 0.9854
2025-09-09 12:11:15,947 - INFO - temporal_CdAccuracy: 0.7254; temporal_PA: 0.9389; temporal_UA: 0.9088; temporal_F1: 0.9236
2025-09-09 12:11:15,948 - INFO - Confusion Matrix
 [67193.	 1346.	    1.	    6.	   33.]
 [  995.	51385.	   64.	   48.	   96.]
 [   10.	  141.	 2070.	    0.	    0.]
 [   50.	   71.	    3.	 1135.	    0.]
 [   55.	  144.	    0.	    0.	 9314.]
2025-09-09 12:11:15,949 - INFO - model saved 27 times, last saved epoch: 35.

2025-09-09 12:11:18,671 - INFO - Epoch 37, Train loss: 0.051124557852745056.
2025-09-09 12:11:19,508 - INFO - mIoU: 0.9337; OA: 0.9795; AA: 0.9602; F1: 0.9654; Kappa: 0.9646;
2025-09-09 12:11:19,508 - INFO - spatial_LccAccuracy: 0.8967; spatial_PA: 0.983; spatial_UA: 0.9904; spatial_F1: 0.9867
2025-09-09 12:11:19,508 - INFO - temporal_CdAccuracy: 0.7393; temporal_PA: 0.9397; temporal_UA: 0.9252; temporal_F1: 0.9324
2025-09-09 12:11:19,509 - INFO - Confusion Matrix
 [67722.	  803.	    7.	    6.	   41.]
 [ 1246.	51101.	   83.	   51.	  107.]
 [    9.	  126.	 2086.	    0.	    0.]
 [   39.	   56.	    5.	 1159.	    0.]
 [   25.	  145.	    0.	    0.	 9343.]
2025-09-09 12:11:19,552 - INFO - Epoch 37 saved.
2025-09-09 12:11:19,552 - INFO - model saved 28 times, last saved epoch: 37.

2025-09-09 12:11:22,317 - INFO - Epoch 38, Train loss: 0.04966142028570175.
2025-09-09 12:11:23,108 - INFO - mIoU: 0.9318; OA: 0.979; AA: 0.9694; F1: 0.9642; Kappa: 0.9638;
2025-09-09 12:11:23,109 - INFO - spatial_LccAccuracy: 0.8833; spatial_PA: 0.977; spatial_UA: 0.9898; spatial_F1: 0.9834
2025-09-09 12:11:23,109 - INFO - temporal_CdAccuracy: 0.7299; temporal_PA: 0.9408; temporal_UA: 0.9141; temporal_F1: 0.9273
2025-09-09 12:11:23,110 - INFO - Confusion Matrix
 [67237.	 1298.	    3.	   26.	   15.]
 [  827.	51460.	  110.	  102.	   89.]
 [    9.	   90.	 2122.	    0.	    0.]
 [   37.	   17.	    6.	 1199.	    0.]
 [   22.	  164.	    0.	    0.	 9327.]
2025-09-09 12:11:23,111 - INFO - model saved 28 times, last saved epoch: 37.

2025-09-09 12:11:26,023 - INFO - Epoch 39, Train loss: 0.05062227323651314.
2025-09-09 12:11:26,901 - INFO - mIoU: 0.9236; OA: 0.9765; AA: 0.9608; F1: 0.9597; Kappa: 0.9594;
2025-09-09 12:11:26,901 - INFO - spatial_LccAccuracy: 0.8784; spatial_PA: 0.9733; spatial_UA: 0.9868; spatial_F1: 0.98
2025-09-09 12:11:26,901 - INFO - temporal_CdAccuracy: 0.7343; temporal_PA: 0.9372; temporal_UA: 0.9145; temporal_F1: 0.9257
2025-09-09 12:11:26,902 - INFO - Confusion Matrix
 [68104.	  397.	    4.	    4.	   70.]
 [ 1950.	50214.	   63.	  124.	  237.]
 [    9.	  145.	 2067.	    0.	    0.]
 [   72.	    5.	    5.	 1174.	    3.]
 [    6.	   59.	    0.	    0.	 9448.]
2025-09-09 12:11:26,903 - INFO - model saved 28 times, last saved epoch: 37.

2025-09-09 12:11:29,825 - INFO - Epoch 40, Train loss: 0.04773283749818802.
2025-09-09 12:11:30,643 - INFO - mIoU: 0.9349; OA: 0.9794; AA: 0.9652; F1: 0.966; Kappa: 0.9645;
2025-09-09 12:11:30,643 - INFO - spatial_LccAccuracy: 0.8967; spatial_PA: 0.9763; spatial_UA: 0.9906; spatial_F1: 0.9834
2025-09-09 12:11:30,644 - INFO - temporal_CdAccuracy: 0.7361; temporal_PA: 0.9418; temporal_UA: 0.9194; temporal_F1: 0.9305
2025-09-09 12:11:30,644 - INFO - Confusion Matrix
 [67892.	  635.	    4.	    9.	   39.]
 [ 1425.	50909.	   96.	   73.	   85.]
 [    9.	  108.	 2104.	    0.	    0.]
 [   38.	   29.	    6.	 1186.	    0.]
 [   13.	  190.	    0.	    0.	 9310.]
2025-09-09 12:11:30,686 - INFO - Epoch 40 saved.
2025-09-09 12:11:30,686 - INFO - model saved 29 times, last saved epoch: 40.

2025-09-09 12:11:33,501 - INFO - Epoch 41, Train loss: 0.04658018797636032.
2025-09-09 12:11:34,353 - INFO - mIoU: 0.9368; OA: 0.981; AA: 0.963; F1: 0.967; Kappa: 0.9671;
2025-09-09 12:11:34,353 - INFO - spatial_LccAccuracy: 0.9016; spatial_PA: 0.9858; spatial_UA: 0.9903; spatial_F1: 0.988
2025-09-09 12:11:34,353 - INFO - temporal_CdAccuracy: 0.7388; temporal_PA: 0.9421; temporal_UA: 0.9241; temporal_F1: 0.933
2025-09-09 12:11:34,354 - INFO - Confusion Matrix
 [67610.	  927.	    4.	    7.	   31.]
 [  926.	51451.	   88.	   55.	   68.]
 [   11.	  109.	 2101.	    0.	    0.]
 [   46.	   36.	    6.	 1171.	    0.]
 [   48.	  192.	    0.	    0.	 9273.]
2025-09-09 12:11:34,395 - INFO - Epoch 41 saved.
2025-09-09 12:11:34,395 - INFO - model saved 30 times, last saved epoch: 41.

2025-09-09 12:11:37,150 - INFO - Epoch 42, Train loss: 0.04504266753792763.
2025-09-09 12:11:38,022 - INFO - mIoU: 0.9263; OA: 0.9797; AA: 0.9414; F1: 0.9611; Kappa: 0.965;
2025-09-09 12:11:38,022 - INFO - spatial_LccAccuracy: 0.8882; spatial_PA: 0.9815; spatial_UA: 0.992; spatial_F1: 0.9867
2025-09-09 12:11:38,022 - INFO - temporal_CdAccuracy: 0.7496; temporal_PA: 0.9443; temporal_UA: 0.928; temporal_F1: 0.9361
2025-09-09 12:11:38,023 - INFO - Confusion Matrix
 [67536.	 1001.	    2.	    4.	   36.]
 [  952.	51524.	   20.	   15.	   77.]
 [    9.	  220.	 1992.	    0.	    0.]
 [   39.	  127.	    0.	 1093.	    0.]
 [   50.	  166.	    0.	    0.	 9297.]
2025-09-09 12:11:38,024 - INFO - model saved 30 times, last saved epoch: 41.

2025-09-09 12:11:40,866 - INFO - Epoch 43, Train loss: 0.043538983911275864.
2025-09-09 12:11:41,698 - INFO - mIoU: 0.9334; OA: 0.9807; AA: 0.9732; F1: 0.9651; Kappa: 0.9668;
2025-09-09 12:11:41,698 - INFO - spatial_LccAccuracy: 0.8967; spatial_PA: 0.9874; spatial_UA: 0.9927; spatial_F1: 0.99
2025-09-09 12:11:41,698 - INFO - temporal_CdAccuracy: 0.7482; temporal_PA: 0.9467; temporal_UA: 0.9303; temporal_F1: 0.9384
2025-09-09 12:11:41,699 - INFO - Confusion Matrix
 [67503.	 1005.	    6.	    7.	   58.]
 [  873.	51364.	  131.	  123.	   97.]
 [   10.	   64.	 2147.	    0.	    0.]
 [   43.	    8.	    6.	 1202.	    0.]
 [    1.	  154.	    0.	    0.	 9358.]
2025-09-09 12:11:41,700 - INFO - model saved 30 times, last saved epoch: 41.

2025-09-09 12:11:44,544 - INFO - Epoch 44, Train loss: 0.04330851510167122.
2025-09-09 12:11:45,421 - INFO - mIoU: 0.9233; OA: 0.9778; AA: 0.9728; F1: 0.9595; Kappa: 0.9617;
2025-09-09 12:11:45,422 - INFO - spatial_LccAccuracy: 0.8801; spatial_PA: 0.9789; spatial_UA: 0.9933; spatial_F1: 0.9861
2025-09-09 12:11:45,422 - INFO - temporal_CdAccuracy: 0.7156; temporal_PA: 0.94; temporal_UA: 0.9059; temporal_F1: 0.9226
2025-09-09 12:11:45,423 - INFO - Confusion Matrix
 [68076.	  447.	    6.	    6.	   44.]
 [ 1699.	50367.	  334.	   85.	  103.]
 [   10.	   30.	 2181.	    0.	    0.]
 [   39.	   21.	    6.	 1193.	    0.]
 [   13.	  138.	    0.	    0.	 9362.]
2025-09-09 12:11:45,424 - INFO - model saved 30 times, last saved epoch: 41.

2025-09-09 12:11:48,442 - INFO - Epoch 45, Train loss: 0.04352303594350815.
2025-09-09 12:11:49,303 - INFO - mIoU: 0.9385; OA: 0.9807; AA: 0.9681; F1: 0.968; Kappa: 0.9666;
2025-09-09 12:11:49,304 - INFO - spatial_LccAccuracy: 0.8989; spatial_PA: 0.9812; spatial_UA: 0.9909; spatial_F1: 0.986
2025-09-09 12:11:49,304 - INFO - temporal_CdAccuracy: 0.7397; temporal_PA: 0.9448; temporal_UA: 0.9251; temporal_F1: 0.9349
2025-09-09 12:11:49,305 - INFO - Confusion Matrix
 [67851.	  639.	    6.	    4.	   79.]
 [ 1267.	51015.	  144.	   37.	  125.]
 [   11.	   59.	 2151.	    0.	    0.]
 [   45.	   39.	    6.	 1166.	    3.]
 [    0.	  129.	    0.	    0.	 9384.]
2025-09-09 12:11:49,373 - INFO - Epoch 45 saved.
2025-09-09 12:11:49,373 - INFO - model saved 31 times, last saved epoch: 45.

2025-09-09 12:11:52,229 - INFO - Epoch 46, Train loss: 0.04204941540956497.
2025-09-09 12:11:53,071 - INFO - mIoU: 0.9399; OA: 0.9807; AA: 0.9663; F1: 0.9688; Kappa: 0.9666;
2025-09-09 12:11:53,072 - INFO - spatial_LccAccuracy: 0.9061; spatial_PA: 0.9797; spatial_UA: 0.9925; spatial_F1: 0.986
2025-09-09 12:11:53,072 - INFO - temporal_CdAccuracy: 0.746; temporal_PA: 0.9399; temporal_UA: 0.9257; temporal_F1: 0.9328
2025-09-09 12:11:53,073 - INFO - Confusion Matrix
 [67962.	  590.	    7.	    4.	   16.]
 [ 1368.	50970.	   96.	   51.	  103.]
 [   10.	  103.	 2108.	    0.	    0.]
 [   37.	   32.	    6.	 1184.	    0.]
 [   27.	  145.	    0.	    0.	 9341.]
2025-09-09 12:11:53,117 - INFO - Epoch 46 saved.
2025-09-09 12:11:53,117 - INFO - model saved 32 times, last saved epoch: 46.

2025-09-09 12:11:55,849 - INFO - Epoch 47, Train loss: 0.0428827740252018.
2025-09-09 12:11:56,689 - INFO - mIoU: 0.9384; OA: 0.9807; AA: 0.9686; F1: 0.9679; Kappa: 0.9666;
2025-09-09 12:11:56,690 - INFO - spatial_LccAccuracy: 0.8989; spatial_PA: 0.9824; spatial_UA: 0.9883; spatial_F1: 0.9854
2025-09-09 12:11:56,690 - INFO - temporal_CdAccuracy: 0.7402; temporal_PA: 0.9426; temporal_UA: 0.9203; temporal_F1: 0.9313
2025-09-09 12:11:56,691 - INFO - Confusion Matrix
 [67844.	  670.	    3.	    5.	   57.]
 [ 1272.	51041.	   73.	   86.	  116.]
 [   18.	  113.	 2090.	    0.	    0.]
 [   44.	    8.	    5.	 1202.	    0.]
 [    0.	  122.	    0.	    0.	 9391.]
2025-09-09 12:11:56,692 - INFO - model saved 32 times, last saved epoch: 46.

2025-09-09 12:11:59,560 - INFO - Epoch 48, Train loss: 0.03943127021193504.
2025-09-09 12:12:00,420 - INFO - mIoU: 0.9309; OA: 0.9808; AA: 0.9502; F1: 0.9636; Kappa: 0.9668;
2025-09-09 12:12:00,420 - INFO - spatial_LccAccuracy: 0.8962; spatial_PA: 0.9793; spatial_UA: 0.9875; spatial_F1: 0.9834
2025-09-09 12:12:00,420 - INFO - temporal_CdAccuracy: 0.7478; temporal_PA: 0.9491; temporal_UA: 0.9292; temporal_F1: 0.9391
2025-09-09 12:12:00,421 - INFO - Confusion Matrix
 [67367.	 1122.	    3.	    3.	   84.]
 [  745.	51667.	   67.	    9.	  100.]
 [    8.	  124.	 2089.	    0.	    0.]
 [   36.	  133.	    5.	 1083.	    2.]
 [    0.	  141.	    0.	    0.	 9372.]
2025-09-09 12:12:00,422 - INFO - model saved 32 times, last saved epoch: 46.

2025-09-09 12:12:03,273 - INFO - Epoch 49, Train loss: 0.04050488397479057.
2025-09-09 12:12:04,141 - INFO - mIoU: 0.9392; OA: 0.9807; AA: 0.9721; F1: 0.9684; Kappa: 0.9667;
2025-09-09 12:12:04,141 - INFO - spatial_LccAccuracy: 0.907; spatial_PA: 0.9752; spatial_UA: 0.9903; spatial_F1: 0.9827
2025-09-09 12:12:04,141 - INFO - temporal_CdAccuracy: 0.754; temporal_PA: 0.9527; temporal_UA: 0.9338; temporal_F1: 0.9432
2025-09-09 12:12:04,142 - INFO - Confusion Matrix
 [67732.	  763.	   11.	    7.	   66.]
 [ 1153.	51129.	  113.	   74.	  119.]
 [    7.	   74.	 2140.	    0.	    0.]
 [   39.	   15.	    6.	 1199.	    0.]
 [   16.	  127.	    0.	    0.	 9370.]
2025-09-09 12:12:04,143 - INFO - model saved 32 times, last saved epoch: 46.

2025-09-09 12:12:07,087 - INFO - Epoch 50, Train loss: 0.03829691931605339.
2025-09-09 12:12:07,965 - INFO - mIoU: 0.9329; OA: 0.9804; AA: 0.972; F1: 0.9647; Kappa: 0.9662;
2025-09-09 12:12:07,965 - INFO - spatial_LccAccuracy: 0.9016; spatial_PA: 0.9807; spatial_UA: 0.9928; spatial_F1: 0.9867
2025-09-09 12:12:07,965 - INFO - temporal_CdAccuracy: 0.7482; temporal_PA: 0.9476; temporal_UA: 0.9284; temporal_F1: 0.9379
2025-09-09 12:12:07,966 - INFO - Confusion Matrix
 [67874.	  667.	    6.	   18.	   14.]
 [ 1289.	50949.	   91.	  135.	  124.]
 [    8.	  104.	 2109.	    0.	    0.]
 [   36.	    3.	    5.	 1215.	    0.]
 [   18.	  109.	    0.	    0.	 9386.]
2025-09-09 12:12:07,967 - INFO - model saved 32 times, last saved epoch: 46.

2025-09-09 12:12:10,932 - INFO - Epoch 51, Train loss: 0.03898599371314049.
2025-09-09 12:12:11,839 - INFO - mIoU: 0.9349; OA: 0.9795; AA: 0.9746; F1: 0.966; Kappa: 0.9647;
2025-09-09 12:12:11,839 - INFO - spatial_LccAccuracy: 0.8953; spatial_PA: 0.9778; spatial_UA: 0.989; spatial_F1: 0.9834
2025-09-09 12:12:11,839 - INFO - temporal_CdAccuracy: 0.7397; temporal_PA: 0.9442; temporal_UA: 0.9235; temporal_F1: 0.9337
2025-09-09 12:12:11,840 - INFO - Confusion Matrix
 [68161.	  375.	    5.	    7.	   31.]
 [ 1713.	50480.	  166.	  102.	  127.]
 [   11.	   46.	 2164.	    0.	    0.]
 [   44.	    5.	    6.	 1204.	    0.]
 [    8.	   99.	    0.	    0.	 9406.]
2025-09-09 12:12:11,841 - INFO - model saved 32 times, last saved epoch: 46.

2025-09-09 12:12:14,594 - INFO - Epoch 52, Train loss: 0.037170179188251495.
2025-09-09 12:12:15,450 - INFO - mIoU: 0.9395; OA: 0.9815; AA: 0.9716; F1: 0.9685; Kappa: 0.9682;
2025-09-09 12:12:15,451 - INFO - spatial_LccAccuracy: 0.9088; spatial_PA: 0.9755; spatial_UA: 0.9914; spatial_F1: 0.9834
2025-09-09 12:12:15,451 - INFO - temporal_CdAccuracy: 0.7473; temporal_PA: 0.9529; temporal_UA: 0.927; temporal_F1: 0.9398
2025-09-09 12:12:15,452 - INFO - Confusion Matrix
 [67704.	  819.	   10.	   19.	   27.]
 [ 1020.	51268.	  157.	   41.	  102.]
 [    5.	   58.	 2158.	    0.	    0.]
 [   33.	   38.	    6.	 1182.	    0.]
 [    2.	  139.	    0.	    0.	 9372.]
2025-09-09 12:12:15,453 - INFO - model saved 32 times, last saved epoch: 46.

2025-09-09 12:12:18,268 - INFO - Epoch 53, Train loss: 0.03811705484986305.
2025-09-09 12:12:19,173 - INFO - mIoU: 0.936; OA: 0.9806; AA: 0.9723; F1: 0.9665; Kappa: 0.9664;
2025-09-09 12:12:19,174 - INFO - spatial_LccAccuracy: 0.9007; spatial_PA: 0.9784; spatial_UA: 0.9911; spatial_F1: 0.9847
2025-09-09 12:12:19,174 - INFO - temporal_CdAccuracy: 0.746; temporal_PA: 0.947; temporal_UA: 0.9286; temporal_F1: 0.9377
2025-09-09 12:12:19,175 - INFO - Confusion Matrix
 [68098.	  458.	    5.	    3.	   15.]
 [ 1509.	50740.	  126.	  112.	  101.]
 [   11.	   66.	 2144.	    0.	    0.]
 [   53.	    1.	    5.	 1200.	    0.]
 [   19.	  123.	    0.	    0.	 9371.]
2025-09-09 12:12:19,176 - INFO - model saved 32 times, last saved epoch: 46.

2025-09-09 12:12:21,988 - INFO - Epoch 54, Train loss: 0.03645404800772667.
2025-09-09 12:12:22,847 - INFO - mIoU: 0.9425; OA: 0.9816; AA: 0.9609; F1: 0.9702; Kappa: 0.9682;
2025-09-09 12:12:22,848 - INFO - spatial_LccAccuracy: 0.9132; spatial_PA: 0.9758; spatial_UA: 0.9924; spatial_F1: 0.9841
2025-09-09 12:12:22,848 - INFO - temporal_CdAccuracy: 0.7572; temporal_PA: 0.9527; temporal_UA: 0.9338; temporal_F1: 0.9432
2025-09-09 12:12:22,849 - INFO - Confusion Matrix
 [68084.	  467.	    3.	    4.	   21.]
 [ 1395.	51032.	   22.	   43.	   96.]
 [   11.	  194.	 2016.	    0.	    0.]
 [   42.	   22.	    0.	 1195.	    0.]
 [   12.	  136.	    0.	    0.	 9365.]
2025-09-09 12:12:22,891 - INFO - Epoch 54 saved.
2025-09-09 12:12:22,892 - INFO - model saved 33 times, last saved epoch: 54.

2025-09-09 12:12:25,748 - INFO - Epoch 55, Train loss: 0.03626037389039993.
2025-09-09 12:12:26,632 - INFO - mIoU: 0.9398; OA: 0.983; AA: 0.9592; F1: 0.9686; Kappa: 0.9706;
2025-09-09 12:12:26,632 - INFO - spatial_LccAccuracy: 0.9106; spatial_PA: 0.9817; spatial_UA: 0.9891; spatial_F1: 0.9854
2025-09-09 12:12:26,632 - INFO - temporal_CdAccuracy: 0.7607; temporal_PA: 0.953; temporal_UA: 0.9397; temporal_F1: 0.9463
2025-09-09 12:12:26,633 - INFO - Confusion Matrix
 [67971.	  544.	    8.	    3.	   53.]
 [ 1103.	51280.	   79.	   12.	  114.]
 [    9.	   97.	 2115.	    0.	    0.]
 [   49.	   84.	    5.	 1121.	    0.]
 [    2.	  119.	    0.	    0.	 9392.]
2025-09-09 12:12:26,634 - INFO - model saved 33 times, last saved epoch: 54.

2025-09-09 12:12:29,447 - INFO - Epoch 56, Train loss: 0.03508039191365242.
2025-09-09 12:12:30,366 - INFO - mIoU: 0.9383; OA: 0.9818; AA: 0.9714; F1: 0.9678; Kappa: 0.9686;
2025-09-09 12:12:30,366 - INFO - spatial_LccAccuracy: 0.9056; spatial_PA: 0.9882; spatial_UA: 0.9919; spatial_F1: 0.99
2025-09-09 12:12:30,366 - INFO - temporal_CdAccuracy: 0.7451; temporal_PA: 0.9482; temporal_UA: 0.9246; temporal_F1: 0.9363
2025-09-09 12:12:30,367 - INFO - Confusion Matrix
 [67912.	  608.	    5.	    3.	   51.]
 [ 1154.	51066.	  168.	   56.	  144.]
 [   11.	   55.	 2155.	    0.	    0.]
 [   54.	   20.	    6.	 1179.	    0.]
 [    7.	   97.	    0.	    0.	 9409.]
2025-09-09 12:12:30,368 - INFO - model saved 33 times, last saved epoch: 54.

2025-09-09 12:12:33,174 - INFO - Epoch 57, Train loss: 0.035167619585990906.
2025-09-09 12:12:33,964 - INFO - mIoU: 0.9377; OA: 0.9821; AA: 0.9565; F1: 0.9675; Kappa: 0.9691;
2025-09-09 12:12:33,965 - INFO - spatial_LccAccuracy: 0.9132; spatial_PA: 0.9869; spatial_UA: 0.9906; spatial_F1: 0.9887
2025-09-09 12:12:33,965 - INFO - temporal_CdAccuracy: 0.7549; temporal_PA: 0.9502; temporal_UA: 0.9362; temporal_F1: 0.9432
2025-09-09 12:12:33,966 - INFO - Confusion Matrix
 [67848.	  712.	    3.	    3.	   13.]
 [ 1049.	51366.	   95.	    8.	   70.]
 [   11.	   97.	 2113.	    0.	    0.]
 [   60.	   79.	    5.	 1115.	    0.]
 [   41.	  155.	    0.	    0.	 9317.]
2025-09-09 12:12:33,967 - INFO - model saved 33 times, last saved epoch: 54.

2025-09-09 12:12:36,787 - INFO - Epoch 58, Train loss: 0.0334826223552227.
2025-09-09 12:12:37,621 - INFO - mIoU: 0.942; OA: 0.9823; AA: 0.9737; F1: 0.9699; Kappa: 0.9695;
2025-09-09 12:12:37,621 - INFO - spatial_LccAccuracy: 0.9083; spatial_PA: 0.9859; spatial_UA: 0.9942; spatial_F1: 0.99
2025-09-09 12:12:37,621 - INFO - temporal_CdAccuracy: 0.7513; temporal_PA: 0.9556; temporal_UA: 0.9282; temporal_F1: 0.9417
2025-09-09 12:12:37,622 - INFO - Confusion Matrix
 [67935.	  571.	    9.	    9.	   55.]
 [ 1177.	51097.	   91.	   81.	  142.]
 [    8.	   89.	 2124.	    0.	    0.]
 [   36.	    9.	    5.	 1208.	    1.]
 [    1.	   88.	    0.	    0.	 9424.]
2025-09-09 12:12:37,623 - INFO - model saved 33 times, last saved epoch: 54.

2025-09-09 12:12:40,381 - INFO - Epoch 59, Train loss: 0.033717527985572815.
2025-09-09 12:12:41,212 - INFO - mIoU: 0.9471; OA: 0.9826; AA: 0.9718; F1: 0.9726; Kappa: 0.97;
2025-09-09 12:12:41,212 - INFO - spatial_LccAccuracy: 0.9137; spatial_PA: 0.9877; spatial_UA: 0.9937; spatial_F1: 0.9907
2025-09-09 12:12:41,212 - INFO - temporal_CdAccuracy: 0.7585; temporal_PA: 0.9494; temporal_UA: 0.9392; temporal_F1: 0.9442
2025-09-09 12:12:41,213 - INFO - Confusion Matrix
 [68026.	  516.	    3.	    5.	   29.]
 [ 1241.	51106.	   93.	   45.	  103.]
 [   11.	   84.	 2126.	    0.	    0.]
 [   39.	   15.	    5.	 1200.	    0.]
 [   24.	  121.	    0.	    0.	 9368.]
2025-09-09 12:12:41,255 - INFO - Epoch 59 saved.
2025-09-09 12:12:41,255 - INFO - model saved 34 times, last saved epoch: 59.

2025-09-09 12:12:44,062 - INFO - Epoch 60, Train loss: 0.032514095306396484.
2025-09-09 12:12:44,954 - INFO - mIoU: 0.9449; OA: 0.9818; AA: 0.972; F1: 0.9715; Kappa: 0.9686;
2025-09-09 12:12:44,954 - INFO - spatial_LccAccuracy: 0.9074; spatial_PA: 0.9882; spatial_UA: 0.9919; spatial_F1: 0.99
2025-09-09 12:12:44,955 - INFO - temporal_CdAccuracy: 0.7442; temporal_PA: 0.9497; temporal_UA: 0.9218; temporal_F1: 0.9355
2025-09-09 12:12:44,955 - INFO - Confusion Matrix
 [67682.	  825.	    4.	   13.	   55.]
 [ 1000.	51282.	   63.	   53.	  190.]
 [   10.	  115.	 2096.	    0.	    0.]
 [   36.	    9.	    4.	 1210.	    0.]
 [    0.	   66.	    0.	    0.	 9447.]
2025-09-09 12:12:44,957 - INFO - model saved 34 times, last saved epoch: 59.

2025-09-09 12:12:48,022 - INFO - Epoch 61, Train loss: 0.03354291617870331.
2025-09-09 12:12:48,906 - INFO - mIoU: 0.9344; OA: 0.9787; AA: 0.9549; F1: 0.9657; Kappa: 0.9631;
2025-09-09 12:12:48,906 - INFO - spatial_LccAccuracy: 0.8945; spatial_PA: 0.9708; spatial_UA: 0.988; spatial_F1: 0.9793
2025-09-09 12:12:48,907 - INFO - temporal_CdAccuracy: 0.7442; temporal_PA: 0.9482; temporal_UA: 0.9225; temporal_F1: 0.9351
2025-09-09 12:12:48,907 - INFO - Confusion Matrix
 [68181.	  331.	    3.	    3.	   61.]
 [ 1864.	50482.	   63.	   14.	  165.]
 [   12.	  112.	 2097.	    0.	    0.]
 [   82.	   55.	    5.	 1115.	    2.]
 [    8.	   84.	    0.	    0.	 9421.]
2025-09-09 12:12:48,908 - INFO - model saved 34 times, last saved epoch: 59.

2025-09-09 12:12:51,685 - INFO - Epoch 62, Train loss: 0.03159065544605255.
2025-09-09 12:12:52,490 - INFO - mIoU: 0.9474; OA: 0.9823; AA: 0.9655; F1: 0.9728; Kappa: 0.9694;
2025-09-09 12:12:52,491 - INFO - spatial_LccAccuracy: 0.9128; spatial_PA: 0.9819; spatial_UA: 0.9902; spatial_F1: 0.986
2025-09-09 12:12:52,491 - INFO - temporal_CdAccuracy: 0.7639; temporal_PA: 0.9529; temporal_UA: 0.938; temporal_F1: 0.9454
2025-09-09 12:12:52,492 - INFO - Confusion Matrix
 [67885.	  620.	    3.	    3.	   68.]
 [ 1169.	51216.	   46.	   18.	  139.]
 [   10.	  123.	 2088.	    0.	    0.]
 [   45.	   35.	    0.	 1175.	    4.]
 [    0.	   94.	    0.	    0.	 9419.]
2025-09-09 12:12:52,536 - INFO - Epoch 62 saved.
2025-09-09 12:12:52,536 - INFO - model saved 35 times, last saved epoch: 62.

2025-09-09 12:12:55,270 - INFO - Epoch 63, Train loss: 0.030904153361916542.
2025-09-09 12:12:56,085 - INFO - mIoU: 0.947; OA: 0.9832; AA: 0.9633; F1: 0.9726; Kappa: 0.971;
2025-09-09 12:12:56,085 - INFO - spatial_LccAccuracy: 0.9186; spatial_PA: 0.9836; spatial_UA: 0.9926; spatial_F1: 0.988
2025-09-09 12:12:56,085 - INFO - temporal_CdAccuracy: 0.7661; temporal_PA: 0.955; temporal_UA: 0.9435; temporal_F1: 0.9492
2025-09-09 12:12:56,086 - INFO - Confusion Matrix
 [67712.	  829.	    4.	   10.	   24.]
 [  834.	51656.	   37.	   21.	   40.]
 [   10.	  146.	 2065.	    0.	    0.]
 [   34.	   41.	    0.	 1184.	    0.]
 [   13.	  211.	    0.	    0.	 9289.]
2025-09-09 12:12:56,087 - INFO - model saved 35 times, last saved epoch: 62.

2025-09-09 12:12:58,823 - INFO - Epoch 64, Train loss: 0.02967905066907406.
2025-09-09 12:12:59,624 - INFO - mIoU: 0.9485; OA: 0.9833; AA: 0.967; F1: 0.9734; Kappa: 0.9711;
2025-09-09 12:12:59,624 - INFO - spatial_LccAccuracy: 0.9146; spatial_PA: 0.9903; spatial_UA: 0.9925; spatial_F1: 0.9914
2025-09-09 12:12:59,624 - INFO - temporal_CdAccuracy: 0.7612; temporal_PA: 0.9541; temporal_UA: 0.9374; temporal_F1: 0.9457
2025-09-09 12:12:59,625 - INFO - Confusion Matrix
 [67619.	  916.	    4.	    4.	   36.]
 [  784.	51640.	   56.	   24.	   84.]
 [   11.	  109.	 2101.	    0.	    0.]
 [   39.	   39.	    3.	 1178.	    0.]
 [    7.	  131.	    0.	    0.	 9375.]
2025-09-09 12:12:59,666 - INFO - Epoch 64 saved.
2025-09-09 12:12:59,667 - INFO - model saved 36 times, last saved epoch: 64.

2025-09-09 12:13:02,537 - INFO - Epoch 65, Train loss: 0.03031453676521778.
2025-09-09 12:13:03,387 - INFO - mIoU: 0.9494; OA: 0.9831; AA: 0.971; F1: 0.9739; Kappa: 0.9708;
2025-09-09 12:13:03,387 - INFO - spatial_LccAccuracy: 0.9222; spatial_PA: 0.9836; spatial_UA: 0.9926; spatial_F1: 0.988
2025-09-09 12:13:03,387 - INFO - temporal_CdAccuracy: 0.7594; temporal_PA: 0.9539; temporal_UA: 0.9374; temporal_F1: 0.9455
2025-09-09 12:13:03,388 - INFO - Confusion Matrix
 [67979.	  548.	    4.	    4.	   44.]
 [ 1141.	51216.	   60.	   40.	  131.]
 [   10.	  114.	 2097.	    0.	    0.]
 [   38.	   15.	    0.	 1206.	    0.]
 [   12.	  106.	    0.	    0.	 9395.]
2025-09-09 12:13:03,437 - INFO - Epoch 65 saved.
2025-09-09 12:13:03,438 - INFO - model saved 37 times, last saved epoch: 65.

2025-09-09 12:13:06,274 - INFO - Epoch 66, Train loss: 0.030235644429922104.
2025-09-09 12:13:07,118 - INFO - mIoU: 0.9387; OA: 0.9831; AA: 0.9532; F1: 0.9679; Kappa: 0.9708;
2025-09-09 12:13:07,118 - INFO - spatial_LccAccuracy: 0.9061; spatial_PA: 0.9861; spatial_UA: 0.9913; spatial_F1: 0.9887
2025-09-09 12:13:07,118 - INFO - temporal_CdAccuracy: 0.7612; temporal_PA: 0.9536; temporal_UA: 0.9406; temporal_F1: 0.947
2025-09-09 12:13:07,119 - INFO - Confusion Matrix
 [67786.	  766.	    3.	    3.	   21.]
 [  888.	51580.	   51.	    5.	   64.]
 [   10.	  101.	 2110.	    0.	    0.]
 [   44.	  123.	    2.	 1090.	    0.]
 [   25.	  158.	    0.	    0.	 9330.]
2025-09-09 12:13:07,120 - INFO - model saved 37 times, last saved epoch: 65.

2025-09-09 12:13:09,940 - INFO - Epoch 67, Train loss: 0.028710776939988136.
2025-09-09 12:13:10,760 - INFO - mIoU: 0.9453; OA: 0.9833; AA: 0.9621; F1: 0.9716; Kappa: 0.9712;
2025-09-09 12:13:10,761 - INFO - spatial_LccAccuracy: 0.9146; spatial_PA: 0.9864; spatial_UA: 0.9924; spatial_F1: 0.9894
2025-09-09 12:13:10,761 - INFO - temporal_CdAccuracy: 0.7674; temporal_PA: 0.9577; temporal_UA: 0.9392; temporal_F1: 0.9484
2025-09-09 12:13:10,762 - INFO - Confusion Matrix
 [68029.	  498.	    7.	    6.	   39.]
 [ 1130.	51234.	   32.	   15.	  177.]
 [    9.	  160.	 2052.	    0.	    0.]
 [   39.	   51.	    0.	 1169.	    0.]
 [    2.	   75.	    0.	    0.	 9436.]
2025-09-09 12:13:10,763 - INFO - model saved 37 times, last saved epoch: 65.

2025-09-09 12:13:13,553 - INFO - Epoch 68, Train loss: 0.03013025037944317.
2025-09-09 12:13:14,462 - INFO - mIoU: 0.9515; OA: 0.9845; AA: 0.9724; F1: 0.975; Kappa: 0.9733;
2025-09-09 12:13:14,462 - INFO - spatial_LccAccuracy: 0.9231; spatial_PA: 0.9888; spatial_UA: 0.994; spatial_F1: 0.9914
2025-09-09 12:13:14,462 - INFO - temporal_CdAccuracy: 0.7643; temporal_PA: 0.9576; temporal_UA: 0.9439; temporal_F1: 0.9507
2025-09-09 12:13:14,463 - INFO - Confusion Matrix
 [67828.	  699.	    4.	    8.	   40.]
 [  823.	51572.	   79.	   29.	   85.]
 [    8.	   99.	 2114.	    0.	    0.]
 [   35.	   20.	    1.	 1203.	    0.]
 [   11.	  132.	    0.	    0.	 9370.]
2025-09-09 12:13:14,506 - INFO - Epoch 68 saved.
2025-09-09 12:13:14,507 - INFO - model saved 38 times, last saved epoch: 68.

2025-09-09 12:13:17,264 - INFO - Epoch 69, Train loss: 0.02929152175784111.
2025-09-09 12:13:18,147 - INFO - mIoU: 0.9485; OA: 0.9841; AA: 0.9755; F1: 0.9734; Kappa: 0.9726;
2025-09-09 12:13:18,147 - INFO - spatial_LccAccuracy: 0.9195; spatial_PA: 0.9898; spatial_UA: 0.9943; spatial_F1: 0.992
2025-09-09 12:13:18,147 - INFO - temporal_CdAccuracy: 0.767; temporal_PA: 0.9624; temporal_UA: 0.9443; temporal_F1: 0.9533
2025-09-09 12:13:18,148 - INFO - Confusion Matrix
 [67813.	  684.	    7.	   10.	   65.]
 [  847.	51456.	   71.	   61.	  153.]
 [    8.	   97.	 2116.	    0.	    0.]
 [   33.	    8.	    1.	 1217.	    0.]
 [    0.	   85.	    0.	    0.	 9428.]
2025-09-09 12:13:18,149 - INFO - model saved 38 times, last saved epoch: 68.

2025-09-09 12:13:20,925 - INFO - Epoch 70, Train loss: 0.027943765744566917.
2025-09-09 12:13:21,794 - INFO - mIoU: 0.9351; OA: 0.9834; AA: 0.9773; F1: 0.9659; Kappa: 0.9714;
2025-09-09 12:13:21,794 - INFO - spatial_LccAccuracy: 0.9132; spatial_PA: 0.988; spatial_UA: 0.9948; spatial_F1: 0.9914
2025-09-09 12:13:21,795 - INFO - temporal_CdAccuracy: 0.7665; temporal_PA: 0.9632; temporal_UA: 0.9455; temporal_F1: 0.9543
2025-09-09 12:13:21,795 - INFO - Confusion Matrix
 [67963.	  583.	    5.	   12.	   16.]
 [  984.	51223.	  133.	  153.	   95.]
 [    8.	   65.	 2148.	    0.	    0.]
 [   35.	    0.	    5.	 1219.	    0.]
 [   23.	  109.	    0.	    0.	 9381.]
2025-09-09 12:13:21,796 - INFO - model saved 38 times, last saved epoch: 68.

2025-09-09 12:13:24,667 - INFO - Epoch 71, Train loss: 0.027236780151724815.
2025-09-09 12:13:25,496 - INFO - mIoU: 0.9509; OA: 0.9845; AA: 0.9719; F1: 0.9746; Kappa: 0.9732;
2025-09-09 12:13:25,496 - INFO - spatial_LccAccuracy: 0.9191; spatial_PA: 0.9908; spatial_UA: 0.9946; spatial_F1: 0.9927
2025-09-09 12:13:25,496 - INFO - temporal_CdAccuracy: 0.7652; temporal_PA: 0.9603; temporal_UA: 0.9429; temporal_F1: 0.9515
2025-09-09 12:13:25,497 - INFO - Confusion Matrix
 [67730.	  807.	   10.	    6.	   26.]
 [  745.	51649.	   80.	   27.	   87.]
 [    7.	   90.	 2124.	    0.	    0.]
 [   33.	   29.	    4.	 1193.	    0.]
 [   20.	  115.	    0.	    0.	 9378.]
2025-09-09 12:13:25,498 - INFO - model saved 38 times, last saved epoch: 68.

2025-09-09 12:13:28,335 - INFO - Epoch 72, Train loss: 0.026700884103775024.
2025-09-09 12:13:29,182 - INFO - mIoU: 0.9465; OA: 0.9822; AA: 0.963; F1: 0.9724; Kappa: 0.9693;
2025-09-09 12:13:29,183 - INFO - spatial_LccAccuracy: 0.911; spatial_PA: 0.9853; spatial_UA: 0.9921; spatial_F1: 0.9887
2025-09-09 12:13:29,183 - INFO - temporal_CdAccuracy: 0.7585; temporal_PA: 0.9579; temporal_UA: 0.9304; temporal_F1: 0.9439
2025-09-09 12:13:29,184 - INFO - Confusion Matrix
 [67699.	  860.	    4.	    4.	   12.]
 [  933.	51546.	   46.	   22.	   41.]
 [   10.	  131.	 2080.	    0.	    0.]
 [   38.	   41.	    1.	 1179.	    0.]
 [   76.	  167.	    0.	    0.	 9270.]
2025-09-09 12:13:29,185 - INFO - model saved 38 times, last saved epoch: 68.

2025-09-09 12:13:31,953 - INFO - Epoch 73, Train loss: 0.02710057981312275.
2025-09-09 12:13:32,826 - INFO - mIoU: 0.9434; OA: 0.9833; AA: 0.9754; F1: 0.9706; Kappa: 0.9711;
2025-09-09 12:13:32,826 - INFO - spatial_LccAccuracy: 0.9141; spatial_PA: 0.9856; spatial_UA: 0.9931; spatial_F1: 0.9894
2025-09-09 12:13:32,826 - INFO - temporal_CdAccuracy: 0.7572; temporal_PA: 0.9566; temporal_UA: 0.9387; temporal_F1: 0.9475
2025-09-09 12:13:32,827 - INFO - Confusion Matrix
 [68109.	  447.	    5.	    4.	   14.]
 [ 1200.	51104.	  136.	   83.	   65.]
 [    9.	   69.	 2143.	    0.	    0.]
 [   39.	    0.	    5.	 1215.	    0.]
 [   30.	  139.	    0.	    0.	 9344.]
2025-09-09 12:13:32,828 - INFO - model saved 38 times, last saved epoch: 68.

2025-09-09 12:13:35,617 - INFO - Epoch 74, Train loss: 0.02673867903649807.
2025-09-09 12:13:36,461 - INFO - mIoU: 0.938; OA: 0.9827; AA: 0.9775; F1: 0.9676; Kappa: 0.9702;
2025-09-09 12:13:36,461 - INFO - spatial_LccAccuracy: 0.9052; spatial_PA: 0.9867; spatial_UA: 0.9934; spatial_F1: 0.99
2025-09-09 12:13:36,461 - INFO - temporal_CdAccuracy: 0.7509; temporal_PA: 0.9598; temporal_UA: 0.9325; temporal_F1: 0.946
2025-09-09 12:13:36,462 - INFO - Confusion Matrix
 [67489.	 1024.	    5.	   44.	   17.]
 [  663.	51630.	  130.	   98.	   67.]
 [    8.	   66.	 2147.	    0.	    0.]
 [   29.	    1.	    5.	 1224.	    0.]
 [   33.	  133.	    0.	    0.	 9347.]
2025-09-09 12:13:36,462 - INFO - model saved 38 times, last saved epoch: 68.

2025-09-09 12:13:39,242 - INFO - Epoch 75, Train loss: 0.02570781297981739.
2025-09-09 12:13:40,106 - INFO - mIoU: 0.9504; OA: 0.984; AA: 0.9731; F1: 0.9744; Kappa: 0.9723;
2025-09-09 12:13:40,106 - INFO - spatial_LccAccuracy: 0.9222; spatial_PA: 0.9877; spatial_UA: 0.9937; spatial_F1: 0.9907
2025-09-09 12:13:40,106 - INFO - temporal_CdAccuracy: 0.7657; temporal_PA: 0.9616; temporal_UA: 0.9416; temporal_F1: 0.9515
2025-09-09 12:13:40,107 - INFO - Confusion Matrix
 [68087.	  472.	    4.	    4.	   12.]
 [ 1150.	51216.	   59.	   56.	  107.]
 [   12.	   98.	 2111.	    0.	    0.]
 [   39.	    6.	    3.	 1211.	    0.]
 [   25.	  106.	    0.	    0.	 9382.]
2025-09-09 12:13:40,108 - INFO - model saved 38 times, last saved epoch: 68.

2025-09-09 12:13:43,008 - INFO - Epoch 76, Train loss: 0.024895604699850082.
2025-09-09 12:13:43,872 - INFO - mIoU: 0.956; OA: 0.9846; AA: 0.9726; F1: 0.9774; Kappa: 0.9734;
2025-09-09 12:13:43,872 - INFO - spatial_LccAccuracy: 0.9338; spatial_PA: 0.987; spatial_UA: 0.9945; spatial_F1: 0.9907
2025-09-09 12:13:43,872 - INFO - temporal_CdAccuracy: 0.7688; temporal_PA: 0.9587; temporal_UA: 0.9465; temporal_F1: 0.9525
2025-09-09 12:13:43,873 - INFO - Confusion Matrix
 [67985.	  572.	    4.	    4.	   14.]
 [  999.	51454.	   69.	   17.	   49.]
 [   11.	   89.	 2121.	    0.	    0.]
 [   36.	   17.	    0.	 1206.	    0.]
 [   17.	  168.	    0.	    0.	 9328.]
2025-09-09 12:13:43,915 - INFO - Epoch 76 saved.
2025-09-09 12:13:43,916 - INFO - model saved 39 times, last saved epoch: 76.

2025-09-09 12:13:46,779 - INFO - Epoch 77, Train loss: 0.024823691695928574.
2025-09-09 12:13:47,574 - INFO - mIoU: 0.9484; OA: 0.9824; AA: 0.9712; F1: 0.9734; Kappa: 0.9696;
2025-09-09 12:13:47,575 - INFO - spatial_LccAccuracy: 0.9164; spatial_PA: 0.9837; spatial_UA: 0.9897; spatial_F1: 0.9867
2025-09-09 12:13:47,575 - INFO - temporal_CdAccuracy: 0.7612; temporal_PA: 0.9535; temporal_UA: 0.9376; temporal_F1: 0.9455
2025-09-09 12:13:47,576 - INFO - Confusion Matrix
 [67426.	 1129.	    4.	   10.	   10.]
 [  593.	51847.	   89.	   35.	   24.]
 [    8.	   79.	 2134.	    0.	    0.]
 [   34.	   11.	    4.	 1210.	    0.]
 [  111.	  224.	    0.	    0.	 9178.]
2025-09-09 12:13:47,577 - INFO - model saved 39 times, last saved epoch: 76.

2025-09-09 12:13:50,364 - INFO - Epoch 78, Train loss: 0.02451520785689354.
2025-09-09 12:13:51,209 - INFO - mIoU: 0.946; OA: 0.9784; AA: 0.9671; F1: 0.9721; Kappa: 0.9628;
2025-09-09 12:13:51,210 - INFO - spatial_LccAccuracy: 0.8998; spatial_PA: 0.9886; spatial_UA: 0.9864; spatial_F1: 0.9875
2025-09-09 12:13:51,210 - INFO - temporal_CdAccuracy: 0.7352; temporal_PA: 0.9508; temporal_UA: 0.9206; temporal_F1: 0.9355
2025-09-09 12:13:51,211 - INFO - Confusion Matrix
 [66800.	 1734.	    3.	    3.	   39.]
 [  619.	51797.	   76.	   17.	   79.]
 [    9.	   92.	 2120.	    0.	    0.]
 [   46.	   30.	    2.	 1181.	    0.]
 [   26.	  125.	    0.	    0.	 9362.]
2025-09-09 12:13:51,212 - INFO - model saved 39 times, last saved epoch: 76.

2025-09-09 12:13:53,945 - INFO - Epoch 79, Train loss: 0.023892007768154144.
2025-09-09 12:13:54,842 - INFO - mIoU: 0.9523; OA: 0.9847; AA: 0.9709; F1: 0.9754; Kappa: 0.9735;
2025-09-09 12:13:54,843 - INFO - spatial_LccAccuracy: 0.9316; spatial_PA: 0.9908; spatial_UA: 0.9946; spatial_F1: 0.9927
2025-09-09 12:13:54,843 - INFO - temporal_CdAccuracy: 0.7719; temporal_PA: 0.96; temporal_UA: 0.948; temporal_F1: 0.954
2025-09-09 12:13:54,844 - INFO - Confusion Matrix
 [67923.	  592.	    4.	    8.	   52.]
 [  931.	51504.	   32.	   38.	   83.]
 [   12.	  134.	 2075.	    0.	    0.]
 [   35.	   10.	    1.	 1213.	    0.]
 [    6.	  119.	    0.	    0.	 9388.]
2025-09-09 12:13:54,845 - INFO - model saved 39 times, last saved epoch: 76.

2025-09-09 12:13:57,580 - INFO - Epoch 80, Train loss: 0.0232759490609169.
2025-09-09 12:13:58,518 - INFO - mIoU: 0.9507; OA: 0.9841; AA: 0.9657; F1: 0.9745; Kappa: 0.9725;
2025-09-09 12:13:58,518 - INFO - spatial_LccAccuracy: 0.9235; spatial_PA: 0.9836; spatial_UA: 0.9926; spatial_F1: 0.988
2025-09-09 12:13:58,518 - INFO - temporal_CdAccuracy: 0.7688; temporal_PA: 0.9628; temporal_UA: 0.9468; temporal_F1: 0.9548
2025-09-09 12:13:58,519 - INFO - Confusion Matrix
 [67927.	  593.	    7.	    9.	   43.]
 [  988.	51472.	   25.	   14.	   89.]
 [    9.	  168.	 2044.	    0.	    0.]
 [   35.	   25.	    0.	 1199.	    0.]
 [    4.	  124.	    0.	    0.	 9385.]
2025-09-09 12:13:58,520 - INFO - model saved 39 times, last saved epoch: 76.

2025-09-09 12:14:01,490 - INFO - Epoch 81, Train loss: 0.024583572521805763.
2025-09-09 12:14:02,348 - INFO - mIoU: 0.9502; OA: 0.9845; AA: 0.9741; F1: 0.9743; Kappa: 0.9732;
2025-09-09 12:14:02,348 - INFO - spatial_LccAccuracy: 0.924; spatial_PA: 0.9916; spatial_UA: 0.9938; spatial_F1: 0.9927
2025-09-09 12:14:02,349 - INFO - temporal_CdAccuracy: 0.7692; temporal_PA: 0.9598; temporal_UA: 0.9484; temporal_F1: 0.9541
2025-09-09 12:14:02,349 - INFO - Confusion Matrix
 [67672.	  852.	    4.	    9.	   42.]
 [  690.	51708.	   47.	   65.	   78.]
 [    8.	  108.	 2105.	    0.	    0.]
 [   35.	    2.	    4.	 1218.	    0.]
 [   17.	  123.	    0.	    0.	 9373.]
2025-09-09 12:14:02,350 - INFO - model saved 39 times, last saved epoch: 76.

2025-09-09 12:14:05,301 - INFO - Epoch 82, Train loss: 0.023195451125502586.
2025-09-09 12:14:06,217 - INFO - mIoU: 0.942; OA: 0.9839; AA: 0.9535; F1: 0.9698; Kappa: 0.9721;
2025-09-09 12:14:06,217 - INFO - spatial_LccAccuracy: 0.9204; spatial_PA: 0.9874; spatial_UA: 0.9927; spatial_F1: 0.99
2025-09-09 12:14:06,217 - INFO - temporal_CdAccuracy: 0.771; temporal_PA: 0.9584; temporal_UA: 0.945; temporal_F1: 0.9516
2025-09-09 12:14:06,218 - INFO - Confusion Matrix
 [68070.	  488.	    5.	    3.	   13.]
 [ 1075.	51428.	   24.	    5.	   56.]
 [   10.	  156.	 2055.	    0.	    0.]
 [   52.	   84.	    0.	 1123.	    0.]
 [   24.	  168.	    0.	    0.	 9321.]
2025-09-09 12:14:06,219 - INFO - model saved 39 times, last saved epoch: 76.

2025-09-09 12:14:09,002 - INFO - Epoch 83, Train loss: 0.02355450950562954.
2025-09-09 12:14:09,943 - INFO - mIoU: 0.9473; OA: 0.9835; AA: 0.9782; F1: 0.9727; Kappa: 0.9715;
2025-09-09 12:14:09,943 - INFO - spatial_LccAccuracy: 0.9222; spatial_PA: 0.987; spatial_UA: 0.9945; spatial_F1: 0.9907
2025-09-09 12:14:09,943 - INFO - temporal_CdAccuracy: 0.7603; temporal_PA: 0.9583; temporal_UA: 0.9388; temporal_F1: 0.9484
2025-09-09 12:14:09,944 - INFO - Confusion Matrix
 [67807.	  680.	   15.	   10.	   67.]
 [  892.	51331.	  164.	   26.	  175.]
 [    6.	   51.	 2164.	    0.	    0.]
 [   35.	    9.	    6.	 1209.	    0.]
 [    0.	   81.	    0.	    0.	 9432.]
2025-09-09 12:14:09,945 - INFO - model saved 39 times, last saved epoch: 76.

2025-09-09 12:14:12,753 - INFO - Epoch 84, Train loss: 0.023564791306853294.
2025-09-09 12:14:13,539 - INFO - mIoU: 0.9542; OA: 0.9851; AA: 0.9682; F1: 0.9764; Kappa: 0.9742;
2025-09-09 12:14:13,540 - INFO - spatial_LccAccuracy: 0.9289; spatial_PA: 0.9929; spatial_UA: 0.9952; spatial_F1: 0.994
2025-09-09 12:14:13,540 - INFO - temporal_CdAccuracy: 0.7674; temporal_PA: 0.9613; temporal_UA: 0.9466; temporal_F1: 0.9539
2025-09-09 12:14:13,541 - INFO - Confusion Matrix
 [67815.	  737.	    4.	    3.	   20.]
 [  783.	51653.	   44.	    7.	  101.]
 [   10.	   98.	 2113.	    0.	    0.]
 [   41.	   46.	    1.	 1171.	    0.]
 [    9.	  100.	    0.	    0.	 9404.]
2025-09-09 12:14:13,542 - INFO - model saved 39 times, last saved epoch: 76.

2025-09-09 12:14:16,301 - INFO - Epoch 85, Train loss: 0.022777585312724113.
2025-09-09 12:14:17,136 - INFO - mIoU: 0.9487; OA: 0.9848; AA: 0.9628; F1: 0.9734; Kappa: 0.9737;
2025-09-09 12:14:17,136 - INFO - spatial_LccAccuracy: 0.9226; spatial_PA: 0.9856; spatial_UA: 0.9931; spatial_F1: 0.9894
2025-09-09 12:14:17,136 - INFO - temporal_CdAccuracy: 0.7688; temporal_PA: 0.9585; temporal_UA: 0.9473; temporal_F1: 0.9528
2025-09-09 12:14:17,137 - INFO - Confusion Matrix
 [67782.	  767.	    6.	    5.	   19.]
 [  748.	51714.	   47.	    6.	   73.]
 [    7.	  107.	 2107.	    0.	    0.]
 [   33.	   82.	    0.	 1144.	    0.]
 [    3.	  139.	    0.	    0.	 9371.]
2025-09-09 12:14:17,137 - INFO - model saved 39 times, last saved epoch: 76.

2025-09-09 12:14:20,041 - INFO - Epoch 86, Train loss: 0.02241811901330948.
2025-09-09 12:14:20,922 - INFO - mIoU: 0.9537; OA: 0.9848; AA: 0.9706; F1: 0.9762; Kappa: 0.9738;
2025-09-09 12:14:20,922 - INFO - spatial_LccAccuracy: 0.932; spatial_PA: 0.9856; spatial_UA: 0.9931; spatial_F1: 0.9894
2025-09-09 12:14:20,922 - INFO - temporal_CdAccuracy: 0.7759; temporal_PA: 0.9616; temporal_UA: 0.9513; temporal_F1: 0.9564
2025-09-09 12:14:20,923 - INFO - Confusion Matrix
 [67948.	  608.	    5.	    5.	   13.]
 [  897.	51556.	   61.	   21.	   53.]
 [    8.	   98.	 2115.	    0.	    0.]
 [   40.	   21.	    1.	 1197.	    0.]
 [   34.	  169.	    0.	    0.	 9310.]
2025-09-09 12:14:20,924 - INFO - model saved 39 times, last saved epoch: 76.

2025-09-09 12:14:23,856 - INFO - Epoch 87, Train loss: 0.02178495191037655.
2025-09-09 12:14:24,681 - INFO - mIoU: 0.9517; OA: 0.984; AA: 0.9705; F1: 0.9751; Kappa: 0.9723;
2025-09-09 12:14:24,681 - INFO - spatial_LccAccuracy: 0.9249; spatial_PA: 0.9888; spatial_UA: 0.994; spatial_F1: 0.9914
2025-09-09 12:14:24,681 - INFO - temporal_CdAccuracy: 0.7728; temporal_PA: 0.9592; temporal_UA: 0.9472; temporal_F1: 0.9532
2025-09-09 12:14:24,682 - INFO - Confusion Matrix
 [67982.	  559.	    6.	    5.	   27.]
 [ 1074.	51329.	   76.	   15.	   94.]
 [    9.	   95.	 2117.	    0.	    0.]
 [   38.	   27.	    5.	 1189.	    0.]
 [    0.	  119.	    0.	    0.	 9394.]
2025-09-09 12:14:24,683 - INFO - model saved 39 times, last saved epoch: 76.

2025-09-09 12:14:27,626 - INFO - Epoch 88, Train loss: 0.020304594188928604.
2025-09-09 12:14:28,521 - INFO - mIoU: 0.9545; OA: 0.985; AA: 0.9697; F1: 0.9766; Kappa: 0.9741;
2025-09-09 12:14:28,521 - INFO - spatial_LccAccuracy: 0.9316; spatial_PA: 0.9867; spatial_UA: 0.9934; spatial_F1: 0.99
2025-09-09 12:14:28,522 - INFO - temporal_CdAccuracy: 0.7715; temporal_PA: 0.9648; temporal_UA: 0.9484; temporal_F1: 0.9565
2025-09-09 12:14:28,522 - INFO - Confusion Matrix
 [67968.	  572.	    4.	    7.	   28.]
 [  943.	51505.	   29.	   21.	   90.]
 [   10.	  135.	 2076.	    0.	    0.]
 [   36.	   20.	    0.	 1203.	    0.]
 [    6.	  111.	    0.	    0.	 9396.]
2025-09-09 12:14:28,524 - INFO - model saved 39 times, last saved epoch: 76.

2025-09-09 12:14:31,397 - INFO - Epoch 89, Train loss: 0.020920345559716225.
2025-09-09 12:14:32,221 - INFO - mIoU: 0.9533; OA: 0.9846; AA: 0.9762; F1: 0.976; Kappa: 0.9733;
2025-09-09 12:14:32,222 - INFO - spatial_LccAccuracy: 0.9316; spatial_PA: 0.9898; spatial_UA: 0.9943; spatial_F1: 0.992
2025-09-09 12:14:32,222 - INFO - temporal_CdAccuracy: 0.7674; temporal_PA: 0.9621; temporal_UA: 0.9452; temporal_F1: 0.9536
2025-09-09 12:14:32,223 - INFO - Confusion Matrix
 [67918.	  601.	    5.	   10.	   45.]
 [  952.	51419.	   77.	   39.	  101.]
 [    9.	   88.	 2124.	    0.	    0.]
 [   34.	    6.	    1.	 1218.	    0.]
 [    3.	  101.	    0.	    0.	 9409.]
2025-09-09 12:14:32,224 - INFO - model saved 39 times, last saved epoch: 76.

2025-09-09 12:14:34,994 - INFO - Epoch 90, Train loss: 0.020359402522444725.
2025-09-09 12:14:35,866 - INFO - mIoU: 0.9564; OA: 0.9848; AA: 0.9702; F1: 0.9776; Kappa: 0.9738;
2025-09-09 12:14:35,866 - INFO - spatial_LccAccuracy: 0.9307; spatial_PA: 0.9856; spatial_UA: 0.9931; spatial_F1: 0.9894
2025-09-09 12:14:35,866 - INFO - temporal_CdAccuracy: 0.7733; temporal_PA: 0.962; temporal_UA: 0.9492; temporal_F1: 0.9555
2025-09-09 12:14:35,867 - INFO - Confusion Matrix
 [67931.	  618.	    5.	    6.	   19.]
 [  929.	51549.	   40.	    9.	   61.]
 [    9.	  110.	 2102.	    0.	    0.]
 [   34.	   27.	    0.	 1198.	    0.]
 [   12.	  158.	    0.	    0.	 9343.]
2025-09-09 12:14:35,910 - INFO - Epoch 90 saved.
2025-09-09 12:14:35,911 - INFO - model saved 40 times, last saved epoch: 90.

2025-09-09 12:14:38,675 - INFO - Epoch 91, Train loss: 0.019864274188876152.
2025-09-09 12:14:39,542 - INFO - mIoU: 0.9559; OA: 0.9845; AA: 0.9727; F1: 0.9774; Kappa: 0.9732;
2025-09-09 12:14:39,542 - INFO - spatial_LccAccuracy: 0.9284; spatial_PA: 0.987; spatial_UA: 0.9945; spatial_F1: 0.9907
2025-09-09 12:14:39,543 - INFO - temporal_CdAccuracy: 0.7706; temporal_PA: 0.9638; temporal_UA: 0.9464; temporal_F1: 0.955
2025-09-09 12:14:39,543 - INFO - Confusion Matrix
 [68113.	  438.	    5.	    4.	   19.]
 [ 1165.	51264.	   68.	   14.	   77.]
 [   11.	   91.	 2119.	    0.	    0.]
 [   37.	   18.	    1.	 1203.	    0.]
 [   10.	  125.	    0.	    0.	 9378.]
2025-09-09 12:14:39,545 - INFO - model saved 40 times, last saved epoch: 90.

2025-09-09 12:14:42,457 - INFO - Epoch 92, Train loss: 0.020045548677444458.
2025-09-09 12:14:43,318 - INFO - mIoU: 0.9531; OA: 0.9846; AA: 0.9658; F1: 0.9758; Kappa: 0.9734;
2025-09-09 12:14:43,319 - INFO - spatial_LccAccuracy: 0.9316; spatial_PA: 0.9877; spatial_UA: 0.9937; spatial_F1: 0.9907
2025-09-09 12:14:43,319 - INFO - temporal_CdAccuracy: 0.7688; temporal_PA: 0.9621; temporal_UA: 0.9475; temporal_F1: 0.9548
2025-09-09 12:14:43,319 - INFO - Confusion Matrix
 [67991.	  548.	    3.	    3.	   34.]
 [  995.	51468.	   21.	   10.	   94.]
 [   12.	  160.	 2049.	    0.	    0.]
 [   45.	   20.	    0.	 1194.	    0.]
 [    3.	  114.	    0.	    0.	 9396.]
2025-09-09 12:14:43,320 - INFO - model saved 40 times, last saved epoch: 90.

2025-09-09 12:14:46,249 - INFO - Epoch 93, Train loss: 0.019820157438516617.
2025-09-09 12:14:47,133 - INFO - mIoU: 0.9529; OA: 0.9836; AA: 0.9688; F1: 0.9758; Kappa: 0.9717;
2025-09-09 12:14:47,133 - INFO - spatial_LccAccuracy: 0.9204; spatial_PA: 0.9888; spatial_UA: 0.994; spatial_F1: 0.9914
2025-09-09 12:14:47,133 - INFO - temporal_CdAccuracy: 0.7598; temporal_PA: 0.9614; temporal_UA: 0.9409; temporal_F1: 0.9511
2025-09-09 12:14:47,134 - INFO - Confusion Matrix
 [67468.	 1074.	    7.	    6.	   24.]
 [  625.	51822.	   38.	   14.	   89.]
 [    8.	  115.	 2098.	    0.	    0.]
 [   34.	   36.	    1.	 1188.	    0.]
 [   13.	  114.	    0.	    0.	 9386.]
2025-09-09 12:14:47,135 - INFO - model saved 40 times, last saved epoch: 90.

2025-09-09 12:14:49,952 - INFO - Epoch 94, Train loss: 0.019512837752699852.
2025-09-09 12:14:50,790 - INFO - mIoU: 0.9521; OA: 0.9839; AA: 0.9753; F1: 0.9753; Kappa: 0.9721;
2025-09-09 12:14:50,790 - INFO - spatial_LccAccuracy: 0.9204; spatial_PA: 0.987; spatial_UA: 0.9945; spatial_F1: 0.9907
2025-09-09 12:14:50,790 - INFO - temporal_CdAccuracy: 0.7616; temporal_PA: 0.9621; temporal_UA: 0.9394; temporal_F1: 0.9506
2025-09-09 12:14:50,791 - INFO - Confusion Matrix
 [68006.	  521.	    8.	    5.	   39.]
 [ 1104.	51258.	   97.	   32.	   97.]
 [    8.	   86.	 2127.	    0.	    0.]
 [   34.	    5.	    4.	 1216.	    0.]
 [   17.	  109.	    0.	    0.	 9387.]
2025-09-09 12:14:50,792 - INFO - model saved 40 times, last saved epoch: 90.

2025-09-09 12:14:53,549 - INFO - Epoch 95, Train loss: 0.018420835956931114.
2025-09-09 12:14:54,390 - INFO - mIoU: 0.9559; OA: 0.9847; AA: 0.9749; F1: 0.9773; Kappa: 0.9737;
2025-09-09 12:14:54,391 - INFO - spatial_LccAccuracy: 0.928; spatial_PA: 0.9856; spatial_UA: 0.9931; spatial_F1: 0.9894
2025-09-09 12:14:54,391 - INFO - temporal_CdAccuracy: 0.7683; temporal_PA: 0.9665; temporal_UA: 0.9473; temporal_F1: 0.9568
2025-09-09 12:14:54,392 - INFO - Confusion Matrix
 [67808.	  721.	    6.	    9.	   35.]
 [  833.	51546.	   75.	   13.	  121.]
 [    8.	   82.	 2131.	    0.	    0.]
 [   33.	   23.	    0.	 1203.	    0.]
 [    2.	   86.	    0.	    0.	 9425.]
2025-09-09 12:14:54,393 - INFO - model saved 40 times, last saved epoch: 90.

2025-09-09 12:14:57,121 - INFO - Epoch 96, Train loss: 0.018324611708521843.
2025-09-09 12:14:57,955 - INFO - mIoU: 0.9464; OA: 0.983; AA: 0.9769; F1: 0.9721; Kappa: 0.9706;
2025-09-09 12:14:57,956 - INFO - spatial_LccAccuracy: 0.9208; spatial_PA: 0.9885; spatial_UA: 0.993; spatial_F1: 0.9907
2025-09-09 12:14:57,956 - INFO - temporal_CdAccuracy: 0.7594; temporal_PA: 0.963; temporal_UA: 0.9377; temporal_F1: 0.9502
2025-09-09 12:14:57,957 - INFO - Confusion Matrix
 [67558.	  958.	    9.	   10.	   44.]
 [  719.	51558.	  209.	   18.	   84.]
 [    8.	   60.	 2152.	    0.	    1.]
 [   32.	   14.	    1.	 1212.	    0.]
 [   11.	  108.	    0.	    0.	 9394.]
2025-09-09 12:14:57,958 - INFO - model saved 40 times, last saved epoch: 90.

2025-09-09 12:15:00,823 - INFO - Epoch 97, Train loss: 0.017998849973082542.
2025-09-09 12:15:01,643 - INFO - mIoU: 0.9561; OA: 0.9847; AA: 0.9712; F1: 0.9774; Kappa: 0.9736;
2025-09-09 12:15:01,643 - INFO - spatial_LccAccuracy: 0.9231; spatial_PA: 0.9895; spatial_UA: 0.9932; spatial_F1: 0.9914
2025-09-09 12:15:01,643 - INFO - temporal_CdAccuracy: 0.7661; temporal_PA: 0.9632; temporal_UA: 0.9462; temporal_F1: 0.9546
2025-09-09 12:15:01,644 - INFO - Confusion Matrix
 [67693.	  864.	    5.	    3.	   14.]
 [  703.	51731.	   51.	   11.	   92.]
 [   10.	  103.	 2108.	    0.	    0.]
 [   44.	   19.	    0.	 1196.	    0.]
 [   22.	  108.	    0.	    0.	 9383.]
2025-09-09 12:15:01,645 - INFO - model saved 40 times, last saved epoch: 90.

2025-09-09 12:15:04,417 - INFO - Epoch 98, Train loss: 0.01920798420906067.
2025-09-09 12:15:05,252 - INFO - mIoU: 0.9526; OA: 0.9847; AA: 0.9717; F1: 0.9756; Kappa: 0.9735;
2025-09-09 12:15:05,252 - INFO - spatial_LccAccuracy: 0.9311; spatial_PA: 0.9916; spatial_UA: 0.9938; spatial_F1: 0.9927
2025-09-09 12:15:05,252 - INFO - temporal_CdAccuracy: 0.7688; temporal_PA: 0.9606; temporal_UA: 0.9504; temporal_F1: 0.9555
2025-09-09 12:15:05,253 - INFO - Confusion Matrix
 [67802.	  760.	    5.	    1.	   11.]
 [  772.	51648.	  104.	   15.	   49.]
 [    9.	   71.	 2141.	    0.	    0.]
 [   51.	   16.	    4.	 1188.	    0.]
 [   37.	  152.	    0.	    0.	 9324.]
2025-09-09 12:15:05,254 - INFO - model saved 40 times, last saved epoch: 90.

2025-09-09 12:15:08,134 - INFO - Epoch 99, Train loss: 0.01815297268331051.
2025-09-09 12:15:08,959 - INFO - mIoU: 0.9516; OA: 0.9842; AA: 0.9717; F1: 0.975; Kappa: 0.9728;
2025-09-09 12:15:08,959 - INFO - spatial_LccAccuracy: 0.9217; spatial_PA: 0.9867; spatial_UA: 0.9934; spatial_F1: 0.99
2025-09-09 12:15:08,960 - INFO - temporal_CdAccuracy: 0.7594; temporal_PA: 0.9675; temporal_UA: 0.9421; temporal_F1: 0.9546
2025-09-09 12:15:08,961 - INFO - Confusion Matrix
 [67863.	  695.	    5.	    3.	   13.]
 [  908.	51458.	  108.	   12.	  102.]
 [    9.	   78.	 2134.	    0.	    0.]
 [   48.	   23.	    3.	 1185.	    0.]
 [   15.	   94.	    0.	    0.	 9404.]
2025-09-09 12:15:08,962 - INFO - model saved 40 times, last saved epoch: 90.

2025-09-09 12:15:11,794 - INFO - Epoch 100, Train loss: 0.01665996015071869.
2025-09-09 12:15:12,613 - INFO - mIoU: 0.9538; OA: 0.984; AA: 0.975; F1: 0.9762; Kappa: 0.9724;
2025-09-09 12:15:12,613 - INFO - spatial_LccAccuracy: 0.9244; spatial_PA: 0.9838; spatial_UA: 0.9936; spatial_F1: 0.9887
2025-09-09 12:15:12,614 - INFO - temporal_CdAccuracy: 0.7728; temporal_PA: 0.9656; temporal_UA: 0.9437; temporal_F1: 0.9546
2025-09-09 12:15:12,614 - INFO - Confusion Matrix
 [68005.	  512.	   10.	    7.	   45.]
 [ 1099.	51252.	  101.	   10.	  126.]
 [    6.	   79.	 2135.	    0.	    1.]
 [   33.	   18.	    1.	 1205.	    2.]
 [    2.	   91.	    0.	    0.	 9420.]
2025-09-09 12:15:12,615 - INFO - model saved 40 times, last saved epoch: 90.

