2025-09-09 13:01:06,207 - INFO - Epoch 0, Train loss: 1.6124869585037231.
2025-09-09 13:01:07,038 - INFO - mIoU: 0.1034; OA: 0.5169; AA: 0.2; F1: 0.6815; Kappa: 0.0;
2025-09-09 13:01:07,039 - INFO - spatial_LccAccuracy: 0.0425; spatial_PA: 0.5; spatial_UA: 0.3605; spatial_F1: 0.4189
2025-09-09 13:01:07,039 - INFO - temporal_CdAccuracy: 0.2209; temporal_PA: 0.5; temporal_UA: 0.74; temporal_F1: 0.5968
2025-09-09 13:01:07,040 - INFO - Confusion Matrix
 [69345.	    0.	    0.	    0.	    0.]
 [50467.	    0.	    0.	    0.	    0.]
 [ 2643.	    0.	    0.	    0.	    0.]
 [ 1352.	    0.	    0.	    0.	    0.]
 [10353.	    0.	    0.	    0.	    0.]
2025-09-09 13:01:07,084 - INFO - Epoch 0 saved.
2025-09-09 13:01:07,085 - INFO - model saved 1 times, last saved epoch: 0.

2025-09-09 13:01:09,886 - INFO - Epoch 1, Train loss: 1.347145676612854.
2025-09-09 13:01:10,716 - INFO - mIoU: 0.111; OA: 0.5287; AA: 0.2063; F1: 0.3742; Kappa: 0.0281;
2025-09-09 13:01:10,716 - INFO - spatial_LccAccuracy: 0.0425; spatial_PA: 0.4303; spatial_UA: 0.1643; spatial_F1: 0.2378
2025-09-09 13:01:10,716 - INFO - temporal_CdAccuracy: 0.1887; temporal_PA: 0.4982; temporal_UA: 0.491; temporal_F1: 0.4946
2025-09-09 13:01:10,717 - INFO - Confusion Matrix
 [69330.	   15.	    0.	    0.	    0.]
 [48867.	 1600.	    0.	    0.	    0.]
 [ 2535.	  108.	    0.	    0.	    0.]
 [ 1352.	    0.	    0.	    0.	    0.]
 [10353.	    0.	    0.	    0.	    0.]
2025-09-09 13:01:10,760 - INFO - Epoch 1 saved.
2025-09-09 13:01:10,760 - INFO - model saved 2 times, last saved epoch: 1.

2025-09-09 13:01:13,437 - INFO - Epoch 2, Train loss: 1.036963701248169.
2025-09-09 13:01:14,250 - INFO - mIoU: 0.208; OA: 0.6633; AA: 0.2853; F1: 0.6816; Kappa: 0.3518;
2025-09-09 13:01:14,250 - INFO - spatial_LccAccuracy: 0.1422; spatial_PA: 0.6512; spatial_UA: 0.6195; spatial_F1: 0.635
2025-09-09 13:01:14,250 - INFO - temporal_CdAccuracy: 0.2102; temporal_PA: 0.5618; temporal_UA: 0.5469; temporal_F1: 0.5542
2025-09-09 13:01:14,251 - INFO - Confusion Matrix
 [62455.	 6890.	    0.	    0.	    0.]
 [23934.	26533.	    0.	    0.	    0.]
 [ 1481.	 1162.	    0.	    0.	    0.]
 [ 1343.	    9.	    0.	    0.	    0.]
 [10302.	   51.	    0.	    0.	    0.]
2025-09-09 13:01:14,296 - INFO - Epoch 2 saved.
2025-09-09 13:01:14,297 - INFO - model saved 3 times, last saved epoch: 2.

2025-09-09 13:01:17,035 - INFO - Epoch 3, Train loss: 0.7968271970748901.
2025-09-09 13:01:17,868 - INFO - mIoU: 0.4318; OA: 0.8096; AA: 0.4914; F1: 0.8358; Kappa: 0.6641;
2025-09-09 13:01:17,868 - INFO - spatial_LccAccuracy: 0.2384; spatial_PA: 0.7085; spatial_UA: 0.645; spatial_F1: 0.6753
2025-09-09 13:01:17,869 - INFO - temporal_CdAccuracy: 0.2428; temporal_PA: 0.672; temporal_UA: 0.6102; temporal_F1: 0.6396
2025-09-09 13:01:17,869 - INFO - Confusion Matrix
 [59119.	10226.	    0.	    0.	    0.]
 [ 9092.	41375.	    0.	    0.	    0.]
 [  124.	 2519.	    0.	    0.	    0.]
 [ 1300.	   52.	    0.	    0.	    0.]
 [ 2104.	  124.	    0.	    0.	 8125.]
2025-09-09 13:01:17,910 - INFO - Epoch 3 saved.
2025-09-09 13:01:17,911 - INFO - model saved 4 times, last saved epoch: 3.

2025-09-09 13:01:20,889 - INFO - Epoch 4, Train loss: 0.5962323546409607.
2025-09-09 13:01:21,734 - INFO - mIoU: 0.4843; OA: 0.8601; AA: 0.5342; F1: 0.8918; Kappa: 0.7557;
2025-09-09 13:01:21,735 - INFO - spatial_LccAccuracy: 0.386; spatial_PA: 0.9182; spatial_UA: 0.839; spatial_F1: 0.8768
2025-09-09 13:01:21,735 - INFO - temporal_CdAccuracy: 0.335; temporal_PA: 0.7322; temporal_UA: 0.6317; temporal_F1: 0.6783
2025-09-09 13:01:21,736 - INFO - Confusion Matrix
 [60927.	 8417.	    0.	    0.	    1.]
 [ 5287.	45179.	    0.	    0.	    1.]
 [   22.	 2621.	    0.	    0.	    0.]
 [ 1317.	   35.	    0.	    0.	    0.]
 [  926.	  140.	    0.	    0.	 9287.]
2025-09-09 13:01:21,779 - INFO - Epoch 4 saved.
2025-09-09 13:01:21,779 - INFO - model saved 5 times, last saved epoch: 4.

2025-09-09 13:01:24,553 - INFO - Epoch 5, Train loss: 0.46341708302497864.
2025-09-09 13:01:25,407 - INFO - mIoU: 0.4991; OA: 0.8797; AA: 0.5438; F1: 0.9072; Kappa: 0.7897;
2025-09-09 13:01:25,407 - INFO - spatial_LccAccuracy: 0.4213; spatial_PA: 0.9246; spatial_UA: 0.8643; spatial_F1: 0.8934
2025-09-09 13:01:25,407 - INFO - temporal_CdAccuracy: 0.3681; temporal_PA: 0.76; temporal_UA: 0.6531; temporal_F1: 0.7025
2025-09-09 13:01:25,408 - INFO - Confusion Matrix
 [62703.	 6641.	    0.	    0.	    1.]
 [ 4500.	45962.	    0.	    0.	    5.]
 [   21.	 2622.	    0.	    0.	    0.]
 [ 1339.	   13.	    0.	    0.	    0.]
 [  856.	  137.	    0.	    0.	 9360.]
2025-09-09 13:01:25,447 - INFO - Epoch 5 saved.
2025-09-09 13:01:25,448 - INFO - model saved 6 times, last saved epoch: 5.

2025-09-09 13:01:28,266 - INFO - Epoch 6, Train loss: 0.38368597626686096.
2025-09-09 13:01:29,108 - INFO - mIoU: 0.5296; OA: 0.89; AA: 0.5712; F1: 0.739; Kappa: 0.8077;
2025-09-09 13:01:29,109 - INFO - spatial_LccAccuracy: 0.4445; spatial_PA: 0.9123; spatial_UA: 0.863; spatial_F1: 0.8869
2025-09-09 13:01:29,109 - INFO - temporal_CdAccuracy: 0.3681; temporal_PA: 0.7738; temporal_UA: 0.6607; temporal_F1: 0.7128
2025-09-09 13:01:29,110 - INFO - Confusion Matrix
 [63583.	 5761.	    0.	    0.	    1.]
 [ 4311.	46140.	   10.	    0.	    6.]
 [   30.	 2294.	  319.	    0.	    0.]
 [ 1321.	   31.	    0.	    0.	    0.]
 [  853.	  140.	    0.	    0.	 9360.]
2025-09-09 13:01:29,151 - INFO - Epoch 6 saved.
2025-09-09 13:01:29,152 - INFO - model saved 7 times, last saved epoch: 6.

2025-09-09 13:01:31,867 - INFO - Epoch 7, Train loss: 0.33410632610321045.
2025-09-09 13:01:32,698 - INFO - mIoU: 0.5814; OA: 0.9017; AA: 0.6205; F1: 0.8187; Kappa: 0.8289;
2025-09-09 13:01:32,699 - INFO - spatial_LccAccuracy: 0.4826; spatial_PA: 0.928; spatial_UA: 0.8684; spatial_F1: 0.8972
2025-09-09 13:01:32,699 - INFO - temporal_CdAccuracy: 0.394; temporal_PA: 0.7875; temporal_UA: 0.6799; temporal_F1: 0.7297
2025-09-09 13:01:32,700 - INFO - Confusion Matrix
 [63681.	 5662.	    0.	    0.	    2.]
 [ 3413.	47009.	   38.	    0.	    7.]
 [   29.	 1692.	  922.	    0.	    0.]
 [ 1293.	   59.	    0.	    0.	    0.]
 [  837.	  156.	    0.	    0.	 9360.]
2025-09-09 13:01:32,741 - INFO - Epoch 7 saved.
2025-09-09 13:01:32,742 - INFO - model saved 8 times, last saved epoch: 7.

2025-09-09 13:01:35,468 - INFO - Epoch 8, Train loss: 0.2952587306499481.
2025-09-09 13:01:36,336 - INFO - mIoU: 0.6089; OA: 0.9096; AA: 0.6479; F1: 0.6811; Kappa: 0.8431;
2025-09-09 13:01:36,336 - INFO - spatial_LccAccuracy: 0.5103; spatial_PA: 0.9338; spatial_UA: 0.8708; spatial_F1: 0.9012
2025-09-09 13:01:36,336 - INFO - temporal_CdAccuracy: 0.4204; temporal_PA: 0.7949; temporal_UA: 0.6928; temporal_F1: 0.7403
2025-09-09 13:01:36,337 - INFO - Confusion Matrix
 [64031.	 5290.	    8.	    0.	   16.]
 [ 2975.	47396.	   86.	    0.	   10.]
 [   21.	 1374.	 1248.	    0.	    0.]
 [ 1138.	  213.	    0.	    1.	    0.]
 [  816.	  176.	    0.	    0.	 9361.]
2025-09-09 13:01:36,379 - INFO - Epoch 8 saved.
2025-09-09 13:01:36,379 - INFO - model saved 9 times, last saved epoch: 8.

2025-09-09 13:01:39,219 - INFO - Epoch 9, Train loss: 0.25881046056747437.
2025-09-09 13:01:40,010 - INFO - mIoU: 0.6728; OA: 0.9223; AA: 0.7125; F1: 0.7672; Kappa: 0.8654;
2025-09-09 13:01:40,010 - INFO - spatial_LccAccuracy: 0.5671; spatial_PA: 0.9182; spatial_UA: 0.8746; spatial_F1: 0.8959
2025-09-09 13:01:40,011 - INFO - temporal_CdAccuracy: 0.449; temporal_PA: 0.806; temporal_UA: 0.7145; temporal_F1: 0.7575
2025-09-09 13:01:40,012 - INFO - Confusion Matrix
 [65101.	 4118.	   22.	   74.	   30.]
 [ 2836.	47490.	  128.	    0.	   13.]
 [   15.	 1149.	 1479.	    0.	    0.]
 [  662.	  392.	    3.	  295.	    0.]
 [  773.	  211.	    0.	    0.	 9369.]
2025-09-09 13:01:40,072 - INFO - Epoch 9 saved.
2025-09-09 13:01:40,073 - INFO - model saved 10 times, last saved epoch: 9.

2025-09-09 13:01:42,889 - INFO - Epoch 10, Train loss: 0.22086399793624878.
2025-09-09 13:01:43,762 - INFO - mIoU: 0.7195; OA: 0.9316; AA: 0.7562; F1: 0.8081; Kappa: 0.8819;
2025-09-09 13:01:43,763 - INFO - spatial_LccAccuracy: 0.6051; spatial_PA: 0.9244; spatial_UA: 0.876; spatial_F1: 0.8996
2025-09-09 13:01:43,763 - INFO - temporal_CdAccuracy: 0.4924; temporal_PA: 0.8112; temporal_UA: 0.7283; temporal_F1: 0.7675
2025-09-09 13:01:43,764 - INFO - Confusion Matrix
 [65124.	 4128.	   21.	   29.	   43.]
 [ 2125.	48216.	  109.	    5.	   12.]
 [    7.	  756.	 1880.	    0.	    0.]
 [  660.	  331.	    0.	  361.	    0.]
 [  683.	  270.	    0.	    0.	 9400.]
2025-09-09 13:01:43,809 - INFO - Epoch 10 saved.
2025-09-09 13:01:43,810 - INFO - model saved 11 times, last saved epoch: 10.

2025-09-09 13:01:46,582 - INFO - Epoch 11, Train loss: 0.18852202594280243.
2025-09-09 13:01:47,388 - INFO - mIoU: 0.7701; OA: 0.9423; AA: 0.8043; F1: 0.8537; Kappa: 0.9004;
2025-09-09 13:01:47,389 - INFO - spatial_LccAccuracy: 0.657; spatial_PA: 0.9242; spatial_UA: 0.8739; spatial_F1: 0.8984
2025-09-09 13:01:47,389 - INFO - temporal_CdAccuracy: 0.5376; temporal_PA: 0.8197; temporal_UA: 0.7692; temporal_F1: 0.7937
2025-09-09 13:01:47,390 - INFO - Confusion Matrix
 [66429.	 2749.	   28.	   31.	  108.]
 [ 2495.	47846.	   69.	   29.	   28.]
 [    4.	  561.	 2078.	    0.	    0.]
 [  629.	  168.	    0.	  555.	    0.]
 [  587.	  252.	    0.	    0.	 9514.]
2025-09-09 13:01:47,438 - INFO - Epoch 11 saved.
2025-09-09 13:01:47,439 - INFO - model saved 12 times, last saved epoch: 11.

2025-09-09 13:01:50,164 - INFO - Epoch 12, Train loss: 0.1629030406475067.
2025-09-09 13:01:50,999 - INFO - mIoU: 0.7939; OA: 0.9469; AA: 0.8341; F1: 0.873; Kappa: 0.9088;
2025-09-09 13:01:51,000 - INFO - spatial_LccAccuracy: 0.6865; spatial_PA: 0.9386; spatial_UA: 0.9142; spatial_F1: 0.9262
2025-09-09 13:01:51,000 - INFO - temporal_CdAccuracy: 0.5805; temporal_PA: 0.8363; temporal_UA: 0.7908; temporal_F1: 0.8129
2025-09-09 13:01:51,001 - INFO - Confusion Matrix
 [66187.	 2846.	   38.	   26.	  248.]
 [ 1924.	48333.	  111.	   49.	   50.]
 [    1.	  407.	 2235.	    0.	    0.]
 [  416.	  284.	    0.	  652.	    0.]
 [  449.	  273.	    0.	    0.	 9631.]
2025-09-09 13:01:51,050 - INFO - Epoch 12 saved.
2025-09-09 13:01:51,051 - INFO - model saved 13 times, last saved epoch: 12.

2025-09-09 13:01:53,780 - INFO - Epoch 13, Train loss: 0.1444118171930313.
2025-09-09 13:01:54,612 - INFO - mIoU: 0.8184; OA: 0.9508; AA: 0.8604; F1: 0.8925; Kappa: 0.9156;
2025-09-09 13:01:54,612 - INFO - spatial_LccAccuracy: 0.7102; spatial_PA: 0.9446; spatial_UA: 0.9215; spatial_F1: 0.9329
2025-09-09 13:01:54,612 - INFO - temporal_CdAccuracy: 0.6091; temporal_PA: 0.8466; temporal_UA: 0.811; temporal_F1: 0.8285
2025-09-09 13:01:54,613 - INFO - Confusion Matrix
 [66133.	 2878.	   30.	   26.	  278.]
 [ 1634.	48601.	   82.	   98.	   52.]
 [    1.	  400.	 2242.	    0.	    0.]
 [  411.	  140.	    0.	  801.	    0.]
 [  320.	  252.	    0.	    0.	 9781.]
2025-09-09 13:01:54,669 - INFO - Epoch 13 saved.
2025-09-09 13:01:54,670 - INFO - model saved 14 times, last saved epoch: 13.

2025-09-09 13:01:57,417 - INFO - Epoch 14, Train loss: 0.13055452704429626.
2025-09-09 13:01:58,292 - INFO - mIoU: 0.8427; OA: 0.9557; AA: 0.8843; F1: 0.9104; Kappa: 0.9241;
2025-09-09 13:01:58,292 - INFO - spatial_LccAccuracy: 0.7509; spatial_PA: 0.9497; spatial_UA: 0.9599; spatial_F1: 0.9548
2025-09-09 13:01:58,292 - INFO - temporal_CdAccuracy: 0.6471; temporal_PA: 0.8648; temporal_UA: 0.8347; temporal_F1: 0.8495
2025-09-09 13:01:58,293 - INFO - Confusion Matrix
 [66638.	 2307.	   20.	   31.	  349.]
 [ 1770.	48456.	   51.	  101.	   89.]
 [    1.	  424.	 2218.	    0.	    0.]
 [  262.	  144.	    0.	  946.	    0.]
 [  216.	  182.	    0.	    0.	 9955.]
2025-09-09 13:01:58,353 - INFO - Epoch 14 saved.
2025-09-09 13:01:58,354 - INFO - model saved 15 times, last saved epoch: 14.

2025-09-09 13:02:01,247 - INFO - Epoch 15, Train loss: 0.12001882493495941.
2025-09-09 13:02:02,128 - INFO - mIoU: 0.8759; OA: 0.96; AA: 0.9261; F1: 0.9321; Kappa: 0.9316;
2025-09-09 13:02:02,128 - INFO - spatial_LccAccuracy: 0.7742; spatial_PA: 0.9417; spatial_UA: 0.9746; spatial_F1: 0.9579
2025-09-09 13:02:02,128 - INFO - temporal_CdAccuracy: 0.6552; temporal_PA: 0.8828; temporal_UA: 0.8415; temporal_F1: 0.8616
2025-09-09 13:02:02,129 - INFO - Confusion Matrix
 [66689.	 2359.	   35.	   71.	  191.]
 [ 1543.	48628.	  135.	  104.	   57.]
 [    1.	  257.	 2385.	    0.	    0.]
 [   85.	  129.	    0.	 1138.	    0.]
 [  208.	  193.	    0.	    0.	 9952.]
2025-09-09 13:02:02,170 - INFO - Epoch 15 saved.
2025-09-09 13:02:02,171 - INFO - model saved 16 times, last saved epoch: 15.

2025-09-09 13:02:04,991 - INFO - Epoch 16, Train loss: 0.11205065250396729.
2025-09-09 13:02:05,803 - INFO - mIoU: 0.8773; OA: 0.9612; AA: 0.9177; F1: 0.9329; Kappa: 0.9336;
2025-09-09 13:02:05,804 - INFO - spatial_LccAccuracy: 0.7867; spatial_PA: 0.9552; spatial_UA: 0.9727; spatial_F1: 0.9639
2025-09-09 13:02:05,804 - INFO - temporal_CdAccuracy: 0.6668; temporal_PA: 0.8792; temporal_UA: 0.8517; temporal_F1: 0.8652
2025-09-09 13:02:05,805 - INFO - Confusion Matrix
 [66990.	 2072.	   19.	   15.	  249.]
 [ 1667.	48541.	   74.	  107.	   78.]
 [    1.	  291.	 2351.	    0.	    0.]
 [  150.	  111.	    0.	 1091.	    0.]
 [  225.	  147.	    0.	    0.	 9981.]
2025-09-09 13:02:05,845 - INFO - Epoch 16 saved.
2025-09-09 13:02:05,846 - INFO - model saved 17 times, last saved epoch: 16.

2025-09-09 13:02:08,601 - INFO - Epoch 17, Train loss: 0.10598678886890411.
2025-09-09 13:02:09,408 - INFO - mIoU: 0.8831; OA: 0.9616; AA: 0.925; F1: 0.9369; Kappa: 0.9344;
2025-09-09 13:02:09,408 - INFO - spatial_LccAccuracy: 0.784; spatial_PA: 0.9496; spatial_UA: 0.9758; spatial_F1: 0.9625
2025-09-09 13:02:09,408 - INFO - temporal_CdAccuracy: 0.6699; temporal_PA: 0.8823; temporal_UA: 0.8497; temporal_F1: 0.8657
2025-09-09 13:02:09,409 - INFO - Confusion Matrix
 [66485.	 2465.	    7.	   16.	  372.]
 [ 1222.	49002.	   33.	  120.	   90.]
 [    1.	  410.	 2232.	    0.	    0.]
 [   90.	   79.	    0.	 1183.	    0.]
 [  107.	  142.	    0.	    0.	10104.]
2025-09-09 13:02:09,474 - INFO - Epoch 17 saved.
2025-09-09 13:02:09,475 - INFO - model saved 18 times, last saved epoch: 17.

2025-09-09 13:02:12,191 - INFO - Epoch 18, Train loss: 0.10151069611310959.
2025-09-09 13:02:13,016 - INFO - mIoU: 0.8856; OA: 0.9639; AA: 0.9162; F1: 0.9381; Kappa: 0.9381;
2025-09-09 13:02:13,016 - INFO - spatial_LccAccuracy: 0.8104; spatial_PA: 0.9536; spatial_UA: 0.977; spatial_F1: 0.9652
2025-09-09 13:02:13,017 - INFO - temporal_CdAccuracy: 0.6655; temporal_PA: 0.8808; temporal_UA: 0.86; temporal_F1: 0.8702
2025-09-09 13:02:13,017 - INFO - Confusion Matrix
 [67543.	 1733.	    6.	    9.	   54.]
 [ 1714.	48601.	   36.	   93.	   23.]
 [    1.	  354.	 2288.	    0.	    0.]
 [   82.	  140.	    0.	 1130.	    0.]
 [  414.	  179.	    0.	    0.	 9760.]
2025-09-09 13:02:13,075 - INFO - Epoch 18 saved.
2025-09-09 13:02:13,076 - INFO - model saved 19 times, last saved epoch: 18.

2025-09-09 13:02:16,027 - INFO - Epoch 19, Train loss: 0.09480295330286026.
2025-09-09 13:02:16,893 - INFO - mIoU: 0.8946; OA: 0.9631; AA: 0.9374; F1: 0.9436; Kappa: 0.937;
2025-09-09 13:02:16,893 - INFO - spatial_LccAccuracy: 0.7898; spatial_PA: 0.954; spatial_UA: 0.9752; spatial_F1: 0.9645
2025-09-09 13:02:16,893 - INFO - temporal_CdAccuracy: 0.6561; temporal_PA: 0.8792; temporal_UA: 0.8494; temporal_F1: 0.864
2025-09-09 13:02:16,894 - INFO - Confusion Matrix
 [66163.	 2881.	    5.	   50.	  246.]
 [  873.	49377.	   31.	  110.	   76.]
 [    1.	  360.	 2282.	    0.	    0.]
 [   44.	   77.	    0.	 1231.	    0.]
 [   63.	  140.	    0.	    0.	10150.]
2025-09-09 13:02:16,936 - INFO - Epoch 19 saved.
2025-09-09 13:02:16,937 - INFO - model saved 20 times, last saved epoch: 19.

2025-09-09 13:02:19,823 - INFO - Epoch 20, Train loss: 0.09175364673137665.
2025-09-09 13:02:20,651 - INFO - mIoU: 0.9001; OA: 0.9677; AA: 0.9433; F1: 0.9466; Kappa: 0.9447;
2025-09-09 13:02:20,652 - INFO - spatial_LccAccuracy: 0.8296; spatial_PA: 0.9639; spatial_UA: 0.9772; spatial_F1: 0.9705
2025-09-09 13:02:20,652 - INFO - temporal_CdAccuracy: 0.6838; temporal_PA: 0.8982; temporal_UA: 0.8781; temporal_F1: 0.888
2025-09-09 13:02:20,653 - INFO - Confusion Matrix
 [67800.	 1482.	   24.	   15.	   24.]
 [ 1590.	48556.	  151.	  135.	   35.]
 [    1.	  196.	 2446.	    0.	    0.]
 [   81.	   49.	    0.	 1222.	    0.]
 [  391.	  154.	    0.	    0.	 9808.]
2025-09-09 13:02:20,694 - INFO - Epoch 20 saved.
2025-09-09 13:02:20,695 - INFO - model saved 21 times, last saved epoch: 20.

2025-09-09 13:02:23,485 - INFO - Epoch 21, Train loss: 0.0876878872513771.
2025-09-09 13:02:24,353 - INFO - mIoU: 0.9081; OA: 0.9699; AA: 0.9412; F1: 0.9512; Kappa: 0.9485;
2025-09-09 13:02:24,353 - INFO - spatial_LccAccuracy: 0.8301; spatial_PA: 0.9663; spatial_UA: 0.9761; spatial_F1: 0.9712
2025-09-09 13:02:24,353 - INFO - temporal_CdAccuracy: 0.6914; temporal_PA: 0.9005; temporal_UA: 0.8832; temporal_F1: 0.8918
2025-09-09 13:02:24,355 - INFO - Confusion Matrix
 [67874.	 1318.	    5.	   11.	  137.]
 [ 1611.	48639.	   59.	   99.	   59.]
 [    1.	  267.	 2375.	    0.	    0.]
 [   75.	   65.	    0.	 1212.	    0.]
 [  191.	  135.	    0.	    0.	10027.]
2025-09-09 13:02:24,410 - INFO - Epoch 21 saved.
2025-09-09 13:02:24,410 - INFO - model saved 22 times, last saved epoch: 21.

2025-09-09 13:02:27,159 - INFO - Epoch 22, Train loss: 0.0836498811841011.
2025-09-09 13:02:28,019 - INFO - mIoU: 0.9066; OA: 0.9706; AA: 0.9354; F1: 0.9503; Kappa: 0.9495;
2025-09-09 13:02:28,019 - INFO - spatial_LccAccuracy: 0.8399; spatial_PA: 0.9601; spatial_UA: 0.977; spatial_F1: 0.9685
2025-09-09 13:02:28,020 - INFO - temporal_CdAccuracy: 0.6928; temporal_PA: 0.905; temporal_UA: 0.8833; temporal_F1: 0.894
2025-09-09 13:02:28,020 - INFO - Confusion Matrix
 [68262.	 1011.	    5.	    8.	   59.]
 [ 1800.	48478.	   39.	   91.	   59.]
 [    1.	  307.	 2335.	    0.	    0.]
 [   68.	   83.	    0.	 1201.	    0.]
 [  294.	  118.	    0.	    0.	 9941.]
2025-09-09 13:02:28,021 - INFO - model saved 22 times, last saved epoch: 21.

2025-09-09 13:02:30,781 - INFO - Epoch 23, Train loss: 0.08043616265058517.
2025-09-09 13:02:31,607 - INFO - mIoU: 0.9071; OA: 0.9719; AA: 0.9347; F1: 0.9502; Kappa: 0.9519;
2025-09-09 13:02:31,608 - INFO - spatial_LccAccuracy: 0.8493; spatial_PA: 0.9635; spatial_UA: 0.9725; spatial_F1: 0.9679
2025-09-09 13:02:31,608 - INFO - temporal_CdAccuracy: 0.686; temporal_PA: 0.8983; temporal_UA: 0.8836; temporal_F1: 0.8909
2025-09-09 13:02:31,609 - INFO - Confusion Matrix
 [68001.	 1180.	    4.	    7.	  153.]
 [ 1581.	48648.	   55.	   58.	  125.]
 [    2.	  257.	 2384.	    0.	    0.]
 [  110.	  108.	    0.	 1134.	    0.]
 [   54.	   71.	    0.	    0.	10228.]
2025-09-09 13:02:31,610 - INFO - model saved 22 times, last saved epoch: 21.

2025-09-09 13:02:34,547 - INFO - Epoch 24, Train loss: 0.0780852660536766.
2025-09-09 13:02:35,356 - INFO - mIoU: 0.906; OA: 0.9692; AA: 0.9452; F1: 0.9501; Kappa: 0.9471;
2025-09-09 13:02:35,356 - INFO - spatial_LccAccuracy: 0.8555; spatial_PA: 0.9688; spatial_UA: 0.975; spatial_F1: 0.9719
2025-09-09 13:02:35,356 - INFO - temporal_CdAccuracy: 0.7017; temporal_PA: 0.9113; temporal_UA: 0.8945; temporal_F1: 0.9028
2025-09-09 13:02:35,357 - INFO - Confusion Matrix
 [68026.	 1291.	    8.	   18.	    2.]
 [ 1529.	48683.	   71.	  155.	   29.]
 [    2.	  224.	 2417.	    0.	    0.]
 [   69.	   19.	    0.	 1264.	    0.]
 [  575.	  140.	    0.	    0.	 9638.]
2025-09-09 13:02:35,358 - INFO - model saved 22 times, last saved epoch: 21.

2025-09-09 13:02:38,451 - INFO - Epoch 25, Train loss: 0.0734901875257492.
2025-09-09 13:02:39,316 - INFO - mIoU: 0.9145; OA: 0.9702; AA: 0.9536; F1: 0.9549; Kappa: 0.949;
2025-09-09 13:02:39,316 - INFO - spatial_LccAccuracy: 0.8484; spatial_PA: 0.9756; spatial_UA: 0.9702; spatial_F1: 0.9729
2025-09-09 13:02:39,316 - INFO - temporal_CdAccuracy: 0.6968; temporal_PA: 0.9116; temporal_UA: 0.8875; temporal_F1: 0.8994
2025-09-09 13:02:39,317 - INFO - Confusion Matrix
 [67528.	 1755.	    5.	   16.	   41.]
 [ 1194.	49004.	   82.	  139.	   48.]
 [    2.	  219.	 2422.	    0.	    0.]
 [   55.	   15.	    0.	 1282.	    0.]
 [  268.	  160.	    0.	    0.	 9925.]
2025-09-09 13:02:39,360 - INFO - Epoch 25 saved.
2025-09-09 13:02:39,360 - INFO - model saved 23 times, last saved epoch: 25.

2025-09-09 13:02:42,237 - INFO - Epoch 26, Train loss: 0.07099884003400803.
2025-09-09 13:02:43,123 - INFO - mIoU: 0.9024; OA: 0.9723; AA: 0.9315; F1: 0.9476; Kappa: 0.9524;
2025-09-09 13:02:43,123 - INFO - spatial_LccAccuracy: 0.856; spatial_PA: 0.9636; spatial_UA: 0.9762; spatial_F1: 0.9699
2025-09-09 13:02:43,123 - INFO - temporal_CdAccuracy: 0.6959; temporal_PA: 0.9077; temporal_UA: 0.901; temporal_F1: 0.9043
2025-09-09 13:02:43,124 - INFO - Confusion Matrix
 [68538.	  768.	    1.	   10.	   28.]
 [ 1812.	48457.	   14.	  113.	   71.]
 [    8.	  485.	 2150.	    0.	    0.]
 [   78.	   23.	    0.	 1251.	    0.]
 [  202.	  105.	    0.	    0.	10046.]
2025-09-09 13:02:43,125 - INFO - model saved 23 times, last saved epoch: 25.

2025-09-09 13:02:45,856 - INFO - Epoch 27, Train loss: 0.07112114876508713.
2025-09-09 13:02:46,648 - INFO - mIoU: 0.9071; OA: 0.973; AA: 0.9274; F1: 0.9504; Kappa: 0.9535;
2025-09-09 13:02:46,648 - INFO - spatial_LccAccuracy: 0.8529; spatial_PA: 0.97; spatial_UA: 0.9791; spatial_F1: 0.9745
2025-09-09 13:02:46,648 - INFO - temporal_CdAccuracy: 0.6896; temporal_PA: 0.9112; temporal_UA: 0.8932; temporal_F1: 0.9021
2025-09-09 13:02:46,649 - INFO - Confusion Matrix
 [68316.	 1013.	    2.	    7.	    7.]
 [ 1487.	48893.	   19.	   50.	   18.]
 [    4.	  415.	 2224.	    0.	    0.]
 [   73.	   82.	    0.	 1197.	    0.]
 [  256.	  196.	    0.	    0.	 9901.]
2025-09-09 13:02:46,650 - INFO - model saved 23 times, last saved epoch: 25.

2025-09-09 13:02:49,409 - INFO - Epoch 28, Train loss: 0.06780601292848587.
2025-09-09 13:02:50,240 - INFO - mIoU: 0.9233; OA: 0.9759; AA: 0.9539; F1: 0.9596; Kappa: 0.9588;
2025-09-09 13:02:50,240 - INFO - spatial_LccAccuracy: 0.8654; spatial_PA: 0.9678; spatial_UA: 0.9812; spatial_F1: 0.9745
2025-09-09 13:02:50,241 - INFO - temporal_CdAccuracy: 0.712; temporal_PA: 0.9225; temporal_UA: 0.9047; temporal_F1: 0.9135
2025-09-09 13:02:50,242 - INFO - Confusion Matrix
 [67889.	 1296.	    4.	   16.	  140.]
 [ 1044.	49199.	   26.	   95.	  103.]
 [    2.	  339.	 2302.	    0.	    0.]
 [   36.	   25.	    0.	 1291.	    0.]
 [   26.	   81.	    0.	    0.	10246.]
2025-09-09 13:02:50,284 - INFO - Epoch 28 saved.
2025-09-09 13:02:50,284 - INFO - model saved 24 times, last saved epoch: 28.

2025-09-09 13:02:53,076 - INFO - Epoch 29, Train loss: 0.06419772654771805.
2025-09-09 13:02:53,924 - INFO - mIoU: 0.9282; OA: 0.9771; AA: 0.9472; F1: 0.9622; Kappa: 0.9607;
2025-09-09 13:02:53,925 - INFO - spatial_LccAccuracy: 0.8757; spatial_PA: 0.9666; spatial_UA: 0.9771; spatial_F1: 0.9719
2025-09-09 13:02:53,925 - INFO - temporal_CdAccuracy: 0.7115; temporal_PA: 0.925; temporal_UA: 0.909; temporal_F1: 0.9169
2025-09-09 13:02:53,926 - INFO - Confusion Matrix
 [68298.	  992.	    3.	    7.	   45.]
 [ 1358.	48944.	   51.	   20.	   94.]
 [    7.	  231.	 2405.	    0.	    0.]
 [   66.	   94.	    0.	 1192.	    0.]
 [   20.	   86.	    0.	    0.	10247.]
2025-09-09 13:02:53,967 - INFO - Epoch 29 saved.
2025-09-09 13:02:53,967 - INFO - model saved 25 times, last saved epoch: 29.

2025-09-09 13:02:56,813 - INFO - Epoch 30, Train loss: 0.06511429697275162.
2025-09-09 13:02:57,697 - INFO - mIoU: 0.9316; OA: 0.9778; AA: 0.9527; F1: 0.9641; Kappa: 0.9621;
2025-09-09 13:02:57,698 - INFO - spatial_LccAccuracy: 0.8779; spatial_PA: 0.9727; spatial_UA: 0.9855; spatial_F1: 0.9791
2025-09-09 13:02:57,698 - INFO - temporal_CdAccuracy: 0.716; temporal_PA: 0.9248; temporal_UA: 0.9093; temporal_F1: 0.917
2025-09-09 13:02:57,699 - INFO - Confusion Matrix
 [67900.	 1376.	    4.	   10.	   55.]
 [  867.	49424.	   33.	   38.	  105.]
 [    2.	  295.	 2346.	    0.	    0.]
 [   48.	   52.	    0.	 1252.	    0.]
 [   23.	   65.	    0.	    0.	10265.]
2025-09-09 13:02:57,750 - INFO - Epoch 30 saved.
2025-09-09 13:02:57,751 - INFO - model saved 26 times, last saved epoch: 30.

2025-09-09 13:03:00,677 - INFO - Epoch 31, Train loss: 0.06124325096607208.
2025-09-09 13:03:01,522 - INFO - mIoU: 0.9363; OA: 0.9783; AA: 0.9664; F1: 0.9668; Kappa: 0.9629;
2025-09-09 13:03:01,522 - INFO - spatial_LccAccuracy: 0.8918; spatial_PA: 0.975; spatial_UA: 0.9806; spatial_F1: 0.9778
2025-09-09 13:03:01,522 - INFO - temporal_CdAccuracy: 0.7133; temporal_PA: 0.9328; temporal_UA: 0.9144; temporal_F1: 0.9235
2025-09-09 13:03:01,523 - INFO - Confusion Matrix
 [68403.	  917.	    4.	   18.	    3.]
 [ 1307.	48930.	   95.	   87.	   48.]
 [    2.	  176.	 2465.	    0.	    0.]
 [   37.	   13.	    0.	 1302.	    0.]
 [   75.	  126.	    0.	    0.	10152.]
2025-09-09 13:03:01,577 - INFO - Epoch 31 saved.
2025-09-09 13:03:01,577 - INFO - model saved 27 times, last saved epoch: 31.

2025-09-09 13:03:04,420 - INFO - Epoch 32, Train loss: 0.058346547186374664.
2025-09-09 13:03:05,308 - INFO - mIoU: 0.9388; OA: 0.9777; AA: 0.961; F1: 0.9682; Kappa: 0.962;
2025-09-09 13:03:05,308 - INFO - spatial_LccAccuracy: 0.8869; spatial_PA: 0.9724; spatial_UA: 0.9845; spatial_F1: 0.9784
2025-09-09 13:03:05,308 - INFO - temporal_CdAccuracy: 0.7097; temporal_PA: 0.9311; temporal_UA: 0.907; temporal_F1: 0.9189
2025-09-09 13:03:05,309 - INFO - Confusion Matrix
 [67650.	 1643.	    5.	   14.	   33.]
 [  698.	49605.	   70.	   27.	   67.]
 [    2.	  211.	 2430.	    0.	    0.]
 [   31.	   50.	    0.	 1271.	    0.]
 [   31.	  104.	    0.	    0.	10218.]
2025-09-09 13:03:05,355 - INFO - Epoch 32 saved.
2025-09-09 13:03:05,355 - INFO - model saved 28 times, last saved epoch: 32.

2025-09-09 13:03:08,105 - INFO - Epoch 33, Train loss: 0.056158535182476044.
2025-09-09 13:03:08,920 - INFO - mIoU: 0.9349; OA: 0.9789; AA: 0.9706; F1: 0.966; Kappa: 0.9639;
2025-09-09 13:03:08,921 - INFO - spatial_LccAccuracy: 0.8882; spatial_PA: 0.9747; spatial_UA: 0.9861; spatial_F1: 0.9804
2025-09-09 13:03:08,921 - INFO - temporal_CdAccuracy: 0.7254; temporal_PA: 0.9383; temporal_UA: 0.9188; temporal_F1: 0.9285
2025-09-09 13:03:08,922 - INFO - Confusion Matrix
 [68602.	  662.	    4.	   12.	   65.]
 [ 1464.	48614.	   91.	  120.	  178.]
 [    2.	  177.	 2464.	    0.	    0.]
 [   35.	    6.	    0.	 1311.	    0.]
 [    3.	   13.	    0.	    0.	10337.]
2025-09-09 13:03:08,923 - INFO - model saved 28 times, last saved epoch: 32.

2025-09-09 13:03:11,761 - INFO - Epoch 34, Train loss: 0.055882010608911514.
2025-09-09 13:03:12,614 - INFO - mIoU: 0.9346; OA: 0.9753; AA: 0.9637; F1: 0.9659; Kappa: 0.9576;
2025-09-09 13:03:12,614 - INFO - spatial_LccAccuracy: 0.8806; spatial_PA: 0.9621; spatial_UA: 0.9844; spatial_F1: 0.9732
2025-09-09 13:03:12,615 - INFO - temporal_CdAccuracy: 0.7182; temporal_PA: 0.9192; temporal_UA: 0.9207; temporal_F1: 0.9199
2025-09-09 13:03:12,615 - INFO - Confusion Matrix
 [68435.	  874.	    3.	   20.	   13.]
 [ 1804.	48450.	   43.	   89.	   81.]
 [    2.	  248.	 2393.	    0.	    0.]
 [   23.	    9.	    0.	 1320.	    0.]
 [   27.	   80.	    0.	    0.	10246.]
2025-09-09 13:03:12,616 - INFO - model saved 28 times, last saved epoch: 32.

2025-09-09 13:03:15,394 - INFO - Epoch 35, Train loss: 0.05366436764597893.
2025-09-09 13:03:16,260 - INFO - mIoU: 0.9431; OA: 0.9796; AA: 0.965; F1: 0.9705; Kappa: 0.9651;
2025-09-09 13:03:16,261 - INFO - spatial_LccAccuracy: 0.8927; spatial_PA: 0.9721; spatial_UA: 0.9835; spatial_F1: 0.9778
2025-09-09 13:03:16,261 - INFO - temporal_CdAccuracy: 0.7218; temporal_PA: 0.9419; temporal_UA: 0.9159; temporal_F1: 0.9288
2025-09-09 13:03:16,262 - INFO - Confusion Matrix
 [68522.	  807.	    1.	   11.	    4.]
 [ 1343.	48923.	   63.	   45.	   93.]
 [    3.	  206.	 2434.	    0.	    0.]
 [   32.	   27.	    0.	 1293.	    0.]
 [   53.	   49.	    0.	    0.	10251.]
2025-09-09 13:03:16,312 - INFO - Epoch 35 saved.
2025-09-09 13:03:16,312 - INFO - model saved 29 times, last saved epoch: 35.

2025-09-09 13:03:19,134 - INFO - Epoch 36, Train loss: 0.05374353751540184.
2025-09-09 13:03:19,946 - INFO - mIoU: 0.9372; OA: 0.9788; AA: 0.9734; F1: 0.9673; Kappa: 0.9636;
2025-09-09 13:03:19,947 - INFO - spatial_LccAccuracy: 0.8945; spatial_PA: 0.9701; spatial_UA: 0.9829; spatial_F1: 0.9764
2025-09-09 13:03:19,947 - INFO - temporal_CdAccuracy: 0.72; temporal_PA: 0.9446; temporal_UA: 0.9177; temporal_F1: 0.931
2025-09-09 13:03:19,948 - INFO - Confusion Matrix
 [68545.	  774.	    3.	   22.	    1.]
 [ 1408.	48756.	  134.	  110.	   59.]
 [    2.	  140.	 2501.	    0.	    0.]
 [   16.	    7.	    0.	 1329.	    0.]
 [   87.	   85.	    0.	    2.	10179.]
2025-09-09 13:03:19,949 - INFO - model saved 29 times, last saved epoch: 35.

2025-09-09 13:03:22,862 - INFO - Epoch 37, Train loss: 0.05167074874043465.
2025-09-09 13:03:23,683 - INFO - mIoU: 0.9475; OA: 0.9797; AA: 0.9712; F1: 0.9728; Kappa: 0.9653;
2025-09-09 13:03:23,683 - INFO - spatial_LccAccuracy: 0.9016; spatial_PA: 0.9751; spatial_UA: 0.9844; spatial_F1: 0.9797
2025-09-09 13:03:23,683 - INFO - temporal_CdAccuracy: 0.7178; temporal_PA: 0.9415; temporal_UA: 0.9119; temporal_F1: 0.9265
2025-09-09 13:03:23,684 - INFO - Confusion Matrix
 [68451.	  845.	    2.	   20.	   27.]
 [ 1315.	48908.	   84.	   31.	  129.]
 [    5.	  170.	 2468.	    0.	    0.]
 [   15.	   24.	    0.	 1313.	    0.]
 [   11.	   42.	    0.	    0.	10300.]
2025-09-09 13:03:23,730 - INFO - Epoch 37 saved.
2025-09-09 13:03:23,730 - INFO - model saved 30 times, last saved epoch: 37.

2025-09-09 13:03:26,488 - INFO - Epoch 38, Train loss: 0.050481148064136505.
2025-09-09 13:03:27,281 - INFO - mIoU: 0.9485; OA: 0.9814; AA: 0.9746; F1: 0.9734; Kappa: 0.9682;
2025-09-09 13:03:27,281 - INFO - spatial_LccAccuracy: 0.9137; spatial_PA: 0.9712; spatial_UA: 0.9871; spatial_F1: 0.9791
2025-09-09 13:03:27,281 - INFO - temporal_CdAccuracy: 0.7303; temporal_PA: 0.9498; temporal_UA: 0.9315; temporal_F1: 0.9405
2025-09-09 13:03:27,282 - INFO - Confusion Matrix
 [68522.	  804.	    6.	   13.	    0.]
 [ 1136.	49053.	  113.	   50.	  115.]
 [    2.	  134.	 2507.	    0.	    0.]
 [   22.	   15.	    0.	 1315.	    0.]
 [   38.	   47.	    0.	    0.	10268.]
2025-09-09 13:03:27,325 - INFO - Epoch 38 saved.
2025-09-09 13:03:27,325 - INFO - model saved 31 times, last saved epoch: 38.

2025-09-09 13:03:30,107 - INFO - Epoch 39, Train loss: 0.049083128571510315.
2025-09-09 13:03:30,927 - INFO - mIoU: 0.9529; OA: 0.9817; AA: 0.9732; F1: 0.9757; Kappa: 0.9688;
2025-09-09 13:03:30,927 - INFO - spatial_LccAccuracy: 0.911; spatial_PA: 0.9715; spatial_UA: 0.9881; spatial_F1: 0.9797
2025-09-09 13:03:30,928 - INFO - temporal_CdAccuracy: 0.7299; temporal_PA: 0.9454; temporal_UA: 0.9293; temporal_F1: 0.9373
2025-09-09 13:03:30,929 - INFO - Confusion Matrix
 [68395.	  924.	    2.	   16.	    8.]
 [ 1036.	49253.	   78.	   26.	   74.]
 [    2.	  175.	 2466.	    0.	    0.]
 [   12.	   17.	    0.	 1323.	    0.]
 [   17.	   62.	    0.	    0.	10274.]
2025-09-09 13:03:30,974 - INFO - Epoch 39 saved.
2025-09-09 13:03:30,975 - INFO - model saved 32 times, last saved epoch: 39.

2025-09-09 13:03:33,897 - INFO - Epoch 40, Train loss: 0.048478659242391586.
2025-09-09 13:03:34,722 - INFO - mIoU: 0.9492; OA: 0.9811; AA: 0.9655; F1: 0.9737; Kappa: 0.9678;
2025-09-09 13:03:34,722 - INFO - spatial_LccAccuracy: 0.9034; spatial_PA: 0.977; spatial_UA: 0.9878; spatial_F1: 0.9824
2025-09-09 13:03:34,722 - INFO - temporal_CdAccuracy: 0.7326; temporal_PA: 0.9391; temporal_UA: 0.9289; temporal_F1: 0.934
2025-09-09 13:03:34,723 - INFO - Confusion Matrix
 [68121.	 1205.	    3.	   12.	    4.]
 [  777.	49575.	   54.	   11.	   50.]
 [    2.	  222.	 2419.	    0.	    0.]
 [   15.	   38.	    0.	 1299.	    0.]
 [   42.	   94.	    0.	    0.	10217.]
2025-09-09 13:03:34,724 - INFO - model saved 32 times, last saved epoch: 39.

2025-09-09 13:03:37,479 - INFO - Epoch 41, Train loss: 0.04648193344473839.
2025-09-09 13:03:38,356 - INFO - mIoU: 0.9152; OA: 0.9771; AA: 0.9289; F1: 0.9547; Kappa: 0.9608;
2025-09-09 13:03:38,356 - INFO - spatial_LccAccuracy: 0.8681; spatial_PA: 0.9772; spatial_UA: 0.985; spatial_F1: 0.9811
2025-09-09 13:03:38,356 - INFO - temporal_CdAccuracy: 0.7124; temporal_PA: 0.9332; temporal_UA: 0.9147; temporal_F1: 0.9238
2025-09-09 13:03:38,357 - INFO - Confusion Matrix
 [67622.	 1711.	    2.	    5.	    5.]
 [  513.	49904.	   19.	    3.	   28.]
 [    2.	  361.	 2280.	    0.	    0.]
 [   21.	  199.	    0.	 1132.	    0.]
 [   46.	  157.	    0.	    0.	10150.]
2025-09-09 13:03:38,358 - INFO - model saved 32 times, last saved epoch: 39.

2025-09-09 13:03:41,313 - INFO - Epoch 42, Train loss: 0.04606200382113457.
2025-09-09 13:03:42,180 - INFO - mIoU: 0.948; OA: 0.9819; AA: 0.9641; F1: 0.9729; Kappa: 0.969;
2025-09-09 13:03:42,180 - INFO - spatial_LccAccuracy: 0.9106; spatial_PA: 0.9746; spatial_UA: 0.989; spatial_F1: 0.9817
2025-09-09 13:03:42,180 - INFO - temporal_CdAccuracy: 0.7406; temporal_PA: 0.9428; temporal_UA: 0.9371; temporal_F1: 0.9399
2025-09-09 13:03:42,181 - INFO - Confusion Matrix
 [68431.	  874.	    1.	   12.	   27.]
 [  976.	49346.	   26.	   19.	  100.]
 [    2.	  314.	 2327.	    0.	    0.]
 [   12.	   15.	    0.	 1325.	    0.]
 [    5.	   43.	    0.	    0.	10305.]
2025-09-09 13:03:42,182 - INFO - model saved 32 times, last saved epoch: 39.

2025-09-09 13:03:44,927 - INFO - Epoch 43, Train loss: 0.044652823358774185.
2025-09-09 13:03:45,819 - INFO - mIoU: 0.9466; OA: 0.9812; AA: 0.9768; F1: 0.9724; Kappa: 0.968;
2025-09-09 13:03:45,819 - INFO - spatial_LccAccuracy: 0.9047; spatial_PA: 0.9738; spatial_UA: 0.9897; spatial_F1: 0.9817
2025-09-09 13:03:45,820 - INFO - temporal_CdAccuracy: 0.733; temporal_PA: 0.9433; temporal_UA: 0.9324; temporal_F1: 0.9378
2025-09-09 13:03:45,820 - INFO - Confusion Matrix
 [68001.	 1286.	    6.	   38.	   14.]
 [  686.	49565.	   70.	   77.	   69.]
 [    2.	  164.	 2477.	    0.	    0.]
 [    2.	    7.	    0.	 1343.	    0.]
 [   10.	   85.	    0.	    0.	10258.]
2025-09-09 13:03:45,822 - INFO - model saved 32 times, last saved epoch: 39.

2025-09-09 13:03:48,608 - INFO - Epoch 44, Train loss: 0.04482254758477211.
2025-09-09 13:03:49,456 - INFO - mIoU: 0.9279; OA: 0.9754; AA: 0.9435; F1: 0.9621; Kappa: 0.958;
2025-09-09 13:03:49,457 - INFO - spatial_LccAccuracy: 0.8605; spatial_PA: 0.9668; spatial_UA: 0.9877; spatial_F1: 0.9771
2025-09-09 13:03:49,457 - INFO - temporal_CdAccuracy: 0.6963; temporal_PA: 0.9187; temporal_UA: 0.9021; temporal_F1: 0.9103
2025-09-09 13:03:49,458 - INFO - Confusion Matrix
 [67126.	 2206.	    4.	    9.	    0.]
 [  392.	50021.	   24.	    3.	   27.]
 [    1.	  315.	 2327.	    0.	    0.]
 [    5.	  137.	    0.	 1210.	    0.]
 [   37.	  140.	    0.	    0.	10176.]
2025-09-09 13:03:49,459 - INFO - model saved 32 times, last saved epoch: 39.

2025-09-09 13:03:52,254 - INFO - Epoch 45, Train loss: 0.044695623219013214.
2025-09-09 13:03:53,077 - INFO - mIoU: 0.9506; OA: 0.9824; AA: 0.9703; F1: 0.9744; Kappa: 0.9699;
2025-09-09 13:03:53,077 - INFO - spatial_LccAccuracy: 0.9159; spatial_PA: 0.9796; spatial_UA: 0.9904; spatial_F1: 0.985
2025-09-09 13:03:53,077 - INFO - temporal_CdAccuracy: 0.7419; temporal_PA: 0.9482; temporal_UA: 0.9342; temporal_F1: 0.9411
2025-09-09 13:03:53,078 - INFO - Confusion Matrix
 [68610.	  712.	    1.	   10.	   12.]
 [ 1123.	49154.	   42.	   42.	  106.]
 [    2.	  240.	 2401.	    0.	    0.]
 [   13.	    8.	    0.	 1331.	    0.]
 [   20.	   29.	    0.	    2.	10302.]
2025-09-09 13:03:53,079 - INFO - model saved 32 times, last saved epoch: 39.

2025-09-09 13:03:55,819 - INFO - Epoch 46, Train loss: 0.041565921157598495.
2025-09-09 13:03:56,687 - INFO - mIoU: 0.9527; OA: 0.9822; AA: 0.9706; F1: 0.9756; Kappa: 0.9696;
2025-09-09 13:03:56,687 - INFO - spatial_LccAccuracy: 0.911; spatial_PA: 0.9764; spatial_UA: 0.9924; spatial_F1: 0.9844
2025-09-09 13:03:56,687 - INFO - temporal_CdAccuracy: 0.7388; temporal_PA: 0.9518; temporal_UA: 0.9316; temporal_F1: 0.9416
2025-09-09 13:03:56,687 - INFO - Confusion Matrix
 [68280.	 1039.	    4.	   22.	    0.]
 [  819.	49536.	   80.	    3.	   29.]
 [    2.	  162.	 2479.	    0.	    0.]
 [    4.	   42.	    0.	 1306.	    0.]
 [   45.	  128.	    0.	    3.	10177.]
2025-09-09 13:03:56,688 - INFO - model saved 32 times, last saved epoch: 39.

2025-09-09 13:03:59,573 - INFO - Epoch 47, Train loss: 0.04225321114063263.
2025-09-09 13:04:00,475 - INFO - mIoU: 0.9528; OA: 0.981; AA: 0.9724; F1: 0.9757; Kappa: 0.9675;
2025-09-09 13:04:00,475 - INFO - spatial_LccAccuracy: 0.9146; spatial_PA: 0.9821; spatial_UA: 0.9892; spatial_F1: 0.9856
2025-09-09 13:04:00,475 - INFO - temporal_CdAccuracy: 0.7397; temporal_PA: 0.9487; temporal_UA: 0.933; temporal_F1: 0.9408
2025-09-09 13:04:00,476 - INFO - Confusion Matrix
 [68410.	  919.	    3.	   13.	    0.]
 [ 1050.	49288.	   89.	   18.	   22.]
 [    2.	  145.	 2496.	    0.	    0.]
 [   12.	   16.	    0.	 1324.	    0.]
 [  125.	  126.	    0.	    4.	10098.]
2025-09-09 13:04:00,477 - INFO - model saved 32 times, last saved epoch: 39.

2025-09-09 13:04:03,222 - INFO - Epoch 48, Train loss: 0.040486693382263184.
2025-09-09 13:04:04,012 - INFO - mIoU: 0.9545; OA: 0.9827; AA: 0.973; F1: 0.9766; Kappa: 0.9704;
2025-09-09 13:04:04,493 - INFO - spatial_LccAccuracy: 0.9195; spatial_PA: 0.9805; spatial_UA: 0.9869; spatial_F1: 0.9837
2025-09-09 13:04:04,494 - INFO - temporal_CdAccuracy: 0.7419; temporal_PA: 0.9501; temporal_UA: 0.9349; temporal_F1: 0.9424
2025-09-09 13:04:04,494 - INFO - Confusion Matrix
 [68424.	  909.	    2.	    8.	    2.]
 [  899.	49425.	  101.	   18.	   24.]
 [    2.	  131.	 2510.	    0.	    0.]
 [   32.	   13.	    0.	 1307.	    0.]
 [   48.	  134.	    0.	    0.	10171.]
2025-09-09 13:04:04,566 - INFO - Epoch 48 saved.
2025-09-09 13:04:04,566 - INFO - model saved 33 times, last saved epoch: 48.

2025-09-09 13:04:07,381 - INFO - Epoch 49, Train loss: 0.039611365646123886.
2025-09-09 13:04:08,294 - INFO - mIoU: 0.9496; OA: 0.9827; AA: 0.9621; F1: 0.9739; Kappa: 0.9703;
2025-09-09 13:04:08,295 - INFO - spatial_LccAccuracy: 0.9146; spatial_PA: 0.9828; spatial_UA: 0.9885; spatial_F1: 0.9857
2025-09-09 13:04:08,295 - INFO - temporal_CdAccuracy: 0.7357; temporal_PA: 0.9549; temporal_UA: 0.9344; temporal_F1: 0.9445
2025-09-09 13:04:08,296 - INFO - Confusion Matrix
 [68506.	  833.	    2.	    4.	    0.]
 [  919.	49465.	   36.	    8.	   39.]
 [    2.	  261.	 2380.	    0.	    0.]
 [   34.	   23.	    0.	 1295.	    0.]
 [   57.	  109.	    0.	    0.	10187.]
2025-09-09 13:04:08,297 - INFO - model saved 33 times, last saved epoch: 48.

2025-09-09 13:04:11,137 - INFO - Epoch 50, Train loss: 0.03967553749680519.
2025-09-09 13:04:11,992 - INFO - mIoU: 0.9515; OA: 0.9822; AA: 0.9676; F1: 0.975; Kappa: 0.9695;
2025-09-09 13:04:11,992 - INFO - spatial_LccAccuracy: 0.9146; spatial_PA: 0.9808; spatial_UA: 0.9879; spatial_F1: 0.9843
2025-09-09 13:04:11,992 - INFO - temporal_CdAccuracy: 0.7343; temporal_PA: 0.9528; temporal_UA: 0.9318; temporal_F1: 0.9421
2025-09-09 13:04:11,993 - INFO - Confusion Matrix
 [68420.	  913.	    2.	   10.	    0.]
 [  905.	49440.	   75.	    7.	   40.]
 [    2.	  163.	 2478.	    0.	    0.]
 [   15.	   46.	    0.	 1291.	    0.]
 [   98.	  116.	    0.	    1.	10138.]
2025-09-09 13:04:11,994 - INFO - model saved 33 times, last saved epoch: 48.

2025-09-09 13:04:14,850 - INFO - Epoch 51, Train loss: 0.0386790968477726.
2025-09-09 13:04:15,739 - INFO - mIoU: 0.9537; OA: 0.9818; AA: 0.9695; F1: 0.9761; Kappa: 0.9689;
2025-09-09 13:04:15,740 - INFO - spatial_LccAccuracy: 0.9155; spatial_PA: 0.9837; spatial_UA: 0.9916; spatial_F1: 0.9876
2025-09-09 13:04:15,740 - INFO - temporal_CdAccuracy: 0.7357; temporal_PA: 0.9445; temporal_UA: 0.9352; temporal_F1: 0.9398
2025-09-09 13:04:15,741 - INFO - Confusion Matrix
 [68007.	 1326.	    2.	    9.	    1.]
 [  612.	49692.	   60.	    3.	  100.]
 [    1.	  193.	 2449.	    0.	    0.]
 [    8.	   41.	    0.	 1303.	    0.]
 [   38.	   46.	    0.	    0.	10269.]
2025-09-09 13:04:15,742 - INFO - model saved 33 times, last saved epoch: 48.

2025-09-09 13:04:18,644 - INFO - Epoch 52, Train loss: 0.037224143743515015.
2025-09-09 13:04:19,463 - INFO - mIoU: 0.9444; OA: 0.9817; AA: 0.9599; F1: 0.9711; Kappa: 0.9686;
2025-09-09 13:04:19,463 - INFO - spatial_LccAccuracy: 0.8949; spatial_PA: 0.9841; spatial_UA: 0.9898; spatial_F1: 0.987
2025-09-09 13:04:19,463 - INFO - temporal_CdAccuracy: 0.7241; temporal_PA: 0.9548; temporal_UA: 0.9244; temporal_F1: 0.9394
2025-09-09 13:04:19,464 - INFO - Confusion Matrix
 [68273.	 1065.	    1.	    4.	    2.]
 [  866.	49455.	   78.	    3.	   65.]
 [    3.	  153.	 2487.	    0.	    0.]
 [   23.	  109.	    0.	 1220.	    0.]
 [   30.	   58.	    0.	    0.	10265.]
2025-09-09 13:04:19,465 - INFO - model saved 33 times, last saved epoch: 48.

2025-09-09 13:04:22,211 - INFO - Epoch 53, Train loss: 0.03635312616825104.
2025-09-09 13:04:23,044 - INFO - mIoU: 0.9556; OA: 0.984; AA: 0.9798; F1: 0.9771; Kappa: 0.9726;
2025-09-09 13:04:23,044 - INFO - spatial_LccAccuracy: 0.928; spatial_PA: 0.9827; spatial_UA: 0.9913; spatial_F1: 0.987
2025-09-09 13:04:23,044 - INFO - temporal_CdAccuracy: 0.7428; temporal_PA: 0.9554; temporal_UA: 0.9387; temporal_F1: 0.9469
2025-09-09 13:04:23,045 - INFO - Confusion Matrix
 [68632.	  694.	    5.	   10.	    4.]
 [  985.	49240.	  138.	   37.	   67.]
 [    2.	  112.	 2529.	    0.	    0.]
 [   14.	    8.	    0.	 1330.	    0.]
 [   23.	   45.	    0.	    2.	10283.]
2025-09-09 13:04:23,094 - INFO - Epoch 53 saved.
2025-09-09 13:04:23,094 - INFO - model saved 34 times, last saved epoch: 53.

2025-09-09 13:04:25,831 - INFO - Epoch 54, Train loss: 0.03698429465293884.
2025-09-09 13:04:26,653 - INFO - mIoU: 0.9533; OA: 0.9813; AA: 0.968; F1: 0.9759; Kappa: 0.968;
2025-09-09 13:04:26,653 - INFO - spatial_LccAccuracy: 0.9137; spatial_PA: 0.979; spatial_UA: 0.9883; spatial_F1: 0.9837
2025-09-09 13:04:26,653 - INFO - temporal_CdAccuracy: 0.7402; temporal_PA: 0.9424; temporal_UA: 0.934; temporal_F1: 0.9382
2025-09-09 13:04:26,654 - INFO - Confusion Matrix
 [67850.	 1483.	    2.	    4.	    6.]
 [  507.	49870.	   46.	   11.	   33.]
 [    2.	  210.	 2431.	    0.	    0.]
 [   16.	   25.	    0.	 1311.	    0.]
 [   46.	  119.	    0.	    0.	10188.]
2025-09-09 13:04:26,655 - INFO - model saved 34 times, last saved epoch: 53.

2025-09-09 13:04:29,459 - INFO - Epoch 55, Train loss: 0.03591005504131317.
2025-09-09 13:04:30,294 - INFO - mIoU: 0.9412; OA: 0.9825; AA: 0.9526; F1: 0.9691; Kappa: 0.97;
2025-09-09 13:04:30,294 - INFO - spatial_LccAccuracy: 0.9007; spatial_PA: 0.9831; spatial_UA: 0.9831; spatial_F1: 0.9831
2025-09-09 13:04:30,294 - INFO - temporal_CdAccuracy: 0.7348; temporal_PA: 0.9532; temporal_UA: 0.9338; temporal_F1: 0.9434
2025-09-09 13:04:30,295 - INFO - Confusion Matrix
 [68522.	  815.	    0.	    4.	    4.]
 [  913.	49449.	   20.	    3.	   82.]
 [    6.	  351.	 2286.	    0.	    0.]
 [   41.	   45.	    0.	 1266.	    0.]
 [   16.	   49.	    0.	    0.	10288.]
2025-09-09 13:04:30,296 - INFO - model saved 34 times, last saved epoch: 53.

2025-09-09 13:04:33,045 - INFO - Epoch 56, Train loss: 0.03577622026205063.
2025-09-09 13:04:33,935 - INFO - mIoU: 0.9519; OA: 0.982; AA: 0.9669; F1: 0.9751; Kappa: 0.9693;
2025-09-09 13:04:33,935 - INFO - spatial_LccAccuracy: 0.9182; spatial_PA: 0.9763; spatial_UA: 0.9885; spatial_F1: 0.9824
2025-09-09 13:04:33,935 - INFO - temporal_CdAccuracy: 0.7379; temporal_PA: 0.9509; temporal_UA: 0.9327; temporal_F1: 0.9417
2025-09-09 13:04:33,936 - INFO - Confusion Matrix
 [67896.	 1400.	    2.	   15.	   32.]
 [  492.	49875.	   36.	    3.	   61.]
 [    2.	  236.	 2405.	    0.	    0.]
 [    2.	   45.	    0.	 1305.	    0.]
 [    3.	   81.	    0.	    0.	10269.]
2025-09-09 13:04:33,937 - INFO - model saved 34 times, last saved epoch: 53.

2025-09-09 13:04:36,763 - INFO - Epoch 57, Train loss: 0.03513636067509651.
2025-09-09 13:04:37,588 - INFO - mIoU: 0.9582; OA: 0.983; AA: 0.9736; F1: 0.9785; Kappa: 0.9709;
2025-09-09 13:04:37,588 - INFO - spatial_LccAccuracy: 0.924; spatial_PA: 0.9892; spatial_UA: 0.9913; spatial_F1: 0.9902
2025-09-09 13:04:37,589 - INFO - temporal_CdAccuracy: 0.746; temporal_PA: 0.9571; temporal_UA: 0.9355; temporal_F1: 0.9462
2025-09-09 13:04:37,589 - INFO - Confusion Matrix
 [68058.	 1278.	    2.	    4.	    3.]
 [  557.	49788.	   77.	    7.	   38.]
 [    2.	  150.	 2491.	    0.	    0.]
 [   17.	   24.	    0.	 1311.	    0.]
 [   33.	   95.	    0.	    0.	10225.]
2025-09-09 13:04:37,631 - INFO - Epoch 57 saved.
2025-09-09 13:04:37,632 - INFO - model saved 35 times, last saved epoch: 57.

2025-09-09 13:04:40,393 - INFO - Epoch 58, Train loss: 0.03471195325255394.
2025-09-09 13:04:41,188 - INFO - mIoU: 0.9404; OA: 0.9824; AA: 0.973; F1: 0.9689; Kappa: 0.9699;
2025-09-09 13:04:41,188 - INFO - spatial_LccAccuracy: 0.9128; spatial_PA: 0.979; spatial_UA: 0.9883; spatial_F1: 0.9837
2025-09-09 13:04:41,188 - INFO - temporal_CdAccuracy: 0.7451; temporal_PA: 0.9537; temporal_UA: 0.94; temporal_F1: 0.9468
2025-09-09 13:04:41,189 - INFO - Confusion Matrix
 [68718.	  615.	    1.	   11.	    0.]
 [ 1160.	49036.	   45.	  152.	   74.]
 [    3.	  214.	 2426.	    0.	    0.]
 [   11.	    0.	    0.	 1341.	    0.]
 [   36.	   41.	    0.	    0.	10276.]
2025-09-09 13:04:41,190 - INFO - model saved 35 times, last saved epoch: 57.

2025-09-09 13:04:43,942 - INFO - Epoch 59, Train loss: 0.033510614186525345.
2025-09-09 13:04:44,738 - INFO - mIoU: 0.9528; OA: 0.9827; AA: 0.9726; F1: 0.9756; Kappa: 0.9704;
2025-09-09 13:04:44,738 - INFO - spatial_LccAccuracy: 0.9199; spatial_PA: 0.984; spatial_UA: 0.9926; spatial_F1: 0.9883
2025-09-09 13:04:44,739 - INFO - temporal_CdAccuracy: 0.7513; temporal_PA: 0.9401; temporal_UA: 0.9393; temporal_F1: 0.9397
2025-09-09 13:04:44,739 - INFO - Confusion Matrix
 [68221.	 1087.	    1.	   27.	    9.]
 [  722.	49632.	   48.	   31.	   34.]
 [    2.	  224.	 2417.	    0.	    0.]
 [    3.	    5.	    0.	 1344.	    0.]
 [   12.	  121.	    0.	    0.	10220.]
2025-09-09 13:04:44,741 - INFO - model saved 35 times, last saved epoch: 57.

2025-09-09 13:04:47,611 - INFO - Epoch 60, Train loss: 0.03395390883088112.
2025-09-09 13:04:48,440 - INFO - mIoU: 0.9593; OA: 0.9837; AA: 0.975; F1: 0.979; Kappa: 0.972;
2025-09-09 13:04:48,441 - INFO - spatial_LccAccuracy: 0.9289; spatial_PA: 0.9834; spatial_UA: 0.9906; spatial_F1: 0.987
2025-09-09 13:04:48,441 - INFO - temporal_CdAccuracy: 0.7473; temporal_PA: 0.9532; temporal_UA: 0.9401; temporal_F1: 0.9466
2025-09-09 13:04:48,442 - INFO - Confusion Matrix
 [68840.	  495.	    1.	    8.	    1.]
 [ 1268.	49039.	   82.	    8.	   70.]
 [    3.	  167.	 2473.	    0.	    0.]
 [   12.	   14.	    0.	 1326.	    0.]
 [   19.	   42.	    0.	    0.	10292.]
2025-09-09 13:04:48,483 - INFO - Epoch 60 saved.
2025-09-09 13:04:48,483 - INFO - model saved 36 times, last saved epoch: 60.

2025-09-09 13:04:51,214 - INFO - Epoch 61, Train loss: 0.033278003334999084.
2025-09-09 13:04:52,058 - INFO - mIoU: 0.9471; OA: 0.9833; AA: 0.9624; F1: 0.9724; Kappa: 0.9715;
2025-09-09 13:04:52,058 - INFO - spatial_LccAccuracy: 0.9186; spatial_PA: 0.9825; spatial_UA: 0.9875; spatial_F1: 0.985
2025-09-09 13:04:52,058 - INFO - temporal_CdAccuracy: 0.7482; temporal_PA: 0.9534; temporal_UA: 0.9419; temporal_F1: 0.9476
2025-09-09 13:04:52,058 - INFO - Confusion Matrix
 [68598.	  740.	    0.	    7.	    0.]
 [  826.	49537.	   24.	   33.	   47.]
 [    3.	  329.	 2311.	    0.	    0.]
 [   17.	    1.	    0.	 1334.	    0.]
 [  104.	  103.	    0.	    0.	10146.]
2025-09-09 13:04:52,059 - INFO - model saved 36 times, last saved epoch: 60.

2025-09-09 13:04:54,780 - INFO - Epoch 62, Train loss: 0.033200453966856.
2025-09-09 13:04:55,619 - INFO - mIoU: 0.9565; OA: 0.9839; AA: 0.9805; F1: 0.9776; Kappa: 0.9725;
2025-09-09 13:04:55,619 - INFO - spatial_LccAccuracy: 0.9208; spatial_PA: 0.988; spatial_UA: 0.9938; spatial_F1: 0.9909
2025-09-09 13:04:55,619 - INFO - temporal_CdAccuracy: 0.746; temporal_PA: 0.9557; temporal_UA: 0.9367; temporal_F1: 0.9461
2025-09-09 13:04:55,620 - INFO - Confusion Matrix
 [68351.	  957.	    3.	   10.	   24.]
 [  720.	49527.	  116.	   44.	   60.]
 [    2.	  125.	 2516.	    0.	    0.]
 [    9.	    2.	    0.	 1341.	    0.]
 [    2.	   86.	    0.	    0.	10265.]
2025-09-09 13:04:55,621 - INFO - model saved 36 times, last saved epoch: 60.

2025-09-09 13:04:58,438 - INFO - Epoch 63, Train loss: 0.03223540633916855.
2025-09-09 13:04:59,304 - INFO - mIoU: 0.9519; OA: 0.9833; AA: 0.9646; F1: 0.9752; Kappa: 0.9715;
2025-09-09 13:04:59,304 - INFO - spatial_LccAccuracy: 0.9249; spatial_PA: 0.9876; spatial_UA: 0.989; spatial_F1: 0.9883
2025-09-09 13:04:59,304 - INFO - temporal_CdAccuracy: 0.7513; temporal_PA: 0.9521; temporal_UA: 0.9429; temporal_F1: 0.9475
2025-09-09 13:04:59,305 - INFO - Confusion Matrix
 [68272.	 1068.	    1.	    4.	    0.]
 [  622.	49764.	   53.	    3.	   25.]
 [    4.	  196.	 2443.	    0.	    0.]
 [   27.	   46.	    0.	 1279.	    0.]
 [   39.	  148.	    0.	    0.	10166.]
2025-09-09 13:04:59,306 - INFO - model saved 36 times, last saved epoch: 60.

2025-09-09 13:05:02,080 - INFO - Epoch 64, Train loss: 0.03144128993153572.
2025-09-09 13:05:02,879 - INFO - mIoU: 0.9609; OA: 0.9848; AA: 0.9778; F1: 0.9799; Kappa: 0.9741;
2025-09-09 13:05:02,880 - INFO - spatial_LccAccuracy: 0.932; spatial_PA: 0.9858; spatial_UA: 0.9894; spatial_F1: 0.9876
2025-09-09 13:05:02,880 - INFO - temporal_CdAccuracy: 0.7554; temporal_PA: 0.9572; temporal_UA: 0.9458; temporal_F1: 0.9515
2025-09-09 13:05:02,881 - INFO - Confusion Matrix
 [68452.	  884.	    1.	    6.	    2.]
 [  741.	49558.	   80.	   20.	   68.]
 [    2.	  154.	 2487.	    0.	    0.]
 [   15.	    6.	    0.	 1331.	    0.]
 [   18.	   39.	    0.	    0.	10296.]
2025-09-09 13:05:02,922 - INFO - Epoch 64 saved.
2025-09-09 13:05:02,922 - INFO - model saved 37 times, last saved epoch: 64.

2025-09-09 13:05:05,756 - INFO - Epoch 65, Train loss: 0.030476484447717667.
2025-09-09 13:05:06,591 - INFO - mIoU: 0.9622; OA: 0.9847; AA: 0.9775; F1: 0.9806; Kappa: 0.9739;
2025-09-09 13:05:06,591 - INFO - spatial_LccAccuracy: 0.9267; spatial_PA: 0.9803; spatial_UA: 0.9897; spatial_F1: 0.985
2025-09-09 13:05:06,591 - INFO - temporal_CdAccuracy: 0.7554; temporal_PA: 0.9557; temporal_UA: 0.9471; temporal_F1: 0.9514
2025-09-09 13:05:06,592 - INFO - Confusion Matrix
 [68491.	  840.	    2.	   10.	    2.]
 [  799.	49540.	   69.	   10.	   49.]
 [    2.	  154.	 2487.	    0.	    0.]
 [    6.	   13.	    0.	 1333.	    0.]
 [   22.	   71.	    0.	    0.	10260.]
2025-09-09 13:05:06,633 - INFO - Epoch 65 saved.
2025-09-09 13:05:06,634 - INFO - model saved 38 times, last saved epoch: 65.

2025-09-09 13:05:09,406 - INFO - Epoch 66, Train loss: 0.029936181381344795.
2025-09-09 13:05:10,278 - INFO - mIoU: 0.9597; OA: 0.9846; AA: 0.9733; F1: 0.9793; Kappa: 0.9736;
2025-09-09 13:05:10,278 - INFO - spatial_LccAccuracy: 0.9307; spatial_PA: 0.9796; spatial_UA: 0.9904; spatial_F1: 0.985
2025-09-09 13:05:10,279 - INFO - temporal_CdAccuracy: 0.7518; temporal_PA: 0.9656; temporal_UA: 0.9459; temporal_F1: 0.9556
2025-09-09 13:05:10,279 - INFO - Confusion Matrix
 [68781.	  552.	    2.	    8.	    2.]
 [ 1090.	49227.	   59.	    3.	   88.]
 [    2.	  177.	 2464.	    0.	    0.]
 [    6.	   32.	    0.	 1314.	    0.]
 [   24.	   25.	    0.	    0.	10304.]
2025-09-09 13:05:10,281 - INFO - model saved 38 times, last saved epoch: 65.

2025-09-09 13:05:13,172 - INFO - Epoch 67, Train loss: 0.03066396899521351.
2025-09-09 13:05:14,048 - INFO - mIoU: 0.9616; OA: 0.9852; AA: 0.979; F1: 0.9803; Kappa: 0.9747;
2025-09-09 13:05:14,048 - INFO - spatial_LccAccuracy: 0.932; spatial_PA: 0.9834; spatial_UA: 0.9906; spatial_F1: 0.987
2025-09-09 13:05:14,048 - INFO - temporal_CdAccuracy: 0.7522; temporal_PA: 0.9619; temporal_UA: 0.9454; temporal_F1: 0.9536
2025-09-09 13:05:14,049 - INFO - Confusion Matrix
 [68811.	  521.	    2.	    4.	    7.]
 [ 1047.	49198.	  119.	    6.	   97.]
 [    3.	  116.	 2524.	    0.	    0.]
 [   19.	   14.	    0.	 1319.	    0.]
 [   10.	   19.	    0.	    0.	10324.]
2025-09-09 13:05:14,050 - INFO - model saved 38 times, last saved epoch: 65.

2025-09-09 13:05:17,006 - INFO - Epoch 68, Train loss: 0.029397692531347275.
2025-09-09 13:05:17,876 - INFO - mIoU: 0.9553; OA: 0.984; AA: 0.9771; F1: 0.9769; Kappa: 0.9725;
2025-09-09 13:05:17,877 - INFO - spatial_LccAccuracy: 0.9249; spatial_PA: 0.9827; spatial_UA: 0.9913; spatial_F1: 0.987
2025-09-09 13:05:17,877 - INFO - temporal_CdAccuracy: 0.7411; temporal_PA: 0.9609; temporal_UA: 0.9368; temporal_F1: 0.9487
2025-09-09 13:05:17,878 - INFO - Confusion Matrix
 [68685.	  634.	    1.	   22.	    3.]
 [ 1059.	49216.	   69.	   43.	   80.]
 [    4.	  171.	 2468.	    0.	    0.]
 [    5.	    7.	    0.	 1340.	    0.]
 [   21.	   34.	    0.	    0.	10298.]
2025-09-09 13:05:17,879 - INFO - model saved 38 times, last saved epoch: 65.

2025-09-09 13:05:20,633 - INFO - Epoch 69, Train loss: 0.028928885236382484.
2025-09-09 13:05:21,492 - INFO - mIoU: 0.9616; OA: 0.9848; AA: 0.9764; F1: 0.9803; Kappa: 0.9741;
2025-09-09 13:05:21,492 - INFO - spatial_LccAccuracy: 0.9293; spatial_PA: 0.9814; spatial_UA: 0.99; spatial_F1: 0.9856
2025-09-09 13:05:21,492 - INFO - temporal_CdAccuracy: 0.7482; temporal_PA: 0.9591; temporal_UA: 0.9379; temporal_F1: 0.9484
2025-09-09 13:05:21,493 - INFO - Confusion Matrix
 [68338.	  978.	    2.	    6.	   21.]
 [  636.	49684.	   75.	    3.	   69.]
 [    2.	  153.	 2488.	    0.	    0.]
 [   12.	   20.	    0.	 1320.	    0.]
 [    4.	   55.	    0.	    0.	10294.]
2025-09-09 13:05:21,494 - INFO - model saved 38 times, last saved epoch: 65.

2025-09-09 13:05:24,276 - INFO - Epoch 70, Train loss: 0.029110923409461975.
2025-09-09 13:05:25,077 - INFO - mIoU: 0.9605; OA: 0.9841; AA: 0.9755; F1: 0.9797; Kappa: 0.9729;
2025-09-09 13:05:25,078 - INFO - spatial_LccAccuracy: 0.9275; spatial_PA: 0.9871; spatial_UA: 0.9907; spatial_F1: 0.9889
2025-09-09 13:05:25,078 - INFO - temporal_CdAccuracy: 0.7504; temporal_PA: 0.958; temporal_UA: 0.9412; temporal_F1: 0.9496
2025-09-09 13:05:25,079 - INFO - Confusion Matrix
 [68116.	 1214.	    2.	   12.	    1.]
 [  464.	49884.	   65.	    4.	   50.]
 [    2.	  164.	 2477.	    0.	    0.]
 [    5.	   20.	    0.	 1327.	    0.]
 [   36.	   88.	    0.	    0.	10229.]
2025-09-09 13:05:25,080 - INFO - model saved 38 times, last saved epoch: 65.

2025-09-09 13:05:27,825 - INFO - Epoch 71, Train loss: 0.028226839378476143.
2025-09-09 13:05:28,673 - INFO - mIoU: 0.9565; OA: 0.9847; AA: 0.9699; F1: 0.9776; Kappa: 0.9738;
2025-09-09 13:05:28,673 - INFO - spatial_LccAccuracy: 0.9267; spatial_PA: 0.9838; spatial_UA: 0.9888; spatial_F1: 0.9863
2025-09-09 13:05:28,674 - INFO - temporal_CdAccuracy: 0.754; temporal_PA: 0.9612; temporal_UA: 0.9474; temporal_F1: 0.9542
2025-09-09 13:05:28,674 - INFO - Confusion Matrix
 [68544.	  792.	    1.	    5.	    3.]
 [  793.	49552.	   68.	    3.	   51.]
 [    3.	  169.	 2471.	    0.	    0.]
 [   20.	   42.	    0.	 1290.	    0.]
 [   29.	   73.	    0.	    0.	10251.]
2025-09-09 13:05:28,676 - INFO - model saved 38 times, last saved epoch: 65.

2025-09-09 13:05:31,463 - INFO - Epoch 72, Train loss: 0.027246925979852676.
2025-09-09 13:05:32,286 - INFO - mIoU: 0.9567; OA: 0.9842; AA: 0.981; F1: 0.9777; Kappa: 0.973;
2025-09-09 13:05:32,287 - INFO - spatial_LccAccuracy: 0.9226; spatial_PA: 0.9857; spatial_UA: 0.9922; spatial_F1: 0.9889
2025-09-09 13:05:32,287 - INFO - temporal_CdAccuracy: 0.746; temporal_PA: 0.9622; temporal_UA: 0.9382; temporal_F1: 0.9501
2025-09-09 13:05:32,288 - INFO - Confusion Matrix
 [68620.	  701.	    1.	   16.	    7.]
 [  959.	49294.	   91.	   59.	   64.]
 [    3.	  125.	 2515.	    0.	    0.]
 [    3.	    3.	    0.	 1346.	    0.]
 [   19.	   66.	    0.	    0.	10268.]
2025-09-09 13:05:32,289 - INFO - model saved 38 times, last saved epoch: 65.

2025-09-09 13:05:35,059 - INFO - Epoch 73, Train loss: 0.027352599427103996.
2025-09-09 13:05:35,913 - INFO - mIoU: 0.9603; OA: 0.9848; AA: 0.9734; F1: 0.9796; Kappa: 0.974;
2025-09-09 13:05:35,913 - INFO - spatial_LccAccuracy: 0.9275; spatial_PA: 0.9821; spatial_UA: 0.9892; spatial_F1: 0.9856
2025-09-09 13:05:35,913 - INFO - temporal_CdAccuracy: 0.7504; temporal_PA: 0.9606; temporal_UA: 0.9459; temporal_F1: 0.9532
2025-09-09 13:05:35,914 - INFO - Confusion Matrix
 [68816.	  521.	    2.	    5.	    1.]
 [ 1065.	49269.	   62.	    4.	   67.]
 [    2.	  179.	 2462.	    0.	    0.]
 [   18.	   15.	    0.	 1319.	    0.]
 [   35.	   57.	    0.	    0.	10261.]
2025-09-09 13:05:35,915 - INFO - model saved 38 times, last saved epoch: 65.

2025-09-09 13:05:38,629 - INFO - Epoch 74, Train loss: 0.02650371566414833.
2025-09-09 13:05:39,518 - INFO - mIoU: 0.9643; OA: 0.9857; AA: 0.9805; F1: 0.9817; Kappa: 0.9756;
2025-09-09 13:05:39,518 - INFO - spatial_LccAccuracy: 0.9396; spatial_PA: 0.988; spatial_UA: 0.9938; spatial_F1: 0.9909
2025-09-09 13:05:39,519 - INFO - temporal_CdAccuracy: 0.7594; temporal_PA: 0.9608; temporal_UA: 0.9487; temporal_F1: 0.9547
2025-09-09 13:05:39,520 - INFO - Confusion Matrix
 [68556.	  764.	    1.	    6.	   18.]
 [  749.	49524.	   85.	   10.	   99.]
 [    3.	  133.	 2507.	    0.	    0.]
 [    9.	    9.	    0.	 1334.	    0.]
 [    5.	   21.	    0.	    0.	10327.]
2025-09-09 13:05:39,561 - INFO - Epoch 74 saved.
2025-09-09 13:05:39,562 - INFO - model saved 39 times, last saved epoch: 74.

2025-09-09 13:05:42,295 - INFO - Epoch 75, Train loss: 0.025871872901916504.
2025-09-09 13:05:43,126 - INFO - mIoU: 0.9635; OA: 0.9859; AA: 0.9786; F1: 0.9813; Kappa: 0.9759;
2025-09-09 13:05:43,126 - INFO - spatial_LccAccuracy: 0.9334; spatial_PA: 0.9824; spatial_UA: 0.9903; spatial_F1: 0.9863
2025-09-09 13:05:43,126 - INFO - temporal_CdAccuracy: 0.7616; temporal_PA: 0.9609; temporal_UA: 0.9536; temporal_F1: 0.9573
2025-09-09 13:05:43,127 - INFO - Confusion Matrix
 [68685.	  652.	    1.	    6.	    1.]
 [  835.	49447.	   83.	    6.	   96.]
 [    3.	  132.	 2508.	    0.	    0.]
 [   12.	   17.	    0.	 1323.	    0.]
 [   31.	   19.	    0.	    0.	10303.]
2025-09-09 13:05:43,128 - INFO - model saved 39 times, last saved epoch: 74.

2025-09-09 13:05:45,911 - INFO - Epoch 76, Train loss: 0.026853367686271667.
2025-09-09 13:05:46,757 - INFO - mIoU: 0.9608; OA: 0.9849; AA: 0.9743; F1: 0.9798; Kappa: 0.9741;
2025-09-09 13:05:46,758 - INFO - spatial_LccAccuracy: 0.9311; spatial_PA: 0.9848; spatial_UA: 0.9891; spatial_F1: 0.987
2025-09-09 13:05:46,758 - INFO - temporal_CdAccuracy: 0.7545; temporal_PA: 0.957; temporal_UA: 0.9432; temporal_F1: 0.95
2025-09-09 13:05:46,759 - INFO - Confusion Matrix
 [68466.	  871.	    1.	    7.	    0.]
 [  703.	49664.	   72.	    3.	   25.]
 [    5.	  153.	 2485.	    0.	    0.]
 [   16.	   18.	    0.	 1318.	    0.]
 [   61.	   95.	    0.	    0.	10197.]
2025-09-09 13:05:46,760 - INFO - model saved 39 times, last saved epoch: 74.

2025-09-09 13:05:49,586 - INFO - Epoch 77, Train loss: 0.025873729959130287.
2025-09-09 13:05:50,467 - INFO - mIoU: 0.9633; OA: 0.9849; AA: 0.9783; F1: 0.9811; Kappa: 0.9743;
2025-09-09 13:05:50,467 - INFO - spatial_LccAccuracy: 0.9316; spatial_PA: 0.985; spatial_UA: 0.9929; spatial_F1: 0.9889
2025-09-09 13:05:50,467 - INFO - temporal_CdAccuracy: 0.7482; temporal_PA: 0.9603; temporal_UA: 0.9423; temporal_F1: 0.9512
2025-09-09 13:05:50,468 - INFO - Confusion Matrix
 [68501.	  826.	    1.	   10.	    7.]
 [  807.	49514.	   62.	   10.	   74.]
 [    2.	  164.	 2477.	    0.	    0.]
 [    6.	    8.	    0.	 1338.	    0.]
 [    7.	   36.	    0.	    0.	10310.]
2025-09-09 13:05:50,469 - INFO - model saved 39 times, last saved epoch: 74.

2025-09-09 13:05:53,325 - INFO - Epoch 78, Train loss: 0.02583669126033783.
2025-09-09 13:05:54,196 - INFO - mIoU: 0.9563; OA: 0.9841; AA: 0.9744; F1: 0.9774; Kappa: 0.9728;
2025-09-09 13:05:54,196 - INFO - spatial_LccAccuracy: 0.9235; spatial_PA: 0.9838; spatial_UA: 0.9888; spatial_F1: 0.9863
2025-09-09 13:05:54,196 - INFO - temporal_CdAccuracy: 0.7491; temporal_PA: 0.9621; temporal_UA: 0.9408; temporal_F1: 0.9514
2025-09-09 13:05:54,197 - INFO - Confusion Matrix
 [68771.	  559.	    0.	    4.	   11.]
 [ 1115.	49162.	   53.	   40.	   97.]
 [    6.	  204.	 2433.	    0.	    0.]
 [   15.	    1.	    0.	 1336.	    0.]
 [    6.	   22.	    0.	    0.	10325.]
2025-09-09 13:05:54,198 - INFO - model saved 39 times, last saved epoch: 74.

2025-09-09 13:05:56,976 - INFO - Epoch 79, Train loss: 0.025287585332989693.
2025-09-09 13:05:57,830 - INFO - mIoU: 0.9614; OA: 0.9849; AA: 0.9743; F1: 0.9801; Kappa: 0.9742;
2025-09-09 13:05:57,830 - INFO - spatial_LccAccuracy: 0.9307; spatial_PA: 0.9854; spatial_UA: 0.9911; spatial_F1: 0.9883
2025-09-09 13:05:57,830 - INFO - temporal_CdAccuracy: 0.7603; temporal_PA: 0.959; temporal_UA: 0.9501; temporal_F1: 0.9545
2025-09-09 13:05:57,831 - INFO - Confusion Matrix
 [68392.	  945.	    2.	    5.	    1.]
 [  670.	49689.	   61.	    3.	   44.]
 [    2.	  171.	 2470.	    0.	    0.]
 [   12.	   22.	    0.	 1318.	    0.]
 [   31.	   58.	    0.	    0.	10264.]
2025-09-09 13:05:57,832 - INFO - model saved 39 times, last saved epoch: 74.

2025-09-09 13:06:00,565 - INFO - Epoch 80, Train loss: 0.02350253239274025.
2025-09-09 13:06:01,448 - INFO - mIoU: 0.9622; OA: 0.9847; AA: 0.9775; F1: 0.9806; Kappa: 0.9739;
2025-09-09 13:06:01,448 - INFO - spatial_LccAccuracy: 0.9284; spatial_PA: 0.9911; spatial_UA: 0.9882; spatial_F1: 0.9896
2025-09-09 13:06:01,448 - INFO - temporal_CdAccuracy: 0.7549; temporal_PA: 0.9548; temporal_UA: 0.9468; temporal_F1: 0.9508
2025-09-09 13:06:01,449 - INFO - Confusion Matrix
 [68124.	 1193.	    2.	   11.	   15.]
 [  470.	49855.	   70.	    3.	   69.]
 [    2.	  159.	 2482.	    0.	    0.]
 [    7.	   18.	    0.	 1327.	    0.]
 [    5.	   30.	    0.	    0.	10318.]
2025-09-09 13:06:01,450 - INFO - model saved 39 times, last saved epoch: 74.

2025-09-09 13:06:04,196 - INFO - Epoch 81, Train loss: 0.02402789518237114.
2025-09-09 13:06:05,049 - INFO - mIoU: 0.9599; OA: 0.9846; AA: 0.9757; F1: 0.9794; Kappa: 0.9737;
2025-09-09 13:06:05,049 - INFO - spatial_LccAccuracy: 0.9307; spatial_PA: 0.9854; spatial_UA: 0.9911; spatial_F1: 0.9883
2025-09-09 13:06:05,049 - INFO - temporal_CdAccuracy: 0.7549; temporal_PA: 0.9622; temporal_UA: 0.9454; temporal_F1: 0.9538
2025-09-09 13:06:05,050 - INFO - Confusion Matrix
 [68594.	  693.	    1.	    5.	   52.]
 [  866.	49362.	   63.	    4.	  172.]
 [    3.	  172.	 2468.	    0.	    0.]
 [   11.	   19.	    0.	 1322.	    0.]
 [    0.	    4.	    0.	    0.	10349.]
2025-09-09 13:06:05,051 - INFO - model saved 39 times, last saved epoch: 74.

2025-09-09 13:06:07,775 - INFO - Epoch 82, Train loss: 0.0239059180021286.
2025-09-09 13:06:08,609 - INFO - mIoU: 0.9623; OA: 0.9847; AA: 0.9763; F1: 0.9806; Kappa: 0.9739;
2025-09-09 13:06:08,609 - INFO - spatial_LccAccuracy: 0.9352; spatial_PA: 0.988; spatial_UA: 0.9873; spatial_F1: 0.9877
2025-09-09 13:06:08,609 - INFO - temporal_CdAccuracy: 0.7518; temporal_PA: 0.9606; temporal_UA: 0.9495; temporal_F1: 0.955
2025-09-09 13:06:08,610 - INFO - Confusion Matrix
 [68500.	  823.	    0.	    5.	   17.]
 [  823.	49506.	   54.	   10.	   74.]
 [    5.	  188.	 2450.	    0.	    0.]
 [   12.	    3.	    0.	 1337.	    0.]
 [    8.	   27.	    0.	    0.	10318.]
2025-09-09 13:06:08,611 - INFO - model saved 39 times, last saved epoch: 74.

2025-09-09 13:06:11,461 - INFO - Epoch 83, Train loss: 0.024051785469055176.
2025-09-09 13:06:12,292 - INFO - mIoU: 0.96; OA: 0.9847; AA: 0.9798; F1: 0.9794; Kappa: 0.9738;
2025-09-09 13:06:12,292 - INFO - spatial_LccAccuracy: 0.9293; spatial_PA: 0.986; spatial_UA: 0.9932; spatial_F1: 0.9896
2025-09-09 13:06:12,292 - INFO - temporal_CdAccuracy: 0.7594; temporal_PA: 0.9577; temporal_UA: 0.9513; temporal_F1: 0.9545
2025-09-09 13:06:12,293 - INFO - Confusion Matrix
 [68534.	  794.	    3.	   10.	    4.]
 [  836.	49451.	   81.	   36.	   63.]
 [    1.	  146.	 2496.	    0.	    0.]
 [    7.	    2.	    0.	 1343.	    0.]
 [   41.	   29.	    0.	    0.	10283.]
2025-09-09 13:06:12,294 - INFO - model saved 39 times, last saved epoch: 74.

2025-09-09 13:06:15,091 - INFO - Epoch 84, Train loss: 0.023067951202392578.
2025-09-09 13:06:15,947 - INFO - mIoU: 0.9619; OA: 0.9857; AA: 0.9746; F1: 0.9803; Kappa: 0.9755;
2025-09-09 13:06:15,947 - INFO - spatial_LccAccuracy: 0.936; spatial_PA: 0.9861; spatial_UA: 0.9904; spatial_F1: 0.9883
2025-09-09 13:06:15,947 - INFO - temporal_CdAccuracy: 0.7567; temporal_PA: 0.9652; temporal_UA: 0.9469; temporal_F1: 0.956
2025-09-09 13:06:15,948 - INFO - Confusion Matrix
 [68429.	  902.	    1.	    7.	    6.]
 [  619.	49742.	   51.	    6.	   49.]
 [    4.	  219.	 2420.	    0.	    0.]
 [    6.	    9.	    0.	 1337.	    0.]
 [    3.	   37.	    0.	    0.	10313.]
2025-09-09 13:06:15,950 - INFO - model saved 39 times, last saved epoch: 74.

2025-09-09 13:06:18,713 - INFO - Epoch 85, Train loss: 0.022663144394755363.
2025-09-09 13:06:19,590 - INFO - mIoU: 0.9617; OA: 0.9857; AA: 0.9742; F1: 0.9803; Kappa: 0.9755;
2025-09-09 13:06:19,591 - INFO - spatial_LccAccuracy: 0.932; spatial_PA: 0.9834; spatial_UA: 0.9906; spatial_F1: 0.987
2025-09-09 13:06:19,591 - INFO - temporal_CdAccuracy: 0.7487; temporal_PA: 0.9651; temporal_UA: 0.9425; temporal_F1: 0.9537
2025-09-09 13:06:19,592 - INFO - Confusion Matrix
 [68698.	  634.	    1.	    4.	    8.]
 [  885.	49440.	   57.	    3.	   82.]
 [    3.	  160.	 2480.	    0.	    0.]
 [   22.	   24.	    0.	 1306.	    0.]
 [   18.	   18.	    0.	    0.	10317.]
2025-09-09 13:06:19,593 - INFO - model saved 39 times, last saved epoch: 74.

2025-09-09 13:06:22,443 - INFO - Epoch 86, Train loss: 0.02166225016117096.
2025-09-09 13:06:23,233 - INFO - mIoU: 0.9632; OA: 0.9849; AA: 0.9771; F1: 0.9811; Kappa: 0.9742;
2025-09-09 13:06:23,233 - INFO - spatial_LccAccuracy: 0.9338; spatial_PA: 0.9827; spatial_UA: 0.9913; spatial_F1: 0.987
2025-09-09 13:06:23,234 - INFO - temporal_CdAccuracy: 0.7589; temporal_PA: 0.9594; temporal_UA: 0.9505; temporal_F1: 0.9549
2025-09-09 13:06:23,234 - INFO - Confusion Matrix
 [68610.	  712.	    2.	    6.	   15.]
 [  907.	49441.	   69.	    5.	   45.]
 [    2.	  160.	 2481.	    0.	    0.]
 [    7.	   13.	    0.	 1332.	    0.]
 [    8.	   69.	    0.	    0.	10276.]
2025-09-09 13:06:23,236 - INFO - model saved 39 times, last saved epoch: 74.

2025-09-09 13:06:25,989 - INFO - Epoch 87, Train loss: 0.022459784522652626.
2025-09-09 13:06:26,815 - INFO - mIoU: 0.9524; OA: 0.9851; AA: 0.9797; F1: 0.9754; Kappa: 0.9745;
2025-09-09 13:06:26,815 - INFO - spatial_LccAccuracy: 0.9325; spatial_PA: 0.9855; spatial_UA: 0.995; spatial_F1: 0.9902
2025-09-09 13:06:26,815 - INFO - temporal_CdAccuracy: 0.7585; temporal_PA: 0.9658; temporal_UA: 0.9456; temporal_F1: 0.9556
2025-09-09 13:06:26,816 - INFO - Confusion Matrix
 [68735.	  554.	    3.	   45.	    8.]
 [  965.	49297.	   68.	   67.	   70.]
 [    3.	  158.	 2482.	    0.	    0.]
 [    2.	    3.	    0.	 1347.	    0.]
 [   12.	   40.	    0.	    0.	10301.]
2025-09-09 13:06:26,817 - INFO - model saved 39 times, last saved epoch: 74.

2025-09-09 13:06:29,586 - INFO - Epoch 88, Train loss: 0.02152693271636963.
2025-09-09 13:06:30,397 - INFO - mIoU: 0.9496; OA: 0.9829; AA: 0.9625; F1: 0.9738; Kappa: 0.9708;
2025-09-09 13:06:30,397 - INFO - spatial_LccAccuracy: 0.9222; spatial_PA: 0.9906; spatial_UA: 0.9899; spatial_F1: 0.9903
2025-09-09 13:06:30,397 - INFO - temporal_CdAccuracy: 0.7558; temporal_PA: 0.9539; temporal_UA: 0.947; temporal_F1: 0.9504
2025-09-09 13:06:30,398 - INFO - Confusion Matrix
 [68190.	 1142.	    1.	    9.	    3.]
 [  532.	49872.	   39.	    3.	   21.]
 [    4.	  278.	 2361.	    0.	    0.]
 [    5.	   38.	    0.	 1309.	    0.]
 [   81.	  131.	    0.	    2.	10139.]
2025-09-09 13:06:30,399 - INFO - model saved 39 times, last saved epoch: 74.

2025-09-09 13:06:33,260 - INFO - Epoch 89, Train loss: 0.022309735417366028.
2025-09-09 13:06:34,115 - INFO - mIoU: 0.962; OA: 0.9854; AA: 0.9746; F1: 0.9804; Kappa: 0.975;
2025-09-09 13:06:34,115 - INFO - spatial_LccAccuracy: 0.9383; spatial_PA: 0.9824; spatial_UA: 0.9903; spatial_F1: 0.9863
2025-09-09 13:06:34,115 - INFO - temporal_CdAccuracy: 0.7589; temporal_PA: 0.9629; temporal_UA: 0.9504; temporal_F1: 0.9566
2025-09-09 13:06:34,116 - INFO - Confusion Matrix
 [68684.	  652.	    1.	    4.	    4.]
 [  900.	49430.	   58.	    3.	   76.]
 [    4.	  183.	 2456.	    0.	    0.]
 [   14.	   15.	    0.	 1323.	    0.]
 [   22.	   26.	    0.	    0.	10305.]
2025-09-09 13:06:34,117 - INFO - model saved 39 times, last saved epoch: 74.

2025-09-09 13:06:36,941 - INFO - Epoch 90, Train loss: 0.020659692585468292.
2025-09-09 13:06:37,837 - INFO - mIoU: 0.9595; OA: 0.9856; AA: 0.9714; F1: 0.979; Kappa: 0.9753;
2025-09-09 13:06:37,837 - INFO - spatial_LccAccuracy: 0.9365; spatial_PA: 0.9871; spatial_UA: 0.9907; spatial_F1: 0.9889
2025-09-09 13:06:37,838 - INFO - temporal_CdAccuracy: 0.7554; temporal_PA: 0.9676; temporal_UA: 0.9503; temporal_F1: 0.9588
2025-09-09 13:06:37,838 - INFO - Confusion Matrix
 [68547.	  794.	    0.	    4.	    0.]
 [  691.	49670.	   49.	    6.	   51.]
 [    3.	  227.	 2413.	    0.	    0.]
 [   11.	   17.	    0.	 1324.	    0.]
 [   37.	   44.	    0.	    0.	10272.]
2025-09-09 13:06:37,840 - INFO - model saved 39 times, last saved epoch: 74.

2025-09-09 13:06:40,647 - INFO - Epoch 91, Train loss: 0.019675010815262794.
2025-09-09 13:06:41,496 - INFO - mIoU: 0.9525; OA: 0.9827; AA: 0.9649; F1: 0.9754; Kappa: 0.9703;
2025-09-09 13:06:41,496 - INFO - spatial_LccAccuracy: 0.9164; spatial_PA: 0.986; spatial_UA: 0.9867; spatial_F1: 0.9863
2025-09-09 13:06:41,496 - INFO - temporal_CdAccuracy: 0.7496; temporal_PA: 0.9512; temporal_UA: 0.9379; temporal_F1: 0.9445
2025-09-09 13:06:41,497 - INFO - Confusion Matrix
 [68090.	 1246.	    1.	    4.	    4.]
 [  515.	49891.	   44.	    3.	   14.]
 [    2.	  249.	 2392.	    0.	    0.]
 [   13.	   30.	    0.	 1309.	    0.]
 [   26.	  175.	    0.	    0.	10152.]
2025-09-09 13:06:41,498 - INFO - model saved 39 times, last saved epoch: 74.

2025-09-09 13:06:44,241 - INFO - Epoch 92, Train loss: 0.021229885518550873.
2025-09-09 13:06:45,082 - INFO - mIoU: 0.9596; OA: 0.9853; AA: 0.9719; F1: 0.9791; Kappa: 0.9749;
2025-09-09 13:06:45,083 - INFO - spatial_LccAccuracy: 0.9374; spatial_PA: 0.9857; spatial_UA: 0.9922; spatial_F1: 0.9889
2025-09-09 13:06:45,083 - INFO - temporal_CdAccuracy: 0.7563; temporal_PA: 0.9649; temporal_UA: 0.9487; temporal_F1: 0.9567
2025-09-09 13:06:45,084 - INFO - Confusion Matrix
 [68693.	  643.	    1.	    8.	    0.]
 [  847.	49529.	   43.	    8.	   40.]
 [    3.	  230.	 2410.	    0.	    0.]
 [    6.	   10.	    0.	 1336.	    0.]
 [   54.	   76.	    0.	    0.	10223.]
2025-09-09 13:06:45,085 - INFO - model saved 39 times, last saved epoch: 74.

2025-09-09 13:06:47,948 - INFO - Epoch 93, Train loss: 0.01951008290052414.
2025-09-09 13:06:48,822 - INFO - mIoU: 0.9602; OA: 0.9852; AA: 0.9719; F1: 0.9794; Kappa: 0.9747;
2025-09-09 13:06:48,822 - INFO - spatial_LccAccuracy: 0.9356; spatial_PA: 0.9793; spatial_UA: 0.9894; spatial_F1: 0.9843
2025-09-09 13:06:48,822 - INFO - temporal_CdAccuracy: 0.754; temporal_PA: 0.9649; temporal_UA: 0.9488; temporal_F1: 0.9568
2025-09-09 13:06:48,823 - INFO - Confusion Matrix
 [68830.	  503.	    1.	    3.	    8.]
 [ 1046.	49281.	   40.	    4.	   96.]
 [    3.	  222.	 2418.	    0.	    0.]
 [   16.	   13.	    0.	 1323.	    0.]
 [    7.	   23.	    0.	    0.	10323.]
2025-09-09 13:06:48,824 - INFO - model saved 39 times, last saved epoch: 74.

2025-09-09 13:06:51,614 - INFO - Epoch 94, Train loss: 0.020580587908625603.
2025-09-09 13:06:52,404 - INFO - mIoU: 0.9535; OA: 0.9845; AA: 0.9716; F1: 0.9758; Kappa: 0.9735;
2025-09-09 13:06:52,404 - INFO - spatial_LccAccuracy: 0.9271; spatial_PA: 0.9829; spatial_UA: 0.9923; spatial_F1: 0.9876
2025-09-09 13:06:52,404 - INFO - temporal_CdAccuracy: 0.7581; temporal_PA: 0.96; temporal_UA: 0.9453; temporal_F1: 0.9526
2025-09-09 13:06:52,405 - INFO - Confusion Matrix
 [68351.	  946.	    2.	   32.	   14.]
 [  645.	49714.	   40.	   21.	   47.]
 [    2.	  271.	 2370.	    0.	    0.]
 [    3.	    3.	    0.	 1346.	    0.]
 [    1.	   49.	    0.	    0.	10303.]
2025-09-09 13:06:52,406 - INFO - model saved 39 times, last saved epoch: 74.

2025-09-09 13:06:55,238 - INFO - Epoch 95, Train loss: 0.018784765154123306.
2025-09-09 13:06:56,095 - INFO - mIoU: 0.9613; OA: 0.9849; AA: 0.9766; F1: 0.9801; Kappa: 0.9741;
2025-09-09 13:06:56,096 - INFO - spatial_LccAccuracy: 0.9329; spatial_PA: 0.9889; spatial_UA: 0.9903; spatial_F1: 0.9896
2025-09-09 13:06:56,096 - INFO - temporal_CdAccuracy: 0.7589; temporal_PA: 0.9582; temporal_UA: 0.9505; temporal_F1: 0.9544
2025-09-09 13:06:56,097 - INFO - Confusion Matrix
 [68552.	  763.	    2.	    6.	   22.]
 [  835.	49509.	   62.	   17.	   44.]
 [    2.	  177.	 2464.	    0.	    0.]
 [   11.	    3.	    0.	 1338.	    0.]
 [    3.	   84.	    0.	    0.	10266.]
2025-09-09 13:06:56,098 - INFO - model saved 39 times, last saved epoch: 74.

2025-09-09 13:06:58,910 - INFO - Epoch 96, Train loss: 0.018341664224863052.
2025-09-09 13:06:59,722 - INFO - mIoU: 0.953; OA: 0.985; AA: 0.9692; F1: 0.9756; Kappa: 0.9744;
2025-09-09 13:06:59,723 - INFO - spatial_LccAccuracy: 0.9271; spatial_PA: 0.9882; spatial_UA: 0.991; spatial_F1: 0.9896
2025-09-09 13:06:59,723 - INFO - temporal_CdAccuracy: 0.7603; temporal_PA: 0.9652; temporal_UA: 0.9466; temporal_F1: 0.9558
2025-09-09 13:06:59,724 - INFO - Confusion Matrix
 [68507.	  798.	    0.	   39.	    1.]
 [  698.	49674.	   45.	    3.	   47.]
 [    4.	  245.	 2394.	    0.	    0.]
 [    3.	   27.	    0.	 1322.	    0.]
 [   32.	   67.	    0.	    0.	10254.]
2025-09-09 13:06:59,725 - INFO - model saved 39 times, last saved epoch: 74.

2025-09-09 13:07:02,470 - INFO - Epoch 97, Train loss: 0.018540754914283752.
2025-09-09 13:07:03,304 - INFO - mIoU: 0.9476; OA: 0.9846; AA: 0.9614; F1: 0.9728; Kappa: 0.9736;
2025-09-09 13:07:03,304 - INFO - spatial_LccAccuracy: 0.9195; spatial_PA: 0.9834; spatial_UA: 0.9906; spatial_F1: 0.987
2025-09-09 13:07:03,304 - INFO - temporal_CdAccuracy: 0.7527; temporal_PA: 0.9614; temporal_UA: 0.9433; temporal_F1: 0.9523
2025-09-09 13:07:03,305 - INFO - Confusion Matrix
 [68710.	  616.	    1.	    9.	    9.]
 [  952.	49393.	   71.	    1.	   50.]
 [    4.	  153.	 2486.	    0.	    0.]
 [   20.	  110.	    0.	 1222.	    0.]
 [   32.	   40.	    0.	    0.	10281.]
2025-09-09 13:07:03,306 - INFO - model saved 39 times, last saved epoch: 74.

2025-09-09 13:07:06,119 - INFO - Epoch 98, Train loss: 0.017806649208068848.
2025-09-09 13:07:06,981 - INFO - mIoU: 0.9606; OA: 0.9852; AA: 0.9763; F1: 0.9798; Kappa: 0.9748;
2025-09-09 13:07:06,981 - INFO - spatial_LccAccuracy: 0.9374; spatial_PA: 0.9885; spatial_UA: 0.9857; spatial_F1: 0.9871
2025-09-09 13:07:06,981 - INFO - temporal_CdAccuracy: 0.7576; temporal_PA: 0.9628; temporal_UA: 0.9479; temporal_F1: 0.9553
2025-09-09 13:07:06,982 - INFO - Confusion Matrix
 [68395.	  925.	    1.	    5.	   19.]
 [  600.	49654.	   58.	   12.	  143.]
 [    4.	  173.	 2466.	    0.	    0.]
 [   25.	    3.	    0.	 1324.	    0.]
 [    4.	    9.	    0.	    0.	10340.]
2025-09-09 13:07:06,983 - INFO - model saved 39 times, last saved epoch: 74.

2025-09-09 13:07:09,785 - INFO - Epoch 99, Train loss: 0.0181579627096653.
2025-09-09 13:07:10,633 - INFO - mIoU: 0.9629; OA: 0.9861; AA: 0.977; F1: 0.9809; Kappa: 0.9762;
2025-09-09 13:07:10,634 - INFO - spatial_LccAccuracy: 0.9405; spatial_PA: 0.984; spatial_UA: 0.9926; spatial_F1: 0.9883
2025-09-09 13:07:10,634 - INFO - temporal_CdAccuracy: 0.7554; temporal_PA: 0.9671; temporal_UA: 0.947; temporal_F1: 0.9569
2025-09-09 13:07:10,635 - INFO - Confusion Matrix
 [68706.	  617.	    1.	    4.	   17.]
 [  821.	49478.	   55.	   13.	  100.]
 [    3.	  192.	 2448.	    0.	    0.]
 [   10.	    3.	    0.	 1339.	    0.]
 [    5.	   22.	    0.	    0.	10326.]
2025-09-09 13:07:10,636 - INFO - model saved 39 times, last saved epoch: 74.

2025-09-09 13:07:13,462 - INFO - Epoch 100, Train loss: 0.019082587212324142.
2025-09-09 13:07:14,318 - INFO - mIoU: 0.9622; OA: 0.9859; AA: 0.975; F1: 0.9806; Kappa: 0.9758;
2025-09-09 13:07:14,318 - INFO - spatial_LccAccuracy: 0.9436; spatial_PA: 0.9909; spatial_UA: 0.9909; spatial_F1: 0.9909
2025-09-09 13:07:14,319 - INFO - temporal_CdAccuracy: 0.7634; temporal_PA: 0.9611; temporal_UA: 0.9548; temporal_F1: 0.958
2025-09-09 13:07:14,319 - INFO - Confusion Matrix
 [68354.	  959.	    1.	    4.	   27.]
 [  525.	49832.	   60.	    3.	   47.]
 [    4.	  169.	 2470.	    0.	    0.]
 [   12.	   24.	    0.	 1316.	    0.]
 [    0.	   63.	    0.	    0.	10290.]
2025-09-09 13:07:14,320 - INFO - model saved 39 times, last saved epoch: 74.

2025-09-09 13:07:17,221 - INFO - Epoch 101, Train loss: 0.017292488366365433.
2025-09-09 13:07:18,112 - INFO - mIoU: 0.9653; OA: 0.9863; AA: 0.9786; F1: 0.9822; Kappa: 0.9766;
2025-09-09 13:07:18,112 - INFO - spatial_LccAccuracy: 0.941; spatial_PA: 0.9854; spatial_UA: 0.9911; spatial_F1: 0.9883
2025-09-09 13:07:18,113 - INFO - temporal_CdAccuracy: 0.7648; temporal_PA: 0.9661; temporal_UA: 0.9512; temporal_F1: 0.9586
2025-09-09 13:07:18,113 - INFO - Confusion Matrix
 [68515.	  821.	    2.	    4.	    3.]
 [  638.	49709.	   79.	    3.	   38.]
 [    2.	  143.	 2498.	    0.	    0.]
 [    8.	   16.	    0.	 1328.	    0.]
 [   20.	   59.	    0.	    0.	10274.]
2025-09-09 13:07:18,156 - INFO - Epoch 101 saved.
2025-09-09 13:07:18,156 - INFO - model saved 40 times, last saved epoch: 101.

2025-09-09 13:07:20,947 - INFO - Epoch 102, Train loss: 0.01754658855497837.
2025-09-09 13:07:21,754 - INFO - mIoU: 0.9479; OA: 0.9843; AA: 0.9586; F1: 0.9724; Kappa: 0.9731;
2025-09-09 13:07:21,754 - INFO - spatial_LccAccuracy: 0.9289; spatial_PA: 0.9876; spatial_UA: 0.989; spatial_F1: 0.9883
2025-09-09 13:07:21,755 - INFO - temporal_CdAccuracy: 0.7549; temporal_PA: 0.9576; temporal_UA: 0.9548; temporal_F1: 0.9562
2025-09-09 13:07:21,755 - INFO - Confusion Matrix
 [68616.	  716.	    0.	    6.	    7.]
 [  820.	49572.	   21.	    4.	   50.]
 [    4.	  409.	 2230.	    0.	    0.]
 [   14.	   11.	    0.	 1327.	    0.]
 [    6.	   36.	    0.	    0.	10311.]
2025-09-09 13:07:21,756 - INFO - model saved 40 times, last saved epoch: 101.

2025-09-09 13:07:24,534 - INFO - Epoch 103, Train loss: 0.01696610450744629.
2025-09-09 13:07:25,401 - INFO - mIoU: 0.9636; OA: 0.986; AA: 0.9785; F1: 0.9813; Kappa: 0.9761;
2025-09-09 13:07:25,401 - INFO - spatial_LccAccuracy: 0.9401; spatial_PA: 0.9854; spatial_UA: 0.9911; spatial_F1: 0.9883
2025-09-09 13:07:25,401 - INFO - temporal_CdAccuracy: 0.7639; temporal_PA: 0.9622; temporal_UA: 0.9524; temporal_F1: 0.9573
2025-09-09 13:07:25,402 - INFO - Confusion Matrix
 [68584.	  737.	    2.	    9.	   13.]
 [  729.	49561.	   68.	    6.	  103.]
 [    3.	  171.	 2469.	    0.	    0.]
 [    8.	    7.	    0.	 1337.	    0.]
 [    4.	   15.	    0.	    0.	10334.]
2025-09-09 13:07:25,403 - INFO - model saved 40 times, last saved epoch: 101.

2025-09-09 13:07:28,355 - INFO - Epoch 104, Train loss: 0.015926634892821312.
2025-09-09 13:07:29,218 - INFO - mIoU: 0.9642; OA: 0.9862; AA: 0.9778; F1: 0.9816; Kappa: 0.9764;
2025-09-09 13:07:29,218 - INFO - spatial_LccAccuracy: 0.9378; spatial_PA: 0.9841; spatial_UA: 0.9898; spatial_F1: 0.987
2025-09-09 13:07:29,218 - INFO - temporal_CdAccuracy: 0.7594; temporal_PA: 0.9622; temporal_UA: 0.9528; temporal_F1: 0.9575
2025-09-09 13:07:29,218 - INFO - Confusion Matrix
 [68561.	  764.	    1.	    4.	   15.]
 [  720.	49609.	   78.	    3.	   57.]
 [    3.	  137.	 2503.	    0.	    0.]
 [   18.	   17.	    0.	 1317.	    0.]
 [    4.	   34.	    0.	    0.	10315.]
2025-09-09 13:07:29,219 - INFO - model saved 40 times, last saved epoch: 101.

2025-09-09 13:07:31,990 - INFO - Epoch 105, Train loss: 0.01692548580467701.
2025-09-09 13:07:32,832 - INFO - mIoU: 0.9605; OA: 0.9859; AA: 0.9805; F1: 0.9797; Kappa: 0.9758;
2025-09-09 13:07:32,832 - INFO - spatial_LccAccuracy: 0.9347; spatial_PA: 0.987; spatial_UA: 0.9935; spatial_F1: 0.9902
2025-09-09 13:07:32,833 - INFO - temporal_CdAccuracy: 0.7589; temporal_PA: 0.9626; temporal_UA: 0.9513; temporal_F1: 0.9569
2025-09-09 13:07:32,833 - INFO - Confusion Matrix
 [68660.	  653.	    4.	   14.	   14.]
 [  842.	49459.	   70.	   42.	   54.]
 [    2.	  156.	 2485.	    0.	    0.]
 [    3.	    3.	    0.	 1346.	    0.]
 [    2.	   36.	    0.	    0.	10315.]
2025-09-09 13:07:32,834 - INFO - model saved 40 times, last saved epoch: 101.

2025-09-09 13:07:35,797 - INFO - Epoch 106, Train loss: 0.01610676199197769.
2025-09-09 13:07:36,618 - INFO - mIoU: 0.9634; OA: 0.9859; AA: 0.9758; F1: 0.9812; Kappa: 0.9759;
2025-09-09 13:07:36,619 - INFO - spatial_LccAccuracy: 0.9352; spatial_PA: 0.9871; spatial_UA: 0.9907; spatial_F1: 0.9889
2025-09-09 13:07:36,619 - INFO - temporal_CdAccuracy: 0.7572; temporal_PA: 0.9644; temporal_UA: 0.9496; temporal_F1: 0.9569
2025-09-09 13:07:36,620 - INFO - Confusion Matrix
 [68727.	  612.	    1.	    4.	    1.]
 [  862.	49489.	   62.	    5.	   49.]
 [    3.	  171.	 2469.	    0.	    0.]
 [   15.	    9.	    0.	 1328.	    0.]
 [   44.	   49.	    0.	    0.	10260.]
2025-09-09 13:07:36,621 - INFO - model saved 40 times, last saved epoch: 101.

